3 0 33 35
3 216 282 45
3 296 188 265
3 180 32 291
3 167 166 248
3 168 146 20
3 116 230 196
3 34 36 223
3 85 128 266
3 54 53 106
3 108 244 31
3 75 102 255
3 249 204 242
3 87 65 12
3 275 179 238
3 110 28 78
3 164 172 199
3 41 284 141
3 80 185 250
3 212 241 152
3 7 217 264
3 161 40 292
3 99 202 182
3 184 271 59
3 134 121 155
3 103 82 145
3 127 239 55
3 294 68 289
3 148 14 51
3 72 222 67
3 88 243 115
3 162 64 104
3 13 157 176
3 4 254 192
3 159 295 43
3 8 50 142
3 136 207 71
3 95 111 154
3 260 258 280
3 259 122 228
3 286 158 288
3 203 26 252
3 290 236 215
3 24 268 100
3 62 11 30
3 133 298 297
3 210 86 17
3 246 27 206
3 92 89 256
3 276 209 120
3 299 253 126
3 273 237 66
3 137 170 262
3 58 197 47
3 220 160 279
3 227 177 251
3 193 3 272
3 107 117 97
3 105 61 1
3 15 114 233
3 156 23 37
3 60 163 293
3 218 195 231
3 150 109 143
3 171 191 186
3 125 140 229
3 56 73 94
3 74 22 240
3 44 48 135
3 144 42 69
3 285 6 194
3 129 147 123
3 21 269 270
3 187 190 189
3 18 76 178
3 63 101 49
3 38 10 46
3 225 25 278
3 19 70 208
3 213 283 84
3 200 131 153
3 224 83 151
3 39 119 257
3 57 90 149
3 91 235 52
3 198 287 9
3 277 201 77
3 261 81 173
3 113 93 132
3 245 5 211
3 263 138 247
3 79 16 274
3 267 205 169
3 281 112 175
3 214 124 130
3 232 118 183
3 226 98 2
3 29 139 165
2 174 181
2 96 219
