26 6520 8773 8397 1406 6498 2250 830 9469 6128 3418 1960 9228 6622 618 1682 4723 1818 6099 3397 2853 2588 3020 287 2120 5685 3518
25 9702 3321 1411 4520 6006 5541 2314 2796 2753 2054 2125 2532 37 3948 28 9998 3792 3884 185 7667 1462 5855 1837 231 9243
26 262 3696 3729 884 1272 3199 608 1168 560 2919 9912 7278 4486 4086 2350 6937 250 6335 2365 2744 6440 3369 5826 602 8479 8710
26 2735 1335 4493 1363 5218 1267 6863 7728 6352 1967 8857 4073 279 4045 4870 9170 5786 3497 1440 4972 7317 2743 8286 4083 2307 6350
23 7329 7013 9997 1735 369 601 1580 9871 7856 3057 7445 4190 859 5681 5524 5552 8314 2995 5316 3259 3744 5787 7655
26 2343 3654 6793 3294 8791 6985 102 6971 5040 115 1521 130 3356 9076 4095 9278 4075 8252 3919 1469 8377 2389 1903 308 3984 8577
26 7314 6412 4687 4836 8156 8968 5103 4806 9026 636 470 8656 2923 517 8307 6768 165 7786 781 2827 2816 4287 7839 2488 8113 4018
25 7028 2581 7376 6980 1489 8373 389 5492 3751 8812 9676 9331 4322 7107 6130 9726 4239 9389 6291 1249 3934 5273 2862 8942 840
26 2007 7399 9920 3635 7792 9890 5589 5941 775 8804 2206 3421 8383 2336 9428 9687 6641 6974 9467 2236 9413 9445 9502 2554 1841 9818
26 5317 1992 8020 8459 3602 7180 9419 1994 8037 7901 8444 6386 8814 5002 1402 9205 8313 1596 6010 4451 3481 5874 2703 2683 9198 8178
26 2693 3253 1013 5387 6836 2982 6694 1937 4175 4212 1700 2607 2452 6061 6114 3763 7511 3431 8887 6065 8441 7128 5395 9168 8706 557
26 7882 6822 423 7799 738 3605 8835 4380 3285 8638 2614 6156 8502 5527 6802 3387 9507 6254 8341 4847 9277 7137 3713 1941 3950 3514
26 5864 3167 1655 7230 4863 1024 2541 8992 8412 1341 5824 9134 3251 7547 2733 4234 1047 6934 1456 8982 1950 7826 9662 8636 2508 1805
26 1817 9231 580 8224 8486 4830 6 9171 6529 2938 8542 5537 9299 6253 4217 9725 3568 6928 1711 7093 3229 8592 1445 2318 2361 2203
26 7904 8890 8394 6752 8191 6886 8909 576 962 4559 7328 929 3805 4823 4487 7582 4216 764 8120 1703 5311 7300 8375 6997 9390 2208
26 4144 1178 4965 8774 2495 8040 85 9033 8615 7382 2737 7829 9740 8468 3645 9630 2636 6791 6790 5987 651 1262 6750 8740 2819 7036
26 1480 5027 245 8624 5113 1553 5211 4202 8597 4544 3450 6806 90 2911 5412 6679 8283 2793 504 2489 316 5077 7955 4951 5574 2456
26 6363 9752 7471 8967 2767 3615 8298 2461 5777 6772 3237 3099 5288 7629 6799 923 6063 8457 4562 7485 3587 480 981 4553 1576 8433
5 4898 3578 7926 5332 7206
26 39 2695 3368 127 5602 5632 9634 5422 2966 816 660 6699 5470 3925 6963 8261 3195 7765 8065 9688 2970 2647 4304 7694 5443 4413
26 881 3442 9925 7291 7323 9071 5829 3958 709 2076 3513 9783 8620 7815 4069 4516 4604 2148 8117 4763 9521 8838 1478 5293 1378 8980
18 9503 8518 4352 5971 6168 9681 1466 671 1738 7984 7763 1534 180 1737 7708 7832 5546 4557
26 9099 4679 7113 2425 782 6283 6718 3165 2415 6041 2842 3897 7923 6387 9884 1493 3059 1126 3084 4999 1358 1080 7702 2423 8036 1425
26 9011 2247 2412 3325 9806 4225 9562 9105 155 1198 4607 7361 9001 7588 8308 8862 4569 9356 2826 9855 6611 3803 4051 4479 8858 472
26 3905 4094 1867 7401 2626 3105 7915 2108 3874 7581 1999 5004 4696 5728 2859 2205 3044 370 3332 5747 829 9271 7055 2699 3273 8735
26 5437 2009 4829 4811 8447 5498 9127 2095 611 2645 2867 1727 3161 2847 4620 9113 6661 1567 1076 2294 2267 5927 1675 6693 5264 6944
26 6740 3749 3910 2536 6307 6357 9543 617 6026 2377 1008 936 8820 8289 8318 9863 6315 218 4146 1673 9905 3042 4310 7251 3480 4079
26 8991 1066 2008 8302 697 9974 9265 1639 3210 6062 6962 6444 1053 6174 2846 3856 1351 9047 3015 4187 1807 36 8 4886 1562 7223
26 8038 4260 3249 2904 4796 3848 2900 23 5883 5314 9110 1786 7532 1850 139 1385 3301 443 3344 1928 7539 3576 8152 939 8255 5253
16 1773 8086 1563 9732 2828 1855 5821 8316 5170 178 8746 9955 1283 1073 8076 4949
26 6072 8578 5891 3989 6186 7207 3867 7809 6620 7096 459 6036 3483 1317 2494 7895 7828 5330 2625 4500 6852 6817 8769 176 5942 5376
26 2881 563 3809 8432 9401 7380 7092 4372 7573 3765 3235 1110 1072 1906 5993 9102 8969 4864 7902 5688 7469 1191 7649 4797 637 566
26 5739 88 9020 5381 5303 5001 5719 159 395 3609 4986 8981 1333 1921 3859 6755 9424 4176 997 7155 9343 4408 1427 398 136 7219
26 6724 8670 8231 2869 7086 5686 3776 1104 9242 4293 9185 542 1423 8456 851 5180 1782 3678 265 5432 6162 3886 1890 7060 3327 5659
26 6462 2176 3767 3801 5898 6416 5967 1106 377 4824 9533 4921 3031 2340 974 9856 8056 2457 9351 7950 8880 7283 8724 9650 8535 1247
26 7347 5250 6913 4984 3082 6669 7014 2290 7931 9812 3691 1117 9139 863 5292 4423 7958 3841 4737 7091 6897 4445 9332 4508 6087 1015
26 2591 5284 206 7263 6327 6227 2305 5799 4415 2844 2613 9734 2027 2341 1819 7819 3353 5687 2258 3452 9008 746 3175 1665 3800 9937
26 2605 4525 2278 4920 9457 7100 5642 7274 5140 2366 8339 9644 1093 9653 5738 5145 4726 9991 2851 1802 5683 1645 6468 1128 9585 8897
13 2288 2110 8306 5062 5562 1236 5099 6380 2191 5434 614 5770 4321
26 7003 2400 3990 2887 9082 9272 2216 9062 1152 7041 886 2189 8475 3881 5331 5600 3374 6595 4598 2631 6022 8333 1139 8044 6576 1510
26 8160 9504 9392 2020 6356 146 7816 8645 531 8058 6619 7231 3498 3730 7330 6559 999 9154 915 7378 4540 2496 75 7888 9677 757
26 6548 7956 8698 6658 839 2470 2612 4123 3315 5348 7363 2979 1688 5313 8584 518 87 5522 6609 9988 8696 5378 6097 2803 2169 1653
26 9509 768 1831 9054 6338 1508 6460 8671 2444 6374 2386 3085 7316 8933 3501 4912 4417 7421 9746 1049 5209 1719 7029 2019 3110 5415
26 7373 6456 4428 4546 8484 8772 2639 1193 3616 2246 3262 9017 5117 5929 9605 7273 4974 9183 4766 8052 6284 8474 237 6702 2286 8350
26 7318 3607 3849 6361 8529 9769 4299 9060 1346 5890 1029 2829 3127 1471 238 4961 1164 8839 9352 9960 6385 2194 7158 38 2705 1619
26 8452 2648 2018 368 4205 8815 5650 8938 5695 6593 8891 2670 1125 9348 2281 4136 6552 2582 6994 579 5379 3944 4401 5125 1939 1569
26 6830 5343 672 7210 8614 4940 987 9541 7133 1424 5208 2909 5349 7538 8764 6318 8853 9930 785 3662 2575 3726 1798 8884 9339 8947
26 8464 7657 8819 6961 3966 7927 594 2376 9475 2175 2972 8987 3377 6873 3316 7598 5397 8250 2017 2886 3324 1522 9432 6889 9776 1547
26 5156 5497 3651 113 6123 3024 7697 5045 9165 6746 1710 4699 4964 3392 2729 650 1764 760 2971 2437 1927 6236 926 8552 4962 2238
26 8070 6115 7355 2132 9406 9437 8351 2180 1922 2502 5274 3476 8263 5785 4997 4597 8279 8900 1157 6320 9484 6895 2775 4967 7467 6032
26 2298 6377 3246 4794 8346 2075 3534 3793 704 1166 4468 4191 1334 3999 774 6250 2413 6958 6501 3902 1373 8944 6487 4927 1202 4803
26 3311 541 5693 9575 419 3622 2543 7754 2442 9701 9823 7237 7482 3224 1007 6225 5178 1878 6829 7530 7079 2618 9770 9196 7127 8754
26 8606 1515 7444 7713 2999 1090 9588 7145 8642 3879 6165 5247 361 6539 7800 3391 8473 8849 7774 6428 3695 9587 2492 2878 6051 9906
19 5377 1192 7813 4586 802 439 95 3530 9044 6184 4497 6591 7405 5877 8971 973 1091 3087 4341
26 2491 8731 6877 1843 98 3414 4035 2077 7840 2355 3682 8067 9225 5635 2546 266 8010 4181 4932 5544 7033 7159 1205 9203 4741 6435
26 6362 7429 6916 9949 313 4349 9628 2467 9410 1160 6864 2407 3851 4903 9103 1383 4890 322 6841 5726 5906 3151 2761 8369 2608 2441
26 8239 2384 8345 4635 2000 4195 575 2479 9604 8220 7624 4248 1771 6120 7589 2590 5184 2268 3920 8084 3226 1678 2730 4037 2252 980
26 1721 1543 4706 9291 8366 1932 6814 4503 8304 8741 275 5919 5048 9079 8514 7706 9336 8354 5624 7780 6766 8249 2564 4702 2446 5865
26 3864 7186 6927 3816 7683 3424 9684 1181 8516 9538 433 5305 9112 9837 8603 9775 5363 6845 3796 9363 4242 2411 4160 9354 844 2224
26 3187 5934 4618 2559 150 2758 3911 2799 2187 2633 5094 1364 3473 9077 2622 6406 9510 9344 3916 9598 2716 1300 7017 4846 3787 3093
26 4301 9750 6966 1500 1689 8768 582 7075 1539 4278 7462 8539 9821 2137 2560 410 3406 1828 1498 4488 5403 7400 7841 6840 9797 1929
26 854 8204 8573 1674 2520 7580 5690 2214 2740 5059 6972 9212 1733 5039 7266 4770 5776 5755 18 2419 53 2369 8537 3831 5131 8429
26 9624 5402 3826 7320 7236 1189 3122 9006 862 3232 5344 1736 1716 4314 3878 9330 4240 2254 6358 6415 6401 6690 828 1991 2604 9266
26 4450 1879 7119 8248 1527 2060 5495 8203 141 2856 5451 8268 4787 11 8362 8590 9704 6219 2029 4313 3577 6477 2637 2908 759 2329
26 4184 6277 4877 1302 409 2381 7941 6678 7125 9248 7282 3223 947 4082 8779 8428 8496 1450 6050 9194 7625 8053 343 795 1312 2172
26 9100 7936 3468 4098 9830 5507 2981 3703 9934 934 5603 3314 2151 9803 8722 5037 7265 108 7377 778 4422 6685 1279 9446 6461 2221
26 9897 8640 8071 3906 6141 3875 5516 6089 4930 8042 5999 4893 9790 8881 5988 632 6926 1832 2628 1156 7744 5255 5455 7600 3860 2598
26 5426 6403 6189 9708 6125 4426 5503 2468 900 7080 434 116 2144 9085 5259 160 8336 2416 6860 9016 6878 4889 6317 1552 5798 4120
26 6581 7229 6269 3891 7557 6984 4147 4652 4065 2832 6680 6042 2907 8015 6442 8817 9969 2282 6060 4774 4324 5617 4577 7981 5521 2914
26 3090 5358 5034 3329 6316 8530 1692 6336 908 4026 8827 8705 5122 5958 4110 3078 3553 3876 8512 1599 9261 2514 9990 9010 9555 6844
26 8732 9844 8175 4056 7442 3938 5082 9267 5751 7497 3507 5186 6298 3511 45 7564 3013 8863 893 6535 2965 1848 4531 5199 8929 7413
26 605 1105 3430 9514 8536 6029 5656 529 8462 7411 454 5894 2309 3474 2477 1542 7504 1754 7989 430 8660 9493 8964 6789 4402 3386
26 3198 9402 6607 1624 5711 8332 5193 7778 7494 2192 6737 6313 5951 5092 1114 8147 9057 50 5966 8738 7199 4579 7495 4506 6147 314
26 4924 6670 853 6190 5572 8370 7833 374 1436 6638 5340 8225 711 6960 8430 8165 5114 9664 1356 2643 7688 9532 1141 2521 5266 6465
26 3508 2356 6304 2742 5155 350 1311 255 4433 6933 3843 1781 6129 2197 6938 6869 2993 8805 4273 983 6448 7042 7026 4519 5714 3719
26 6689 2115 5983 9569 6696 895 3305 645 2885 2841 918 356 2719 365 1375 1870 5605 5392 8837 99 4462 5322 4622 7938 5652 6257
26 2787 8739 5598 4088 975 1453 2325 6753 5531 7807 8237 7466 4937 1328 8193 8358 5558 2295 3233 8757 8205 140 1641 5765 2922 5504
26 5424 2519 4845 8021 8061 7434 511 4617 5532 7749 193 2634 9992 5528 2960 4711 5346 2262 766 5446 5496 5978 131 7038 4683 111
26 7196 3119 3008 8655 1319 9462 2967 8970 3509 835 9148 8324 8533 4188 1822 9029 9365 6637 8436 7963 2858 1758 3943 7073 8122 4338
26 4998 9256 9072 2079 3197 6207 1431 633 1256 4552 3295 2874 970 3556 4851 996 1056 6651 7605 4563 810 5129 1893 4332 3653 371
26 2984 3471 4885 6502 8435 5017 8434 4550 1176 3216 516 2139 9408 9542 5772 6861 1945 6210 4201 8399 9206 452 1226 9260 7681 9721
26 6382 1866 741 1984 7383 3207 7149 9611 6764 7595 2568 8631 9303 9592 2334 6867 7022 1516 4576 9108 9275 6954 9898 4883 4077 8398
26 9751 1815 9698 3564 7870 1555 4337 6523 9364 2397 6218 9659 7340 8009 8145 6149 1990 6545 2747 2764 3998 8472 5022 8867 5737 5972
26 2147 6474 3865 375 2439 4612 8368 691 736 3214 7555 2177 4844 9092 4640 6528 2285 7942 2574 8240 6819 6421 1658 1683 5508 3528
26 558 6039 7153 2511 5366 8803 615 7651 8665 2245 4866 4565 9032 201 4954 1382 5639 5606 8068 6635 2550 9567 2071 8396 1301 1403
14 9489 2480 7398 5091 9471 8110 9951 767 7490 5310 8494 7875 3547 9868
26 2204 7109 25 9179 6399 2270 9012 659 9620 1912 2696 8460 2715 3379 9244 9838 8709 1749 8282 426 9551 2509 1303 822 2273 9940
26 928 1138 1113 3168 5088 8055 7988 8006 2997 4280 7503 2797 9658 7403 4989 6990 6504 5153 4429 1687 1887 4383 5973 747 9656 2243
26 7280 4637 3202 6521 4170 4776 9561 6319 1933 8692 6560 9295 9957 866 5139 5195 1574 6351 6330 7954 8442 6701 1204 3853 2821 7441
12 8721 2736 6274 2782 7117 6503 1061 7519 6082 9849 6309 7773
26 4087 2432 4593 2748 6216 2178 3614 7947 6677 8364 4318 8673 5409 5580 4547 9787 3185 4655 4231 4158 344 7517 420 4975 5672 7131
18 6834 2486 9636 9483 5813 7945 2440 6719 4543 4096 4701 1919 1187 7917 5320 3455 6355 1713
26 5763 6783 9003 1778 3986 8104 9826 3746 1864 3889 6238 4367 7389 6240 6557 7021 7507 6522 3581 3978 3019 3681 2671 3882 8607 1570
26 1107 7105 4247 2649 799 4114 6652 9101 4297 6157 6594 7615 4219 7130 1520 5963 8177 9040 5820 6071 7336 5438 401 564 2322 2253
26 4029 7108 3338 5654 7768 7847 1281 1869 9074 8109 1681 8148 5023 5143 3495 7418 963 2083 706 2162 8634 6337 7452 1290 1677 8517
26 4532 2571 6965 3773 9926 7613 3788 7771 3300 2525 6798 8807 2596 7571 4674 7797 2093 6707 9535 5930 6489 3631 5461 6158 5563 7618
26 3134 7040 713 3170 9805 9458 8979 2732 7785 4050 3293 1277 1842 4323 4032 1298 2451 1988 1103 2331 8012 8408 236 1207 2794 5368
26 4996 6912 6397 6744 8605 722 7922 6000 5462 7793 4236 1772 4580 9398 4454 8060 8322 3131 5568 8781 9257 7527 2287 2170 1230 5046
19 4303 6792 8073 2977 3435 7934 2751 7599 4282 3524 3154 8551 1027 9674 2299 3791 1853 9338 7522
26 8786 7810 4720 3067 5887 1660 5620 9357 8026 1626 4952 9264 8212 6982 1275 4549 6459 9599 2579 7338 5175 7878 2727 4933 8582 6919
26 613 8950 7448 9852 726 8236 9202 3477 7718 6292 894 7427 9448 5325 2378 7326 2871 7646 3804 3437 8600 5003 8482 7044 6073 9781
26 7966 3114 3527 2975 1518 4659 2482 9262 2706 2852 2498 888 485 6556 5216 5419 1858 2668 3822 5079 479 2251 1642 5202 7138 8372
26 6526 4855 2006 6200 6621 3257 793 8243 1299 1519 2602 1897 534 7179 6565 6431 8180 2403 125 7890 4571 6992 5435 3035 4589 2961
26 8667 3156 5440 4834 8382 9382 629 2600 9378 3247 289 1092 4594 8335 2348 9584 7016 8905 1293 6427 6955 5781 8834 5476 8957 6434
26 9444 1900 8675 6068 8521 8338 3026 1876 3946 138 5257 2359 6124 5793 3975 1451 8393 7084 4926 954 7597 8487 2823 8082 2300 976
26 5679 2166 5982 1582 2899 3461 6009 5098 4477 5083 6423 5268 1371 1603 3771 1696 6714 6195 6486 2953 9439 762 9004 8054 4042 3458
26 7293 9121 6910 699 457 8143 7900 5804 2035 5708 8550 239 6451 6286 512 167 2202 8734 4739 5110 2872 3417 750 4162 9329 669
26 264 84 4008 3680 3972 2934 6575 9846 2952 3499 6140 2084 8547 4237 1035 6122 1648 3322 143 2263 6715 6890 2674 7739 3347 8374
26 8736 7088 6953 219 530 7384 7277 5087 5301 5263 4302 184 9709 71 5093 232 7982 7619 334 2800 703 1118 3289 9936 662 5718
26 134 2015 2184 9901 6765 6243 9817 8954 8064 1327 5073 4062 5026 5761 1672 9554 4215 3573 9621 4695 6383 4524 3328 5439 3046 9131
26 2512 1005 4232 7554 4833 3915 4733 8730 1551 7770 5992 8748 8367 4473 3813 4915 6478 6303 5106 4908 2227 5633 9373 5735 927 2998
26 8868 6002 4661 4583 2538 9135 3976 2141 9156 6883 5323 4970 7583 5448 9302 1740 7178 7238 5886 1544 7247 653 7959 6998 1514 8119
26 1071 3239 5086 4882 3596 989 8190 6161 9505 200 8871 3846 7334 249 3111 4527 6734 505 3011 4381 3723 5028 7836 7252 8797 9334
26 2112 7561 6656 640 6164 4815 5025 9889 4792 3648 6625 6325 4722 5191 6308 6024 3659 1925 5085 3183 9904 3304 2929 681 5629 797
26 3491 6630 6034 5990 8157 2455 2731 8681 8778 2260 2320 8162 1820 3913 3266 3201 5 6394 6988 6289 7217 5283 5265 5011 2905 6405
26 3215 2720 109 7464 7610 7422 9537 7604 3862 1862 3531 3466 5616 2873 7753 6214 7978 4727 2540 8756 2188 1506 1488 3665 5586 4641
26 2382 4495 1228 4196 3375 4470 7933 4469 1940 147 9288 9229 473 8013 4382 8495 4736 7069 1829 336 418 8163 8267 522 8674 1254
26 9764 9283 5054 9345 4528 8572 7352 5074 1613 4265 2601 9724 5569 5201 9980 3004 2326 7887 4425 2616 623 4901 2569 6395 7213 1006
26 9979 3055 8102 1421 4017 9712 2954 6808 2698 1081 2048 1012 9594 6846 1310 7868 6138 5270 6205 7298 6525 1354 2094 3620 1931 4538
25 698 4214 945 7637 5535 5818 8585 6527 1452 5830 1595 7169 194 9372 2005 1022 4778 6126 2666 5871 9174 7577 8226 1731 9829
26 1725 2418 7194 3693 4625 5477 2174 8801 6223 6106 8918 6857 716 2228 1834 154 8107 8846 5132 7235 3777 3002 7803 2196 3500 4785
26 7476 8965 6644 9274 493 8653 4764 1902 1861 3959 2921 8568 1190 5825 7288 9994 2091 3563 2493 3642 8221 8923 616 3688 4374 465
26 7387 7861 6851 4648 5994 4064 3818 456 9018 2354 7808 6908 7755 6987 5309 114 9335 6290 4755 7396 8948 5533 7919 3405 5720 8260
26 5593 9626 2230 233 8108 665 753 4709 9230 6868 6725 1968 913 7218 9924 6859 2390 8170 7242 9713 4134 1895 488 2814 994 7083
26 1209 1135 1 1685 225 6078 5212 761 6280 342 3949 4316 1237 9023 1914 1395 5188 5016 329 5759 8315 6088 6354 7173 2276 8090
26 2122 428 3603 1326 4194 3783 7104 9882 2547 8111 7368 5380 2367 5327 2078 6086 9050 2728 3089 1398 9866 7977 9129 6549 7166 3985
26 2261 8758 3149 8796 9349 2186 4724 6247 9404 7614 9478 6505 8004 1058 503 4151 132 4039 2889 3637 8499 690 269 1739 7748 8043
26 5260 9393 2838 6135 69 6484 628 7245 3278 6015 6833 9741 2702 4950 7641 5655 8927 8701 6906 2459 8651 2529 7008 5063 6373 6959
26 288 4377 8310 7287 5182 5071 6441 7146 2404 9298 9222 599 8230 7310 2478 347 220 6812 4142 1708 4081 3639 9984 3931 8123 1350
26 7182 9976 8629 1260 4867 1474 7025 7910 8883 40 4356 7309 2739 8959 6617 8903 6137 449 7201 8912 2586 891 6553 1948 3021 5876
26 2316 9888 5341 902 6402 3952 6672 5914 8411 6104 2933 4320 9672 7417 6483 7549 1314 9086 6224 4697 1821 6093 2962 7011 6569 6981
26 2198 606 7140 6493 3354 5615 2992 6946 4567 3570 4914 4832 4928 2936 678 7072 878 801 3820 2676 5007 7756 3677 6273 9387 8404
26 5625 1097 8209 2296 1221 1067 788 3974 3432 4092 8266 9570 5643 4235 7951 5473 3907 1765 6334 5595 2855 2055 588 9811 1454 7369
26 8458 5885 9550 3490 5540 3038 8378 1910 2898 5411 5005 3 815 7500 6888 3164 2317 6666 7784 3762 5338 5611 1490 5666 675 791
26 19 7638 2915 977 6818 6850 9928 5628 9035 5287 3041 6722 8911 8776 9547 1340 5525 3670 455 1652 6471 8089 9067 8210 3994 70
26 129 6807 4207 6515 7924 627 9655 2901 1292 8505 9167 9293 4198 8431 2068 4517 958 4708 3764 2215 8714 7858 8424 7307 8265 9589
26 3962 719 8821 6239 7000 248 92 8956 5700 4344 8851 4969 5684 4484 8836 7939 9816 904 7157 6720 1889 7814 729 5177 3218 1095
26 7711 6786 474 290 9680 8989 4862 5228 9226 9209 819 2947 2266 4772 9596 1068 3808 5689 2991 5924 1881 9415 4827 4752 3380 1892
26 9944 4880 6601 7064 4703 9813 4938 6296 9042 3137 5241 897 6977 490 2694 487 5961 1108 9197 5736 8114 2697 9915 6568 1497 234
26 3877 7553 4307 4537 6473 8014 9564 2653 2585 8571 5965 4843 5163 4330 836 8570 3179 5512 9431 9342 1405 471 5773 2013 2211 9326
26 8167 5299 4887 362 3666 8575 8164 6182 1557 4585 8075 1620 3123 2861 7848 909 7077 3361 6813 9573 9572 7825 3309 5146 9476 8949
26 4135 9104 3697 9046 9191 5566 5601 7576 4139 1720 5134 1140 2515 8202 9616 4513 1885 7449 1434 4994 5162 6311 6957 1958 8541 3264
26 5452 9679 3381 9798 4084 8343 2275 2817 7843 216 9633 9508 536 2804 6970 5360 5882 5035 8443 5013 9296 1408 7112 49 642 9014
26 448 7804 4773 3918 9511 2240 8554 3326 8652 9968 8259 14 4068 181 3606 495 3521 7047 8115 3922 6599 3626 7831 6723 295 7115
26 1776 5858 3245 8672 6739 3129 1182 7759 8159 4992 8023 5879 1589 5364 3661 3939 3967 3342 960 5784 5454 309 298 4616 56 4897
26 3256 1332 9140 9985 3310 6705 3112 9438 5238 3722 2680 4204 4443 4825 3065 8534 1789 9719 6660 9039 2096 349 7154 3522 3562 635
26 8395 5445 5245 5968 8780 5888 6293 9220 7502 8926 3425 8882 6519 7566 4533 9442 2526 3355 9772 6194 7845 4261 3720 1966 7165 2339
26 1188 4046 9207 1142 9527 100 35 8995 1263 5915 1253 1169 1783 2016 5239 765 4672 813 5152 2876 1824 7074 1149 8069 2219 8613
26 5321 4689 9612 2338 9804 2910 1593 6716 7496 4211 8996 2987 7192 1266 1775 1017 77 4336 1357 6577 9146 9145 1571 5147 7985 2161
26 6480 1407 4346 3554 4153 1640 1509 284 745 1745 8105 7587 3449 5102 905 8561 5867 8215 7968 227 9892 8771 9703 145 5399 3569
26 7253 7070 7846 9190 5006 823 74 4006 9718 3675 7821 8997 5709 896 1717 27 5484 9281 6572 985 4668 6646 6433 6899 6606 7795
24 3163 203 5384 4507 9199 9186 1533 97 7844 3283 4619 953 4498 2308 4978 3728 124 4945 6623 390 6991 9922 2185 2090
26 3625 1757 3333 8189 4704 6563 3955 7602 6579 1532 7243 8299 7120 6332 467 5281 5812 9253 5130 9841 5236 5536 9606 8320 2210 9061
26 380 273 769 9255 2690 1430 9540 8293 5627 5104 5372 3182 1248 6163 1217 1896 9114 6738 283 9386 5873 2677 258 9692 4955 59
26 8885 734 6541 7972 2284 9738 3200 2652 5803 2558 3271 5197 122 7886 5420 1316 4230 9126 6233 1243 3003 9399 340 3543 2130 1115
26 8749 222 7129 9463 9685 2678 3842 2464 6648 3270 9192 7296 4130 5070 8080 1021 5900 9175 5897 1793 4174 5269 6074 9311 6788 3928
26 3117 2917 3188 3991 8207 2364 6409 8664 2126 7628 821 9729 9009 6975 3873 2190 4960 7644 3707 1347 1153 8910 6096 9340 7880 5404
26 8565 4150 3608 2533 610 106 3544 7056 2504 8928 4453 7621 7736 4712 3286 9642 9834 3144 5010 2405 9715 221 7202 7758 8850 2353
13 6012 6069 2738 9287 305 2388 1844 4465 8687 6043 9647 2043 9723
26 4575 4309 2297 2663 9429 5903 1763 3996 2063 581 4768 3428 6712 9506 9618 8569 9312 5294 4599 8096 2408 8594 4716 7863 8216 9058
26 723 2061 5490 7487 3205 3624 6639 4109 8470 5969 7264 550 1659 8974 6779 5778 4294 9861 9034 3634 7699 5964 7412 182 4185 2312
26 9586 3575 1269 6583 5008 9981 3663 6134 6197 5298 2373 7493 7148 5278 6605 2303 214 688 9568 6177 5509 721 6835 1865 9993 9454
26 3555 4601 8703 4935 6615 8309 7516 969 9795 949 6476 5097 2220 7944 5862 6408 8381 9162 6075 9792 8465 2070 5592 5822 5939 4725
26 6169 6381 700 9187 2289 8034 6618 8319 5608 9286 1541 3081 1538 1380 1409 7930 3599 7200 3687 9461 1505 6209 5390 5760 6931 5312
22 5480 984 1376 8598 1524 4971 2527 2057 8500 8822 8017 2894 9269 5575 6948 3927 5788 4671 5179 3836 6400 8717
26 2119 4894 5727 3572 8856 3541 6771 5766 3785 3429 8686 405 4747 7998 9755 3180 857 5946 2650 2701 1136 7772 4545 1086 3627 6113
26 5626 9305 3546 8213 6749 720 2011 2635 4636 8066 6196 8161 8206 186 4809 386 7721 6499 3012 1124 5128 3427 9013 7964 4140 7161
26 3828 8630 8158 6413 5135 9485 6359 8843 7513 4512 6344 9513 2025 8028 1961 7397 6704 1280 6472 4447 7268 341 5646 5296 5057 1801
26 1908 622 7097 3623 5917 8715 2505 4613 7850 9516 30 2893 8047 6109 5651 2085 4663 9695 2567 2815 3679 296 1437 792 2830 9494
26 2134 9449 1416 6457 7255 6751 907 2105 3970 8288 4012 9989 7066 2241 6038 5548 2165 9250 4025 7986 5753 5870 6781 9916 4305 2100
26 3630 3549 8962 9221 9964 5158 634 4189 4397 2003 1631 4685 8984 8567 133 8654 1743 2232 4835 8802 9149 6017 3617 648 2391 710
26 2959 498 3054 1588 9276 5678 9512 1496 8413 9466 1203 5559 8644 1031 3463 7321 5789 1329 8579 1611 1359 8759 4929 4424 7067 6007
20 7716 4476 4693 3760 5653 3263 3701 6589 8417 1321 4390 5460 4631 8729 6339 3412 2902 7733 1540 6492
26 8244 5868 2642 965 196 9320 5998 5514 9828 6438 1791 282 6778 800 9080 6810 3650 3488 4466 4325 5571 2752 3219 8888 3734 6417
26 103 2465 3667 5732 1476 2033 2657 8788 6659 3782 3258 1078 6543 6211 7935 3525 2485 2750 8241 8045 9236 8503 7717 5613 9380 6258
18 2863 3147 1706 6360 3208 3194 6064 2430 8976 5933 9440 3372 9894 8389 545 5365 450 5985
26 2741 1560 54 9996 2931 7666 9832 1460 4868 3027 3657 5032 6726 4916 8081 226 3852 6854 4386 1219 6782 2778 5485 2277 1088 12
26 3265 9325 567 6536 9675 2304 3494 2041 2661 9553 4492 9433 561 4757 4902 2428 4373 5405 652 621 8720 8222 5459 4904 6278 5290
26 2082 8489 5304 6711 475 1777 1959 3868 5159 4895 724 8760 4272 4238 4001 6909 441 7007 9416 4995 8679 7269 1759 5641 8939 555
26 5997 696 1973 7854 8576 826 7769 4358 8128 4713 5100 2945 8650 8960 1485 838 2239 4122 5223 5696 5960 4049 3995 1112 3357 1472
26 5674 6263 5371 446 4980 3821 674 1048 8523 6345 1566 2051 7672 3652 1899 6259 5762 868 5414 5912 7514 5051 3870 1952 5345 6598
26 5072 7928 7709 1530 9246 1550 2686 8914 422 5853 1956 7295 7701 9835 1668 1504 2213 6079 9115 2562 360 9024 7409 3260 6419 1082
26 7205 6031 4052 1512 442 2969 57 6538 4714 5757 1338 5523 7973 6898 3312 7391 620 3109 3844 5745 5251 7367 8865 3034 8861 8311
26 619 9166 3579 7430 6208 694 4749 3146 8194 2877 5457 2065 8437 7362 6217 4459 7591 393 2283 794 4719 6950 8657 1418 8921 5413
26 7787 4742 6780 7357 2053 3752 6903 3221 5116 3242 8062 6932 4457 6824 7012 104 676 4289 7551 4501 7921 4179 1122 1285 5857 8137
26 825 2949 311 2209 3594 2749 9576 7788 1331 4756 1051 4395 9667 1741 2265 6614 1615 5401 9465 3383 7059 3113 9887 9172 9309 2845
26 2499 400 394 892 9216 6567 3186 6871 4555 8727 8663 7142 2879 4440 7735 8169 6642 9956 7353 4754 8515 3240 763 2627 3040 437
26 5619 1273 271 4502 168 3462 506 78 1062 1779 6800 7045 5386 10 6785 1926 2834 8095 4983 5207 3698 8232 4133 3529 811 5859
22 1666 5189 1399 6154 1121 2916 3921 3960 3086 3837 5567 3174 5067 6226 6627 5677 3001 5142 1426 1636 4277 6872
26 9144 3566 5295 8251 6188 5996 172 1846 7134 9481 6930 2765 5634 3968 7343 5203 6092 2950 2644 4820 2510 7163 1077 8870 8589 8581
26 5481 4071 3025 4255 9182 4665 538 3227 3689 3120 5154 8623 4856 6005 9359 4252 4721 7518 9280 9414 2925 4446 5797 224 4490 8453
26 3940 5192 5466 3830 9353 7226 7019 1979 6925 2882 5932 7570 7693 5767 6862 5464 6626 3504 7052 7240 7775 411 4568 5489 3857 9577
26 3887 837 9613 3005 4629 8284 7275 2264 8864 2402 6943 8808 809 6816 9774 2034 4412 8083 8751 4438 9 8538 5665 3100 2812 1439
26 3173 9619 9238 9544 499 3926 3366 1422 5123 444 2790 4821 6235 8545 2903 5850 3052 8455 3712 6508 2136 302 2818 1482 6342 910
26 1594 3371 5920 3022 1223 7172 230 7857 3190 4608 7164 8826 7949 6171 26 3130 3241 2725 2087 2150 9181 6084 7244 9796 8723 8331
20 6729 476 7678 9609 5710 382 9872 7971 1442 7560 2820 731 195 5703 2617 2895 1131 9909 270 7185
20 3705 5352 2324 1880 5138 1729 9948 4819 5550 7898 7167 4009 1606 4692 1308 4963 8427 6432 4600 9910
26 8353 1447 7346 3755 7249 8219 6512 9661 9623 7132 402 5502 7195 4496 5078 1575 6030 3288 4180 2700 7076 593 4743 2271 469 1019
26 9663 9084 6654 1443 2429 1647 4063 381 4838 5127 912 4675 4906 911 1857 4173 1983 213 9730 9125 7393 5252 407 5928 3643 3255
26 4647 7475 7585 3138 6155 5984 1845 6956 7135 6230 6596 5101 8986 4165 4688 8907 5220 2231 1413 9601 5362 5225 9536 9753 246 3983
26 8784 9735 5441 2896 3802 4376 5433 1294 3062 2557 1917 5792 4529 7568 2420 6858 4694 5974 5483 4132 6142 3815 9093 3664 8391 1137
26 6466 8787 1206 3750 5060 4558 3840 4329 7992 808 5168 4262 6180 8121 7101 7860 6490 2149 6020 3313 5945 2890 2200 9176 4364 2773
26 631 2135 7687 3601 5808 8553 9070 9249 9160 8446 6674 2279 7385 1780 4582 94 1388 3492 8196 3320 5271 735 1607 5926 1278 9227
26 5950 1794 3103 4959 5205 5663 7528 7193 3482 7315 8033 1257 5704 527 256 7099 1132 8908 4728 4258 4254 2450 6968 7390 9860 9317
26 7020 4435 3176 2942 1529 17 9037 7034 408 2759 7967 6562 7436 4667 7852 4609 7260 8627 9777 4 1608 7537 4676 2046 9646 1813
26 4942 961 6418 2237 5463 7150 9699 6407 1583 3646 1465 7865 9328 1446 351 5174 6586 4849 4816 4876 2864 3048 4047 6185 8183 2458
25 7438 7325 9021 2539 1143 8478 2776 8560 1098 5482 1042 6090 1559 3561 5956 5542 6388 8423 8392 6011 4203 8467 9396 58 144
26 9451 4948 1270 4658 6645 5190 8719 1087 4798 1568 5520 742 5976 9292 824 7486 3914 2483 1974 8498 9304 6151 1397 7123 4860 9700
26 4884 5649 589 5213 9045 3225 8875 2235 8093 7425 3340 6175 7259 3673 9027 5215 259 1502 3217 1577 2481 4013 3835 2968 7766 8131
26 7501 3457 1637 4066 4981 2140 4024 1199 293 9375 1282 4777 4853 4489 9896 827 520 4229 1390 9371 6887 4375 466 148 8612 8384
23 8048 9913 3539 1744 9297 3807 2780 6056 9073 7122 5471 294 2946 8775 8931 4097 9668 5607 7946 9971 8002 6193 5538
26 1433 5382 315 8421 4414 6924 4007 4584 9839 7794 4221 5909 5581 9911 3454 1811 4102 8270 1242 971 1183 1849 7087 5869 9259 327
26 4163 5222 2589 1367 502 846 5090 7010 1884 6371 8300 3079 7048 6570 6996 2805 9184 4152 2421 1621 4108 5775 5609 436 5398 6870
26 2272 378 6767 2717 6248 5955 3150 4043 7187 684 9520 548 6811 1748 8438 7327 4276 4461 748 3823 2081 9999 1052 7834 7899 9673
25 6181 6131 4027 5621 3669 4615 3930 6333 8619 1629 9809 4669 4651 4076 5573 4812 4149 6310 6986 51 1936 5198 3080 2114 1987
26 205 8708 3655 7446 3733 6192 3047 715 952 3965 4907 8450 7823 7866 7961 4523 5647 639 8859 4670 4178 8685 1556 2460 406 9369
26 489 666 3292 4421 8376 1830 4274 1239 7830 537 5872 8400 9693 6709 2501 4590 7439 3248 8166 3486 3582 6057 2168 4311 4319 7311
26 1545 211 5136 7102 6365 9574 922 310 4700 4805 2924 3228 72 5561 8726 4710 2022 1617 1043 7225 4116 705 1812 8174 9558 1962
26 8767 3358 3536 7849 7465 5995 3393 8101 7626 1309 515 9525 8829 9397 7065 1935 2004 7669 4977 590 9315 3872 9025 8744 7896 6721
26 6102 4644 9754 6564 8713 8860 6244 8718 9497 9089 2104 8659 5472 2360 6683 6282 1432 7623 3633 6531 7752 9120 9794 5244 6494 2259
26 1286 212 4387 1888 6805 2809 7579 5391 1985 9388 1477 8296 9739 5427 1429 2500 6509 6288 1707 2225 573 9161 3863 540 5806 6260
26 9447 6160 4758 4628 2059 9116 1523 2362 2409 9141 6067 4067 6774 9384 8958 5949 8439 5469 404 6976 532 6941 8983 6732 1410 3238
26 7468 7940 3049 3459 7118 3585 4400 4623 8325 2315 4335 2375 547 6077 414 5333 2396 9762 4771 8295 8936 1473 6731 3280 3969 9430
26 8625 7965 3029 3092 9595 8118 6013 5557 1847 9652 3222 4357 3992 1705 732 8361 4499 3446 7740 3485 5354 7606 431 4822 6973 2449
26 946 6901 6900 1004 6942 1797 656 7392 4879 9234 3757 6940 9785 6848 6445 9779 1034 6881 1089 940 4243 3768 861 8132 3346 4103
26 1459 8595 5698 285 4705 6446 9617 7232 4936 5000 6301 6132 4988 625 3331 5587 7313 5805 2587 3619 2503 6040 7905 818 4267 8098
26 4148 3030 3692 4411 2128 9696 2681 2640 2675 2217 9407 7197 1255 9441 7872 9800 2159 197 3132 4865 7030 6770 4760 8507 3618 7215
26 4624 7575 2074 6951 1170 328 3108 4638 4587 8097 9318 8334 5052 9665 2109 3352 5918 6911 7983 1704 1766 6341 5388 7881 8789 82
26 171 6485 2406 477 4404 7682 8555 646 1859 4105 7046 1220 9983 5061 4919 6708 1065 4518 5823 8733 8899 526 5297 3611 8712 5242
26 2344 117 1054 8059 8566 4761 4298 8691 9130 607 7168 6643 1800 464 158 9500 3551 7639 1028 9615 3684 2610 1938 3243 8171 2755
26 8785 3743 8410 8564 7085 9078 4327 8030 9300 7724 5577 9038 9403 4275 5801 916 7565 5109 7851 7526 2249 6828 6232 9878 2985 845
26 8893 7188 6662 4873 3885 3542 3565 9900 4300 3798 3790 156 6276 8593 1654 6516 9422 8688 1036 7302 2691 2183 7617 8690 6045 2786
26 2918 7499 5716 8188 6305 2937 4246 417 2578 5899 9333 9987 4698 3523 8365 9899 8972 4168 6675 331 4226 5015 4556 7410 4286 1362
25 4872 6649 739 1874 5141 5036 4227 3420 4138 1657 9789 5219 2153 4818 562 7820 5258 3464 1484 5549 6524 1127 7722 7437 4779
14 8745 4059 5510 135 3017 3050 5291 6452 7162 978 3088 6391 754 7632
26 164 7862 2330 5049 3181 8940 7535 6270 7190 6076 7997 3496 1050 5780 8641 6267 6773 1877 6978 9173 5831 1662 2593 1336 3107 8022
26 4673 7141 2788 1955 7209 9002 3739 1525 7239 6014 7647 9421 880 1075 7286 9917 1618 1039 9456 5947 7299 4861 4183 4522 8091 9766
26 9090 7319 2660 6349 9289 7174 7633 5764 8661 8704 7339 3121 1026 4751 528 8649 3142 5423 3644 1661 4458 6613 3279 3612 3378 8941
26 938 7640 9405 6430 6066 5802 3502 462 4826 151 1069 9360 6348 9862 6736 7855 4578 9782 5840 7289 6918 3690 4257 1150 6507 9977
26 3061 8329 7224 9355 7665 4365 2745 4107 5133 1980 7727 728 883 3023 682 4093 6561 207 3153 2124 4551 7308 875 6533 3814 391
26 8402 7483 8290 3515 5417 8440 4656 1079 3732 8988 4561 9136 1851 6847 5529 3413 7742 1964 3700 7304 4817 6271 3600 9614 5817 7424
26 4249 48 209 7152 3829 8445 1030 7479 4654 509 4224 5660 3308 7121 3725 7388 2466 1145 2552 299 8790 4283 1467 8480 4145 5248
26 2692 6695 3632 2269 1322 4807 649 483 3981 6555 8694 8799 887 7371 1761 8181 5442 4391 9870 4182 717 5644 79 5194 1826 3812
26 7892 920 9864 8973 3540 6855 643 3135 6297 5861 7822 9056 7974 4678 4167 7090 9301 2516 2688 941 9285 4431 702 7586 5185 1306
26 1374 9666 9412 4686 4154 5771 286 5668 930 2906 552 4347 7457 7508 8963 3203 9966 8716 416 7144 6191 3268 3658 5599 9545 2658
26 5151 2531 7156 1194 1245 1601 5234 3443 352 7301 7609 9337 1854 668 1871 9015 1499 2615 4363 9323 4574 870 5449 7700 247 424
26 9657 7270 1111 1852 3220 6832 4020 2771 9151 4753 7569 8510 7234 3672 2990 4452 8920 6091 7607 1788 1070 3929 4956 1377 6979 8195
26 8699 9847 8902 3193 6384 9602 6367 4228 107 8245 8946 8126 6838 2171 7419 8197 5080 2926 9201 1901 9258 6275 3126 9560 9765 4156
26 8272 2883 8792 5044 9691 9068 7386 2156 7627 4746 3710 9420 3894 6587 4852 4169 4878 8558 413 2328 1649 9711 8618 460 8999 770
26 1323 3444 5769 7512 2233 9705 6710 1762 3772 1016 3096 9641 6893 5289 9914 5594 7204 7634 2301 4478 8765 1161 6673 4837 638 6585
26 4340 8477 1784 6004 2118 7883 4285 5169 1787 5009 3997 6784 3053 9043 4744 33 3977 4801 9786 3000 9603 5774 8894 9374 7533 5731
26 5393 29 8024 4664 5554 435 257 8676 5374 1785 2131 2595 3912 8049 3448 6892 8528 3686 7404 7596 7670 2860 4124 20 1558 4157
26 2978 2920 7428 4485 2497 292 5465 8934 4002 8952 67 543 7529 93 9400 3714 3656 5849 8896 2002 9434 9690 8168 8635 7714 6876
26 6491 7864 1208 5597 9306 5425 5012 3537 8586 8176 1930 7233 1752 6733 8693 4560 468 3060 478 6761 9970 3192 3819 5224 6518 3298
15 1680 873 174 867 4028 3433 34 773 2049 8755 600 2836 9063 7853 3638
26 3795 9965 554 1634 267 1369 7477 251 2107 6331 6882 4060 7488 9480 3152 692 8233 6439 6754 8409 6212 1214 8301 6534 4790 8130
13 8227 3774 5324 7876 661 2957 4786 5513 1274 2037 2045 3045 2951
26 1486 1305 2523 4985 8342 1823 4115 6537 6915 3157 5486 8247 5582 2433 1882 1699 9147 6481 8633 2010 324 4859 4041 3250 2940 1147
26 1724 5743 8557 3951 3786 4384 46 5539 281 8415 4004 7764 2099 569 7593 6763 6730 6632 5144 5315 8388 8357 3171 2865 9517 7789
26 1215 3281 9935 1313 8915 9654 8253 8330 7960 5176 2854 5171 8702 5754 9245 7027 42 2182 1526 9204 664 5749 9522 4199 9850 2704
26 3721 4842 7889 8574 8419 1886 3370 6021 2524 5768 9632 8140 6759 3888 3484 5068 6027 9059 1742 3676 604 6796 834 1971 3069 898
18 7957 6952 9954 9152 3717 3051 3252 2913 4646 1722 9049 6795 6769 2038 7189 2609 4732 9088
26 9158 24 6255 1863 9377 9921 2549 6698 8214 5400 8273 338 8481 3704 6085 8793 2138 7254 2347 8490 9840 5800 3456 4918 4750 6853
26 2056 3869 4379 2963 6003 5576 7874 120 6875 1349 7521 8591 5385 6287 3212 1911 8993 4193 8451 4611 6546 8501 6148 1951 8877 4392
26 1691 6879 1977 5112 6053 5553 8199 7745 4541 6866 202 3597 2682 740 4279 2484 9119 1918 5370 6776 885 7925 725 5667 3589 5931
26 2242 2142 5406 6550 412 9254 5962 1905 4125 3077 9908 1163 8153 3339 1468 2030 5233 1284 6894 9188 7294 988 2849 4241 3883 9117
26 1572 8292 3409 5517 2143 47 4244 7698 5160 9515 4427 6612 4206 8103 4290 9929 3598 4748 4510 7491 5030 4931 317 9200 8648 2964
26 7798 3384 6044 1200 4630 6199 1627 2594 4800 1963 387 7990 8975 995 367 2129 5680 1162 5585 1404 8639 4780 1133 3460 9749 2664
26 3694 4494 8832 718 1177 9548 1695 872 8235 6379 979 8291 6437 2580 4548 3552 312 63 4627 6107 3064 860 3376 626 1261 8700
26 6902 5235 843 2566 1883 5428 7642 1565 3737 4106 8798 8172 1096 9350 6506 3613 272 4917 2988 8011 2387 3479 3274 4434 8879 5848
26 5664 9670 864 1651 9232 4939 2534 3824 9933 8916 7531 3290 7351 5640 5421 8360 8750 5905 1915 3890 8647 170 1244 7472 5854 2113
26 6935 1315 6922 7198 4054 5043 4767 7912 7216 5444 3748 8869 5033 8186 6801 2306 4370 9531 3706 2685 6511 4010 966 5055 1288 1038
26 1816 9409 1159 932 7574 6265 8257 3434 8492 8218 7089 2584 2 7331 1265 5590 571 3018 1916 4509 5494 3043 5814 6183 5551 1343
26 5833 7948 712 780 1040 9784 993 8816 1513 2760 5217 714 5389 612 4745 5953 5741 8668 752 784 5108 44 4922 9215 3586 2410
25 1934 1644 1438 4080 4666 4127 6023 9519 6602 3389 8031 7616 7590 9881 274 1953 4155 9443 2980 3827 6650 8321 1549 5280 5499
25 7867 9707 6884 9346 6582 1100 6809 553 9000 6422 6083 9270 2469 5229 2684 2597 551 8628 3506 7054 8497 6112 2530 3588 3702
19 4944 7227 1546 5272 9019 3071 3155 9858 595 3178 7918 673 5893 4023 4448 7175 7723 8349 9211
25 3487 8559 2774 4789 210 856 5892 6222 968 1197 4253 6880 3810 8380 2611 6983 6945 6616 9069 6370 9893 3166 4791 1304 906
25 2662 3775 9799 5748 6048 4410 990 9284 1213 5478 6372 52 7221 6234 1810 1268 5383 3076 3296 2067 5705 5058 7611 3343 2870
10 5505 4048 101 9556 5487 2323 1000 8895 359 8596
22 9967 6252 568 1697 1610 3362 3297 2193 0 5518 3056 5610 8935 2943 2471 7767 1060 3125 8707 805 7996 5836
25 1119 2507 8323 7546 7572 3789 3083 7584 9694 2218 6262 5981 2935 4892 4263 9959 7991 1856 8356 179 5254 392 1084 2888 3781
25 9559 2426 364 2302 7677 3839 9474 8953 6346 9737 7374 7805 9710 4784 1235 3806 5852 123 574 9528 6170 3900 7281 5819 6700
25 6108 5500 7686 1635 6329 8747 8951 4730 5851 2111 7680 687 6249 9801 787 9978 2345 8390 5231 80 3668 3834 9247 2448 7058
25 7322 3580 8998 1218 2537 1768 4442 4328 5351 1109 1417 3660 5308 7542 8229 3489 6347 5262 3299 7032 4166 1481 7303 4061 7783
25 654 8425 3855 5957 152 4482 2155 8403 3799 3505 7061 8825 889 1224 8347 3267 5796 5243 804 4419 8001 3287 3591 6653 7824
25 7394 5970 9649 7737 2434 1494 7909 6762 8990 2089 4420 6999 1982 670 2414 358 9083 701 6629 3350 4650 8483 6688 1195 5148
25 9581 1414 4011 6101 730 5187 1487 4481 1872 3709 3559 9143 188 3595 8689 3545 5418 9853 603 3558 5842 9214 6300 5173 4295
25 6495 7877 1002 8978 6756 9464 7648 5701 8833 494 3770 8695 5675 1394 3674 4850 1535 3590 5196 6343 5020 8144 3937 3780 8488
25 3647 5815 4119 2368 1804 6842 8637 8112 6647 744 5670 6920 8099 3007 6939 6105 9053 3711 3957 7523 4126 2474 4891 4186 6748
25 7970 677 3196 6110 9477 8937 1428 1944 9273 943 876 1393 6758 463 6728 6436 5722 7426 339 9098 5337 5065 5038 2447 5150
25 3982 3817 5491 2422 6584 8504 8285 2072 241 8407 4014 3394 4464 4621 5570 6324 4389 3718 5676 7543 972 223 8666 7673 6368
25 2379 7463 7911 9648 4910 950 5157 5844 751 5050 9219 304 3845 8961 3628 357 1767 9825 2824 2669 1400 8874 240 8919 3766
25 9788 5227 2711 3936 5782 332 427 4326 5221 7271 4734 4539 9322 1318 5256 8281 5230 4015 6080 2066 3467 373 3933 758 7335
14 5991 7671 9251 7071 7043 1561 6251 5758 1679 7907 4398 6823 5943 2620
25 81 8179 5307 6530 2293 4141 586 2551 7344 2544 6103 3006 6393 7370 9324 5671 2097 2655 9943 756 4292 5515 2280 7524 5631
25 6145 2424 3410 4223 7690 921 3453 9526 5866 6571 5081 727 5734 7461 4505 2337 2839 9565 5488 9425 7432 6551 7509 6052 5723
25 4460 2768 2784 9768 4164 5662 7762 3133 9195 1455 959 3118 2630 1172 3115 9865 4874 7354 3903 3649 4991 8777 1184 2833 2032
25 3330 2573 1670 5031 2044 4034 5534 2393 8063 9376 577 7440 4159 2395 6655 6797 2102 3014 6256 2592 7126 1825 1585 2073 4057
25 2522 2718 5913 7631 1792 1537 6703 9833 1123 4660 4019 9842 890 3101 1171 6025 924 2638 2798 8966 2363 9608 2321 7423 3400
25 4536 187 3236 7211 128 1667 1211 8094 8901 153 2229 4100 1295 7645 4831 2311 2709 9107 1501 7664 1020 4129 2392 4570 4976
25 3066 7913 5359 849 6272 9625 4113 991 644 9268 8610 7552 5326 2080 4682 5396 7241 1099 7177 6671 521 7674 7676 3097 5458
25 3091 4788 9952 9874 6969 4137 415 7498 7562 7081 7103 2513 5729 9778 9498 8549 1401 4946 1151 4979 5183 9669 3716 3987 3032
25 5604 3708 9763 5954 3451 7342 8682 8876 1391 5702 399 1981 5506 1011 4368 9142 1730 8811 8327 8461 5935 6037 6837 5682 1212
25 1041 6815 9733 9177 9381 425 5076 7663 5164 4941 6016 2756 9362 6070 2996 4362 609 1769 2672 9096 2487 4308 919 3825 1909
25 6245 4090 3640 967 199 7433 301 5124 5889 6865 3753 9496 8422 9885 1167 1548 1360 4534 3189 6204 8626 2103 6046 5555 2163
25 9742 7806 8328 8072 3510 3396 4605 7812 777 9460 5742 6152 3399 8646 6820 7658 6827 9973 3838 850 7885 7356 9367 9873 1044
25 4058 7929 6633 8448 533 5948 9645 1129 7726 8830 8294 4793 9760 1003 9091 7160 7781 858 4172 5056 5916 707 438 8611 8211
11 8449 5860 4511 6544 4603 2528 6285 4858 5810 2561 641
16 1146 3475 1860 6747 8228 4031 9824 5614 3211 6743 9310 5979 1536 9578 2983 8994
25 4869 1384 6139 1386 1324 1913 3230 1085 7078 388 1614 7453 1064 2762 4210 8127 591 8531 7358 3177 8866 8238 5545 6479 7049
25 5694 8509 1664 105 8035 9240 7364 6804 1396 484 1612 76 458 8543 4483 1225 5863 6396 3423 8930 192 4271 5429 3349 1669
25 5721 1325 4208 5746 7777 2394 1348 8955 3039 2160 7004 5880 3436 4259 6201 3447 1009 6717 6054 7980 7556 2897 9210 2223 8463
25 3139 8548 8198 9052 354 2291 9972 91 1684 1250 1045 9877 6628 7594 8134 6532 4804 8697 4662 5543 2101 6019 7660 9736 6458
25 7267 8088 6378 3403 32 507 7691 956 8018 6566 2766 9435 7407 8844 1185 1998 737 4022 8556 8317 1379 3745 3533 6573 5673
25 3557 3833 3469 9347 6261 2825 9557 9583 3759 9731 3231 126 8752 1392 7333 8287 1370 4222 4581 9756 4900 2476 4813 903 4040
25 3191 1838 7379 5756 8085 4958 9487 497 183 15 7796 8401 4634 8141 4118 1795 198 4573 6453 5884 5118 1650 4268 3106 955
25 1554 6831 7891 9814 330 8277 3592 9064 2866 229 5618 5959 4690 4251 6542 6697 5246 5261 4943 9773 1507 1868 7001 9876 2880
25 2714 4078 4475 1904 2173 3439 9744 7916 9263 8182 5730 3811 5430 7062 2398 2222 5657 9961 191 2310 1258 3094 6035 5361 9472
25 8124 6228 5875 7284 8135 8379 6989 3909 6713 5713 6839 2319 5121 1796 9728 7835 2058 3395 4480 43 3275 6496 6603 3408 8580
25 5018 8878 8493 2791 565 6220 254 7635 1368 7246 5356 9566 4360 6777 8039 217 4521 1463 4993 9051 7661 6449 421 1148 831
19 8762 1833 8520 6735 7228 3345 7406 4657 8563 9189 149 1116 1389 6312 8242 8532 2145 1174 3367
25 4220 157 5285 4588 4355 2783 7143 3610 4331 1101 686 7258 6179 9470 1435 917 8917 3908 5501 2723 5468 4281 9005 8794 8684
25 6159 4467 3028 6173 119 4782 277 6426 4626 7341 2948 8312 7381 4388 6821 1957 9308 276 4769 5319 7306 432 4606 4542 9938
25 8016 3629 4143 492 6610 7359 5952 353 6947 2164 7106 4762 1296 786 1656 1457 8658 1894 7348 6787 9417 4923 8185 4729 7731
25 559 8728 306 9366 4317 1836 5579 4394 7730 9321 2086 2042 776 1946 496 6117 4218 4091 8387 7859 3715 3140 6917 4759 3871
25 1057 2941 5237 8795 3068 3731 1297 4966 3373 1420 7171 163 1238 9867 5975 4691 7220 4684 3010 7656 882 5328 1581 8005 3724
25 461 1528 3947 8348 4361 1381 8344 7620 7332 6322 4333 9651 6049 6874 1702 5479 998 6215 2371 5834 7995 8770 7473 2490 263
25 8046 252 9128 8609 951 7643 204 8904 1942 7015 5910 1643 9939 5565 1592 6414 9218 1712 5638 597 8924 7416 7484 6118 5922
25 9880 1978 6463 8753 7684 486 4441 5279 6681 4406 5042 2154 5904 9946 6667 3953 3979 647 333 7151 9883 879 7601 5547 5944
25 2352 7094 9820 2518 4990 3740 7659 1873 9075 5064 3901 83 6389 3472 3917 4038 8305 1920 7608 62 1449 5791 31 491 6221
25 4572 297 585 2722 3636 6741 6921 2399 2777 2556 5622 5578 9886 7903 2092 6314 4334 2256 5612 7124 1483 2435 9178 8602 8898
18 1586 8184 208 1564 5226 9848 8173 6668 2621 6682 1947 2023 1760 261 8669 291 2443 8000
25 8525 6424 584 7732 2928 4089 6178 1448 3532 9859 4775 6600 2050 2840 3738 1241 3136 5075 9453 685 948 8608 1633 8154 1479
25 355 7435 2036 1352 3411 1723 7662 345 2453 3465 2629 7366 6376 7873 9571 4982 1345 2506 755 7969 5286 3204 5843 5410 3880
25 6907 1023 7630 4854 9819 1995 1970 7460 1676 4987 177 3593 2837 812 7578 9591 5989 2956 8922 598 7827 3209 5752 6364 5940
25 2346 6547 8149 9851 4471 3503 8617 7068 7279 9822 5302 8513 3832 914 8621 2801 1083 5750 3254 9217 6676 6665 9637 1158 2724
25 7345 6745 2769 6634 4472 5107 833 8151 9159 9319 7987 3407 2244 9727 7292 771 4430 8201 2795 525 4269 8678 8337 7478 4350
25 4810 583 8262 6425 2106 6475 2436 2473 3159 5306 5342 2811 6323 7894 4055 5181 5845 4036 7696 3365 5450 3382 6095 4288 8943
25 396 9030 8254 9492 5699 9610 6686 451 8854 1264 4947 2713 6116 173 4925 5733 3861 8278 6464 5095 2372 307 5697 5407 8527
25 8587 190 6558 318 2651 5240 9153 7276 5630 9950 1475 9697 4899 5019 8889 1094 3095 2358 8632 5807 2351 8092 2380 1032 228
25 6514 1227 8892 7082 982 3993 4875 2989 4213 6727 3074 695 3736 7703 1604 6242 3538 9041 6631 5795 9066 8142 7057 4731 3335
25 7285 6794 1233 2357 1365 9132 3098 8945 7567 8416 278 1130 2383 3756 5901 6264 4554 7470 5336 3769 8100 9854 9982 8519 9995
25 4074 8406 6849 7612 986 9923 2810 4639 2234 4564 4840 2667 8616 6203 9150 1307 1154 2757 877 9590 3727 1517 8371 5591 1366
25 1155 6055 6410 4403 9316 6392 64 7685 5172 3141 3584 1714 1597 6447 1387 7689 7707 1579 1726 5447 9903 7257 7324 6390 1210
25 3980 5300 3758 8766 4645 137 7176 8872 2181 9031 1774 2808 2438 683 65 7622 2891 931 110 7023 1419 796 3520 2201 9294
25 3213 817 3291 2654 8051 3058 1693 9482 4828 8806 6513 4072 8828 175 8032 9686 6624 7305 5096 3941 7395 4436 4633 9290 8386
25 4802 55 5717 376 2401 2939 6306 5453 8087 2021 508 7791 9902 9722 8297 6588 6018 9831 7 2843 2157 323 1701 3184 9499
25 3548 7779 7534 3073 992 1175 3341 6687 5105 1746 514 5921 3416 8583 6891 806 9597 9945 630 3158 9582 383 7906 5623 3535
25 1989 4848 5881 8426 657 4953 9757 7636 244 9706 1584 2052 7520 9683 385 8025 8873 3956 260 9036 1839 7481 2689 5977 8385
25 4112 9927 5475 7679 5530 4409 6094 9436 5827 9501 1598 7842 1698 8763 5725 4715 2475 5493 5828 2463 4474 9580 321 1972 2117
25 9313 8840 8420 3116 6684 1276 9138 6467 4270 7018 4653 4591 3277 6121 9879 6608 7095 2974 6826 1976 4463 6592 6100 2606 2734
25 3359 3104 2986 4973 3904 4957 9524 4455 169 5329 6146 7943 501 3526 6995 2932 1018 5318 6636 5839 5706 1898 7297 9486 9383
25 3337 6706 1492 9358 658 9087 7312 1355 3102 1943 319 1470 7654 4209 1165 1965 2274 7559 162 4514 7725 1196 807 9635 7136
25 2721 5744 2576 6340 1590 326 1799 1891 3516 8622 592 5350 1578 1638 1632 9122 4765 9491 4808 2553 3440 9802 9123 1014 6153
25 3779 9523 3307 7704 7191 7116 9314 9361 6213 7515 3234 1444 2955 8340 7365 3963 4359 3898 2779 3388 3441 5275 5431 5029 1751
25 7653 4839 2641 7975 1251 3398 578 5779 772 2121 1342 733 2024 9643 8743 8466 1616 9423 1671 2472 1600 3517 3284 2726 8508
25 5794 9563 447 5511 2167 2850 2665 348 9836 8800 3854 4104 3282 9370 9958 9327 7541 9629 4161 4444 7976 2014 1573 4592 667
25 397 3426 2292 2754 7250 6202 1835 2857 708 4407 7203 847 9593 8136 4053 8050 2226 6657 9081 4432 16 7838 8355 570 3671
25 8150 303 8848 9845 5120 8546 7563 5373 1271 3009 1037 8913 8326 1907 1033 9213 5980 5206 7170 7705 9235 4416 1969 4814 1059
25 7248 482 3148 8303 1623 4171 1997 2385 1511 1441 7999 8643 1458 2599 5661 2789 3244 6923 2542 4799 5126 7035 8405 535 7818
25 7817 789 7431 1372 300 6455 4385 8129 6119 7443 3070 4535 6469 3351 1344 7675 96 2822 9223 5790 8680 9717 944 7349 6302
25 964 9473 8783 4913 3323 9106 1709 9055 8526 4128 9394 7098 9163 5519 6176 6229 9124 6326 2572 3971 7544 6028 3794 3390 5637
25 9028 6663 445 8187 1503 9631 6172 7761 189 5339 6375 7592 8074 337 9155 3571 8476 4738 7932 1728 8852 1287 5811 8057 5204
25 6281 372 1339 2548 8133 5347 9530 9600 5375 2884 546 7750 4033 22 8725 89 8019 5456 3302 5560 3128 9808 7051 7751 901
25 1415 61 1734 6404 9137 7811 2545 1246 8809 8831 9395 4491 2179 7024 7802 7272 6167 4399 4596 4284 3303 1173 9759 9307 2679
25 9252 1949 1609 6420 4003 6098 4101 8562 3895 1986 5014 7447 440 8601 9111 8280 8276 6166 1074 6488 3318 1770 4795 3604 9622
25 5895 5161 2212 8077 9815 6454 4016 9810 8511 2930 4121 7719 5911 1690 8007 8810 5648 8818 8855 9891 5832 1144 9048 8363 9095
25 9455 7110 933 3685 935 1320 6856 7208 5249 3896 2462 1622 9490 7760 2656 4681 366 556 3143 5416 1923 5024 3415 1055 1602
25 1625 1353 5712 3334 1216 4614 7994 9549 2994 8469 7006 8027 7506 2583 9224 7782 7408 8414 1996 848 1063 2746 4005 2623 7459
25 9919 1010 1993 3317 3261 2781 3493 4871 7548 118 6237 9193 9418 9682 7063 3016 5896 7908 9233 3899 5436 3037 7953 9714 142
25 7741 3560 1186 8588 5724 4602 942 7715 112 8491 8662 4351 7790 4610 2563 6328 3747 5936 6554 1180 3401 6144 2098 5596 2848
25 5908 2944 7139 1102 9767 3784 7456 9341 6775 3699 3145 7031 215 7747 7510 8275 2632 6574 2028 5053 5467 9875 4530 7214 4909
25 539 6198 8823 3512 524 2333 6279 7147 2370 121 5692 5715 1531 4343 7652 7897 8886 9426 3306 2069 3162 9427 13 7801 7111
25 6353 7937 268 4449 2973 6268 7492 2875 9546 403 2785 21 4345 5669 6187 4515 1875 6510 3385 5047 3033 9857 5846 7184 7869
25 4735 2123 2026 9640 9678 6150 9986 9180 4643 5878 5353 8506 9518 5583 1337 5165 855 1361 1694 2349 5066 3402 9771 3858 4354
25 9689 7952 6904 7710 2335 5816 624 7037 1587 6885 7920 2835 9758 9671 2763 2039 5645 7450 6936 3923 1954 925 3683 5691 1134
25 2313 7455 1605 4781 6580 7454 8683 4250 7474 4264 4312 2062 2431 7402 3404 2712 6590 2158 7695 5149 1495 3797 869 2624 8847
25 3206 8029 8274 7692 8116 3583 5369 4456 9133 4117 8824 4881 8845 4378 335 7505 1750 9529 9745 2868 7603 4192 7375 9793 86
25 7536 7884 2031 842 1630 1222 1232 9450 3124 8737 689 1924 4266 779 7009 1806 8813 2257 6001 7360 8256 4315 9907 783 5923
25 6133 4717 4439 2577 9282 3036 7729 4099 1179 320 4366 7414 8471 679 7550 841 5740 73 7212 1025 4968 3954 2807 8217 2813
25 4306 2327 1628 9452 871 3778 3735 8842 9761 8782 8125 1747 7757 8078 8524 5355 3363 3942 5367 8522 8418 3348 9942 5276 5232
25 9118 7114 3988 4200 8146 4595 8485 8742 7914 572 7525 7720 1330 1840 2047 9279 814 9468 4680 9094 8985 2792 346 4348 8008
25 7181 1803 2088 6450 7372 6896 596 2831 5267 9539 663 6578 9953 1591 4934 7545 8003 6411 6964 4504 8604 7350 4526 68 7002
25 9459 9579 2374 166 3169 7337 544 680 379 9479 9239 9941 2127 803 1753 1291 2195 5707 9638 9007 9660 4911 7039 7489 5408
25 9097 2912 9743 9385 5084 3364 4021 4256 9962 2565 2445 4339 2255 3470 2417 743 243 7261 5277 2976 3336 1001 749 4418 6266
25 6692 6321 7962 481 6967 7451 5847 2454 8200 2133 3075 7222 5041 5526 253 2116 1732 7458 6993 5588 5111 587 1809 5841 9918
25 1686 7746 5636 41 3445 6058 5838 6517 5334 6059 9157 8906 8106 6047 2427 3419 3924 9391 9237 4342 8223 8677 937 1663 7183
25 549 9109 5902 3866 2673 3319 4632 6443 4857 1827 1715 2535 4353 4718 9975 1808 9827 7480 3272 5119 7540 60 3964 899 8925
25 1975 4437 4070 5282 2802 4888 6905 6597 2207 2710 3478 9639 510 5556 363 8139 6691 5938 4783 4740 6497 2342 8138 5937 9241
25 5837 5089 6206 4405 6825 852 4371 1790 3269 3438 7743 384 3742 3072 3893 2619 8246 9932 4030 6429 6143 4197 4707 7776 4296
25 519 4396 9869 9164 832 5021 9963 5584 5835 4642 9534 9720 5907 6540 8264 3519 9895 2892 5115 6500 6295 429 8269 6294 4841
25 8079 1252 5856 1201 4233 7256 9379 6742 280 820 8599 6664 3550 7650 6241 3961 7893 2708 7420 3567 500 6136 2146 4393 6111
25 4291 957 9495 2958 1046 5069 5564 2248 1491 7837 865 3973 242 6604 9748 1259 8454 5357 6760 6640 5986 2659 1646 4177 3172
25 2517 6843 3160 5214 9947 2927 9065 66 9607 6231 1412 9368 235 3574 5166 1229 7050 6033 6369 9791 4131 3422 5474 3850 9169
25 2646 8932 3276 7993 6470 4245 5783 4111 8155 7558 1464 523 8540 6008 5200 8041 7871 9552 2687 9931 4896 6929 790 8352 4905
25 6398 5335 9627 8192 1289 6081 2570 4677 7290 7415 4085 9208 6914 5925 7734 6949 9807 3360 1120 8977 2001 1718 3892 9747 8208
25 9780 874 513 8761 1755 7712 3754 4566 1756 7879 3761 6366 2040 3935 4044 6803 2012 6299 8841 6482 2199 3932 3641 6127 4649
25 5658 8271 8711 9843 1240 5394 161 1461 655 3847 453 5210 8234 7262 9022 8359 3741 4369 9716 7979 7053 3945 2152 2770 325
25 2806 9411 2603 7668 798 693 2332 3621 6757 5809 1234 8544 4000 1814 8258 9488 2555 5167 2064 1231 3063 2772 7738 2707 6246
