26 549 6189 3176 4758 5540 6316 2198 4209 4021 2955 2686 8581 4069 9779 2199 2317 2146 8858 6551 9091 1032 8866 4996 3766 2312 9418
26 1776 1218 5572 3461 1721 4988 4113 7604 5824 6511 6313 1468 4236 8935 1871 4361 8077 4799 6037 5275 6559 3995 432 3346 2853 3021
26 6745 5875 8609 5238 225 5076 3469 1638 6761 6668 3404 7521 5561 2360 2579 7202 317 1345 5502 9218 5631 5168 5395 2689 2926 3088
26 6913 1879 7401 881 4775 3826 1169 7220 704 1316 1533 3642 8013 132 9422 5153 195 60 701 1055 2133 6594 7303 3048 3349 5563
26 9864 1496 415 7086 5176 9694 1693 4246 6041 120 9727 4718 3763 8988 9407 6898 7523 6142 8140 9009 4316 5038 8313 8468 6931 5513
26 7657 837 8188 9283 6582 8860 1738 380 2229 8792 3256 3429 9699 5706 1857 9336 5461 9318 7219 564 4691 8315 6195 3618 569 9914
26 734 1024 2539 1113 448 7162 2904 148 668 2859 5256 1071 6921 7589 3192 8476 1920 2408 390 7707 3193 2080 7201 635 3012 7408
26 1138 9523 6922 3743 493 7886 2875 9974 8767 6537 2558 5482 6060 6416 3646 9540 4261 3815 8733 4757 2692 2671 6017 5937 3791 4317
26 2949 9256 5717 7028 2927 5201 9972 2613 7081 1051 7096 1368 9400 1116 6369 4683 8821 6151 1812 4451 6869 406 4025 8131 7597 3868
26 9313 615 4693 4914 1232 4359 2566 8126 444 2574 9162 3075 9950 2213 8920 2824 2259 3715 344 228 8392 5496 6212 2981 4041 3689
26 2944 3906 2455 9190 116 7403 1942 1681 5100 9319 202 3483 6366 2846 1253 2721 6661 5972 4081 6395 8666 8802 123 8633 4277 943
26 3869 902 613 3972 8149 4624 4573 361 2898 1595 8644 5289 3390 4335 7654 6892 9352 3433 6470 693 3686 1957 8168 3781 4886 3702
26 5868 5562 8059 2059 8034 9274 1159 5618 9135 5215 4992 2858 7660 2619 2157 2826 3764 6295 3484 1398 5977 9638 1619 3665 7281 4005
26 2883 5971 248 92 6402 3993 7265 441 7145 8263 3599 9535 9789 460 6224 1885 4524 2358 7217 2468 3447 3523 5207 4469 6616 3491
26 8773 2663 6190 4881 9089 4074 1523 6259 2590 8928 3186 4472 1811 7060 781 6273 4674 6148 2318 2450 6524 2730 2786 811 2691 9999
26 3607 6747 7329 4971 6985 6422 9170 809 6407 7273 1926 4548 473 5305 9730 6701 525 6250 9668 1596 1728 8208 7182 3301 2839 5985
26 8965 1530 2620 6762 1955 7389 7761 4122 4560 8037 7859 8242 5849 2575 6232 4367 9971 9560 5046 8172 9329 6870 1327 1585 4203 7731
26 9976 6822 6480 9054 9127 5779 9136 2102 3634 969 1065 5327 6339 118 3920 6994 6543 3877 197 9194 8089 4960 5459 2476 722 8605
26 7088 3692 1634 6739 9862 5516 9276 2712 2383 708 9654 7321 1650 8855 6605 9837 8031 5028 6978 9721 362 5947 522 3724 8490 384
26 4687 1508 8614 9897 6882 5385 4840 4291 5892 596 3733 6306 4442 4871 9235 6235 4700 5121 1730 8267 3069 7509 8507 1280 4987 1893
26 1002 4984 2942 6413 9345 363 6485 5864 3420 1364 2260 4353 5417 324 4204 9857 6803 4000 916 8414 5177 6781 4818 7641 3637 7881
26 9752 4415 3148 4511 8693 4403 7698 9863 3230 7860 7392 6298 2053 6285 323 3771 3039 4298 6992 7670 2457 8183 234 3836 5685 8217
26 8758 7230 1438 4705 4558 255 9366 2995 6930 786 9983 6309 3553 4944 1810 5452 8606 1435 1197 8005 4814 8467 3900 4436 4186 4420
26 6744 9140 2718 9492 5263 5045 5005 7493 9471 7820 8291 4378 974 2381 7735 6299 9861 5532 7213 8897 373 5823 3871 7165 4091 4390
26 1209 610 982 4767 7971 9012 1281 2631 2431 2407 5751 7502 239 1589 1117 4247 504 9008 1230 8115 5776 9582 5312 8837 6439 6090
26 1037 3119 7512 6133 4940 5112 405 1986 8823 9785 4713 8748 6363 9053 2363 269 2268 1401 6642 6486 2225 5326 2449 6521 8429 8793
26 7070 8653 6658 6023 4345 3396 775 5567 7548 4473 6332 7708 4970 952 5625 947 7250 591 8241 2027 4922 7834 4596 4769 2541 6221
26 5721 6269 7432 2436 1772 5866 9341 3351 6626 2145 6137 9445 6351 4985 9748 5014 53 360 7992 3142 3528 2567 9093 4197 2169 398
26 268 2167 3918 3512 6886 7793 8829 7092 475 531 9732 3018 866 5186 2029 2028 4478 1405 6944 51 2933 3378 5822 9558 9700 2308
26 8073 1500 8962 3066 402 5428 7726 5861 9939 1485 9488 7306 6777 4663 5268 1568 5353 9439 3064 5258 8405 9937 8906 8849 3106 5296
26 6965 1861 9473 4706 865 4212 2500 9962 6262 6102 2173 5976 3997 3639 824 526 8931 9995 2743 6233 791 9014 5894 8980 7506 3298
26 4352 7929 81 328 6729 645 6570 2091 9064 7157 1894 3154 9917 8619 897 1042 365 7983 3638 6795 391 4923 8770 259 1150 6665
26 2917 48 3329 7843 3157 3583 8435 6614 3806 3389 1298 2972 6677 9145 4851 65 3131 7433 5531 1856 4731 4841 6489 7252 9517 5573
26 187 5510 7209 586 3008 2122 8033 6746 4599 5074 3506 3845 5039 651 1416 6754 4896 8908 9943 1449 4565 8894 2947 5707 8921 7015
26 1105 7104 1866 658 2670 4990 5853 1764 6593 3750 5111 2625 5729 4947 7031 4889 5363 9098 1099 4145 2439 3969 3143 9573 7673 7655
26 3696 3294 9586 3104 2696 2675 1365 1921 6473 2549 7010 686 2650 852 6388 9879 5276 5271 9217 3422 3676 4707 960 6405 5790 948
26 4309 8262 9851 8761 8856 2652 2482 6539 6991 7682 440 5844 2428 9500 2801 683 396 9063 3201 9692 3898 9446 8423 5720 3097 9770
26 2135 4935 8831 9556 2984 494 9858 5981 3355 6667 9428 2965 7367 3625 9844 2040 6472 6937 858 873 6088 9855 2779 2610 1663 9519
26 3530 6703 3073 5554 6880 736 2354 2989 2414 5602 9031 4505 5391 1477 1166 2396 1690 5333 9931 1167 4629 1698 6872 2744 3297 8947
26 2356 9084 502 4782 1637 5570 3924 5959 618 6896 4593 670 8497 6699 6917 1389 8616 9208 7896 6546 3243 9310 2751 9390 3255 7362
26 7196 8520 9733 2519 2031 9610 5012 2364 6399 6330 5627 7857 545 8911 9462 9151 2550 555 4962 4876 2953 7672 3712 5118 6271 7760
26 7383 5885 3236 7134 1531 8460 9195 6437 6962 6415 7605 4322 536 8725 890 3925 2150 1126 4678 3291 5077 6819 4580 1765 9776 2172
26 7862 1891 823 2042 403 9680 3121 7125 4514 3108 6163 3083 9182 1481 5852 954 8807 8763 8010 5930 7999 8744 5905 9099 4588 9048
26 8102 5049 320 5234 6925 601 285 3337 6812 5603 8835 2165 6596 1484 6136 192 1775 4870 6685 684 4753 333 8985 6 8046 6018
26 6633 4094 8932 3974 7448 6270 1620 7266 4055 8134 1096 1056 6448 5826 6497 4161 3889 5210 2491 6170 1719 1173 43 7343 174 2593
26 3090 3579 9514 624 3077 126 9867 2187 1420 7171 1858 3790 609 8229 9682 4259 1133 7079 388 1213 7954 5337 8805 2770 9013 4793
26 55 2009 5008 2702 3940 6771 8737 744 4866 1692 8027 8269 6566 631 9648 3943 2700 9802 3932 3376 7991 9029 9178 3402 1408 3367
26 1305 7005 8536 2296 3904 7564 9209 7056 5073 5329 6469 3632 2018 7334 9413 988 9395 7177 505 3668 1039 6714 3617 4897 8861 1998
26 7575 3149 1790 7692 1688 8529 3078 7847 2667 7267 5347 5763 9835 7439 8482 2772 1161 1196 4909 179 5092 5745 7617 8912 8923 6518
26 4495 1815 1630 4397 2565 1674 8346 8214 4045 3621 1912 3772 4619 9570 7149 332 4051 4974 346 9990 1801 4836 1379 6997 1191 289
26 6252 2738 7884 9018 6966 5656 5808 698 2160 4033 1782 5584 7836 7139 1662 3035 632 3353 9294 9465 5691 3670 8233 3664 7489 31
26 4435 3371 7438 718 2153 608 4321 6188 175 9000 6967 9171 4087 6708 8193 9616 3033 6671 4305 7054 3838 3559 8352 7131 755 4303
26 2735 4119 1745 3188 7043 9269 6104 3775 720 8006 7426 1771 358 45 9525 3446 711 7032 8474 9982 1026 1419 9916 5851 5476 5919
26 445 1833 3654 7082 7777 8356 283 7931 4893 5537 4464 9491 850 8729 3115 5184 7354 3454 1758 3162 3695 5781 345 1552 1354 641
26 957 3947 6404 3205 3986 425 8039 278 5297 9386 3463 8250 7668 486 8431 6859 9284 3962 1705 3756 5460 5667 8180 1028 7565 4419
26 5018 8489 7499 5054 2585 559 2180 4114 2614 3076 8967 4448 7132 1179 256 9120 8668 2815 6431 2195 1083 9808 5016 1020 9280 7522
26 1992 6263 9128 3234 7815 5621 4852 3556 6776 8796 5495 2292 8079 8528 8015 205 7353 8592 3347 3941 6433 623 7909 7951 176 5376
26 6228 640 8662 9297 6367 9377 5958 6248 7822 7718 1352 8649 6820 456 4647 1275 3762 2498 6241 1759 2594 9669 3415 9472 327 2481
26 7957 7889 482 6164 5412 7918 7927 4950 6409 4561 5191 1864 3300 8160 6589 8526 7568 7963 1225 6167 4189 8453 3788 5499 6748 4736
26 8029 5497 1251 9744 7528 8822 9085 8665 3314 2045 9498 5448 5464 1076 2467 4843 4977 173 9883 1404 2478 869 5909 9369 8541 9829
26 6884 3049 4260 7513 9900 1252 272 5278 6561 3009 1267 4600 9379 5068 4809 2052 2379 6867 6105 5162 904 5102 9097 4559 8319 6960
26 3442 627 1260 8434 4302 9440 9116 4172 5518 7993 8672 9618 26 5356 2111 2629 861 7852 7130 9331 7127 7412 9609 6899 940 6600
26 3629 3358 2547 3765 1503 4825 1466 1342 6976 5372 4459 5812 8400 6574 1643 5130 5134 1645 828 927 1432 3417 5011 3456 3656 9910
26 2720 8574 4223 2426 8890 2896 9509 5157 2451 177 4076 863 6256 6895 94 9659 2262 8567 6852 2530 5223 3080 1929 9599 5682 1118
26 6277 6338 3403 3785 6584 646 4394 1660 7743 1075 4682 629 6519 449 5804 5689 3683 3002 694 6096 5264 3882 8441 747 1146 8982
26 580 657 3859 8004 4630 3531 530 8103 9479 1238 3649 1980 7974 8278 9296 137 3973 2389 806 4578 3458 598 1472 3341 3259 1751
26 5324 5300 3866 1494 9267 7309 4349 7440 9262 7370 3662 6655 5690 13 414 5010 8364 7317 6720 8808 6595 1208 1120 8480 4808 1439
26 9090 8902 7666 7574 7788 3970 2281 4654 8064 2494 5180 293 8248 3606 2935 1478 3718 1337 2256 2266 9373 9259 6147 4296 4268 4868
26 8708 5710 2016 7323 5566 377 168 9757 953 2399 8745 8604 5925 4609 7260 7590 8620 532 3074 7841 8337 9646 3485 7112 1204 3827
26 4450 4788 1797 6649 9100 8159 6705 2991 7541 1781 4685 6515 3536 8450 3467 4912 5545 5734 5733 2032 33 7423 5020 6979 2196 1284
26 950 3773 7287 376 2250 1997 9037 1222 2374 2945 151 527 4130 5597 9173 9017 6025 702 8534 7050 3016 5896 3767 7065 9536 1018
26 2008 672 4939 281 9563 1286 8368 7835 2025 8492 6010 6204 6987 7906 2977 6445 1456 5334 5506 5683 4439 9169 8957 5174 1636 2812
26 3740 8111 6842 8302 7516 4372 1012 572 6833 6601 8878 3980 4265 2990 721 4165 6860 1941 7925 1607 2569 7966 7487 2253 3522 7036
26 3253 4428 8848 5829 7807 8170 7417 6785 8074 5830 7227 5325 9027 1205 5974 357 2921 17 4287 7035 231 2168 9032 4509 4401 835
26 303 2695 6804 9546 3601 252 7554 1598 2504 6031 1041 2707 7486 1307 7500 3704 4131 1063 3992 3878 7023 7818 9797 2421 9642 1821
26 3549 9852 6682 8088 9872 1186 4135 4639 6643 8968 712 2595 4380 3660 9126 4917 5095 2475 5726 2427 2554 6011 3464 2170 8301 2269
26 6724 8629 4938 842 4833 4235 9180 8857 9505 6398 5360 4224 983 1754 5196 7063 3644 9295 2950 5269 7891 9572 8975 5672 1214 3272
26 6381 5218 2237 57 4184 2126 922 8786 9403 8500 8444 8125 4046 3926 9111 7720 7205 3543 4934 9810 5467 3275 2210 5361 7111 3161
26 935 3398 8610 4125 3578 6615 8798 6013 8986 3316 2270 9889 5594 1392 5505 5814 6612 6055 9521 1089 4445 3089 6606 1377 3569 766
26 3855 4437 9167 6924 8772 3609 1999 8583 7368 7535 8293 8361 703 5962 5250 888 705 6545 464 9021 1038 7854 9025 7782 9714 8119
26 7709 6786 271 7203 6043 9833 3778 9424 4497 1591 9571 3277 4340 6083 8002 5015 4835 8594 93 6611 619 2289 818 5338 9095 9055
26 2649 5480 1689 2041 1308 826 129 9165 1741 5430 5158 1878 509 1017 8584 261 4904 972 3013 4905 7228 5787 3120 4413 4929 3890
26 3030 5227 2957 7114 3114 6526 306 9895 7331 27 1612 503 7626 7027 6736 8899 6428 6079 7356 8387 9775 5485 2463 7702 2203 1015
26 6807 1121 2975 5701 8881 6231 2661 8207 8871 930 2792 5955 7939 6138 3474 5439 571 5772 1507 8442 4467 7950 2608 872 1948 4949
26 541 3269 6541 7877 3717 8956 2982 8061 655 5374 6740 7480 1862 4330 5929 9605 3150 6333 79 6194 7338 1278 7350 8384 8943 8679
26 3557 190 9071 798 9992 1835 3050 3058 4625 2348 1079 8702 5747 1583 9449 8081 814 1770 7322 3139 2506 4146 4273 8487 4741 9359
26 2327 5377 419 6718 417 6806 9628 9497 2395 6963 6156 2600 7095 6187 4294 3042 6797 3914 4997 5058 8925 2222 1903 2813 3504 2951
26 3990 511 6836 9805 5041 9228 9660 8513 6059 9410 2007 4075 9342 7941 6920 3011 3939 6848 309 6092 1853 6993 757 8862 4399 1789
26 2928 1407 6044 8203 2057 6766 1588 6817 5441 3635 4942 125 247 2668 4983 5604 4116 7681 1916 404 6114 4393 9414 4553 1137 8000
26 3594 9325 2639 7727 6625 141 7045 1355 565 7280 8367 143 9629 4581 3144 976 5350 7199 2609 9124 8253 8332 729 4438 5760 9693
26 8406 6493 951 6648 4980 6360 3736 575 7920 5133 5921 578 2750 3203 322 1679 7110 3229 4556 9453 998 6146 1506 1547 7756 2709
26 622 741 8447 200 9158 7474 3340 9996 4872 4426 7285 3451 4014 3394 6909 8970 1092 5817 1608 2553 804 4178 2821 5560 8377 2265
26 6662 6765 9923 1 5674 6443 5565 4002 8768 6386 6888 3600 9929 3315 4680 6373 7987 3792 4760 834 7295 1976 6449 6181 3825 1114
26 4601 2581 8542 3731 2125 8936 9159 8560 4585 3573 7413 3382 9911 8199 6970 5987 9978 2064 3835 9780 8238 2624 2860 3641 7154 2448
26 408 354 4958 1228 4544 2487 7784 3414 5994 1109 4327 4724 8869 1935 2704 7811 3960 2437 9332 5863 2540 8154 8320 4729 6260 5067
26 6115 5406 3424 9537 7686 1168 8148 753 4907 751 6932 6730 2101 7878 1627 3902 4084 6481 3060 2336 3814 4803 5051 3369 7284 6143
26 1973 4003 9429 1768 773 6068 7218 6230 6989 9006 1053 3916 8117 2417 558 9210 8060 413 1158 466 2572 3620 1961 5736 994 5147
26 5920 9820 9254 2422 9238 7118 5799 9460 32 5569 1443 5619 4331 5897 4375 7254 1803 9455 3677 4310 7719 6509 5066 471 1680 1545
26 5445 8909 8742 9474 4653 8157 4541 9874 2532 4285 8813 9933 1656 5364 4538 4571 8740 5648 9467 1497 9443 1261 491 6955 5509 4417
26 117 1335 9553 2406 8670 6719 3867 9697 7326 5320 4898 6866 8514 742 8070 5056 7304 4577 2862 7946 8386 9339 1362 6934 1868 437
26 9046 1794 2602 4207 5792 7009 484 9984 5492 9980 9881 3419 284 5694 9057 9108 1385 5582 9873 1909 367 2970 5251 6210 6075 5578
26 3936 6329 375 4112 2415 5628 4806 7411 8900 5420 6290 3753 7384 2220 5753 3949 4168 6827 1087 9486 2252 3306 5740 8418 8707 218
26 1273 4807 1601 7555 6669 8785 64 8521 300 5768 8538 7422 2452 6686 8394 5795 9351 3822 941 8893 1571 4408 9266 3514 3046 1022
25 7711 7475 2278 3174 524 4895 6132 7729 6442 4482 3921 5590 6580 884 5630 5684 5456 9821 805 4180 7560 9039 7947 3386 9824
26 8292 699 9761 9045 5893 8024 5888 8099 8764 6495 1846 7923 7780 2444 9321 1483 4765 774 2918 1242 6350 7189 9131 3322 5629 8929
26 4709 700 825 9364 5535 5228 138 7396 2244 692 7051 5052 8305 7336 1579 5103 3896 7443 8022 3365 1594 2734 4042 2094 7684 1216
26 8175 883 2074 1160 8485 2634 5457 5660 76 1330 169 6211 3693 3299 2789 6728 9878 9708 3094 7930 270 5586 1462 7669 4432 7458
26 864 7117 5514 8146 5169 8104 6272 3468 787 9222 7724 4440 399 5527 9148 6675 3604 1269 4689 8841 6863 5070 107 1426 898 3870
26 2920 3865 1869 1034 4989 9288 7770 2320 2777 5083 9564 1271 2069 3547 7097 167 4444 9922 3734 4395 7126 2905 9499 2890 6112 6834
26 3307 3457 1963 5539 8230 483 1491 9594 6315 1964 9268 4805 2874 7485 1740 3395 3130 2699 2477 6242 4392 1019 7355 900 181 3207
26 2465 8420 3459 7867 3783 7148 4533 1967 1603 5211 395 2505 1486 5368 2719 9932 3240 3227 6549 3348 6390 8558 1202 6158 6087 1427
26 4071 6780 6711 9575 5810 4877 3222 193 1250 8177 7484 5943 8457 1796 5023 2968 9891 9081 6520 1049 5242 7621 4175 6569 7888 240
26 84 3575 2714 7637 2216 3499 9832 7179 6688 9899 6196 2622 8721 7221 1767 6421 7420 5142 4611 3387 5454 6933 6853 3327 4374 7600
26 2912 5161 5626 4617 649 7193 5664 3112 4715 8335 9739 5786 4692 909 2024 7540 6328 1394 8424 5399 2618 1763 3189 5504 6288 807
26 6706 3779 4153 5948 5330 277 7915 846 2535 2885 857 7916 8842 6103 7797 4083 5546 5022 1350 7504 1633 2683 1945 8720 4134 8433
25 6466 6202 2810 4885 6279 4661 3732 5481 6862 4170 8436 7291 3416 223 9408 8779 6237 63 5652 6516 5436 8409 9606 5521 310
25 4048 6139 7768 8112 9830 892 661 3061 9687 4884 2884 859 707 2769 6865 1373 2956 5616 237 9918 7026 301 8959 1473 2456
25 4377 9847 90 8187 6352 5306 4969 5908 4044 4282 2158 4342 490 9592 4878 8613 2757 2423 1696 9493 5078 9349 8834 7105 9456
25 2742 5155 2166 880 8505 8979 155 1125 5702 7222 4060 2876 457 2352 1480 9994 2959 3473 5961 7556 8001 2723 9764 182 6238
25 6239 5693 4604 5040 2551 6406 1338 4244 3494 8128 7866 4607 4266 6857 4620 4176 3545 9674 9260 7845 6335 1699 430 3591 3110
25 7804 8477 5477 7041 5957 2033 7397 2330 3899 6540 6281 4423 7697 9597 3153 1959 589 4289 238 3481 1671 298 3441 6045 1304
25 4829 726 5635 477 10 2434 7505 7980 9651 21 8247 5206 6408 1357 3151 4314 2932 436 4952 7496 4425 5501 1195 7183 2819
25 6002 6875 2409 6751 8955 2209 280 9192 7007 5997 1540 7018 2563 3037 6939 9293 4667 294 3147 3803 410 1892 6721 687 5606
18 3168 2075 9806 9964 4986 6213 8141 8067 4062 8322 2870 2189 6490 676 2093 2445 8875 5903
25 1332 8459 3988 1818 4659 8063 1845 2596 5094 6639 1739 6790 2249 5340 1788 4257 153 9355 4306 5378 4323 8083 8303 548 913
25 8728 7870 8830 761 4270 4264 5605 1774 5803 8421 245 2355 4099 9206 7381 8706 6799 5633 8743 3362 6837 1691 8939 421 3304
25 5341 29 2828 6425 2233 3616 8775 4552 1717 4238 6947 2116 4456 710 22 25 4201 9119 1575 3218 1279 3688 2367 3408 8543
25 2507 4608 6101 3829 2765 6652 1221 5212 8651 9163 8243 2781 771 3241 3407 9397 4054 4672 1952 1091 108 3500 9427 4185 2208
25 8787 8791 7256 1487 9617 5310 3895 4147 5422 9056 6310 4053 1760 1244 7378 5373 3735 7728 735 5183 2560 1617 8132 8145 1319
25 6377 4586 6563 7276 2048 5123 7538 468 9934 4198 8307 8867 3031 7308 9438 1514 9662 1686 99 573 4951 669 5199 8185 1149
25 6752 4475 8462 6692 2825 7595 1732 7198 6094 7316 8782 8432 4248 1565 4151 8577 9870 9754 5986 917 2646 1933 5328 4813 2221
25 6952 9869 3067 1817 4154 1587 552 5708 6722 1747 319 9399 3425 1131 2911 4313 3274 4453 3344 5789 8888 7244 2864 416 136
25 423 4637 4196 2343 3047 9087 5143 8164 4159 6885 4228 3063 6876 4295 2148 3140 1711 8825 5484 3923 4142 480 170 9876 5825
25 7210 920 4470 2251 1524 2653 4300 3608 451 7785 3373 7245 6975 8051 7798 6791 6841 1805 9773 8696 5398 7751 8626 9717 3633
25 1515 222 4679 5815 9685 2479 9459 6460 3550 9807 1070 8393 5867 6693 9088 1940 5645 5989 455 5179 8120 587 2961 8898 7533
25 2717 9649 378 7732 9068 9384 6065 8109 114 7624 4106 2703 2144 8907 8100 364 101 312 6070 5865 6349 4743 1086 3745 5944
25 9920 2123 6672 6392 6969 9684 7592 674 5910 1876 2785 3283 639 5190 6358 7723 6244 1934 1800 3388 8469 2729 4030 9220 9760
25 3444 2440 4894 1918 772 8795 3701 2393 660 1351 5451 4761 34 8336 5470 1970 5379 6162 4621 663 1939 5596 4943 1044 2659
25 5500 8698 6916 2382 8158 1067 3685 6312 8590 7363 7978 5292 8533 4880 5473 9825 9671 5079 1052 4789 3780 3125 1841 8232 1707
25 6403 6296 3430 5650 74 4564 8598 8984 1895 6078 9633 3223 4827 6171 186 9490 5522 8765 962 7779 8371 4040 2454 5434 8260
25 769 4863 6547 5746 8030 9001 9955 2651 3976 6249 1444 9715 8360 7197 16 6176 3645 5845 5261 8068 3310 5854 5029 1306 4061
25 8518 113 4936 3849 9463 1492 7771 1081 9784 6047 2954 9348 196 1031 5938 3944 7532 647 7272 5525 6598 5609 7700 3810 4727
25 5743 3082 9191 2520 5393 612 4031 1090 9919 4590 7246 4510 9946 6555 7972 7630 459 4496 1535 6130 6217 6723 9047 5370 9585
25 2112 5934 161 8204 2852 3708 2589 9663 3538 2274 5764 8934 7652 9344 4631 2035 2698 7073 4160 9391 7268 8958 8455 1899 9545
25 9489 8566 2000 4384 3443 3231 1413 2405 1470 5308 4299 5967 9075 724 3934 6763 4429 5431 9007 9376 6227 4785 1983 6507 1285
25 3667 6868 2543 9527 2095 9242 1220 3197 2332 4665 8324 4241 5463 260 3690 1162 5940 3928 7093 4152 7688 5833 2022 7404 7758
25 583 5425 8209 1734 830 9482 7232 1872 2857 9986 1979 3728 5651 9745 3832 3873 77 3180 9432 6949 6005 7960 7742 9577 263
25 6825 9405 4555 6775 4815 5744 5748 6280 3862 4699 97 4457 1475 3795 8516 6964 4770 8162 3052 9596 8398 8498 5874 8363 7453
25 4090 7763 381 9511 2495 1792 3968 5375 855 9518 1450 6379 4666 7904 1649 1901 4606 7895 6019 1036 3983 9241 2761 2200 2070
23 2006 5742 5060 1299 6536 4900 1779 7167 7169 5872 232 6542 9142 4644 9624 5775 8216 958 8634 7185 7159 4243 180
25 4098 4781 219 2893 1716 3793 9645 3722 6374 2731 6082 4486 7953 8673 7278 5557 1573 5075 6302 2643 3517 1778 9338 4156 3801
25 474 5193 439 5716 9559 1762 8445 3173 2051 4658 9435 5820 8048 714 7893 6731 6308 3978 3302 3800 3996 1848 9904 5490 9713
25 7679 7398 802 554 3036 5523 5043 709 6779 8659 7100 8579 4747 8942 8550 1572 9927 8913 9275 5926 9600 6303 8090 1095 9940
25 6618 1537 3759 8118 4421 7515 7352 9416 2323 2092 6427 2110 8694 653 5224 3211 7344 6184 5318 9243 4519 6644 9205 2162 8430
25 1993 977 1605 7293 6814 1372 8903 3267 470 7747 6028 5313 9612 4480 5007 3183 5110 4574 7514 8877 8321 9036 7662 1094 2152
25 1697 7271 8133 9655 4623 1194 4023 7174 9301 2086 7829 1457 2461 6119 3265 6453 9197 8314 1148 3597 7588 8388 7959 70 4047
25 9402 6656 1937 3092 7319 3257 9303 8746 2960 3007 3070 2345 768 5580 2705 8286 4138 4275 5900 7828 9426 7393 5599 7544 4348
25 273 1201 3278 8978 368 208 2952 3133 5548 7529 1584 374 2378 4279 3015 8456 2628 7955 6073 7814 885 2755 9214 6458 3679
25 3651 5991 9604 6447 614 8695 8804 3181 3057 4869 2910 1828 9791 607 9028 827 9826 8234 2462 7938 1025 3863 8226 4994 8138
25 7040 2056 1729 9908 400 4657 7542 286 3124 4362 9788 2756 7885 2303 2873 8114 581 5643 3087 973 5784 783 426 1839 1823
25 5598 9595 9822 1913 7876 1875 3345 461 1198 5267 4614 6603 9683 621 765 5239 7863 9149 2347 4982 2073 9061 1358 6919 9227
25 209 2143 9166 6689 5317 6622 9187 3746 5414 3582 2060 574 8814 6996 6276 5290 4526 7526 8811 9689 499 5688 6266 3612 2050
25 7020 1724 7769 9452 6069 2626 970 1830 7536 8873 7462 2310 1504 9423 6391 3748 3399 1147 9801 7871 4554 6981 3516 3809 6973
25 5711 1635 4318 5132 292 5719 8824 4405 9836 4589 2255 8401 2257 6254 5963 9223 4407 8255 3653 1578 561 667 5404 8240 2502
25 497 3603 6946 9871 98 1566 5032 8382 463 2741 2488 3811 7802 3122 4462 521 3699 2726 2466 1262 8712 9703 5236 1381 6610
25 2020 3818 5089 3657 4371 8736 3146 3132 1123 2350 1291 227 8711 9457 9583 2331 407 2521 6100 4752 3917 5549 1155 6440 7766
21 8564 1315 2657 8419 4584 6274 2690 8727 1277 3843 8404 8954 1569 1536 543 7752 9711 6755 6226 9308 1626
25 5686 24 5281 8595 9664 5366 8747 9077 8075 5088 9144 14 3488 8677 3237 6738 625 1124 2522 3509 1522 6576 579 2188 7375
25 4839 5487 7380 1592 2108 3682 7428 8926 1513 7819 8407 6773 6022 5042 7099 819 7395 8522 5758 3360 5488 341 5508 5423 7223
25 8274 3821 3239 5358 8038 7749 8486 112 4333 6590 1451 7816 7365 6651 7827 2988 8443 7059 8197 3965 8461 6732 5209 3886 1570
25 7463 8190 8615 4028 6871 2443 8296 6856 7488 3927 2701 4369 3004 217 2804 8003 5791 3919 1488 5085 9580 6293 4937 6334 590
25 6645 9503 4200 6261 8228 2245 3636 5493 9968 6444 7805 6676 3894 8428 2114 2371 131 7988 4978 44 8515 919 763 4281 9249
25 6009 353 8671 6141 7465 9751 7710 8624 7231 3847 9086 386 1128 4933 7107 8650 5665 8121 8917 1938 4308 4859 9198 5914 1356
25 9483 4017 4255 876 6240 1382 8687 7301 3158 3334 3935 9122 2294 4262 2823 5673 8044 7089 2834 9765 6287 9792 4460 6789 4267
25 2486 8675 7580 3017 2061 7387 3305 9186 9896 9767 4227 7917 2687 6278 6251 8872 6530 889 5127 8 557 8660 1467 4191 3652
25 1353 1900 8440 2104 5998 9419 1799 1072 4675 5579 1240 9958 5277 6532 7935 2517 3823 2400 5047 803 9146 1652 3056 7869 6494
25 4078 8040 290 394 767 4858 78 8032 2 1190 1163 3221 6362 8678 8828 3888 4269 9530 8716 165 5202 1958 8463 3929 1115
25 1414 210 4493 2748 9347 8353 9106 2377 895 6283 184 5558 1199 5149 1974 8169 6084 3511 8983 104 1989 4995 3343 1529 9753
25 1651 6247 313 7364 4109 529 4355 2850 1248 6802 8916 4019 3851 6491 4766 2794 5472 4386 9304 250 5762 7143 62 5973 770
25 7471 6474 5727 2442 7689 727 6953 6741 9800 9661 599 6604 5287 6935 500 9201 4133 7335 5839 9183 4932 6787 9067 6417 1576
25 9393 8578 9981 9846 4594 8815 5105 9948 3525 6380 6712 1460 3027 7794 7850 5053 2798 6948 5581 4251 9528 1919 1581 1614 9176
25 5491 567 730 5818 8820 7791 8569 9865 2334 3874 9783 9113 1586 9421 4916 8317 8676 6177 4568 6033 9138 4032 6653 6702 5543
25 1757 4973 5847 2480 2999 513 7567 9566 5122 6200 5139 8593 279 9484 8481 207 3563 2648 9814 5723 3794 8655 3206 7478 2848
25 2538 2536 9026 3421 2642 8760 9023 2979 9199 1965 2854 4254 7806 1360 1174 7696 1229 229 3109 5479 3723 3908 7452 6467 1301
25 233 315 2711 1550 833 1005 1831 3605 1217 5906 7531 6401 3 4315 1829 2034 7511 8895 944 1258 7481 4474 1014 5515 4100
25 4011 3338 7808 1321 4656 3493 9470 8413 6564 9631 8741 5240 7562 7299 877 308 6835 6174 6465 3774 3107 6185 7215 8249 8019
25 5124 1664 6801 3798 7759 9078 3526 4368 6179 6201 2186 4668 7663 7948 7348 3432 4222 4710 5617 6371 329 784 3043 5661 8171
25 3445 8151 7934 8987 1135 1787 5589 3501 7856 9066 4567 5773 3808 3741 937 5884 185 4739 465 2071 1219 144 2326 2120 3880
25 6206 1111 7372 2206 2611 2128 462 267 3091 1211 5999 2217 3742 5435 5524 5483 5266 2891 1212 6007 7279 6236 3820 5975 2019
25 4525 9890 8596 7926 2973 515 7922 4566 4357 9436 1333 1727 2469 4771 5765 299 4239 6940 7495 9942 8144 1826 7908 2510 5939
25 4059 5902 7648 244 2788 7444 4366 1873 6749 1183 9593 867 2277 528 9778 1259 87 6627 5927 4797 3335 7330 9309 2656 8054
25 8173 6638 6058 715 9951 7483 4711 3127 2513 2397 4638 6355 435 5270 1265 2087 7855 5796 5165 5159 5230 4570 8977 8622 6463
25 1142 1272 95 2739 4733 7103 9554 3288 4245 928 9945 4341 1551 2127 9853 5571 6845 831 4373 4220 8924 3001 3853 3942 8999
19 6663 5856 4280 1023 5526 6619 9691 4768 2673 7551 2682 1077 6154 8358 4358 4783 793 5273 6753
25 8329 372 8086 9705 9613 9475 6067 7325 6049 2584 6414 4488 7415 6054 50 628 274 4364 1780 8275 2049 5469 1482 7251 4790
25 3311 2314 3885 9722 5284 7799 946 8915 6128 7457 3372 8316 7292 7264 4411 2058 9502 2403 5855 7842 8625 7437 2083 3883 2322
25 6410 1102 9524 1720 9291 8239 3833 2394 8266 695 4521 1613 7467 5941 3777 2636 8258 875 4633 1139 9175 9985 8106 5836 9723
25 9735 2791 8379 2362 3413 9859 2665 4416 7924 2205 924 4535 7366 4961 8194 454 2311 3713 2460 6364 2004 8757 1842 7454 1027
25 2941 6562 5352 1580 3354 4137 4650 8105 1193 7204 8494 2909 3352 5442 7288 8016 1060 8993 9181 1172 2263 9334 9763 56 8948
25 3156 2603 6681 7665 9477 2774 6207 7402 5704 3328 5101 9160 2375 7237 4383 4215 9016 4286 6980 7016 9094 2369 1312 4006 8949
25 88 4404 6550 9894 4343 6357 5031 7683 9884 1294 4163 1187 4192 2365 7865 2183 1932 6319 7090 7620 2588 2282 6258 7087 1006
25 5086 5285 7553 2429 3190 5952 2159 7508 6704 5782 9557 9265 5365 2835 1375 479 8724 9734 1701 4140 679 9277 4812 4338 3719
25 3005 2571 4583 2107 7337 4643 4219 264 856 4924 201 1742 8153 7584 4861 2762 5151 9115 3979 5109 968 1397 7964 1731 7057
25 5970 8085 241 808 3770 5699 8555 5728 537 355 7848 8427 8084 6134 1490 5486 7012 5984 3884 68 8488 7447 1153 8964 2412
25 7399 1860 1100 7501 3466 8868 7414 106 8686 630 7645 2231 1104 664 9930 1080 4258 7740 5458 3268 8333 7757 6621 3113 3586
25 7141 3029 8573 2240 3615 172 4821 9101 4007 6657 8261 1597 8246 8174 9112 3709 6015 4173 2113 5126 9568 96 3209 7115 2441
25 6053 206 2315 3022 896 4167 6056 1793 8945 556 6910 134 5262 9886 9240 1520 4283 8343 2795 7699 6317 2067 1718 3284 4883
24 3647 7274 6849 128 8176 5642 4730 9141 4512 6839 517 1947 1725 8129 9725 9213 3437 9143 2301 8844 7374 7038 2516 9251
25 9381 9888 8213 691 1349 6121 2902 8093 6396 4721 9050 6587 7907 2747 8389 8365 5749 7517 6678 8608 5455 662 3848 8451 2329
25 3384 5990 297 912 7456 9787 6829 3428 9385 8953 2184 5503 5203 8268 6126 3571 1806 1334 5857 4946 8245 8552 5953 314 8008
25 8703 6456 3784 1489 9110 330 750 6166 2901 9244 9152 8688 7750 5715 7176 6169 1132 4136 2349 7055 3279 3631 4811 8719 3264
25 3510 1867 4720 1995 8167 8403 1391 3081 1320 9219 8035 1953 1795 5098 6556 5197 4846 7578 8754 7868 2236 8726 1231 3187 302
25 8630 7342 4704 9130 7341 7216 4635 6602 1668 5675 9368 6109 2043 3703 5293 5585 1322 1834 103 4158 2224 5731 4424 2679 2359
25 5517 8816 7994 2164 2771 7382 3263 4966 9823 6021 1463 3495 7967 2685 2564 7643 8603 6552 359 3860 8178 2185 4717 1021 749
25 854 8179 8182 2036 5678 7997 2501 689 7200 9798 1712 3296 9839 6001 2688 8781 4780 848 276 3177 5280 4108 2138 9058 8812
25 3145 508 4195 8191 5700 9634 9153 9464 4669 9620 2430 1657 4351 6040 8142 4012 3755 2592 1403 4831 3872 2514 1653 9608 6635
25 3566 4618 3276 7116 3178 516 2669 7153 659 3213 5447 3813 5226 2752 7212 2822 4226 2295 1127 2879 1704 3897 746 3698 3611
25 8509 4646 8883 3901 1326 907 4913 9300 6579 5785 4751 932 4356 389 350 347 8256 840 5574 9673 7242 4218 1318 5449 844
25 7928 8071 3663 7263 1256 9248 3054 5766 1783 7661 6832 9258 2913 194 3460 6499 9997 4856 7181 1577 675 8508 3720 939 2964
25 6783 9137 9270 1436 8994 4205 8562 212 9975 9302 6000 3359 1101 654 221 8896 9425 3834 9371 9938 2827 6578 8331 9476 5813
25 5222 6157 8570 7000 8575 7911 8974 1647 7765 9892 8223 4728 3282 2528 1411 1641 9848 9786 6471 7289 1882 9005 4531 1479 1093
25 1433 6634 7874 1276 9602 220 4539 4210 6864 7410 4385 4206 1348 6928 6982 845 2599 9434 189 7676 9034 9311 8501 8056 4124
21 9003 2784 4080 8449 4107 6607 3802 9177 546 3426 2499 5021 9070 1539 7091 8776 5163 154 8181 6534 2887
25 713 7236 8989 1458 8851 5080 4406 8058 5259 7468 2038 7530 9038 8438 5676 860 9365 6637 5446 7795 4616 1600 8053 7932 638
25 3527 8832 1182 3842 8300 9738 4278 697 9758 7286 9928 3659 9233 3477 8643 636 3552 6510 9096 3716 2489 1290 7650 1559 5362
25 442 3697 8339 3196 5995 1534 5757 5907 2645 8664 8496 4466 5730 5195 534 5899 8718 4181 4148 2204 7776 2227 2811 7144 1246
25 507 1062 8425 836 5862 4773 4879 8493 2524 542 5030 8525 6205 6696 4036 5568 2438 3401 7137 685 5639 8211 1687 1016 4622
25 8458 4208 5608 4529 9041 8026 3098 7730 3200 1753 3561 4326 7898 7195 1836 841 8531 2446 1498 5809 794 8066 8095 9019 8777
25 8559 1323 696 5221 1069 780 2011 6423 3967 2948 9989 801 9224 9441 4820 562 2372 8270 2746 6808 5671 7300 7161 3280 2615
25 3410 9954 984 5006 5205 4066 387 7234 4009 1461 7962 2484 7466 4708 3217 7491 8280 6191 3706 2098 9909 334 9551 5931 7767
25 9544 157 9289 3393 492 7813 7305 9640 8506 2697 9912 4925 6124 8108 5389 3837 3714 4823 7639 8483 9977 4230 3248 6111 5666
23 5541 9357 2939 9231 164 2758 3711 1474 9961 7940 9184 4844 2749 6770 3626 9614 3613 7969 8454 4018 535 142 2658
25 4150 8376 1317 6161 1746 7612 843 9226 6914 1236 2808 4976 2767 7170 2139 8412 3560 2836 6854 6650 9083 3581 5407 3987 6788
25 1384 9670 5437 9002 1282 1908 8540 5915 4694 8370 2181 9526 4613 2097 3497 6660 3357 6990 8304 8734 7138 7618 6341 4446 9044
25 5192 2335 3585 9478 6424 739 7787 3999 2713 3053 5587 7879 6193 4963 7725 8602 1361 1917 5129 2202 2847 5037 4174 5968 5821
25 4507 6255 6805 563 8854 9641 6229 3285 7646 3326 7921 2248 5622 2267 4187 9737 2298 4391 4434 9010 3342 9637 6257 9326 9257
25 1609 4143 3572 4115 995 9819 5394 7262 1396 6345 9710 6081 1675 2416 1936 6972 6508 49 2583 1709 3933 8215 2662 8327 8527
25 3471 956 3321 9487 3191 1164 9647 7837 7224 4834 5419 9856 6828 2306 2842 7839 1971 4483 4865 8969 6844 2090 3727 8674 20
25 6984 3024 1257 9882 127 8224 9816 3807 5033 3137 5475 4354 1464 6122 5231 9507 7175 6716 171 5468 879 8124 3262 4231 7206
25 6135 9627 152 2934 9561 9118 4293 9481 342 4499 3251 4634 6759 4193 4162 9522 2805 9793 1556 3096 5542 4791 5923 3204 8139
25 3694 7631 254 5913 4123 2264 2140 422 5166 9350 8780 6393 5797 4899 2398 1098 7419 2863 690 5198 8697 9782 3405 3614 4592
25 5881 2966 9273 6199 7445 6942 8410 3102 5607 1103 1130 6512 949 2141 8466 2555 30 1968 8366 4 1437 2490 5942 1682 8546
25 961 2424 9681 4615 2099 351 9701 4213 2155 8136 926 6327 4240 3423 1303 3247 1624 2272 1184 9552 3558 7239 6354 2508 8113
17 7956 2473 8637 7609 8667 7998 7194 2570 2802 1988 964 8627 7753 8749 8997 745 4887
25 7229 4546 6198 9675 9543 7792 5837 5106 5349 6927 9587 6275 7030 9728 8225 1380 8818 5427 5065 6890 5869 7527 5024 1677 2866
25 6695 7255 9246 6877 8426 3640 8014 3963 4755 3141 8478 453 5050 2978 6145 6370 5924 4216 7002 7616 1359 8297 7235 5592 5390
25 7435 6670 2063 1949 8007 3199 1684 1154 4382 4102 733 7944 6733 9335 3548 4804 1889 8704 2226 3289 6057 7905 759 3751 6531
25 3564 6420 4764 1593 2176 1640 4550 9015 9576 9333 5663 6525 6365 6874 2763 903 7714 7705 6894 6343 1615 4817 8683 5737 8375
25 5359 8995 3366 7873 4965 5911 3952 4301 7152 7840 7094 7754 4454 3876 5061 3674 576 5274 6640 3658 2897 6631 9354 8152 9677
25 4855 5332 7249 4064 7685 4502 7520 5316 8023 996 9072 9264 7838 7507 4320 1224 467 5252 7409 8043 8359 8069 8582 8397 3589
25 8783 4121 9104 5658 9361 7569 5770 9133 992 2065 1554 9156 4155 997 7570 1064 291 3598 7803 1469 2211 688 4492 9172 6342
25 4346 1655 42 9234 3160 3117 8774 1476 9510 8017 9643 58 8759 8689 2716 5246 6782 8130 3465 3922 5547 7706 7694 4242 3797
25 8731 7314 119 9947 9451 3540 934 9134 5610 1465 1339 3959 9658 6680 9431 8186 9531 7400 5832 980 9903 5800 3819 1809 2337
25 4008 8189 2559 782 1030 3292 6697 130 3068 5233 4487 4234 2420 6383 706 5200 5649 6429 2840 438 1241 6461 4716 3681 9635
25 3169 4648 7187 4602 3542 7085 4575 7340 5681 3406 2340 8691 3319 1448 6488 1176 2647 5465 7833 3787 6623 2529 725 9621 626
25 7861 7248 9845 41 5996 6089 656 6026 9202 4792 4396 8465 9237 4671 6324 4506 748 1982 5416 9589 1813 8396 4967 4772 7133
25 7064 6843 4848 6218 8198 4722 2275 7253 1511 2333 2637 8790 7416 7976 1402 6436 3846 5141 8009 7943 8350 2533 790 8735 5388
25 3281 9030 8244 5756 1110 121 665 7712 1395 4229 5613 7919 7029 3931 1454 287 3796 6411 5965 2055 3507 3945 4778 4458 8910
25 1097 9314 4477 9035 8656 7715 6034 8237 7587 4784 1791 8340 1715 5588 3184 5788 2715 868 4129 2246 1669 9850 5204 9454 5173
25 5679 1325 166 918 991 5001 544 8800 7701 550 5936 7674 2708 6178 4144 3841 5409 6897 3000 9603 7311 7790 5555 9771 2271
17 9179 1206 4810 1331 6565 3377 9157 226 91 9667 1733 2197 235 1145 5462 5245 5982
25 8586 8661 1527 1685 6503 1311 9394 6905 1518 6376 9298 4461 8963 4508 6646 2390 2895 4332 8137 198 6482 9759 1898 6988 5883
25 7965 2511 2782 2963 9666 6581 5577 8257 4628 1499 2279 1383 2341 6225 9907 9189 6120 3521 160 3303 593 7460 8092 2818 2100
25 7013 5120 8285 8652 9639 89 8976 5009 7072 7543 1837 2085 5670 3440 9442 6810 1329 652 3480 7748 2117 472 616 5669 8452
25 1447 5507 3163 4862 3462 9389 3364 8252 3225 1289 8762 6690 760 7851 673 4272 9716 9417 9515 4476 4927 2376 3684 9215 321
25 6125 8940 9626 2497 4701 2776 5687 311 4092 5992 8642 3212 6528 3250 8290 7892 3587 7083 6673 882 1807 5150 1510 4991 4763
25 3116 3325 2388 4455 5351 3062 6438 9678 8437 4190 163 7037 8537 8259 9742 1825 7084 518 8380 6986 9211 910 9578 1374 8517
25 6245 5069 6793 4237 7464 2994 115 2299 8539 1840 3544 3487 8951 1621 2943 2361 1526 6608 5978 3226 9860 6959 8471 4484 8571
25 3680 7561 9388 6307 9306 5576 2433 2937 7461 914 7102 5612 8887 2078 1165 4501 4902 5980 1659 9676 8852 4695 6294 224 9380
25 8395 7640 6548 6318 7628 6203 5411 5979 7164 3907 356 2001 6798 5339 7596 1502 1923 7586 7634 1084 2215 1766 1156 9973 2664
25 2316 9411 4016 533 3381 5933 2768 1264 5946 7659 1560 5303 813 5383 5750 9292 8294 8050 9323 7741 9107 5735 4522 5536 6613
25 1543 9799 2680 4930 945 5783 7211 1424 931 5873 6620 4562 7625 7607 8417 7717 7539 3726 7225 7049 2258 5071 6063 1703 5178
25 1054 6160 4249 5838 7614 8990 3105 6326 8470 8784 9247 8827 6008 7781 5243 2447 1171 3628 3041 258 3313 7986 7269 6840 6046
25 4645 8557 2580 4481 3602 1415 740 6666 9706 9420 3673 2906 6106 779 2820 5003 5140 3981 7427 3737 4169 86 5171 2872 8700
25 3368 1735 2247 6907 8381 2072 7552 1870 1050 5741 9073 6483 764 1623 4627 7238 4490 8972 8222 8714 8399 1987 1927 908 4955
25 1564 832 6971 7275 5260 9496 1423 3532 6764 7882 8512 8645 6006 3937 3623 1563 2766 7240 8684 971 6514 8279 9004 5294 8788
25 5387 8348 5298 2021 4410 7451 6042 8021 6397 547 6816 5767 8545 4334 7525 5319 5551 9849 9168 2503 7858 1951 5307 5321 7789
25 1178 4024 3208 6538 2235 2967 8597 1152 1045 7361 7622 3045 4641 6599 4660 3308 7887 2319 4748 1706 2380 4103 1991 5108 8847
25 9712 6484 921 560 6062 1886 3592 6710 3782 4072 9794 6908 9123 8127 8045 3577 6389 7653 1057 1274 9024 9579 371 7469 1293
25 7864 3840 3129 5187 2838 7984 6956 2418 5575 4690 6344 2309 7619 4954 7611 496 681 7734 4271 8287 8692 5055 4126 1207 7880
25 1406 9286 5087 2305 1189 4468 815 3026 6061 7823 9444 2783 9539 6735 1442 7062 1665 9998 6522 8479 650 1658 8091 981 4311
25 7373 6502 4274 1838 1227 8809 2254 9688 4698 3905 8212 3332 488 5453 8753 6568 6267 743 4049 1670 1604 2321 7775 8618 343
25 5034 3546 5954 594 1784 3370 3565 8944 2578 2814 5655 1347 1452 4110 2232 7599 4504 6487 797 9993 2684 4542 6479 8572 9346
25 7429 7379 8323 8464 6378 1441 348 6904 6038 6902 2453 2552 5309 9212 8880 4073 8919 2013 3286 3383 2002 5623 8752 3671 5443
16 7108 5304 6346 9469 9965 9665 1769 1181 1369 5154 8080 7890 2760 2351 8235 4471
25 4819 1528 4256 4089 1008 5698 9255 9809 6683 4714 7207 9494 2496 2546 1367 8631 6923 8750 5657 5344 8641 2283 5283 2171 2193
14 5299 1376 5754 9092 817 1960 2368 905 7671 8601 5084 9652 7817 1880
17 6654 4744 942 5424 4029 9132 514 2174 4485 1000 1546 9404 6774 520 9756 7421 978
25 6529 3991 8200 7129 3490 5709 8338 7680 9250 8362 6086 3295 8473 6322 7613 5272 8299 3427 1366 5761 9831 5185 9307 5471 9117
25 6767 7172 6359 1981 7933 5156 1819 3789 4572 2471 3584 7549 7826 5354 8769 5397 2545 7903 1185 1249 7011 2759 5876 8607 5593
25 6818 6794 1773 967 4465 8491 8373 1525 110 2809 335 7995 4903 9103 3856 8794 6691 3254 9059 3166 8057 5793 9196 1082 1956
25 9052 1453 2997 7638 671 5519 585 2931 6873 5834 4276 1309 8283 2775 1516 959 9415 3391 6796 1144 7431 1430 7003 59 5553
25 2915 5107 3596 5279 3249 8523 19 9466 3515 7048 2037 2617 678 6557 3707 4981 4463 4179 5413 9161 8123 5408 8195 424 4381
25 2106 7492 7226 5400 4202 3513 7208 1557 5216 9843 4336 7755 7566 9695 4948 458 1341 5288 2971 3975 4183 5659 4911 4500 8870
18 4882 719 8110 4250 9657 8532 4953 3215 4532 8833 5286 6385 2666 8658 8859 7369 7349 6527
25 8588 2869 7810 249 1422 9542 9356 9902 6098 7647 5004 4749 8885 8041 723 738 3339 4563 6918 9343 4579 3994 1969 4418 4662
25 677 7180 8116 6454 8276 4128 2386 5019 5135 2370 6216 7764 4038 1761 9720 8623 8012 3449 3971 4079 1538 966 3533 8600 796
25 8310 9901 7627 8766 9538 6183 9495 11 4547 7975 8227 158 7571 446 8096 2832 2387 4676 2606 3452 1798 3588 1074 1378 9601
25 1177 5064 8219 7150 5950 6140 7047 66 9278 2527 7479 3436 6906 5595 7900 6314 2121 6284 3953 642 3593 1954 5181 1001 4750
25 2518 2432 7809 7113 7901 6684 1946 7594 7745 7746 9672 5640 5401 265 3595 7945 3266 8326 4516 8264 4597 2161 12 822 4177
25 4742 6694 8101 2079 6451 5725 5117 9724 3754 5677 9838 7418 9102 5870 3051 6941 7021 955 4610 9154 9924 2219 7593 6032 8647
25 4686 1755 5214 9795 2641 938 253 2745 7667 6846 1672 5188 8864 2068 7722 7058 7391 6632 6501 7377 7664 1915 8710 5415 6943
21 3760 4826 2401 3450 5668 8107 7762 595 2660 4540 9516 7577 9533 3630 6830 7069 3287 8839 2410 7996 8648
25 9698 61 243 4798 7636 9941 6768 5816 2385 6977 215 1390 4612 4999 5538 5528 4702 7076 3804 2806 1713 9686 4822 7332 8535
25 6003 9353 1843 5620 4070 5301 1387 8446 1136 434 1743 3590 6887 7158 3529 6012 6709 5342 5114 2778 295 9387 3219 7214 2586
25 1459 7188 8220 2576 986 4104 2109 178 7034 716 3195 5529 4039 2728 2996 7328 1874 9330 3903 18 7424 2623 111 7061 6152
25 2531 1324 4503 1695 8554 1455 3071 5099 4688 8328 7006 2285 162 1925 4857 5895 8996 1602 8845 3627 3858 418 9285 8891 5891
25 6004 4842 3252 4297 156 5890 5835 717 4339 2284 6858 4874 1631 1328 4651 6734 5220 4979 3336 1802 7739 3397 1003 6052 8210
25 4307 9979 7546 1263 1553 4414 3439 680 0 6387 3650 5530 5144 3260 2190 5489 7519 3034 340 7233 7001 8756 1517 634 257
25 2470 1223 3270 5381 6172 1203 8342 9963 2607 2179 1292 4027 3503 8778 1865 4850 4199 5928 5145 7537 9317 6553 8635 4350 6911
25 9409 5017 2681 6426 9925 2919 3502 2039 8049 4043 1048 2088 9598 5755 6208 7394 3171 3374 8065 7510 5357 2833 9565 2300 7899
25 933 9619 9485 5433 7101 8715 3519 9230 5282 6462 7902 8472 266 379 9188 8930 498 4052 1047 8143 4968 7052 4795 2888 8879
25 965 146 553 3966 2799 538 4569 7651 3574 7744 4915 8971 8681 331 9060 838 4288 8355 2632 5380 1434 2710 5647 756 5819
25 9679 2297 9549 1702 1756 6180 5556 4824 6107 820 1157 7098 9261 1011 4945 810 7721 5348 3040 8797 8295 9736 9340 8850 4324
25 1904 3817 4139 987 2732 7883 6742 993 7623 5096 5559 5450 6855 2411 6630 3675 2472 2307 251 985 8097 9229 5807 7601 8374
25 5402 4854 1930 6879 6850 5027 8312 9653 4491 4498 3434 9828 4284 6758 8511 6760 512 9630 6219 1370 8202 9076 236 2353 2865
21 5189 5113 3194 6961 7019 6544 7376 5732 2346 1574 401 4926 3854 1847 7261 6717 7024 7968 2130 8201 8499
25 5860 105 8904 1978 2115 9074 9079 9372 8135 8992 5520 9803 7703 9378 1708 1816 8325 452 4422 4182 9811 8390 5544 9887 5125
25 6831 2780 8730 7691 6513 8448 6382 4543 1078 7296 6165 851 2929 4085 8166 7738 9204 8391 9991 9622 4779 6687 1972 9747 2191
25 8739 7704 7135 2621 1245 9082 3648 3136 5257 4956 7470 7313 3242 1678 2573 3111 393 2557 4551 8098 9827 7733 140 5697 1642
25 4233 369 5917 8876 7004 4171 4365 8018 728 8062 4787 213 5692 7077 7327 6150 5097 2046 5115 6400 6076 3964 75 5886 6441
25 9817 6192 6123 929 8378 2640 7583 9812 2737 4409 73 4427 385 8218 6085 5355 9590 4901 2946 7608 1549 5798 9766 2492 7075
25 8640 7716 8415 9709 862 5036 4696 1235 5828 5104 8799 3946 4443 6737 2344 9383 4037 2630 4928 6097 9541 447 8723 3957 3535
25 9815 2293 7830 1386 2635 5219 9448 6331 9105 633 2054 1122 1851 7598 9704 4412 7241 9367 1599 7294 7173 9245 7042 1877 7147
21 5769 6430 9702 7497 9320 7351 5247 3757 7629 8347 3318 2223 1541 8960 3079 188 2871 2392 6554 3246 8563
25 6340 7687 4536 5426 6168 2903 2753 1666 6077 1417 433 3165 3568 2736 8663 7449 4217 5512 9615 2598 3273 2962 8657 8580 8341
25 4910 6305 3317 1994 2077 3891 242 7315 6265 9547 8591 732 3010 5600 3085 1975 3948 5057 1035 7977 5848 1180 246 8556 5444
25 6412 5343 5369 275 8901 6769 6505 4756 2081 4117 8524 2787 523 6064 911 1814 7168 1850 7163 6434 3984 71 4402 1226 8087
25 1888 3167 7078 2899 2425 5632 8530 9433 8927 5384 8357 7120 37 8669 6468 6592 7307 4534 2003 6700 9854 1400 2544 5960 5780
25 6901 8840 9949 6292 1561 9952 5771 2892 4777 3101 5880 1632 3956 6926 7022 566 8495 4677 3619 5429 6647 8680 6080 8789 3324
25 7357 135 9926 8254 4642 1611 1859 3828 3761 8025 7297 3470 6586 4347 7071 5418 5403 5850 6954 789 6353 1676 296 4918 6750
25 568 5090 3155 6475 6597 643 8938 1239 8309 5898 2844 4097 4015 7872 2800 3100 5591 5806 4545 3576 1661 6974 7772 3812 7472
25 606 3220 5291 4035 8236 1752 9877 4067 6035 3044 2328 6071 4849 6861 9550 4127 6567 2877 4068 9840 1610 2134 2542 7324 6113
18 7430 2324 4802 4786 3232 4221 339 9731 6535 450 6368 2124 4576 6727 9447 3330 9875 1855
25 6851 4056 6571 1428 9880 7191 5072 47 5091 6394 72 3431 6878 6375 5831 9893 7258 6095 7897 8886 9781 3892 5644 3562 2851
25 4875 3951 5983 382 1977 1990 4118 4050 4800 7080 6674 5217 4776 6624 1786 9790 8205 4670 9324 5877 2280 9461 7831 9921 1009
25 8892 1143 4745 9636 6024 2831 1200 5887 6301 6523 1820 2012 9360 9750 9967 2886 4640 829 1007 6968 6496 6585 9 6998 4022
25 2147 1902 6321 7642 3228 7434 6223 7633 9644 1431 8565 7559 2239 2149 4452 2136 3438 4735 9936 9040 5889 2638 9650 648 9906
25 1046 4225 1409 3830 4853 6800 886 853 5371 1590 8072 3418 6588 8318 8709 3152 5956 1310 487 8344 3198 8549 1962 1343 5478
25 9049 8950 5466 4972 3038 7573 214 4389 3776 915 7973 4388 3539 1744 2238 2733 2485 4095 3455 9834 3093 2976 5311 3032 5232
23 2338 7558 8682 8933 2373 476 5724 2722 7119 1905 7066 5421 6883 3861 2868 3744 7800 7591 3028 3492 1887 906 7441
24 1170 1854 2384 1108 2290 4400 7534 7386 1302 2867 5081 8646 5879 8544 3350 6016 540 9200 4864 3006 3320 597 4649 7482
25 4387 7014 8510 1852 3505 2325 46 8922 1907 3496 3799 2889 2177 1519 5882 9225 7290 1881 6504 3478 8330 5988 2908 3014 3985
25 7140 4652 2537 9813 9741 1010 7025 5062 8383 5208 3072 9375 4582 5805 1996 5878 9868 6881 3084 3400 6995 7184 2597 9970 8122
24 2357 150 8801 4020 9062 7406 4921 7547 2790 9263 8751 8705 4931 7678 4004 1629 3982 3412 8946 5739 2616 1243 4738 3086
15 5237 7318 8548 3476 3258 1723 3721 2706 2132 1029 4828 6036 5254 7635 2591
25 3758 9020 8288 7677 6945 2556 990 5624 3453 2605 1542 8966 6628 1493 5148 2764 878 6347 9155 2816 2005 4520 3385 8636 6129
25 3555 3915 9164 4712 6784 1639 3893 2062 7914 6014 2015 7333 4726 5646 1445 9051 6957 2030 7649 8639 6099 4636 4013 7122 2773
25 4058 9935 2512 6048 4449 2694 752 2796 1944 2218 2841 5229 8192 7675 5552 9480 9468 7155 4919 2493 8161 4253 495 8717 5474
25 5712 9042 7579 3312 8547 7844 8284 6455 2464 7690 5696 5904 4132 2907 5146 5336 7695 478 8372 3700 5059 5138 3850 1107 8308
23 39 3025 4703 6418 4888 3261 2655 8810 5614 7446 3472 2302 1606 9718 6950 9591 3331 5843 5013 8836 9290 2793 4796
25 3669 9316 4141 6900 1628 6893 6159 8150 9406 420 6809 9632 8251 2561 6066 1151 2925 1544 2882 5044 5738 9959 1254 23 3749
25 5662 3524 3170 2577 6636 8354 3672 1068 4360 5295 409 2156 2023 6149 6464 2845 925 4832 8078 469 9398 8385 6118 7017 1555
25 4537 5615 3989 2154 9282 2515 5801 2678 617 2676 5386 6072 6215 7545 5249 5410 4941 3185 3380 3448 9281 5322 1931 9271 4082
25 7849 8952 7190 3216 8561 839 1215 8991 3182 5170 4312 147 6131 1683 9534 8196 604 788 7360 8884 4697 7801 7824 4065 4557
25 9216 100 7572 1910 1175 6498 1073 7243 3245 262 7282 9337 8937 3705 4603 1255 2304 3175 5932 6432 3095 8611 2287 8163 9147
25 2754 6220 7156 3508 8042 2924 8277 2992 9726 6253 3363 8846 2724 6679 8882 2983 4908 5152 1748 5533 8612 5653 9898 7390 316
25 3138 6446 203 2291 9312 2916 7109 8568 6915 510 336 3747 551 3610 4057 2339 3769 2459 5964 3831 145 602 2474 2940 1300
25 1066 3541 3333 1040 3020 7192 5164 2523 7576 8806 3661 7339 7498 6027 1371 6337 3479 3551 4975 6478 4998 6813 8865 1270 2509
25 489 1192 989 4605 6823 7490 5918 1700 821 3214 8621 9279 1340 5534 3379 4762 5778 7550 6153 5048 1112 9796 3172 2807 6889
25 2986 9011 9412 9065 9450 4164 2119 9382 849 1429 7949 7961 2987 8889 4549 9193 5966 4837 6108 1043 7039 6533 325 637 5859
25 8803 8998 5654 6951 3411 6175 1897 3678 305 3725 501 1644 1884 7477 9567 1283 644 6629 2419 3128 7603 6715 6291 3003 2677
25 9512 4867 9743 4920 6457 3666 2142 2175 282 6127 4441 2727 6572 1440 1928 9772 5680 7283 5846 6074 6492 5194 6222 8311 762
25 109 481 1233 9607 1399 3534 3482 8028 539 5035 3019 7259 8961 1622 5922 6936 6289 4527 4737 2974 3864 191 6384 7053 5225
25 874 2105 7846 3816 7385 9185 124 4655 2089 9114 923 7610 7388 3839 9328 7146 5752 5916 1287 6020 1922 8838 1234 5718 4292
25 8298 3786 1985 4101 611 2900 9458 4093 777 9584 3392 2366 799 5949 5759 8411 7247 737 9287 1726 2627 1288 1495 7774 2163
25 6756 4063 8094 975 7312 1266 3958 9508 2151 816 1710 8628 7359 6234 427 6325 2082 5901 6811 8503 2458 3059 2435 6664 5063
25 8713 6575 1512 2693 1106 7450 2969 4591 1750 8853 3323 4845 6617 2936 3123 2861 1646 9656 901 9866 1618 4723 1085 2273 6591
24 6903 847 9562 4673 5842 7910 9574 1346 6641 8632 288 6243 5498 4732 7524 9969 6419 6929 2276 3126 6051 4847 5255 1344
25 3055 6558 7693 4211 1296 887 9506 4290 8349 9804 6459 5583 7067 7371 1567 4719 5315 5167 9129 2066 5634 9315 1844 6725 7713
25 9305 2026 1984 3271 1521 85 159 3537 605 5392 9623 6609 4096 9125 5331 3624 2096 999 9174 3954 1247 1134 2880 7821 8553
25 8587 102 7812 3938 6778 122 8351 5794 3290 9957 5993 3498 2837 7124 6050 4530 4363 7473 9322 7033 2201 9690 2014 5253 4325
25 8055 8334 3930 2881 15 2856 2829 6186 3375 5 3224 5438 7658 1237 38 9749 785 4001 4149 2849 3520 894 1336 7783 3824
25 7585 1804 5235 871 9392 6110 5802 352 1412 9363 731 9232 4892 4740 963 5945 6246 7310 9548 2103 6435 9719 3643 6348 1418
25 6815 9581 6268 519 3475 4664 4376 4957 2526 1314 2076 8551 8843 4515 54 9729 6323 6209 5637 7123 7302 9956 9953 2342 6583
25 8184 5858 5213 3622 4430 5695 4034 3730 149 7582 7989 7778 3691 6999 2010 3164 2993 1548 1966 1749 204 9555 792 9532 9740
25 7455 5636 7270 199 6560 6772 3065 8439 6197 6214 1471 6091 5175 9529 9370 9358 6826 7982 9396 9841 3805 3179 9069 5346 8147
25 4494 1363 7277 582 3293 4734 7942 3844 485 28 304 3998 1911 2137 5722 5367 4166 5128 7298 8282 5714 8047 7436 2243 7459
25 1736 6173 1313 5713 2633 1388 67 6713 7121 7615 5601 6659 3489 370 570 6500 6477 577 4517 9818 1616 9905 36 9777 5841
16 4873 6336 69 4528 9109 4105 397 2234 8076 9588 9774 8082 1737 1562 183 7632
25 5335 1421 2404 7186 9966 4626 7796 5951 2084 9327 4993 6452 3912 4431 5093 82 5000 2878 7044 1129 2413 7825 1722 8519 1088
25 7952 1625 600 8973 5550 4587 8416 8422 3687 8819 4188 1119 3159 2228 52 9437 9374 1824 7074 4263 2644 7563 9915 4759 4891
25 6450 318 8020 2525 8273 2817 9033 9022 9988 8914 4816 1890 411 6039 4433 6573 8771 8052 7476 4370 6792 7151 5131 8690 1410
25 4595 8484 5405 3409 1654 7106 2214 8638 1446 9239 1822 506 4632 3202 9885 2672 5935 337 7008 3852 5345 8265 9253 5248 8874
23 1863 2178 9768 6304 4964 2938 7503 2797 2047 9139 1648 1058 6726 139 4801 3887 6707 9762 2288 1582 812 9755 6517
25 7557 8504 1777 5564 4086 2044 6300 7736 6847 3977 5136 620 216 9944 9520 9501 7656 4010 2725 4026 2391 3238 7257 4319 9569
25 3655 4194 9696 4344 9150 1896 5082 3752 8165 4398 9842 7786 6938 8685 8817 3244 8369 9080 6912 1188 2242 758 6320 7937 4329
25 6361 3910 6297 7912 4111 8155 2612 6282 3879 6264 893 2855 7160 6286 2843 6891 6821 7345 1141 7142 3950 5432 80 1785 795
25 8271 6029 9513 5827 6983 8576 7407 1924 8918 9272 4232 7979 3881 4598 776 7644 4304 2980 2017 5265 2803 7347 8732 431 5705
25 9707 2207 3356 338 40 9299 6155 6757 6116 5382 8502 8011 1914 7581 8755 3486 4830 7970 5119 443 1059 6577 5774 392 8722
25 1883 3103 8699 5777 9987 6698 3710 7442 5025 3233 1532 3361 2601 2958 7068 4077 3023 1714 133 4906 1295 8701 2587 4157 7990
25 584 5440 9252 8981 8289 5160 1509 2534 5172 7894 9221 754 4890 8738 6030 2674 8221 1694 891 9746 2402 1673 5244 3857 4523
25 2230 9121 5302 7602 4489 5241 2261 6182 2654 603 936 7046 2194 1033 8863 3567 4860 8589 6743 3518 7128 2562 2830 8654 5969
25 1061 4088 9207 2313 1943 4794 8617 2930 1832 6838 9611 5323 1808 3955 1849 3911 9362 1950 2483 8475 1425 383 2914 2286 5811
25 3580 3554 428 3099 8585 3135 8272 2212 6506 3913 800 3118 5396 8206 2923 429 8036 9203 5494 5912 7136 5638 7606 7166 2998
25 7320 5182 1667 2894 8345 4328 3570 4518 2241 1505 2192 4252 3235 8826 4120 2182 899 6117 7405 3134 5871 8941 307 5840 1558
25 8306 2118 7425 8281 9769 4447 7875 9960 4746 3435 4684 2568 366 5002 588 1906 7981 7 3768 6824 778 870 9430 4774 8402
25 9625 1013 592 3875 6356 979 35 6476 5314 83 1004 5611 4754 6144 7358 4681 2604 8408 7958 3309 2131 8905 4479 4838 1140
25 4379 4214 7494 230 7737 5026 7832 3210 2129 4513 1393 7853 3961 682 1268 349 3738 1501 7985 2985 4725 4337 2582 1210 8599
25 326 9401 5116 4959 5511 3909 2548 5703 1297 412 6311 8231 7178 2740 9043 1827 8156 6372 5641 6093 7518 9236 6958 7773 2922
