26 2735 6403 2110 3208 4080 876 6213 9209 2867 3981 4572 7689 7707 6309 3266 2068 2563 2708 5427 4381 9338 4149 3702 6210 7880 2224
26 6724 8670 5621 892 9078 8989 1902 9846 4300 275 8105 7587 9362 6810 7095 3523 8206 851 8966 3726 1196 8639 4509 9304 6151 6405
26 7329 303 1332 9806 4225 6402 1553 2107 8018 2565 2397 4235 6230 6829 8810 2058 8286 89 1225 7022 4216 2562 3698 7404 6979 8897
26 3090 3696 3833 498 3625 3200 1884 2910 7466 2596 3389 9933 8916 9470 7978 8539 207 503 8972 4010 2392 6035 2502 2225 9010 2130
12 7716 5858 3245 4135 9743 7668 9265 2430 8397 163 6972 1956
20 1209 1135 6793 3614 589 6648 4838 5597 395 2054 1383 2443 4333 7820 4732 2858 9522 8196 44 3713
26 9702 3321 7000 248 439 7690 1968 2863 2670 5004 5201 2 1980 518 9318 9170 760 2666 5261 5418 2761 8279 5431 2300 4622 1212
26 1776 4494 1170 7704 1518 6463 6967 8300 2665 2884 8007 9706 7462 6442 8817 6486 3897 5078 1673 1935 9662 5252 5691 1336 8375 5408
20 7468 1879 5245 129 5816 7595 9019 5910 7315 294 9780 8006 6779 361 9674 8336 7980 7242 4363 8942
26 7028 2581 2663 6141 6536 2852 7386 2156 9133 6593 6620 1756 2715 8997 1132 8387 3728 3382 3151 5378 6395 804 9271 1293 4883 6364
26 1817 8950 6922 513 1221 3439 4930 4384 8782 4561 9421 8140 4322 490 2851 3134 4674 7449 4946 1766 6934 9154 1180 3627 8879 1558
26 8227 984 5304 4706 8940 1443 7208 6809 9303 4608 183 1029 7389 4312 4535 6469 4663 7961 9034 3350 6835 6046 2983 8249 4311 8429
24 7318 9504 1411 2178 7284 9732 8695 7729 9975 4800 9157 7192 184 4518 7538 7652 8887 7591 3440 9745 2372 1495 8503 2606
24 2591 9579 134 2079 9628 4024 8860 5135 4278 7415 4085 9208 7621 548 8417 6637 7667 6690 2158 6278 5549 8222 5459 7281
26 3647 7561 3758 4223 1685 225 6078 2355 7915 4400 5878 7340 4060 4620 3251 9704 3483 9327 5111 4466 8677 5338 6060 4308 9876 5629
26 6689 9256 2589 1188 8749 9469 1169 9923 4989 1790 9574 5911 2762 8917 3081 8846 9086 6001 4740 6497 5574 2624 1184 6968 4413 8789
26 7314 6412 5920 3972 4502 266 1428 1297 1846 8869 7120 2945 8650 9400 3736 6408 253 7396 2145 2625 4589 2683 7597 8647 5476 3032
26 6466 7270 6630 6601 1175 7602 2105 5861 3133 4653 2630 1554 545 6996 2936 8567 500 5863 3467 2669 4823 8355 9555 3677 662 1570
26 1773 9449 3138 6155 853 4202 4819 7037 1631 1392 7788 8601 6043 6995 835 7947 7852 5333 6688 8769 373 1437 8369 3140 6917 9831
26 5424 150 3564 7156 5285 2997 6041 8642 1595 1051 8307 1470 7672 7970 4000 7089 1108 5889 2030 8537 4991 1705 2775 4967 3617 5718
18 7347 474 3381 9346 174 6684 1487 9639 4498 4086 153 2595 7583 6314 2308 6227 2334 5873
26 6740 8420 3546 3572 3866 8831 6719 2781 2332 7898 7370 7178 3606 495 3801 1270 8251 6616 4757 2488 9922 9931 4161 4079 8154 1095
26 2316 2176 5913 7631 6327 7205 5279 6681 9992 3790 2063 5052 2633 5852 2500 9312 6109 5930 9188 8084 3226 2369 690 5977 8648 5876
26 4679 5885 9649 9845 640 9464 9242 7769 4358 4224 3394 890 5281 4952 5360 1409 5813 3868 2289 8315 7744 3715 9058 2864 8054 8850
26 9503 3654 4773 8462 2751 25 8093 9288 7761 6157 9092 4351 7790 7056 1477 3195 3916 4501 9883 1214 5434 7481 2689 5020 7083 9721
26 549 311 2209 3594 4953 761 4555 9962 3124 7532 2468 5136 9229 2298 8524 5355 3331 5270 5832 5542 3978 7126 3945 2321 469 325
14 5991 5815 3025 6455 5394 6575 7909 1289 6081 6880 6231 6240 6557 4321
23 9313 203 6910 6125 1628 1460 7143 4810 3088 2186 3031 5373 4032 1691 139 985 3407 9391 7244 9206 5745 3128 7183
26 719 3149 9046 1206 2769 7636 292 7811 4625 3174 3221 6406 728 1493 8583 3917 917 574 9528 9147 1823 8205 1812 2361 1204 3528
24 5480 9231 2026 4661 8835 7176 7309 4326 5610 6589 7620 9530 6687 4454 5061 855 8495 7752 2872 188 2070 8622 869 5592
26 3311 1515 7444 8998 2551 1529 2264 2541 6106 1096 5618 6679 4188 8621 9727 77 7302 9959 4095 8497 5342 418 4273 4432 4047 7111
26 5018 8878 7534 3073 8157 9538 1324 8220 5074 5622 2237 3438 1468 2159 7510 577 9422 750 6166 9197 5928 763 926 5839 2998 1410
19 9011 3358 3773 2401 8856 9631 6094 9436 8330 3207 7992 836 2494 2139 5696 5524 3484 1950 4129
26 7109 580 4873 4546 9297 4645 9833 1787 7730 930 8644 9881 4093 6774 914 6948 1502 8709 8720 447 2083 9507 3184 430 4267 8527
26 9979 6381 1664 8832 4228 355 7034 4584 7635 1368 8746 9300 889 1982 6289 7217 1151 331 9235 3764 6477 8083 341 3863 3671 263
26 7957 4435 726 3459 9874 6969 7191 7187 9361 3421 3377 1266 3973 7802 6282 1432 9725 3598 3361 1704 8985 4399 2138 9168 8613 6492
26 6252 568 1697 3685 9353 656 3057 552 1862 6312 8229 7065 8016 389 4678 2428 8393 3387 8358 3678 265 4808 9792 2391 9120 472
26 3555 7862 1111 1852 1995 9314 2404 826 3165 5323 3896 6530 2345 4427 6612 4878 8427 1828 6299 6568 3876 3324 6467 5926 4145 6246
26 8395 5445 368 6703 7692 4482 1322 6374 5792 6156 4167 5670 1918 6668 5754 9404 2757 9591 6768 9124 6837 2411 6063 729 247 3559
25 7227 5284 206 2422 5511 330 4139 254 8510 7234 2601 7222 9163 9863 2684 5578 722 6010 4142 6084 6300 5988 8423 8232 1055
26 8773 6541 3197 4802 35 2653 5799 2790 6925 2882 654 3772 6824 8842 3395 1535 7590 7855 6632 5144 5315 8712 2474 6148 1350 7223
26 4058 7657 4208 1984 7580 8504 3993 9375 3646 4221 6839 6772 1720 456 5986 676 1618 1401 5493 7436 8880 317 9567 3929 7869 2253
26 7711 1105 7113 6735 2115 9105 7576 3190 4552 7726 4711 5969 3071 7930 6436 5722 8442 4847 1172 1400 9719 5162 6950 221 4392 2221
26 7373 7956 3333 5890 8328 9612 9561 6659 880 1075 3450 5919 1816 9278 42 5531 4631 9572 5048 521 3835 3273 9434 1467 5937 9940
26 7293 6916 3976 5303 4664 1240 1644 5951 3157 5486 1424 7366 8544 3009 3551 7622 5882 6079 3217 5736 3749 7991 9808 5685 4553 5376
26 4525 3549 5332 4867 1143 8780 5751 3305 2072 6674 2037 2179 8097 2692 2789 2712 6704 6351 6215 3956 2195 6653 6334 1573 8337 7215
26 2519 9349 271 2106 3199 7203 8151 1716 7066 9075 9800 2622 8903 6137 449 4360 5828 5197 5936 7607 7836 6209 131 3460 3787 9937
26 2881 9976 7319 200 5535 4285 6476 6871 6893 7680 5614 8755 7288 2876 850 4176 2587 7850 6787 9336 7158 765 3287 9747 2623 8847
26 9459 1 8787 1100 5566 7554 753 6643 8970 7528 5098 2154 6785 1926 748 3437 2685 3376 8733 9096 3600 5469 2301 8508 7601 3892
9 2343 8184 9763 977 3615 8298 6161 4858 978
26 8458 2384 3022 2899 2399 2011 6805 9000 9195 4895 4651 3968 628 1870 8569 4191 8046 345 6427 5825 9905 6440 9834 2521 4752 3880
26 7196 1992 8020 4194 3783 5124 1320 3315 7125 3210 6120 4486 3070 7570 1145 7939 9218 3670 4193 3957 5776 8924 7814 1898 5547 2203
26 2418 933 5875 2523 396 8681 8072 7479 7793 9167 6873 112 1656 8283 1761 4902 5980 5206 5528 4926 4436 3652 1318 8589 8580 4955
26 39 7399 9920 400 1465 6089 5241 3609 9972 6727 9333 7654 5877 5339 6858 7832 124 5255 6914 3179 7185 240 2656 4049 3380 1892
26 2465 6039 4965 3148 9254 6029 85 9262 1475 5907 255 7736 4237 1035 8165 8270 5165 4417 6217 4738 4320 5471 3745 6819 8943 2163
20 489 8965 5441 6610 2425 782 5428 8037 5608 9593 6866 3115 2340 6318 6509 7168 1131 1327 3153 1244
26 4829 4984 9852 6296 8554 3537 249 2192 6737 8126 8491 8547 4747 6730 4276 4461 6037 309 2542 7593 1617 1219 1544 8618 7136 557
26 6031 211 4163 5369 3830 146 6971 230 4969 5684 9661 2498 5520 4373 9431 5035 6990 6162 1730 1205 2891 4508 1408 5395 7537 5312
26 854 2356 7346 6397 7465 7442 169 4138 2844 2048 1012 9302 304 9899 2084 6561 8592 6337 2222 5657 3720 8078 4763 6191 6876 3064
26 88 2571 7648 1090 3493 3818 2314 2534 7843 4068 3982 4263 9455 8616 2268 3920 3873 2471 162 7670 8634 8744 1419 4408 4729 1210
24 8991 1973 9044 2184 9543 7383 8815 5603 659 9482 8293 3308 2636 5570 8845 5068 7486 8340 1064 4022 913 443 6074 9311
26 7882 1097 3103 3196 4920 7679 852 2393 2898 1292 1774 2808 2438 8863 3567 1767 2150 6144 2371 5834 6099 1759 5641 4606 1014 2848
26 5377 1192 3767 5763 1272 7759 767 586 1861 5463 6345 2713 5042 6823 9686 8812 1680 440 287 1675 7084 6468 555 5596 6045 406
26 2605 5222 3176 2838 1319 9070 3418 105 8017 4347 9542 2051 2281 774 7923 337 4362 9525 6937 5989 2249 8053 7289 4383 197 6981
26 4184 4078 8342 397 4016 6425 3636 9475 987 9541 2721 1217 2078 3431 2478 634 5604 8318 5633 1742 3676 8666 8802 3886 2818 2117
26 8464 9619 2904 4796 1546 3750 5627 2505 3465 964 9110 5313 9490 6234 213 1164 2965 1171 5842 2182 3243 3302 5560 8910 6789 1134
26 2147 3253 1013 4507 9199 9610 6686 9230 5247 5009 2246 9788 3137 2405 6600 54 2655 4239 5840 5159 4416 8948 7968 2307 8925 8311
24 881 2949 3334 7448 3554 2036 3225 101 3345 7632 5891 8692 2517 8649 3142 2027 5203 6330 784 9069 2993 5836 998 7611
26 4450 4379 7287 4084 7280 5952 2585 97 178 1027 5141 484 4096 6488 1743 2996 4234 336 588 3488 6394 9585 8308 383 2210 9472
26 9581 3855 8630 2053 9082 3717 3051 103 2229 2557 8525 4062 6888 7853 5729 4289 7076 1449 9399 6254 2716 3637 9281 4295 5361 6221
26 2512 3578 3338 3396 7312 4376 2706 5405 4472 7837 1872 8344 3689 9588 7018 6027 1749 1878 7030 1103 7079 6194 9296 9614 598 1247
26 8890 7940 8459 6804 419 2731 751 5050 9219 9694 3285 6848 1932 5587 1796 9091 8466 3342 6370 6957 7225 9373 4083 5242 667 5865
23 8736 6924 5387 1023 2651 3026 3839 7907 5101 10 2710 1545 1836 2414 7588 6207 2306 4370 2795 5755 18 3040 2448
26 9121 2074 6951 326 6475 6062 141 3770 2702 9038 5725 319 4964 4590 5963 8841 347 4719 1856 9008 7885 3791 9277 4976 6118 1547
26 9090 2695 945 7637 435 6181 558 1352 9950 7167 8638 9783 6728 2506 1850 2582 3996 2101 1703 1234 4574 8964 2839 5058 791 7131
26 5437 2009 442 7249 9640 9678 6764 582 1799 8851 2933 2918 4718 3902 2231 7974 9885 8844 1575 3288 7641 2697 5239 8384 4522 2724
26 4309 3869 1651 8713 7574 2639 6013 5557 3186 514 9226 2089 4290 5648 1727 703 1717 1713 1659 3937 6092 3658 4814 5065 2196 2813
26 2288 5868 8792 1686 2272 5001 3047 2640 9458 1521 7045 1317 668 8009 3935 1136 198 4386 785 9088 3441 3250 3126 6546 2185 4120
24 4839 9003 6404 9625 6985 4471 3776 23 6391 5329 7829 8107 4175 4262 6180 6812 7233 6852 6817 3224 4580 6782 1801 7906
26 1178 6189 1024 9768 6550 6297 6698 91 660 6699 9372 8135 7995 1344 7713 888 6906 5010 7878 3804 5773 7946 9971 6693 4649 8350
26 9679 8520 2212 2330 5996 5663 6583 884 4642 4857 2777 5492 5640 4809 815 6464 6117 4600 564 2929 4151 2976 8888 5563 9536 4338
26 519 4665 2539 4455 3938 5678 5351 595 9160 8075 4988 5278 4523 7945 3018 8528 1262 7868 5826 1405 2481 2847 1952 4860 1758 5046
26 7020 4637 3276 935 137 6495 5187 6407 5409 3630 5801 3924 9929 4843 6225 416 7332 3733 7518 8114 9909 1881 6153 8147 4124 5253
26 5970 8477 965 1326 511 4639 6346 9737 8565 8431 4892 6090 9547 9185 6483 7292 4801 9786 8181 1927 411 432 9873 7681 648 8710
26 6520 2883 2642 608 1580 830 9620 1912 4491 76 6386 918 356 6262 1442 562 7247 5414 9098 3059 3741 3633 2540 8265 2679 5504
26 19 3966 5881 3317 7572 3789 8806 2467 6237 4845 6447 5786 399 3948 441 8115 1957 1380 3355 9772 5096 5623 3679 8001 6433 3928
13 2693 6321 9377 7671 9135 1436 8273 106 3086 8304 1905 7842 2269
26 5934 9864 1977 5112 8338 6247 6460 6956 8214 4696 8871 3846 2433 2854 238 1345 5271 735 5468 5354 3143 5533 302 5501 2019 3386
26 1724 4601 5406 3160 9757 5433 6652 5584 7048 1330 8062 4688 2348 9150 9629 4053 8050 9969 8305 2575 8756 2188 8106 2794 7042 8980
23 1323 3444 8104 1855 3246 8486 9127 1676 5997 7341 4314 6578 9451 932 6636 1615 2010 324 8451 6760 9257 3644 3612
26 5156 5440 6413 6168 6942 6523 5045 9165 7770 4159 6389 8872 5976 2062 5651 6332 3448 2050 6933 721 6065 8722 181 5485 3378 8517
26 2112 84 3410 3865 1755 8421 7025 2749 4594 7614 618 5208 9988 9554 732 8252 2420 2232 5987 3089 9551 7052 6097 1514 5817 811
26 5317 4090 1447 3092 57 3375 7548 617 7445 5933 714 7525 7384 3844 6175 8121 9423 6471 1760 358 5266 1044 1456 7202 7758 7036
26 6663 1305 8158 5212 3462 7211 8523 3952 819 3847 4420 5498 2034 8971 1314 8359 8702 6320 4189 7845 6992 3002 7803 746 7173 8898
26 187 7325 7194 7927 2075 5155 40 6896 1943 5567 5289 3474 5019 9902 8476 6025 8632 7050 6033 3890 1295 236 5494 1300 5125 980
26 8587 4150 219 530 6048 4410 7581 8883 2025 3845 1603 3999 9022 6083 3913 7661 3538 625 931 9903 99 3683 1128 7751 901 9850
26 9100 7936 2031 9691 6279 8434 5082 8373 7149 9611 897 7865 2437 4464 9835 1540 4655 7336 4972 5653 1032 3175 3641 7035 4785 1569
26 7088 48 8902 6304 3105 3701 2171 3864 2678 724 8502 5527 6802 5191 6308 1457 8362 2871 2980 8600 6070 4401 2457 2888 9374 144
26 8786 222 4428 8774 1311 2686 9826 624 2546 1875 384 2499 6543 2279 7385 1780 7157 4640 7738 9204 2968 5198 8636 1887 4126 9906
26 8038 8578 6101 730 3740 799 3146 7856 5219 7990 3926 6038 4487 8049 4190 5220 1124 8317 604 8558 2886 2223 3100 5811 5697 9131
6 9252 8088 3774 9012 3915 6517
26 1480 6645 2654 3947 6836 5719 159 2753 7245 1179 5059 3788 5164 4963 4259 9688 5638 1578 1268 6551 8579 5924 4519 4927 1015 8947
26 6228 5693 4414 4115 5887 1004 8094 7239 3980 7794 7520 3392 6821 9435 1229 8197 4739 5110 9093 1698 9973 8087 3838 4962 8216 5631
26 4301 3119 6669 6202 1835 6293 2204 3494 147 3203 6708 5163 6187 9331 3519 158 9500 2236 73 4774 6250 1837 3898 9771 637 2208
26 5324 2135 6139 3891 7342 9647 2245 2900 1620 6067 8460 2935 2299 3297 8893 7177 3927 5788 8233 1341 9715 8514 2157 3035 3298 5415
10 5721 4948 938 6744 6850 7809 3330 7453 4052 9803
26 262 2247 3054 1588 9276 9419 1346 6570 2885 9106 1709 5984 8246 9029 1374 2462 3908 706 4030 3742 8096 702 7251 2691 3825 9014
26 3580 4475 6843 6068 4250 102 7276 896 5803 7822 9056 3075 970 4547 5607 9348 963 5525 4864 4999 5749 3964 1983 1043 5659 2172
26 8699 9847 1655 7677 7277 7874 2952 4888 7643 9967 9321 6513 9978 1275 8169 4754 4835 7426 904 1241 3944 7338 7073 5474 6997 1929
26 9897 8640 789 3256 8715 5238 3232 5344 7798 8820 7796 5523 7106 4874 5548 2728 2239 2149 3820 8380 6797 4108 5978 4886 8210 1653
26 423 4008 8447 5008 5553 8809 4318 5043 709 2045 2874 3561 3182 3813 5820 6174 8356 71 6005 8095 9484 2926 6534 3349 795 4803
26 3147 2061 6902 9985 4340 2856 708 3782 3258 1568 6519 9026 9269 5575 1357 370 2687 632 6577 4766 5676 9007 31 1522 6844 6434
26 5864 4377 8783 482 1524 4744 516 3122 793 7900 5804 7009 2116 6171 7875 5738 7443 94 6295 7358 3309 5146 7606 1084 1425 635
26 9626 7952 4720 3067 4875 4065 3198 2893 8047 5157 6059 9103 692 8549 7322 53 2487 6516 9081 9107 4287 3716 13 6665 6127 8319
26 4536 5341 8290 921 6409 1476 2033 6132 7971 6452 7998 7305 8906 539 7090 6811 1789 5895 9529 9802 4261 5446 6449 7001 5204 8374
26 2382 1335 9685 1593 2967 5291 8990 3098 8945 7169 194 4468 8127 6047 433 974 9856 6766 8139 3041 6193 4760 9067 7112 3858 6350
26 2313 1406 3236 3024 6392 9634 5422 5170 2220 7221 2241 5862 2454 8526 4395 5849 8060 8322 5081 8456 2827 2460 9129 5790 5857 4177
26 2198 9409 1159 6378 457 7003 2648 7394 2035 5482 1042 695 2994 6891 1953 6738 8349 9618 3943 7919 9173 9746 2830 5108 2032 6257
26 3905 3371 7116 6003 6305 9731 7043 8112 3364 6566 8125 8935 2390 8170 7556 4597 5932 335 4524 5843 2201 9521 8838 1148 3780 9589
26 6526 2917 3188 4164 7665 9341 9576 9539 7080 5478 1629 9994 3650 1085 958 4708 195 5703 5624 5669 5896 9580 3853 5051 3347 70
26 448 6263 364 6173 1276 8772 6438 5374 4722 1541 9221 7004 8833 3053 1894 9386 4505 9445 3725 2572 4596 5003 4160 9354 7165 1254
18 4029 7804 4205 2436 1200 8596 8026 1626 2038 6104 9739 4067 3595 5233 859 1740 226 8594
26 1721 1543 7129 4657 8563 3752 2799 2187 3798 7147 9699 9420 3894 7750 125 4025 9310 3642 3577 6841 8765 1161 2353 2610 9176 6111
26 6913 9109 5090 5189 4941 6953 8116 9505 6657 5306 4442 2151 3141 5320 7835 8752 7851 4514 346 8977 3180 526 4434 6317 5150 1115
26 825 3442 502 5006 8309 7516 7275 412 8288 3751 8606 5583 1395 9114 5396 813 5152 2447 8679 9097 5095 5179 2677 4243 9061 3093
26 8758 3430 2603 9385 2439 6102 8368 1523 4756 9264 4043 2805 8299 3201 8247 4165 3777 6091 5346 7374 6781 6489 9280 7017 3097 3264
26 4575 209 1530 6984 2954 3469 6537 8051 1101 15 9968 9136 2218 116 8513 8354 2617 7200 6015 8678 7283 8626 6212 6840 5682 5232
26 8175 6783 6752 8191 5120 8546 8745 3366 4840 550 434 6146 5505 4912 4970 9448 6287 1648 7976 1807 36 4769 4968 927 7219 8582
26 8868 5235 3816 1635 4088 2333 7633 8339 2373 7493 215 2129 543 6396 72 6572 1671 1542 7378 2328 1556 6941 1362 2586 3664 6258
26 5335 5649 5250 1000 1670 5031 2044 5036 8617 4045 485 2841 7566 4682 1321 6285 8439 5336 4748 4510 8441 8777 1009 616 2252 2441
26 5626 9393 6418 6927 2866 3735 8624 8876 6283 8416 680 9148 1818 8235 2990 7072 8668 8465 7895 9465 9016 5814 8223 9461 7410 7235
26 9586 7429 6410 9712 7686 9769 7246 5014 9240 30 744 5909 2524 8656 5479 3472 1906 6499 4339 5056 6640 522 5047 5499 758 1137
26 2714 7005 3490 5540 5516 596 2831 2217 5356 1639 8864 754 4515 6854 4573 1190 8364 1358 9676 1971 4422 971 9898 4281 1701 1147
26 606 5860 2531 8574 8419 9512 7918 3622 2248 8334 4335 2375 547 7757 4306 812 1114 2131 7625 838 6383 5940 2812 5874 5057 9369
26 1066 1414 696 6765 5712 7816 1282 403 8952 7651 7866 8826 7502 5472 4218 9689 3628 7367 4727 6 1645 6991 2516 1731 7881 4897
26 6965 9140 9405 6430 2207 7256 649 5287 2142 9192 5556 7521 9955 3296 1940 534 4452 471 4928 2349 5066 2064 2287 1141 3983 465
26 9751 8731 2296 4833 4938 1422 7019 4034 3675 4985 282 561 1989 2682 2739 9501 4517 2069 1996 5397 8255 2746 4896 2458 4140 5273
26 8489 5299 5562 8973 1959 4942 8236 8937 5462 1591 5103 8988 3011 8961 7179 1750 2555 3244 903 4671 2764 8501 5515 170 4490 5731
21 8029 9084 3512 1381 3292 5071 7813 3496 9222 6179 3824 5127 731 9351 7160 973 1091 4488 8002 1507 2090
26 2787 3368 950 6399 3759 4588 5994 9710 7361 1203 3428 953 3573 1516 841 2190 4960 9365 551 9323 9875 5609 1488 3665 56 9334
19 8449 1900 4200 1376 425 2060 3278 8481 9433 3946 3843 283 8534 8672 1072 2350 4949 2005 1022
26 5393 4842 5808 7975 4593 9817 1779 4607 5176 9659 5353 3925 923 1737 7708 9224 9039 3096 8392 1249 7159 8894 9669 8391 5029 2312
26 1560 5619 554 6457 3220 6832 5375 1441 3261 6865 8799 887 4626 4745 1657 3010 2256 5612 5765 2427 7826 1366 2490 9637 1288 4538
26 5402 6377 4405 9654 2140 2235 4007 5853 9812 3691 6211 4856 9060 6339 1253 6214 4438 4735 6432 9615 9352 8092 9493 1202 1931 5063
26 7401 9514 2335 41 5955 2374 1182 1700 3505 8662 8067 5742 9839 3078 7417 9211 7522 4367 1916 1076 6095 4037 3727 1052 7356 327
26 2984 4071 6794 1233 9926 4141 3453 5967 6562 3501 7724 3121 4264 6415 214 2004 7589 340 6028 3794 1506 755 329 4305 9936 2773
26 4624 9733 1860 4935 5158 5794 560 2919 9912 2477 3705 4465 1007 8081 5349 8512 2974 167 2202 8418 8808 5960 4134 8424 60 7311
26 9944 8586 4260 2657 8915 3531 3807 4541 2260 9849 6935 5519 4106 5600 232 7982 7299 2801 6964 9756 6993 1445 3260 3343 7896 86
26 5426 9305 5990 9401 7380 607 4776 2320 4921 3466 2532 6235 6977 9879 6608 8436 9119 5128 3427 9059 7858 360 4778 5599 2627 8137
26 9166 9927 8345 4635 6639 6749 7513 2543 7754 52 4473 1681 809 6816 5681 6008 4870 7450 4390 7496 1577 7308 8949 7527 4951 3255
26 1625 1315 4404 6786 3181 5757 1168 8981 2164 1193 9632 242 6604 3511 3391 3136 9582 45 3344 1928 6107 3762 4702 9266 1312 6494
26 8239 9563 1415 481 5650 6512 6921 9842 1752 281 4204 6963 689 4562 6522 3878 1469 5153 7360 8256 6401 9502 2554 2833 3586 7441
26 7575 2480 3918 3991 8766 3739 9099 2958 9566 1264 463 7363 1047 2947 8676 5309 7327 7893 5118 962 2811 1699 8490 4795 6973 2243
24 3557 583 7464 7206 4476 7698 7777 5310 509 3293 1277 7142 3515 3214 6176 6229 1611 532 7241 2638 3922 182 4277 4531
26 7948 9392 8213 9306 290 1910 8190 3507 3061 1393 1820 8822 7725 678 3045 7674 5741 3001 2262 2342 9596 8507 5455 1809 8301 59
26 2261 2559 7086 1121 2916 6352 1453 4113 5465 9663 6325 6226 4388 7321 6205 2956 1839 7487 6531 2946 9995 429 5404 7093 2819 4641
26 7904 4855 8711 867 3879 4613 2931 1294 320 4881 5734 5217 2205 7781 8725 3526 5870 4201 8399 1039 9115 6136 2704 1619 906 4725
26 6548 837 3104 9267 4020 4119 1942 646 4302 6064 8918 6857 5002 6861 1945 9648 1770 6524 3063 9999 7460 6435 6650 8321 3871 1006
25 5679 2166 1880 8231 3875 772 3370 4397 6223 5872 1584 1308 800 1031 3827 3755 6315 954 1574 6487 5435 5264 9123 3931 8123
26 4618 2912 8566 4705 7323 9738 4099 7078 777 9284 798 8954 3039 1298 6777 385 4565 9032 5671 891 6553 2643 5337 3690 4911 9577
26 4387 1888 5743 615 9981 9549 7685 4328 6571 4365 6134 8960 1485 261 5243 2358 5456 3497 1440 1498 8685 5613 1280 7649 1479 1082
26 4758 7210 499 4355 9696 4503 9478 4441 4784 9001 5768 1854 3516 8914 4715 1333 5483 9342 496 1063 8408 1028 8487 9990 8195 3238
26 6480 6456 8209 5466 8085 4958 5830 2453 8686 865 1513 6387 256 5389 8811 7419 8734 9565 7146 9253 6943 3478 3043 176 1139 1510
26 2718 55 9191 5746 8382 7922 9062 5087 5301 9687 6641 5380 5898 7675 6130 7012 104 1126 1162 1099 3456 1579 3718 7953 2961 6919
26 6363 9799 5856 4070 872 196 5453 7806 929 5824 1819 7407 8748 5097 3006 3074 1707 4220 8041 4081 8794 407 1600 2423 669 9329
26 2941 9707 4959 5205 492 2548 8804 1864 8705 4121 5000 1876 2175 1769 8931 6167 0 1174 5706 1616 2925 2435 3304 4013 3857 8098
26 6245 4011 8595 5698 285 7737 8530 5995 3211 5314 536 2804 7760 8975 9986 3060 1719 6691 5938 4783 7526 8515 1549 9793 8696 7115
26 9144 6961 376 4863 4733 2250 9035 7010 7081 7103 820 1763 7815 8663 5778 6376 3365 4599 7458 1559 9343 7696 6057 1552 8057 9227
26 9559 8708 3826 4246 417 9492 6647 2978 990 2395 4566 8074 173 4925 7365 9416 4118 7023 4294 9861 4534 2168 2094 5388 8069 2786
25 1273 6831 7891 2082 8253 7924 1246 5298 1198 862 1283 9862 1444 6712 9506 8215 14 1829 5331 9415 8409 9439 762 9004 9916
26 1040 5917 2828 5771 1845 9511 64 1181 6999 9667 6437 7381 4443 366 7298 4323 1092 4425 8461 9414 2815 3012 1903 3522 2271 3985
26 1908 7849 3697 9556 8979 2732 8194 171 3592 5780 7046 8814 9740 6372 6859 333 7290 80 8124 4668 8837 4977 3819 491 4683 6721
26 6462 734 4836 946 7884 6319 9784 993 2525 9882 1592 6414 1783 2016 6349 2087 5611 5789 1484 3900 6627 8287 1641 9749 7801 2845
26 7867 1138 5295 3877 6197 9171 2360 9077 1455 8063 2901 7807 3235 6609 6790 2047 5448 344 4334 8405 593 2564 401 6911 9796 7795
26 585 5213 2738 5113 4137 7122 5417 8367 5979 5272 1248 7220 2431 6049 217 9244 2124 1632 5114 5319 5194 8707 8414 6007 2914 437
26 7965 9283 9485 9287 5475 1386 7150 2797 6218 6806 90 2144 6987 3593 6555 4619 6020 1334 6661 7199 426 6559 3576 8386 1958 1019
26 9675 4658 493 8040 1863 7933 9202 6784 7282 3222 4357 4009 122 149 1116 3076 351 5762 3815 2707 218 9371 6112 4813 939 845
26 7810 1227 1067 8059 8637 4006 2088 4724 546 2906 7339 1420 8291 8532 528 6923 2012 7897 3388 1093 5130 9841 145 2905 7335 994
26 3362 6952 3575 6450 8379 6989 6196 1338 5702 6757 2121 9355 3312 9921 2549 9930 7887 6347 9825 8012 2136 8120 7905 4506 1088 6113
26 8739 7928 4781 1010 1762 7190 9357 7259 3247 7100 2829 2153 5904 8361 5383 9389 6988 7833 4680 9094 7495 8867 2583 7413 5230 2755
21 9402 3708 7926 4421 1693 8816 6243 9868 6980 9438 3645 9697 7886 5420 5985 3837 3132 3492 1478 2326 1972
26 8667 3156 2233 697 5779 4656 1079 6426 2174 6443 8004 9548 4868 9886 2039 7388 2466 5286 4917 848 834 246 7151 7985 8260 910
13 4673 920 6150 4074 2758 9366 7411 454 8143 4212 4712 8294 4793
26 8784 7557 7355 3986 9042 119 3270 9394 3657 9141 4456 6642 2214 684 6863 4298 5921 7175 9174 4480 6929 1303 2450 2337 5280 4156
26 7438 2944 208 5060 7683 4605 8101 8953 4130 5070 8070 9867 9225 6552 8689 3545 1764 2826 9855 5423 6717 7053 794 6421 1718 2238
15 7248 8518 4027 8605 1706 1509 3949 9447 7727 2740 9724 3963 740 1130 2951
26 8675 7108 1512 2470 601 9537 2077 4623 8266 1981 8415 4004 6290 4979 6149 9212 1941 7029 3884 7596 9857 3766 623 535 8939 1951
26 6879 1949 1630 7428 9364 5012 4256 8263 2125 9718 2417 6920 7091 229 9359 5883 2806 2615 9814 7688 2550 573 7395 2318 2211 3458
26 3066 7913 2486 4017 908 2959 2270 7278 4638 7764 2846 2191 6055 6459 7942 2892 8221 9201 2489 6472 2743 7297 6631 2073 4057 7733
26 8167 713 3667 9495 3205 3624 9474 8659 1583 9508 7542 8422 7519 9247 7549 870 1917 2085 9108 1426 3737 7307 937 2940 4186 8331
6 8160 5982 7678 8394 9381 2887
26 1002 8978 8376 2681 8133 5234 2482 6422 1257 1897 6379 4916 2995 1125 4512 7260 185 9587 1793 1021 3571 6986 540 5806 5413 3405
15 7013 1399 7337 8303 9350 4862 1152 3434 5470 5364 2909 6444 1822 3413 3286
24 4898 5300 6544 7376 2128 8034 1768 4317 17 7872 1073 866 4168 9428 1824 5512 5109 5119 1360 8658 6448 108 9290 5798
26 3779 6901 5282 3435 982 354 6188 3974 3432 8511 1772 2756 1911 5577 9510 7371 2719 2282 4610 5447 4283 5927 8899 2339 2100 1439
26 9187 8079 6360 7579 7535 3921 7749 46 1733 1589 65 3550 7650 4303 9764 7723 2215 5905 4753 3517 9982 2878 9340 298 3588 6870
26 8189 6662 2143 47 4244 6336 2547 508 1551 2921 1140 6184 7944 2960 6506 2619 569 1216 6470 3687 8959 1086 8834 8371 5591 770
26 873 3539 5062 2440 3583 5539 6359 8843 1960 9228 4660 8646 2526 1310 9958 8927 5223 393 9893 6845 1354 1614 6096 790 8091 3569
26 2056 6807 9544 9487 497 8895 3213 9151 5694 2065 1747 5385 5851 4612 4136 9989 3961 5522 3183 2855 5616 5489 7702 1562 6479 8552
26 3215 8310 5034 3329 3632 7817 6814 8788 4824 8064 3955 2319 7328 1337 1672 2413 8934 9910 6521 1080 6275 2593 8543 3520 9938 1306
26 7864 7463 9935 1313 1503 4646 9152 9134 1692 1598 3127 4499 2228 1834 154 5430 1157 9991 478 7775 8908 6955 9711 7586 9765 5931
26 4924 273 6424 4854 9819 1537 7808 5021 4209 5915 9319 7987 4265 9292 357 8993 6675 8852 9308 6040 5871 6796 7603 4364 4592 1962
26 6012 9742 4659 9274 4709 350 8645 4966 3373 7197 1255 5901 2381 863 1604 8568 5392 6628 2267 4447 6348 9568 480 8929 8690 9673
26 4144 6815 661 2455 1201 5576 1886 9234 1412 6930 2765 6539 4591 4075 7753 4932 1520 334 6445 681 8100 6867 9294 4479 1826 898
26 7387 7861 3249 1046 9527 4782 5457 5116 7626 9729 5104 3992 5802 8994 4337 2365 6860 3412 2484 4598 919 5283 3712 6603 7742 6260
26 7064 769 5091 8598 4826 9116 2434 8164 2924 9268 599 2148 8470 3316 6847 8241 8045 7272 925 4462 7705 9024 1683 6087 5443 2449
26 7787 4307 4537 6473 8014 32 5064 4734 2972 4206 8446 2383 6778 7699 8258 9488 9050 8052 6284 8474 2890 3120 228 1669 7899 4157
26 4112 9888 2742 2291 3398 578 8955 9824 7139 1979 4787 8177 6540 6276 4429 3223 50 4192 9063 7550 8818 2985 5410 6073 9781 8131
26 5260 5192 2538 2118 565 775 3958 8585 7931 3862 3085 4978 8010 8946 9520 1129 6532 6478 5142 4577 1404 9942 3604 5846 8385 8941
26 6159 7889 5237 8795 3541 6771 5766 1250 5998 7145 2042 2923 7720 8936 6755 5416 7932 6514 4146 4284 8333 8538 5294 1581 4374 7424
26 874 6198 5662 6818 4764 3778 1785 9928 8099 3007 2040 9378 9643 5561 8162 9456 8655 5231 9261 2514 7669 8282 6368 4257 224 9430
26 3257 610 2536 6307 6021 9006 7135 6622 8857 2835 9758 1612 3473 3841 7786 7543 875 2616 8912 5037 8467 9606 5209 4077 7766 5859
26 3291 3655 2006 1508 6615 8575 1494 382 1123 742 4496 3150 4549 5687 4560 1857 4341 4036 1821 7937 3933 2807 6288 2280 2276 391
26 7320 3167 6875 328 3108 300 2696 7096 459 6602 7189 6131 4543 9142 9946 6667 3953 4182 5812 3852 7523 4861 5185 8320 818 2410
26 3168 9325 9412 5948 5307 5625 8796 8827 6085 9785 5372 3295 7935 2861 7848 2785 3582 1361 1694 8726 7452 4820 3229 2814 2049 9117
26 7455 1353 1605 5818 1550 5193 1947 3476 9388 2504 6722 4669 363 9295 9957 227 9892 8771 4609 8757 8145 455 5293 2013 8372 9700
26 622 4214 2293 4980 6567 8402 9272 9836 8505 4236 6165 4915 4893 3351 487 647 5705 6365 8240 9184 6291 258 4197 792 9860 840
26 6729 7040 3596 5507 7172 3663 8118 1211 2099 7560 257 631 3416 6655 5893 8570 4023 2650 8457 5297 438 3923 2730 9656 4741 7161
26 9666 4894 6756 6338 1913 6886 8909 576 9358 2766 9407 2309 4033 278 7505 6590 4102 7695 8032 5884 6889 2544 4570 5147 9172 9326
26 9965 7141 2788 5888 1970 3187 286 7642 9248 3044 7508 8963 133 4380 3237 5993 5677 6646 7890 4859 1607 7485 7484 4865 9499 6585
26 164 666 2132 8173 3155 9858 529 7068 1119 8153 8974 83 4251 9193 8922 9683 6666 7784 301 3048 6335 9178 6715 6685 234 8119
26 3629 445 5732 8995 8285 645 9177 7745 979 3859 3154 243 5518 9672 1885 8314 868 2493 9315 5581 4504 7544 4695 5148 1150 4103
26 1993 8406 6849 5744 6742 1627 723 1539 9408 4768 5559 2501 4950 9760 7181 6707 9535 9047 5348 5038 6826 642 1633 392 1304 6853
25 394 8071 7732 7430 3970 3194 7712 4469 7368 1069 4489 8764 3714 7578 2943 3004 3248 7517 5946 9601 3792 9608 3723 8174 5848
19 6745 5352 2324 1804 6842 3542 4806 7433 362 716 1348 9723 5084 450 4122 3111 4700 160 5275
26 2119 1005 461 9595 4703 6076 4647 8610 3077 5704 5810 3159 9368 3660 2894 2255 7124 4478 9695 269 1739 7268 1482 4918 6185 9766
15 268 1421 8803 5903 9798 6538 4786 5513 5190 3372 1259 6801 8704 3241 9693
26 3055 4255 6851 9830 1729 8042 2528 712 9741 7894 2694 9821 6574 997 6776 2274 9356 165 3823 8388 1242 9703 7938 5652 5244 6294
26 5674 5983 4615 9282 3036 2059 1565 8284 9948 402 5502 7195 4345 451 1649 4919 8905 5121 8896 5013 6411 4556 1893 5543 7467 9915
26 3817 1438 4437 3193 9754 4247 5221 6098 5451 8033 1504 600 7910 5067 8776 3320 4082 2134 3822 5079 479 7478 2421 6998 3850 231
26 5027 9901 7188 1869 8146 6710 9263 8182 776 4378 3799 9085 6726 1351 3495 5357 4054 4765 237 3087 4172 5821 9146 4846 5436 7789
26 3117 4059 9473 6903 4403 4297 244 5844 1946 4559 2646 7701 1842 7476 2793 4026 5595 2162 7563 2902 7391 3653 5429 6569 796 8453
26 7253 9207 4807 8224 8128 3732 9138 7966 8061 8901 9376 4632 8136 6366 5552 7063 1732 3563 5200 270 3348 4269 4242 9573 8211 8022
26 6529 4346 2123 3426 2292 1281 5764 6393 3909 4125 5340 8225 6970 8141 727 8201 6660 829 1890 6918 4943 1636 8327 1966 1751 3812
26 5716 2748 5049 1365 8351 2600 5105 1746 1109 1417 235 9498 6375 4736 8813 6286 4831 1548 4576 5277 3033 3037 2503 5942 9635 5973
26 8932 3239 2230 6420 4245 4749 5635 4675 7515 9516 3574 5992 9533 6709 2950 5 2668 3771 3638 6152 960 390 844 3620 2055 2664
26 3191 476 3536 4109 9190 4957 4713 5100 6591 7071 5534 1753 5268 1011 2700 8669 291 3000 9603 2066 4463 6770 5024 7964 8480 8700
26 5902 4495 7471 8682 1640 7558 2969 8259 3487 1364 3761 5172 8969 5093 7646 3013 2403 1678 2419 3934 1608 7740 7600 4662 1418 2658
26 9657 2020 2717 9750 6966 8219 6580 2021 8727 1582 2052 6249 8335 3796 9363 6827 1183 4215 2459 2647 6302 1665 9622 7138 4905 9558
26 8292 9411 5500 8448 1797 1239 8030 1891 581 1448 614 894 5321 3091 7800 8357 5365 3109 8498 8454 7067 38 58 9486 9383 4716
26 7070 8840 5425 3354 415 7382 9182 4497 1309 592 8599 4998 3463 274 806 3599 7541 7838 8805 7943 8706 9668 3080 955 9650 2964
26 6822 4098 477 507 9180 1491 4477 5040 5959 934 2614 2580 216 6897 663 4751 1919 7644 5053 5467 7540 5129 4545 3734 5390 424
26 3910 24 627 3885 1986 4371 475 9156 6301 9027 2402 7892 7331 5259 1291 1167 3634 2752 312 664 3626 3681 3369 3543 5173 1038
26 8573 4644 8254 8021 6172 9065 66 462 7171 7627 4746 527 4430 9250 8471 2111 2971 1370 5947 7774 679 4226 7959 431 8674 1343
26 2346 6547 8149 1634 267 1369 7477 8343 4685 7506 1058 5117 7130 5102 6169 6511 7421 8202 7979 673 4178 3042 4542 4133 9993 2862
26 7638 5381 3560 9021 2570 3669 8687 2771 7474 6178 6042 3556 4851 996 3806 3810 9540 5288 404 4627 3800 5236 8019 749 9753 9736
25 9624 1955 6123 3445 8111 3635 6024 3709 9471 1914 7414 2513 7237 7482 9609 8068 5643 764 4230 9126 9443 2865 4091 3284 8535
26 3990 8204 2406 3403 975 6357 9466 2386 1098 7536 4899 7351 1435 9966 9245 3704 8825 5195 520 4229 4995 49 4354 1642 1948 8113
26 5593 2007 6200 7746 5025 2652 5838 2673 9513 2561 9015 5188 5785 4423 8873 5419 1858 2510 4127 1258 9590 810 3254 5521 3860 3408
26 2122 3471 4885 989 4349 7243 7207 3867 5211 6103 7352 733 6940 2398 7797 2093 9866 4222 4581 2705 2628 5028 7617 2200 2821 9380
26 1146 3475 2782 7117 6503 1061 6416 9031 2076 9607 6983 3340 37 1402 9205 1586 6545 6126 2483 7128 6701 1662 1663 5265 7375 1359
26 380 961 4048 4003 4629 3962 2602 6331 6882 2104 5880 3436 1771 3406 8360 1976 5044 4342 9367 6549 6890 3744 3327 4332 5737 1378
26 1563 5359 4717 6582 7434 369 7503 2680 1464 6203 2359 1107 8762 3553 7582 8003 1567 591 8531 7902 5688 4780 1848 5735 9095 5665
26 9735 1794 4411 9072 5620 7883 6119 7094 8023 5879 8540 4272 6542 6697 8469 5401 2475 5363 3084 5726 9236 7950 3106 9717 3107 5571
23 1867 9463 4493 8968 6762 6251 1286 8237 1458 7061 7844 3283 8775 6945 8716 5175 3662 9791 7559 3558 5454 8267 6606
26 8548 1528 6239 4366 5777 2635 1745 388 8885 9911 4582 3854 3907 2834 3152 223 9961 7973 7765 9907 3219 1120 5545 590 7700 6016
26 9030 9954 6058 3786 1792 506 4114 1738 1710 4104 3282 3967 453 5308 5132 7031 1505 2387 7294 2472 8295 8238 6496 9259 4790 6453
26 6485 4396 9705 5541 3502 1684 3785 3429 5033 6800 936 3328 4997 5274 3052 8234 8900 5912 7514 9149 6017 1728 6700 7409 82 5370
26 1874 8274 3849 9815 6454 6856 8245 694 1197 1624 8603 8200 3911 512 6525 3888 3446 8117 2727 468 7317 3932 6158 7673 136 5174
25 2573 5572 4511 4815 4107 5695 9761 9481 1531 4343 4777 6298 6982 3856 8651 7330 6621 7033 5450 1849 9827 4676 307 2509 3781
25 7929 6361 7398 3129 5668 3544 8664 2126 7609 6006 9823 8186 9330 34 3455 1853 4240 3998 7989 5075 3189 6341 5855 8398 4841
25 2741 3461 8435 8188 5957 152 422 177 8730 1744 3443 688 6560 9828 7418 2017 2932 1018 1087 3423 7038 3275 1427 4292 20
25 2432 7585 2711 318 7847 3420 7014 4406 6962 1643 3753 4772 2344 5016 7653 2351 3912 2336 62 2822 9223 9692 2843 3611 2286
25 8353 4352 4154 9186 7630 408 3534 3793 2568 4677 8432 5305 9112 3339 3861 8332 1696 4419 251 1788 7054 2114 9203 8684 757
25 8102 5954 7104 1054 7762 3565 2966 816 4270 3874 11 6713 1396 2611 9924 2644 1975 6267 1481 6895 1987 5251 1938 9770 807
25 739 1142 5654 2780 7102 9844 7562 2415 2667 4879 8571 5981 5589 6725 6759 8907 6813 8156 3303 3094 9777 2609 7154 3279 2329
25 6002 6160 8588 7226 4761 8150 8529 6597 458 3509 2242 4385 8129 9914 7359 27 4876 143 9578 8275 5177 725 5077 8877 1841
25 1459 768 5892 1777 5699 3319 6281 773 3503 6451 4280 6947 916 1187 7917 4650 2496 9660 7310 5438 1571 944 6788 8377 7783
25 3940 2297 9286 4910 127 7628 6182 6367 4775 387 9983 4248 5122 3711 8913 2552 7107 1347 6795 6183 1722 3479 3274 6598 4909
25 8203 7877 4170 5783 9179 636 9919 8938 6680 9720 2341 4569 3277 5733 6588 8855 1711 8230 2133 2849 5774 6241 3162 5714 5458
25 9406 7553 1637 2626 665 9130 7490 5713 193 8444 9894 5925 5999 3449 1237 9945 6651 4039 5916 3192 5787 7577 3529 4451 2608
25 6654 2774 584 2368 1339 7659 7041 5088 9424 7903 2522 4407 7265 609 2567 2820 1385 7658 9787 3848 4288 7390 6439 8168 5854
25 6581 7229 3540 1660 3068 3731 8403 1937 1519 1166 9479 9239 93 3399 2991 2263 7408 1367 3056 3464 5617 5439 9854 8607 3500
25 1433 4586 1838 3083 2802 8768 8661 305 2388 6682 2913 8450 5262 6326 5484 2092 8000 3552 3301 650 3486 9210 8130 8770 9818
25 1251 3307 8192 7174 2180 1922 6306 6268 542 7422 4019 1810 6975 8475 9616 4513 2701 5605 7634 4737 882 5328 4445 5922 3046
25 2660 6274 3384 7492 9164 4914 3784 5526 6344 8103 7148 2859 9917 7273 9175 8365 5085 1650 6310 6232 5831 5322 1020 7489 759
25 613 5717 9382 657 1331 241 1349 3621 821 342 4073 279 3447 738 3299 7032 4166 7240 1243 5894 981 1003 8635 8740 5508
25 4467 3409 7255 6329 8747 8652 3393 7812 9379 1638 8620 9055 2662 2018 5573 4492 3703 7767 8683 6954 3954 7008 9690 7026 371
25 3795 2999 8484 5089 6446 9617 7232 4767 5770 9074 6114 6834 4361 2584 1450 7313 9194 9057 1397 413 6343 5536 5964 8152 626
25 6695 3743 9890 4233 6023 3227 5908 674 1048 9837 9583 8212 4368 9083 2832 9518 878 9491 1462 7983 6100 5683 3797 8163 4185
25 6069 2327 212 9477 5477 4344 2776 8560 2206 6596 9328 8545 2903 5184 6629 6763 8522 1936 75 9953 2853 9782 9309 1001 4042
25 6004 1833 3760 5782 3263 3477 538 4853 4828 4821 9810 6145 5171 5490 1155 6371 8680 1213 9891 5030 1991 4458 3619 8581 5398
25 315 372 7612 986 2934 161 7456 7984 7763 5530 9592 6138 6820 7098 22 7099 7921 4849 4816 2778 9417 1877 778 7184 3110
25 563 9636 2963 9289 284 4046 8824 6154 2095 6769 7960 517 5793 359 4097 3707 8280 8276 2836 5207 1398 7739 5555 6750 2770
25 4532 9020 2791 9255 4274 2527 3513 5400 6751 9360 4603 5411 4805 9816 5326 7447 2367 8411 2363 2723 5791 3995 7717 9977 3172
25 3508 8179 3029 428 2939 7962 6244 288 1391 5386 7262 7647 6617 4890 220 6385 9621 8066 6671 3706 7841 6236 3872 9013 3218
25 3988 5517 7846 3680 3901 2409 4195 575 5700 6898 7461 4279 293 7782 968 4961 9730 941 2792 5634 7074 1149 805 587 9646
25 8785 9698 1492 5495 9037 3112 3038 374 711 2400 8793 8452 6014 4359 339 4152 6949 988 1526 1036 16 8999 5661 3390 5953
25 4087 1803 8493 2167 9232 4939 9159 377 2515 3710 3425 4483 5257 8381 6324 4389 5772 5149 3144 9051 4670 2962 6872 1290 6944
25 7379 2507 8323 1030 3605 7425 8854 715 7624 6619 9934 4690 9877 1882 5186 9275 1712 7170 132 6592 1490 1652 7214 7825 7818
25 6830 8509 5218 2566 168 1873 1256 704 4327 4701 7062 683 1065 909 752 5850 5183 2800 6075 5460 6508 8723 5362 9196 2169
25 7499 2957 8848 7792 4035 92 2464 9641 3228 1466 5569 4266 779 3682 6720 940 3118 8930 192 3695 4707 7055 6373 6959 3535
25 3114 3527 2975 3603 3842 671 2927 8694 7334 272 3079 4038 9155 7454 2379 803 2022 7821 2266 3306 2588 5822 6088 5972 5368
25 5491 113 8425 9805 5602 5632 883 3959 8904 5730 7266 5692 5715 1964 8628 3506 4001 2750 3125 4983 8641 4005 8654 707 5538
25 3989 157 7180 166 3169 4147 7840 9963 1220 9515 2302 2599 1933 3960 7655 7295 7027 7420 3639 5823 5544 6482 7888 3402 3400
25 9550 864 6208 8767 8791 9429 74 1561 3570 7873 6505 9534 3489 2189 3756 1375 4579 6624 8759 4563 9217 6676 5334 3984 3719
25 2576 2690 1430 5072 7876 6672 7075 4439 6036 280 8148 9709 7552 3808 556 4974 4254 8443 2002 5784 5797 6019 9878 7252 4393
25 1194 8024 4880 7972 7092 4372 1355 3102 8324 8533 4014 5139 2634 5943 9237 8920 6030 7201 911 1661 8499 7300 2671 7509 9446
25 3607 6706 7198 7267 524 6280 7162 7344 7285 21 2737 9941 4762 386 3747 1413 7780 5461 5022 4726 3322 5311 9260 9432 4040
25 2008 541 9251 6904 8609 952 1736 693 6678 2155 3757 2024 1800 7728 877 5421 3353 3020 9189 1089 79 4061 5606 7011 8735
25 9489 1113 7451 2442 2982 633 2315 1590 808 4012 670 1840 5166 7819 6077 6054 9111 2988 8011 2970 2803 1127 9427 3987 9677
25 4066 1252 7768 3170 4299 5968 8108 4331 6683 4564 9838 8926 501 5216 1920 3979 6892 7480 9344 3768 1144 9005 4791 8884 12
25 658 7709 8302 4630 7406 9795 9564 4971 2989 5809 8732 8248 7021 3674 4850 7432 8891 87 9125 6233 5740 6481 828 5318 4286
25 1725 2520 6110 9410 9633 8553 9462 6716 3139 7718 6292 2109 3267 6833 414 7734 3397 2629 5496 5845 1231 7257 4799 5551 4929
25 4742 7140 6493 4153 832 1844 7291 9684 8296 959 8881 1610 905 8561 2469 2257 6224 4934 7545 2194 7530 259 1287 8183 295
25 8721 567 7512 8440 4830 264 4617 7271 67 2479 2907 3763 8261 9716 6259 1775 250 4412 2637 2908 747 5647 68 1909 7472
25 1883 4882 7779 1416 2754 9843 4171 6380 7392 5709 5630 2137 924 3123 8166 6504 9531 2028 4827 2251 9569 3975 8341 2897 9476
21 4687 8967 5384 3116 4449 846 7134 7555 7773 1623 8218 6086 3234 4548 1274 4900 8839 3684 107 5707 4987
25 245 5837 2915 7372 4595 8485 8742 833 969 8760 7231 4219 1988 2955 1165 682 4051 525 6976 7491 4530 8430 756 3289 1602
25 4869 6053 8614 4940 3585 7663 3359 5123 8407 1117 9139 5026 5529 8025 4382 186 1017 5568 8751 9794 5644 1517 6093 6461 6465
25 2495 2986 4693 9744 409 1302 643 3451 2057 8289 5532 1328 7077 9664 9076 995 1452 3941 827 4271 1798 3870 6080 2170 1576
25 2649 1866 6199 6718 6316 6584 5690 3216 5094 8326 1907 9748 6773 1782 5558 2295 2389 6761 4069 4516 1599 9339 5667 9390 3994
25 1215 3281 6558 8370 4689 6692 3269 8976 7697 2023 7967 8627 6799 8473 3659 1925 5178 5833 2709 1961 3240 5753 9714 8138 9776
25 9752 4788 5829 1267 1831 9054 7912 7216 5099 6163 5256 8281 2325 4369 4694 2127 7958 2029 5680 3166 2747 3836 5131 5449 7714
25 3721 1815 2942 8277 1587 4652 8996 446 7988 1486 9143 4789 470 8673 6734 5330 367 717 1726 7827 1156 5900 8044 6576 6458
25 8892 700 720 5169 6527 9997 2394 544 4031 991 9293 9734 4316 7997 6736 9080 1754 8472 8468 5750 6071 6419 1158 314 4348
25 2920 4143 5710 6474 7085 7662 5950 7791 2948 8312 4832 155 7914 4529 2759 787 2672 8859 4672 4837 8611 4 831 5666 675
25 698 8086 1564 5226 7778 1695 6868 9708 8987 8383 8691 4055 9998 7584 8039 5506 1974 5759 2317 4923 7144 464 4568 2259 3204
25 3566 8329 1363 277 1647 4063 5564 6056 9073 2086 2043 7101 7860 4770 8886 3889 5918 8853 323 3177 8866 3903 7524 2408 3014
25 9974 5711 9872 4686 7610 6000 5708 3930 4072 5133 338 7703 8688 322 1423 3805 7279 7238 4956 4931 140 4611 2734 1230 9454
25 9851 8703 6747 3017 9952 3433 605 6333 3337 2621 1538 9939 5565 6798 4217 4076 9598 4954 3367 3131 8208 4743 8717 5819 5841
25 3202 3906 6192 5686 5550 8665 2613 3482 4117 1429 1688 5767 6862 9594 6846 5805 4526 6400 2001 7963 9145 4444 1279 9198 1261
25 7501 3457 2426 9316 9450 8615 1189 2108 7715 5444 3748 5442 9113 771 8250 7605 5594 6887 4375 3209 8180 7977 3422 8870 5939
25 3694 2896 1734 3821 6498 1232 1037 7854 8576 9298 1296 4567 2285 1471 9665 4258 824 3363 7951 148 1074 5869 6702 9396 9317
25 6072 3608 5756 5554 2783 1041 9546 886 7573 7604 3498 7440 9442 5167 7616 3590 5196 4155 7060 781 299 7350 9307 4241 7533
25 5086 7119 6382 4207 1102 494 2979 3326 2234 3135 9337 5154 8623 7024 6256 8172 9425 8697 8080 1390 2376 4402 6635 5225 8217
25 4872 6649 7494 2825 9557 4470 2612 2578 5899 1525 1871 641 8264 3252 5138 3374 2987 6554 915 5126 1825 8577 2161 8363 3724
25 81 6607 6491 9249 7916 5847 1555 1236 8984 2842 4092 9043 1501 8779 8738 1068 9279 814 2380 1185 7756 7133 4158 9200 7058
25 741 7799 967 199 7684 1160 1062 1534 180 8478 6605 686 7258 801 4804 8763 3336 743 1596 8714 9468 2014 9887 6271 6931
25 117 375 895 9681 6638 5914 8048 4105 5391 6775 3699 473 7015 7264 3700 7218 8389 4527 653 5015 1954 7269 3533 2530 2922
25 5017 5769 9820 2518 4990 1997 2385 1511 5160 8928 4453 8778 6423 1682 7105 8619 5965 3401 5199 410 5800 6595 6273 9387 3618
25 6694 9291 843 4973 3904 2323 4398 2377 1008 130 3356 3300 4557 9600 3130 9807 3360 5897 571 4728 7044 7087 1923 1195 6052
25 5739 4196 9347 6261 5347 9889 2930 9132 4356 8741 1967 5464 9658 1238 3738 6388 7598 96 4484 8836 2726 783 6177 8122 2508
25 8306 3729 4666 9068 6618 7691 9604 9908 1163 2244 8550 239 4906 2545 3419 2868 7721 3769 9932 9904 6958 4994 3417 2152 9829
25 9216 1778 3325 9104 7613 8821 9645 2284 3895 8562 2938 947 1597 9774 1606 6528 1083 6369 2895 3034 6599 7057 316 5760 2322
25 2736 5382 3411 802 6739 9064 8951 6677 4128 6838 893 1741 5292 6129 3887 5007 1998 644 3019 5432 1173 9759 6170 7834 3069
25 5343 3005 6164 8653 5724 4585 7830 1944 2407 3851 4825 3065 2631 1078 4571 5956 2553 1687 2698 2146 9332 9036 296 4424 8921
25 4249 8271 190 1527 6484 8753 4544 7118 4211 736 5929 2535 4252 6733 2632 9597 7439 7828 2674 6623 879 685 4540 7719 8178
25 8055 7640 9452 2216 1601 4481 5267 9809 912 1387 943 3028 687 619 8643 1765 1847 4110 3485 2080 7051 1969 6573 8404 3883
25 9509 3008 3775 1904 2173 871 5263 1859 6082 8193 7497 3072 7547 467 4210 4945 7400 7925 9161 9426 6723 2823 8082 3259 2880
25 6133 6044 5636 7870 9002 3616 6705 9570 2141 9418 8199 5210 4614 1463 260 8584 2283 5580 5115 6500 8660 597 4324 6613 8957
25 957 6115 9246 6711 7994 8155 4415 7164 1016 2491 3584 1034 9943 5327 1026 9053 3649 3587 7254 2347 4697 7722 2463 3631 7049
25 8244 3692 7357 8348 8412 1934 4628 3341 1533 949 4330 4667 6122 3212 1901 9258 1536 8889 651 7204 1356 6242 2446 1118 3562
25 1757 8698 817 9949 5941 2275 5642 9553 8992 8031 6808 6564 7500 8750 8015 5590 1451 1153 5488 5935 2592 4797 3950 8861 2273
25 9158 4056 2641 3058 4050 8555 348 6121 9701 7564 5975 6644 8593 1654 3023 1965 6510 3385 2193 8718 6358 8657 421 8396 7824
25 6912 7097 2412 6066 9238 4913 3323 4227 4699 1791 8693 6431 1622 5249 1714 701 1373 63 5795 1122 1285 2840 2492 4891 3969
25 9575 1735 6190 5069 2937 7901 7785 138 7296 6587 4852 1307 1154 2451 3481 2579 5181 204 858 5588 6022 822 9638 2618 6342
25 7475 6502 6877 1843 98 3414 6222 1666 9652 1748 1057 1446 9651 7571 6938 6869 8161 5145 1808 8278 7437 4633 2277 9214 5944
25 1384 5161 7546 8198 4602 942 2745 3648 6885 7920 1668 9790 28 4044 6803 2560 6355 5761 6428 6050 6673 8919 1813 9532 6266
25 4848 3693 3491 7153 9951 6009 2796 4636 1572 7805 9370 6960 486 7706 9017 1094 3265 1851 7 2725 4199 8724 452 1226 3021
25 7186 3049 9996 4834 1723 4587 9033 1985 4329 8516 612 5032 9779 1832 2254 2003 1621 9853 603 860 4551 4132 5248 8874 5586
25 29 6900 1489 655 6272 2992 8506 8028 1715 1045 5073 7594 8400 4936 4811 9605 2081 4169 1708 630 4174 5269 8132 5055 5720
25 9869 9523 1177 8035 2304 3623 594 7599 4282 1104 523 7529 5180 8591 5675 8076 5645 2688 7511 3942 8608 2703 6147 7039 9517
25 928 61 7993 3828 956 8445 5660 4021 3314 9049 8875 9460 8829 6874 276 7623 9041 6441 900 2310 3268 7423 4904 4310 5723
25 8823 699 1208 6128 6946 907 8378 1930 9767 857 8551 3661 405 9395 9865 620 2071 2183 3164 6311 8701 1077 3591 8858 6518
25 6825 1228 9627 718 3230 6248 5601 3145 2461 9859 9584 7645 4440 7735 2396 9762 4771 9453 9713 9220 6011 436 6051 8797 1805
25 9118 7114 3510 381 3530 1431 5628 189 9153 4698 3027 26 5379 2311 7333 9102 9599 5949 191 2798 7539 899 1133 2598 976
25 8272 8559 5358 128 1667 5366 2760 8316 3499 6140 5005 3404 4692 5886 8572 5367 505 2860 7427 51 9048 8862 5011 4203 5672
25 3651 1407 3640 3746 6186 629 3062 2675 4213 2645 8986 5582 2197 7999 1224 8347 972 1895 488 9642 6195 8923 6994 9970 9545
25 6340 1689 842 6741 553 2809 8737 9101 9496 6905 8743 7345 3233 9671 2763 3568 4755 2476 6322 5316 4162 5296 3656 343 1677
25 6220 8962 4794 8346 4101 4123 5228 8801 1199 6915 365 4730 9895 9335 3939 9183 6303 2879 6535 7261 8036 2098 5646 737 8463
25 4291 2278 9137 9071 379 6855 2857 9822 9896 118 7743 9722 9162 3161 4996 3730 7504 504 3899 5867 2529 308 7831 3480 7772
25 6633 8629 109 1260 2556 1963 8176 3290 8631 3610 7823 8437 7362 4604 8390 427 1265 3171 1434 6501 7127 7416 7369 8090 4319
25 6670 5615 5487 2973 2497 1222 9900 120 7569 4539 9322 4148 9682 4710 8438 114 4500 7228 2416 2744 6664 9773 1868 8185 7002
25 3030 6767 4648 9613 9273 8719 4907 5579 4394 1679 5039 9384 8958 8625 7619 2102 5546 4817 9301 4691 460 8983 3814 7166 6507
25 559 8728 7230 8207 6270 7710 531 8058 121 9789 7949 7755 6939 6105 3379 4521 5945 570 6328 2779 1802 7981 2046 948 8171
25 2429 1784 6634 780 2181 2160 9964 2177 2533 8492 6625 3242 9778 7397 1786 5412 6594 7306 7348 4889 9960 7568 5637 8865 638
25 3163 3294 2357 3602 5182 8228 2362 1081 1110 8109 8134 9023 9755 3881 4100 7182 8013 6018 1795 1070 579 7213 1059 8519 8433
25 9483 1186 533 1500 8187 5701 7498 4654 3765 537 8325 2213 5092 3206 3521 4336 43 2877 8604 8790 8142 8482 6032 7123 710
25 2352 8410 5371 4704 6563 1474 8882 4232 4293 9623 7132 4198 5747 8729 1388 4448 2294 1025 4181 8849 9467 7676 4901 5345 8541
25 2720 5598 7082 9045 7446 6313 156 2370 6579 1532 6201 2729 3548 7286 2265 7405 2097 1284 6384 5781 7664 3113 8089 966 9241
25 4583 7110 8819 332 5664 7263 4798 444 202 3597 4460 7741 6124 4982 9653 2772 8944 8065 861 6354 4723 5276 2219 1939 4296
25 6884 8557 6658 839 3802 7209 8500 8800 6746 8159 1921 8590 1382 786 3352 1990 179 5254 4844 6881 885 5202 8479 4779 4268
25 6277 4877 252 9813 5107 9497 9089 8542 5537 9299 6253 8807 6264 9519 6108 7137 7969 9285 6323 8056 3095 8005 2604 602 4018
25 5054 306 2977 4028 100 1263 992 4792 3271 7250 3673 3977 4947 3016 1827 983 5229 8633 1899 3015 466 7776 6390 8352 5923
25 9913 9925 313 7666 9832 8671 5514 5134 78 3547 9403 7402 8242 6928 5655 6490 2889 5509 289 5758 5673 1658 5399 1497 4446
25 8564 9670 3050 9320 2473 115 1613 2364 3722 8911 3178 9397 9630 7121 3919 2676 2873 621 9040 4180 349 7996 8144 9797 8488
25 2015 7483 902 951 483 4643 2817 4871 4937 205 1389 5080 5325 2378 9870 6754 7155 2226 9840 2067 4474 5224 7303 1278 3514
25 210 297 2338 9804 5658 7682 3532 8597 175 4866 3672 1394 201 7326 5258 9233 7656 2816 3668 3834 3357 6732 1191 4418 3346
25 672 1372 2305 4558 3840 611 353 9644 7403 1461 8933 8297 7771 5639 745 5906 4684 4187 5585 4304 7694 6978 4179 1403 1472
25 677 6780 9128 1223 6356 9018 9440 5962 1271 3231 126 9571 1033 9213 1889 7747 2590 110 652 1483 4313 6417 9 6533 566
25 8073 1325 1218 2537 3082 2290 4986 8830 2850 1896 1924 6116 7615 5728 6142 1329 6219 7859 6936 1379 3971 7349 9811 9560 2113
25 6656 2869 5214 9947 6265 8257 7274 5140 2366 6883 4634 8268 4903 5689 7047 4325 788 3383 7059 7069 6828 4183 4041 2659 8008
25 6135 1269 6362 95 9680 823 6753 9848 9441 3454 6743 3262 9437 7531 4621 6791 3332 4131 6878 8754 4391 4315 4908 7393 9169
25 378 7687 3601 5748 1106 9457 2722 7941 1342 4992 2620 5350 5106 6565 33 420 4975 2199 9066 8483 5752 7955 7412 9025 7459
25 5452 2577 5510 135 5656 7567 5866 3754 4111 6908 4533 151 6974 1594 7016 9009 5215 2331 2824 8269 5403 1112 5407 398 4750
25 5971 7911 4944 9524 8110 2240 4433 2768 2445 5827 2911 1050 1499 3686 7431 6714 4253 7304 1049 4431 5974 5290 111 9215 3518
25 8536 5227 7224 9028 4485 1557 6026 2558 6932 3811 515 2354 7007 1316 4275 7839 5966 4822 3965 4554 7473 705 1454 7748 8043
25 5481 3936 7193 6255 856 7316 3524 5302 4002 8401 6909 7507 8428 7353 7551 5796 7608 2953 5775 9984 7954 123 8 3688 3643
25 5727 3579 2928 4089 2981 9880 2810 352 7301 5041 2444 3101 5023 3525 2485 6758 7377 5961 4116 2120 9775 3882 3003 1646 1377
25 1071 1609 233 1245 1994 6515 8077 7693 6864 9324 6353 5151 3893 1690 6204 1053 9122 2733 9728 2569 1915 7565 3313 9494 3185
25 3173 6269 1674 8521 5240 4981 8243 1299 5083 3997 5143 3470 1235 1056 7871 9726 7212 7470 4933 3914 7660 8982 2597 2456 9918
25 4094 4887 7152 3829 69 922 6216 5835 5076 9980 2607 2452 6061 4993 7354 6614 2767 5246 4721 2574 1473 8602 1585 4731 3335
25 4884 7435 2784 7236 849 8761 847 4426 7488 4550 1176 2837 9079 3613 6429 6143 5807 3310 8781 6899 1060 2165 8612 2227 797
25 6398 9052 8426 7934 9562 4409 7457 3099 8956 8494 1781 9884 510 999 4238 1806 9413 4812 7639 7908 9956 7324 8556 321 7731
25 9444 2424 3951 1830 7364 572 310 4353 7592 4714 1702 4818 8828 4173 9398 4681 9181 6611 3803 2699 2870 4231 7163 7618 142
25 4520 3468 9087 9602 172 3666 691 9655 2875 9987 3 4457 9480 1371 8496 9801 2303 766 7343 8455 9552 7863 9243 1301 3589
25 2000 1978 6034 4064 9871 2041 2661 6238 7857 8798 5958 3832 4459 1340 6556 6626 3504 2594 6586 3272 8313 4922 3415 1207 4350
25 6907 8262 2511 9345 4528 3809 8366 6696 1814 7006 8027 6926 5473 639 4578 1811 4015 6894 3318 3831 6731 3280 2103 1865 8226
25 5497 3424 6206 1496 8413 5503 9526 7629 9270 1999 7879 1566 5168 6792 2091 3158 2258 3452 3581 2096 4616 7469 7986 4759 6748
