26 8773 3149 7319 8464 3453 3802 1189 6161 7061 5247 4453 2438 1624 8010 6948 6906 331 4192 6817 269 6311 562 3637 4399 5874 1653
26 7013 1879 2641 2338 6498 6034 7856 3165 9027 5879 1591 153 6442 3473 3935 4102 1890 4954 5795 5354 5264 49 1482 5485 5388 7173
20 6252 4011 233 3906 8111 7386 7187 3258 6775 9659 7788 3595 5233 5728 2785 5524 7590 5110 6632 7509
23 8890 3008 5487 1276 1963 3370 6280 9812 5481 9489 5513 242 2325 3844 9212 3920 6499 548 3427 7 526 1662 144
19 3696 8088 2422 4673 9871 1453 2362 9824 3536 3031 953 7566 9661 5098 8971 8753 4501 2816 4795
25 1178 3692 2649 9830 5566 2528 40 4356 4722 8109 7949 9593 5589 6543 3312 2965 3132 1919 7589 7038 3302 8802 1938 7814 9476
26 719 2507 3170 9805 7710 9182 1922 4775 8869 912 8307 3907 8242 9821 6556 6528 6827 3823 7868 4668 3488 3676 8834 1234 4531 3994
26 8670 8179 4717 8410 2916 2033 7513 1455 9264 5630 5026 4263 8140 4890 3674 1477 2889 7258 3769 8781 1607 5130 4383 8861 7467 4160
26 6403 6662 2143 5996 5477 6584 8228 2108 2796 4019 5143 5172 7978 5281 8231 703 96 478 5916 3996 9590 9434 8130 8910 6191 4790
25 9121 1399 8574 47 152 4806 883 1947 3247 9157 9110 5786 5389 731 6130 1131 6230 8839 9059 2987 1285 5037 3275 3871 4185
26 7468 3667 7677 7574 9657 8079 1676 6589 5033 3425 5039 4562 1031 3736 6620 8390 2832 287 3768 861 51 5431 4257 7154 7356 2130
26 7716 2324 965 7637 8766 2464 6026 5995 3211 1179 6452 4248 232 1714 1672 1190 9750 5022 858 3357 6731 9203 1728 443 4133 6453
26 1135 5858 8713 1267 7438 1430 8300 8018 4871 6699 6808 5104 863 7798 1604 884 3431 160 1971 5843 5290 5867 7717 5817 8372 295
21 8227 113 4507 4109 7312 4990 3482 1620 3210 384 3508 800 7507 2354 4325 2617 9591 6768 1089 7836 2145
25 3647 8420 3368 9071 5888 3694 1555 2192 7907 6683 776 9358 2344 6176 4316 654 9119 868 8461 1694 1185 2098 6390 4841 980
26 4679 4586 9985 2881 6425 6927 4593 9809 6319 8746 2498 1342 9205 4604 5257 5850 3355 7480 4581 9468 8456 2827 7214 3113 4799 5020
26 3654 9046 4935 6409 9944 2343 704 2667 4163 2648 9333 1783 5565 6798 534 5984 6704 8318 721 7089 8825 8982 4189 8488 7123 5571
26 2384 2589 5920 3022 5719 6652 8555 374 4159 4420 7262 6423 4809 914 1622 500 1632 8032 7780 5056 1987 8515 8858 5637 3712 9176
26 7227 696 2293 7236 2967 8190 9165 1862 5211 8494 4777 6290 5216 4710 813 4650 8668 3118 7858 3177 911 8924 3995 5204 6405 9532
26 1105 8342 6735 128 6710 8785 9475 8214 1710 9001 126 5640 5308 547 3352 5611 7961 6554 564 5015 9875 9154 3111 1087 1204 4622
26 2418 3049 5710 3398 6316 9199 4485 6962 509 3862 1396 5730 6855 262 5330 7675 9122 7658 1126 3941 5609 2301 5248 4127 70 9545
26 7109 6424 2147 7226 4285 1215 2652 3839 7080 3845 8450 6138 1337 5687 8845 3777 6091 1400 7033 3187 38 2878 3715 6151 2185 5665
26 6031 9920 3334 9543 8521 8909 3958 6367 180 1590 4810 9706 1058 8170 2567 1183 7031 2331 9932 2870 4402 8893 4823 1731 7112 2322
26 549 3025 8021 448 1386 4372 952 9238 1981 2882 2141 4688 9428 1926 1611 9327 6532 7511 6166 2182 4670 9922 3274 1983 1758 472
19 4829 4984 1852 6711 9634 9457 1613 8730 7773 7368 8097 5364 4459 3613 5877 4631 5456 7851 1704
26 9913 9670 4414 7406 3605 9158 2044 9089 2104 1709 4358 3714 7570 3201 6802 3387 5327 8771 9315 1556 4287 4610 8195 5937 6635 6467
26 563 4475 8274 1755 4115 1281 4798 8952 586 5486 9894 5704 6960 3630 5357 2381 5633 7919 5938 7199 9417 4161 7863 4140 1290 4538
26 2176 6900 1090 6340 3230 4415 230 5608 3843 215 5133 5004 366 7939 6636 5336 2672 1858 3109 7518 5673 4702 3041 4324 8138 6288
26 2735 203 6669 8816 5663 3721 9458 4792 2885 9950 9006 8212 6982 4912 8632 5739 9856 9359 2488 1390 8251 8451 7617 2554 8363 7783
11 8878 1874 8447 2216 7683 494 7456 7632 8345 8064 8047
26 1209 7270 1218 6475 8831 4786 560 7691 193 1176 6165 3065 6846 4970 9194 5430 1333 5826 5319 1070 5669 8479 3627 6465 5891 8690
26 8758 6767 2523 9012 9951 3940 4089 5782 5967 4062 9880 3 7326 22 9233 3704 5618 4603 9161 6300 7813 6845 831 579 6664 8941
21 1776 1528 2838 8968 4481 4544 5593 6904 3874 5968 8330 1277 3235 495 8336 5175 8230 4239 1360 2363 7283
26 9313 48 6786 8328 6009 8876 853 8800 2174 1688 2078 112 8475 7582 5220 5898 9839 4827 9261 2146 5276 7676 7524 82 3559 1082
26 3629 9256 6155 4973 3083 6089 2578 7516 9908 3501 8186 8177 2762 3686 8779 9725 7168 6303 3288 1582 1303 8144 3106 3641 6 7937
26 4435 2009 7451 7086 8772 7448 2675 993 3621 9433 7266 1842 589 1666 7820 6385 2688 6427 2058 860 5328 944 8508 6993 1923 7533
23 3321 5971 8902 9186 4137 8546 4971 8662 2842 5323 9085 4950 6891 9780 9663 3927 4678 8905 764 5788 1881 8684 757
26 7948 219 5049 1326 2409 7912 9710 9288 7562 4677 3454 9330 8872 5733 7217 9318 9039 2662 4306 7308 6017 4463 3343 1141 1115 4987
22 2015 476 2642 3680 4245 5495 1785 3227 5105 3075 614 7615 8141 8931 4097 7976 8966 5936 3889 270 6890 3950
26 5991 1024 3865 1640 2235 8742 8860 3429 4353 1603 8511 4093 2129 4369 3142 870 8050 7295 2872 8794 5691 2830 6534 5536 3975 5390
26 3580 610 328 1221 5212 2984 1886 5951 5567 3174 3154 1416 5577 7260 2793 4739 6215 496 3183 1608 6508 2879 2843 6147 86 6507
26 6321 9649 7768 6473 8188 5799 7971 1943 1027 9667 5154 9994 279 7853 9683 4505 6145 9802 9745 9660 5432 4129 6177 7996 8232 1547
26 5018 7936 1251 7284 5892 6346 1441 4329 6999 9724 9208 5042 1266 8512 6530 8427 1505 5648 2569 7523 6401 4728 3681 7496 8541 9829
7 3578 1794 6410 9549 9681 7122 7433
26 474 8271 8715 4349 849 9209 1415 2270 6163 8160 8935 7645 6833 8993 6376 7930 5196 4960 5199 9301 4313 9622 8606 7719 4479 4553
26 8965 1332 2784 951 4914 6601 3513 6374 6041 4282 3267 399 1964 4122 7703 2582 3006 7892 1742 3301 5410 1231 5978 9765 7436 4803
26 303 837 6924 2758 3338 66 4713 7697 3203 7339 7594 2715 5520 8810 8297 9060 2733 1405 4680 7826 1144 7664 3310 2914 7042 2627
26 4839 2581 4154 4502 4666 1433 4195 9652 5317 6953 5005 7403 1670 6006 806 4176 9853 2572 87 2392 8577 1801 341 9454 2540 9915
9 3607 1815 1855 984 3921 8824 6460 1790 7678
26 187 6649 7373 6563 9819 4555 8542 9151 1480 8150 1921 3699 9917 7321 9091 9699 7721 3563 9415 2168 9439 2976 8487 3887 8607 5174
26 9752 6607 3510 1102 172 6814 2541 3278 7493 8928 9998 5872 6366 3747 7800 1717 2371 5680 165 5773 7756 3922 7600 3134 7393 8163
26 3090 2531 1564 2825 6480 7162 7014 516 599 2557 4365 6540 8344 2087 1068 8060 6791 521 468 3558 6592 1848 8797 5942 805 3043
26 1757 7911 1984 3068 2178 9832 3098 4147 7805 1584 9826 3828 6565 450 9456 3074 4740 1578 5197 7878 1242 3814 9956 9797 4909 8178
20 4309 4887 9556 9625 5678 7581 6104 9440 2054 4701 1283 4692 386 1291 6847 2728 5111 7767 1107 7105
26 4078 6269 3779 6058 2997 4819 524 4331 3271 612 894 1525 2461 6014 6025 9425 6759 6887 1793 6797 1028 3742 259 4641 3264 3724
26 2465 6794 9011 4225 5620 7232 7245 175 8075 7920 2599 774 4442 2189 2996 114 8930 621 838 1849 7784 7297 5839 9169 9834 3514
26 6466 9504 6164 601 5012 348 379 8486 1393 3592 7142 8470 8958 905 1885 8442 8045 4917 6878 3226 8964 4633 3415 6045 7011 7713
26 8292 1817 8426 839 164 7246 9466 6832 2264 8446 3377 600 6874 7551 1572 3446 7608 63 8011 2302 8364 2697 6782 491 635 325
26 5970 3410 9349 1970 146 1331 4400 8801 9192 6253 4856 7865 8917 6205 8525 185 9587 878 7426 1928 8983 5972 1202 1961 9215 4292
26 7657 6189 9267 9353 6762 5228 3785 9082 9482 5372 5527 7065 4168 1629 1827 9989 3452 7027 784 8912 7213 452 9290 707 9569 8556
26 9976 1447 6110 4107 1913 772 8101 3228 7145 6223 4825 7007 239 7734 3283 6478 7728 8757 4527 404 555 5322 7069 6955 7537 3749
26 7575 5218 6756 7446 9100 2927 97 9228 6596 2065 8974 9384 7707 9224 6608 2365 7623 179 5315 8255 981 4596 763 4904 2172 4929
26 4525 9187 4959 492 6356 8353 7769 8956 5451 2154 2151 5958 4075 1357 253 2757 735 8052 2860 4146 1127 1847 349 7350 9560 5029
26 2949 2166 8435 3490 6966 6597 5557 8288 9073 3824 5072 4290 9250 261 5805 972 4334 2459 3834 5488 9294 899 5131 8 1892 2755
26 3869 9820 3329 4980 3537 2831 169 9975 8062 4821 1513 742 6226 77 5956 963 5595 3497 6837 9107 1334 4700 9656 4759 8396 2271
26 3055 3381 9109 9078 9190 7840 249 7924 294 7898 5268 887 1566 9930 5093 6054 2416 1370 9365 4215 2165 6291 9971 4305 6595 5666
26 2135 2828 4223 9512 2651 6537 5576 1631 7749 4394 4060 9583 6816 7999 5136 4949 8162 6691 6500 3166 2266 7079 8398 1809 5265 3664
26 7862 3005 8774 9575 9130 8595 3829 189 1912 1924 3963 6730 5715 1743 4876 9807 1413 7910 9098 3695 4928 5617 1419 2998 998 5108
26 6670 3239 3024 135 9492 2776 6422 4302 402 2921 9542 9867 3123 470 5655 3805 5181 2709 3668 4983 4922 8205 5521 5147 1701 9334
26 2920 7005 7546 2537 9450 1745 2314 7466 4907 6203 83 4279 1050 1125 6469 1945 5842 3023 2727 9088 3248 5544 6470 8959 9876 1247
26 5868 1414 5441 4405 5156 572 617 8987 9623 7389 5385 7635 5950 3919 5722 7107 1449 7447 3670 9787 2070 3260 7603 6060 8332 4156
16 3358 4877 854 1986 1000 7239 3315 2095 9049 3277 836 6505 6339 8669 1740 3517
26 88 1900 1363 5699 4050 9364 8737 6283 3981 3691 2468 9247 6743 512 4032 6362 1816 3401 6369 3324 8124 9069 1636 2847 6943 638
26 7965 9698 5377 9874 9795 8094 9731 8617 538 9837 515 7599 9083 6975 6803 6504 3639 520 9491 6487 8723 2450 4134 6088 3518 4338
26 3442 6654 5818 95 3818 992 5853 1098 624 4128 943 5139 4359 4217 7786 7958 5286 9991 9174 413 9184 265 9608 9220 6258 1210
26 2883 6044 5393 69 6739 3993 300 5564 7474 2479 4772 8516 7521 8873 7848 3397 4771 5053 7003 5965 7144 8666 314 1488 3665 9172
26 8578 6139 9768 8940 4940 7191 6639 8798 8229 592 8963 5262 5689 2017 3841 6667 2336 6651 9173 7744 5246 1356 7163 5659 3335 3588
6 7429 9020 4796 9579 5539 5071
26 8175 9291 935 9042 4652 4639 6222 7629 7794 1539 3574 3645 6187 4423 8387 6256 8846 3382 3209 9310 6914 4230 6702 8371 5714 5538
26 7956 8698 4233 7876 39 1553 4355 659 1101 8326 5523 434 4770 8672 875 2545 8907 5578 9615 5940 2775 9200 1514 1562 5988 5398
26 2519 5881 1376 1949 4595 5135 4880 514 5610 9611 1818 4543 4136 9630 8294 4289 3412 3684 2637 9197 4288 7413 7073 3229 9241 8947
26 9084 7849 842 7580 832 1844 6630 773 3635 2229 7587 5999 6970 8166 6131 1650 1851 9367 7241 8409 5321 6482 6676 6334 1472 9227
26 6002 6656 9685 7884 7494 3393 6896 979 21 1368 9368 9460 6939 441 2700 7486 8720 4386 143 4178 4551 5560 4611 6917 3107 6271
26 568 7455 5954 8285 4297 422 660 1968 4924 1392 6602 8601 684 6863 8438 4514 505 7443 6671 2574 9601 9484 1452 6118 1972 8480
26 9847 8306 6208 1233 9065 5287 7477 1475 2156 3085 2082 134 8833 8250 5326 2676 6299 2226 5961 7084 4283 7202 2593 8718 1312 5723
26 7070 4056 3424 7934 7690 7208 7411 1282 2907 2370 3672 4106 1316 2913 4789 2047 1775 1018 3801 7181 7452 1802 7039 6384 4695 5501
26 8184 1512 493 7465 7567 8421 2171 2122 7592 2359 9462 5092 4906 2197 8495 9181 2027 2974 8934 919 345 2993 5688 5362 8106 9329
26 3253 3311 4910 9045 7628 3879 775 8182 777 536 4964 7132 1314 815 1965 9518 3001 743 9285 9032 2815 5813 5011 1497 7335 8870
26 5335 6780 945 8173 3542 5601 4966 6081 6156 463 7525 6824 6353 6382 7313 2655 687 486 367 1571 240 2298 5460 5395 3500 9796
26 1515 7020 6457 6903 3663 7558 2702 6716 8631 1692 6987 740 5184 855 7661 3628 5706 7306 9529 2891 5791 7268 3422 7568 8490 9573
26 1315 9402 5060 2973 9949 1325 3901 2045 4236 5329 1681 9163 9643 3330 7619 6666 7736 7378 3852 1691 0 438 7374 9383 5865 5953
26 8640 3990 1054 9104 6305 6512 9232 462 4564 3924 5083 5785 3682 9506 2943 5271 9055 9565 8619 9525 4261 4998 1467 7409 1576 8147
26 6381 4873 166 9179 6886 475 8951 6463 880 6103 5411 8284 7819 1072 2834 8221 3888 7545 6028 191 5641 5252 5894 9198 1898 3631
26 1992 5091 7631 57 5650 3759 2665 5160 5780 8533 3213 3182 9470 999 2685 4252 7890 6668 915 2723 479 3644 3529 9669 2200 5063
26 5440 1323 8803 3199 3842 3468 3904 6793 8562 2052 7149 4557 1519 8992 6552 9588 6510 2403 7067 411 7530 4516 2698 4886 7733 9770
21 8310 7110 5903 1 3058 3784 5914 3909 7532 6406 3854 7672 3359 9967 5274 3730 336 6976 8942 5266 7681
26 2695 1384 9744 6825 6638 2696 7171 2809 7724 7381 2874 924 3072 1345 7549 6754 6001 9344 9528 932 4005 6941 197 383 4522 263
26 1305 1228 4200 1908 5511 9576 2160 2893 5094 52 6064 8428 4736 6249 7699 7921 471 5612 5755 3179 9414 9223 5599 8320 2408 2441
26 6412 7293 3196 5205 9381 3970 9900 2565 3946 4654 1781 9884 1767 6204 974 5215 9188 7578 5574 4462 5800 8501 6148 1865 3719 5225
26 4008 7140 3067 6718 4957 8236 6784 8970 4209 9515 5384 1296 2340 9548 9258 5530 6259 2801 6964 4181 7487 5836 3095 9371 8884 616
26 84 6418 5746 8133 9135 3205 6251 9070 9028 2023 2501 1394 274 6522 985 9693 8776 2579 4738 8256 6501 6606 5368 7673 8327 2586
26 3156 6843 3160 1339 7113 408 2110 7837 8334 6231 3308 4443 8616 6629 9958 8567 7656 1957 4931 885 6335 1398 6598 6715 3522 3110
26 2356 3697 5371 3119 8155 9429 2661 7515 4072 2444 2402 9697 2960 9237 727 7706 7752 9323 2707 5752 2624 8275 3762 6959 790 3562
26 1560 9733 5744 720 2442 2585 6196 9133 130 4832 3222 5862 5052 9665 6777 3707 2282 5905 6520 2310 6723 597 7412 3014 778 4243
26 1273 5721 6547 9926 5679 6062 990 542 1198 3372 78 4591 5320 2214 9945 8496 5152 3440 8287 1426 1128 4390 3128 7026 3858 8350
26 677 8489 3947 7277 2992 5751 5374 7316 7726 5559 4667 9778 5482 1145 8922 3577 7400 9695 1616 4095 6074 810 5581 9977 430 8019
12 311 3539 6192 6029 3082 7909 7315 1583 4114 3356 4357 7760
26 423 8783 2975 9297 2261 1232 9481 3469 9303 9370 7900 8400 5097 8361 9350 1780 558 6972 3125 5774 7947 1594 3533 7146 5798 7795
25 9459 477 3459 5535 2577 127 674 5031 2645 412 2633 2116 7237 7753 3091 814 3638 9404 75 1927 8949 5435 7606 8648 8939
25 7957 5982 481 4528 4065 1762 3290 7169 3465 1819 9534 1753 7781 8729 333 7839 4817 5490 73 9885 2704 7349 2252 8925 4018
26 4377 3651 5698 565 4854 8973 2810 2407 2184 8624 6605 4092 4464 3495 676 1894 6988 229 5509 7332 9338 4413 5065 1015 7714 6458
26 2736 1651 2511 1518 1873 8761 1942 4552 6930 5188 3463 1029 6171 8246 1567 1853 1789 8734 4837 7127 9777 7423 9129 4554 7002 795
26 7399 2313 3572 290 4376 7682 9564 6476 5684 2910 4002 6375 6560 8569 1485 525 4254 5165 1808 5272 6673 6573 937 3046 8001 8154
26 5299 7435 4194 6942 3036 1349 2320 9868 3534 4628 2439 714 2268 4454 8314 1457 5427 5229 569 2726 8139 16 2458 2606 3284 6613
26 5324 8630 1524 3050 881 5366 7778 4278 7627 9324 8366 4038 6325 4144 3519 6154 8896 7408 7421 3240 9606 6011 436 9781 3860 1019
26 7928 567 6200 9485 3502 7253 4749 5632 3623 1532 2601 9278 7552 5106 8471 4801 9605 4719 8751 3835 3348 8092 9123 762 9097 3402
26 2571 9925 5295 332 3666 9546 403 1297 5709 4550 4981 9862 453 9594 8121 5796 4417 9413 3600 2759 9861 9668 8707 3520 7017 3929
26 1138 7188 1869 7380 2551 7535 4607 1595 9612 4892 2237 7153 2756 1727 7330 8317 4361 2255 4425 6092 7540 251 5883 4320 1705 3812
26 5497 6502 5466 5307 6526 1346 967 3859 8883 5140 9362 3968 2400 9389 5506 6738 4765 9535 5765 6867 6701 4061 1341 8879 6650 1212
24 9550 394 3910 9640 7787 6119 2011 2445 4734 2835 9723 7402 9269 8476 8946 619 9883 5873 1157 9599 7833 182 4277 1207
26 9707 6884 2118 8784 4029 3057 3477 8324 3163 4012 670 4198 7860 7531 385 6314 4082 5807 1484 2194 7158 3460 5667 4731 6819 7161
26 9449 8073 9806 989 6012 5660 3124 2260 7764 1598 2504 3470 1310 7273 7098 9111 5288 7517 1520 879 9814 6358 2161 8385 6350 9970
26 9003 3333 9845 3875 6023 2787 6238 9265 2898 2246 6519 5464 5600 5309 7328 3521 3367 9201 6330 3243 8333 1173 2259 9747 431 6750
26 6783 8213 9412 8351 9018 1647 4326 6548 8659 9056 6085 7351 2684 2308 2499 4465 1996 3908 9279 8756 9873 9808 2905 7748 1951 2597
26 7913 864 933 4733 6749 584 9505 8058 3450 6806 5692 8268 3101 2500 2274 6628 2127 6787 785 9502 2725 5003 4339 1652 1931 5720
26 1066 554 6245 9763 5779 6580 7633 7873 5040 1592 5583 4280 8009 4868 4573 6938 2820 3164 7358 3581 2005 5845 6693 3848 2456 3458
26 4058 190 6765 419 2333 2406 9948 4045 8033 7422 5073 151 9863 1450 7797 8944 7671 4427 4116 5447 7416 1812 6627 4157 7281 9776
26 7475 2296 6304 697 6729 6244 2486 5062 7045 4426 2272 3625 6578 9170 6590 4191 347 1268 625 4757 7577 2067 844 2376 1805 5504
26 9393 4048 6296 313 6538 2771 2817 6157 8481 9026 8431 2768 9988 1371 213 7371 7367 2792 4380 5177 5121 5224 3687 5825 6266 9916
26 2720 1778 8203 4761 9654 1587 2173 9963 4800 7221 1034 2109 3300 8811 7056 7541 334 2918 8859 8269 8908 2836 8145 1966 5458 6919
26 2432 7444 3396 2031 2245 9645 4965 799 458 9015 5305 4590 2390 3016 9431 3361 4155 5392 3726 2136 5075 390 6876 2961 8463 3204
26 6745 726 2520 8346 6000 3117 826 8953 6571 8193 3967 4851 1065 4512 2619 9245 1712 7139 1659 9094 2564 2628 4752 9614 3781 4047
26 6822 5491 513 8309 3616 2240 8851 5835 1504 6437 1854 4335 3045 1786 227 760 5270 5823 9096 7204 9854 1279 4519 637 9938 9117
26 1543 6135 9401 802 2939 3685 8493 7843 8598 3285 4219 6974 2437 4878 6714 5980 7272 6611 2379 5185 36 5283 3677 4126 5318 2664
17 6277 499 2957 5816 4301 2291 4858 7048 3173 9934 1420 1814 7397 2951 8197 2389 89
22 3549 364 6190 5347 6856 5375 691 6910 4317 8126 2909 5767 2433 3237 8927 1623 2030 5190 5030 6448 231 60
26 7463 4536 9869 9712 241 6805 9234 8164 5176 8460 4085 6047 6799 9183 6225 5255 9969 9855 2855 2744 4010 2361 31 2457 3850 8847
26 7325 5562 4635 9613 9180 7425 3099 6243 8312 8871 4266 6326 4805 7832 3152 6267 6276 5832 7596 7126 8066 4354 3942 6994 2677 3969
26 1335 3546 6125 4482 2686 8116 847 6344 2121 3292 4988 9114 7510 8264 1298 8704 1811 5206 5912 9332 971 9260 623 2113 8374 6997
17 3202 7210 6744 4830 1061 8998 6868 8500 2630 6391 4669 6830 8199 9448 748 6675 9522
26 4601 1407 4112 9705 665 7785 5064 1861 7164 3997 9240 4852 4190 414 1901 1057 9235 5254 712 5745 7159 410 1014 3080 737 2276
26 4758 1170 9627 956 3225 4986 5861 4767 8148 5878 3027 1307 9153 9686 2552 5007 8233 3713 8702 7559 4542 6250 8696 7391 6533 6748
26 4742 5227 8548 9804 5291 5238 3770 6751 275 991 2535 6801 1882 8842 1750 2858 6869 827 1196 9984 488 2946 9494 2940 464 4865
26 4094 1609 3603 5777 8093 4585 7118 987 544 9300 1771 4368 4715 1444 6117 634 647 7607 2647 1483 8180 650 8943 6968 2864 7093
26 2247 7810 5017 6173 8719 7901 6407 2505 2234 202 3597 6181 9732 2254 4360 6315 3318 5346 1022 3388 4859 9296 1074 1456 2312 343
26 5192 9166 8832 1830 2999 6686 8780 3418 4638 3851 9919 9879 8961 1116 1932 6588 4945 9076 5081 2638 5657 2474 8352 5855 2773 9906
26 6263 5615 5541 7172 6517 9647 8378 4244 4498 8691 3137 9152 1132 9335 663 4681 6143 6227 9451 7170 3162 2064 8384 4506 3012 3386
26 4071 7186 4070 2663 4615 4503 8585 2875 6757 7222 2808 5472 8565 1769 4621 3960 835 393 4926 373 5928 2604 9771 8580 5876 2770
26 4379 2212 7000 7102 9477 3732 5045 6333 9408 2931 7440 8261 5243 9933 9295 4051 6018 5493 8913 1445 7051 1726 4484 6603 5046 9354
21 5480 3760 1588 3717 7668 9171 7501 5702 3896 2037 9941 923 5575 6612 2334 2772 5414 2650 3884 4271 4545
26 6377 7687 1121 8382 376 4344 7643 5635 7754 6581 6495 2729 4997 5986 6511 8886 3943 8065 4640 9051 4174 4977 1658 6944 5923 8087
26 8518 9935 2963 3263 2473 7816 4249 9912 2021 1756 7807 7352 2478 2204 4804 2088 1707 4148 7850 3268 3604 1813 7563 3688 1614 5697
26 6724 3758 9306 8915 9557 9410 8667 4895 2374 6883 11 5919 7461 6776 4165 1224 9211 8592 4381 9713 3265 7044 2908 4918 1841 6185
26 1097 1406 5425 6360 2041 369 1509 1716 862 8289 2923 7879 3078 5747 6763 1925 2476 7050 5624 5531 8639 702 4697 6665 710 3380
26 6039 4208 4863 3972 7382 2741 2802 2453 2477 6641 9302 6415 1649 28 2102 2873 4370 9455 3934 9016 5927 2490 4286 3836 4281 6439
26 1040 9405 6168 975 100 3524 425 286 1248 3673 6363 7743 7588 363 6572 3376 9437 8000 2022 1788 7544 2080 8183 7742 6052 9677
26 8708 2603 5112 3915 5069 5457 2680 2760 4561 255 9397 2341 3650 4560 812 6033 574 5114 3272 7495 2503 4392 7184 797 424 8535
26 3030 3294 4196 9696 4101 9833 3451 8257 6677 5478 9734 4898 909 7353 4234 4395 1764 7030 4999 1153 1954 9642 1633 7831 2410 7252
26 713 8557 3891 3426 6133 4256 9822 9896 1096 4711 2153 8074 4745 8821 2719 27 2295 3552 6295 8235 9648 8082 5889 3543 1093 8527
26 2316 3918 1674 6265 761 5952 444 7715 9379 2366 5340 7288 473 7815 5463 3353 5945 5585 192 6383 4504 5198 690 7057 7601 1343
26 8731 873 2112 284 2207 353 8028 2360 7488 594 1840 1328 256 9193 940 5997 7247 1036 9125 9999 4556 4995 2219 2170 3478 8618
26 672 8932 7428 5182 8504 5193 5844 930 7903 4689 9444 639 2861 223 8526 8889 9756 167 6918 2083 8777 3868 9120 1278 1359 8122
26 5693 1227 1159 1977 3565 6272 5579 6056 7894 2694 1741 6102 6609 9774 4982 2012 6079 5078 2795 9891 3744 4808 5652 6881 6170 3589
19 2917 5387 9377 9044 4744 7808 4441 8560 8571 5664 6235 8107 7189 257 4218 8676 7302 4751 3504
26 5445 3276 7248 435 6742 8530 9478 2977 1960 8547 4899 7529 9292 8829 1033 7032 6557 5277 9236 6826 1077 9997 3298 3853 3218 7111
26 606 7346 200 780 9897 4007 7068 2048 7207 6921 1810 7750 2039 9348 8584 1451 1657 4342 3706 7526 1219 8891 5964 8152 749 8069
26 7861 4387 2711 4705 3414 8652 4756 6218 8901 4499 7502 2142 6083 1035 752 2215 604 4671 5528 218 8655 8538 4310 2300 2134 181
26 2718 5875 4686 9002 6402 1263 1891 2025 9911 4768 3404 3491 5157 72 6077 7995 1678 8202 5144 3653 3932 5162 8877 4723 9940 7404
26 4090 5743 730 9631 5437 5382 8597 7103 2373 3776 8383 8960 5904 7875 50 1671 359 4182 446 7491 5095 4162 1903 1301 2221 136
26 6913 1113 8588 35 6293 1160 120 9284 3905 3757 2933 9498 6858 3979 3982 1719 3515 6568 7128 9308 5129 1495 329 8722 5857 5125
26 1192 902 3092 4228 596 2352 4872 4113 2397 5569 4473 6146 7285 9865 25 5741 6037 7550 5200 2481 2007 3626 5623 662 6364 2818
26 4494 3579 7430 3840 6985 4171 3609 7614 9859 6345 8826 2994 5925 2894 9755 4362 344 2489 1274 2262 747 6621 8282 9764 2724 7641
26 9514 7028 9974 409 4291 6946 91 8827 820 67 490 5537 8593 1889 1606 5183 2162 4600 4598 8837 2349 9676 3042 2100 3619 1293
26 6815 3409 7224 2382 3729 643 4617 9516 7483 7231 501 4487 733 2956 8651 8286 968 6144 2811 8611 5935 9585 927 5494 2819 8921
26 6901 3540 9691 6413 2059 8030 74 9687 6393 365 2526 7626 3808 6859 1749 6289 9531 2514 6852 5146 140 204 791 1084 6585 2848
26 9679 5237 9087 7874 8615 7636 5713 4449 4111 4204 2309 9043 3011 125 4025 4517 2111 2483 3153 7317 2812 1374 8683 2608 3255 4750
26 1867 7329 8277 5025 7662 1465 9177 6681 9230 2383 6513 304 6414 4694 5573 1237 4478 6400 3087 7485 8223 6209 1180 1680 8057 7766
26 9409 5027 4184 2754 2250 8403 8610 7569 4539 1348 7701 7090 5292 3139 6149 5522 7201 1401 9715 9841 7338 9555 2103 4927 9918 4348
26 734 7355 2495 3554 7209 2919 7729 3648 8864 7857 6708 1217 4468 5349 4333 3246 7449 9728 4609 3479 6193 6631 6496 1573 6795 6342
26 6663 8149 3989 9254 823 7256 8373 9424 5201 6120 4378 8067 6861 6790 2093 8844 3336 8466 6109 4589 5644 6365 1969 5446 9374 1510
19 7804 8290 2782 7572 2937 2412 7025 7918 8638 30 1073 2175 4660 1164 1824 1375 6935 7304 4577
26 7401 3138 457 3816 330 2732 1250 7984 7167 6898 3509 1905 8591 6697 8354 2003 2971 1440 2342 5580 8999 4226 5846 2679 9589 5415
26 5649 1773 6003 9105 4035 5838 2969 8984 3811 5462 8814 5981 116 7556 8081 226 6347 2001 8853 9921 2491 4474 756 2321 4311 5253
26 6689 2538 4836 3475 7809 2128 7282 9539 4776 2958 5314 1130 809 9828 7354 7969 1596 4030 6892 5236 4760 5822 3945 7943 1962 1378
26 9864 8024 5711 5352 4941 7275 6297 3421 1541 9592 2841 9939 4067 4963 2294 8003 2199 7023 4193 8240 1437 3745 7888 9818 7586 557
25 4687 8302 206 7613 4017 1239 867 8243 163 2620 9366 8402 1654 2405 3484 8778 5149 651 9206 1091 3464 8222 901 1288 4296
26 2061 1860 8040 1863 9064 3190 8804 4327 5074 1946 5742 1289 1953 1796 1119 7571 7652 1730 2803 4052 5469 4509 2730 2421 1055 4592
26 9563 3257 2401 7602 1667 5690 5622 9167 1639 2622 928 8748 2213 5729 9423 7377 389 9501 6586 5454 522 6373 131 6461 9990 4319
26 957 1838 8573 4299 7342 4930 2330 934 3570 6292 8590 5473 357 6105 9275 3634 2496 4952 3899 2716 3492 6323 3718 8043 9736 4268
26 5934 7889 9316 1252 5351 671 310 5001 4293 947 3550 2364 2284 5675 1053 4238 1711 5772 6040 5338 5127 7821 1599 4683 2926 9517
26 3708 2738 1489 1994 3270 2404 2790 6082 15 1320 3328 9783 2231 6008 4578 6055 5333 132 5762 9178 2562 6096 3576 948 722 1418
8 6228 7230 3193 1319 3560 9639 5170 8727
26 622 9463 3821 1628 2731 4605 2394 821 5306 897 8911 3178 6679 103 5802 8340 3472 2510 9840 9600 5949 6019 7977 5150 587 5944
26 9619 1880 6068 8835 5240 3636 159 4594 2534 9038 1748 7528 8513 8077 1187 8356 3725 2778 6577 2096 4534 307 8089 8717 6853 9766
25 4214 4027 6420 5158 266 5008 8996 352 2042 3127 4264 4818 2148 184 3081 451 2158 2902 6233 8818 3189 2853 7008 4729 5592
26 6831 2424 1995 1777 9527 6705 2640 8945 1429 2179 4009 278 7505 6282 3483 5993 5677 1765 7775 6477 3028 1129 2521 5413 2845 8022
26 9675 3291 9030 3462 7698 2781 4099 8266 8103 9361 122 9955 3438 2285 5383 6337 7155 4847 1080 3084 2823 2734 4149 1454 3185 5370
26 700 4467 661 2470 9738 1721 8485 833 3584 9754 3999 3606 5061 6928 7543 7598 9342 904 8634 3273 8295 6322 5806 5718 8865 4374
26 1563 658 4624 3325 3778 6313 6893 1725 9268 3799 3186 2137 1382 8359 2644 6169 3000 3198 7022 7827 3882 8657 469 5294 2840 224
26 3817 7398 3601 2904 7685 7263 9655 5770 1016 5794 1123 1236 3406 5132 9312 3545 3642 5546 7514 6100 4401 8070 2683 3405 4897 8582
26 4059 6404 6202 8637 8042 8176 2753 1872 4824 2938 8492 9225 4483 3774 2950 7333 1895 337 4416 8752 9343 5345 6007 1377 811 3617
26 9216 3236 4084 168 1175 85 2377 2948 8664 7712 3846 4430 5168 8628 787 1167 5918 5331 9904 5145 8208 6933 3886 9446 5931 5606
26 3307 7114 825 1272 9761 708 8412 6094 3735 9508 9023 2144 5502 4521 4754 9017 2895 8537 5194 1270 1184 8503 3787 6246 8044 3857
26 9305 1492 3461 211 4869 5267 8038 3466 5907 6447 5532 686 9929 3861 1610 983 3344 8679 6524 9057 6236 5869 1669 7649 8740 5173
26 769 3245 9666 2305 3047 6270 3122 949 7267 7630 9139 9816 2903 3660 3599 43 1385 3998 3407 4774 6368 9147 4996 7834 4158 8957
26 273 8459 892 245 6523 1557 709 9496 1104 8918 6678 2431 5943 5479 7653 5416 4755 2071 6395 2131 4508 3957 7968 5661 9860 9380
26 3555 7198 6951 3411 102 9846 9962 3895 484 9420 4718 2205 964 260 3214 2590 6432 54 7989 1225 7390 4458 3797 2833 9717 142
26 117 2006 6536 6069 2635 5701 1738 6925 5556 5256 9758 3948 4793 1163 5614 1906 5930 2380 5775 1063 9058 188 7905 9 818 3880
26 5086 9052 3354 655 8034 1182 2388 9992 5301 1897 8627 6444 5016 9520 668 2687 1007 3728 9662 2472 3766 7953 5239 5646 2839 8710
26 519 7320 6450 3632 9118 8037 3531 2206 3750 3443 2710 7340 8127 5512 2462 8013 4526 3956 4923 3658 6108 13 9507 770 321 8375
26 3167 7779 2455 2783 3795 5405 1864 2612 2467 7866 4055 7015 4620 7621 9895 4015 6214 1174 8405 2223 9217 7597 4220 3238 8770 20
26 7108 1208 150 4064 8035 8937 8272 4879 387 1774 9421 9378 6122 5849 3961 5525 9672 351 765 4183 3486 5024 2196 3928 9827 7036
26 268 4693 3188 7579 9620 2602 7271 5941 9418 1715 8225 9351 3489 4663 4389 3788 8697 7970 6531 6792 7257 4735 3734 4649 437 4186
26 3855 7156 5369 5957 9497 1746 2187 3305 9074 1871 2777 6387 3447 641 6854 6429 3878 4576 6183 8716 4444 2689 6348 3690 9811 7049
26 7499 7379 4867 9743 6261 8273 1081 8237 816 6692 9072 5442 3212 2682 4762 8914 766 3822 4436 8005 7300 1991 9775 2253 4883 6260
26 6695 1605 8979 1529 5169 6989 3326 4398 485 2281 93 3893 4993 9653 6707 7897 4240 2826 8600 79 2962 2643 5051 5055 3656 8171
26 5860 4781 1023 5815 611 907 6562 5155 3767 1424 129 4237 1999 4535 1933 4597 3252 158 323 8985 869 6341 4785 4490 8453 6870
26 7088 8262 9274 7975 5783 2900 3657 4857 8316 7654 1286 6778 6774 6142 7095 8900 5492 6980 5834 652 6417 8369 5296 9277 9304 2117
26 6807 5727 6804 8791 1324 2368 2930 1531 5134 8767 3070 1822 8049 1340 7121 6736 4579 2932 5418 1759 9898 5922 4079 9461 3480 7472
26 7952 7347 9965 4782 9273 7555 8510 5099 3216 8976 6038 9767 8725 5102 605 1828 7838 3467 1807 407 834 2277 8572 2786 8008 5586
26 6706 2942 9815 2036 6484 105 244 7940 7370 2513 3340 37 1761 7802 7974 8570 3516 7336 2347 6275 5749 7469 9878 1327 840 8700
26 5300 2717 1381 5662 4862 7041 3261 4653 1643 7004 2228 8545 238 8863 2091 851 3144 8472 5707 3716 7885 5439 9307 4273 1887 1038
26 2297 8566 8440 5756 4409 3439 388 8014 3044 1199 3295 3449 7944 1857 7871 8623 8972 1673 1481 2372 6796 9266 3983 2032 6087 2659
26 2944 6849 5540 7337 6247 6850 5050 3709 7610 395 5901 2959 9079 8855 2350 7327 7852 6371 2050 2692 2703 2764 7087 3780 2449 4103
26 3371 8055 950 4205 4318 3345 3062 5915 4224 9219 1980 4712 6539 186 682 3506 6766 2469 664 4934 1798 5459 7906 2492 7772 9430
26 7929 3249 9890 5757 32 4643 6956 2395 342 2 9983 5023 8544 7917 3511 3881 9041 7519 2066 6732 644 7083 2583 2623 758 3618
26 8102 6752 3833 1240 9341 9737 6907 5933 2906 6909 1911 970 433 6020 4323 6709 1839 1878 6835 9857 9567 1536 1619 5563 3723 5629
26 222 4411 3403 7085 4139 8118 649 8023 8644 4634 724 7718 6604 9899 8143 2560 8322 2493 9995 9149 6889 5604 3612 4332 7789 8543
26 445 7471 277 4920 7883 8665 1168 7931 6865 9881 6820 7178 4549 449 4565 2522 3320 2800 1526 5781 99 9067 6521 2337 1677 3032
26 3988 8739 6430 4657 5627 6132 7609 3146 8444 6211 2375 5180 214 786 5639 1706 4524 4599 9352 5726 236 755 6481 9499 910 8210
26 5235 7287 318 6527 4764 4958 1779 4828 2393 959 7547 1075 3973 2186 9422 2265 888 6497 2929 8765 2114 1683 3224 3863 4177 1948
26 5983 3773 7927 8085 7692 5642 7972 350 613 2561 1918 5475 1253 4978 8015 8885 7238 570 418 1575 8100 4691 9711 6073 391 2658
26 8477 2233 2539 6503 161 9159 4888 1008 6140 3498 5210 2863 3763 5558 6224 2124 8465 8457 6095 788 960 4896 9280 7896 1137 2169
26 4307 4583 5636 4202 4658 2857 629 9928 8645 4787 7220 5651 2851 9435 850 1469 8417 2328 7908 7639 7539 7251 6844 6981 8119 5859
26 8703 8158 6645 2288 1474 5847 8981 1787 8401 857 779 4730 173 3299 6734 3916 3363 3810 5897 2625 6302 1641 2598 6973 8414 8054
26 6965 1689 4164 8995 23 3215 1152 3624 3394 8926 9843 6090 4632 2947 2351 3538 8399 1760 4169 3206 5207 9746 5407 7985 906 1006
26 4618 1438 4080 2132 6764 9817 8830 5394 459 8125 8031 7650 3233 3551 3195 104 628 8443 4081 804 429 7959 6514 6241 8098 3883
26 5717 2026 8224 8146 7383 2556 5409 8239 7341 8743 8986 518 7298 3962 7835 8875 8349 4889 1795 9145 8142 3441 8313 1581 9281 3097
26 3281 8192 4003 4493 8795 529 1511 2884 7197 9810 5163 5353 2995 8583 9386 9866 4222 6949 2249 3100 2446 7803 7269 9025 7182 2273
10 9927 6544 8554 9562 1460 4371 7745 4470 6838 5059
26 961 817 4520 9314 2077 9357 636 7576 2670 5373 1188 5694 3061 3738 3379 824 2553 7264 4142 1380 9257 7722 4418 1522 9700 3985
26 8395 9852 5120 3585 4588 4274 1700 5809 9436 4698 9403 5420 7130 3337 2584 4732 3649 9903 1241 8706 3914 3140 8404 4476 5376 1134
19 3608 6329 6455 417 6515 7762 3867 6902 5658 6389 6397 4547 5019 7844 4053 2257 7695 673 9910
26 580 2123 7638 4141 908 876 5514 7604 3314 4566 9150 2139 9355 8936 6324 6309 2868 5118 7644 3800 258 5533 3819 12 4042 8874
26 4644 7180 3017 2346 5913 6698 4300 9248 1820 2829 8916 2452 2062 9835 7942 6545 4708 6937 4216 8355 299 2767 8948 2193 1318 8301
26 2008 2536 482 4629 9037 7777 3532 1051 3007 8293 1876 3351 8304 34 9674 6372 2615 6834 6614 6394 8790 2985 4041 679 8308 3021
26 9581 8484 5089 4703 8768 6672 508 3751 3646 1448 6642 683 8539 2712 4100 3598 5703 5297 8389 7774 3250 9609 9390 4197 2530 3259
26 4637 3575 5006 8338 2570 7453 3986 8026 2568 8502 4992 1387 8621 4461 6812 701 207 6688 1703 4510 7279 58 3327 8083 5471 9326
26 4948 5359 5686 8747 5674 2706 9952 285 8159 2040 8903 1668 9877 3395 723 5203 9445 9034 3131 2120 9692 9953 1579 1642 5408 3346
26 6633 3596 4848 1685 942 7642 578 7680 1464 196 8881 8153 9213 771 8248 7063 551 3217 4304 4797 6411 6872 7950 3369 1646 1929
26 6916 1637 7557 4704 2105 6213 64 2099 2769 9000 2804 5171 8247 3161 738 6555 9825 9066 1661 3309 2460 926 8397 2224 6931 8131
26 9888 6485 1030 6575 1902 6971 5764 8661 4840 1470 3436 9671 8025 1388 5518 4835 2484 5261 7185 62 8867 2865 6958 9721 8319 939
26 2573 6747 4815 9382 5433 156 2797 4227 7822 4472 3992 4985 6137 2311 264 3662 4201 9578 3864 5924 3254 4861 8838 2610 5854 6479
26 8329 699 4421 1201 1910 5426 6197 1476 7508 5768 6116 8599 17 8006 2004 9572 1975 7925 1675 3423 8441 2353 296 4057 4716 5244
19 8950 1013 3317 8563 2887 8895 2693 281 2621 5284 9541 7904 4251 1976 7160 4783 8012 2090 1507
26 3471 109 9282 1146 5303 9276 8788 2867 2063 2844 8646 6810 4188 276 4902 2081 291 3897 2953 882 1354 1060 5202 8641 3892 1300
26 7040 6239 7249 6842 1245 9062 9842 9566 7392 4937 4135 1551 859 2892 5738 3659 588 3794 1032 5467 9905 4364 2326 2289 8862 9536
26 8967 5572 5285 8856 4659 2613 2115 3507 6386 6848 4651 3894 3241 4874 8068 745 7060 6075 6472 848 6449 3792 3035 5334 8612 6221
26 6961 19 2780 9947 6648 292 5100 7770 9607 2177 9092 889 8692 9957 9510 80 9726 9500 3089 6653 4860 9309 4303 6242 5280 6494
26 9979 6150 3976 3191 92 553 377 2515 7334 4087 8807 2595 8343 6129 2789 250 9081 8206 8660 2743 4616 822 7219 6911 1559 2813
26 372 5034 7372 4938 8191 9972 1859 1736 6622 4235 581 8749 4647 2524 8362 4001 7887 1498 6535 5178 5895 6032 3903 3126 6518 5543
26 6198 8586 5507 3885 5263 5584 4584 4406 4206 9143 4033 3316 8381 6431 1094 7322 5946 2387 6599 9465 1044 5926 8090 1570 3069 4955
26 1888 3640 5890 1200 3026 1037 7926 5700 711 1197 5391 9848 8325 1493 5367 5339 9791 6646 1258 2822 1517 9596 602 9004 4446 7441
26 8728 3148 6741 3105 7534 5088 3746 3499 6134 319 3494 6712 2990 9442 6923 1373 2666 4933 5403 9580 8080 7369 1585 6998 5273 4891
26 7561 8848 9735 656 753 380 4939 6674 1330 8027 1499 6920 4614 7292 8436 1108 2454 1687 5275 7431 725 6700 5811 4606 5474 4124
26 2941 9473 7648 3530 2480 6380 5962 4834 1264 5801 3323 6823 9162 6947 8828 1618 8276 6408 2890 4172 6015 746 455 7751 465 1150
26 6912 3362 2657 9628 2952 2209 7445 7301 6179 8017 6873 3234 6829 3553 339 7396 4448 2575 7244 4574 4563 4540 5596 4741 8674 626
26 5341 7512 8254 856 7665 2600 1695 3790 9632 65 3847 6785 1229 7071 4262 2708 2466 1205 4412 7290 6770 7310 7801 298 5821 4662
26 6694 4428 4661 3602 9751 3341 4773 4130 5619 5208 3039 7091 539 5778 420 8161 577 8531 7902 3964 5871 1552 2211 2656 7460 2163
26 5424 3384 2681 119 6076 5837 4623 6587 716 2241 5470 2532 1597 9471 3917 6626 2038 5638 148 1085 8132 5044 9690 8311 7459 1558
26 9325 2928 3991 3220 1491 6182 8244 7490 4559 5519 4096 4682 5484 7536 5963 1989 931 9618 7634 8685 9271 955 3417 5058 5631 7223
26 768 6740 2518 7243 6357 7479 3974 5009 7415 9229 5976 4457 8549 1486 7076 5645 2267 681 1122 7963 5787 3971 6273 1602 5508 2508
26 2912 4648 5214 5955 6969 8259 843 7176 9160 1612 6772 42 9239 1920 3374 7973 5761 7765 1462 1161 4676 145 5685 5057 5230 6063
26 4855 1206 5621 1997 2852 9684 3793 3157 6378 2034 5975 1471 3856 4210 6086 7591 2092 1574 312 8714 8036 4968 6158 5973 9558 2208
26 9799 4537 1260 8059 7732 7134 2076 7915 680 9720 4942 5929 2414 6509 9961 1358 5365 9907 5126 8899 7694 360 9146 4962 5819 8377
26 8509 2436 3740 1496 9392 9202 2430 7194 3231 3079 3474 1468 7024 2279 3590 7500 2646 7254 2195 4199 8626 4791 1043 8622 1009 3569
26 1993 7553 326 6141 3789 8523 7988 8099 852 893 7101 1435 5167 7605 7137 2018 3764 358 4229 1577 4179 3002 1118 794 976 5672
26 5343 7464 4088 9524 7206 9604 4989 2558 5708 8550 3610 6234 322 7016 6286 5568 8305 603 8769 466 6934 2888 1403 8137 4911 9472
26 489 2742 2896 5054 8796 8253 5550 929 8843 2722 2850 7757 8432 1321 1056 7522 6661 3383 5549 9099 6005 8278 108 5760 3279 8850
26 4150 9347 3445 7193 1684 9138 7457 5219 9438 5289 5810 3389 9148 4076 3004 3711 6687 903 532 3803 8267 3741 6576 4568 1569 8217
26 7318 2357 6255 5668 767 4384 4328 4105 3782 9790 6821 3487 5763 801 6813 8135 4849 1249 5588 8608 4391 4315 4844 8701 9673 1410
26 3147 2512 248 4558 895 9033 3930 76 582 7987 4893 7021 3053 5360 5882 8280 1329 3678 5884 6992 3280 2094 5342 4040 3679 6111
26 3444 400 1313 8419 6438 8596 5021 2292 6451 8799 9022 9554 9112 1351 9086 4684 6720 6624 6957 7053 4753 1600 5499 8433 4432 5841
26 3168 8425 1655 267 2181 7387 2386 3476 4125 4043 6042 9533 9682 877 2485 1621 110 4975 9126 1362 6445 2013 421 8452 796 8789
25 6541 9544 1959 3114 2653 7150 9263 1338 6885 2765 2636 1042 1402 6332 8994 8394 3020 6690 8483 593 1665 1158 3003 2463 8552
25 9901 8020 3129 1601 9346 1369 7761 8407 1259 174 8136 3392 1344 2494 5893 8561 6351 2750 5676 6468 2339 6717 8216 9259 392
25 541 3430 4875 8682 5656 2126 1211 138 9574 338 3282 2159 4321 9708 7418 94 162 8358 6071 6781 123 1336 7964 3620 3313
25 920 3826 497 8110 506 7595 1110 4491 6915 6619 5582 3339 2348 8039 4974 5483 5496 3815 5038 8625 7074 2318 9061 2516 5848
25 2020 6558 8370 9633 871 382 8605 1831 5452 2332 9103 4518 9727 6308 2447 1998 7218 5223 4367 7458 3286 480 2814 9387 4951
25 29 7104 4826 2934 4613 5298 178 147 118 4685 9136 5313 6574 1770 6525 7982 5355 5468 7841 1021 8499 9467 176 9196 5790
25 5222 8104 2056 5124 1422 4541 9570 1302 5356 890 6857 5080 1546 5851 7771 7439 7212 7029 6551 2779 9689 7946 6317 5312 6016
25 1005 8892 2440 8219 3366 6610 8882 5014 1045 6839 561 1870 5886 7854 7388 7747 3820 5153 5797 3219 1645 783 2671 9831 2922
25 741 1784 3594 3615 3038 46 1443 5123 9694 235 754 5587 6061 9629 5035 6990 1648 8604 6516 6099 6489 8386 7618 5647 675
25 8559 7612 7792 3200 3669 5043 2315 3269 7296 194 688 6862 4979 5164 7291 3332 1615 3385 6207 6895 7776 4994 107 962 5547
25 55 4546 9286 1580 2323 5116 3434 7234 6379 2737 2345 7560 4000 5258 609 3060 1713 1829 4672 2798 2014 6440 1295 8226 2964
25 9140 6658 1010 4020 2060 3181 9132 6746 2035 8603 3925 7935 4173 1782 3013 4341 4548 3034 6050 5028 1825 8724 6685 6434 8337
25 4894 5213 9813 3739 8167 3102 9156 1944 6905 7689 6043 916 9718 6600 1836 3481 6894 3059 4284 4726 3322 2391 5545 7303 327
25 8189 8323 1955 1503 1365 5422 9553 3373 1203 8534 8745 4746 3150 2396 8347 2283 8568 2202 9603 7359 6435 4820 18 9782 7058
25 7711 9128 8348 2605 986 2217 6066 9077 4104 3428 9709 8656 7962 8360 3700 9053 9356 2306 6278 3056 6136 221 1147 6644 3093
25 8406 9246 608 9680 8575 9035 1458 2989 7361 918 2546 7520 4567 3939 1502 1124 2269 5643 925 6899 4363 7136 6788 7289 247
25 5598 9191 7255 9464 8955 9394 6331 6579 4866 8218 4523 3877 5396 3567 3262 7299 9047 6841 8474 5613 5960 8849 5616 898 1001
25 9483 2074 9559 4665 1246 5260 7503 9031 7542 3077 2631 8822 8299 6996 139 6471 9009 7625 781 4108 1379 8380 5653 7151 5476
25 4143 7891 4450 7174 921 3949 9742 5998 6864 9221 9658 5350 2739 5852 8920 4419 1151 2367 2824 3933 9942 4976 7951 8168 9311
25 4495 5113 3786 415 1537 1352 6268 2220 8760 1656 8688 2024 8165 4259 5921 45 6162 2669 101 3456 4269 3390 4308 6569 2243
25 1194 8978 4630 4016 9116 9242 715 4121 6059 1772 2935 9740 1834 1850 6564 1025 954 2222 5947 4812 9521 3184 2157 302 6721
13 375 7704 1223 8298 4838 9561 7746 6237 5979 6682 9803 2749 7482
25 2559 2714 1904 3783 1845 7274 2547 4117 8063 7259 744 3416 2084 6561 9293 4870 5010 6310 8677 5096 6285 4180 1408 4424 1003
25 7119 7196 1111 354 4366 8367 8990 4699 9987 7651 4486 7286 6977 1136 3360 5 5820 3804 504 1739 3633 3571 9486 3400 1088
25 1973 3176 9255 4246 559 9678 5603 9075 9823 4456 7462 2299 3980 8076 195 6030 4816 3485 5066 5740 5048 9759 7869 3838 3984
25 6952 4511 615 5234 9019 9134 1109 8296 4167 9784 3753 4044 8817 7782 7741 1092 632 1214 3954 5079 3040 966 4779 9936 2618
25 5716 7993 4720 5917 4123 3435 1660 1644 1166 1907 8108 3593 6264 2358 4460 154 6660 9204 2968 7954 7955 8341 8726 2238 2227
25 4346 6123 9385 9345 4587 2966 3155 4031 4314 8551 5117 9113 5625 8252 7504 2010 4961 706 2201 7473 7696 9340 5159 6127 8120
25 5769 2788 4170 8868 1693 7548 7078 9644 4675 3121 283 3141 8673 220 5793 6811 7240 1243 7688 1915 7324 7343 6093 6546 8123
18 8029 627 3073 7323 645 6643 4138 5959 1791 5278 8422 693 5002 3136 4373 8680 5505 1114
25 1002 5654 4807 7190 6048 2482 7941 9272 698 2766 7205 1154 6995 8689 9870 9598 4500 1950 4737 6217 68 8174 9749 2609 2019
25 2986 9452 533 7686 9419 2954 1930 8857 7407 8134 8576 7106 2506 2721 5590 7420 3523 6284 1156 3890 9048 5251 540 9014 1306
25 2660 1177 5712 7152 8368 1181 6582 5076 8004 7624 7384 5191 1516 6486 7655 6860 2101 571 5461 3837 9960 4811 7228 5361 170
25 8962 3197 9469 7097 1459 115 2415 865 9729 6696 4272 517 3832 8357 1535 1265 3771 5115 8408 7981 1112 3698 1052 5900 7758
25 7141 7846 428 498 9249 6172 4397 9222 8051 7120 689 4312 6655 9395 9488 9050 8117 4492 1076 3015 6343 6986 5209 9637 9577
25 1353 1421 199 1550 8445 3775 3731 7829 5101 946 3772 4626 9651 3296 7960 4831 620 7242 5776 8114 6725 8468 7035 4451 2286
25 9411 5500 3866 6703 7663 252 5792 5899 7872 5534 2805 6488 9480 2413 7419 2097 4946 9959 460 5683 1213 3287 432 1939 4846
25 2576 8736 1804 1792 5428 1768 4469 8819 5725 1308 8291 8532 7417 6483 3526 2420 340 2542 7859 3048 6421 2592 9427 3987 8331
25 3527 2915 2198 6128 81 7096 8506 1466 8416 7148 2319 3251 8750 545 3437 2150 4026 8678 8633 9540 6046 1064 598 1909 590
25 4842 789 3566 483 7442 5453 2275 4944 3710 1956 3977 4843 4407 4919 9788 5448 8709 7980 9124 8712 8919 8096 7991 2880 5682
25 6529 6493 5554 98 8379 6359 6591 272 1679 6036 8775 6945 1533 3242 6229 3582 71 1083 5450 9772 8095 9887 4813 3378 9638
25 8520 3104 5516 2425 2180 5994 4636 1752 4642 9722 5734 7394 996 5067 7405 8234 631 5736 6929 7705 3978 9568 1479 6294 9937
25 297 9503 6307 1729 7759 1884 4213 7763 1411 4690 6779 6926 4529 6755 2549 2555 2419 988 8658 2448 2886 9493 4408 1191 1823
25 24 315 3512 1835 5628 896 7216 1004 280 8693 6908 7538 6733 1423 370 8215 5128 1478 2258 6107 6035 111 8279 8647 3289
25 3103 1697 1143 9872 922 595 6657 550 736 4625 7077 9029 8997 556 3018 9730 2980 1103 2761 7660 9931 4077 6441 3347 1722
25 9090 4885 9586 2497 1106 9262 8263 3675 396 1747 2859 4947 7790 9509 4438 3223 5759 346 426 3175 4743 5429 6057 5455 8519
25 6115 5189 6984 7434 9537 2745 1686 4884 7998 3221 8200 3159 8473 5498 7674 335 9108 5594 3303 6954 7593 8923 4295 8265 1139
25 666 6851 8198 1634 2981 552 9195 3133 9299 216 4582 2955 467 4572 2155 7175 1347 9582 7225 6194 4967 8391 6051 4 9131
25 4098 2053 5732 1797 9127 5279 1523 2548 9789 1702 282 361 958 2936 3391 941 4727 653 4991 3870 9005 9552 828 9396 8594
25 9523 1593 4833 6186 8671 9858 4270 3765 1317 575 5911 9185 456 8258 3448 4932 8643 1540 6065 7484 6616 1617 5735 8808 3064
25 157 6877 212 4709 7847 6871 5221 7990 10 6240 2945 6318 9748 8283 8887 4674 7294 1542 7828 8579 7739 6195 5591 9850 2862
25 2869 5808 5829 830 2654 2543 7037 808 6680 4340 2016 9943 9363 5570 3955 7200 5325 9093 2747 6287 9036 5753 9714 447 7131
25 3693 5517 6836 657 4403 1062 7147 6659 1048 9328 4515 9337 6167 3926 5705 7945 9892 5378 5142 1039 2925 2046 7165 3755 5179
25 5402 9137 8448 2000 6399 1355 8505 1220 576 9321 6726 9547 149 7720 5186 7667 2701 2028 9982 7478 4083 5404 1473 807 1020
25 9283 2748 530 7554 3319 1311 6753 5302 9270 5969 4916 5597 7583 9688 1763 4748 2183 917 6553 5750 5814 3727 5047 4267 7824
25 7229 7082 2167 3108 8529 8642 6426 4074 1568 4569 8415 9571 5754 2911 5906 2236 3733 9398 9973 5831 6991 3702 3304 566 6257
25 1735 5990 718 4006 7364 1436 8413 9474 6800 8105 2218 2634 4915 5552 1974 8498 8365 6232 6760 5634 8467 289 5758 6433 3737
25 4352 9251 7867 4410 3701 4664 8782 1875 9298 3761 3661 2837 3913 9175 1262 2517 591 5542 9519 8455 6097 6070 1751 56 3120
25 8086 1630 8303 8187 4913 8695 5803 7498 1417 3556 2740 7100 1275 9946 8738 4039 1548 8388 7059 1367 1216 5833 5896 234 3408
25 7709 6206 9487 3966 3194 5866 177 8904 1461 936 5908 5561 6897 1446 9801 5966 8812 6355 6419 3876 5337 7669 3923 8424 8980
24 2591 9636 8536 1723 9538 1626 8815 4853 1292 2191 2443 5259 4265 3010 9597 4513 1238 3911 2002 5784 9339 5399 1425 1958
25 6879 1530 1508 208 3112 5766 1299 3722 7143 9785 133 3573 6436 3399 1171 5195 2988 2317 3831 7845 3683 8507 669 4778 7375
25 2327 6053 5282 7737 3420 751 1846 3505 2901 3293 9376 4232 7179 5681 2263 6464 8041 1754 5989 9008 2588 1149 3965 4241 6152
25 1664 7129 9289 4953 8681 5087 2164 1979 355 5909 5804 8281 9902 4258 6027 1696 5363 6936 4766 3037 9243 9773 6979 2152 2544
25 8675 2106 41 5107 1222 6216 1521 5465 4921 2089 7842 798 1538 5421 7124 1732 8002 8084 8514 8056 9719 1952 9168 8091 406
25 9252 5948 3830 1046 9617 1565 9101 9701 9106 7647 543 6459 8335 3525 7622 1284 6388 4956 6428 4037 1893 2411 4069 9646 8654
25 306 209 640 2856 4063 6719 4724 4532 8007 2051 6888 9914 201 997 3873 8241 7932 4480 6022 6640 5932 7938 5731 7311 7527
25 1833 4260 502 6352 7679 2979 7812 3135 9526 2607 9779 4388 8524 3568 3331 309 8805 6549 630 3033 8836 2594 371 2983 2203
25 585 874 4794 4250 6336 2673 7830 6067 5041 8764 695 3827 288 6180 8439 2668 1049 1434 237 573 8581 6594 3931 2329 3586
25 2278 7585 6159 4646 6647 1169 9641 1069 5386 8721 618 510 3266 4322 3158 5103 1432 4822 4298 4530 2550 1133 2502 316 2897
25 1978 5358 4575 3375 4396 7043 1257 9882 9141 6201 8793 8061 7018 2190 8528 8181 5863 5231 4431 427 8635 1350 1195 5443 2225
25 8840 8792 3066 2751 5187 4477 137 121 7366 8540 8705 3413 7385 8954 5605 717 9924 8497 4294 4864 8411 2133 2287 3791 5449
25 8587 4255 8462 2639 5036 9964 106 4969 8620 9360 4881 183 1982 7365 2378 2587 7157 5397 1708 4943 228 9432 9793 9317 9753
25 4788 8699 3541 982 2075 2290 969 3145 4343 3547 1041 5529 2991 1026 5696 3342 7360 324 4275 9551 5555 9703 535 5434 1439
25 9954 9495 5090 9164 4119 2527 4696 7793 6443 3088 5379 4845 9978 9400 3912 5789 8196 3063 4721 8053 8866 8156 4242 6080 1226
18 8071 8376 7870 5226 8151 7075 5910 4211 6114 8741 1383 9739 1322 7997 124 4023 6828 6492
25 6456 2079 3116 4602 5241 5400 1561 7081 1638 2846 4489 2611 5000 3756 5401 8469 5840 2699 8733 1172 9426 4901 5311 7138 3528
25 3457 6004 8434 4471 6274 531 8245 7573 9584 5670 4330 6396 4382 7177 6174 4385 7893 2674 6623 4132 2435 1698 900 3652 3825
25 8564 4437 5771 5602 5503 9836 7066 4347 4046 7009 4073 7046 5249 1463 5412 3207 8732 1766 8315 4422 5423 1868 913 7565 7825
25 5902 5510 1186 378 9981 7010 9889 320 9838 2580 1534 9142 694 2398 6490 995 1737 8754 440 7261 4434 3898 3671 8897 4120
25 7877 2426 439 3938 1487 3364 1412 1309 819 6963 1255 7265 7735 4850 7584 503 1856 4488 2427 5141 1086 5269 7489 9095 1254
25 3564 2791 6634 4028 3433 7309 5310 7506 9319 8933 2244 293 3796 9416 1011 2871 7450 8393 4022 1506 7055 7052 1148 9650 1304
25 7064 3029 5887 9769 8194 6279 6098 4608 3959 9800 7497 728 1409 217 4619 2763 6010 8392 4151 9443 308 5551 6978 7215 4725
25 3655 6875 2566 8823 7922 7933 2304 6737 5250 6312 4747 1235 5827 4004 8763 7012 7616 3953 8977 4763 8238 1427 4049 5293 1261
25 1269 1625 977 5553 7882 1985 886 2125 6106 7806 5417 5166 2678 8841 6072 2085 9453 7992 3350 4466 4337 8888 7410 7235 6789
25 6160 739 8786 8991 3051 6570 461 1799 3432 1071 6262 7620 3689 3130 53 2428 3806 6049 4131 4580 8423 3180 9792 4393 2055
25 5406 8209 210 8609 7211 6967 2355 6932 2043 9322 3256 8906 8813 9331 7454 7345 3705 362 3297 8418 8454 7611 845 3591 398
25 5332 4455 9320 2399 633 6809 9741 2972 7414 6713 793 1988 9244 305 4036 9621 1545 3096 4627 1404 705 301 8249 7899 7881
25 4882 3208 4404 6021 9923 4034 2924 3754 9226 8988 9407 1832 7886 4152 9616 5084 8172 2069 9040 1940 7437 792 685 9993 8898
25 8787 3849 6220 7492 5830 2434 8687 6769 7796 6866 7362 6773 7331 5419 6758 2303 3151 9253 8880 4375 1366 6950 2423 3172 4350
25 1866 6199 9602 7684 2119 1256 3798 7659 1589 1934 405 2854 7047 5870 7725 4118 6370 8759 5671 891 7983 4231 9024 2821 6210
25 1883 7357 1500 6615 1627 3086 2525 3752 8072 243 1914 8649 5548 7250 841 4166 1936 9893 9760 4707 1549 8602 9909 5436 59
25 1803 1734 4153 4656 7203 8938 8339 5444 9844 1967 5992 6617 4903 5068 9218 3244 9786 3937 3094 2529 2807 4769 8613 7702 3535
25 5245 1142 6327 9144 9068 3952 6121 1896 8491 1720 7125 678 8048 171 2256 205 8852 3900 6354 4253 1059 5242 2794 8429 7133
25 3936 1100 507 381 8854 646 6882 6178 5864 1012 5880 7195 1501 9886 1941 8522 5109 6761 33 2629 7307 401 5977 7001 994
25 8204 7314 8653 872 141 8220 3622 1391 2248 1389 6298 9372 2876 1806 8016 4439 2029 1397 5151 5013 2746 8929 8636 2138 7700
25 6361 3557 6818 6101 6078 7916 2107 4714 4086 7791 26 3748 7646 7072 8478 4655 4972 4110 2705 1280 1586 4570 4445 8211 4091
25 8458 7117 6338 3583 7019 254 6416 1428 6722 4014 8437 3115 8169 6175 4571 6219 1442 2475 9986 7054 6153 7476 1287 2280 2049
25 5304 4706 4207 6392 3807 5344 8820 4068 4221 90 9798 4440 3052 5217 7432 7376 3809 14 5085 1490 9391 9210 7880 8430 7731
25 2774 5856 7666 6446 607 8806 2072 1193 523 3561 7755 9716 4429 7280 487 2242 7233 2616 6084 9373 9336 9189 1544 9214 4145
25 8711 1372 6922 846 2140 4021 8694 2057 7305 9479 8755 3009 7914 4276 7723 9762 7738 5119 8744 2369 2188 8046 1120 7166 9635
25 5161 271 8207 8989 225 6013 397 938 6306 7363 5032 732 8270 9704 9102 2752 3365 8762 2533 1877 7427 9010 3349 4203 2691
25 7640 3951 1843 4645 7092 7730 7344 8553 1271 5380 1395 537 6940 3076 6320 8975 3019 1162 1099 5812 5348 8321 667 5232 8517
25 9207 9851 6550 782 9610 1494 6248 5824 4247 2417 6281 527 9966 528 3419 5828 5987 6254 3306 5974 7481 5148 8482 729 7115
25 9626 2230 1527 6618 7276 5082 7727 6727 7817 7967 5122 1047 8129 3455 5607 4187 2232 3548 8558 4814 4780 3872 8260 7424 5939
25 61 2335 511 4024 7034 7693 9388 6566 4496 7006 1800 155 7708 2563 4452 6637 3171 7670 44 3720 1899 5515 4905 7818 4013
25 2429 9406 5748 9511 2799 1079 7278 6491 5070 6583 7094 356 9664 2632 7923 6506 3587 1821 9063 3703 9007 1663 6212 6840 8185
25 5381 8449 2626 7994 5724 1294 9054 3496 2086 2713 6728 9490 1682 2068 4336 2239 2149 4447 2849 1935 1837 648 8078 1230 8113
25 7799 7116 5626 6567 3054 7811 4497 9513 9968 6625 9155 4345 8115 9447 803 6126 829 1916 9115 642 246 2806 1699 3611 3643
21 3743 442 8614 3544 6398 1733 978 9231 9624 1140 6184 3902 5985 4900 8201 750 1744 5438 1244 7348 4908
25 1724 1635 6474 3169 8112 5695 6593 1431 1117 2596 7062 9530 9021 7099 1554 4612 7979 6328 3192 3143 4054 2307 1095 1826 759
25 583 8629 8157 9757 8128 9375 454 7564 6880 6983 866 2978 4925 6124 198 7966 1155 3071 9794 2970 2877 317 7183 9369 7986
25 4066 9996 9702 6771 7135 6188 546 1364 6684 4533 8650 4351 3813 8969 2487 4175 9399 2251 8663 5316 5138 7395 5737 2073 6113
25 7864 2899 2690 2982 6024 2385 4802 9980 4784 7823 2614 6542 1690 1990 1165 1017 7470 7895 416 8894 7740 9013 5077 8735 2509
25 5885 9595 9287 3232 3493 1937 4433 8686 9441 6462 692 1078 2451 9080 973 2471 1361 1917 3944 5489 6349 8589 6112 6559 1718
15 368 3614 1067 6454 2866 8809 5526 6301 9849 4212 7192 4936 3503 7855 2210
