13 7013 5885 8774 7097 378 6274 7344 4249 9644 8599 4768 5640 9693
27 8773 3149 1852 5507 7434 8615 867 8243 5824 897 6581 5523 4591 3919 1666 1033 9807 226 4827 2638 804 1490 1129 4315 3224 5931 8185
5 8890 3008 1159 1 4646
7 6252 4011 1959 8464 8637 4123 978
27 1178 5161 7314 1640 5719 6648 5701 2924 3754 6808 2737 889 7718 7106 5558 1164 8354 9453 7033 7589 3192 2593 2007 5623 4649 8897 4047
10 719 499 5393 8719 6856 3802 5780 3465 5033 6090
26 7468 1879 2742 4088 4938 5724 3784 6593 8339 3845 6974 7865 2265 4218 8197 2389 3526 8839 2890 7105 5467 9875 8507 8861 5443 8308
27 8670 8179 2791 6450 119 3169 9858 8827 4714 8097 4014 9403 3159 8049 1857 1469 6564 5706 5331 9995 7526 2629 251 8636 7968 3656 343
27 3696 583 6493 9105 2000 6638 6013 5014 3278 1861 9397 9139 1854 5943 1926 1769 727 6980 8754 1360 1280 7213 6421 3819 5973 3500 5273
27 8227 8564 2915 697 1873 100 9731 4327 3499 6864 6605 2501 8343 3212 8628 8812 2091 4513 9892 3306 3899 8423 7740 8130 5342 4281 7825
17 7227 5858 8426 718 5071 8345 7256 9655 9073 3075 9541 3256 5561 3630 5068 2334 9312
25 1135 2589 8203 3541 6771 9576 6570 9975 8857 3007 6642 9758 9292 4417 6249 8828 2517 2872 5707 3581 2096 8891 5162 8879 8106
20 2418 3667 8715 1246 4301 7096 6589 8058 9911 5462 3854 9351 242 6509 8526 9350 4732 9034 6632 5726
8 6031 1817 9579 1804 1792 4595 9458 5968
27 2384 6900 4635 8536 3433 2119 4256 9822 1716 9584 1907 5786 4845 8591 1749 5416 8522 5109 6651 3678 9197 6489 7079 8082 9569 6559 7472
17 7109 364 4154 4502 266 8167 7150 1695 8026 3827 7904 7132 4442 6612 7917 8215 6227
27 9121 2324 4959 7255 4656 5453 3482 4617 8229 2065 1071 614 5032 4912 9704 5984 6736 4492 9904 5776 8608 5276 9200 13 3405 5798 7986
27 3654 8420 6239 5120 2686 348 2160 1725 8620 9074 4566 3772 4351 433 6025 4262 1449 1632 9728 7067 1028 9689 4968 3128 9 1909 7252
27 4679 3692 3951 9286 6498 475 7633 8413 9077 387 6201 9778 2768 9185 1340 9416 6637 6660 9204 764 2302 8364 7044 7154 443 7011 8618
27 9913 61 5744 5090 3583 7253 300 649 3496 9790 4625 4038 6939 1345 7292 5164 8478 5084 1108 6408 7308 4589 8790 221 8622 1290 9677
24 7716 7779 5487 1655 7075 1762 2044 8018 1643 8904 8004 1383 1468 4265 1622 4517 5456 6626 3504 3934 8712 479 8684 4393
27 6403 6607 9851 3632 3795 7665 5426 3657 6751 9592 2154 8916 3392 7265 7099 6511 9989 503 9528 7828 652 123 3250 9189 1278 7733 2130
27 8878 9925 9685 9830 4602 4318 7171 659 4105 9611 3174 742 6897 3763 7047 9801 7921 2572 2932 4931 9794 5075 1600 8096 3369 5714 4592
27 3647 6662 1100 4673 2967 141 7808 2760 1259 6391 5801 7791 5184 6105 3841 2545 6667 7449 8531 4999 3084 5927 452 5407 3520 2540 4268
18 7948 113 328 2783 7438 4329 2011 244 1393 8402 4378 5117 7781 8141 3010 220 1615 1950
16 2176 9251 9666 326 7686 7209 636 6297 7362 4916 592 1435 7100 8048 973 6934
27 563 7355 8277 7637 6749 7342 7275 2680 7194 4784 6235 6830 1501 8997 2068 9422 5430 5638 1895 6690 8053 5555 9676 3571 9499 1230 9380
27 2015 8029 7585 5025 7787 7019 3451 6737 272 947 3992 714 6459 999 8314 1298 1906 6001 4436 2744 4052 6394 3681 5460 9669 7123 3589
27 3321 5971 4437 4207 7710 161 5695 2407 4776 1392 8767 3847 6617 7285 9395 5681 6628 9855 827 9279 4721 4283 8411 2326 6998 9834 1569
27 4829 4586 945 6265 6966 5036 7282 9539 2885 6898 6462 7462 6326 5589 1163 6620 7767 4386 4755 9124 9332 5836 2298 3945 3853 3850 6467
27 1105 3025 3170 8351 4115 2799 2304 4130 3394 959 8926 5880 3251 8129 7273 7661 6030 4201 1089 5488 5634 5410 5198 6158 5817 4695 2755
27 3578 4475 5500 1223 7323 3082 9846 6344 6156 7221 2089 9879 7130 7353 5728 2587 983 591 5826 8474 4229 5928 7577 9656 4905 5876 2627
11 6321 4877 1146 3490 3086 3315 8116 2810 3752 5176 2951
22 5991 696 5698 4471 7239 8353 7777 5310 576 7898 4701 2218 4518 4567 2354 7820 9119 7667 1174 2824 8036 1425
26 2736 219 1984 8835 4028 9610 7555 2977 5452 8760 5532 4825 6995 5080 2911 8252 9910 7855 5916 532 8625 4556 3727 4242 2321 4185
27 9550 2313 8447 6645 1963 4806 8555 9132 3210 9838 2607 4562 2861 8025 8873 1707 8162 6531 6010 2727 9502 6005 3441 2277 8959 1892 3812
27 3580 6115 9267 7975 3036 8259 5405 9641 4159 215 5582 3977 7743 6414 4521 1409 7942 9903 8466 8483 411 9585 4700 4519 6151 327 3643
12 2735 203 9287 7337 9951 2473 8695 2045 5610 6683 8460 7482
27 7913 3655 6875 8915 6523 572 2434 1110 9496 6905 2479 4279 2431 7860 8855 1358 264 7890 1462 7644 4401 4753 1279 1683 2157 5293 5944
27 311 3564 1635 1986 596 4744 6850 3986 5959 9319 6085 6290 4440 5577 4621 7584 5906 5736 3852 3063 2529 526 5404 2683 8925 4057 4553
27 9449 9090 5510 1830 9795 9209 876 6910 6041 5373 9462 9225 1918 8673 7137 7969 1596 2081 4889 7225 6017 8467 6445 8183 12 6266 9334
27 3629 7270 9109 7557 1835 871 3364 2359 2515 6960 8741 9593 517 9239 4535 8060 7168 1673 3440 5493 5272 1881 6368 3576 4305 392 1653
27 8758 2507 1524 3050 1634 9832 9475 5465 6393 2040 5163 1041 5529 2634 3503 250 5339 340 2800 7518 3479 4288 308 317 845 9811 8178
27 1560 7293 7224 3263 8173 5263 646 8610 8662 6883 2729 683 9355 3489 186 8161 6256 4603 7545 3206 3309 5641 4303 1064 8404 9770 638
27 4435 2009 7768 5347 4940 5799 9165 5064 3722 5725 9784 6116 1236 4712 1572 8829 2965 9122 6841 9982 1483 1303 5345 3274 1115 1522 5108
27 1209 7936 1529 2216 1272 7759 5853 1956 4638 8159 4085 5042 2142 3330 3568 1821 7012 5327 8349 2427 8880 4534 9759 3349 7496 9829 8535
18 3202 3614 2495 8348 5303 8245 3098 542 6301 9667 7672 78 4312 3551 4936 5463 3158 3711
27 474 1528 3160 4107 6842 9273 5962 7316 2548 4111 7368 3753 3235 7260 116 305 2555 829 4425 504 1675 8577 314 6112 8647 1614 8556
27 9459 477 6004 8434 6352 102 8780 397 6925 894 946 6038 6167 8200 1806 7966 8732 9587 7030 270 1354 5048 390 58 6569 3107 8163
21 4839 9504 9556 9815 8035 4469 8998 2192 9849 1638 8540 2139 366 5625 2943 7408 8885 124 1829 4178 5449
27 6039 1208 1251 5699 5566 7232 7043 4857 4496 2021 2923 8136 6855 4632 7328 1989 4166 4708 673 6310 7317 4261 4054 197 3238 4606 5398
27 549 4984 8629 3866 4704 7682 6871 1595 7915 680 3292 126 183 5512 5498 7930 7302 1678 903 2168 8005 4596 9260 6177 8482 6595 6458
27 9313 48 2106 5816 4869 1281 9505 9809 396 65 2874 4964 887 6655 2678 9039 5203 6935 9399 6929 1070 3957 8046 4399 3923 7356 6919
22 1757 9256 9763 8346 8085 4639 9561 7187 833 2444 5039 9848 3968 6143 6124 5754 3809 5505 4671 1540 9443 480
27 4078 8290 9974 5626 3885 7692 1441 886 3946 7654 641 6353 9547 4237 1999 7072 6385 2980 931 5403 5683 6614 1726 8174 2606 3335 3631
27 5018 837 2335 6475 8219 1346 454 4623 2648 4921 6987 2580 6891 6486 1932 3920 2155 2895 1440 4972 9885 8635 7669 3095 4049 2019 1139
27 7325 1724 5307 9702 6316 6652 1256 2260 4969 3231 5340 7288 4232 6945 4982 7418 3881 7652 7480 5297 5788 4504 9340 7489 7899 3858 8480
27 2519 4882 9691 7662 2442 4372 9481 8953 4937 1368 2829 1499 3686 9148 5093 104 2832 7212 6497 4304 4627 8908 562 349 7748 6603 616
27 303 610 9595 4588 2577 422 3513 1521 1679 3851 1747 7645 9939 6733 9902 6777 4505 5355 7254 6688 3143 1213 9608 4996 2608 3535 1418
27 5970 8271 3396 4875 8682 9761 896 8800 9229 1934 5210 3508 1534 2413 2462 227 2871 9825 8287 7774 4253 2865 8849 296 7026 4897 6221
27 6670 3239 6457 4807 7190 1565 1864 7609 5211 8494 2938 8693 6387 2956 1535 185 7945 2496 2826 8408 4431 911 111 8589 1052 1931 7111
27 2465 3381 1530 4826 5917 3949 5008 4068 819 5306 7006 8268 279 6801 1450 2003 8496 878 9059 4956 8781 5129 5521 1633 3611 8718 1343
27 3358 2327 842 1908 1729 9127 5170 8505 8296 3710 1688 3377 4979 1604 6854 4573 3452 8202 6427 9404 1225 9642 6872 7950 2554 8939 1547
27 3055 1815 9768 8382 9620 3468 5866 294 4677 5864 7949 6375 8750 2087 4082 4932 7771 632 7908 7022 7390 5657 8468 831 5891 321 2897
27 8578 1794 5517 3073 1601 9617 8909 2072 4523 8150 6821 7094 5958 7556 8283 3628 7995 628 3019 2533 6477 3028 6285 9210 2786 7537 2818
26 6466 2581 1177 1240 172 6089 6719 147 7197 5975 4272 2633 3438 8841 905 7706 3000 4240 1616 1808 8716 1086 7214 7163 797 391
27 5649 1883 7357 9640 4613 1215 8493 4828 2184 8603 4868 6397 6043 6137 4874 5796 6464 478 3467 8409 882 9069 1636 8156 8648 1841 3528
27 4525 6361 5818 6922 4957 1647 1250 2415 6218 536 7823 3339 5587 9470 450 701 344 5078 3034 237 6954 4743 8433 5978 662 3518 8527
27 8292 394 5856 2056 3225 5069 8118 9912 1752 7987 2281 9083 8649 8166 184 4234 71 9786 5946 9098 36 9873 966 4813 4723 8372 4750
27 1776 6269 513 6942 7494 4017 5844 2477 3905 5188 8807 5104 6970 4280 7800 3873 339 6506 570 6889 2726 5673 6845 6496 1191 1009 8700
27 3090 9670 493 23 2639 8504 3124 2191 5123 7142 9800 695 7286 7798 545 8922 7598 4155 7919 5144 5609 7660 4161 8249 5047 4446 9776
27 187 9291 661 7086 506 5660 120 9516 938 1871 9333 6138 5167 5326 870 2378 4370 5286 1238 5461 7495 834 7885 2730 7409 2864 5173
27 8965 6767 2642 1904 1460 6024 5260 2388 9980 9513 3221 3999 9142 1566 7417 7844 3361 6400 858 8762 4390 8866 4134 8858 4844 6152 3994
27 9084 7709 7117 35 6526 7191 4274 6248 3466 2402 6406 8475 2364 6543 3982 1119 5518 2111 5066 5745 8256 7279 4691 5065 9095 2839 2225
27 5440 7064 2422 7666 4137 2776 1886 3247 7334 1715 7363 3 5484 155 5738 8676 3916 2199 2674 1742 4934 8579 6019 8313 1148 796 6271
27 4309 6794 7196 4733 3220 4585 7679 5941 8326 9038 8935 5886 1289 3142 441 850 2676 7695 9174 1542 7954 4132 5867 5596 9277 398 9573
27 8184 2166 1697 1949 2731 2600 6946 2220 2906 2366 8963 7566 732 9727 7076 1068 2336 1811 5194 8619 2369 6108 4780 9690 4731 6853 6748
27 7965 1900 3196 5205 8766 2217 4355 7837 1096 4539 6963 3494 7497 1371 9674 3777 3820 1151 89 1582 788 6435 5533 7863 5312 7772 5665
10 7575 4352 6164 3199 2754 5584 7632 4023 7754 9914
27 9847 6044 5954 6836 6454 7479 553 1455 1429 1584 2694 7547 8074 4100 7619 972 2708 5759 5254 101 7544 1059 8386 3671 82 8612 5370
27 9752 1228 1319 3475 2171 2857 91 7048 8645 3163 1320 1328 8325 4919 6923 9425 9588 4022 6284 6040 4174 9692 5972 8538 6461 1951 4120
27 1315 9020 6053 9346 9100 5267 4966 8617 8793 2766 3027 8212 4368 3813 5747 9597 9762 2489 3815 4609 747 1184 0 2767 1652 3975 3857
27 3607 2828 4070 4003 3502 5187 1027 4270 1008 2104 5092 6873 1075 6714 6149 1025 1265 9959 2803 9048 8714 5613 7349 8278 2623 1758 3880
27 7429 4411 5189 2440 6356 7364 5579 4552 599 484 4263 6298 2109 3406 875 9725 2010 1036 2317 9040 3248 5544 8222 7611 8613 5508 3724
27 88 7005 7546 655 8791 92 8571 9928 8316 1348 7004 5473 9816 9194 6382 5181 1457 6704 132 9491 9891 9984 2836 4611 4295 4911 1378
27 568 789 9011 5535 5477 3057 7411 6476 2893 586 67 7707 1154 6604 72 1485 4674 2380 167 446 7452 1367 8205 7165 6481 7758 231
27 2695 6418 5112 5955 5650 6597 5847 350 7872 2910 2 7021 7351 4915 1567 6758 6860 1243 7128 925 7845 7776 8195 602 3080 5923 2055
20 1563 7444 6168 492 4862 5228 2394 514 1531 5556 8911 6226 6542 2148 855 7974 4678 9522 3427 1244
7 7956 4027 9377 984 8093 8530 8596
27 5335 7891 2963 9613 415 6584 3524 5550 5059 5155 581 8745 2854 9224 7354 8016 8776 1687 6549 7059 73 6291 7803 1669 1581 7601 5720
27 2920 554 5710 1143 208 3530 6188 9741 6104 1603 3925 129 3316 2325 7177 3483 9327 5412 9501 9125 5924 5560 4791 5362 685 6819 2848
27 8640 6150 4223 6711 1627 1884 7134 8214 9624 4221 3761 5004 527 2039 9348 5271 1190 548 7157 7756 345 6701 783 791 7166 805 9354
27 2571 2296 9306 7876 4291 8785 1189 1620 7724 5372 2601 9043 3011 3455 4322 8844 3659 3764 7306 9529 1928 1112 8707 107 2610 9700 976
27 7862 1512 4184 4404 8772 494 382 4773 2898 3997 8225 5262 940 9863 4438 4604 3516 2481 9413 4193 5669 8238 7681 4752 3229 6533 5504
27 6412 1227 442 6517 5352 5382 2602 847 4594 2835 1800 7788 5420 8729 8495 2162 4361 287 7470 312 3240 2815 8948 8282 4203 8884 8210
27 8310 1002 2143 6634 8989 7732 1436 4989 1790 7630 3689 515 7782 9193 8336 1165 5633 9253 1858 5085 2136 9391 1812 9129 4554 7731 8874
27 9976 8192 9744 168 4658 5557 5279 7498 1220 1532 6824 7394 4852 7962 4850 9060 5346 7443 5703 1556 7947 3703 2985 6844 9446 9736 1510
27 8175 4056 5746 4980 5012 7785 7941 7143 4907 8416 6806 9022 5191 9153 2834 6847 3412 7200 9760 8611 5328 7359 8867 5737 5388 8001 8154
27 677 2531 2293 9805 1863 6618 3751 6121 987 6921 1810 9489 7153 3413 9835 2350 114 8966 9907 6835 2743 3702 5845 4257 7751 1962 5501
18 4758 3936 3833 6550 9018 6463 9177 2121 5619 1981 4698 5364 8067 6130 3926 2283 347 3870
27 6002 1332 6455 977 5234 2033 2320 6907 4031 862 8431 3625 5981 2062 801 8920 505 2183 5190 3695 4707 1549 3343 9775 6981 2238 6453
27 4008 7849 3329 1276 3051 9068 1182 2314 3859 6059 9785 4443 9917 4316 4902 5401 1919 4822 6837 9107 6826 2853 4463 5581 2516 4909 8582
27 2432 8787 166 2973 5779 1239 9570 6904 5700 1203 2621 6983 2175 5565 9359 4681 5215 3059 5612 3166 4983 5127 5251 7801 6088 566 5723
27 2135 9820 3891 6220 6515 4764 9948 6587 4247 3673 6165 3077 1668 1094 34 4176 4102 4524 3187 765 7963 4808 1482 5148 9461 5865 1300
27 5497 7455 2230 6567 6742 6247 1325 8500 1504 5534 6519 399 3973 9967 556 2274 8439 5509 6144 373 1063 6411 792 329 6518 5265 3664
27 1515 6843 1674 780 2181 5375 578 8798 3421 3079 4266 8917 6861 7016 9957 8567 4501 3771 5277 1526 9414 7821 8503 7717 9025 4133 1247
27 3442 6654 9087 210 3341 3685 1968 6094 5250 9720 2805 9671 7024 8432 6803 6027 9047 7238 110 4412 6217 5095 265 5653 2833 8865 6439
22 2247 7810 2147 7206 6610 8665 6407 4045 9268 3372 7262 692 7352 6318 1824 8753 1894 336 5842 3941 573 6311
27 3156 5881 6304 951 2937 921 4441 4347 9160 8691 8826 6730 3573 9363 7786 6590 9211 9323 2699 8733 9016 7597 8487 469 3264 794 5697
27 5299 3333 1970 4528 6615 6216 9842 7903 4561 2710 7205 639 5600 1266 1945 471 359 4182 5206 7780 2372 9339 5131 7964 8429 9717 136
27 9707 8489 7428 9926 4376 4007 990 4147 3843 2086 1317 9798 9456 7461 8381 5827 6154 588 3806 8393 6065 1231 5252 371 8078 811 4348
27 7475 6780 4112 3445 9135 7203 4384 3930 4314 2670 2713 4692 6366 6205 8763 5186 9883 3587 3217 7426 9149 258 4977 432 2152 778 7058
27 4058 7186 5049 1200 5620 8379 4400 5792 1166 6722 5379 1073 4547 9331 1351 7815 8875 8771 426 5151 8818 4313 810 5209 4424 4799 144
27 1040 3410 3424 1843 1201 4990 7278 6491 5356 6571 4651 6810 7340 8471 2552 1423 735 8052 4306 1099 6417 2588 2993 436 3931 9560 3402
27 1273 7864 1588 9735 9164 3366 137 8486 9623 8550 133 6888 9739 5098 9212 7032 6309 8065 3956 7980 7170 4616 6914 7951 4927 6931 5415
27 6381 3540 5060 7465 5511 2105 7315 462 1193 9433 5692 134 1767 6308 7536 814 3638 7376 7139 2849 79 7739 2703 1473 4904 2964 8543
27 2949 6189 277 2031 9871 952 9263 715 7207 280 4899 9530 3207 539 4461 4395 1816 574 418 1484 8355 8341 1586 4310 5361 1677 7173
27 6822 567 6206 5158 2999 708 2797 5995 7490 9226 1591 9366 1988 3747 1444 4452 8013 569 5153 2779 3388 6349 4769 9971 2113 8113 181
15 7657 6139 209 8614 6764 8553 1160 5969 5481 4736 2863 9378 4000 5258 1018
27 7399 9920 6547 9019 8681 1557 7383 7924 4206 4062 5519 8960 2461 3053 5722 370 2687 1505 5223 9178 9525 2775 6702 2103 1576 722 8375
27 423 8698 3865 7226 1046 942 674 5031 1541 3450 991 5992 4251 2311 8438 3446 9598 3485 1917 4380 3633 9861 1662 5536 5616 3860 4319
27 7928 9698 3067 4665 5539 4786 2290 9896 4832 2037 5305 5172 7403 5479 7653 6289 3878 9093 5643 3131 9058 9787 7606 7977 9383 6350 4865
27 84 3245 5890 3462 3319 643 2675 4227 2099 3959 3121 8933 9092 1357 1125 7723 4015 8365 8633 44 7859 4337 2604 8877 8 1359 5538
27 1335 3697 2784 7574 7994 225 7456 6426 1176 3216 1283 5464 239 4970 4804 3960 6555 2127 571 5178 3803 6606 2064 7073 1327 8519 5859
27 1066 4536 3572 439 665 7162 2652 1297 4853 275 255 7635 8010 6142 8081 8039 2124 2226 3668 5843 9051 9217 9771 6514 2847 6191 1019
27 3253 9349 9845 908 5503 8412 7309 9075 118 7414 1756 9941 357 6539 9295 787 9591 6611 1107 4367 6071 3744 2628 5846 3987 1923 224
27 3708 9046 4935 1111 6392 6809 6422 3258 1568 412 5171 6920 8264 6006 5687 4373 3523 6388 2761 6760 642 755 3742 6979 2656 5476 6997
27 3869 1113 1142 3875 9064 3940 7933 7169 6106 890 6857 8140 1834 3233 2996 1965 6510 1083 5229 6551 6992 7437 6096 8696 8735 4018 2770
18 4377 8306 7000 5686 9819 9381 5861 3974 3811 9740 6363 1395 9384 22 4122 7703 205 2448
27 9563 3257 3024 1527 5627 6380 444 2948 1875 1461 9270 282 7237 6565 7960 609 8668 8388 5918 3558 848 8092 3898 7618 4273 9097 2597
24 9927 3049 4200 2518 8194 3117 8028 6583 7488 8218 8307 4893 1296 5778 9966 5257 7400 5363 5936 4926 5354 8501 7938 3871
27 9003 1447 2520 989 8253 6630 5809 9963 163 4675 1396 8422 1277 9055 5217 420 4362 207 651 7127 9373 5935 6209 2287 9004 906 3386
27 6783 8213 3976 448 4409 1369 9964 8981 9992 5301 4128 5385 6874 2084 2700 3004 5152 8196 4527 2968 140 8479 5003 18 5055 4716 2276
27 1992 4717 6951 6718 1386 8854 629 930 8644 4634 4235 9943 2955 8656 8390 9788 7721 3144 5549 9603 1039 1739 6348 9061 6294 3749 8921
27 7070 7188 6327 9944 8188 3993 2930 4944 2374 4282 9421 8903 1229 4144 4076 3195 2763 2403 988 6957 1122 4444 3644 5563 8430 9938 4538
27 5868 6656 1869 4153 9180 9158 2665 2884 2174 3862 9368 1307 5243 835 7365 3704 7571 5680 564 5236 9465 9942 9336 4079 1093 7002 6260
27 4094 1414 9806 7580 7628 4544 3326 8257 4800 9607 5734 6281 9780 2721 813 1750 2858 2483 5762 1691 3868 3040 1015 3787 8226 5471 4803
27 7957 5027 4170 3717 9511 8671 8228 5478 1589 2370 7650 7091 6863 8247 4191 6525 1621 717 5492 5884 7902 4860 6195 9427 6978 6585 20
27 6912 9733 4624 2132 9341 9824 4433 2525 1466 1692 9155 2341 9697 7330 6225 4571 3927 4465 6918 143 5960 5895 1837 5731 2224 757 3458
27 4948 8458 6536 9633 6480 1487 7037 8631 1820 7542 1897 5016 3178 9162 2451 3599 9730 2471 7895 323 8894 4413 2643 6148 8043 7335 7093
27 1543 7140 6068 9705 2570 7448 7506 9133 9379 9724 5154 9894 9571 2567 2214 8221 7656 868 9096 5588 9271 7074 7888 5311 1087 2203 4374
27 1305 9649 5466 5757 32 3732 1098 6582 2796 7422 3039 8749 2532 5309 7605 1839 2097 1578 9415 2902 2716 4230 7136 6007 3620 3755 3883
27 2883 1492 1363 8546 9037 9645 6971 8510 6134 1199 6146 4135 9867 9091 8006 1167 2553 5022 5795 7126 1172 5096 3942 4383 8541 9558 7161
7 5480 1024 1376 2825 4396 9375 7025
27 5324 1838 965 5777 3414 7901 9035 8815 5635 2901 3463 257 5733 5763 6707 7388 8399 2918 5038 7421 7826 5337 2946 5652 7303 994 3021
27 9393 9985 9965 5712 2651 6182 105 943 7267 9574 4060 9247 1870 3234 8121 3214 45 2459 8537 4672 1575 6796 7946 926 3591 8770 3985
27 1192 7687 3779 2537 2235 5679 1942 6882 9701 9106 9006 3470 863 4188 3397 4051 6075 3171 6328 8982 7523 182 9746 900 3652 2983 557
27 6263 5615 9412 4838 9477 6814 2076 8244 2769 4104 4711 684 2204 414 1901 6811 3336 743 1478 8389 2472 6343 4570 3741 1204 998 9517
27 4742 6502 8370 3566 4481 9202 4819 3211 6548 8928 9479 916 9213 7454 9431 1974 8340 3472 2387 6050 8765 3745 5429 3046 1141 8947 5606
5 2356 4796 5732 9249 7581
27 5693 3409 8274 6058 9450 9537 1768 1644 4767 9908 6231 9110 278 3078 5506 7124 1717 6557 5574 5740 891 8515 5130 7673 3134 8552 3380
27 4379 7028 3459 975 6425 3636 9151 1480 8664 8063 4073 8437 4746 8524 6734 963 2646 8356 4933 919 2262 9648 9280 4976 7436 8057 1150
27 4644 3918 8713 6360 2541 6251 8809 1458 3135 2229 8105 800 3893 3913 5870 7725 3684 8643 165 62 7473 8836 9223 1234 3791 818 3097
5 2573 6544 8574 6563 1555
27 7463 7198 200 4973 6222 2984 709 8164 4498 3498 8814 6129 256 4878 8000 1131 9895 9367 8206 4598 3100 2446 7202 6576 2819 5318 5571
27 2061 1323 5553 2605 146 9647 8737 4397 8843 4167 6619 7178 1649 8165 9400 6267 7333 7023 6624 191 9606 8942 756 2411 4069 1306 5253
17 2718 5562 2118 8338 6238 3215 2430 3536 3505 2373 8755 836 9250 7708 2563 8887 4650
27 6689 9166 7684 9144 1922 7811 2802 821 8075 2439 6708 1042 2947 1850 2615 6429 9053 2071 5961 8769 407 2353 5044 3983 2463 3185 4891
27 9514 7020 6756 856 9118 8037 775 5702 9632 7857 9330 5694 5520 9930 6763 6314 4238 4655 5397 664 5432 644 9703 2259 9387 6170 3286
27 672 1384 8224 69 8796 1587 2817 7532 4824 8064 8976 2859 7521 7018 6332 8720 1155 3823 4576 7 6640 5037 1617 4759 9196 1701 9916
27 1097 3311 481 2904 3565 6272 5087 1561 5998 6140 2851 589 4173 7753 7405 4439 604 2222 2792 3407 2970 3604 1158 4540 6644 758 8054
27 5192 3249 8548 9071 6729 1553 6279 9687 9526 196 724 2614 3052 8813 8525 3912 5496 1936 6668 9921 4287 7055 7052 3641 6943 3478 6479
27 2720 3546 6410 9549 8768 379 2661 9288 4653 6775 8547 4988 3300 1889 1072 7543 851 2342 486 5528 5800 9426 3533 2193 5758 5458 5629
27 3147 9463 4194 7236 5107 1324 2790 4278 7415 4856 779 1029 6171 8246 3013 6055 2971 7432 362 8985 7257 2460 9493 5753 3126 3408 4662
27 3549 4873 8902 3108 9949 8595 8860 1257 21 2468 6312 1670 6187 4890 5360 5522 5195 5114 706 2855 7836 4466 4180 7524 56 4241 6063
27 2316 9402 6786 3544 9182 4880 159 8407 9844 2622 4569 1047 510 7552 5106 4036 5761 5165 5315 2707 8180 7540 1467 1731 4040 590 8171
27 6277 5218 3368 9045 4914 2927 3434 2395 8182 2034 1967 6743 970 9335 676 3481 9565 9455 6553 404 4462 2976 6941 2521 5413 2449 1006
27 9619 7993 2957 6744 8059 8112 5764 458 4046 9157 5278 1720 6816 333 3935 1388 5103 4254 7336 2669 712 228 8943 1120 2794 6113 9796
27 768 6740 3601 9382 2245 4063 4958 7940 2048 6800 490 4106 958 4345 4004 6372 5905 8734 1274 5321 9814 4676 2013 2843 7568 7586 3618
27 8967 7435 3354 1252 2178 7912 189 2558 5105 7407 3556 6779 3351 9080 2682 7897 2018 904 9615 879 2005 5283 6573 9454 1488 5666 3032
27 713 3005 1489 8285 5678 8367 1152 3731 2568 4628 6713 2850 4044 3756 5421 2236 2662 6214 6646 6109 6383 68 8321 4149 6840 5790 7404
27 1867 658 892 6293 6133 4171 1511 8956 9438 9056 9361 9722 3389 2269 8886 525 8914 7578 2028 9468 7491 3254 5242 6627 6944 9589 8350
27 606 8783 5377 9297 3616 6705 6716 9440 1391 4121 7651 8177 7999 985 9594 3788 6791 2331 2812 5142 4814 9521 301 6782 8091 8862 2659
25 6815 7329 8979 2866 633 7477 4477 5513 716 3597 1911 4906 5102 9520 2494 5524 1713 5618 3911 5989 630 6302 7617 2671 9637
27 4601 9935 7373 7243 2528 7276 369 9082 2234 8901 3428 2945 8299 4903 2789 2894 2510 7050 5319 915 4542 3486 6986 7183 9369 9918 4243
27 6377 4208 7927 2167 7382 6643 8597 5684 2921 1448 1513 2116 293 4460 8015 6471 7299 2778 8358 5454 4422 8144 2391 2211 6968 2286 1212
27 8731 19 3910 615 9712 8876 2377 8945 929 3799 2804 2137 3009 6061 6776 7291 1451 1333 6671 3226 4864 597 8508 3113 7565 4432 9329
27 4071 8024 332 3200 1175 2954 5576 3373 3044 9998 9103 5023 6862 3399 80 7322 8905 3900 8472 9063 7324 4458 3797 9146 5474 1559 3969
27 4494 8932 6741 4225 7698 9923 4756 1051 2557 2933 4515 5139 1058 4359 3736 9245 331 3401 7218 4275 5773 3298 8834 690 7702 9577 1948
7 5934 3990 6190 5226 9527 1537 7061
27 7861 2603 9274 9485 895 5952 1509 9228 2882 6211 2228 8545 2994 9651 3553 6180 2752 3794 1241 8751 932 2823 3612 4820 8319 1705 9766
27 7401 8149 3557 9042 9130 1902 4965 2108 1799 7920 2546 1905 6785 6798 7385 1780 7728 9108 5947 2488 7981 8802 3872 1809 9371 737 6494
27 9675 2233 9385 57 3026 4636 1443 979 852 582 83 9023 173 4925 619 5590 2733 7367 4751 3179 4574 4563 3460 3014 6635 6650 7795
27 8518 1407 4164 9575 9138 2831 2187 1299 5094 3145 5583 1337 2213 1920 3374 4001 3888 9802 2001 7089 7559 5322 1060 5202 8641 7714 9430
27 6901 190 2975 1628 9681 772 7745 7576 9474 7998 3154 8692 1982 262 5805 6077 27 7838 8405 8777 8655 822 5926 3762 7391 2408 2273
27 1138 3294 2511 7870 8155 6484 5400 5526 6067 2498 6184 7220 386 6813 738 8651 7272 5010 7244 9094 1954 3814 702 1195 5376 2243 6185
21 3608 726 2649 1755 3842 8236 6784 6268 9515 8047 5284 1682 8107 5157 4745 3246 7590 6371 6524 8499 8267
27 9679 7114 2782 656 152 2706 1415 2630 9837 4787 3474 3447 9682 2189 5675 1053 4039 8709 4923 5965 1445 1149 763 108 679 9860 7049
27 6724 3236 3092 7934 9190 2900 353 6178 3173 4840 3356 6540 9630 8669 5349 96 2688 954 1156 5775 6046 99 341 2100 2457 8453 6870
27 519 4387 5887 7602 982 127 6359 5160 3432 194 2909 5767 9428 2611 217 9102 2668 1442 4427 1571 2188 4510 4896 4886 3172 9753 5543
27 9409 1773 5540 7277 1491 6336 4798 6727 4209 8109 1771 8009 4620 2414 3448 4900 9518 162 2575 2723 6535 3488 2133 6911 8083 910 2163
27 4214 5227 3989 6186 753 3439 826 1309 2264 8746 7757 243 6679 2358 487 154 647 8002 1807 5030 2194 5749 6700 4286 9214 5230 1038
27 8708 6485 3510 640 3542 9262 8804 3623 7843 9141 774 5929 4730 6431 9946 7997 5427 2493 8912 6472 5691 7423 1847 7057 5647 3218 8217
27 3030 8557 2401 4202 5351 1294 9156 4871 9482 9826 670 924 909 201 997 1011 2420 3318 9999 9206 4668 7158 6035 3734 8265 7182 4955
27 700 6135 9401 8133 3232 81 2330 3896 4689 5329 3443 4264 6339 3262 9389 6324 2030 7623 2469 6732 5013 9567 6441 927 7834 5682 8957
27 5445 3276 8573 9628 354 3970 8694 7078 1104 9299 2051 5442 6396 809 9629 3590 3730 8318 8977 3094 6194 7481 5224 3718 9818 8898 4103
27 4090 6404 211 3816 330 3435 6197 2122 6757 6451 6692 2244 694 3682 4512 9866 9531 3563 5231 2929 1144 1645 6788 5964 2773 2509 2117
27 3817 3651 9255 497 8187 8403 2753 6367 4072 2599 594 744 8270 7646 2685 4801 2257 3209 9932 6761 6287 7469 9568 7008 2880 1823 1558
27 666 1860 730 2399 2352 7916 7746 5835 5076 6253 953 618 232 5548 9218 5570 9924 2029 8660 6419 2251 6015 6250 598 8168 1805 3617
27 6663 1406 233 313 9065 6989 9357 6868 7610 4453 2309 4810 4660 3495 2093 3577 6432 229 2255 7478 8066 9243 7083 1095 1966 2410 5244
19 6831 1855 5621 8816 1676 1686 8272 8820 6680 613 5067 5597 3856 171 8971 5840 2820 5987 3153
27 3167 8630 4661 6012 5344 8951 3904 4244 4224 3509 9994 3748 3796 2433 2263 6754 5993 7511 8570 33 1517 3265 8384 1301 3780 4042 8069
7 5983 2053 8554 7085 4854 5366 7773
27 7499 7612 3461 4705 2060 1733 584 8023 5879 1389 5391 3606 5061 6928 6947 6988 5807 2860 54 6586 51 6097 3415 3390 8701 6364 8131
27 5235 6735 7248 3105 2654 2613 9889 8266 9810 4821 7594 8400 9643 4369 1463 3353 1017 6370 8457 6599 9660 7251 3275 4408 9259 7533 4124
27 2297 8302 1995 4246 6438 1079 1631 1943 8051 9328 9444 7807 3473 663 5136 4360 7247 7738 2201 6092 2562 2564 7297 6057 1562 1722 7441
8 7804 3760 2896 2382 7663 5837 3532 773
27 5717 5491 1564 6474 9457 1613 4724 3203 9441 3454 2375 3340 1761 6859 9865 4831 3634 4952 8678 9599 1185 429 6358 2598 1084 8654 1929
27 9305 817 6159 9353 381 2585 9900 6161 3874 463 1840 7750 8961 4259 8360 500 5196 2988 7029 8756 5146 8924 3995 669 7943 7467 9476
27 9216 7156 2711 95 9497 1352 8585 3790 485 9987 153 4985 1387 4876 8632 6072 5288 63 3087 3056 1380 6341 1202 6470 5821 2134 4186
27 2917 8158 1030 2338 8609 1181 249 3767 1117 7866 2935 4688 5166 9175 9258 687 1975 5832 4342 6278 440 6828 7310 2583 1456 3892 7223
27 3555 4048 7631 267 5783 1349 1846 7516 777 1924 5985 5872 6609 1786 815 6175 6037 7550 6852 2637 5644 2474 2046 5204 6917 8517 9536
27 6745 3758 4196 3375 4709 2291 4858 9264 6793 5559 7077 7879 1322 1145 3437 6906 5997 5772 9535 2146 6890 1848 9956 2337 2289 9635 2169
27 3988 1170 4507 3411 2323 380 5603 3622 8659 7222 8906 1286 4549 7321 9506 2102 8930 7060 9893 6049 4859 2165 1408 9792 3887 9311 8710
27 5300 2738 4815 4285 39 5457 5116 2315 7164 8446 8764 6262 5482 3980 3152 5789 6894 4738 1205 6428 3766 1128 4162 901 7215 6127 1410
27 622 7320 9627 5957 9738 7068 2543 2875 2206 7305 5470 5908 6083 4468 7886 2476 8900 3023 4142 4757 4922 4509 4226 5806 9831 6721 1134
27 7119 6884 5282 3083 761 7636 3507 2693 9324 10 4777 3902 7621 1533 4694 7982 4026 1712 367 781 6723 1118 9596 5937 4778 7375 626
27 8950 1637 8786 4657 4297 8642 5045 4775 3476 9694 7587 7626 5742 8821 6478 8317 577 2267 3382 4181 1334 5932 8724 5735 5434 9176 8301
27 7929 7889 9282 6128 4035 5088 7457 1930 7592 202 2636 4843 473 8512 7419 6709 2047 5149 3769 981 9898 4391 8352 3417 5446 5854 2813
27 8477 1784 3739 6069 4024 9710 1109 8560 3085 2082 3645 4168 8544 3939 4762 8927 451 2202 9713 9099 5141 7484 7784 3529 8232 1304 5586
27 4059 3640 5017 9104 2635 7135 40 3228 7145 688 7599 90 5052 9442 1853 605 2672 6691 3183 6792 2266 2704 6991 131 3863 9990 9326
27 3693 3826 4575 8940 7534 2696 7971 9272 4114 9362 6820 7588 5986 8539 6131 4053 7752 7893 1196 6028 3322 6153 1698 8089 2814 8044 2208
27 7952 864 1023 1977 8079 5422 1862 6902 4074 4426 3213 5785 6940 8281 6483 1990 1400 2050 3834 6653 8706 3914 2196 6334 298 8870 5841
27 6961 5727 2751 3740 3778 6066 8506 6674 7817 8502 7502 3907 356 1116 25 4748 5490 631 3089 3600 6616 2925 2502 8606 8490 1001 939
27 3371 7379 1218 2981 7442 3477 7693 352 8401 5569 2438 1624 4407 6975 3805 8528 1385 7671 9356 8837 1379 3922 6717 2914 9782 3586 142
27 957 1651 4233 950 6101 2368 7513 3798 1464 8334 575 2762 3201 3567 9233 7121 3662 6949 1126 1153 522 1935 2161 6045 5494 3043 8022
24 7108 6849 2288 3906 6244 2343 7729 3648 5909 9360 3595 2437 9862 4067 4165 7839 2487 6230 6766 8677 8269 1507 3950 4841
21 1269 8055 8563 4941 611 3102 3062 5099 538 6696 9049 2038 7402 3237 8569 5175 2868 5110 2210 7509 8850
27 5860 4583 9030 2305 7492 6062 8970 9424 2057 4204 793 3894 6522 4454 7797 7932 1049 1434 4581 2705 7705 8251 2145 6955 9650 7460 5672
27 6228 400 7792 1777 607 6132 5193 8830 7793 7627 3699 4092 9821 3367 9423 3519 8394 5542 3728 5185 5028 4610 4484 4157 5855 4790 3346
9 2591 5903 7152 4064 4101 9833 8851 9028 7760
27 6916 1609 3603 1997 6398 671 6893 4939 9659 6641 2841 7935 6122 4789 6286 8003 1432 5199 2795 5338 4199 1868 9552 401 3719 1318 8377
27 222 9405 3017 1233 3420 5409 9070 5632 6681 5040 8289 434 4710 8842 3360 4727 6303 1405 4005 2379 6183 5138 3260 6317 6994 3929 3569
18 4618 4693 3188 6076 2787 7245 3609 7678 3635 9321 7090 9337 1832 9237 8357 5281 9750 240
27 6198 8736 2690 135 9492 2919 2362 7829 5101 1188 9407 5999 2017 2582 8170 2757 5930 9342 6500 885 8235 4179 807 9220 3543 6492 2658
27 273 3197 825 7380 2551 6967 8300 286 8952 2561 4330 4198 3141 8476 9664 8498 6126 4961 6254 1362 1161 4545 7369 937 8374 1887 2508
27 5086 9347 530 802 6739 5642 4356 3735 5907 4642 8108 37 2159 8361 3511 6738 7439 337 721 8658 9008 8923 9307 6212 6405 3619 9472
27 769 1605 2198 6413 6023 531 6672 5514 6769 6622 4718 686 8415 9755 2485 6528 8852 5468 5938 2891 5079 1991 8145 1295 234 5046 6111
27 6695 2424 3947 1500 1474 5994 1494 3088 4470 6345 3295 5122 8242 1727 2254 253 8172 7517 1971 8702 5469 6448 2361 6051 2032 8122 8789
26 1005 7287 608 6029 6446 9981 560 2164 5919 4087 2715 6042 9955 8969 3076 8704 8045 521 8230 4774 1607 4508 3626 4308 4479 5408
26 5424 2538 4006 3605 310 6346 1985 8984 3157 7341 2151 2144 8725 6560 7875 9111 5741 6972 8032 8240 2624 7664 5833 1599 2456 464
26 1803 5721 6409 8823 6119 2385 177 8869 6699 235 3574 9278 4075 812 3391 4619 2371 2158 5392 1021 3175 8454 4364 6147 6434 2227
26 3307 5387 1010 6340 6762 751 3531 7812 3584 2846 3714 7510 103 6977 3352 4631 9605 9672 3109 3456 9857 6401 1074 5942 3522 8980
26 7561 7464 4830 4666 5169 1331 1211 4699 7564 6443 5133 7125 3808 2644 5739 1224 5605 1397 1760 468 5264 2888 5435 9486 7235 5857
26 5245 7398 212 9757 7883 3181 1016 4834 5567 8918 2596 2631 2340 223 2447 5921 1775 3355 3706 3288 6725 5147 6323 5239 8607 1055
26 4307 5808 5920 3972 7685 7990 9952 3469 9754 5256 9358 3487 5233 2903 803 7160 3344 496 4640 9115 3280 6621 8070 579 7151 2840
26 9888 1438 5006 6021 9116 595 5298 1004 5074 9208 9026 8153 2299 8258 50 4817 6276 3383 6354 4812 2822 410 1014 1680 8363 9281
26 2660 5875 4421 3594 6886 1232 4089 5915 8638 8551 4096 2478 8199 9244 5793 654 1214 5365 416 7181 5784 9184 2908 770 6080 4158
26 117 7230 4863 7174 376 9033 9962 76 1330 5658 2740 1818 1253 6530 786 5132 7973 8392 9066 8139 1044 5296 955 8279 447 7131
26 4687 902 8207 419 8128 4713 4420 8014 6930 8491 2808 8470 467 7939 4529 5614 6315 2617 8084 5177 4416 6594 7087 667 9014 9374
26 9581 3596 8832 511 3789 9678 4792 6932 193 8186 4486 151 5308 9079 6282 6990 7447 2666 3998 3964 7054 4172 8572 4918 7649 2271
26 1194 8104 4080 8991 2409 4986 230 9027 7749 2179 501 4487 2756 6204 5419 6337 2295 7003 1216 1915 6074 7539 3327 3677 2922 3723
26 4637 7210 4910 2036 1913 8973 8220 3909 2397 3592 7266 8549 8061 1026 4597 8436 4945 4917 7596 7199 3464 4998 16 1983 7896 5390
26 3281 5237 8968 4205 8042 4485 3624 2867 1069 7763 5083 6423 1235 8077 1446 1611 6347 4975 4763 8418 2310 5812 6521 1514 70 8331
26 6541 3579 8254 1994 2997 529 1583 5070 9436 8883 7062 2024 5216 7720 1057 5696 3332 3649 4169 1608 7827 1552 1350 9909 9721 8120
26 6706 2942 5369 3116 6538 2771 7118 2842 8160 6678 6726 6102 1078 4152 8679 884 6666 7736 1661 2131 1788 6032 6322 491 707 9970
25 8703 8792 9559 7874 8788 3775 2275 5221 820 8330 4747 9716 4626 5575 9683 9086 6499 4239 653 4271 9417 9931 3886 383 1207
26 6913 1689 1267 4450 7113 8806 8378 8237 816 9881 7009 2684 8593 6264 4572 1477 4514 4849 2347 269 3302 1366 2318 1403 7042 5592
26 8711 3193 8328 4920 2250 907 1937 7926 281 9968 1781 9884 3045 8513 6320 7056 1828 1732 3889 5781 1127 5822 188 9747 3378 5939
26 8395 8484 1121 9696 3047 6270 8373 2292 9303 6684 5804 4093 453 1493 3283 6054 4765 5111 6936 14 8825 4994 9484 1452 6087 1003
26 3855 5743 6765 507 6703 2527 2115 9222 121 4456 1255 4898 3072 5019 3387 5645 5945 5053 6395 8794 960 1495 7563 535 7985 3480
12 1874 9406 9469 3325 7847 4643 6956 8727 1411 4793 6505 2620
26 372 4781 5425 9680 6402 3345 408 2025 9192 4499 3967 9163 6436 2348 385 4333 3365 2616 2002 5015 7159 1665 5685 1043 1865 4951
26 961 8459 9869 1508 1496 7010 7014 516 1198 9221 3963 689 9978 5956 2256 1022 558 5820 7358 3357 6335 3978 9773 8320 4506 6257
26 9979 2026 4629 3191 657 3393 3867 9238 342 776 5143 6513 9554 1743 2619 3955 7541 9398 2066 5081 4037 4434 9010 6693 729 2618
26 6807 8020 3317 7884 1684 4326 1738 9054 7894 319 3293 7189 1314 214 6697 8469 9009 3890 7241 9580 1899 7955 762 8726 9850 4296
26 9325 1013 9316 5668 881 85 4331 4879 1292 1656 928 9114 3016 2876 9899 941 9235 8305 2328 1877 7833 4231 4189 637 8211 3825
5 734 1381 1339 3554 6686
26 9799 7180 8448 1000 5830 9364 8782 1476 6379 2272 2959 304 6774 8387 3379 5611 4187 2232 2750 2392 6468 6011 9296 6118 6 7133
26 375 8262 5771 5602 8795 169 4497 7830 2645 1748 4582 6488 4805 7250 9653 6086 2466 9285 4837 5897 1356 7427 5894 5368 1439 1226
26 6694 7553 6804 5663 9897 7856 2640 7271 7493 3547 5072 4290 5925 7551 9621 3598 335 1498 785 860 9451 488 4041 4779 9876 9545
26 4894 3138 3403 3915 8831 7643 3694 7691 7573 6223 754 274 3150 9877 7504 3419 1765 3363 158 4131 3882 7416 7412 4126 8138 4277
26 1888 2123 2455 9254 3112 7988 8667 4302 865 8293 2765 1034 1538 1382 1782 4389 7258 1730 7625 2987 1404 9154 1536 8152 4320 9304
26 3471 9852 6296 8747 5495 9836 8263 6056 3750 1842 9542 9152 8811 5950 1885 6490 7233 8465 1162 7600 9719 8919 5667 5159 7017 8337
26 306 3773 47 1723 2180 2406 1700 934 3570 736 9302 5651 1402 7582 7832 7107 5448 9315 4680 2249 2574 7530 7039 7228 6546 8123
26 2559 4520 7638 7554 6357 9276 1081 6579 8444 8366 1772 3182 728 5220 3331 752 8994 5325 5197 6487 4530 6482 8581 4476 3928 3984
26 8329 4511 6192 290 6985 8030 9604 3155 4772 8126 7689 8748 1714 8992 6802 8362 1711 4548 1032 4298 9986 2827 3971 6959 4962 980
26 5343 3148 206 4782 6078 7387 3785 2612 1896 2042 3161 3828 537 7397 198 6169 6145 7925 8315 3273 3189 9953 9432 9198 9936 7115
26 5716 8586 4630 2412 9171 4872 7066 9553 7361 4472 3593 9498 9112 3130 6376 3001 3223 7658 5594 1694 2491 6107 1180 9797 7281 59
26 9864 8566 6245 9002 9751 2745 3709 8819 2393 7712 1921 1882 3359 7853 43 1554 3506 7378 7688 9338 5423 307 8369 9120 3012 9131
26 2576 8073 872 1685 6399 8742 3839 7907 5709 395 2535 4997 5292 8863 9318 7923 5648 3642 5873 2759 2870 8657 1728 7991 4641 8098
26 268 9452 854 6338 5287 9232 6237 1872 6386 2417 6602 6682 9686 996 3296 8231 9050 2149 9173 8255 725 2114 7603 8580 3838 1718
8 7110 9246 318 3398 6591 9742 6081 8730
26 445 7512 3068 7737 8034 9394 254 2972 8033 5670 3328 9783 6833 449 2524 3342 3538 6351 2953 6892 9772 299 2764 2940 6664 170
26 920 5213 7613 3453 5674 4607 2966 5564 7366 5289 3610 6234 3241 806 4276 7371 4946 1766 6976 593 7485 2689 1658 9507 7112 5280
26 7318 2079 9813 417 8298 3759 5100 7562 1179 857 8974 6772 3266 731 2739 4175 5863 9445 358 4402 4010 2339 3003 6384 9940 8414
14 9901 2536 9186 3119 8605 9868 6460 2095 6838 1819 3282 4543 5259 766
26 7040 6123 4833 6710 4587 4344 7466 2107 130 8007 3404 6047 5862 9708 8584 7591 5 1703 3252 8663 3015 5316 3111 9024 635 6789
21 5982 5572 8440 7122 8937 1459 524 3305 5630 2063 5384 6926 9661 149 2719 1925 1851 4118 6768 1285 1374
26 8102 9996 8588 6503 7809 2110 7274 2547 9789 9420 5314 2452 6778 42 528 7835 9839 5585 6233 9126 6236 2098 2697 828 7289 3093
26 585 739 150 3921 5291 4605 8101 7515 1248 8027 1980 112 7326 3395 723 8234 7240 8592 7514 6781 7338 8142 1969 1699 1088 1020
26 29 2436 5636 8653 3663 6753 6416 6659 1048 8511 4365 2153 2129 1770 3074 8280 4612 551 7450 351 8114 4811 3140 6876 1602 5953
26 2941 8425 5089 1430 5628 46 8990 550 2534 4394 543 2837 1050 1933 4210 6545 888 8041 1754 5676 9145 2067 1585 6685 9317 4091
26 8962 1372 6125 7579 5751 6280 5713 6562 3534 6203 9779 9490 1516 8250 6174 2728 7155 7851 603 3219 7290 7676 3287 1642 8137 9915
26 4855 8848 7406 8868 1693 2732 1475 9031 2043 9001 6292 5704 4430 3738 7280 7622 2655 9582 9261 1893 2349 1825 8398 5485 9215 4292
26 7347 8699 4848 3680 8191 2673 64 711 1045 3757 8428 7529 9480 547 1740 7674 6079 3497 7332 8455 869 2879 5688 7219 1898 5547
25 4887 7082 4794 9625 2952 2240 5021 7501 5386 4340 1814 7655 322 3660 9170 2772 3385 3713 5275 1506 8333 1173 4324 6093 6433
26 9140 9052 7372 3602 1365 1453 178 1709 9370 9734 4473 8576 8115 9933 7958 2381 8972 9726 9500 5266 1242 9808 3002 8216 2221 2544
26 489 9473 7648 4703 2041 1745 6333 459 8312 8988 8344 1342 733 3861 1610 7345 1329 1249 9365 5624 5813 8893 4901 9711 6881 840
26 297 2714 2539 6984 4615 5766 2386 7103 8743 8125 9919 9136 9372 798 8810 2454 8417 3151 9618 8514 7261 5348 3792 5977 4531 3069
26 4143 3575 2566 3114 7882 4021 691 9089 7370 9934 5026 8261 7734 914 8442 2027 5128 2092 8558 9551 3837 9266 176 2698 7410 5063
26 7088 6329 6473 5212 7922 9062 6962 7604 9143 4667 6728 1783 2016 6755 8680 8623 5118 1401 7053 8124 3348 8100 2458 1147 3665 4350
26 8728 4648 1955 1503 4659 7263 799 1302 3782 561 918 5350 4429 7802 5655 2873 1007 393 838 5940 148 438 8888 5294 7146 1082
26 9283 2512 482 1102 3807 4593 2355 1710 6848 4685 7148 9533 4032 4323 2499 7675 6299 1648 2306 8949 7694 9887 2594 8488 2200 6210
26 8509 2788 6003 846 4645 8996 3261 5394 52 8799 8646 8881 4881 8297 4739 1124 1957 2101 6232 3658 7593 4129 2998 7069 4568 9937
9 1978 699 7446 3560 5914 7972 5062 1979 4557
26 580 8021 409 9654 2140 5838 2969 6114 4722 5041 1592 122 5904 7914 7549 6869 4334 8117 1927 5834 1437 6440 6373 4267 7001 3064
26 2008 2006 1054 6818 2480 3669 9284 6999 808 216 8516 5689 9548 2995 974 9017 7031 4954 4488 4108 9057 9622 4735 2172 1939 8019
26 741 8739 3821 7572 6512 6026 9234 1944 6120 6181 5976 4136 7520 7505 4974 2282 2303 2484 625 9308 1798 2301 4861 2961 9646 759
26 5341 4836 8410 8856 2464 4555 403 7794 5317 1590 9658 8601 8127 6014 1114 745 4478 3132 2258 6867 8208 2877 7905 9169 4 7824
26 8189 1206 4867 9464 5428 9429 4300 285 30 7806 2526 923 5851 7217 1706 9510 8757 3552 3301 4294 289 4363 6534 3035 2821 675
26 4842 3104 8040 956 2939 2128 6832 5001 7392 7065 2777 4335 8833 4423 5850 8241 9969 6937 9745 2182 3423 1801 7722 6973 8808 472
26 6965 8978 435 7453 2207 388 3746 4895 523 5901 3877 4590 8359 9275 6504 2365 1370 3164 9310 4095 8132 8666 7869 9168 1573 5179
26 4150 7129 245 4020 5656 4317 2360 3146 5878 9015 8627 2390 8817 2197 6572 8181 5595 3515 7185 4284 1219 7268 3180 9123 5455 3514
26 2944 3430 6202 5756 9737 6172 4888 4117 8072 893 1420 7615 1976 3061 3917 6588 5893 8561 6295 9715 236 650 421 5896 6246 5020
26 1993 1090 9890 9947 8955 6805 9101 4113 2052 8721 1741 7298 7528 4025 1672 3707 7616 9791 2475 6099 6501 944 1619 9765 430 5174
26 2869 6877 2681 8146 1667 5043 3793 5009 365 612 3323 5573 3139 3299 1941 7327 5333 5115 1574 6797 9854 9922 6598 6676 6258 7527
26 3103 5358 4761 5054 2077 6196 3165 1364 6179 4550 1012 2506 3650 2913 3525 4336 4684 2801 5671 8934 6300 9997 6665 7035 7311 2322
26 2912 8323 2112 2887 4403 7730 461 4491 6885 4043 4942 7101 7978 771 213 5035 2542 3705 8913 2692 9905 5459 2806 6993 3347 4160
26 6879 3334 5748 3783 1845 8094 6098 6566 1428 1612 1394 2400 1629 8779 9181 4870 6215 3804 2647 9841 5489 3676 8380 2300 4127 1261
26 6633 4885 9602 5182 922 156 5910 2907 3691 8624 4357 8775 6858 1291 9870 7608 8944 75 2120 5145 5447 9013 1419 9878 9614 9227
26 24 2641 5214 98 1626 8273 2445 8481 1791 9300 8650 1822 1275 7331 1719 8050 7295 620 4110 6022 971 204 7269 2421 1826 5848
26 5222 9495 3512 4953 6969 1263 74 5770 7167 8871 5472 8872 1789 634 8975 8778 3908 1347 7910 9601 7300 2080 9960 4339 2926 2691
14 3539 2074 1067 9872 5124 1746 7761 3895 8562 8017 3186 5097 7538 6018
24 3362 6199 4349 4141 241 1355 3824 1140 8661 7796 4533 4949 5877 4578 9958 3545 8907 7670 5774 4766 4726 4908 2252 1288
26 3444 6208 4720 1580 7034 9134 9478 7659 1197 7120 6495 1031 1964 6608 1671 9961 7747 3324 6520 413 2014 1594 4823 437 5058 795
26 8559 4428 5516 2425 986 2209 546 9612 3271 7967 3137 7007 8532 6829 8954 4500 4771 7858 3954 4797 8639 746 5599 5659 9993 4846
26 9411 627 6420 3230 4366 4749 9265 9566 3425 6036 3070 1130 5705 6552 3337 5336 9853 7979 7841 3243 8899 9067 6390 5718 6242 8740
26 157 4084 533 7193 8421 8882 1433 6596 355 93 4212 283 5000 6948 9665 2584 3582 5261 4081 6817 1940 1077 7813 7996 431 2530
26 2020 5948 7102 9512 1422 7548 4213 2565 4211 3285 5411 8284 7819 260 9293 968 2419 917 3548 4447 9147 1802 7880 4220 4683 7641
26 2774 4537 8198 7690 3054 9684 377 1282 3765 4358 5005 1551 8993 7871 2242 5483 4960 8322 3303 1427 9540 4269 5439 9781 7789 5225
26 4467 5359 6307 8521 6927 4099 4696 4236 1960 7231 9029 1753 9183 1486 3136 1056 4030 4148 9840 8853 6275 7283 5399 9793 4490 2845
26 3168 109 6430 5888 2852 4119 384 8239 4734 5247 5073 2237 1546 7854 5367 6636 6554 3725 4116 9257 2503 6193 8397 8717 2312 8690
26 8520 4414 2657 7683 3701 8523 180 7931 7381 1598 338 1519 5249 8143 2560 309 2889 7519 87 3653 2807 2886 2905 302 3400 6016
26 7799 1625 8784 3966 7211 3190 374 7680 5486 9219 7384 9460 2990 5552 7313 824 2085 621 1258 6084 2962 4083 948 1961 7818 6750
26 873 1734 3129 4493 8529 7642 3829 7301 6306 4690 1308 7192 6574 9828 2712 703 218 750 5912 4943 9294 5024 9290 5395 2073 710
26 8086 9128 1186 6825 1245 3122 1859 9408 1271 6437 3436 4950 9929 1545 1836 1375 7852 7775 3517 8999 9301 2878 5839 1570 962 9673
26 1735 6558 9320 9657 8575 4503 7445 1891 7918 5208 3267 1310 1953 1796 1171 8233 8135 8600 8276 8752 8685 7959 5922 5637 6241 2724
26 5769 1593 4482 4558 6580 1721 969 4163 7483 7259 7701 4770 4978 2936 2785 3018 2239 8443 2069 7084 3033 7051 5889 540 1312 7036
26 1778 2748 2626 7668 2653 704 2667 4353 9950 4086 9803 2749 3613 7071 4097 8347 6787 4719 3020 5056 2725 2094 3627 8311 6060 3259
26 8204 5034 3991 6903 7092 7558 3770 7727 7726 3277 3222 3115 9988 4663 2500 8286 9437 3953 5200 861 9590 9434 2219 2170 5874 1254
26 476 9191 428 3585 832 6698 1660 8987 4564 3269 1914 9113 3101 877 5183 1373 4341 2701 7634 1076 8295 5949 2592 6715 5057 2862
26 2986 6658 1260 4245 767 2556 8324 8686 402 4654 6447 5475 1284 8689 3961 5568 4740 5677 1659 3071 4375 1751 7413 6273 3679 3120
26 1664 2426 9804 2497 1222 8176 3099 6865 1639 4981 9085 4457 4419 2186 4754 4252 9578 7892 6623 1849 3492 9005 3304 5545 3559 406
19 7346 8892 6527 7909 2059 5374 4971 7715 6103 7624 9843 495 5002 534 9448 6687 2816 7992 8497
26 4346 2717 4405 5156 9199 97 6331 8864 5708 4608 7560 7507 7944 6008 682 4835 6532 4816 2195 3720 4928 8275 5499 4741 7138 9638
26 4066 1421 8803 483 6601 5622 6283 2054 2125 912 5730 7570 1065 7531 8076 6219 3639 520 9662 2747 6895 648 8683 2679 749 3313
26 9483 4546 8157 4016 4913 2979 4559 1912 7045 6839 2345 9706 6020 8672 5963 6675 7887 5378 3864 3048 6508 5869 4354 3687 8332 9117
26 8840 7846 7430 9743 5601 4541 7769 6746 5323 1470 7440 7195 3962 3674 2892 9488 2416 3297 1426 3944 6673 1398 2307 898 4332 4013
26 5598 5654 3426 5892 7535 2482 9195 7770 9859 3308 2308 1525 4190 2190 6224 9386 1996 9344 7765 1793 8095 3698 1641 9749 2609 2049
26 7877 8435 1313 8419 559 4138 3901 2467 8193 5268 866 2978 9718 8294 53 8697 389 1737 192 4580 8441 7307 8090 1579 5988 325
26 9252 4455 5541 7172 9392 552 5951 1338 2248 8450 3550 5537 77 6117 3091 8889 9188 1916 324 1157 5787 4633 6070 1287 4177 1210
26 541 6155 1221 9557 9410 1311 7503 2156 9167 7525 3672 3416 6176 125 7098 6938 6162 1704 9032 3716 4551 5515 1903 9494 2185 263
26 9523 2523 9543 1550 992 660 6374 2246 1736 2177 6908 4489 6846 3242 841 2150 2428 4448 7038 6330 5871 4392 8391 3848 5334 5029
26 6424 3384 4228 2470 8445 6639 993 4802 9882 9376 5353 4483 3774 2950 7095 6362 5270 681 1103 5752 555 4474 4077 5825 1972 7700
26 3291 9503 565 2261 6261 9159 3675 1101 15 6378 8590 5502 6823 5852 9688 1623 7360 8461 4737 7850 2435 5431 5551 455 7713 8147
26 5381 8449 4109 4250 4652 8151 2702 5219 6389 5794 1123 5168 6629 5849 8583 3060 1856 7304 3937 1708 9343 2450 7476 4140 2138 5631
26 6529 2899 720 5662 3338 9972 4328 6163 8533 1424 4219 405 5320 2285 5255 5898 1657 6577 8634 8964 7744 1663 5011 3042 86 3279
26 7711 1630 9874 6575 66 2126 7697 4532 544 2078 8492 9709 9748 9447 1136 760 2367 346 2083 6100 8626 5617 360 8452 9396 2441
26 9187 4706 248 2982 1465 8652 425 9388 7015 9508 6240 6712 8621 4321 1763 3006 2974 7970 8859 3835 5750 5811 6958 1497 3255 2586
26 2278 8209 8462 3938 8368 8761 9652 8099 8534 2931 6600 2344 4459 9774 5383 5966 4381 3733 9041 6166 7348 9555 9467 7742 6052 4725
26 1833 7471 7249 3840 5135 9466 949 2486 5140 3846 5417 5810 2284 5729 4289 5330 3810 8568 5755 8056 5580 5248 3310 1377 4522 9172
26 368 5295 5829 849 6034 2404 106 7081 5380 7900 1681 5313 600 4258 1502 7486 4526 9161 3831 7639 8983 2490 60 5591 3284 6288
26 6952 4260 9012 9562 7246 4371 2809 5451 3491 3501 6625 4388 4464 2396 9471 6812 4847 3670 4577 3800 8456 4995 1133 3688 8327 7783
26 3527 3208 5996 9524 7816 7595 1168 7873 9230 2383 1876 6415 8169 7179 2405 3272 6759 2569 4600 4183 3037 3683 623 2329 8396 5125
26 8406 6747 4686 2663 7386 5050 6657 3133 9322 2141 1416 4809 361 7741 9663 1650 291 4192 4480 1759 5207 7983 5051 5077 5436 1646
26 7141 5113 41 2934 4139 4034 5899 4924 7339 2241 26 8616 2231 4382 2215 3320 4385 9201 5418 3268 246 5883 8910 4445 7459 4987
26 5402 315 9586 7312 6305 8938 1779 9248 2023 1946 9205 6773 1035 470 1606 8805 6661 3125 1270 1481 8451 9309 5269 8385 8008 6613
26 1866 6851 284 8995 5690 5238 1947 8062 4892 9000 9880 4325 1998 28 9945 6229 9991 6259 6095 8929 9439 9668 1952 9764 5819 9532
26 8675 8303 199 2992 3493 292 1062 2989 9823 7389 9983 4682 8931 3700 8248 5007 6720 3822 6899 7487 9036 6933 1938 7350 424 3289
26 8342 7116 935 6173 1106 6896 4584 1431 698 8031 1702 6982 4217 2398 2294 7500 1548 6887 3884 3933 6731 705 8838 3965 3712 6507
26 3743 7451 2780 3537 5437 7762 9812 174 3314 1774 8958 17 8565 8335 1187 2012 2590 9236 4146 7431 6449 3106 5604 7814 7393 9906
26 1353 2838 9631 1785 7208 3205 175 7805 8103 3127 8291 2268 6442 6790 9572 2549 7396 1744 3996 3350 4670 9007 4728 2492 1454 3588
26 1973 9636 2881 830 6009 2578 1523 7569 5302 5768 1344 9021 7522 5274 195 8427 3943 784 8744 7144 2830 6136 8260 4729 4883 1293
26 6456 6110 9078 9634 6048 5082 8485 7234 7474 2513 3661 5715 2793 1654 4560 7976 1890 5546 1520 1390 2798 4516 913 5760 1472 8594
26 5332 3176 3830 3058 6537 3958 3981 5967 4293 4125 4002 3123 1316 8845 363 334 4222 9695 3726 1987 5831 4702 7395 6465 6795 295
26 6160 271 8309 5593 6313 9546 1412 9729 2958 5664 3948 9767 512 9435 748 5802 3431 2811 3177 460 2223 899 3422 7831 1137 7937
26 2429 6752 9487 782 2781 4664 5803 138 4012 7149 8688 2595 276 1262 8738 94 179 3768 6878 9777 427 49 3041 9977 8463 4145
26 9207 2357 6255 6141 5241 9418 967 1787 6915 5527 9583 9150 1690 6556 5525 3244 9856 7242 1878 7878 5290 8223 9714 1341 2280 3204
26 4788 874 5554 5240 823 2075 4195 4406 6909 6880 9072 5389 4647 7583 7848 1321 5828 5414 2650 2070 5974 9203 7184 2376 7881 4622
25 9954 5441 4065 4029 3818 4415 9639 8288 8598 936 4669 2443 4715 9269 8201 5607 160 6568 5438 9088 2625 1813 4795 4197 8674
26 1399 7284 7867 6000 1061 115 2505 5608 4019 9240 6578 8304 4614 3484 3376 6827 3897 5119 1080 2363 4760 5814 3184 3836 1958 3110
26 7911 8376 839 9314 9419 3952 843 8801 7508 4343 8705 238 5357 2279 6033 1237 2514 7868 4216 7989 5246 9609 9390 316 5900 7766
17 3457 9137 1518 7567 7433 7778 3418 7984 1264 2722 4992 3065 3832 8946 6834 1092 7458
26 7229 7104 3729 1797 8111 4930 5782 4884 4866 6866 518 1217 2960 4963 6469 1696 8896 1764 5126 1091 5791 6631 4785 5661 4311 465
14 8071 6200 5711 5815 645 3227 6319 1037 9231 6064 4033 5911 261 5578
22 8088 9044 2346 8110 3194 9242 7216 509 1417 7842 8986 6444 859 3844 9616 7175 9756 7264 4783 8012 2746 2090
26 55 3849 502 9179 7147 252 7176 1831 320 2844 4055 7790 9732 7699 5980 7420 9519 2022 4599 1795 4061 8080 8722 8371 4451 8847
26 5902 7704 601 2916 5433 7425 2270 3621 7822 3561 4248 6325 288 2991 6561 4579 3198 995 6516 4151 3162 7696 4697 2253 7424 8087
26 4098 7319 3066 4050 3879 7041 3429 7080 8148 8134 2504 5180 8822 4565 7377 3312 1361 3118 5765 1577 3876 145 7953 7719 790 8941
26 9626 9544 933 1844 5913 6213 2453 7764 3031 7647 4851 2205 964 5639 2522 9699 6091 7607 6964 4215 6592 6770 3715 7906 9827 2664
26 5304 2928 2758 3615 3038 853 8542 4449 6157 3776 8383 678 7735 2004 3521 7201 3801 9973 6369 466 3932 7343 7374 5232 3690 4156
10 1880 457 9289 6647 3721 5444 6082 2035 880 4818
26 4495 4255 128 2333 2741 8190 8687 5134 1539 2332 11 6799 1597 2632 5882 7063 7294 2579 9352 5797 31 2550 1479 2423 3781 3737
26 7640 3029 1326 9769 1910 617 883 7614 5979 6953 4009 1471 8473 1827 2351 3081 8846 4991 6355 8723 4967 1336 4418 3903 587 6342
26 6649 6924 4299 3666 3370 9564 9817 508 7296 6452 7755 740 456 6996 139 1183 5823 1268 8759 5450 38 844 6950 8119 8424 3562
26 5091 6669 5285 9345 9538 3290 7629 5933 5201 3924 693 7046 3979 9886 1618 2088 9081 3096 8011 5531 5121 259 8602 1544 6073 247
26 8587 7677 498 164 3270 2173 8038 6677 9298 2319 3449 4947 5396 2709 9509 668 9076 7027 8604 1085 7204 2734 8797 5150 5646 4929
26 5406 5990 3786 2856 7840 1169 6243 3646 624 9534 7620 1132 4993 8068 8936 5530 7961 1413 2058 9600 6207 3637 6365 2677 9241 4338
8 2212 5371 3022 4410 8824 8895 4398 9723
