26 3629 9256 5698 69 6356 4880 7745 1101 9482 7949 1681 8933 8153 1932 6801 2757 2895 3187 1258 7473 5791 7044 4257 8278 1909 144
26 8773 6900 513 951 4493 3477 2320 6476 7592 2104 2694 2837 9554 9091 1351 735 5633 5115 3678 9599 1379 7343 8636 3742 6819 20
26 7013 8564 6053 1986 4396 4555 7315 8062 4937 1368 6726 4985 356 8048 3521 6054 1007 5505 3153 3268 8467 3698 4418 8156 7123 1139
26 474 2009 4184 419 4938 8191 9731 934 5323 6437 2375 4590 5904 4663 116 703 1578 2872 4146 2249 9359 9301 4315 5977 8424 2597
26 4435 203 6068 4225 3026 2033 9561 459 1117 6699 4899 3573 3052 3178 1163 8297 3639 7979 8474 466 555 1279 602 8371 8008 3825
26 6252 3667 6455 977 2651 3194 3669 7301 1504 9299 1592 8590 3009 214 1011 6628 4238 5936 8604 932 4288 7696 6788 1148 3620 464
26 9913 1724 3891 9815 5627 1733 1846 3228 3859 7305 4002 5172 5350 1920 5882 5448 8730 5492 4465 7981 4401 3388 4162 9711 9569 8527
26 4839 2581 2230 1994 7492 3778 4872 542 2568 8063 776 8649 1982 4144 8525 6219 2816 1107 1442 9197 1881 2643 5846 5434 9589 4319
26 8878 4536 3572 135 9492 6274 9265 8266 6379 8150 3645 9337 7195 8565 8954 9327 7439 5067 3864 6022 7694 1336 89 8959 8374 1020
26 1757 48 1674 95 2635 1349 177 7515 6915 319 3186 2268 4890 6608 8015 4210 521 7767 7050 4972 8825 5131 2196 3405 4897 1019
26 303 837 4170 2425 2577 9710 1109 2095 2048 4085 3436 4471 1519 449 9506 3452 3344 3132 2058 9841 7338 8657 6844 1570 6266 1247
26 1178 6767 4255 7086 9179 9273 8378 8610 9623 2758 7368 4845 7326 1786 2785 4191 2097 6611 6524 8619 7485 5348 2671 12 4018 9766
26 3696 4475 3976 1233 3220 4643 578 7984 1531 484 7755 9671 1761 2644 8672 6572 6555 5826 1108 8752 5276 5894 5368 5443 8327 3994
26 7956 7270 6164 306 8110 6270 9962 9388 285 6696 2923 6712 1296 9877 7974 8201 8196 6388 6310 269 7481 4691 4813 1633 8612 1510
20 9084 7936 4467 5626 4887 8345 5100 9248 7221 6443 255 3595 5986 8281 7753 6124 9119 3440 4783 1425
26 568 7455 5710 4826 8128 529 1725 7498 2206 6253 1967 257 5733 7853 50 3878 1370 2487 8561 9777 2870 1158 5148 6118 811 2586
26 3580 2828 7428 2783 5662 1902 3393 2558 938 4642 2599 5651 8549 8197 7966 6709 5570 158 5828 4943 3280 5252 7880 2321 5900 3204
26 7429 9504 1588 6128 2787 1294 8990 3896 5250 2370 8646 4898 3824 2197 6590 4674 4524 8461 8744 2968 2070 7083 9971 8607 2449 7700
26 6670 4056 5517 1518 5511 9737 7309 1855 6301 4470 5092 8775 3473 2950 1671 7921 8522 7970 7775 1577 6449 2391 188 3848 7733 5538
26 1315 1407 3024 8285 4297 2105 560 4989 4784 4654 3606 9941 9661 4712 8971 7932 9565 7667 9356 861 6535 1129 58 3836 9700 3458
26 2920 7005 4575 5712 4245 8665 7555 137 8843 4167 2345 3 5484 6854 34 8778 6720 5594 8733 3350 5673 2734 1669 690 3185 4268
26 8640 1900 5466 6029 2686 1487 6971 9652 4301 5155 6622 7507 686 5000 7330 2615 4573 5206 7780 1793 2067 2827 1234 3390 1652 8414
26 4078 2507 9267 8536 506 2653 120 6333 5211 1924 2154 2765 9183 4345 5513 359 5945 3485 5066 407 2014 9223 7950 1015 6405 2509
26 719 4873 4194 4064 9064 7019 2053 2192 7488 3757 4378 889 8811 7461 1782 3004 7396 3806 2475 8012 597 8096 2806 3965 9717 6613
16 5440 19 2335 1252 1634 9127 8303 1947 6238 2229 2710 5139 4459 260 5687 8330
26 2695 3697 4635 3200 5650 5124 6630 4347 7501 275 8705 4489 7819 812 4762 43 3320 6497 4304 5740 7947 7885 8910 4554 3860 5501
26 8310 6656 2642 3602 1491 8176 6716 3648 3157 1464 2438 274 1314 4468 4100 4817 6276 5319 765 8658 9036 2815 1969 316 5318 7986
26 7965 5227 8548 2537 982 1324 178 4449 7508 384 8516 1772 1322 3939 8829 3018 4513 3649 1742 5461 7821 1645 1014 455 2819 8535
26 4008 5971 6168 4482 6739 8671 9458 5452 5709 1907 67 1307 3796 1382 5681 2687 7652 551 9693 8124 479 4161 3734 2940 8106 4750
26 3156 7186 5954 6058 4101 5287 8909 4491 8952 2901 7972 9366 6396 3161 1836 2334 7420 8365 3884 5030 8685 3644 6991 8735 3107 8556
26 84 3049 8447 3066 3420 3190 5374 8038 9303 4394 3039 5364 4950 8115 3926 9312 632 2232 7514 9857 5337 4083 491 5413 758 1343
26 1560 3918 2975 439 7442 9375 379 4113 1198 7624 5880 1767 8129 2398 5738 5416 3526 4952 8678 1362 5207 9260 9427 3780 4909 247
26 677 8489 3779 7572 3502 141 5914 377 8664 7222 8383 6423 3045 72 7699 5696 3431 5412 9750 9206 2725 9676 8313 1581 6559 1378
26 5970 1228 368 4088 3537 6133 3532 3465 6393 1612 561 1988 4265 3551 4619 3361 4334 2101 6232 143 8095 2564 3349 8433 794 5108
26 1209 7188 9401 9297 9751 1263 3122 5824 4802 202 9541 6397 5862 7153 4082 4439 5430 7910 9803 101 2716 5813 927 9669 4320 2659
26 9752 6662 4935 2896 2000 3949 2355 2525 8229 8125 2959 1499 5482 3841 2545 4026 591 3956 5886 33 5037 6421 8384 8613 8490 4292
26 2519 8783 892 8464 4953 7479 9234 7532 8316 9987 4204 9490 510 3919 973 5483 2295 2029 4991 2369 6817 4337 1586 6569 1230 3097
26 4525 7028 2511 1830 2470 8037 9263 715 8103 6140 4248 9848 4469 5575 8946 2499 8469 5199 9063 1172 4444 9280 4242 8647 321 136
26 2465 1332 5189 9705 2250 708 8272 4278 4866 2874 1921 1720 9824 9651 6755 7345 7003 2699 925 8781 5578 1213 1619 5973 5376 9517
22 4377 3333 874 1240 6438 6809 97 799 6386 1470 1420 5919 4978 7025 1533 7622 2085 4827 237 5634 4551 218
26 2135 6269 3601 9382 32 7684 2011 1257 7609 2082 9778 9917 1953 4512 3873 8241 7295 8388 6354 664 6417 2301 5404 7568 6518 4374
26 3869 6189 8978 9696 152 348 1415 8505 4074 4456 8136 5385 4881 7773 217 7486 3943 8065 1574 6723 8626 7427 9656 6088 805 4592
26 7399 8029 1697 5621 5539 2776 5045 3258 6808 893 6743 6116 8415 4915 3446 9621 3506 2951 7033 5676 4534 4231 4795 5896 8119 3643
26 5018 6654 3291 2112 4704 7162 6784 4532 1417 947 3356 6038 2231 6008 441 850 2676 3517 5297 2302 9660 9340 6950 7112 5471 3528
26 9847 1447 9412 6475 3542 9923 3770 7691 7422 6157 1590 8470 4190 3747 1806 2662 5807 4386 9308 573 5447 8386 176 6968 9834 9916
26 2735 9820 7779 4807 3414 9678 3062 9516 7334 4087 9593 4682 4567 8165 7848 96 7360 5190 2481 486 9601 2604 5942 797 8519 2848
26 2356 3245 8892 3614 6526 5690 5400 5564 6562 1844 3959 5529 3856 8842 8335 6675 6145 6671 3831 6640 2262 8411 5623 8404 2926 3386
26 6403 4984 5983 640 3453 2171 2360 6297 1787 5373 4330 5389 6522 940 8738 7121 5893 1238 7828 6099 2251 3626 3819 8091 4185 8850
26 5335 8630 6206 4733 7685 907 2543 2407 5608 6775 8460 6772 7192 2311 2522 5186 3897 2569 87 9016 68 1149 5599 898 4311 5504
26 7928 9166 965 6718 8768 3117 6013 5031 2630 7866 5523 283 5420 5093 195 727 6980 9618 446 36 2726 1662 2697 8622 1823 976
26 2571 2603 6741 3193 5783 4171 4792 4776 8857 9141 4533 357 3212 7646 3628 4333 2476 4361 6936 4298 9986 899 7008 9637 4446 5415
26 5497 7140 209 5347 6966 1239 5962 9424 9441 2141 9444 6939 9821 1493 3912 8280 6791 9578 167 1390 79 7676 8090 2516 1962 2755
23 3607 2324 4624 9252 4205 9981 4006 4163 5105 9908 5140 4440 1597 5969 1446 2772 4771 9756 54 1708 4726 3727 7964
26 2949 2589 8203 2399 2352 2831 4331 2107 76 1748 4768 5704 8166 7871 8317 7280 4946 3822 1284 1039 228 9568 7413 2821 7002 7036
26 5299 6794 9666 9925 9712 5241 7633 6910 8033 6389 5794 153 5233 5552 1171 5789 604 3953 2891 6028 9147 6614 1536 8168 9558 5697
26 6002 9046 1869 9105 6523 5952 444 7604 163 9574 5340 6047 7588 985 6478 8936 7703 9530 3998 960 4504 6032 8080 4844 4069 6342
26 9707 3147 1002 9579 1684 1565 9357 8510 3811 65 5005 3065 1670 9732 4152 1265 6564 8117 4488 6236 3932 1398 3983 5388 8674 6997
25 9976 1414 3334 2216 6985 7636 3839 2184 2346 9968 4777 4138 6505 5478 3525 471 6661 7670 1760 747 1185 8321 5065 1653 757
26 88 6485 1030 6220 6446 4986 1942 1376 3211 4317 5353 8903 742 8061 5655 7815 3809 9285 2066 4763 2349 1825 9307 2698 9311 9380
26 187 3546 3910 3199 7883 3940 1494 7569 3496 8550 618 517 9867 4535 8920 5195 6091 5261 8497 3861 5669 3978 4408 1191 5790 3619
26 8292 9090 5377 8521 9116 7245 993 5835 1248 9240 4646 2631 433 5778 3437 4039 505 574 7841 9999 1788 3702 1064 1579 8319 181
11 9313 5615 8786 2132 8071 1352 3793 6882 987 9513 6527
26 6466 8932 206 802 5371 2480 2602 9089 5700 8097 3999 8576 6774 6142 5950 9386 2239 7851 4999 5338 8479 2877 6348 9878 6087 5253
23 6031 7864 6200 7097 9182 531 3418 9054 3584 6451 8540 7506 7497 3660 8402 7160 2820 3642 8230 9885 2704 1868 7133
14 1515 5991 9636 3816 3047 3169 4384 8164 2893 9230 7791 7757 6187 8824
26 7475 567 7355 448 4409 9897 2753 8631 4767 9287 3115 5180 8127 6763 2739 7675 4118 7545 1927 4229 5683 1367 1641 2623 7011 224
26 9393 6502 3989 4404 9681 4786 7762 9741 6596 6211 3672 8343 9739 1926 8121 4501 9807 1413 5223 1542 6300 5138 5731 2224 796 2530
26 6783 1384 277 5777 8035 494 9948 9566 7474 1774 9983 3416 6858 2190 9870 609 162 2800 8769 4402 1127 1636 1060 4203 3347 3259
26 2432 3249 7792 4246 3807 7364 9900 8214 6909 9056 6240 7021 4430 1229 738 5164 569 1440 9468 1122 5871 3898 2669 4476 5819 3313
26 6412 8458 2074 7867 3270 8642 2667 9408 4496 4821 3550 304 7552 9153 5747 1373 5270 5736 2195 4599 4132 9555 107 9196 4127 3880
26 3253 3311 9316 2518 5678 2984 2377 352 7145 1871 3877 3392 3968 5019 1485 2102 7294 8465 5085 652 8441 2098 5551 1052 3690 2276
26 3055 4877 5890 8816 5107 5766 9195 5792 1166 9790 2729 3902 5216 3391 963 4336 6400 6328 603 3219 4199 3003 7489 9095 7459 7058
26 4309 1838 8370 935 6615 9546 369 9496 777 6839 2740 4093 6414 7076 8060 5401 5518 2428 1462 4812 4860 8707 5147 5760 566 8054
26 7109 5727 9274 3083 146 4123 4497 4623 7339 8293 6779 9136 6540 8779 9957 4053 4222 1916 4737 5145 2446 308 5239 3863 1677 6439
26 8175 2297 457 3544 8995 4021 4724 4105 355 7389 2151 5640 1682 4423 1750 6385 5330 2533 4598 4183 1739 5749 5254 579 8001 8582
26 3442 8736 7768 4228 9341 8742 1985 8373 4689 8450 5464 744 4710 155 9946 1375 2199 8600 3937 764 4760 4269 3870 4220 2922 7825
26 7463 7435 8902 6634 2754 1232 1168 9896 387 4772 9462 1130 4237 8855 2254 8013 1361 1917 9528 351 5560 2094 8391 9499 5714 7472
26 1543 8149 1363 9804 7994 5724 5087 7924 3278 7164 8650 4591 1882 7365 841 2236 1155 2666 820 5788 6501 1617 2730 9383 9560 1569
26 1335 666 9011 3108 9190 2613 5603 3974 7167 6963 3847 1075 4217 9674 8753 7923 6988 4240 6551 2779 9520 6291 2259 432 9097 6260
26 1066 1492 6804 3632 2660 4930 826 7805 7366 6064 4365 26 5625 786 8252 1358 3401 5947 6964 8608 246 4780 6317 9977 7772 8700
26 1305 3005 4661 3739 9171 9068 4415 6416 1922 3761 4055 6513 4420 3630 4322 5906 503 7254 651 8762 9391 4808 7722 3042 7335 7093
26 4094 477 5049 2305 2041 2585 2386 1912 3874 4685 688 366 2768 7331 2685 6588 8318 858 1754 5797 3488 6209 5499 2814 7586 5723
26 2247 6745 6669 1997 378 1331 4798 3469 7793 4856 3574 7529 9480 3234 6777 1167 6557 4425 5965 8714 4676 7803 7977 807 722 8710
26 2015 1323 5295 4666 1529 1762 1081 3507 8099 2444 2614 6970 5167 7582 4452 8528 9588 3706 270 642 5141 1495 3310 8043 1137 2897
26 9003 3236 6756 6430 6729 85 4477 5021 3173 3269 8289 112 6778 5320 213 6180 2868 588 5126 1675 6477 8145 4364 7831 5230 4891
26 4379 9402 9627 6567 4587 6280 4300 3305 4282 6722 754 3139 9718 5220 9914 5490 347 4381 9413 8256 4179 2064 1585 9650 8770 9677
26 549 6139 3368 57 1627 9134 8694 2680 7493 8134 9779 1783 2684 9194 9740 8922 7890 2255 2427 1076 834 7983 3422 6911 1931 5629
26 4742 3358 1524 9702 6034 2482 8243 6156 5998 3135 9358 5694 3962 8729 3448 8016 605 570 5842 1085 6074 3460 4823 5545 4911 1006
26 423 9405 4910 7870 313 552 5951 5009 3210 3285 5473 9716 8593 6977 803 8623 1856 5010 1703 2709 1334 5162 3671 82 9827 2627
26 5868 9649 2147 5756 6305 8876 3785 8945 1045 5909 4106 5715 4626 9929 8336 8889 7695 1713 5884 4037 8036 3950 4383 1312 9736 557
26 6263 8557 4196 989 1175 7256 7643 2867 865 793 6974 2532 3262 7137 6249 8439 8172 2483 4022 2005 3252 6015 5311 4779 8552 5173
26 8518 6404 2198 9485 4615 1355 1062 2164 9687 5864 6824 9542 173 1316 6431 4684 8679 7264 995 4275 7300 5345 3529 8232 9938 6221
26 3090 3276 3461 2573 6886 8555 2640 7715 9644 6378 3772 4518 3016 7071 682 5059 8002 1732 7 4462 8423 6311 1452 1327 1359 3883
26 2883 5218 4164 8991 6076 6643 8324 2412 4114 6987 4893 7125 276 9275 2093 2619 1657 1196 9745 9921 9719 8834 2193 4820 5988 8154
26 1992 7108 3396 4285 9477 2473 4965 7271 2769 4358 4219 6167 4407 7292 4681 2027 7056 4954 5418 1987 9898 7617 6112 6093 327 8171
26 5693 658 2957 5957 354 2919 8485 3843 1541 2829 8492 5785 7944 1857 9423 2381 4362 7027 8483 7478 6448 2946 6177 3126 3535 9329
26 4601 1512 200 5955 8034 7239 4696 3133 3505 2034 8571 9498 6655 1450 8567 6464 954 5392 6835 5691 9875 7669 7476 4424 8884 2273
26 4090 3197 7546 1628 2409 1346 6279 1716 2191 4014 4486 7807 6855 4614 104 6667 2988 7304 5671 7487 8144 5251 7618 1699 5508 7404
26 5192 7020 530 5686 8831 2771 374 7103 4564 7341 1980 2153 3406 8387 7377 8234 9989 9982 7038 5013 4967 8468 4785 6676 2286 5859
26 4494 1637 3092 956 7628 2304 6672 9228 1431 8366 9103 9142 943 8247 2678 2150 9531 8754 5197 5924 3744 6631 901 7409 818 4120
24 9514 7948 1959 4107 4065 6251 5008 230 1096 7231 6495 2595 2237 5705 556 8704 7855 3497 7625 3084 9243 6702 1120 1207
26 7657 696 5006 7085 7494 8595 1660 2477 4824 1656 4038 8833 7351 2700 3195 94 4500 9096 1126 2759 5831 783 8581 3111 3975 8618
26 672 2424 4833 950 208 46 2505 1943 1532 5208 1037 1914 2956 6014 1119 6324 2267 9453 5321 3803 4928 1935 4901 9277 5592 8350
26 1105 2166 7406 6069 611 1676 9928 6094 1831 3592 5073 8284 8242 600 9755 339 4678 9672 9500 8180 8515 4463 2252 9014 5865 7252
26 4758 1170 4794 4920 6601 767 115 7014 3750 5670 5314 4290 9943 534 974 5456 6691 4949 8634 4864 6046 4510 6148 4927 6789 3985
26 7861 1784 7927 119 9130 4366 1583 6121 2086 2938 9270 3316 1999 5396 2269 3659 4201 2826 8032 4721 4616 3275 5737 7166 4177 7795
26 6381 3294 608 4703 753 7548 7761 8407 2393 3561 2715 3748 512 3982 3736 5463 9047 9253 6092 7495 6341 3106 8888 8226 910 9430
26 6822 7612 6951 210 8042 8030 674 3646 1875 2383 3340 4388 6486 4902 9181 5985 2303 7908 785 1070 2970 3415 8858 4649 2243 9796
26 6815 1773 245 7874 330 7901 3829 7207 9167 8918 4718 4092 4464 6707 9086 1696 160 6837 44 413 9339 648 3095 5047 906 3032
26 713 1113 8573 6550 2999 7135 3685 4247 7680 8605 946 122 7999 5080 2494 2283 1092 7200 1546 5531 9942 9956 9484 2492 840 3618
26 8890 817 5369 7337 6538 5088 6172 7516 281 7296 4473 6444 8025 186 5796 1990 2466 2932 1091 2392 5960 4363 4149 5361 9918 2225
26 7070 8024 9469 8823 8421 4709 2110 4895 8072 6036 2850 8748 6105 9933 9471 2350 7925 5315 3581 1484 440 7530 8508 6470 5821 4622
26 2720 2738 6192 290 7034 660 6374 1872 5907 3079 2526 3251 970 1340 7760 745 6432 7892 2146 9905 5555 6700 9960 8482 5293 1948
26 1273 9406 8462 8868 6402 2954 7988 8809 1393 4667 6728 4906 7521 1072 2451 7408 7240 3768 6050 7756 6217 60 5362 8726 2964 6467
16 1097 1605 1142 2856 5091 7276 2362 1338 7843 4539 6138 3447 8199 9363 6055 773
26 6277 190 7372 4050 9065 6989 1864 4775 544 2513 9022 5444 473 3010 9597 6077 5327 8349 781 6017 3814 6368 6019 8 3093 3380
26 9563 3257 2401 5816 6398 1886 3623 1391 4293 3308 7672 8986 5565 8390 1941 9730 8392 9791 8677 9502 5750 3886 1479 6294 1306 4103
26 4679 5858 1121 1580 2323 39 2330 3621 2910 6806 692 6861 8817 9704 6175 2177 3516 1704 5774 8418 9873 7888 2211 6212 8123 4243
26 3549 7114 7638 9947 2140 896 3952 1302 5101 8721 3753 5191 2308 7405 2462 7175 340 5916 2347 8837 4010 1482 1751 56 1701 1300
26 9619 2233 9255 9353 1245 1023 7456 6426 4224 4221 3948 1031 4429 9447 7124 7541 8422 3023 2069 1877 73 8790 1180 7565 8718 4538
26 5324 9935 7379 3022 2997 617 1862 2515 7822 2607 5004 1468 2099 9930 9958 2155 5149 3769 7126 630 182 7214 5533 6644 4281 8543
26 4071 7687 9813 3375 1365 952 6082 7081 3476 8186 6290 239 3399 2793 1535 6267 888 9695 8853 3835 2629 6390 2598 2289 6210 8131
26 8731 789 3362 2261 1667 772 9964 5514 6103 1012 2137 7781 77 8294 7786 6736 2542 4837 1520 5028 5773 1600 3612 9220 8453 1038
26 606 1438 8784 4705 6023 6222 1246 2292 3085 1715 5042 6833 964 2892 5175 6812 5997 2701 1540 9271 8267 6445 4918 3378 5854 6870
26 8708 6135 1564 9549 3051 7665 2275 1309 8603 880 7148 2139 8997 8258 1164 9518 6037 903 3933 5609 7836 4390 5753 7702 9577 3969
26 6689 3826 9845 9104 3112 4027 8780 8058 9789 9362 3977 6602 3159 2563 8161 1298 6315 5194 3954 5974 6011 9067 4310 9387 6492 6494
26 6901 3540 8574 8133 9819 9262 8263 7829 52 5519 3293 6983 3913 1444 3136 6320 2183 3467 9491 1759 1374 6482 1403 7281 6364 8957
26 2061 7993 442 1111 4024 9645 4617 5915 1176 8027 3267 6542 9978 6318 9899 4389 5103 9161 7518 2574 5644 944 598 4451 9635 3289
22 1776 8711 9602 9954 9949 3970 4888 2948 7267 2882 5379 1310 4280 42 8810 1763 2127 132 7639 8269 9931 7600
26 700 7398 3947 1500 8155 8118 2675 6367 6515 7918 695 5117 4878 3813 5506 4102 4738 1971 7774 2488 2878 5024 240 2847 5265 5606
26 1138 8290 493 35 6825 5695 2314 7122 30 4690 4562 3150 7914 5849 9688 668 7747 9535 6688 6383 9648 5521 469 6246 1562 6063
26 5445 1406 364 9251 9100 7477 4356 4834 3425 7120 3714 732 8270 5326 2712 8286 6229 336 6040 1404 3254 5242 436 9936 7410 6185
26 9409 7329 2626 9562 9738 4593 3746 4397 8182 9300 1308 5958 6874 5975 7291 6545 5802 9893 6166 2372 1366 7051 7784 3172 7131 3021
26 9305 7198 9965 6186 8368 3181 9019 8686 4634 4266 1328 4997 242 8873 7072 4732 2496 7030 4680 5328 9048 3250 2592 3522 8980 9326
26 6831 1609 5425 3921 761 9033 4588 5632 6921 8793 7091 8872 3508 9748 6811 7012 8052 2022 2647 9772 4434 3343 9552 9765 1088 8874
26 3817 9864 6547 5663 2207 3759 2790 7143 8159 5306 7701 8475 9224 7741 7969 3000 2549 5820 7358 4294 427 4968 296 2608 2410 6479
26 519 7287 6410 4003 1845 6336 4756 7903 1539 2021 1756 6366 2017 8283 3483 4748 264 9892 4178 8964 1481 9585 2103 6981 5046 5244
26 769 1803 7248 417 9180 6380 6832 4884 2248 9734 9884 6436 5166 8476 227 4001 8852 4755 6766 4108 3868 1202 4996 3987 6931 4955
26 7401 3575 5089 8348 4450 7113 1459 5941 3851 9607 8976 5911 9185 6776 6086 9762 7738 3217 2168 5467 5836 4753 2502 2656 5476 8921
26 1040 7325 7631 4202 8173 8273 7503 3694 7894 7763 4073 7046 1235 3237 3805 8927 1615 6144 1099 9443 452 2886 637 4393 6060 1150
26 7499 6150 9320 7737 8575 2404 353 4117 3710 9826 8935 4312 1078 7556 2447 9102 71 2803 3427 8706 2435 5617 1295 9646 5458 7049
26 9449 4387 4848 7312 2077 7856 8782 4249 342 4343 9421 3256 7962 8381 7960 344 2459 1270 4480 9580 7290 5399 371 6635 6650 3617
26 1867 3651 481 2382 1913 9647 5803 5684 9823 4566 5532 8437 8656 801 4754 787 1505 1744 2638 2637 3143 5895 9608 329 7393 5543
26 4058 8302 3354 1 881 7191 4274 7873 5959 6203 8916 4351 6176 4578 6372 8697 2091 9236 7421 8702 1940 623 6876 729 2862 8217
24 563 4208 697 4016 6927 5660 9377 8500 6838 1695 6231 9460 1964 8068 9431 5741 2858 1648 1659 3020 4474 7202 5596 4531
26 3167 7156 8832 9769 1222 3784 6359 3798 6751 2125 6165 9152 3763 5984 4165 1839 1329 8287 5843 4417 6834 3265 7863 9025 5449 8022
26 311 5213 3317 8419 4659 4063 5193 847 7392 7967 3137 7007 9193 6264 8526 5336 3144 8912 2792 5354 3322 9432 6627 6944 3218 8301
26 4059 8484 6307 5182 4914 9242 1937 4773 9849 9001 7178 4044 9112 2068 250 4740 6370 4933 6957 1607 7074 8195 8216 1084 9829 9573
26 2316 9347 4717 9575 1106 6247 2556 4638 7749 4550 7440 2213 4912 9244 2274 7678 6687 1274 8206 5834 5822 955 3945 5647 1439 4186
14 6706 5387 3381 1949 3433 6313 6283 5995 5302 4453 7363 2109 9533 3560
26 9675 3579 8328 3605 2464 7411 6946 1643 9859 395 683 5292 4730 1538 5525 6337 8757 4527 62 7989 5075 259 9061 234 8594 1212
26 5235 9463 3188 8146 3879 4541 9075 2121 9611 3216 2561 8745 456 6859 1165 1124 9053 4325 6599 7317 429 2046 5204 2329 778 7173
26 8670 1024 1995 5711 8187 292 74 5770 1568 10 5470 7298 2777 4963 6314 3538 226 4342 915 6194 7437 8205 6693 1093 737 7223
26 9679 8262 5771 2036 2937 6089 8220 1299 350 7149 3213 6609 467 1262 9389 3342 5706 358 8409 345 9294 9609 9169 9782 4277 2169
11 5717 5808 2718 1977 3370 6871 546 2035 8533 2670 8563
26 5300 8158 3510 8637 9527 4713 388 6582 9324 9015 2808 9658 6891 125 8362 5255 9323 6632 3324 1915 5146 7369 131 5455 3480 9476
26 2917 1372 8254 9680 2799 4605 1644 4353 8620 3854 1513 5734 3828 3756 7433 1623 9802 3125 2744 882 7055 6207 2326 7818 9753 142
26 7957 4583 7373 6021 2952 4344 8996 2612 9882 4499 151 4809 4993 1727 4974 2590 1400 4148 8568 7279 5489 488 1731 7215 6603 2163
26 5860 5491 5996 8766 8955 7263 3261 4796 4211 5041 6292 1047 8992 1827 7419 8732 1131 5772 4215 6954 2798 4896 8877 6978 759 2658
17 273 7891 1970 7444 9135 595 5260 7234 6885 4329 613 6682 7189 7354 2242 1632 923
25 7913 739 2455 9254 8306 7096 9975 7197 3862 3597 9043 6281 5512 288 6090 2010 9959 4081 3890 1878 4545 5248 7163 7906 391
26 8758 3596 8207 7554 4806 9364 3099 8075 5134 2037 1842 3222 6733 7886 5614 1780 558 1174 3407 8240 1490 2836 9775 9831 980 2117
26 4948 1860 8224 6563 1835 380 105 4871 7857 320 3635 9355 1850 2279 815 2282 1678 3118 6797 4447 4375 7938 9792 1966 4790 1558
26 4214 4693 6208 9483 7847 9232 930 7453 5462 8988 9407 9816 6714 2354 748 9009 9883 1397 9094 6653 2339 810 5395 8429 1559 2208
26 6916 4781 9282 6413 3038 3958 8970 3735 819 7594 3661 7100 8143 1901 7536 3332 7212 9310 8859 3100 8579 3995 8082 7996 4133 626
26 9888 1013 2681 2167 1693 921 9346 1476 6684 6642 7077 5259 4259 6948 7725 5132 3365 4192 6369 4005 1184 8275 937 9876 2090 1134
26 8950 7180 4421 6710 7253 7342 872 2648 272 4086 216 103 1065 3397 3777 2708 7671 2387 5266 5079 9521 8341 3641 3791 1254 5841
26 222 3990 1177 3445 415 300 1700 4236 897 912 4523 515 806 5728 5963 2517 5215 2890 7067 879 9814 1133 6782 8541 4716 7441
19 6663 7889 6765 3915 4481 2732 1475 3986 4406 2804 6888 8917 8049 2943 4517 978 2454 3815 4793
26 6807 6123 482 1508 6101 2578 8968 2875 1348 8926 6730 9939 4067 5479 1789 8776 1673 6549 1608 3899 5515 8867 8717 7235 7182 1929
26 5934 5358 9030 9657 6261 5382 6081 2174 2246 5163 6920 2978 663 7397 525 4187 2572 5365 9124 3600 6828 31 3923 5055 5848 5586
26 4637 4260 7648 511 2060 8190 7729 4584 8819 1448 866 78 3330 7273 7362 7728 5742 9501 6428 9417 8982 8666 4752 9461 8113 8069
26 4618 3608 9806 4250 6048 646 7216 2548 4062 2417 928 4547 7798 2433 7543 851 3059 750 7519 4707 5410 5322 2007 6546 4951 2813
26 372 7320 4630 9757 8194 8951 175 6793 7614 8253 3221 1834 6006 7551 6754 4505 2918 620 9098 8723 9203 9336 2683 7424 8087 3346
26 6198 5359 2539 8614 2600 5050 8300 2467 2234 5768 9085 3123 2039 9400 8170 1711 179 7470 312 7059 7833 1467 2998 7069 5666 1410
26 4307 2714 9869 7226 5495 6639 1098 9817 8830 8007 7651 8544 1854 8821 6636 7942 5759 5795 6976 4412 5657 8251 5889 4904 5547 3569
26 8703 109 3821 8653 607 6346 1768 5221 6120 8551 774 405 3266 8763 3960 1237 3587 2317 2705 1021 6097 5130 6979 4273 2134 4124
26 7561 3640 9559 3966 9610 6618 4441 1710 4832 8911 7394 1042 859 9629 7063 5181 1151 8356 1526 6761 6616 4226 8320 7042 5408 939
26 3307 8425 3129 856 7438 3124 1412 1220 4072 9934 7566 9709 9237 8512 8676 2162 8734 6395 7644 766 7859 2985 2843 7303 6016 2508
25 3654 5875 4815 9613 233 5366 7778 979 9379 3846 714 6325 2204 3413 9664 7591 8417 1089 504 1242 6701 3287 1408 9850 8098
26 6695 8020 212 9289 5069 9972 7066 7564 3997 1810 11 9163 4919 6923 8003 9598 8771 3019 5528 7963 3633 792 8452 5446 9545 6111
24 1135 2942 5214 5240 572 2434 4838 5033 9226 6591 7904 6785 2148 9212 1187 5035 6935 9399 5144 8818 7705 8222 1043 4641
26 5086 1630 6450 1723 3054 5043 4327 8296 2366 3127 5583 9278 6846 7328 1853 3091 9050 6500 8633 1506 4556 221 383 5494 2019 9536
26 9325 3138 4836 6645 7922 7933 7445 2842 463 6463 6312 2116 7260 3283 500 3491 6351 1268 9529 8639 1549 8507 8260 9818 994 4662
26 8477 9920 2118 6352 6357 9276 8687 833 8662 9479 2051 2947 1918 3511 253 687 743 2579 3695 8655 2165 3957 0 828 398 8377
26 3988 2641 5540 4629 1465 8882 1160 4031 4314 1339 3282 2756 3979 5877 6027 3158 1919 3834 404 2743 7484 8572 1095 1087 8044 5672
26 768 864 5282 497 1381 3775 6237 6268 9074 9006 7842 4168 1132 8569 2215 3523 6256 4239 1216 891 6440 4791 5735 2610 6350 9472
26 961 3758 4109 98 9497 2368 461 7075 1271 5658 338 5384 8931 1463 7958 8181 7893 9174 8985 4422 2080 2361 3327 2152 1226 8789
25 9799 2538 6296 4405 4035 1509 9505 8014 2846 2089 4060 6102 2189 2413 2351 3006 3223 8660 6419 2223 5787 4769 2914 8641 7714
25 3030 6849 9012 9951 2178 2979 3434 5465 7872 6235 1416 1870 2396 1770 8006 6347 496 3209 9125 8114 7376 9997 5202 7151 1923
25 9216 5237 5636 7934 1647 6896 9156 193 365 2933 8974 7570 8539 28 8583 7571 2331 6254 3456 6592 2823 7412 1809 4778 1293
25 6961 2026 1208 5212 6119 2385 6491 249 1466 7525 1394 9213 7454 2936 7388 8215 868 7623 2987 9891 148 1726 7228 9369 7824
25 3578 3148 3068 2212 1496 1143 2290 2547 6905 3547 9378 3893 22 7583 2500 7400 9855 8472 4751 7170 7739 7052 6958 5232 4350
25 6541 2357 4673 4782 7692 9475 3165 3086 929 1255 3894 9780 4032 7802 3360 9961 2124 7105 9713 6892 5928 5044 1147 5637 170
25 8329 699 8040 7277 3701 5837 9151 6904 130 7627 7587 9292 5548 8473 154 5980 2158 6577 9603 3240 6108 2993 3369 6465 1722
25 117 6329 730 2497 1910 3205 691 1008 7726 2621 894 1501 3359 5968 2911 1828 2222 1032 3357 1380 4484 5688 4759 1141 7527
25 3555 1192 4154 4973 2180 9889 4045 5064 7490 9368 5582 8616 8532 2567 3376 2257 5585 4818 9404 7878 3703 7087 667 5312 8898
25 1005 7575 4867 6474 7246 871 425 2541 2057 5094 2596 8601 1690 4804 8248 3684 5022 9904 389 8716 9922 2307 2421 4049 7758
25 1888 5948 9286 4558 5656 5853 2453 4907 1639 8826 7462 2437 6539 9049 4004 2832 287 7367 4253 1694 9689 1813 7563 5436 5280
25 4855 7471 5562 984 4372 8116 7466 2885 7381 953 5442 5600 7735 6483 9425 1554 2403 3515 9115 725 3604 5667 8488 679 1003
25 9140 2079 8448 3795 9037 9564 2343 2565 4019 9800 6488 728 5309 1567 8812 6860 5468 673 3558 2775 1114 5949 317 1576 3755
25 4894 7129 825 3585 3789 1613 9101 3895 2534 7647 543 6326 7016 6286 9653 7272 2149 2801 7589 6489 9910 9773 1983 1488 3064
25 3855 5743 9744 3191 8445 2802 4213 8237 7045 2042 1814 6298 7860 1622 8584 2420 3318 8340 3733 9373 755 8849 2277 3012 7731
25 2384 8459 3557 6818 7092 2745 3531 138 8598 1897 2945 1275 3613 7653 5136 3081 9895 4923 4577 38 8295 1698 8089 4140 3478
25 3281 7553 2657 8856 376 8094 1211 1790 8562 7384 7990 7094 9250 6509 6471 4252 6787 6887 5912 3273 7539 111 4611 1115 1001
25 957 726 2649 5602 2654 4326 2924 4206 1709 501 8268 279 4852 7098 5850 6215 3730 75 5745 8880 5469 3140 8838 6664 59
25 7040 2536 1908 5566 7211 5409 5298 599 6134 7689 2390 9083 3299 5068 3374 2555 2111 8358 1998 3348 9200 8923 5653 9146 3408
18 4143 4428 8198 9634 100 1553 5847 6610 1392 9219 1626 9798 4970 7179 9865 2012 6949 4557
25 375 5572 720 4657 9419 9159 1523 1799 9192 7909 3536 7130 1145 1989 4122 5530 3634 1162 5940 4431 911 1812 3571 5474 3069
25 5424 6199 502 2967 3468 6132 649 4857 4921 4625 134 1402 9548 3650 4560 8399 8944 1616 6330 236 2830 9703 9129 7968 9937
25 2559 6884 6536 9735 922 7282 9809 5001 6883 3174 3428 694 4903 3682 7015 7945 878 3852 7157 8765 6005 7310 926 2300 998
25 3371 6740 5554 3938 8854 4607 514 5219 576 6857 4942 6122 2430 3389 3935 9591 5333 5574 6071 1798 4413 2474 3014 6080 8057
25 7119 7116 150 1503 1046 2673 7679 2760 4561 3556 6447 7615 7734 2996 7995 7168 4612 1807 373 7827 4994 5883 2170 3853 6113
25 4829 7512 8346 8192 4764 8151 6593 8895 6391 2841 3593 1217 9774 9395 1477 2688 4385 3087 1080 2625 1112 1419 6045 2794 9990
25 3471 9473 248 3554 3057 7041 3657 2972 5569 3610 918 4698 7340 385 1053 6309 9991 4640 7621 8663 1303 5429 9486 2880 8862
25 6724 9852 1218 3840 8609 8761 4858 3731 2052 3454 7547 8906 9868 9021 4289 9360 9034 4142 2002 1849 6285 2628 4886 86 4013
25 5769 7230 5307 5892 5674 3102 7513 5451 7712 8225 399 4805 8669 1026 8081 5605 621 838 6929 7954 1848 1077 8948 2411 6795
25 580 1593 2566 3114 9118 704 3609 3421 2439 2737 7132 1345 414 5979 3774 1183 7128 931 5177 2194 8891 1952 9764 635 8517
25 7952 2512 9385 7172 3663 1745 9284 1785 5708 2601 7750 9113 1140 1486 4234 1906 3563 5231 4271 2812 5283 3028 8397 7311 9176
25 920 9052 6360 846 5187 1441 9655 9073 1679 4515 9139 2142 1371 5722 6753 8047 8846 7919 2824 1028 9005 4054 7814 7751 3850
25 622 1874 6245 3972 5291 9842 3624 7316 6114 9436 5226 4023 2749 8076 185 3198 8592 5414 2258 2529 2746 5685 2554 8138 5857
25 8962 9128 1010 782 9457 8523 244 7940 8444 624 3323 5502 1116 5421 3707 2336 7835 8570 9760 4814 2450 8683 6384 7896 2227
25 734 2436 2782 656 5428 3530 6188 2054 1292 7142 4009 1387 2062 9055 5498 3060 9344 1895 8393 9426 5867 3638 4308 9993 6257
25 2576 8055 4507 6749 7110 8695 1859 9238 4981 3963 3494 7237 1357 4876 3076 2871 2489 3668 9551 7204 4061 6941 7673 1341 795
25 6228 1651 1221 5888 2741 1880 2045 3754 1584 9998 3339 256 8628 470 1606 1816 3385 1766 4931 9465 9984 3942 3931 6994 7713
25 541 400 409 6856 986 1537 8981 2977 3570 9361 282 537 3101 2903 9111 1925 4655 6499 367 1280 2747 2767 7951 8137 3984
25 297 6658 3017 3566 3338 6062 2115 6727 9160 5268 3470 2478 1286 5729 2214 9188 8966 3794 7241 8456 5096 2764 9210 3688 1318
25 5716 8586 8309 7690 4139 4034 5809 6999 808 5247 7645 6459 693 8689 7371 7590 5078 6214 6049 3248 4743 3002 5563 685 6721
19 24 7210 1054 8747 8937 6570 9249 6907 2557 724 9418 1905 7106 3484 2378 4478 5832 3272 6143
25 3103 8739 3603 1550 657 9763 1595 8244 4734 2479 518 5597 1125 5367 9665 8720 1687 9519 1241 8355 1190 7813 6955 1826 3892
25 9550 9985 2495 267 7882 9394 6331 1930 6548 2909 2859 5587 7505 3395 7584 8930 5111 9907 468 4934 2879 4041 5342 3543 590
25 55 5113 41 6425 4652 3345 7693 9438 9754 4916 3625 5908 5561 6530 5007 6299 7887 6918 6732 8333 1059 314 13 1456 2322
25 445 4546 3786 8219 832 7816 9539 4853 8746 235 9247 6629 8250 223 9060 2733 5573 8466 3226 1545 2491 301 401 1898 2203
25 3444 7704 3403 665 9199 1181 843 1016 4209 6085 9783 2861 9727 4521 968 752 291 7332 9615 5927 5935 2133 6057 6434 1718
25 4346 9685 7249 6842 4318 9684 3867 3146 1692 4263 5391 3235 3495 7099 3920 7031 7060 2306 1556 7850 1086 5845 8249 7138 1055
25 6952 8209 5748 2934 6969 7811 9272 2693 3007 8218 4272 733 2299 996 528 7752 8709 625 4609 3015 7955 197 9507 5798 8941
25 4687 902 5205 7567 2751 5866 3203 8798 816 1946 639 958 9967 4597 813 6704 717 7736 2849 7593 1219 6986 9793 3781 1082
25 157 5393 1267 1777 908 6066 8245 5567 9667 6880 8431 3709 7635 1057 5607 6637 7771 5331 7522 5127 4458 2550 5937 8078 6750
25 3693 4537 5516 2338 2059 7777 9132 6930 3432 612 3154 3201 3233 6686 5257 7238 3382 5755 6516 3037 8836 2594 5159 2280 472
25 8559 4706 7430 2825 2591 7642 4944 2898 1791 8105 2218 1058 2445 3503 9170 3662 1249 5946 3504 4922 5544 4399 8648 9215 3664
13 7929 4414 9543 3936 7663 2857 3622 7370 9584 5278 9534 9894 7206
25 6115 1973 9109 5477 4585 1152 4819 8339 215 4125 3277 3487 9697 9372 6382 7449 1405 9261 5752 1437 4391 4324 3304 8897 9374
25 9523 4885 428 4410 1557 6893 4130 1259 3271 1071 7626 4770 4632 6332 9488 4526 5823 5038 8455 4604 6349 1728 7991 4883 5174
25 2020 3208 5887 2916 6652 1256 1110 4594 3765 9784 4212 8074 183 7549 6376 6938 3670 8322 1360 6018 6411 6250 8152 7985 1261
25 7862 2123 4665 3740 241 2706 8667 3499 7920 2 4279 2461 7353 5589 8845 3598 5114 2575 7084 8577 7416 844 7183 3264 3586
25 8728 2006 3073 5668 559 2930 5310 6190 586 7630 4843 1753 1253 539 8357 3519 8394 6427 362 7159 2310 9771 9797 6258 1805
19 9581 6493 9805 7686 4990 3513 6737 2122 310 5039 6375 8304 9682 180 5754 7854 3151 4548 835
25 741 9452 6879 3906 8298 5679 4195 516 6306 1840 6810 243 6387 6149 1965 9853 4816 8084 4926 7902 3486 2458 4540 790 2845
25 8406 6747 3866 6984 3760 2291 2810 4714 5878 8661 7560 6862 9456 2876 1611 7155 4030 3472 4131 4580 1801 5209 8879 6481 5646
25 1353 8376 8382 9625 5433 5426 7150 5070 4722 3341 2844 4136 9630 4694 3704 3246 7023 3297 8794 3464 2096 1663 2833 7943 3110
25 9283 6735 3426 9557 7208 7425 2270 6932 5630 8814 3145 1471 9442 676 9725 9969 3355 5397 6792 5897 7158 756 1599 2456 7601
25 2912 7104 6327 6293 633 2126 254 2989 890 3292 8693 2244 547 5349 1449 331 3823 2953 5281 8913 5932 8130 360 3134 2618
25 5341 2788 6003 6000 7534 9858 8827 3752 9433 4121 8004 6171 7018 2991 4036 7656 647 7607 6355 1808 6401 4728 5536 8083 5631
25 5598 7846 8440 7193 4645 1422 2866 1433 7407 5527 8692 6940 731 1719 1618 1596 2081 6295 8408 8983 4509 3627 9 8211 1009
23 9411 9459 5120 476 4862 1631 9440 118 959 6866 5786 5102 4218 5217 9966 6154 5542 393 6278 6890 6770 1658 1288
25 2869 8435 3490 7787 1884 4099 6587 5123 862 5486 2805 3808 5763 3352 9422 205 917 6553 9332 9008 1594 6598 6715 5855 3514
25 1833 8792 332 2992 8236 2288 5844 2906 196 1911 2580 3141 8673 2789 6758 9723 4448 192 2929 3882 4516 1802 7165 2457 2271
25 585 2748 4863 5158 9538 5082 886 485 5372 5692 5929 4442 4369 5183 9572 884 4917 9173 5989 4574 650 8943 9371 7649 1210
25 29 8323 1955 6316 475 1968 6657 9553 3673 2722 7935 4979 6996 8200 5827 8875 9108 9032 5588 8908 8223 3441 3417 5874 8690
25 1978 627 1223 7323 7209 6213 9133 6178 2766 582 8291 232 6823 2834 972 114 2484 8457 3479 6183 8451 6573 762 3903 2049
25 8840 9996 5920 9042 8530 9381 5764 5967 8691 4608 575 5313 9489 8077 1224 2672 7868 4436 8005 4284 7540 251 5604 6840 4799
25 9979 4959 3541 7683 4544 1250 1521 7727 2179 7502 2535 7718 6604 5258 7500 1017 2471 3301 3071 8056 9692 7269 9749 3838 7533
25 6456 6110 128 507 6647 1369 7274 6868 7754 7006 5143 2175 5168 4529 1769 7578 110 5938 7199 5423 8092 7953 9909 3656 5939
25 8578 8104 47 3783 2981 1443 7187 3946 6898 4340 3377 6262 3489 6803 7982 2047 9342 4581 7980 7559 9434 9493 5964 70 5273
25 4150 6457 4761 3325 225 9833 5861 4498 9810 1819 2546 2344 4359 8314 139 5905 1975 2811 4367 7452 4303 5431 3035 2185 406
22 3457 2736 2440 6503 4854 1746 5899 1067 6104 5664 1383 3241 9862 9350 3387 2030 4341 1829 6487 9058 6872 5407
25 2941 2899 5541 483 2927 5170 5903 7926 3845 3474 9767 2364 5925 7720 723 6362 1811 5378 3728 3189 9642 2703 7154 7899 231
25 1735 6558 6202 7174 5228 1453 8800 4653 3799 133 1741 7743 8513 7417 6282 2894 7247 5229 3048 2562 2460 1938 3224 8265 1705
25 8395 9544 284 9654 671 5238 5441 8815 538 3163 8755 1266 9470 7061 5524 5288 63 4216 3094 8053 4563 4861 2287 8308 9860
25 1664 4511 6836 2235 7232 8597 8585 3751 9720 8624 4747 909 6975 9683 7107 1775 8443 721 1571 8499 869 4519 4157 8372 4553
25 8184 1689 1276 1201 8615 4256 6197 8645 2272 6406 6146 589 7321 8442 3481 6126 6759 7185 2795 3423 145 9010 4079 1642 3286
25 7877 6877 7574 9524 2551 8806 7769 2315 852 1424 5999 1034 4335 2719 1068 7201 1049 2342 229 4774 1128 3637 3080 3887 5390
25 9901 8629 8351 7662 6024 5437 382 5062 6864 736 9758 5061 9863 6543 4572 334 7550 5200 6781 9051 1356 3797 3113 9004 9915
25 6694 2838 4349 3594 1474 9466 2809 8659 7900 5305 8400 8750 771 2682 1707 8135 4254 8977 3653 8208 9861 5224 9714 447 9131
25 4842 5034 3991 4028 823 7558 524 7770 6181 8126 9023 2887 3832 8360 2646 2971 6660 6852 4483 7261 5869 791 6998 1972 710
25 9121 5990 1655 3398 6648 91 6962 1896 4111 3767 592 916 7939 701 6906 1621 5346 7992 9414 1161 8929 4134 4976 6881 6170
25 1269 7451 7975 4020 8546 5169 3901 7830 8446 8534 4582 2955 5071 7820 5383 9605 2616 5549 5961 4283 5095 9189 1278 2172 7375
25 5406 1984 7637 5917 7759 775 2884 6757 4628 83 9114 3072 3674 1136 7661 8914 2380 3096 6586 6508 9154 2145 1544 9614 325
25 1866 9974 1313 8093 5601 4966 8617 9624 3782 8064 9397 8264 5002 7385 2584 2752 7378 5762 7181 4589 562 5839 4729 9259 8337
25 5649 8699 8835 4411 7732 7043 1779 5074 1960 3924 1555 1277 1933 2995 3545 8907 3383 1858 2363 4670 4530 913 6685 4962 9334
25 5245 6377 8434 6771 3993 156 6902 6865 857 6363 2400 4947 3078 1824 5966 8632 2018 9728 4757 2188 99 3041 1287 4522 9673
25 8204 271 5507 1430 161 7171 949 9031 6223 6708 9919 2762 545 53 6960 6169 6303 7511 1157 7544 1991 7577 4305 1892 295
25 2008 8848 2690 7884 3493 5576 7169 9077 2040 4669 1624 5689 2634 6620 2263 3888 904 4306 8000 1575 3683 1847 9747 8363 6191
25 5304 7346 9944 266 8529 9165 6243 5619 3450 8963 8261 8725 4173 875 7032 4514 8531 5765 4956 2807 1022 5833 8070 3665 4987
25 7141 8021 3475 5156 3732 867 821 9632 5635 6059 7009 1668 6061 6790 7608 6869 3764 9041 5325 9343 9808 5435 302 1865 8019
25 2774 9137 6420 6141 6638 6597 7457 7724 7654 2931 5262 8961 2084 9175 2365 3801 3713 6010 4380 9145 5812 8352 8279 2138 8331
25 6321 7082 9874 9512 5263 1189 6098 1944 8148 8807 2205 6574 6565 5851 6802 1214 2265 631 9149 5613 9759 8398 1497 9317 7460
25 1993 945 9078 3842 5453 3904 4328 7915 8109 3295 9351 2486 9092 1945 5921 4960 3164 7029 9088 5264 6435 2298 7035 4695 8947
25 8509 4648 2881 8940 9410 9742 4270 5099 15 4012 6353 7788 2284 5675 4360 4373 5 2510 4600 9600 9057 7039 9168 7017 4160
25 268 2791 4080 3058 8379 5457 397 5356 402 2309 924 7510 2087 7605 3337 8354 6841 9279 9040 8139 5972 1903 1301 9241 675
25 7640 3951 1186 6340 9392 159 4552 6056 8928 1317 5083 7538 809 7875 8347 6666 9839 6623 4321 1582 9622 3971 1195 1958 4725
25 2278 315 9586 172 6480 8737 8486 8111 5301 6953 4443 836 999 5419 4736 9663 6531 653 8777 9840 7268 16 2423 6052 263
25 9207 5818 6125 4376 422 5622 9812 3905 5386 7205 5171 3011 8841 5739 420 3927 1765 3363 6408 8924 8501 3298 5978 5334 5179
25 3564 842 5535 4520 3721 5838 2969 7794 1188 7262 3182 887 1743 1094 6289 7997 5152 2050 3716 1445 2865 8487 831 9214 7115
25 7799 3104 933 5352 7284 7387 4699 4800 8416 2498 174 8299 1604 634 2389 4579 6894 784 2120 6826 7469 5926 9454 5057 9770
25 2986 4223 5025 3666 5267 2160 9478 9992 8494 2078 4264 2129 261 9594 4395 7632 6230 4427 3166 4766 4129 7603 6943 5058 4042
25 3743 1734 4502 4869 102 3364 8542 6746 1638 7823 6830 4232 6025 9293 5522 1717 1434 5438 1244 1225 7744 3681 8580 9940 5682
25 489 8713 498 9795 1319 4664 8953 6677 8901 5559 5472 6863 4188 1974 7504 3419 2668 5153 5454 5450 2689 3715 8538 4479 4091
25 583 3170 565 1963 7840 1169 2966 8023 9474 6201 6692 9706 6130 1889 814 124 6075 3034 7225 8994 6895 3533 6365 2677 2055
25 5885 5332 3833 830 3435 2173 5014 8644 9208 5210 5976 8958 8813 4925 7322 4835 2514 9415 8235 123 9787 6845 6514 7289 6458
25 8179 2106 655 6903 3232 1721 3155 5076 7542 3077 3404 4198 3088 9318 6528 8905 207 5873 3941 7390 4052 438 8282 431 4432
25 6633 1090 2780 8079 7682 2394 8560 523 9881 9785 3907 5475 5577 4850 2582 6001 5119 2201 2855 2472 6343 2161 1514 6595 5029
25 6424 3384 9045 3885 9832 6407 584 7931 280 5133 6415 386 6205 1666 1033 2367 6937 9932 4095 9069 4392 5460 4286 3229 9638
16 7229 9246 9631 3539 5036 1436 7037 6041 4426 6519 4487 238 6129 6734 8887 8727
25 5381 8449 9927 1792 6537 9481 2260 7764 6848 4651 4033 4746 7285 4258 7327 4847 9204 4576 7426 4668 9007 9668 4445 749 1887
22 4882 1635 9487 6742 6182 2187 7812 3225 8883 1123 4941 4660 4715 9686 2088 7721 2778 418 2131 3837 1552 2448
25 5343 7319 5017 9464 9202 4355 9641 7078 7987 2228 5872 495 9331 1654 3788 9258 4603 6259 5236 8949 5814 4077 1473 3928 8120
25 4788 5721 8803 1755 751 9177 3675 8820 4675 2636 2501 4549 4874 6131 1650 1851 9076 5081 6992 2503 7307 8183 8925 1573 3929
25 4495 9595 4299 596 1146 1311 8018 8864 5256 2332 5104 1154 6137 9233 824 4166 4708 706 6084 3033 4261 8380 6576 3611 3724
25 61 6924 4980 6454 8353 2817 189 3466 4892 3992 7220 8169 6308 7528 1388 7258 1498 3131 9126 2962 6153 4189 6665 2221 7783
25 2429 2928 9628 5719 9209 7746 6659 9844 3498 5026 4964 9384 8246 1502 6990 5196 5118 5707 8255 2853 9746 6096 9781 3400 5953
25 7318 6752 4011 3119 66 3482 5782 1282 6345 3443 1781 9428 9269 5852 80 8975 6651 5703 5784 51 4998 2219 3677 6433 4047
25 3168 5060 8157 4115 1281 4958 2702 2043 3031 93 6873 7707 1291 370 8221 8805 8900 1737 1483 4181 8046 8503 669 5758 7766
25 6913 3430 6255 1601 6399 7730 8506 1193 5534 9508 991 9643 5098 2485 5568 8972 6227 3303 3367 9590 6107 7297 6273 1454 3043
25 2176 9191 7255 9743 6272 7134 2220 1364 3372 8553 8140 2443 333 363 8478 7973 7517 9365 5015 1517 9540 3180 5077 2312 1547
25 1528 3329 5757 9071 1215 8652 636 1048 9328 779 7599 684 5520 3738 798 3582 2620 548 8611 522 9439 5806 3288 7436 2691
25 8675 9768 4207 6498 2781 5994 7613 2025 2359 8741 5537 5243 8010 4621 5590 1451 6554 6646 6867 3302 6193 3576 6959 1602 9970
25 4098 5654 2904 8791 5799 8228 1620 4302 9106 4701 1283 5097 6945 9708 4870 2419 1083 426 3309 7257 8919 5051 2679 1951 5063
25 8086 4437 8338 5620 6705 8719 396 6319 9038 7065 3027 6816 6612 6928 198 9509 7139 564 7491 2624 1899 2583 540 4683 6152
25 3149 2784 3830 164 992 8493 1455 1179 5289 1591 9376 9403 6679 8438 5611 6079 2493 7022 6768 8364 4702 341 3046 8865 2544
25 3025 8967 7446 9314 9537 2044 969 9264 536 1396 5730 5184 3455 2285 9801 5840 9856 6690 2723 1354 8238 7136 5817 2073 3279
25 5222 8566 3512 8059 6762 7278 454 4159 5188 4096 3449 1629 4323 619 6511 577 4492 7765 5178 5776 7079 6007 5485 4 1304
25 3239 7357 4686 2663 3366 1325 40 9950 9000 3121 6799 863 6552 6560 9866 9235 8305 5053 5151 2588 5316 6594 7391 298 9354
25 3321 3160 1804 1272 2696 6744 6460 8288 6680 194 4851 5810 9239 6033 6827 4868 4719 2202 8625 644 1173 3184 7350 2238 2130
25 3527 3029 5285 2245 7785 6422 106 4677 5725 8627 9879 3053 4000 7800 2003 4051 3725 3089 3658 8894 4508 3676 3652 8396 5125
25 6039 499 8410 7380 5913 7808 5550 2374 9592 6821 8344 4620 7782 3331 220 5427 5987 9662 6760 5121 7597 9596 5659 6917 8185
25 9670 3196 6265 1873 3636 3098 3429 2156 9319 8547 4988 9955 6995 7839 9017 8233 5109 9995 4797 526 1507 6717 9198 3719 3723
25 4644 9503 1527 7434 92 9186 6850 408 8481 6452 9225 3686 2358 3700 3244 8045 4015 5643 5781 14 7283 3274 4126 3712 6507
25 4066 1421 1206 8682 5135 5557 3373 9268 9420 8334 6908 7286 3980 3961 4631 5898 9924 9973 2707 4313 6302 8369 443 7001 4156
21 7227 6155 7666 895 4595 6544 9639 121 9221 9155 2024 5249 3242 855 7844 3412 3804 6624 9794 7348 4908
25 7468 2915 6942 5054 3082 2128 7837 8987 3075 5417 1029 7790 7520 7797 7447 9786 9455 5488 9525 6731 49 6496 6151 3335 6453
25 6361 9851 2056 1102 9158 9604 23 8160 4787 9330 17 6583 2721 7619 3577 4370 3171 2328 919 3705 3492 1680 7219 3559 7467
25 3647 5112 9926 9871 4007 3315 2072 2796 1264 1736 9072 1714 6600 9435 2405 2763 1950 1764 8756 7359 8100 7073 6441 2032 8870
25 4586 4352 7000 849 6584 2661 3247 1429 2622 6678 7090 1000 4982 487 3336 641 5286 7244 8712 4983 204 702 2961 4296 5944
25 2418 1852 1326 6392 6196 2240 7275 4046 5201 4711 6926 1516 5357 4801 3599 6532 520 3306 2083 6889 6606 5296 4905 2200 4338
25 9187 2426 601 4141 4403 2665 4828 3394 4472 1688 434 2325 7177 6813 6429 5128 1957 5918 8759 7324 7432 4811 9120 3591 8163
25 8227 9556 6012 1685 5830 64 659 1752 9659 8688 7288 4135 2611 5793 9699 478 829 6109 593 7127 299 2593 6993 6 9281
25 113 328 435 2639 6078 643 2388 8026 6800 680 2341 1342 8361 5870 5645 5761 4975 8315 324 6394 7251 5922 6051 4506 8122
25 5902 2422 211 6575 942 3451 9027 6106 6571 2063 7062 8325 2414 8471 7095 8885 1730 988 5056 2822 6933 8724 4723 8808 8178
25 9020 6786 5090 381 3818 9062 7629 509 9229 670 9880 7403 2016 450 4936 4175 2889 2650 885 4416 4230 7611 7026 4040 9227
25 7911 3202 1640 5012 4913 6698 1297 9526 7898 9843 1702 4368 914 4565 983 7852 9093 6284 1795 6275 1231 4172 4339 8701 8740
25 6965 3176 2973 3680 4017 7010 6163 4939 2835 9321 90 9571 6829 3553 8427 1890 2416 8537 411 5432 822 5439 5661 2463 2441
25 5161 8073 8088 9872 9429 629 4398 550 9298 490 8067 2340 6020 8680 4932 4727 1385 7895 2182 7054 3745 1350 7719 8463 5665
25 7716 8715 5829 3565 5584 7344 4971 1979 8511 3328 3689 9547 9902 3844 7302 1706 7336 3996 6899 9338 7681 7509 7742 5923 343
25 6649 5744 3263 6764 5751 8860 286 2907 7483 3776 126 2144 2348 1749 905 8231 8839 6233 8011 5246 8142 7606 6973 8939 8375
25 219 3459 9349 4029 8403 3290 4227 1069 7998 1320 8545 2159 8822 9616 7976 8896 5110 2001 1153 5641 6621 6323 6147 6853 6127
25 8271 3849 9890 3319 5628 9035 8413 5481 9724 492 1236 3300 7217 262 6030 9122 9398 1205 7845 8942 9013 6373 948 1522 3737
25 1227 6851 9640 4940 645 2406 1458 9980 8871 3463 4235 581 8432 9835 4438 4900 5648 3183 981 1954 6136 7869 9494 4568 9172
25 8102 5480 199 1729 8112 9846 9222 6067 6769 1411 527 4316 3130 7418 3590 5165 3900 8405 5624 5272 9184 349 7748 8654 2724
25 8189 1530 3875 7464 5815 6719 7562 1051 1461 8764 9205 6897 322 9295 1409 1056 2226 9726 3243 8899 7740 5581 4841 707 7641
25 8520 1251 9830 7668 8188 2076 4969 7361 9143 8428 6820 2854 6204 4419 6225 8668 4961 2761 1344 712 480 8174 2606 3284 6288
25 9626 6304 7102 9620 2217 4744 6248 9729 8193 6619 6982 3973 5274 25 2873 1996 681 6878 7308 8635 8684 6914 5825 7356 616
25 5402 2520 326 7710 3215 5579 5702 5394 7806 1800 4569 8599 9886 6504 8436 6510 1036 1103 848 1018 8454 3792 2113 4490 3402
25 6529 2293 7465 7382 1817 8938 508 1561 7414 2319 37 2994 3438 7917 2965 45 9201 3206 5775 3876 307 8589 2210 3518 6271
25 1563 1625 3411 1386 127 2527 4528 7194 3231 5556 6578 5308 3152 7313 7616 2371 4889 7596 3944 6796 9567 1074 5718 1614 8847
25 8342 2963 7196 9002 1587 3326 8257 2921 6641 3967 3699 6442 877 9416 9945 9437 7480 1347 8389 4596 4700 2905 2100 8430 465
20 6160 7314 6338 4656 4485 7068 8956 6179 1199 2935 5992 2939 1289 5360 3881 4765 5277 7658 7218 3207
25 7088 4455 4875 9164 4639 2652 9822 6674 698 8767 2633 5032 1566 1885 6490 1548 9445 7089 191 7213 2925 4570 3520 2540 6919
25 2944 1100 6922 8085 8504 1182 2395 4559 7383 7610 5780 4647 9348 7047 4571 2655 3711 3810 9178 8132 1665 7717 535 962 9776
25 9733 5856 4048 7152 5642 5279 8869 1159 21 2863 4688 7101 4382 4025 3916 2980 346 2727 4672 2266 6358 8602 7524 2864 3588
25 2531 166 4153 1863 9576 7595 1004 8801 2645 7865 1073 6043 8969 4276 8039 4650 5618 5638 4151 6065 3914 9296 3687 8332 3812
25 3692 6004 6409 1797 9761 6805 5160 8051 7809 3534 6234 1818 2528 2038 3917 628 4182 571 323 7826 390 3762 6461 7537 5720
25 3655 2143 3105 5351 6026 8101 9288 9370 1603 6581 4457 8621 9335 4076 5339 335 7482 416 1478 1285 7664 5269 7496 424 4158
25 394 5487 7243 2333 7535 8804 711 3691 3509 9994 9583 8009 8107 2913 9788 2553 8643 4110 7688 8934 7349 2908 770 4332 4348
25 1883 4200 975 2570 6009 6484 7576 1589 1428 2713 129 4075 361 1469 8651 5084 6668 5509 1426 5290 2976 4735 4267 1841 1418
25 6044 5500 839 4613 5344 6589 5910 9701 5176 6605 4692 3351 1572 3013 9039 8162 6626 1333 6934 3964 7458 9467 9123 6073 3631
25 2313 8274 4830 3036 7386 81 8028 4924 8799 2504 2452 1649 3142 3214 2587 8886 9903 2092 3192 4542 5459 9390 4197 6241 8210
25 9291 661 8588 6173 5422 1738 7907 2264 4104 7259 689 6339 1976 4739 4831 5863 4822 1936 8514 4174 8893 8696 662 6585 6748
25 5881 5510 1843 4602 7912 2075 4433 6925 9838 7004 614 278 7531 1740 760 8496 6972 3889 7450 4859 705 6035 4295 392 4929
25 6607 8277 6711 5593 7916 2797 9612 9837 412 1771 9722 6517 9162 6947 6561 5595 1243 4671 3179 3040 6195 7184 2376 9721 4865
25 8787 1489 2717 3615 6512 7941 4879 3314 8491 8108 4992 1435 7581 4745 3955 1321 337 9066 5800 3162 2490 5811 9024 1472 9117
25 5027 2711 1200 2731 6967 4371 294 5879 1389 1747 9150 6617 4454 2294 3827 6072 9081 9099 460 7776 2353 763 5591 7881 9532
25 8420 8426 718 9345 5982 8998 3230 7659 5329 5804 8177 2960 5943 8495 2728 5930 5546 5612 5726 8999 9309 900 5616 3858 8480
25 6843 3067 3462 8989 9617 6956 9082 7080 2373 7796 1027 4460 3567 7832 3353 7233 8202 6095 788 9257 2318 7395 4731 3255 638
25 7709 7117 615 5234 2900 403 8984 9911 1934 9302 6625 1832 149 5106 8498 1457 7306 9582 6100 3766 2888 4354 18 2609 5020
25 2327 1778 9144 5303 3802 4503 3981 2065 6683 936 1395 7352 5956 5805 6224 3001 2860 9107 2379 9854 7959 8797 1377 4057 3589
25 6418 5746 7236 7579 1686 876 8851 1197 8760 8212 800 4810 5052 6117 3074 5496 3771 5403 3800 6673 410 1837 9446 2773 9906
25 3410 4112 780 4658 8167 4636 883 3790 9322 6184 4825 8591 1035 870 8050 9522 1401 532 7431 2136 265 5198 8606 3679 4241
25 9698 9691 4720 3116 6216 1511 147 6218 8743 9333 5122 1551 7250 2256 654 9211 1821 3552 860 3175 4610 6334 7834 7146 4145
25 2296 4233 7602 4957 2209 553 7176 8239 1861 4840 9026 7402 7978 3061 8828 6162 8041 3548 1928 1893 7423 108 3741 1204 2983
25 8587 7677 7876 8681 8367 990 7697 3044 8017 3070 1822 7024 2186 5271 7897 5203 1712 3911 4627 8802 7946 9690 3871 6533 9304
25 6780 9306 1260 6703 8973 5553 1480 8312 1203 5284 2506 9148 201 5639 6525 7299 7858 3177 3056 971 8866 7374 2253 437 8147
25 1194 3773 7580 2982 2119 7118 6161 1104 5380 5154 8749 171 9080 9218 27 5993 827 9352 1063 6335 3922 3787 5294 9396 3857
25 7064 6875 8915 9018 169 3227 458 1330 5901 8031 7650 6773 9828 4262 9448 451 2028 7634 8066 1044 746 5011 8385 7789 5225
25 554 7224 168 5779 3729 252 6579 8401 2281 8960 5767 4789 184 2524 1423 4155 9367 1691 3063 6468 1427 4977 2157 9811 5398
25 8213 3865 5699 7698 9138 3439 5526 7573 9694 7266 594 8881 5157 305 7674 7961 2469 2750 8751 140 2114 1683 7057 4606 4846
25 3008 9087 1904 9511 7203 4400 3930 6566 5317 3501 678 2990 1796 4461 7930 1432 7655 5275 5142 9606 966 3128 5652 5891 4803
12 7849 6239 8554 3616 4070 9044 967 4068 1061 9231 1337 1956
25 8965 9495 318 3583 6814 4089 7971 2958 9157 1876 7879 2431 6798 6469 6738 4945 5680 165 4193 4466 4180 7905 2337 2408 7111
25 3409 4084 3050 8795 7448 4119 2108 1891 5040 4128 9110 453 7265 8596 3296 1610 7443 9715 2902 9217 3872 2521 5150 587 2818
25 1794 7585 7557 8796 1079 709 6344 8638 2402 5801 1534 293 8141 7723 9515 9245 6568 8558 3934 9953 3260 6534 8722 1939 5370
25 7293 8979 3717 1460 2852 3524 9912 716 2241 4357 9029 6042 2632 6174 1025 4849 5363 7242 2692 7660 258 5003 3718 3500 3120
25 610 2523 533 9450 6244 9070 9028 6681 3722 7620 5981 4251 6556 2560 309 1894 6506 4116 5493 6725 4633 6070 2786 2839 2840
25 1815 7804 5732 2181 5375 5713 4244 5610 2468 3925 5023 8524 8863 3379 941 7333 2674 4169 7053 7523 4995 7801 4741 1290 1646
25 7711 2742 1399 4137 6580 9836 4147 7415 1598 4043 1041 8993 3568 4097 6847 9825 5677 3726 7526 289 5580 8861 845 430 5571
25 7810 7347 2605 2442 8259 5405 7048 7817 8502 5411 4543 9988 7708 1672 8844 2974 3312 2071 6472 1144 5048 6521 6158 5931 7937
25 3708 8774 9633 5503 8412 9952 3909 2397 8904 8307 740 1050 9079 6697 7706 5355 9315 1156 3720 4287 9887 9290 3238 6242 2770
25 8698 3424 6473 4291 8785 9570 9963 2023 8326 6713 5016 6226 5558 9510 3908 3820 9587 3109 5185 5129 2013 421 6322 3749 7161
25 1879 873 854 7190 853 5701 462 5933 1981 7147 5072 6083 8359 2552 7598 2617 9059 1661 8276 6287 9451 4697 8311 1758 3562
25 6912 6159 2031 8772 4749 5116 2415 1820 8788 6462 2851 1525 997 2004 4176 7838 6371 6520 7144 804 9266 1118 1961 5876 2664
