24 7013 5885 8774 8464 6647 1215 7633 6593 1393 5979 581 3256 5191 8048 8336 8221 331 7623 9999 7181 5784 6011 5399 4841
26 8773 3149 1852 5507 7434 8615 867 8827 5933 7221 2089 7645 6970 3142 7354 6709 4026 2483 5762 6472 2624 5949 8397 437 1939 4846
12 8890 3008 4959 1326 2686 7840 9868 2192 5452 6391 8935 7482
7 6252 4011 1959 3050 7567 5453 978
24 1178 5161 7314 1640 2916 3169 7171 9641 4159 215 2951 6397 6043 6137 4122 9245 3344 7023 1205 1427 7290 1868 7374 4729
26 719 583 6493 9105 2000 4318 5444 1695 8026 9790 8926 8136 732 9727 7076 471 604 2481 6520 3600 6616 9953 9432 5718 4332 5631
21 7468 1879 2742 4088 4938 5724 3784 2407 396 8760 4818 7189 4442 5778 9966 5463 9591 5010 3884 4271 4545
26 8670 8179 2791 6450 119 100 8118 4617 5134 2766 4868 7094 5958 9239 1945 7723 4015 6214 6766 3226 440 7530 4861 6876 1454 3204
23 3696 499 5393 8719 6856 3802 8116 4857 8316 3827 7904 6779 2175 5098 2563 7725 3684 2029 5873 1157 8269 3931 2862
25 8227 8564 2915 697 1873 3370 7972 5062 4714 2040 592 5640 7781 9863 4438 8317 8900 1333 9932 9115 3464 8893 4901 757 1653
24 7227 5858 8426 9286 6498 475 9561 6297 9980 7654 9333 2580 5420 9193 9957 8567 4362 2448 5127 4812 3302 1495 5599 5443
26 1135 2589 8203 3541 4410 7253 5426 9655 3496 536 2607 8475 7286 835 6249 7930 2553 3713 1126 1153 1161 9184 2764 3848 86 6507
18 6031 1817 9579 1804 1792 4595 9458 3465 9849 8402 3286 7288 6187 4925 7969 7160 7855 8012
26 2418 3667 1100 7255 8637 9273 7777 9132 3499 947 2874 6138 7100 6714 8763 5186 9565 7003 7218 8752 6890 2888 3002 2421 7818 7783
25 7109 61 5744 5090 5071 6274 8493 4623 4638 7898 1688 2218 2364 6543 6225 7820 6510 4961 3769 2824 2251 7813 9714 2321 1972
26 2384 6900 4635 3263 1634 5036 7282 3986 7490 9319 4899 8268 9917 8524 6734 3446 2763 2403 9096 8702 9660 7268 7603 6973 962 9172
17 9121 2324 5500 1223 7710 161 3451 5968 6104 6960 4978 7788 1277 7753 5416 6675 8712
21 9913 364 9044 8536 3433 2119 5374 6904 576 5725 3761 5385 1289 8729 4191 4900 9312 8002 8558 5037 2659
26 3654 8420 6239 5120 7686 9576 6570 6737 1831 8159 4085 5042 3573 9363 7786 2274 8439 2071 3728 9468 3766 5822 8369 6384 4522 1646
12 4679 3692 3951 8351 7787 8824 8780 2680 7754 8603 1747 5886
26 7716 7779 5487 1655 4656 141 8695 7216 9496 6905 2938 8212 278 1094 6124 5257 6432 4386 9415 2929 4416 6594 2697 9781 8008 4987
26 6403 6607 9851 3632 4301 4764 3364 8687 2548 4111 1320 683 8010 7016 5722 7388 8399 3823 4576 6278 5141 6107 1180 4445 2200 8941
26 8878 3655 3170 8382 4115 2799 2304 4130 6393 1584 2694 7547 2461 3053 5687 5827 9895 5680 6668 351 1404 9154 1969 316 5874 9906
26 3647 6662 9685 9830 5566 9610 896 1110 3946 9513 67 7707 7497 1357 5675 6267 2662 2050 3834 3357 3280 8666 3003 7219 9993 7766
26 7948 113 328 4502 3795 4744 9846 9822 8662 5373 8741 9593 3973 9967 556 850 3888 904 9840 2723 1044 1173 5667 6685 3255 1207
26 2176 696 5698 4207 7323 7209 7808 2977 4969 3231 5340 9043 9697 7962 6707 1974 8340 7050 1156 2637 5469 2301 2458 5659 3284 6613
9 563 7355 1159 7152 6352 7785 2434 6344 9723
26 2015 8029 7585 5025 596 871 7275 397 6925 8599 3027 1307 9816 9194 6382 7897 2018 7367 2795 915 6723 1552 4041 455 5821 4622
26 3321 5971 4437 2783 7438 7386 876 6910 6041 6883 2729 3339 8649 4878 4461 4395 5997 569 1971 2249 7054 6440 4226 9749 2609 7472
26 4829 4586 945 6265 6966 7759 5853 1956 2906 2366 8460 6375 4979 4890 1901 6811 647 717 158 8240 9857 7955 1619 2172 7138 9638
26 1105 3025 9267 7975 378 9617 8555 8610 7362 4221 2829 684 6863 6006 6763 6314 3927 4465 2028 7478 9008 2339 4324 6993 3347 9354
26 3578 4475 8447 6645 1963 4806 6871 4327 9229 1934 5210 3508 1668 6142 7536 814 3638 2038 8570 8663 3189 9808 6665 9711 430 4156
15 6321 4877 1146 2346 6610 8523 3098 7604 163 2373 3039 1905 6339 8669 3517
22 5991 9251 9666 326 7075 7068 5170 2045 4498 9592 7672 6281 9739 2148 973 4631 2257 5149 4116 4783 1881 4393
22 3580 6115 9287 5347 9795 572 7043 2810 1008 8494 991 9489 3207 4218 8006 1011 2858 2493 6354 6792 869 3950
26 2735 203 9556 4673 6771 3038 646 244 9073 680 6519 7566 8067 3413 3010 3704 7571 8318 6671 1571 4199 9013 2594 7035 1472 9117
26 2736 219 1984 8835 6749 2600 6946 2359 4496 2021 6806 9083 8325 1266 3397 420 7721 7838 5038 14 8825 4994 4735 4267 4311 3279
26 9550 2313 6004 8434 2967 3468 3513 1521 1643 2910 8963 6873 4547 7454 5217 1839 5807 631 1807 3288 6015 4129 2998 1961 9396 8594
26 3629 7270 9109 7557 4704 7682 4256 5465 7872 1348 2281 5004 527 201 9295 787 45 2459 1760 8756 7593 1594 176 5760 3690 4145
26 7913 9090 1635 1986 3036 3082 1325 5941 4937 1368 8807 1328 5167 9224 5360 3195 5761 3900 5231 4402 1127 9067 7869 9878 9614 6342
26 311 3564 6875 8915 6523 9209 2160 3247 7915 2104 5092 5473 357 4970 4804 8651 1451 5638 8358 6781 4037 8036 9960 4339 6881 2130
26 9449 6361 5818 7637 506 5660 3124 2260 5211 5188 4701 6983 5484 3233 2996 963 2646 8356 4933 5185 3882 9931 6390 9793 5436 3737
26 1560 7293 7224 5626 3885 5263 5962 7316 1037 586 4698 515 7351 4915 1567 7032 5496 1936 416 2131 7159 1665 7880 1341 4883 2664
26 4435 2009 8277 4875 7909 3685 1968 6907 3752 8416 4272 3494 7024 1850 813 6590 2733 9802 2001 9599 1899 4231 3304 1570 6060 3259
26 1209 7936 7768 5699 2731 7019 6719 5310 599 3075 9800 695 1154 5565 9359 5281 548 2092 2575 781 6236 2098 3287 7350 424 3289
26 8758 2507 1524 168 9620 1281 9505 4249 1679 3851 3689 9378 8750 985 2682 3912 5195 5832 4342 2146 6074 299 2326 2679 4451 8847
26 3202 1724 3160 4107 3583 2473 3751 9809 5123 7142 6963 129 453 6539 8390 9788 8914 3318 2469 6092 9451 438 5011 4741 3712 4348
26 474 1528 2106 8348 6526 9832 9475 8800 8296 3710 4263 3625 2265 4144 8525 8887 7272 8709 3382 6599 6468 2879 3140 9765 2926 343
26 4839 9504 6164 4826 5917 4639 2320 6476 8620 1532 2601 6810 1834 8247 1444 9102 2124 7738 2201 5081 9772 8142 5839 540 6052 3110
26 549 1208 1251 2440 6842 7692 1441 886 5451 9667 7823 8917 6861 9055 8438 5522 7590 6691 9535 2705 2574 3676 9467 1287 3500 8087
26 9313 48 842 1908 3220 4585 1256 8953 2184 65 6987 5262 4852 8471 2552 1423 1717 7511 3911 3964 1356 8275 5499 9764 5819 7937
19 9459 477 1319 9944 5303 8245 1027 2035 7488 8218 255 1435 1982 3630 1446 5524 8972 44 4795
26 1757 9256 9763 8346 5719 6652 1864 3657 3859 4539 133 399 4518 3078 2834 8039 8668 63 7029 8837 2349 5459 5688 3042 1137 8185
14 6039 8290 9974 9815 1272 4329 2011 8505 7197 5975 5470 8140 5102 9520
26 4078 610 9595 4588 4869 5584 5866 294 4677 5864 6824 8745 2854 9153 2451 3599 5993 2267 1196 6428 6501 5147 5269 8385 2280 4592
26 5018 837 2335 6475 8219 1346 1169 5064 9992 6059 9785 4443 9213 663 8081 1167 4238 4655 3089 9551 2870 307 6373 6273 8463 247
26 2519 4882 9691 7662 4940 5799 9731 8617 2648 1715 6821 8749 2532 6308 9258 4373 577 6370 7244 3273 236 2114 2905 5637 2138 5125
26 303 3381 4154 6942 2442 8259 5405 1595 7334 2082 7363 916 256 8165 9400 6180 5152 7892 8660 2891 7827 5316 5889 8311 5900 7252
26 5970 8271 3396 1246 9100 3194 5579 2191 819 5306 7006 4692 7352 6205 676 3481 6894 3209 3087 1694 7833 6193 7905 9494 3559 4338
26 6670 3239 6457 4807 7190 348 454 147 5610 3163 8431 8437 4746 2433 2700 6175 6075 3401 1216 9338 5423 9622 2806 3853 7424 4929
11 7325 3614 2495 5816 3086 4541 1886 7498 2099 2909 9049
26 2465 1815 9768 1240 8173 942 3524 4068 3905 1871 7262 692 6171 5479 619 7839 5905 229 2255 1893 4010 8100 2307 898 8396 465
26 3055 2327 5510 1830 2577 422 9842 2415 6218 7987 1591 9366 9456 2721 723 884 7400 1405 4581 1877 2491 9007 3715 5545 8332 1569
20 6466 2581 1177 4471 7239 8353 2817 4552 9911 1448 9155 5597 8299 4188 9664 6545 888 5542 8499 8267
26 4525 9925 1530 9640 4613 2857 9481 4828 938 9038 2805 9671 2994 9162 1072 2350 27 3563 6852 8794 960 7959 3792 7719 790 3562
26 8292 394 5856 2056 3225 5069 5695 8018 4594 2835 1810 134 1767 3262 2789 6055 7447 5987 5392 5338 4928 5431 5551 5077 7881 7825
26 3358 6767 8629 3866 8682 9761 5780 4398 3466 2402 7205 639 7782 4460 2615 7322 9531 7060 9893 4774 8333 2080 3180 5591 3656 5273
26 8578 4984 513 7666 4137 9127 8909 542 833 1461 1756 8960 4251 2311 9431 2236 1975 1434 4640 1608 1242 2450 8683 7906 9827 4047
26 3090 9670 493 3073 1601 5382 7411 7187 987 5372 2713 1073 7237 6565 4004 4051 9518 162 3183 9126 8114 4811 6534 7814 5646 1139
26 5649 1883 5517 23 5650 8504 7150 7143 1752 3079 1800 2341 4620 9080 2093 7124 8930 2202 6524 4298 6335 2094 1419 6998 8424 7986
26 187 9291 661 7086 6316 2217 252 5792 2893 3959 5519 9022 9384 22 9212 6372 1385 336 6500 885 9417 8657 5922 1544 587 2755
26 1776 6269 6053 9346 2181 6024 5008 5550 1429 3997 8225 6888 6940 171 9594 4571 1713 3794 7241 5015 7485 2689 4697 1579 5988 8178
26 9084 7709 7117 35 7494 4017 5844 2477 8645 8150 7004 2945 5061 3399 8000 4727 1049 4849 8032 4131 4530 4363 7722 443 7459 8163
26 5440 7064 5307 9702 8085 3949 4274 6248 3210 4675 3121 282 6366 2084 5870 1053 4039 6371 3864 8658 3348 4269 5439 2329 8327 3643
26 4309 6794 1529 3490 2639 4372 91 7048 5356 1603 3925 2850 3300 3980 8360 2894 5103 3355 6254 1362 289 1802 4077 3687 6795 5944
26 7965 1900 1697 4733 4028 102 382 4773 8793 2037 1317 9798 1988 3747 5349 96 2688 3383 8912 4284 8132 2877 8090 3405 5798 9677
26 9847 4352 5189 3199 172 6089 9948 4270 9623 6722 8911 5694 5520 2567 3437 6906 8045 2331 5938 2392 3423 5348 8391 7996 9241 3589
26 8965 1794 5954 6836 8035 1647 1250 6587 8326 862 2621 9943 2955 8656 3448 154 5490 4148 4600 1021 7300 2490 60 6715 7011 8618
26 9752 6044 3196 6922 4957 494 8998 7924 5059 7630 6165 3077 1229 262 7605 7997 5427 1712 367 3456 148 1726 4354 8959 1892 3812
26 1315 9020 7357 655 9951 7342 4384 8214 9624 412 5171 7091 2204 6318 1824 5570 9924 1442 2475 7199 8208 4633 3627 1377 8897 8480
26 3607 2828 4070 1949 8766 5267 4355 7837 1096 5556 4651 5992 4044 2325 6776 4036 1017 5468 4005 6892 2014 650 421 8452 8308 8556
26 7429 4411 2143 5535 5477 7232 7134 2072 4523 9720 6312 800 5600 5309 6332 8720 558 4952 8678 8677 6300 9997 623 3688 8718 9334
26 88 7005 7546 7876 4291 7479 553 1455 2898 8691 8826 6730 5243 4903 9389 3788 6303 496 7358 4294 1219 5024 9290 7742 3850 6467
26 8184 2166 2147 1143 9872 7191 4966 821 1220 2086 5305 7021 9780 8813 53 5840 2487 3023 4142 4095 9905 3106 1952 7496 3781 4553
26 568 789 7196 4003 3502 5187 6407 7903 4561 2710 6184 6129 6862 5548 9218 6754 2295 1766 721 860 3837 9266 2219 4049 6073 6458
26 2695 6418 5112 5955 4658 5557 5279 2121 5619 1981 9534 4135 9867 9091 3379 4619 5288 2666 8230 2759 4551 1801 7269 9977 9770 638
4 7575 4027 2422 492
26 7956 3333 9011 6634 2754 6584 7315 8798 3421 2439 5379 5464 239 7646 3013 1224 851 4738 7625 468 9145 2067 6598 6465 7713 8535
26 5335 7891 2963 9613 6356 7364 2602 847 1504 6921 4266 2614 3052 2876 8121 4831 3730 7378 3706 6099 6673 204 7413 1278 5931 2897
21 2920 554 5710 7206 9135 4469 40 9741 9379 1638 4235 2144 4000 1786 2943 1990 3662 1732 6623 1577 1437
26 1563 7444 2642 1904 1460 5375 9570 9963 1790 5301 2 9110 7999 2358 487 654 1400 3733 4169 6330 9147 2007 5623 3224 7733 4268
26 8640 6150 4223 6711 8791 92 7679 350 1875 484 7650 9894 9092 3756 3374 1750 2420 2617 8084 8139 725 4083 948 7968 9829 9573
26 2571 2296 9306 6567 4646 7732 1436 4989 4800 6571 6708 1042 2947 4345 3553 3590 3634 6972 4763 8455 9057 9922 4823 9669 7123 5108
26 6412 1227 4184 5205 8989 225 4400 4944 4206 9226 1396 8422 9021 414 1018 3519 9839 5111 6936 7850 2962 9309 6958 1497 3535 1418
26 8310 1002 9744 2132 6742 6247 6188 4347 272 7542 8004 4106 3893 3234 5793 8436 7973 8392 9066 5177 5447 2878 3819 5661 9834 391
26 9976 8192 3833 4980 5012 1565 8571 9928 7267 9574 9270 2859 7521 7018 5805 6077 2030 7550 785 6797 9854 9555 360 8647 1614 6271
26 8175 1228 5746 9805 1863 6618 4441 3974 6301 3216 1283 6743 1870 3913 2263 500 5196 6949 5594 4943 7694 7983 5051 7899 1958 6221
26 677 2531 2293 1276 3051 9068 7256 7609 5481 3673 9330 7394 8544 2414 7886 1780 3223 521 3998 5676 5787 2886 1938 2492 327 1547
26 6002 1332 6168 6550 2171 8553 1160 9912 4907 890 6857 9247 3009 6061 997 8927 451 1397 2066 9308 9986 4702 1133 8119 1909 5173
26 4008 3936 6455 4404 8772 1557 7941 6902 4653 4282 9421 8903 1387 4359 5106 1388 2510 7970 2953 5897 6275 1663 5604 4305 392 3528
26 2432 8787 166 2973 1627 1884 7383 8500 4314 2670 5692 257 5733 1145 4739 7982 9009 5199 1032 6817 7261 1751 9390 1148 2540 5398
26 7862 1512 442 6517 6454 8785 578 4045 9268 3372 670 5929 9428 2611 217 7121 7439 5772 2347 269 971 1398 8260 2376 3858 9776
25 2135 9820 3891 6220 6515 6630 8596 3767 5635 2901 9368 2139 5482 7939 1463 3353 7233 2616 2002 4181 9719 3698 1641 4140 321
26 5497 7849 3329 7574 5779 1239 3326 8257 4832 582 4060 243 6874 9442 1853 6072 4514 4975 8315 3658 2798 9434 8130 5342 4281 2225
26 1515 6843 1674 977 5234 3057 990 9516 4247 7414 8105 7178 1649 7321 80 605 2672 7517 9365 7600 5048 4516 913 1052 6559 9380
26 3442 6654 9087 210 3341 2776 6422 2220 8644 4736 2863 8545 510 7552 6478 2381 1432 5365 9356 8853 1940 1077 7951 9 5714 1300
26 2247 7810 5890 2031 4376 3530 2290 9896 2921 3454 724 8692 6522 6859 9629 4360 2668 9285 4837 3720 6207 3637 6365 2677 1230 6919
26 4758 7455 2230 1843 1201 2033 7632 7926 1193 9433 9479 1047 863 3567 25 4053 2047 9342 7053 8124 8899 7051 2767 3836 4057 8527
26 3156 5881 6304 780 2999 4007 2802 514 7207 1203 4128 3470 232 3367 6131 5789 6126 8465 8457 9580 9540 7676 8722 8371 4695 7111
26 5299 4056 3424 7465 5620 8379 2044 2388 5094 9740 779 9530 9571 9930 8632 6169 9235 8305 7596 9715 3015 5515 1903 2253 6603 616
26 9707 8489 7428 951 415 6216 7278 6491 8664 9607 5734 589 4173 7708 4694 8003 2371 2158 2328 8949 8639 746 8910 3520 6266 2627
26 7475 6780 4112 9926 8093 7203 7456 462 1466 4634 5154 5139 1058 2189 815 6054 5605 5053 6395 804 7338 5248 3095 3080 5876 6748
26 2949 3540 5060 1527 6392 8530 5809 6094 5250 2370 9006 3606 909 6975 9946 6471 6145 7925 6976 593 7744 6631 7395 6151 6595 3631
26 7399 7864 9377 5158 8188 708 5847 8981 2882 2229 1897 5016 3178 8821 3736 4175 5945 2484 1661 413 5489 1129 3184 2157 5293 1343
26 423 3410 5049 1200 7994 9647 1189 1620 7724 280 5278 1720 6816 333 3935 9866 2303 2232 2750 9257 1798 7885 6070 2423 3335 5370
26 7928 567 1588 9735 9164 6597 1415 1297 4853 3450 490 9941 1832 809 3152 4748 7240 7893 4680 8255 2807 5883 4418 3903 8612 6453
26 84 8698 209 8614 6764 8412 5260 2314 3135 6211 3463 1337 970 9335 6376 7543 1214 9672 3109 8514 5813 5617 3128 7026 4897 5665
26 1066 9698 3067 4665 1046 7276 120 4147 3843 7422 83 9023 173 3682 7385 6324 5741 5820 9173 460 8295 4303 1064 5817 7537 2818
26 1335 3697 6206 1111 9064 921 137 8486 4031 8928 6146 6042 6785 6798 4512 1477 3538 7658 5275 1506 8685 4995 3422 7831 4446 1247
26 4058 7186 3572 439 5511 4990 2930 715 1176 9914 5391 3340 1761 8539 9423 5696 3332 3649 3889 1091 2725 7577 8838 3923 3107 3724
26 3253 3245 1970 4528 6615 6809 1098 8058 8843 4167 6619 1670 103 4454 3805 8528 4612 1730 5671 8934 3033 3683 3041 5973 3518 3994
26 1040 4536 4200 9019 8681 6463 9177 9288 2174 3862 8814 3748 3796 9244 6320 7056 5930 4118 6768 5056 9294 9609 7184 8622 1290 231
26 3869 6189 277 3462 3319 643 2675 5995 7493 6140 2851 6226 2213 1920 2485 7932 5 5618 4023 9601 9301 8223 2683 5232 7356 8700
26 1273 9920 6547 3445 3542 952 9263 2884 1166 8064 6231 5172 7403 9175 8015 1554 7752 3642 6233 6084 5871 7307 8082 9569 1931 5720
26 6381 9046 4935 2825 9018 5228 2394 3373 4767 9908 8976 6540 9630 7250 9233 6990 8852 2149 9261 6022 9590 844 7953 4649 8372 4750
26 6822 9166 3976 448 4409 1369 9964 8510 5700 3597 8540 4988 9955 9651 3296 3516 4187 1498 7450 6166 7348 4474 4315 9499 796 6439
26 7657 6139 6786 3544 6480 2105 7037 6426 1531 2034 1967 1395 1296 3495 4529 687 389 7736 358 5624 3492 4700 8602 7748 1951 4120
26 4377 8306 7000 5686 9819 9381 5861 2558 5105 7407 3556 5767 4730 6431 7797 6528 3506 7671 9500 5266 2503 648 8636 8078 2839 136
26 9003 1447 2520 989 8253 8595 444 5969 9844 3498 2804 4893 293 3939 4762 6738 6666 1737 9618 6867 4726 5198 6158 12 2864 1510
26 6783 8213 9412 8546 5503 3117 674 5031 1541 275 6713 7807 3351 6928 6947 6988 8135 8041 7514 4580 8095 6933 9656 3369 5923 2055
26 3708 1113 9845 7226 6729 7811 2652 3930 9438 9724 1911 4906 2299 2644 5739 752 2466 240 5776 5834 6731 705 3349 4905 8939 2848
23 1992 4717 6951 6718 8194 1762 1182 5478 2374 8550 3356 8009 8107 1533 2256 1022 2816 393 625 7989 6895 49 1479
26 5868 6656 2784 2518 9871 8671 8228 2948 4046 8063 4711 4264 467 2582 8357 3598 1775 3363 7910 2182 4670 9668 8797 5150 7772 5501
26 4094 3049 3865 2537 5627 3940 7933 7169 6106 1692 2228 8177 6083 4369 8971 7923 2752 4548 87 3653 555 2734 5460 845 9811 3880
26 9563 3257 3024 4838 9477 7448 2665 9075 118 9157 9361 9722 3389 2269 8886 525 4946 3552 1162 8999 5207 7343 4996 2608 6853 3402
26 9927 7435 6068 7580 2937 7901 629 930 1589 2468 6363 7220 386 6813 738 4817 6276 1249 7332 7487 9343 6136 221 1425 6819 8375
26 1543 9349 1142 908 4396 9158 7506 4397 1568 7857 9103 5023 5166 8476 9506 3577 1007 3705 8913 2692 7204 7079 8861 2623 1758 8582
26 1305 7188 6327 9633 1922 8854 9035 8815 2234 8901 8307 7626 5742 7854 786 5132 9050 9315 1574 2987 8441 5869 4785 2606 9736 8154
26 2883 1414 9806 5712 2651 4544 9151 1480 4824 6775 8547 7588 5986 8281 9865 2728 6499 5325 5197 6487 6508 5811 4399 6481 2019 976
26 9393 9985 9965 4153 9180 3732 7745 4278 7415 4856 4515 9337 9643 8246 2685 3419 7247 3890 3252 712 3037 9203 7489 2554 4606 1378
26 7070 9649 4170 3717 9511 6272 105 943 9526 5534 4569 2116 694 2348 7875 8498 1329 3132 6516 4797 6449 9676 13 7409 805 5538
26 6263 1492 4624 3475 6222 6380 8737 9133 2796 1199 774 924 8270 6204 3391 941 3639 3804 2647 9841 8626 4054 8096 8648 1841 5697
26 7957 5027 5466 5757 1386 9824 4433 2525 2557 2933 9444 3907 356 4259 5419 6337 8757 750 5912 1076 8983 6421 317 8925 7731 8874
26 6912 9733 1363 3875 7628 2927 3434 3258 2048 4062 2309 1029 6609 1026 5136 5921 6299 9445 838 5940 6592 4392 831 5891 398 8543
26 4742 7140 1376 984 3414 3215 4819 3211 1820 4453 2375 7125 3808 6264 2447 5645 5863 7851 603 3219 9439 1279 1683 6569 6533 5504
26 4948 8458 1869 6360 32 6182 2430 5513 538 3145 4073 4688 8961 1116 6286 1124 5128 3822 9745 1793 3162 7696 3576 6461 1962 8210
26 2356 4796 8224 6563 8187 1487 1942 6882 9701 9106 1771 434 4710 8842 4165 4252 4765 5585 2195 3071 4375 1813 8156 9095 8884 5415
26 5693 3409 965 5777 5678 8665 5576 8631 6548 9998 3574 836 6679 6977 6483 7622 2655 337 9310 1708 5750 5814 8183 2786 566 5723
26 5480 1024 8713 69 2235 3993 709 8164 9632 4787 3474 3447 9682 4876 9653 6086 8994 8561 6295 3944 8456 111 8589 5388 1009 4319
26 5324 1838 8370 3566 4481 9202 1152 8244 2769 4104 3428 6262 473 8512 7419 8234 5109 8592 1754 3350 31 2550 4519 82 5508 4803
26 4379 7028 3459 975 6425 7162 775 5702 3044 3799 2841 2137 958 7802 6282 5611 5448 2101 2306 1849 8451 1336 3571 4844 6152 5859
26 1192 7687 3779 6058 9450 9537 1768 4227 4224 3509 9994 4985 8242 4789 3076 2476 1957 7775 1258 5634 427 8507 7165 2847 8106 9517
26 7463 7198 200 4973 146 1902 6971 1561 5998 2498 928 9114 1078 8969 3525 4389 6037 3164 1927 4108 9689 6770 9210 3238 7601 2770
26 9514 1323 6536 6293 9037 9645 5764 6121 9515 8047 7651 7750 6396 4067 3360 2365 9605 917 3548 4447 2435 8046 5978 662 9700 7058
26 672 1384 5553 2605 9182 6814 2076 3731 3811 4821 1513 2244 3473 3130 1941 2282 1370 1401 7688 73 6394 8790 7073 1652 3975 144
26 4644 3918 3368 9071 9118 8037 6589 7576 9474 4121 3154 5872 3856 8258 803 8623 5118 2579 9662 2747 5246 899 3671 1191 9717 181
26 5192 7020 6756 856 6133 5679 8895 979 21 7065 9542 2631 4549 1727 2254 253 8172 3497 3954 7639 2223 9340 3945 4197 5265 4374
11 2573 6544 8574 1628 3565 6705 8860 4775 1391 7998 5067
26 2061 9463 481 2904 665 3636 4477 2025 6134 6800 8906 1286 1322 7397 3511 2873 1828 551 4488 7084 4283 251 296 2210 4909 1019
26 2718 5562 2118 8338 2570 6251 7309 8956 3432 194 7757 4168 3150 9079 3352 8241 2820 3297 5774 7431 3876 259 9129 2610 1677 7173
26 6689 3249 8548 6744 8059 8112 4958 1458 852 613 5083 8400 5308 812 8170 3246 6079 3515 7185 3716 5831 7044 7154 4723 4133 2597
26 1097 6502 892 9249 633 7477 2377 8945 929 8746 2808 4810 4660 214 8569 8362 3365 1950 4081 8005 7213 7740 4752 3611 794 3021
26 2720 5615 7684 9144 5539 3366 8028 9424 9441 10 4777 5908 5862 9708 3331 9017 7031 4917 6878 3268 246 5162 6950 1115 722 6997
26 3147 658 8979 9382 2541 2984 5087 3790 485 9299 2546 3828 9978 223 4572 9086 6347 5677 1829 3243 9036 3250 9189 6518 8001 2276
26 4601 3546 8274 1755 9341 1324 2790 9272 4114 6451 6692 8153 3201 9933 385 4333 2868 6937 3020 8056 4753 1600 3274 8404 590 20
26 3549 4873 4194 7236 8768 379 2661 5684 3476 7920 5583 744 728 1493 3283 7327 5333 4954 2069 5752 1490 562 349 8482 4911 4538
26 2316 9402 8902 3108 7581 4786 5021 6582 3874 5329 3443 2762 5233 2903 50 6588 1711 1703 8276 5272 5927 452 4242 2656 6191 6260
26 6277 5218 6741 4225 5107 4636 8597 1644 6757 4628 2151 9152 8811 5950 5506 6490 5595 620 4110 3800 6489 4908 8249 5047 9560 557
26 9619 3311 1489 9045 4914 1537 4756 9440 8075 8109 953 5442 9821 1382 6697 5614 6315 3151 7634 8964 5555 6872 7950 6088 811 7161
26 768 6740 3601 2866 7882 1553 7025 5526 2568 9056 8764 5122 3141 5258 8584 7291 6787 1648 3301 9332 5836 2298 6112 4554 3860 9916
22 8967 2053 5621 9353 1913 1331 4798 7532 1117 7866 4096 2478 8199 7720 8680 7345 8417 9398 1426 6934 2853 1293
26 4494 8783 5377 9297 6238 4880 159 8407 5101 1188 9407 7935 6122 6560 2619 3955 7541 6351 5200 861 5290 3727 4813 1581 778 8921
13 713 3005 6190 5226 4862 9375 3694 9687 7817 1389 4916 3902 7621
26 1867 7329 3910 615 9712 8876 9357 7940 6793 9141 594 4198 8415 5157 1885 7371 7616 9791 6690 3048 4967 6445 9690 4731 2238 3380
26 606 8149 3557 9549 2528 1352 2187 1299 7164 9826 8516 4843 4407 5019 3387 8280 9519 8568 192 466 3932 9260 6177 7751 6931 5571
26 6815 1773 2957 1252 2178 7912 189 3623 8182 202 7594 5117 9862 7330 6802 7591 6661 8600 4480 1759 2830 5345 7717 2516 7002 3386
26 6377 4208 7927 7243 9130 3970 8694 6268 4072 2599 2935 4092 5216 1743 9683 7107 335 2801 4737 5145 5974 1636 8282 3871 1923 224
26 8731 19 7373 2167 7382 3315 6716 5835 5076 6253 7502 618 2017 2995 2524 4001 9969 7670 8634 8880 4760 9200 1633 3229 4018 5253
26 8518 9935 332 3200 1175 2954 369 1257 1104 196 1840 9884 1235 8077 3337 2757 7155 3670 3937 3899 38 5404 8278 8613 3185 7093
26 4071 8024 2782 656 2245 4063 6359 5160 6067 1924 5985 1624 5292 8863 4597 8181 2542 2022 324 1085 5276 145 8879 685 5865 4865
26 5934 3990 730 2399 2352 7916 6279 9228 1464 7222 1781 2024 1314 9877 7504 7835 1657 3324 1878 1285 3028 3441 2277 9461 2964 4662
26 7861 2603 9274 9485 8796 1587 8804 3896 9160 2622 3213 5785 3139 7853 43 309 6215 1347 6408 8608 2629 4968 4611 4295 2203 5606
26 7401 8932 4164 9575 9138 2831 1511 1309 2264 7763 575 4290 5925 7551 9621 8697 2974 3096 2120 4766 5791 3681 5065 7166 5471 3985
26 9675 2233 6410 6474 152 2706 2797 6367 1799 9694 7587 1682 1065 8361 9899 1925 4650 75 4216 1675 4061 8080 7863 1288 6350 3883
26 6901 190 3354 8285 982 127 1509 6674 3173 4840 9026 5350 2159 1933 4210 9111 6720 8322 3303 7390 5641 4791 2730 9446 8113 7404
26 1138 3294 9385 57 3616 4171 1443 8820 6680 6641 2636 7298 7520 914 8442 2027 1673 2932 2083 6100 123 4780 5581 3264 9097 5629
26 3608 726 2649 6338 7663 3439 826 3469 2206 5559 7077 7879 2340 5956 6174 4336 4684 3953 9995 1987 9875 8411 432 2833 1701 4891
26 9679 7114 5540 7870 8155 6484 5400 8023 5879 5569 3645 3487 6442 8387 1057 5802 9853 7979 7841 3835 5410 9608 329 5361 818 3097
26 6724 8557 2511 7934 9190 2900 353 2108 5919 4087 3295 37 1253 6530 5367 5483 4960 4192 9032 5450 4589 6285 5653 5616 1359 6479
26 519 4387 3092 7602 753 6643 6784 5221 777 688 7599 90 5052 7582 7832 3707 1856 8117 7765 7878 5121 4161 5596 9277 4799 8054
26 4090 1407 2975 7337 3026 1349 9156 6727 4209 235 2596 2684 2756 449 1114 745 4478 4816 7038 1354 6614 2836 8313 1087 994 9796
26 9409 7993 5017 9104 354 6989 4724 3203 2057 4204 793 3894 3241 806 4276 5035 2889 4239 8497 7144 9873 308 4257 3591 8770 8171
26 4214 5227 3989 6186 7698 9923 4858 1051 9324 8366 9358 1525 5904 7914 7549 6869 4334 7304 4577 4215 2865 8849 107 3652 3755 1150
26 8708 6485 3510 640 381 2585 9900 2630 716 9987 2051 5999 3045 9237 2785 8704 8944 5261 8859 4183 526 9759 8696 2113 7335 5244
26 3030 8302 2401 4202 9949 772 5045 2395 7843 7341 2740 1818 1516 8250 8679 2549 1765 3768 4999 2070 4261 5845 197 6981 8519 1006
26 700 6135 9401 8133 3232 81 2330 2315 1411 463 4718 686 9686 996 8810 2454 4708 9161 6232 8256 5928 8468 8858 9387 8552 3618
26 5445 3276 8573 9628 330 8367 3904 4244 9810 9328 754 4093 6774 547 1782 6636 4945 5115 1103 1390 5657 7214 3113 6978 6585 3032
26 3817 3651 9255 3816 9497 5366 230 1943 8051 9321 7090 6102 3072 6014 974 4835 6532 520 5755 9197 4288 5972 6496 4927 4185 4243
26 666 1860 4661 8816 9681 5457 5116 8560 3085 8721 3963 151 8725 3861 1610 6362 7295 5110 8744 3309 4596 5252 602 4273 2983 1948
26 6663 1406 233 9042 1676 1686 8272 5070 4689 6696 3699 1342 1402 5220 9170 7674 3908 2811 1270 1481 5075 5521 7964 8429 1559 9329
26 6831 1855 5732 1233 9065 6062 584 3155 7145 4426 3328 9278 4075 1770 3074 6219 6759 4719 5493 5531 5129 314 8538 8735 1705 9766
26 3167 6404 211 497 3778 6066 7746 4939 9659 1748 4582 9716 4805 8992 9318 4870 4030 7033 1520 1244 4534 1507 5148 1327 1306 8350
26 5983 7156 6159 2338 2060 1733 9889 8266 8659 8334 8289 9163 6436 2197 198 8732 3198 8443 764 2302 2625 4691 7611 4424 9938 9430
26 7499 7612 3461 4705 8609 9262 2753 7078 8401 9208 2438 9498 3016 4323 2499 8469 3385 8466 1659 4253 9642 7669 2411 7436 8057 6870
26 5235 6735 7248 7085 5783 8403 3507 458 9436 5040 7062 9783 6833 1291 1740 3342 2085 7858 6964 3933 834 5251 8174 5312 7758 2163
26 2297 8158 1030 3083 4854 9981 7773 516 5909 8446 5133 304 3266 731 2739 7675 2590 5378 4146 4052 2593 4134 5753 1204 998 3458
26 7804 1651 9627 5957 9738 8951 1631 9027 7749 2179 501 8470 2129 4468 6572 9961 5893 9501 8011 5788 8635 8867 5737 3987 2286 1212
26 5717 5491 1564 8747 761 5952 7729 3648 3157 6622 9302 6513 9554 1796 2719 3272 4222 9344 2727 9088 9585 4769 7801 4203 8674 3969
26 9305 817 2711 95 2323 380 5603 3622 121 8186 6820 2620 1538 4423 7958 6564 4740 346 4931 2363 8364 6845 1669 8 906 7795
26 9216 8630 4815 4285 5344 3435 6197 6583 6386 7627 3161 8872 4032 798 528 1375 2419 8461 6369 8929 99 8433 9775 2880 5790 5543
26 2917 3236 4196 9705 7442 8236 8970 2122 6681 2561 4330 4898 5259 6117 3091 1611 2239 1764 3726 1795 8577 390 58 6644 758 6494
26 3555 4048 7631 267 39 5088 7457 1930 7592 4642 8108 1034 4881 9755 1672 2102 218 5707 7589 3192 1086 0 1473 797 5458 2273
26 6745 3758 5887 7380 1555 7096 8506 5514 8952 2177 8755 4487 1714 3242 9958 3545 7852 9201 5418 1280 1374 8222 6514 2152 5476 6185
26 3988 1170 4507 3411 9457 1613 3532 9264 193 6443 3282 689 8359 7217 7280 7608 4771 621 9041 5669 1213 783 5362 8430 2243 8710
26 5300 2738 1023 313 3842 1079 3609 7678 3635 5256 4378 7510 3359 9275 6504 2091 3943 3725 6095 4431 6005 8948 4820 1093 8862 8069
26 622 7320 1995 4246 1491 6336 560 2875 3505 7305 543 274 4430 4152 1719 8050 8907 3125 3177 8714 8908 3942 3787 9025 737 7049
26 7119 6884 5282 1777 607 6132 5193 6868 7610 4456 1255 6047 8127 6608 1671 3320 4385 5119 1080 9794 3957 5533 5536 9004 4716 1038
26 8950 1637 8786 4657 4297 8642 8585 8830 4074 1842 5976 8549 8061 8513 3917 5966 2428 4448 3831 4151 5673 7349 18 5055 9558 8217
26 7929 7889 9282 2382 895 1294 3062 6178 8312 2846 3714 8576 8115 8779 213 9510 5823 5414 2650 9600 4743 966 900 9196 3478 6063
26 8477 1784 3739 6069 4024 9710 1109 7516 3584 9362 7009 5704 1953 6948 9665 5336 1996 1704 7105 5467 8467 792 6470 7303 6170 4955
26 4059 3640 9559 1997 4709 2291 7061 2164 281 9968 7148 8748 1316 8297 363 8286 9437 1916 1360 8053 4556 3644 4310 5474 4432 3617
26 3693 3826 4575 3105 2654 2613 1846 3228 820 1590 1921 1882 3650 6755 1836 968 4341 2701 3306 4627 1303 6368 4079 2819 5318 4103
26 7952 864 3188 6076 4035 7990 8300 286 2397 5658 2765 6234 1629 1486 3136 1056 7887 6577 3063 9777 911 1812 6844 9383 7714 7223
26 6961 5727 2751 3740 2551 5409 8809 5564 6930 6345 2715 1753 8593 3299 9181 8778 8896 9904 9107 8625 2815 7784 2287 1141 3749 1558
26 3371 7379 1218 7277 6438 595 9952 7812 6769 8883 153 2437 4464 7505 4974 824 7360 1268 5126 9414 8866 8487 791 2794 2449 8957
26 957 6849 2288 1977 8079 7135 6460 8869 9837 893 3610 8261 9661 4025 682 1237 2514 6887 7828 8723 6701 2985 9061 6294 8947 4124
26 7108 400 7792 6340 6101 2696 7971 6932 5567 8502 1012 9490 7734 766 5980 9488 7747 681 3678 9885 1112 8707 2103 4904 9577 2117
26 1269 8055 8563 3906 3789 6967 8667 4871 9482 9420 5314 5651 733 7871 1706 1321 7258 4827 3996 9016 4504 1662 3046 6968 6113 626
26 5860 4583 9030 6012 5169 2919 2362 7829 4470 8491 6292 122 9372 9447 5963 5898 7376 9760 2744 882 9069 1482 5846 6943 4241 9476
26 6228 3760 6409 6413 6244 2385 7693 352 9192 4499 3967 112 537 1545 9663 2150 4381 9713 9099 2369 2460 8195 371 3134 7586 8131
21 2591 5903 8554 3594 6886 9232 1583 2693 2534 395 4473 6423 1976 5274 195 7201 3897 6632 3153 3626 6828
26 6916 1609 3603 2305 7492 4986 8220 3909 1198 9360 5384 6772 2016 3738 8975 1373 5270 6259 9352 5797 4808 480 5209 6944 9589 7441
26 4618 9405 3017 6128 5351 7245 177 4699 7793 8293 7266 3182 9112 771 9572 3312 3582 1413 2058 9502 5544 3742 8877 3791 2408 1929
26 222 9347 4233 950 1474 5994 1494 3088 5907 1656 2959 2452 6778 3237 8076 8233 1687 3440 6899 3388 6291 7803 7977 4040 5666 1410
26 6198 8736 2690 135 9492 8973 1211 7562 3570 736 2535 4997 3101 877 4097 8347 2416 9973 4599 7308 8423 7681 9971 8226 8453 1134
26 273 3197 825 511 6446 3393 4356 3735 1330 8918 7865 4483 5851 8689 9870 5568 9081 167 2427 3240 6606 2993 436 6840 1823 4186
26 5086 4693 4421 3375 7534 2771 2543 7691 2645 9219 7689 2153 5705 3061 4745 3809 1151 2569 9603 2726 3702 8503 6148 8043 2410 2813
26 769 1605 2198 4666 9897 5422 1862 5632 7564 4358 3293 3159 8833 125 5655 5007 7961 784 7022 8781 8579 6019 3741 7391 9753 9536
26 6695 2424 3947 2981 310 531 6672 1979 5709 6223 1416 1783 5320 2285 5255 3244 9856 7242 1915 5328 6108 8205 6576 7568 7533 2169
26 1005 7287 608 6029 6739 5642 4331 9238 5074 9881 5143 1130 2960 6829 8954 4500 2081 9236 9048 7495 6435 1060 9427 2463 8870 8301
26 5424 2538 4006 3605 6538 3345 7513 3798 7894 9221 5026 6488 9480 7331 2500 2772 2367 8531 8474 4229 7279 5867 5563 5758 3408 5841
25 1803 5721 4830 1000 9527 6270 9962 2842 8160 6678 6726 7046 5249 4578 8248 1696 4201 5331 1808 8716 8891 2604 926 6246 6492
26 3307 5387 1010 9757 7883 751 3531 550 816 3592 8646 2837 1050 4663 1171 8427 226 5546 6355 652 5613 4570 3641 1966 6721 5586
26 7561 7464 2896 8991 2635 3102 408 8819 2393 7712 6728 923 6505 4258 4754 1183 7294 3034 9982 411 4466 7606 469 8541 1805 9326
21 5245 7398 212 2412 6398 671 6893 773 3536 4472 3593 7655 322 3660 4517 6229 1851 4991 8762 5432 3275
26 4307 5808 5920 3972 3420 3477 4792 4879 8638 8551 5804 2595 9548 6552 3376 7486 4526 9695 8759 8818 4313 810 6979 6635 6650 2208
26 9888 1438 5006 8940 376 1232 1985 9082 6699 3547 5072 9136 7106 8143 9293 8805 9587 9582 5438 4721 1231 1586 6007 1576 2134 8377
25 2660 5875 4910 802 6023 6346 8378 8237 4772 8126 9779 5573 5357 7071 5183 5330 8846 2890 7644 4401 1367 9336 7524 7834 7375
26 117 7230 530 6021 7685 907 1937 2972 865 5208 1980 283 7978 3841 1187 2012 9188 3852 1691 345 1059 8386 7618 5647 910 3569
26 4687 902 8207 419 9116 4643 1016 4834 6379 2272 9919 3115 9988 260 2560 5607 2572 1440 2638 4707 7660 756 7163 5376 9918 8022
26 9581 3596 4863 7174 6119 5837 7118 6161 7573 2042 4357 8775 7326 42 1763 3006 2183 6568 5765 1028 8238 6914 1452 3126 5230 2658
26 1194 8104 4080 8823 1684 7636 4089 5915 9370 5289 2526 1310 3212 3674 2892 7976 1890 8754 4609 6017 3703 2628 3983 7565 1001 939
26 4637 7210 6765 9696 4101 9833 4965 5099 1179 857 4486 4543 2990 5552 7313 1650 9578 5643 7059 7947 2588 3343 1234 5434 3218 5672
26 3281 5237 8968 4205 8042 1181 249 2547 1896 5670 3877 4136 3962 7741 2351 3081 3810 7157 7225 2529 6411 4463 1095 679 9860 2508
26 6541 3579 8832 2036 8298 85 3867 2867 9754 7120 8650 1822 4429 2936 3961 7500 1548 7868 3206 4983 7359 5131 4976 4069 3892 9472
26 6706 2942 5369 4064 2409 7010 2275 7830 9789 4086 3404 8881 7402 8335 8738 94 179 827 9279 1070 9391 6348 4759 9371 2509 8850
26 8703 8792 854 6503 2787 4485 3624 6659 1048 8511 1772 4590 1035 2950 7095 983 6162 7480 2168 6217 4132 9280 5311 8641 6364 142
26 6913 1689 1267 4450 6762 3181 6956 76 3782 319 918 4325 4626 5575 6224 9386 9076 7027 8604 7170 4616 2643 4383 5413 4042 3346
26 8711 8020 3317 1994 2997 4713 4420 8014 9303 6684 8627 9533 8565 9269 6620 8889 9453 486 2533 6477 9692 6702 690 7702 9311 6111
26 8395 8484 1121 3116 6402 2745 3709 8481 1069 1612 1394 2400 7944 149 9448 8875 4513 7519 7774 1039 479 9771 5652 9214 4790 8789
25 3855 5743 4629 3325 6703 2368 4497 2095 1248 8027 4533 2237 1546 2913 2712 3001 5505 9728 7067 3479 5560 5044 7673 2457 6127
25 1874 9406 9469 3191 657 2527 2115 9222 8444 8125 4942 7529 7538 6008 5525 2517 2872 6549 8733 9051 7739 2703 3718 9818 8898
25 372 4781 5425 9680 2250 7856 2640 7271 7918 8871 9658 8601 1690 2190 9688 1623 6091 7607 5488 8355 9217 3898 7183 9369 9635
25 961 8459 8254 290 8788 3775 7014 7659 1045 3757 4365 2390 8817 28 9945 5456 4847 3118 4304 7526 1549 2064 6782 8091 8517
25 9979 2026 9316 5668 881 3759 8373 2292 7361 2417 6602 6682 9929 1654 4560 5175 6554 9892 6310 3084 9984 6441 2193 4127 3480
25 6807 9452 8588 1508 7113 9678 4696 9553 1791 9300 3137 7615 8993 2398 8583 2584 9991 673 8483 1483 8341 6941 4540 8265 7182
25 9325 1013 8448 8868 8128 529 6237 1872 5317 3269 1914 1031 1275 2396 1136 703 7449 9528 9124 9525 7776 7946 2583 3620 1318
25 734 1381 409 9654 9751 388 3746 7515 8743 4340 4747 8284 7819 9828 4289 8522 7443 4436 9178 6954 7821 4977 7057 8083 7467
25 9799 7180 6420 9002 3807 9276 1081 4302 8033 561 1420 7192 8532 5852 6469 7175 9122 1089 1542 3143 4510 3533 1120 56 5682
25 375 8262 5771 7884 8795 169 8324 7907 1428 4043 9583 9460 1964 8628 3521 3881 291 5946 9098 5726 9339 9493 3390 8701 9176
25 6694 7553 8328 7874 3047 4326 1738 9054 130 8007 3323 2506 3489 5729 841 5339 5736 4425 3581 2096 4337 6096 1195 8168 5854
25 1888 2123 2455 507 8831 7643 9265 9612 52 9734 8428 9113 7285 3395 7377 9989 9756 3668 8619 7826 258 3797 9146 8490 1887
25 4894 3138 3403 5663 9171 2343 8263 6056 3750 4394 6447 7007 6574 5639 2242 4166 7667 1108 7780 1225 1739 3995 1809 5446 8980
25 3471 9852 6296 4941 1496 8996 254 5770 7370 9934 3186 5097 6858 8294 1618 2088 160 6837 2379 5683 1184 1698 8089 2224 1304
25 306 3773 47 3921 5495 9836 9604 9089 6838 8624 1592 5475 9183 9435 2405 7302 3801 903 270 1172 4444 1158 2521 9637 980
25 2559 4520 7638 7554 6357 8806 3839 9028 7381 1598 338 7635 8200 4963 6033 9807 3431 5703 6929 7954 6796 5429 9454 1488 8044
25 8329 4511 6192 4782 6078 7387 3785 1004 1292 4550 6495 7101 5000 6790 2545 6827 5286 2826 8408 36 5283 6573 3762 2773 3586
25 5343 3148 9869 1 5291 4605 2966 8984 2043 6203 3267 7507 9718 7179 5850 6464 503 1895 5528 7544 4413 6195 2843 8319 5857
25 5716 8586 4630 2425 2180 2406 8851 1710 7760 9015 5073 6712 4419 2186 1502 4579 6660 6651 532 6826 9942 1015 5806 9831 5046
25 9864 8566 6245 3453 5674 4607 7274 6596 3691 9508 6240 238 5512 8672 9471 3060 5327 4889 4972 4390 9861 301 2100 7943 9990
25 2576 8073 872 4920 6591 9742 6081 934 30 4793 3595 7718 4190 7583 3628 7995 1678 6010 5745 9606 6311 2145 4886 8607 5592
25 268 3193 3068 1685 6399 7988 2355 2107 5630 2063 7560 405 6414 6556 5882 7063 340 5826 5297 4934 2775 7888 4149 6917 5408
25 7110 9246 6804 3915 7847 9364 8782 1476 7366 4667 5472 2344 6176 5849 7848 727 5648 995 8389 79 9426 1837 4286 6087 1055
25 445 7512 8440 1500 5830 9033 7066 711 808 216 2777 4335 77 3484 5164 3018 6001 7545 3407 3248 755 5833 1599 2456 464
25 920 5213 7613 3119 8605 1459 524 3305 7392 6036 3070 4950 2284 2004 7584 4505 5355 5916 6688 7317 5095 265 6955 3780 170
25 7318 2079 9813 9254 3112 8742 4300 6562 3534 9001 1814 5689 1998 470 7098 6938 1632 9174 3934 5609 5935 6209 3734 3172 7131
25 9901 2536 206 7579 4587 4344 1700 7680 5486 2931 3436 5537 6823 7699 6511 8162 4492 9204 2968 9891 3744 6035 598 9259 2227
25 7040 6123 9186 6984 4615 46 8990 5394 3271 8799 7384 9150 3613 634 8936 668 5084 1462 504 7845 7437 9746 5964 3863 2271
17 5982 5572 5636 5602 7809 8151 7466 9408 4722 5041 8291 2268 4647 4565 1131 6154 7458
25 8102 9996 8410 8856 4659 8030 5100 4895 523 6181 8344 8616 600 8845 3920 6637 3771 6841 5144 1928 5337 2946 1731 7215 8331
25 585 739 1339 5815 611 9394 799 9031 2052 2141 8974 6415 8169 5578 8676 3916 2980 931 5403 788 4860 9223 927 1084 9545
25 29 2436 318 6818 2480 3669 178 6579 342 776 11 6799 6629 1666 1033 7921 2895 5612 4956 573 8092 8321 6627 1456 4296
25 2941 8425 5089 8653 3663 6753 6416 1302 8661 7796 5005 1551 512 1827 9509 5518 8202 6427 9404 9465 8836 5003 4308 3719 3619
25 8962 1372 6125 1723 6969 5043 8101 7103 3765 93 4212 5911 8591 1749 7966 1092 5412 3504 4193 2970 9787 4180 6057 1562 1722
25 4855 8848 150 1503 1365 1453 6333 459 698 1424 5411 495 3763 5558 1164 6812 6626 1744 8409 3868 3040 5130 3014 4778 4158
25 7347 8699 4848 417 6512 6026 64 4236 1197 4685 8492 4770 7528 4382 2215 9699 9855 4755 9529 2136 6349 7052 6093 8374 9281
25 4887 7082 4794 6710 5751 6280 5713 1709 365 7806 1741 1217 456 6996 2522 6256 6980 8349 9040 2372 182 2391 2671 9014 9374
25 9140 9052 7372 3680 8191 2673 691 4117 8072 912 5730 4457 8621 7531 227 8478 1361 3019 312 630 5096 4162 2211 6080 2840
25 489 9473 7648 4703 2041 1745 3261 6865 402 8988 3222 4591 9748 2709 4932 5430 5828 5066 4412 1575 7597 9596 5202 2032 8122
25 297 2714 2539 3398 7034 2732 1475 5001 5386 7149 8688 6326 6020 9886 8812 264 7890 7030 6889 7859 8501 7202 6051 2289 7824
25 4143 3575 2566 3114 2653 5766 2386 8730 4734 5247 1308 6982 4217 7273 5383 6667 4155 570 6040 4174 6097 7617 2337 5494 3043
25 7088 6329 6473 5212 7922 4021 9234 1944 6120 612 9803 1519 7735 9774 1606 3526 7396 7139 7518 9443 8942 7938 108 3887 7115
25 8728 4648 1955 846 8937 8882 1433 7931 6848 1946 9029 1918 8673 7137 6834 5203 829 9059 1742 932 68 7136 669 447 4350
25 9283 2512 482 7122 3701 4593 6657 6746 1960 3285 3550 4489 6846 7292 4681 7168 8365 1238 5461 7836 4230 9703 2259 729 5390
25 8509 2788 6003 8146 1693 9134 3793 8727 5140 5901 4669 4947 361 870 1469 7945 2496 1616 143 3633 3745 8943 8606 3665 6789
25 1978 699 7446 3560 5914 6196 3165 1364 6179 8017 9085 7570 6143 8197 139 7771 632 5277 446 747 6621 8070 131 234 3857
25 580 8021 4720 4141 5287 4555 9284 7501 5878 8767 3672 3416 4459 2632 4262 1449 6935 2800 1526 9058 7074 8684 4408 8232 5939
25 2008 2006 1054 9464 8034 5838 2969 2612 7045 4608 6908 9709 3919 8068 1298 8354 7695 8287 5843 6535 3488 2133 6911 7151 7460
25 741 8739 3821 7572 1845 2240 3901 7794 1271 4690 2345 9706 1284 8283 9422 359 5706 7306 5085 1063 1149 8834 6212 6405 3723
25 5341 4836 245 4020 6985 853 403 5009 3425 1819 8590 5502 1597 186 9416 2155 7200 5223 8611 4864 2446 1467 7008 7235 4277
25 8189 1206 4867 5756 9737 4872 2445 1431 1539 2332 2501 3123 2231 1857 7418 6030 478 3467 237 2743 2976 9552 3529 2814 6257
19 4842 3104 8040 1430 5628 1355 3824 1140 4557 8345 26 242 6509 1262 220 7767 6227 925 2746
25 6965 8978 4833 9947 4645 8273 1660 8987 4564 6378 4002 7790 1789 905 2494 760 591 9399 9491 7963 5749 1617 5735 7649 59
25 4150 7129 533 1102 2464 156 5910 6114 4921 4654 2504 6926 3979 5498 748 3000 4240 564 3695 8894 228 7083 5937 6664 5280
25 1993 1090 7406 5888 2207 9429 180 4406 9950 4981 7701 5180 8822 2991 6561 344 5078 6284 7756 7523 6302 6700 5731 298 3929
25 2944 3430 6202 2887 4403 9062 6962 4491 6885 6839 866 2978 7353 5728 5681 6736 1243 4671 8393 7452 1645 6788 3677 2922 7133
25 2869 6877 2681 3783 922 4317 9070 3146 7167 9000 7440 7195 9732 1806 8016 8776 6388 7919 373 6071 597 8508 8726 6994 8120
25 3103 5358 4761 5054 2939 2128 6832 2156 9167 8450 2308 17 5877 9704 5984 7420 8196 3815 2855 2472 6343 6986 6317 6434 8337
25 2912 8323 9890 3602 8421 1721 384 8239 9230 7259 9778 2205 7522 2068 8161 3659 3764 5194 5151 7473 8144 9484 5825 9650 1226
25 6879 3334 2112 3230 4366 4749 3418 7081 5380 6437 6600 1501 8997 1535 1707 7012 9825 2674 3166 7257 8479 3971 401 4962 8098
25 6633 4885 435 9625 2952 8094 6098 6566 624 3277 5353 1132 8931 3700 5401 1906 124 1174 9125 5924 9648 3612 7069 3012 9131
25 24 2641 5748 98 1626 2110 4888 7727 7726 9376 1041 4809 4715 4982 9039 1457 7652 7128 3131 642 7055 5926 5204 70 5063
25 5222 9495 3512 4953 3054 1263 74 7873 5302 5768 9880 5032 5396 2279 8060 2010 2111 89 1582 9149 2353 763 9792 9782 1003
25 3539 9191 9602 5182 6580 7548 9478 2989 2023 7967 1702 5313 964 8855 7661 339 7212 6497 5236 140 4458 6322 2598 5855 3093
25 3362 6199 4349 849 1667 9159 7761 4113 6306 3846 5417 5810 3832 8946 6429 9588 5759 858 5588 9271 7540 3872 4918 3378 2691
25 3444 6208 1067 2663 5656 3205 7445 1891 9231 7525 1681 5184 1345 7099 9060 334 628 3217 1556 3803 8515 702 5239 4479 5449
25 8559 4428 5516 7737 5428 7730 461 7715 3845 7900 9843 4682 4993 1572 8829 7942 9903 4306 1099 6417 3604 2013 1301 3522 6210
25 9411 627 8198 7690 986 2209 546 7984 2125 2722 4219 8304 4614 4936 7703 1596 9786 3187 765 6065 5322 7563 491 9721 9970
25 157 4084 1313 956 2077 7263 6331 3895 8562 3308 4009 3065 999 8314 2389 1894 8839 651 8985 2262 4676 4896 2252 9850 5547
25 2020 5948 7102 9512 1422 4099 7629 9388 4211 7231 4992 6995 5625 1340 1409 2965 6400 7254 7426 848 3254 5242 901 2821 675
25 2774 4537 6430 6825 241 6805 9101 2907 355 7389 9983 4949 4632 7328 1989 4501 9959 2803 1484 5354 7251 9568 6334 7042 795
25 4467 5359 6307 8521 6927 3190 374 2054 2248 1470 3449 2768 433 6025 250 3820 868 5190 8982 2266 8802 9010 937 1602 3984
25 3168 109 1186 9557 9410 6172 377 1282 6103 5268 1876 3392 7265 4874 7408 347 1811 132 2779 891 4563 3460 1983 8363 4292
25 7799 1625 8784 3966 7211 8652 3770 7614 1639 2241 8958 6897 5002 116 1769 5906 3485 1917 4380 4542 644 3260 2914 7896 4951
25 8520 4414 5214 7668 2852 9684 4213 2565 7015 8031 4248 6325 288 534 7072 6628 2127 5206 3179 4574 9521 8384 667 707 5953
21 873 1734 3129 3554 6686 115 6374 7770 9859 7842 9403 5168 4417 7405 6289 5215 3059 1478 1540 5264 7509
25 8086 9128 1260 4245 767 6698 1859 1101 8193 5527 7620 2443 2793 545 8922 3452 2489 4527 62 6640 5932 8724 6045 3838 1718
25 1735 6558 9320 7453 1465 5622 6283 9566 8103 2078 8705 740 9185 8873 185 3523 5022 5254 101 5960 5895 7087 5159 3543 2618
25 5769 1593 4482 4558 832 1746 2667 4353 3491 8330 693 9355 9148 1932 3777 2708 9034 7470 6835 1122 8924 7310 4157 4506 8123
25 1778 2748 2626 9562 1222 8176 3829 7301 9584 1774 3772 9292 859 1999 2294 5633 9253 1858 5178 4287 7423 1847 9747 6 1020
25 8204 5034 3991 6903 7092 4119 969 4163 7483 2383 3661 5715 4912 7917 9350 4732 878 7908 2707 9373 4509 3415 3417 7146 840
25 476 2074 5829 1580 8368 97 2702 285 5323 6880 9072 5389 2956 3568 5796 3412 8966 9907 2849 4814 4391 5224 579 8138 8414
25 2986 6658 9804 2497 4913 2979 4559 1912 8148 6866 518 3686 155 5738 6525 8496 287 5918 3558 6992 9567 1074 5942 7281 8740
25 1664 2426 4228 4016 5601 6639 9195 2246 5708 7624 6625 4388 6486 5068 104 2832 5509 6144 5454 4422 3486 1658 637 8211 3825
25 7346 8892 6527 8110 8575 4503 993 4802 9882 3924 5284 1854 3774 2354 8828 1621 4022 5961 4178 1380 7481 8352 8279 8865 3664
25 4346 2717 4405 5156 8955 704 3675 8686 544 2513 4562 9767 6105 8526 6777 4370 4822 5153 7126 407 1118 3310 1403 1865 1082
25 4066 1421 8803 7193 8529 7642 3099 9248 9823 8134 9848 2861 5589 1163 7706 6860 2199 6328 2669 6725 2474 6358 4126 7985 9937
25 9483 4546 8157 2261 6601 4138 425 7569 7296 5664 9205 6773 3330 9674 3960 9883 7238 110 5740 2005 4998 341 6693 9876 5848
25 8840 7846 428 4493 2140 5082 7503 5967 3314 2319 4964 6444 8025 9902 9801 3878 6531 2699 6732 2194 7158 6991 8152 4320 9304
25 5598 5654 2657 7683 559 9418 2360 4884 4293 3127 5786 4845 261 4521 701 7656 743 988 6957 5691 7469 6250 535 7289 5174
25 9252 4455 5541 7172 9392 552 5951 8864 4892 6642 9758 678 276 4902 8753 2676 2380 7992 664 7559 6032 4189 5368 1439 2544
25 7877 8435 3066 5593 5437 7762 2809 1338 9143 9240 9139 3251 8141 4321 8231 6385 2471 5936 6551 7902 822 9956 1295 9317 4091
25 541 6155 1221 5662 3338 9972 4328 6163 1736 3501 4055 887 2634 3503 9425 6555 6557 5574 6419 6383 6401 1408 770 6242 2845
25 9523 2523 9543 1550 992 660 6319 2467 8533 5163 6578 6459 7556 6854 4573 9910 4182 571 5884 8765 6153 8888 6959 9936 8019
25 6424 3384 839 2470 8445 4371 949 6999 15 3776 8383 8343 6801 1926 305 2555 9522 7264 5989 7324 1935 2502 1680 1826 2090
25 3291 9503 565 9657 9199 8761 9652 8099 8534 5794 1123 1236 4712 5421 8252 2871 6611 1107 4367 7491 429 2046 5294 9215 8147
25 5381 8449 7430 9743 6261 2556 2505 174 1417 4125 126 2749 7260 9348 1821 3336 2860 8206 4926 6046 7664 7476 8320 7017 6016
25 6529 2899 3426 5892 7535 2482 5899 2486 1861 2844 7755 6939 8129 5093 4234 1615 2918 426 7127 2716 5138 2361 9486 635 759
25 7711 1630 9874 6575 1245 3122 6243 3646 5462 9541 6353 9547 4237 7177 3483 9327 4524 8537 7980 5644 3922 6717 9507 7112 9673
25 9187 4706 248 3585 5124 7778 843 7805 7474 2479 4279 6617 5080 2911 2587 7333 588 3806 4275 5773 3298 8145 9797 1573 5179
25 2278 8209 8462 3938 3270 2075 1947 4532 9322 4768 7791 5561 7461 875 9725 7299 3144 5549 7421 1445 9243 4484 8488 4531 3069
25 1833 7471 7249 3840 5135 9466 9812 1259 880 5532 714 9693 539 4621 4801 1816 3870 3427 2902 8180 3814 1202 4220 4641 3514
25 368 6747 4686 1844 5913 4930 7697 8062 7339 6235 6830 4232 6655 2678 3214 3361 5363 8633 5321 9814 1366 16 5485 7001 9915
25 6952 4260 9012 2934 4139 4034 1523 508 9838 3561 7462 7743 4100 7619 972 2336 9093 1241 8751 3100 1848 2196 9169 4 1254
25 3527 3208 5996 9524 7816 1311 106 7764 7822 6974 3999 2431 5943 9395 7844 8013 6704 7895 323 2188 3265 7297 9909 4683 7641
25 8406 5113 41 9634 4652 6213 2453 5608 6915 7647 4851 1468 8473 2462 2003 2971 3171 7336 5030 5013 6341 4364 6147 9646 7527
25 7141 7104 284 8995 5690 5238 1779 5219 6389 9462 5523 8074 9250 6018 5271 1190 6230 6646 4672 5146 7484 8572 9198 6546 472
25 5402 315 720 1785 3493 2404 8485 7234 4866 7949 3948 7130 9331 4322 8844 8885 2222 2792 6586 4462 3914 1728 1514 7410 406
25 1866 6851 3729 1797 8111 6850 9975 6677 9298 4566 8916 9142 6945 7960 2162 1155 574 2317 919 8655 8923 9307 2698 5455 2724
25 8675 8303 199 7312 7246 7595 1168 8339 6864 6605 3977 366 1604 34 2378 9047 3587 5795 981 1954 1991 6323 2940 5058 710
25 8342 7116 935 6173 1106 6896 4584 1787 7508 4343 9879 3968 8841 7653 4439 9053 6506 2761 6760 4668 7283 5685 1043 3928 4160
25 3743 7451 2780 3537 6313 9546 1062 1716 4019 6064 4033 1075 4265 4535 8920 114 2342 9413 9094 9898 2925 2161 7228 2185 7036
25 1353 2838 9586 4250 6048 292 1412 9729 2958 3174 742 3011 8166 184 1119 5530 5114 5397 404 8706 5812 6521 4779 1898 3064
25 1973 9636 2881 830 6009 2578 883 5959 8904 5582 4825 1471 8049 3844 1025 1265 8643 165 9206 5079 4508 2592 9123 6433 4725
25 6456 6110 9078 4050 6034 3958 175 8801 6157 6953 614 1534 3551 7047 1358 6791 8771 8472 9063 8066 1128 2908 8216 9940 2530
25 5332 3176 3830 3058 6537 2173 9817 6751 1264 5801 3 6855 8432 9835 5754 8394 1578 5229 191 522 2564 7369 828 8808 5020
25 6160 271 8309 4602 66 2126 5782 3394 6909 4625 4038 517 7860 801 9616 7598 7578 6918 6761 6287 6448 2318 9168 6258 2322
25 2429 6752 9487 782 2781 5050 967 7194 3031 6201 1344 7153 5577 6803 9597 9762 2226 9615 6050 1144 7427 807 9220 8137 2049
25 9207 2357 9631 266 8167 3290 1725 3754 6808 2737 889 5587 9470 450 6027 3158 4603 5842 33 1517 6482 5435 5977 749 3313
25 4788 874 5554 5240 823 9165 659 7080 2444 6581 1383 940 4280 7800 3873 505 3472 2387 879 5580 2704 1014 1699 1088 5225
23 9954 5441 4065 4029 3818 4415 9639 8288 8598 936 5104 6542 6612 441 7974 1919 1083 653 7 2822 9005 5407 2170
21 1399 7284 7867 6000 1061 9858 3981 9077 8097 6406 7132 5529 5326 855 8215 2097 954 706 4757 4922 9887
25 7911 8376 1518 2992 2741 7041 5803 138 4012 6462 3847 3316 2413 7365 2334 4674 2778 3956 4598 5800 2827 8380 2300 1522 7700
25 3457 9137 601 8419 7433 636 5298 509 387 1907 3377 2142 1371 6923 609 71 1036 5315 3056 2562 8454 188 302 3400 5029
25 7229 5295 5711 3615 2059 9564 4971 8229 2065 1071 9351 7340 6733 8495 6758 8905 4254 418 5142 3175 410 762 5896 4490 263
25 8071 6200 2216 2982 7665 8190 3429 4105 9611 6452 9225 279 5763 4850 5590 5346 8734 1274 8418 2310 7539 3327 9024 7789 9532
25 8088 457 9289 1835 3721 7558 4195 3722 6683 6085 6290 4440 4919 4076 1965 9119 9726 4427 6109 6183 488 1350 3035 5334 3588
25 55 3849 502 9179 7147 4664 7769 3133 6898 641 8986 4368 1566 7417 1485 2687 1505 5492 3941 51 8251 1536 2961 7393 3120
25 5902 7704 3786 2856 5433 7425 2270 3621 4784 3992 6298 2109 3406 8381 8201 205 9323 6553 3094 6194 2165 4728 6118 5057 1261
25 4098 7319 7097 164 6305 8938 8413 5033 6090 3292 8693 183 2039 1622 3004 4678 8388 8405 8777 1185 2823 7412 1147 3679 6288
25 9626 9544 933 208 645 3227 6082 4776 320 9397 78 4312 3813 5747 4176 4102 2988 2812 5775 5028 4610 9773 6676 2221 8690
25 5304 2928 2758 5352 5241 7344 8038 6156 5201 3221 6920 8264 7798 3982 1068 9730 5165 8977 5781 1379 8919 3886 5395 7311 325
25 1880 6669 6255 6141 4123 3482 8542 4449 9074 9784 6116 6891 3455 6149 4452 735 8052 4751 6049 4859 5296 955 7991 2312 6750
25 4495 4255 128 2333 7208 9242 7176 4924 1392 4014 5364 4351 4567 2214 6847 6309 8065 5319 8769 8235 4179 8581 4476 4177 1210
25 7640 3029 4109 1729 6638 6013 5014 3278 5155 7368 3753 3235 2062 1125 5181 7728 9108 6624 9921 1334 944 8398 383 431 2586
25 6649 6924 4299 3666 3879 617 8243 5824 897 5039 1499 5981 6130 3926 1165 9598 9367 54 6028 3322 4172 3111 3965 6241 2441
25 5091 8715 5285 9345 9538 5701 2924 8857 3007 3854 2633 6387 4316 1351 7815 6687 9455 5947 2488 7981 4434 5894 8717 1312 9227
25 8587 7677 498 9314 9419 3952 9539 2885 5176 2923 5880 9939 6604 1450 370 9211 207 4923 5965 1788 7416 7039 8580 2073 4013
25 5406 5990 718 483 6648 7555 2760 2515 959 2154 6038 6167 2087 4082 4604 9750 7432 362 6653 1607 1825 1585 9120 4568 295
24 2212 5371 3022 9769 1910 300 649 9644 894 946 8933 3438 1889 72 2283 4361 3711 2258 7089 7705 3978 9296 1642 8654
