27 7013 5885 8774 8464 8637 9273 7555 2760 2515 959 4625 4033 6617 5080 2911 6847 114 2380 9615 2902 9373 7540 1467 5202 8641 7714 8957
27 8773 3149 1852 5507 7434 9576 6570 6319 2565 9790 3174 742 4232 6655 2678 3214 9327 4524 8537 7980 2372 9648 3533 1120 56 3478 2117
5 8890 3008 1159 1 4646
7 6252 4011 1959 3050 7567 5453 978
27 1178 5161 7314 1640 2916 3818 9165 659 4105 880 2479 4279 3235 3813 450 701 7656 5505 5703 7426 848 68 7083 2583 5376 9918 3617
12 719 499 5393 8719 6856 2741 7344 9539 4776 6960 5072 7482
19 7468 1879 2742 4088 830 8824 8895 3465 5033 5176 936 7288 6187 9331 556 8201 3897 1293 6934
27 8670 8179 2791 6450 119 823 896 1110 9496 6864 5532 4825 6995 2087 4082 1298 2871 4182 5206 5528 5960 5895 3995 1809 9371 2509 8131
27 3696 583 6493 9105 7787 7253 300 6593 1393 7221 2089 9879 2861 6130 3982 3483 9047 3587 426 7127 9271 7055 7617 2337 1084 910 7441
14 8227 8564 2915 697 1873 100 5444 4398 6156 7898 1688 6038 4440 4417
20 7227 5858 8426 718 5071 8345 7256 9655 9073 3075 7672 7788 4660 5778 9674 7997 3158 4023 6690 1662
27 1135 2589 8203 1326 2686 3169 6013 3986 3722 9611 6452 9225 279 2956 2354 7930 2646 8052 1478 3179 1445 9567 6441 8089 7834 3069 2658
27 2418 3667 8715 5025 4115 475 7633 8413 2885 6898 6462 614 2109 4237 7177 4452 9730 2471 5936 6551 7902 8144 6700 4286 7702 3480 1929
19 6031 1817 9579 1804 3225 8151 7275 8058 1643 1638 4701 2218 4518 8048 8336 5524 8972 3713 8267
27 7109 61 4959 7255 483 141 7171 9641 4159 215 5582 5104 3251 8129 7917 2274 71 9522 5153 4412 7257 2474 1158 2259 8490 1559 626
27 2384 6900 4635 8536 3433 2119 5374 7316 2467 320 6953 3847 1075 5326 7354 4439 3878 9093 5961 4672 5146 6302 5926 3734 8374 1318 1558
21 9121 2324 5500 4588 596 4744 636 6297 3496 536 2154 9848 7100 3413 3010 2334 9211 207 6918 6761 1452
27 3654 8420 6239 5120 9345 9538 5701 2924 8857 8598 6085 6290 5529 6714 545 8922 9762 2226 1107 8985 2472 7539 6035 598 8168 1805 1410
27 9913 364 4154 4502 3795 1215 9561 5014 3278 1861 9397 5364 732 4567 6923 1821 3523 6388 110 7126 2194 5749 9703 3014 6635 3723 1134
27 4679 3692 3951 9286 6498 4595 4415 2977 7764 9319 2923 5880 9939 6733 8495 6758 5215 2222 2792 4380 140 4458 3797 9146 6917 7182 2813
19 7716 7779 5487 1655 7075 1762 9458 3247 5452 6391 1071 129 4312 7753 6249 7974 4678 1083 2953
26 6403 6607 5744 5090 7909 5724 3784 2407 396 8760 2951 7904 4251 9193 9957 8567 2553 868 6553 664 5432 644 9568 7008 7215 2090
27 8878 3655 1100 4673 4410 2473 9846 9822 8229 5725 9784 3753 4547 6801 9395 972 2763 8388 1917 5740 3803 9787 7310 5731 2224 4042 9536
22 3647 6662 9685 9830 5566 9610 8116 4857 3394 8402 5039 5886 6505 5098 855 8215 8885 5149 3956 7 6890 4545
11 7948 113 328 2783 4301 5036 7282 9809 5211 8494 4818
25 2176 9251 9666 326 7686 7209 1325 5941 6925 894 946 1499 5587 9727 5421 7388 4674 3144 5549 9099 7836 5138 2361 6051 4393
25 563 7355 8277 3541 6771 3038 4256 8687 576 897 1747 7645 6167 155 4850 3519 8875 8771 5795 6419 8180 4563 8508 8726 1562
27 2015 8029 7585 7557 4704 7682 5426 3657 9980 7654 641 6353 7340 7962 8381 7706 1816 574 2317 4926 407 1118 9596 5937 8083 3218 5586
27 3321 5971 4437 4207 7710 161 3451 7629 2548 4111 1320 3339 3968 8166 441 850 2971 3171 6328 5454 4814 9521 6788 690 3012 8517 2169
27 4829 4586 945 6265 6966 7386 876 6910 6041 5373 9333 4964 6855 7461 6707 370 5346 7443 5315 5588 6383 4676 2013 6627 9259 7533 8301
27 1105 3025 3170 8351 9795 2799 2304 2505 4969 3231 5340 8268 3686 7798 4902 420 505 6227 5229 1540 3100 3254 5242 2211 5647 6364 9326
27 3578 4475 9851 3632 3036 3082 3364 2359 6393 2040 8935 8212 4368 1371 4076 5271 735 6611 54 6586 6046 4510 4896 2598 2289 9635 5841
23 6321 4877 1146 3490 3086 3315 7777 5310 9911 2766 6406 5004 8649 3142 5722 1974 4102 2481 9413 9206 2822 2564 1619
27 5991 696 5698 1908 3220 572 2434 244 8662 6883 2729 1328 8325 4919 9966 5463 4015 8734 1274 2379 5800 5322 1060 108 679 9860 2208
27 2736 219 1984 8835 4938 5913 7808 2192 4937 1368 2829 7707 517 6137 4122 9245 1621 5680 165 3600 7559 6032 1698 5964 3863 8654 3569
27 3580 6115 9267 7975 378 9617 9475 9132 8288 8599 4868 3508 1534 1094 7653 6289 6555 6557 5574 8751 4542 3486 7087 4408 9818 8898 8022
27 9550 2313 8447 6645 1963 4806 6871 8243 9229 4921 2874 6138 5167 9194 6382 5181 3336 743 2699 2707 7491 429 3872 669 7943 7467 5672
15 2735 203 9287 7337 9951 1647 3098 8018 6301 6683 8460 8400 6542 2325 6018
15 7913 9925 1524 2216 1272 4329 2011 6344 3499 2104 8807 9489 7402 9239 8000
27 3629 7270 9109 9815 5719 1281 8695 2045 8296 3710 4085 5042 6970 4280 72 1485 2687 1505 5492 5884 8765 3604 6358 5204 3719 1001 939
27 311 3564 1635 1986 6523 9209 2160 1725 8620 9592 8926 8136 7352 9224 5687 5827 9895 9367 8206 919 8655 822 1617 5735 5434 6127 2508
27 9449 9090 5510 1223 7323 5799 9731 4327 7197 3827 8741 889 940 3455 4322 8844 7333 1578 9096 9094 4422 3814 702 6057 6994 1722 9472
27 1560 7293 7224 3263 1634 9832 1256 8610 4714 1584 2694 7547 3316 3406 9295 787 3638 6230 6646 4598 3322 4509 3415 3417 5446 9176 8377
27 4435 2009 7768 5347 4940 422 5853 1956 4677 1934 5210 8745 2854 9153 5747 6027 9591 5165 8405 2669 6287 7469 6250 3529 3780 9990 8850
27 8758 2507 3396 7637 6749 2600 6946 5465 4496 8159 6963 2633 6387 1604 5217 1839 2097 4254 7336 5030 5013 7481 5224 3718 8232 1304 142
27 1209 7936 9974 5626 3885 5263 646 2260 9849 1348 2281 9593 7286 835 3926 1165 9598 717 158 3941 4462 8924 1658 6317 7235 4241 6111
18 3202 1724 3160 4107 4656 494 9505 4249 1037 5155 67 8933 3438 4316 1351 7124 45 2448
27 474 1528 2106 8348 6526 7759 3513 5968 8026 7142 9800 695 2364 6543 7536 2283 1155 2918 5038 7421 7324 5932 8724 6045 5494 8870 3346
19 4839 9504 9556 1246 5303 8245 1027 4236 2906 9667 3356 2139 4620 8165 8971 5840 1950 2493 3275
27 549 1208 1251 5699 506 3802 5962 6907 3946 9513 4698 6920 3011 2039 801 471 205 2483 5762 5775 5691 8515 1202 6470 8701 9545 8789
19 9459 477 6004 8434 2967 4469 8780 7187 9438 9607 1283 4692 2175 9162 4191 4900 9119 9726 2650
26 6039 8290 2335 6475 3583 7019 6719 4623 7915 947 6987 2580 5420 3053 1901 4604 8394 7023 6624 323 2188 1645 8384 1301 298 3043
26 9313 48 842 2056 8219 1346 1169 5064 7490 5306 7006 9043 8264 9967 813 6590 9312 7060 7895 191 5773 3298 8888 131 234 4790
22 1757 9256 9763 8346 6352 348 454 147 9723 3959 9368 5385 1289 8729 3448 8623 3927 3711 9404 4178 8499 4399
26 4078 610 9595 8915 4869 5584 5866 2415 5610 65 7823 8917 8067 6205 7619 1423 1717 954 5397 404 4668 7158 3612 7069 6087 5408
26 5018 837 5856 6942 2442 8259 5405 1595 2648 1715 6821 7094 5958 6604 1450 7815 9750 5022 5842 33 1954 1991 763 9792 3887 5046
26 2519 4882 9691 7662 7438 4372 9481 8953 2184 8603 592 5640 3573 9863 4438 5186 9053 287 2812 5142 4574 4391 2046 1983 9782 5682
26 303 3381 1530 4826 5917 7692 1441 886 599 6905 2938 1307 9816 3747 9359 5281 1919 3823 4576 879 891 7423 1847 6911 4778 1823
26 5970 8271 6875 8382 9620 3468 9842 7048 819 5975 8963 7566 3973 6006 6763 3446 6309 5509 5947 6653 2562 1935 3460 2252 6434 8044
9 7325 3614 2495 5816 4613 871 382 4773 5059
26 6670 3239 6457 4875 8682 4639 1968 6904 3752 2910 4272 3494 7497 7016 6149 1965 6510 2403 2201 6732 1380 6341 4364 6147 8607 1055
26 2465 1815 9768 1240 8173 942 8118 7609 3905 5188 4263 9378 4979 5763 6776 4036 4362 2459 1205 6428 1144 1374 8070 579 7151 3586
26 3055 2327 8629 1830 2577 3530 6188 9741 7362 4221 3761 6375 8750 7454 8006 8221 331 3401 7218 8752 8066 9243 3260 2914 5855 7115
14 6466 2581 1177 4471 7239 8353 5170 9516 9624 2370 2851 6226 7024 2269
26 3358 6767 2642 4807 7190 102 3751 2680 9992 586 8431 3625 5981 2062 6803 609 8439 8065 706 3094 6194 1128 1074 4157 2814 6492
26 4525 6361 5818 6922 6316 6652 1864 8800 3466 3851 3689 515 7351 4915 1567 4176 2672 5010 571 9921 4287 6153 9552 401 729 2227
26 8578 4984 513 7666 6842 3949 5008 2810 1008 680 6519 6873 2461 8524 2214 3873 5761 904 3427 6050 5028 4610 4484 637 9650 7375
26 8292 394 1697 4733 4028 1565 8909 8505 1220 1871 7262 692 5484 3233 4461 4395 3888 7367 7264 3964 2716 4230 16 4918 2032 8122
26 5649 1883 5517 3073 1601 5382 1886 8617 1752 7987 133 399 6861 1357 1125 7723 851 2342 486 4774 8706 8802 9010 937 3665 7131
26 3090 9670 493 9640 2639 9761 5780 1695 7610 9038 2805 9671 1154 5565 1444 3004 2124 7738 9415 9468 2251 6015 9956 1295 70 8331
26 1776 6269 6053 9346 9100 3194 5579 2191 5123 1532 2601 6810 8010 6142 8438 963 3730 569 4751 6049 5644 3922 8352 8279 6080 5857
26 187 9291 661 7086 4957 4585 7679 350 8316 5372 5092 5473 357 1266 3397 3960 7299 7578 2761 5965 9898 2925 2502 927 3522 2271
26 8965 1794 1319 3475 7494 5069 5695 9912 938 8064 6231 9083 9739 22 1018 7160 3344 5832 1156 7181 5784 1848 955 667 9850 4296
26 9084 7709 7117 35 4291 6089 9948 4270 9623 6722 3925 5262 4852 8471 2552 8039 8668 4961 4342 6109 6183 488 2196 6334 7042 5592
26 5440 7064 5307 9702 8085 9127 1250 1521 1679 2402 7205 639 7782 4878 2996 3195 4238 4655 2575 8769 51 6097 8369 5159 1456 980
26 4309 6794 1529 2132 172 7342 5844 2477 8645 3163 2621 6983 7237 6565 7960 3704 5103 3900 8472 9063 440 3676 8145 9797 3543 6257
26 7965 1900 3196 5205 8766 2217 252 4828 8326 862 9534 8140 9917 4460 8081 814 3684 8643 6766 3226 1517 3265 7297 9486 2456 1887
26 9847 4352 5189 2440 4137 8504 7150 397 4907 2366 6806 9022 6043 5479 619 5590 8399 5199 3834 8702 9660 7251 1350 9909 9831 3093
26 9752 6044 5954 23 5650 7191 4274 6248 3210 2835 1810 134 1767 9363 7786 1388 9924 9455 1126 1153 522 410 6991 8152 7649 9374
26 1315 9020 7357 6836 8035 1557 7043 4068 5356 1603 8911 6397 5191 6308 6225 2350 5496 1936 6668 351 7981 6401 1408 5368 9014 5063
26 8184 2166 2147 1143 9872 6597 4355 2121 5619 3997 8225 6888 527 4925 5739 9788 8914 2778 8358 3288 7348 3914 2318 5942 4506 3984
4 7575 4027 2422 492
26 3607 2828 4070 1949 2731 7364 7411 6476 2893 4539 1591 9366 9456 8432 5675 6267 2662 6214 4427 1571 4922 4172 2145 5239 6405 3619
26 7429 4411 6164 3199 2754 5267 4966 7498 1790 7630 9785 4443 9213 4890 6734 9102 5152 2860 9840 7089 5264 2823 2161 7228 2922 464
26 88 7005 7546 3866 5234 3057 7134 8214 7334 2082 7363 916 1834 1850 2615 6429 5905 7050 5319 915 7705 8251 8572 491 9721 8120
26 568 789 7196 4003 3502 5187 6407 7903 4561 3079 1800 2341 9697 2148 2682 7725 5195 5114 1807 8777 2005 6621 5833 1599 707 3929
26 2695 6418 5112 5535 5477 7232 1436 4989 4800 2021 4899 9530 9021 4970 4804 8651 8340 229 2255 7478 9008 8923 9307 8606 4962 8098
26 7956 3333 9011 5955 4658 5660 3124 3930 833 2444 6165 3377 4000 8656 8390 6055 5997 2071 3728 6278 1161 1868 4189 770 447 4350
26 5335 7891 2963 9613 6356 7479 553 1455 6218 484 6824 7394 256 2311 9258 4373 7728 9108 2795 2723 5079 4508 2592 8488 3378 5939
26 1563 7444 6168 6550 2171 2857 120 542 4594 5556 4651 5992 9384 3234 2700 6314 1713 4952 2750 5676 6723 1552 9296 7350 9317 757
26 2920 554 5710 7206 9135 6584 3524 5550 1429 1981 4128 7021 9780 2721 723 6525 2257 3318 9999 4812 1607 1825 1014 3677 4479 5449
26 8640 6150 4223 1904 1460 6024 5260 2388 7754 2670 1317 9798 1988 414 7076 3912 7590 8356 4933 5185 8235 4179 341 6693 1602 9970
26 2571 2296 9306 7876 2999 2033 8493 8486 3859 6059 7004 2945 8299 985 9594 4571 27 7838 5231 2929 2624 7664 6322 9198 9876 59
26 6412 1227 4184 4404 8772 6463 2320 9963 4832 8150 4266 6129 5102 4144 8763 6811 647 2331 6671 8756 2266 2704 7369 6959 9936 4951
26 8310 1002 2143 6634 8791 92 8571 6737 1831 6571 6708 8437 278 9055 9431 7897 4361 5772 9535 2146 5141 7484 1536 9747 8363 9281
26 9976 8192 9744 168 6742 6247 4441 4347 7872 6921 9330 5694 5520 2567 676 3599 5993 9802 2001 9599 1185 2888 807 9220 1865 2618
8 7862 1512 442 6517 6610 7068 8860 5969
26 8175 1228 5746 4980 5012 7785 2602 847 5451 8416 991 1073 6366 2084 2451 2894 2858 63 9932 6092 6074 7416 7412 535 7985 5547
26 677 2531 2293 9805 1863 6618 8998 7924 8793 5864 8826 6730 5243 4188 9400 8887 2733 7511 8570 8663 3766 6011 9773 8320 7281 170
26 6002 1332 6455 977 9819 6216 990 1620 7724 1203 2 8475 2955 7018 7605 4051 6075 7003 1760 781 1404 5822 188 2940 6664 5280
26 4008 3936 3833 1276 3051 5557 5279 821 8075 2710 3027 684 6863 8247 1072 1750 9518 162 3382 6599 7054 6440 4226 4126 8138 4158
26 2432 8787 166 2973 1627 1884 7941 9928 1875 1461 255 7635 473 3078 2834 1167 1017 6370 7244 3056 3280 4998 5435 5977 7896 8123
26 2135 9820 3891 6220 6515 4764 4384 4552 1568 412 5171 7091 2204 6318 5870 6180 2752 3794 1241 6028 6468 2165 2908 9507 7112 6210
26 5497 7849 3329 7574 8989 7732 7383 5062 4523 9720 6312 3077 1668 3913 1824 6372 604 2988 7029 8837 1379 8454 3792 2300 4127 840
26 4758 6843 1674 6711 1201 4007 7632 8500 987 280 1756 8960 3300 1889 5349 2236 2018 2267 3769 981 1788 5812 6521 1514 7410 795
26 1515 6654 9087 210 3341 3685 775 5792 1166 2086 2713 5464 5600 6539 7886 5257 6432 2050 1971 3357 4416 6594 762 5896 9646 759
26 3442 7455 2230 6567 6764 9068 2044 2314 1466 3673 6363 1395 1296 9335 5360 5522 5741 336 6500 5338 4199 1366 8581 4476 7017 8337
26 2247 7810 5890 2031 4376 4990 7278 6491 5481 4736 670 257 5733 171 3374 7543 7400 1405 1196 2824 4037 8036 5894 9123 6546 1718
26 3156 5881 6304 780 2181 5375 9570 6094 272 2373 7651 2614 3052 8813 8525 1053 4039 8709 2028 2705 2574 7530 6717 6676 9940 2840
26 5299 4056 3424 1843 665 2105 4400 4944 1096 4675 3121 282 3351 9080 973 500 5196 4738 7625 885 9857 9184 4728 6118 6 1020
26 9707 8489 7428 951 415 8530 8596 8981 6104 3216 5734 6281 6862 3399 80 7322 6791 8002 3089 6472 6335 3978 4041 4779 1898 1082
26 7475 6780 4112 9926 8093 7203 7315 6587 4247 7414 9270 8422 3207 9520 5506 1011 5427 5987 5392 8658 1044 6448 9432 8216 8137 9915
26 2949 3540 5060 7465 5620 8379 7456 4130 5635 2901 1396 800 239 3262 2789 3481 9565 1766 8977 5781 1127 9154 1969 6212 5455 9937
26 7399 7864 9377 5158 9018 5228 578 8798 3421 2439 5379 4893 293 201 997 8927 451 2202 9713 1915 3302 1495 7563 5485 7289 5174
26 4058 7186 5049 1200 7994 4017 7037 462 1193 9433 5692 6743 1870 333 3935 8720 5807 631 6254 1362 9451 438 6323 1642 1573 5953
26 1040 3410 3572 439 5511 708 5847 3767 7488 3372 6184 1042 2947 2876 8121 6754 2295 1442 3911 2392 1356 7427 5685 1043 635 9131
26 423 8698 209 8614 8681 4544 1189 4147 1531 9908 581 8749 2532 5309 6332 525 2030 7623 2469 4757 3175 1665 3886 5395 2221 7460
26 7928 567 1588 9735 9164 3366 137 715 7207 8691 7650 9894 9092 3756 487 154 6894 3209 3087 9115 3464 8893 8398 1147 6246 5020
26 1273 9920 277 4665 1046 225 2675 5995 2882 9740 779 1029 6171 8246 3013 4801 2047 6949 1216 8418 2310 2827 9484 5825 3838 6016
26 6381 9046 6206 1111 6454 921 5861 3974 1504 5534 4569 9943 510 7552 5106 8498 5490 4148 6520 2637 4859 5296 1728 7991 4641 3514
26 6822 9166 3976 448 4409 1369 6422 2072 9379 890 6857 9247 3893 4369 2563 3590 3634 6972 721 1021 7593 9953 3002 383 3928 5179
26 84 9698 3067 5777 9064 8785 91 4045 9268 9226 9155 8903 1229 262 5805 6077 5288 1712 367 3456 7827 7955 1585 9120 4568 7527
26 1066 3245 1970 4528 6615 6809 3326 8257 4498 3862 8814 8545 2994 9930 2093 9866 9531 3563 6852 2131 7159 2877 2697 828 4320 1003
26 1335 3697 2784 9019 6729 7811 2652 1297 4853 3450 9421 243 6874 9091 3379 6175 2668 2029 8660 2891 1242 2339 7039 8580 8211 3825
26 7657 6189 6547 3445 3542 952 9263 2884 2099 5301 8004 4106 4173 7708 9218 5570 9839 5111 416 2249 9145 6107 1180 1699 1088 5225
26 3253 4536 4200 2518 9871 8671 674 7143 8644 4634 5519 9941 863 4903 9389 3788 1385 8318 4142 6792 7290 4994 3971 2961 2185 5848
26 3869 6139 6786 3462 3319 8553 1160 2948 8664 9724 4235 4335 232 7646 3736 4175 1432 7550 785 468 9147 6482 7603 6973 9215 4292
23 4377 8306 7000 5686 4481 9158 1182 5478 6106 9914 8540 7178 9978 1116 9423 7839 8905 5542 7241 4181 9719 9887 900
26 3708 1113 9845 7226 5539 1239 2394 514 1176 4167 5305 5172 7403 2611 4004 1224 1451 1333 8912 8794 960 307 2594 9168 1439 1226
26 9003 1447 2520 989 5779 2776 5809 9424 2898 3498 2804 2850 6816 809 9629 96 2688 3383 6354 9551 2870 4434 9960 4339 5821 3313
26 6783 8213 9412 655 9511 9381 1942 9075 118 8063 4711 2859 7521 1786 9946 6471 4026 6691 3183 5081 3189 9808 6665 6384 6258 7036
26 9563 3257 3865 8546 8188 8854 444 2220 4206 4062 5154 4135 9867 4359 2685 8436 2420 2617 3706 6781 8269 9931 5667 9169 4531 4091
13 9927 3049 7927 4153 2937 3117 8028 6583 6386 9299 8307 2137 7621
26 1992 4717 6951 6718 8194 7901 629 930 2374 4282 3039 5139 1058 6061 3152 4360 7247 9672 9356 8677 3423 8657 5922 3035 2821 675
26 5868 6656 4935 2825 6480 1487 5764 5031 1541 275 4060 5597 5061 5548 1463 3353 7233 8465 8457 5015 7485 299 2764 302 4683 7641
26 4094 1414 9806 7580 6392 6272 9964 8510 4031 7542 1897 5016 3178 8821 7385 1780 8900 5638 5938 7199 5423 9622 4735 5294 7146 2724
26 7070 7188 6327 9944 5503 8412 7309 7837 1820 7422 9479 1047 1832 4067 2263 4831 5945 5053 6395 5321 9814 9013 6373 6876 6433 8740
26 1543 9349 1142 908 4396 3732 1098 6121 4314 2229 8105 1720 4044 2189 8360 7982 2487 3023 4763 14 5469 2301 3003 7219 7393 8414
26 7957 5027 4170 3717 32 6182 2930 9133 5700 3597 724 8692 1982 6530 815 1990 7272 6371 3864 860 289 4363 3140 4267 7001 3064
24 6912 9733 4624 9633 1922 9824 2290 9896 2921 2037 6146 1905 6785 5258 7832 3577 1214 3890 653 4271 4530 9005 5599 8717
26 1305 9649 5466 1527 5627 3940 7933 6426 7415 4856 9103 5023 9428 9175 8015 4727 1049 1434 4581 1893 1334 944 4901 6685 9993 8019
26 2883 1492 1363 3875 9180 9202 105 943 7267 9574 5278 4988 7999 2358 8632 6072 4514 3355 8084 8139 8333 1173 2458 2421 1826 9673
26 9393 9985 9965 5712 2651 2927 3434 3258 8843 9157 490 5117 958 4345 3553 5789 6126 2666 9893 2759 3348 2879 5688 9711 6881 472
26 4948 8458 1869 6360 1386 9537 2665 8956 9701 1692 2228 8177 6339 8669 9865 7121 3662 1732 4169 1608 8208 5147 8380 3848 2312 9304
26 6263 1838 965 3544 9477 7448 7506 4397 3811 7857 4515 589 3796 2414 6282 8003 2371 521 8230 8240 9986 7268 3180 437 5058 7824
26 4742 7140 6068 9705 2570 8665 9035 8815 5105 2034 3463 1337 970 812 3805 4053 7752 7893 8032 4131 3882 5348 5439 9781 7789 9532
23 5480 1024 1376 984 152 127 8228 6178 4824 8928 9006 6779 1649 2433 4165 654 1400 3733 3889 6084 182 4277 1207
26 5324 7198 200 975 6425 7162 2802 9288 2174 6800 6713 7807 694 3682 4512 1477 3538 7658 5594 3273 9772 8142 8397 5659 4490 2845
5 2356 4796 5732 9249 7581
26 5693 3409 8370 3566 3778 2831 709 8164 4767 7407 3556 9110 4746 3939 6478 8317 577 5468 4640 1694 7833 4231 3304 7035 7311 2322
26 1192 7687 3779 2537 3414 6380 2817 7532 9526 196 1911 4906 6940 8281 2943 4619 4187 2232 8678 269 8132 8919 176 2698 86 6789
26 4379 7028 3459 4973 6222 6814 2076 8631 6548 8550 2309 7220 386 6813 8886 9111 1775 8392 4005 6892 2014 2114 2905 5637 6241 1261
26 7463 3546 8274 4838 146 9647 8737 3373 9632 4787 3474 3447 9682 1920 25 4748 3223 4917 7596 9715 236 650 2998 4220 3400 2049
26 4644 3918 8713 69 2235 3993 4819 3211 5998 6140 1771 1670 103 663 5136 5921 8930 2484 3998 9126 6236 2098 3327 6093 5334 4160
26 9514 1323 6536 6293 9037 9645 6971 1561 1589 2468 5391 3470 2213 4259 9506 2102 5930 9342 9066 5177 725 5459 6534 7814 1454 5029
5 2573 6544 8574 6563 1555
26 2061 9463 481 2904 3565 3636 9151 1480 4046 2933 9444 7626 5742 3774 3437 6906 8045 9398 2066 4095 1219 9007 5839 1570 962 406
21 2718 7435 8902 8338 6238 4880 2430 2612 6134 6775 8764 5122 8242 8863 4210 6086 3431 1730 5275 4766 452
26 6689 7020 6756 6058 9450 1324 2790 4278 8182 8901 4073 3748 3009 3495 6131 5645 7447 7517 9365 7600 5580 2689 7905 5718 6242 7700
26 672 1384 8224 5757 8768 379 2661 4227 4653 1199 774 5929 4730 6431 7797 7932 6303 4849 2347 8853 7261 1801 7722 2679 431 2544
26 5192 3249 8548 856 9118 8037 9177 5684 3044 9998 3574 836 3389 8842 6947 6988 558 5820 7358 4294 9905 1594 4861 6273 3679 3120
26 1097 6502 892 9485 7628 1587 6716 3731 2048 7998 3154 4985 1387 4876 1853 605 1828 1498 2002 9580 1899 5316 3111 9024 4177 325
26 2720 5615 7684 2605 9182 3215 5087 1458 3135 6211 1967 924 909 6975 8357 5696 7439 337 6976 593 3837 9266 4324 6993 4 2691
21 3147 658 8979 9382 2541 6251 8809 9228 5094 3145 2546 1286 8270 3367 3076 3246 6079 3642 5873 9601 1680
26 3549 4873 4194 7236 5107 5679 4958 9687 4114 9106 6619 9722 9571 8969 6376 8704 8852 2149 2328 1877 2491 2067 5499 9878 430 9227
26 2316 9402 1489 9071 2178 8112 4756 7169 2234 2498 928 9023 173 2348 7875 7591 5 3649 1661 4284 8899 2746 5399 9793 3284 6288
26 6277 5218 3024 6744 8059 7912 189 2558 716 4104 3428 6262 5482 3980 786 5132 7973 3363 2258 8514 6616 4129 7269 2172 1939 4846
22 9619 3311 6190 5226 4862 2984 1152 8244 2769 8218 2909 5767 6396 1026 1446 1611 1007 393 6295 4783 9417 2878
26 768 6740 3601 2866 6133 4063 4798 8407 9844 2622 3213 5785 8544 6928 3360 1022 389 7736 6233 9308 148 4811 1903 5545 9614 4156
26 4601 9935 2957 9045 4914 7477 4477 5513 9474 4121 2051 5442 8961 223 2447 8280 9235 4975 8315 3658 2798 6193 9714 1341 8008 2530
22 8967 5562 2118 3108 8253 7096 6589 2693 21 3509 9994 4688 6522 3567 4097 9086 6499 4239 7185 4298 1437 1336
26 713 3005 4661 2399 633 1537 7773 7926 2557 4628 83 3606 6609 4468 6483 6990 9605 2616 7450 1157 8114 9997 60 9494 3559 4725
26 1867 7329 3910 615 9712 4786 5021 6582 2796 3799 2375 3340 1761 6859 803 7056 6666 1737 9618 8949 7694 4633 2806 3853 1312 9117
26 606 8783 3368 1252 9341 4636 8597 1644 6757 9056 9361 2620 5052 9442 1941 6054 5605 1397 87 1427 2349 4083 7869 4741 8808 7766
26 6815 1773 332 3200 1175 1553 7025 2025 3874 194 7757 4168 5166 6798 5419 6337 8757 9285 4837 5897 6275 7283 7880 1961 7818 8690
19 6377 4208 6741 4225 7382 6643 1511 5160 9515 8047 5067 7405 8199 7720 3337 4732 2038 3626 6828
26 8731 19 7373 9297 3616 6705 5576 6268 3432 5329 3443 6540 9630 9244 5793 2381 4946 2092 4680 8255 5447 9922 6598 540 6052 263
26 4071 8024 2782 1755 9949 8595 1768 7078 1104 7222 8906 3828 4549 7321 9664 8362 6037 5365 6936 8455 869 8100 2307 898 4332 710
26 4494 8932 9274 3816 5678 8367 2187 1299 7164 9826 2863 5908 6083 1770 738 3598 335 5585 4116 9257 1798 7885 1419 3042 3255 2586
26 8518 1407 5377 6186 9130 7276 369 1257 852 582 8547 8009 8107 1533 4694 2728 6347 496 9173 4943 9294 5024 9290 1287 3500 6750
26 5934 3990 730 8816 2528 1331 6359 5702 6681 4204 1513 2116 1078 9651 217 941 4612 4118 6768 5056 2725 8666 6390 7742 5436 1646
26 7861 2603 6410 9549 9138 7916 6279 7940 2568 1389 7077 7879 3473 1145 53 3419 2510 7892 625 7989 5813 5949 3715 7906 9827 1210
26 7401 8149 3557 9042 2245 4171 1443 979 1799 7920 5583 744 1322 8539 9233 6528 3506 7671 9500 4402 4010 9067 4077 3687 8332 2441
26 9675 2233 9385 8285 982 2954 1509 5526 6067 202 7594 7510 4407 4789 6286 7622 2655 4465 6623 6022 971 204 421 8452 2200 295
26 6901 190 3354 57 3026 1349 9156 6882 4072 9141 594 4810 6679 2582 8170 687 1975 8041 7514 4580 6300 7813 5623 7996 5057 8594
26 1138 3294 2511 1628 7698 9923 826 1309 2264 8746 5470 5872 3808 2644 2499 6324 5118 240 6524 1506 4551 7959 8391 7719 790 8941
26 3608 726 2649 656 753 643 2330 3623 1391 4426 2596 2244 728 6204 3391 4389 8172 9315 9261 8999 7300 2080 1133 3688 2138 5631
26 9679 7114 5540 7870 8155 6484 5400 8023 929 2179 953 618 2017 4454 2524 7291 3332 5618 2475 6099 6501 1398 4823 5591 5819 4622
26 6724 3236 3092 7934 9190 2706 1415 2630 9837 4821 2636 3902 9643 8387 7419 6709 9009 3164 9745 2182 2962 3106 9467 9749 749 8147
26 519 4387 5887 7602 9681 8876 2377 8945 9441 3454 1840 7750 9821 1382 8569 6545 6276 7925 1927 5834 555 4474 2219 2170 5874 1254
26 9409 7993 5017 6474 1676 1686 2797 6367 5076 6253 7502 3907 356 2903 3352 5611 5448 8592 5197 6487 8639 746 5269 8385 4883 9172
26 4214 5227 3989 7243 9065 6989 8804 3896 9160 8446 3699 4843 3650 5157 6320 884 9853 1249 5671 8934 9854 9555 3627 8311 6060 3259
26 8708 6485 3510 640 7663 3439 353 2108 5919 1188 9407 7935 6122 6560 385 8528 6145 8305 8558 3071 8825 7676 3287 2492 1137 7783
26 3030 8557 4164 9575 9457 3435 6197 2122 7564 7627 5133 7125 3856 6977 50 4817 888 5677 1829 3219 9057 9434 5051 5077 7881 3289
26 4090 6404 211 497 3232 81 7971 2525 777 8109 2935 4092 9862 7330 4572 6738 4765 3151 358 5624 3492 2094 1641 9977 8463 4145
26 700 6135 2975 2167 8079 8403 2753 9440 4224 1448 793 3894 3150 9079 3387 1925 3365 917 1754 3350 5787 2886 1938 7831 424 7937
26 5445 3276 8573 8133 381 2585 7745 7576 9482 8186 9358 3487 3201 7802 2254 253 2868 3132 7910 6166 1940 1077 5889 1579 5988 6342
26 3817 3651 9255 4246 3842 8236 6784 5221 7145 4453 5985 1624 5292 7397 3511 2873 7541 2158 2195 413 7338 5248 3310 1377 2073 4013
26 666 1860 9401 9628 354 1902 4965 352 6793 5559 6692 2144 8725 5019 7504 752 2466 1401 7053 9338 9590 1751 7413 9765 7713 4987
26 6663 1406 233 313 7442 9375 8272 6902 9810 7065 9542 2631 2340 8512 1057 1554 2303 551 4488 4108 4928 8275 8090 3405 3656 9906
26 6831 1855 5621 4705 8796 1079 584 6674 3173 4840 2841 1682 5233 7582 4762 7107 7616 3324 4600 2987 5871 7307 948 7968 7733 3588
26 3167 8630 4815 4285 2352 6066 7746 5835 8051 9328 754 2024 5216 1743 9683 3707 6299 9445 1162 5940 2503 648 8683 9764 5798 2664
23 5983 2053 8554 7085 4854 3970 9900 6727 7817 7866 4096 2478 8565 3237 1782 4333 6315 9791 3301 1076 8441 49 1403
26 7499 7612 3461 3740 8187 8642 159 4871 6699 1924 4718 686 8415 9755 2485 7923 5648 3497 7332 8124 8685 4516 5011 6998 3347 9354
26 5235 6735 7248 3105 2654 2900 5193 6868 3635 463 2438 9884 1235 8077 4739 1124 7240 2101 2306 9841 5489 3637 1952 6715 2609 3204
26 2297 8302 2401 4202 5351 1294 3904 4244 2206 2599 2740 1818 1253 7071 4529 5614 1765 8117 3020 8056 4753 4995 623 2329 8327 9638
26 7804 7156 6159 9353 6762 1613 9357 2875 3476 9694 7587 5999 2159 8361 9899 2282 1370 8322 4081 6817 4375 5515 7184 6465 6795 1569
26 5717 5491 1564 9104 9497 772 8694 1051 9324 10 4777 6102 4710 9933 6697 8469 3385 3552 6232 460 3015 5869 4354 8959 1892 2755
26 9305 817 2711 95 330 8951 1631 1943 8401 5569 3645 6042 9955 6755 3074 6636 4650 7378 7688 7850 3033 4269 6070 5661 4311 3279
26 9216 3640 9559 2338 2060 1733 9889 8266 7843 7341 9049 7189 1314 214 2619 3955 7155 7851 603 3243 2807 3698 360 8647 8396 5125
26 2917 8158 1030 3083 5783 2613 5603 3622 8659 6451 7599 90 1538 1727 198 6169 3639 3804 2647 1849 6895 7051 7951 4729 1472 247
26 3555 4048 5553 9144 5344 6132 7729 9272 1117 9321 7090 9337 5308 547 1740 4001 9969 6937 2120 5145 4726 6631 9390 3965 3712 6507
26 6745 3758 4196 3375 4709 6630 1862 5070 5250 613 8976 4290 5925 1493 3283 7327 5333 4954 2069 6867 6508 5811 6958 1497 3781 3110
26 3988 1170 4507 3411 2323 380 3609 7678 1464 8334 575 4264 467 8258 7958 2365 4222 1347 6516 4797 6731 2490 7395 2253 7424 8087
26 5300 2738 1023 3972 3420 5409 249 516 5909 7763 5083 6423 2756 7250 2256 9961 4945 5115 1574 6797 8295 4303 7476 4140 7138 8847
26 622 7320 9627 5957 9738 6967 8300 286 8952 2561 4330 4198 3141 8476 7313 5483 7031 5378 3252 712 3037 3683 3041 5973 2280 7472
26 7119 6884 5282 1777 607 6346 1494 3088 5101 4087 3295 37 8593 6264 4597 8181 5863 1648 1659 3716 7744 1663 5604 1544 587 5944
26 8950 1637 8786 4657 4297 7135 4433 8820 7493 688 6820 7588 5986 7939 9621 6588 1711 4548 1032 3720 6207 8790 8838 316 5900 4592
26 7929 7889 9282 2382 895 5952 9962 7829 4470 6345 2715 1753 1402 5220 9653 9488 9050 7775 838 5266 5290 8223 2326 443 1972 465
26 8477 1784 1995 6128 761 6336 4858 9264 3157 6622 9026 8153 2299 7853 43 4252 8994 5325 3548 4447 4670 4702 7953 3224 5931 6613
26 4059 1609 3603 6012 7882 5088 7457 1930 7592 235 4378 8549 8061 9237 5367 4336 4684 2801 3954 3653 6673 7577 8082 9569 9396 8178
26 3693 3826 4575 8940 7534 5366 230 3648 121 9360 8289 434 4805 7551 8584 3342 4334 620 3109 7084 8095 7983 9656 3369 4451 343
26 7952 864 7631 267 39 5457 5116 2315 1411 8502 501 8470 5862 9708 3331 9017 4960 3297 5774 7431 6449 9309 7374 5232 7459 8185
26 6961 5727 3739 6069 4024 9710 5045 2395 5567 8918 7865 7298 7520 9877 4974 824 2085 7858 8276 5272 2223 899 3422 2157 6073 6458
26 3371 7379 1218 7277 1491 9262 2543 3790 485 9987 8755 4487 733 3861 1610 8234 8135 8600 1426 3944 8626 5431 5551 455 5646 4929
26 957 1651 4233 950 6101 1352 8585 8830 3085 8366 4486 151 6436 806 4276 7371 7360 4719 9310 6330 2435 5617 8910 4445 3690 2130
22 7108 6849 2288 1977 310 531 6672 5514 6769 2177 3595 2437 8532 5575 8076 5035 4492 9201 8497 9525 526 391
23 1269 8055 8563 3906 8609 1181 5298 8727 7918 6443 153 4997 3359 731 2719 7201 2820 4192 6964 1577 1507 2521 8925
26 5860 4583 9030 2305 7492 6062 8970 3735 5907 4642 8108 1034 4881 8297 1671 5802 6787 3515 3303 1708 9343 2450 913 5760 4522 3737
26 6228 400 7792 6340 2551 751 1846 7516 3584 9362 7009 2684 3045 8513 1885 6490 5595 5110 8859 3048 6592 4392 8797 5150 392 5273
23 2591 5903 7152 4064 4101 9833 8851 9028 3505 7305 4357 9716 4626 9269 748 5607 160 8461 8744 8964 5555 6872 5407
26 6916 9405 3017 1233 7685 7990 9952 8560 7793 2846 3714 8576 4075 7331 8679 7345 1329 7670 8634 9332 9036 6933 8183 2423 9829 7825
26 4618 4693 3188 6076 4035 2696 1211 3228 9659 6641 9302 304 453 8992 6802 8286 7295 5119 324 1085 5750 5814 3184 2677 9241 3562
26 222 9347 530 802 6244 2343 1985 9082 7749 4456 1255 9278 6774 1933 9318 2027 5128 3705 362 2692 427 8507 8260 2376 3850 6467
26 6198 8736 2690 135 9492 2919 2362 76 1330 9208 3963 689 9554 914 8442 7835 548 7970 5200 861 5974 9203 5460 9 8897 4338
26 273 3197 825 7380 1474 5994 3507 458 4209 8491 2808 6047 8359 3130 3525 8241 2419 5414 5912 5450 8983 6136 4315 4649 1909 7252
26 5086 1605 2198 6413 6739 5422 4356 7501 193 9420 1921 1882 3489 7914 7549 6869 4740 346 2083 6100 8456 844 1479 8119 8424 4047
26 769 2424 3947 2981 6438 595 967 2164 281 9968 1781 4093 2129 3660 9170 7674 3908 4816 9662 2747 8451 7343 1064 4305 6595 4268
26 6695 5387 1010 4666 5169 9981 560 7691 2397 5658 2151 9152 8811 5950 8810 2454 8417 621 1258 1091 5791 7044 3819 5817 2540 5398
26 1005 7287 2751 1997 6398 671 6893 4939 820 1590 3610 6234 3241 449 1114 983 4030 750 7780 1793 3162 705 8722 8371 5714 1300
26 5424 2538 4006 3605 6538 2771 4724 3203 2057 5040 7062 9783 6833 6014 974 309 6215 9161 3517 5752 3876 1813 3095 4049 5293 3812
26 1803 5721 6409 8823 6119 2385 7693 5099 5879 9881 5143 6513 1050 6948 2739 7675 2590 9236 9032 8880 31 1802 8130 5342 1958 9334
26 3307 5237 8968 4205 1913 4986 7061 8819 1048 5256 1772 3182 3072 4423 6572 3320 2889 7519 1270 1481 2625 7079 3349 7496 3335 9380
20 7561 7464 2896 1000 9527 6270 4420 6999 538 6696 4747 1822 9661 149 9448 6687 8196 44 8712 4795
26 5245 7398 212 9757 7883 3477 8506 3155 9192 4499 3967 9163 1714 1291 9870 7608 8944 75 4216 5634 2629 6770 4697 5443 1290 7986
26 4307 5808 5920 7174 376 1232 4089 5915 4074 1842 5976 2452 6778 42 3296 8231 5893 8561 9041 5531 4967 3250 9189 1278 3535 1418
26 9888 1438 5006 6021 9116 7245 3062 7271 6680 1748 4582 6488 3016 4323 3091 2757 4478 7979 7841 1285 9301 1279 8602 7748 4057 9677
26 2660 5875 4421 3594 6886 4485 177 8869 8160 6678 7266 5651 1516 8250 6174 5568 1856 8443 9995 1987 246 5883 4418 3903 8612 6919
26 117 3760 4830 8991 2635 3102 7513 3798 7894 9221 5314 9114 5259 5956 9665 2476 5109 3670 3937 3899 38 1600 221 8622 4606 3857
26 4687 902 608 6029 6446 3393 7118 6161 816 3592 6726 1342 4429 3061 3917 4835 6532 3953 7765 7878 5121 145 1683 9499 7011 8618
26 9581 3596 4863 8747 1684 7636 8378 3469 9754 2272 2959 6772 3266 996 528 6675 4771 6577 4146 804 1490 1129 8096 7899 4281 638
26 1194 8104 4080 3325 8042 9033 1081 8237 1198 6684 5804 9498 9112 7217 7280 4870 2542 3822 1103 3268 5831 9609 4785 12 1230 3631
26 4637 7210 4910 511 3789 9678 4792 6932 7573 1656 3328 4898 9480 260 6504 6564 4385 7304 4737 4052 6394 3681 13 845 9811 616
26 3281 8792 854 6338 8831 7643 3694 2972 865 8293 2765 8261 7734 1796 1719 968 4341 1703 4480 3800 6489 9668 3128 9669 8308 3643
26 6541 3579 8832 2036 6023 9276 3839 9238 5074 7712 6728 9490 8833 2197 5655 1321 7258 1916 6369 8929 9540 9200 3945 3923 7123 3589
26 6706 2942 5369 3116 6402 3345 3531 7812 2645 9219 7689 8748 1316 4152 3136 1056 9437 520 192 466 3932 6445 4752 3836 4695 6221
26 8703 7230 8207 419 8128 3181 3532 773 3536 4472 3293 5350 1976 2995 2500 2772 4381 3096 8011 9197 123 9676 3571 6569 9834 1343
26 6913 1689 1267 4450 7113 8806 8782 2867 1069 1612 8646 274 4430 3738 8680 745 1996 9344 2727 4183 2865 8080 3576 6461 6603 8700
26 8711 3193 8254 1994 2997 4713 9604 5564 6930 6223 1416 1783 2016 6829 4745 3516 6720 9973 1520 1244 4760 7696 317 1425 3858 4553
26 8395 8484 1121 9696 2409 8973 8220 3909 4772 8126 9779 923 5851 9275 2712 3001 1957 3768 6878 9777 5276 251 6365 5891 6559 5173
26 3855 5743 6765 507 6703 2368 408 2547 1896 3547 6602 6682 9686 3299 213 9510 218 2579 7038 1354 9689 259 6950 1115 1522 5108
26 1874 9406 9469 3191 657 7010 1583 5632 9303 4358 1012 5573 1629 798 8954 3545 7852 9904 5776 1759 5207 9260 4519 6151 327 1139
26 372 4781 5425 9680 2250 907 1937 8481 523 857 8974 1130 9372 8779 9181 8778 8896 1764 3884 3933 5129 5404 2683 7409 6266 7111
26 961 8459 8328 7874 8788 5837 6956 4775 7381 8871 5026 8775 537 1545 1836 8050 7887 4827 6095 1795 4061 8046 8636 2321 5876 2627
26 9979 2026 4629 3114 9897 5642 1109 4699 7361 2417 8344 4483 8115 1486 4754 8697 2974 8568 5755 5788 5928 4700 9690 7026 4897 8480
26 6807 8020 3317 7884 2787 4643 1016 4834 6379 893 918 5704 3139 7871 1706 5007 7961 5261 5418 1280 9439 2734 7489 4905 3107 8535
26 9325 1013 9316 5668 881 85 4331 4879 8638 8551 8627 2762 6442 4663 1171 8233 6661 3125 3177 8714 4589 3441 4242 6481 7772 5665
26 734 1381 8588 1508 1496 2527 3624 6659 2393 8027 1980 112 7326 3395 363 5175 7747 681 5493 8716 8364 5198 6158 2606 4446 8527
26 9799 7180 8448 2412 9171 3775 2275 7830 9789 4086 3282 4543 2990 8143 9293 1373 5270 1704 7105 8005 7213 6421 9210 2786 7356 1378
26 375 8262 5771 1500 7847 9364 3824 9031 1248 5289 2535 5689 9548 6552 5980 8347 2416 5946 2533 9088 5246 9340 831 1652 1931 2818
22 6694 7553 9869 4941 5830 9232 7014 7659 3570 736 9658 8601 5904 766 8738 5339 1890 6351 764 5669 5048 9759
26 4894 3138 3403 5663 8795 529 4497 7562 1179 9734 4365 2153 8127 6608 7095 6362 2367 8531 3678 9885 1303 7740 3274 8404 9770 2897
26 1888 2123 2455 9254 3112 7988 8667 4302 8033 2042 3161 1525 5705 2936 2785 3018 2239 995 6408 8608 7204 111 8589 1052 8939 1653
26 3471 9852 6296 9002 9751 2745 3709 5770 8444 8125 9919 9136 2960 4258 1502 7486 4526 9695 3726 7526 9875 8411 7154 2554 321 8556
26 306 3773 47 1723 5495 9836 8263 6056 3750 395 4473 4136 3962 3674 2892 4500 2428 4448 3831 7639 4288 308 7863 3238 1614 6271
26 2559 4520 7638 7554 6357 4593 2355 9027 30 4793 5384 4590 1035 125 5850 2150 9856 7242 1878 2070 4261 4054 8861 82 5508 1547
26 8329 4511 6192 290 3047 7856 2640 8984 2043 6203 543 2837 8817 7741 9663 6219 6759 2569 9107 8625 2830 5345 7717 2516 3518 3528
26 5343 3148 206 4782 6078 7387 3785 1004 1292 5670 3877 4770 4032 9447 5963 1375 1548 6887 4110 4215 5927 5972 6112 1148 7537 9776
26 5716 8586 4630 8868 6591 4872 7066 9553 1791 9300 1394 2400 7944 4025 1672 7976 9188 5546 4577 1028 6614 1726 8174 1288 6819 4750
26 9864 8566 6245 3453 2180 2406 8373 2292 9950 8017 3593 8616 5249 2190 3961 5330 3810 2022 4599 7308 8423 966 4813 4723 8372 3994
26 2576 8073 872 4920 1693 2732 1475 1302 3782 319 1420 122 8591 7505 7098 8889 9453 7033 6355 4151 4283 4968 296 2608 6853 6748
26 268 9452 409 9654 4659 4326 1738 9054 2534 4394 7148 9533 7528 4382 9471 9386 2514 6568 7634 1675 8577 3727 2277 3611 8718 5720
26 7110 9246 3068 1685 6399 8742 4300 6562 3534 8007 3404 8881 7978 771 9958 3272 3801 6837 9603 7144 9873 8867 5737 8648 1841 3724
26 445 7512 6804 3915 8605 9742 6081 7515 8743 4340 6292 4325 7538 6008 2560 1237 3943 3725 3996 7390 5641 5162 3671 1191 1009 8210
26 920 5213 7613 3119 3663 3759 254 1979 5709 3757 8428 7529 6858 8294 9572 2549 3582 1413 2058 3835 5836 2550 9129 4197 8106 976
16 7318 2079 9813 417 8298 6753 40 550 130 9001 1814 7655 4647 4321 2494 9910
26 9901 2536 9186 6503 5674 4607 2966 9089 6838 8624 1592 7615 8993 2285 5255 5898 1657 7480 5438 9600 5657 8468 1633 3229 796 2225
26 7040 6123 4833 6710 4587 4344 1700 934 1045 4043 4942 7101 5000 877 5183 8805 2816 7992 1080 9794 5075 5521 2730 9446 9736 1510
21 5982 5572 8440 3398 4913 8996 5100 2095 5630 2063 9803 1277 3613 8197 139 7771 226 2890 7589 8942 2862
26 8102 9996 8410 5602 7809 2291 7466 2107 7370 9934 3186 5097 1275 2396 1136 703 5823 1268 5126 4627 8635 7669 4996 3871 2839 3664
26 585 739 1339 5815 611 9394 799 5001 7366 4667 5472 8872 1789 634 8975 2012 7294 2932 4931 3084 834 4780 5581 3264 7601 5501
26 29 2436 318 6984 4615 46 8990 711 808 216 8516 2595 1964 4578 8248 3006 9519 8466 8483 4229 8908 562 349 8482 2019 136
26 2941 8425 5089 8653 5287 6026 3867 459 8312 8988 3222 283 3832 5729 4289 1650 9578 167 3306 9016 1881 4463 602 3520 2864 5370
26 8962 1372 6125 3921 5291 3669 178 6579 7392 7120 8650 4950 1546 7854 6224 5336 9756 5643 7022 8723 9642 5251 8879 2847 8865 6439
26 4855 8848 150 1503 1365 8030 6333 7907 1428 561 1741 1217 1690 5552 9688 1623 9081 3668 2744 882 5410 9608 8156 9095 1758 3880
26 7347 8699 4848 3680 8191 2673 7274 6596 3691 9508 338 1519 9183 9435 2405 8427 9076 7027 8759 8256 4504 4908 8249 5047 9560 6453
25 4887 7082 4794 9625 6985 1453 9284 8014 7760 4768 3323 2506 8997 8689 1164 6812 1632 2811 1542 8053 6005 6285 5653 3080 4018
26 9140 9052 7372 3602 8937 1459 524 1872 9436 8883 1914 1031 4419 2186 5984 760 6162 6259 9352 5797 2593 2007 5596 5388 3975 8154
26 489 9473 7648 4703 2041 1745 3261 3305 2052 8721 4212 3115 9988 9828 682 5966 1678 7868 3206 3309 4596 7214 3113 5616 5865 224
26 297 2714 2539 9464 3807 8882 1433 7931 6848 4685 6447 7007 6574 5639 2242 7500 5706 784 1808 6725 4743 1636 8282 4731 2238 144
26 4143 3575 2566 5212 7922 4021 8101 5394 52 8799 4533 2237 9929 2950 3376 3244 8202 9528 7828 652 7279 314 8858 4844 6152 2848
26 7088 6329 6473 3560 5914 6196 64 4895 8072 6036 6495 9113 3101 6117 2351 3081 8846 4991 5488 8818 5673 6845 8538 662 5923 2055
26 8728 4648 1955 7579 5751 6280 5713 1709 9370 6181 2777 3159 1284 5274 5882 7063 7449 4436 3063 4721 1086 4791 5065 7166 1951 4120
26 9283 2512 482 7122 3701 7548 3793 2842 3271 7806 2526 1310 1953 7531 9945 6229 6554 9892 2427 2369 6108 8205 7165 685 8113 181
26 8509 2788 6003 846 8034 5766 2386 7103 3765 4550 3137 7192 600 2913 1187 4579 3198 827 2638 5467 8467 792 329 6518 398 9573
26 1978 699 7446 5892 6969 388 3746 6865 402 1598 3267 7507 9718 7179 5383 1183 5736 3852 9048 4253 6701 783 6496 2623 6533 231
26 580 8021 4720 8146 1667 5043 691 4117 9859 93 3436 8284 7819 6790 1618 2088 6091 7607 7644 4401 1367 6368 4257 7751 805 5538
26 2008 2006 1054 6818 2480 4605 9234 9222 5386 2931 3070 4457 6176 28 8252 3060 2572 5707 1360 9502 8866 2298 7611 8613 4911 1247
26 741 8739 3821 7572 6512 8176 180 1431 4689 8511 11 2390 8169 7583 7848 727 6980 8754 4609 6017 9069 8433 5978 4295 2203 8874
26 5341 4836 245 4020 2939 2128 6832 3146 342 776 9758 5537 77 3484 3521 94 1851 6841 5765 1390 3028 2836 7950 6088 7731 8543
26 8189 1206 4867 5756 9737 6172 4888 7727 6179 4608 7560 405 5320 470 1606 3526 9991 9728 7067 411 9585 4769 7801 9277 8884 3402
26 4842 3104 8040 1430 5628 1355 2445 4406 5380 5901 9583 9460 1998 8068 8936 5530 4201 1108 8389 2726 3702 0 1473 4424 4185 4348
26 6965 8978 435 7453 2207 9429 403 1944 6120 612 5284 5502 6823 5852 8583 2584 179 5826 4999 7317 8579 6019 8313 2610 9700 5697
26 4150 7129 533 1102 4645 8273 1660 7680 5486 9015 5073 6712 8621 8946 6834 1092 503 1895 9098 3192 4534 4161 7073 9461 2964 4374
26 2944 3430 5636 8856 2140 5838 2969 7604 9143 7967 5005 1551 6629 5849 6033 9807 291 903 9279 2529 6435 8849 4611 5361 1962 5415
26 1993 1090 7406 5888 2852 1263 74 7873 4734 5247 7384 9150 4190 5578 9509 668 5084 2701 6310 3143 1213 7349 8278 4927 566 8582
26 2869 6877 2681 3783 1845 2240 3901 7794 5317 3269 6908 495 1065 6025 5525 2517 2081 5331 7059 7487 3703 1812 6177 3591 8001 2276
26 3103 5358 4761 5054 2952 8094 6098 6566 1271 4690 1308 6982 6020 8672 5681 6736 1243 4671 9124 3240 4556 390 8696 3931 7335 7093
26 2912 8323 9890 9947 2464 169 4696 6746 1197 912 5730 7570 3763 5558 227 8478 1361 3118 9982 3479 4132 4691 1669 1581 794 8375
20 6879 3334 2112 2887 4403 9062 6962 6114 4722 3127 5786 5389 322 3844 195 3820 7667 1462 8762 4865
26 6633 4885 9602 5182 922 4555 7503 1140 698 1424 5411 4489 6846 3242 841 8522 1673 3440 6899 73 6291 7803 5362 8430 4133 5723
26 24 2641 5748 98 1626 2110 9101 4113 5878 2141 9139 4809 361 1666 1033 6827 5286 2826 8474 1483 4313 810 371 8078 4909 4319
26 5222 9495 3512 4953 3054 9684 7761 5009 365 1946 9029 1918 9748 2709 5416 4166 4708 7545 5745 5328 7359 1482 197 6981 1359 3380
26 3539 9191 4349 4141 241 6805 377 1282 4211 3285 3550 4682 8931 3700 8812 2091 4513 9582 2168 7495 6411 2703 432 4554 1677 7173
26 3362 6199 2626 8521 6927 9134 9478 2989 2023 8450 9085 3123 4464 2004 5164 8354 6001 673 8604 2302 4808 480 6844 5312 7758 5859
21 3444 6208 1067 3230 4366 4317 4971 4491 7015 4916 4669 2443 4459 7800 2294 7302 3771 4425 504 573 3950
26 8559 4428 5516 2425 986 2209 546 1710 544 5041 8590 2268 7285 7699 7377 3312 7396 1744 3153 1225 1059 8386 5209 2880 9717 7058
26 9411 627 6420 4245 8421 1721 384 8239 5140 6437 7440 7195 9732 8335 2545 6667 340 2800 7518 5683 99 8195 9971 2113 906 5504
26 157 4084 1313 956 5656 3205 7445 1891 9230 7259 7701 6415 8822 2991 2215 9699 9122 1089 7774 1039 2588 2993 791 3987 811 4803
26 2020 5948 7102 7737 5428 7730 461 7715 4564 7796 2345 9706 4217 2398 6469 1696 7458 3034 6929 1070 3957 4134 7964 8429 778 6997
26 2774 4537 8198 7690 9410 1311 106 1364 6885 6839 866 2978 5357 2279 9422 5430 5828 6651 7225 6477 9692 7681 8877 8 8519 20
26 4467 5359 6307 7668 2653 4503 4213 3895 8562 5208 6240 238 3212 8628 7584 7175 2895 1440 532 7947 479 3644 58 9387 994 8921
26 3168 109 6430 6825 1245 4119 969 9408 1539 1819 8291 4845 456 6996 2522 6256 4603 8287 3934 9414 2815 3942 5148 1327 1306 2597
26 8520 4414 5214 9562 6686 1746 2667 4353 1639 4654 8492 9709 6414 6556 1469 264 7890 7030 270 8781 2853 6914 2767 1093 6931 2770
26 7799 1625 8784 9512 1422 4099 2115 2907 355 4981 1344 7153 859 2632 4262 1449 4847 9204 3581 345 1739 7606 469 9025 4799 3883
23 873 1734 3129 3554 7034 3190 3165 9612 4557 8330 1435 5810 5943 1926 5754 3809 4240 1616 143 3633 5037 6702 8163
26 8086 9128 1186 9557 767 6698 1859 1101 1960 7231 3672 3416 2793 1654 1763 6637 6660 4755 9529 4431 911 2985 9061 8735 1923 6479
26 1735 6558 6202 6173 1222 97 6331 285 5323 1470 9880 5475 512 1827 7966 9989 5412 9501 9125 7544 1549 3343 9775 4841 3860 4538
26 5769 1593 4482 4558 6580 8523 1412 8730 5302 5768 2308 2344 4912 9704 8161 8162 6626 9760 8619 9051 1231 5845 4079 7303 8552 557
26 1778 2748 1221 5662 7092 7642 374 8987 3845 3846 5417 5715 5396 6854 7969 7921 5327 4889 4972 4390 5544 5533 5536 2833 5265 3021
26 8204 5034 3991 6903 9392 156 5910 7301 6306 7525 1681 5313 2231 1857 7418 3881 7652 7128 925 5609 7660 5867 2287 4273 722 7404
26 476 2074 5829 849 5601 4541 3829 9388 7167 9000 6600 17 4978 8283 1707 5203 829 9059 4956 1928 5613 4570 3741 1204 998 7161
26 2986 6658 1260 3615 2077 7263 7697 2054 3425 6581 6625 4388 5512 9886 220 1906 124 1238 5461 4707 755 3742 5846 5055 6350 1150
26 1664 2426 9804 2497 8368 8761 2702 8864 5708 7389 9983 7790 5877 7292 6511 3659 9855 3019 312 8355 7739 6096 3046 1141 4716 1019
9 7346 8892 6527 8110 7211 4138 6460 9248 3491
26 4346 2717 4405 5156 8575 704 9195 7770 5201 3277 5353 7046 7735 1749 4932 3000 3472 3806 8393 5726 1112 8707 107 1087 6170 3386
26 4066 1421 8803 7193 8529 3122 4559 9566 2125 2722 4219 8304 4614 7099 4681 7168 1151 89 1582 36 5127 2604 7509 6944 7002 6260
26 9483 4546 8157 3966 6601 4749 9265 6163 8193 5268 1876 6926 1597 186 9416 2155 7695 9174 5151 6954 6606 5131 5753 6644 5471 9517
26 8840 7846 428 4493 6009 9159 3675 4163 7483 9376 1041 1854 2284 9774 6561 6464 478 6632 5297 7170 4616 2643 3787 6294 3749 9796
26 5598 5654 2657 7683 559 5622 6283 8062 8533 5163 8688 6326 5589 1163 6620 6628 2980 931 5403 788 6311 7784 4310 5474 9097 5253
26 9252 4455 9320 9657 9199 6896 6374 2246 1736 6378 4002 5180 4993 1572 8829 7942 9903 7157 4304 7845 7776 9771 6514 2656 6191 4891
26 7877 8435 3066 5593 5437 7762 2809 1338 2248 7900 9843 678 276 1262 9725 2010 2111 5066 8408 747 1184 8222 7977 9383 6585 3985
26 541 6155 5996 1550 992 660 3418 7081 9823 5527 9403 183 7265 5728 2587 7012 3764 8349 9040 4934 9984 8948 4820 2819 8770 3286
26 9523 2523 9543 4250 4652 4930 8485 7234 8103 2078 8705 4949 4632 4565 1131 6154 4155 570 6889 4983 2460 2064 5563 5758 5458 8054
26 6424 3384 4228 4016 6261 2979 9812 174 3314 3308 4009 3065 999 8314 2389 1894 7212 5916 6688 7954 5560 5252 7618 9004 9577 5629
26 3291 9503 565 2261 6034 2482 5951 5219 6389 5794 1123 5168 7522 3841 3920 5906 3485 3467 237 9058 7821 8503 6148 8043 2410 5244
26 5381 8449 7430 9743 6537 2404 425 7569 7296 5664 9205 6773 433 116 1769 4505 5355 9399 8409 6217 5095 265 6576 7568 7586 3097
26 6529 2899 3426 1785 7535 853 1062 7614 6909 2241 26 1132 4715 4963 8060 9588 5759 858 2968 9891 2775 7888 436 6840 3755 9916
26 7711 1630 9874 6575 3338 9972 3099 8801 7726 3776 518 2205 964 8855 7661 6030 588 7139 6835 2136 9391 2628 6979 2152 1701 5571
26 9187 4706 248 3585 832 2556 6237 1912 7045 7624 4055 3392 6486 7137 4573 6938 2872 6549 8733 1172 9217 3898 926 3126 3408 4662
26 2278 8209 8462 3938 3270 5082 5782 5967 7474 2513 3661 9767 1345 4936 4560 334 628 3217 1742 3248 5935 6209 6007 797 8947 5606
26 1833 7471 7249 7172 6274 8652 3770 508 9838 6880 9072 9693 539 4621 9060 7420 1687 6284 5144 2743 8341 8487 9427 6978 758 3618
26 368 5295 9012 2934 4139 4034 5899 1476 4293 4125 8383 8343 7353 7328 1989 4501 9959 6010 3407 2970 9861 301 6782 8541 9558 8171
26 6952 4260 720 8995 5124 7778 6657 3133 9322 8767 4992 5032 7260 9348 1409 2965 6400 6497 9491 9465 9942 9336 18 6943 5476 2659
26 3527 3208 5541 3840 8445 6639 993 4802 9882 2383 2504 4591 3919 870 2378 4370 9587 2387 3695 79 9426 9280 4976 7436 9938 1948
26 8406 6747 4686 2663 5135 9466 949 8099 8534 9462 4248 6325 288 534 7072 7767 4386 7254 5236 7963 8891 5003 4308 8226 818 9766
26 7141 5113 41 9634 7246 4371 1523 509 9167 3561 1702 6799 3979 5498 9801 6860 9825 2674 446 7452 8238 7136 4383 5413 2449 1006
26 5402 315 9586 9524 7816 7595 4328 7984 1264 5801 7791 5184 6105 2068 104 2832 8839 651 5843 6535 4466 4180 7524 4203 1705 8350
26 1866 6851 284 2470 2059 9564 9070 2156 1417 7842 8986 5911 261 4521 250 7995 9786 5612 1556 7523 9339 7946 3983 3791 8057 6870
17 8675 8303 199 7312 6305 8938 9652 2486 9231 6064 9778 4947 6945 8845 5401 5518 3870
26 8342 7116 935 1835 1465 5050 843 7805 4866 6866 8958 6897 5002 4535 3628 339 6506 7919 6040 4174 5283 1586 3762 7391 8862 4243
26 3743 7451 2780 3537 6313 9546 5803 138 4012 7149 7620 7718 7106 7047 6777 1190 7376 3504 4193 932 7597 6941 7673 3134 5390 5543
26 1353 2838 9631 266 8167 2075 6416 4884 6090 8031 7462 2768 9185 1340 4517 8496 2496 9907 1526 630 5096 4162 4759 3652 2983 6494
26 1973 9636 2881 1580 1910 552 2453 8686 5979 3501 7755 740 3330 1932 3777 2708 9034 5254 101 5924 6796 5429 9454 1488 3185 7049
26 6456 6110 9078 4050 8955 292 3429 5608 6915 8134 4562 7130 6143 34 9039 1457 6704 5194 4367 9149 258 4977 7057 6968 2286 3032
26 5332 3176 3830 3058 3879 9418 2360 1259 8661 7368 6116 1236 4712 4874 7408 8732 8365 1174 5989 7826 5337 1015 5806 4040 590 9329
26 6160 271 8309 4602 66 2126 649 8339 6103 7647 4851 7743 8673 7273 9350 6385 2199 6427 4275 9606 4860 6195 5311 9196 5790 8069
26 2429 6752 9487 782 2781 4664 1168 6751 7508 4343 3772 9292 8473 2462 2003 5456 591 7470 2849 7859 4337 5044 4540 8265 737 9430
26 9207 2357 6255 6141 5241 5238 1947 4532 7822 6974 6578 6459 7556 8526 305 2555 1811 132 7756 2096 3488 2133 1195 4904 6721 7795
26 4788 874 5554 5240 6048 3958 175 9729 4892 6642 4038 6939 8141 9835 8828 2676 7200 5223 8611 4864 3744 6348 5652 4069 3892 6063
18 9954 5441 4065 4029 1106 7972 9639 163 4019 3854 9351 242 6509 5068 4631 8907 7855 2210
21 1399 7284 7867 6000 1061 115 4584 1787 6157 2844 3948 4442 3551 9212 7032 3412 8966 8633 1691 1575 2353
26 7911 8376 839 9314 9419 3952 9817 1716 6808 2737 5523 8074 9250 8873 185 7945 878 7908 2855 8894 4413 2946 1731 8091 2408 2273
26 3457 9137 1518 2992 3493 2173 8038 6677 9298 1774 8916 887 8025 1999 8920 2336 5078 3815 3131 642 7074 8321 2843 8319 8674 3969
26 7229 7104 3729 1797 8111 6850 9975 3754 8097 4014 78 6444 2634 3503 5796 3916 2127 7306 5085 1063 7437 9746 3641 2463 5666 2163
18 8071 6200 5711 1844 7147 3227 6082 2035 5462 9541 3256 5561 4218 6124 7820 8013 2363 9476
24 8088 9044 2346 1792 6648 3290 294 4638 7339 2607 7132 7781 5577 1622 1025 7721 7238 4923 6760 5354 8501 7938 901 8980
26 55 3849 502 9179 4123 7041 8542 4449 9074 1907 3 2431 7860 5738 8676 5633 632 5277 765 6065 4444 756 7163 1576 4432 3458
26 5902 7704 601 8419 7433 6213 6243 3646 624 3924 693 9355 9148 5093 4234 1615 4822 4306 1099 9443 8836 9223 2103 3620 2134 4124
26 4098 7319 7097 164 5433 7425 2270 3621 8904 6605 2501 4351 9470 1806 8016 8776 2183 5190 373 6071 8092 9493 3390 9214 5230 1038
26 9626 9544 933 208 645 8190 7216 5933 15 3221 3999 9142 1566 4982 9425 1596 6935 5918 3558 6992 2446 7202 6955 2794 6113 6185
26 5304 2928 2758 5352 6638 2578 883 5959 3031 4566 8693 2749 2413 7365 9597 3452 2489 3187 3166 3868 3040 5130 4886 9369 9589 1212
24 1880 457 9289 6647 3721 7558 1779 3843 9584 2319 3449 2265 3630 3568 2162 347 1036 418 9178 8012 1149 6573 2100 7133
26 4495 4255 128 2333 7208 9242 7769 5824 2958 9240 714 2142 6612 184 1119 7571 4022 4527 62 7473 228 8943 1234 1966 9311 7223
26 7640 3029 4109 1729 5690 3482 4617 9644 3007 6235 6830 1501 8200 7417 7844 3361 5363 564 8982 2262 6343 6986 7183 3172 2243 8710
26 6649 6924 4299 3666 3370 8555 7176 4924 1392 3292 126 6891 8841 905 7703 9883 9253 1858 5178 3388 6349 7052 2411 2926 9753 4186
26 5091 6669 5285 2982 7665 617 3981 9077 387 6201 3977 1468 8049 9902 1358 359 6531 2803 1484 6640 8479 2391 4149 2773 5318 8217
26 8587 7677 498 2000 4318 9858 8324 7080 8148 7949 1383 366 5625 875 8753 344 9323 6144 2779 6826 597 1837 1095 7565 6650 4955
26 5406 5990 3786 2856 7840 9868 4195 7194 4784 3992 6298 1471 4265 1945 9616 7598 3059 988 6957 1122 2976 8834 2193 2457 8453 4103
25 2212 5371 3022 9769 8615 867 8827 5134 2065 2332 683 9547 4100 1535 1068 1265 7432 8913 2488 6417 3745 8684 2671 9637 5854
