25 1037 4339 7808 2081 6836 8914 5620 2955 5576 1029 9721 3615 8018 6736 1250 1224 5680 337 6196 1848 3273 8481 4790 176 1214
25 7383 583 5297 7609 6529 2727 7049 6104 201 4305 144 3631 9197 395 9207 7839 9746 3417 1629 9840 7152 2052 1915 7201 8777
25 3530 4017 9882 6922 8133 1206 4965 9261 2575 323 4907 3240 9886 1971 6519 8710 4081 8666 4474 629 5050 819 7016 749 9770
25 6744 3687 8987 7314 1515 3999 5921 9278 1100 5992 2189 2046 6345 9311 5383 8979 751 4575 1498 3628 2962 746 20 607 3767
25 549 6338 2765 6451 3904 4726 9899 1395 4328 5520 9487 1442 18 7534 936 6639 3094 7772 1195 635 4770 8327 3681 822 6075
25 9489 6638 2903 1729 361 8539 2614 2722 3574 9469 9809 3763 9634 500 9294 1726 6095 5667 4522 5454 8894 3387 2014 3264 762
25 6913 3398 4641 5523 27 4132 7542 1602 2074 6281 9371 3482 5082 6936 7457 3563 5042 2459 3598 3933 1467 6033 8304 1899 9257
25 9864 3338 7172 2939 712 7648 1347 1657 9958 1264 7299 1403 9638 7705 723 4330 5013 3238 5874 890 2437 3248 7166 1882 9601
25 1776 640 7727 9470 5005 1750 9050 7387 4226 2521 1909 356 3010 7629 2979 758 2148 9792 4289 6325 17 2170 2017 4458 5178
25 6745 4712 1993 2637 6506 8285 113 7605 2550 1470 3251 7537 4140 8196 9836 4691 6929 224 6631 8843 8921 1435 8841 9887 3507
25 734 511 3779 4387 5402 420 5545 3229 1445 6627 797 9683 304 6615 4472 163 5336 7634 3275 3060 2529 6449 6787 2367 6567
25 408 5514 630 5589 5157 3924 4448 3317 1075 8617 1052 5976 6609 6013 2718 1582 8265 2730 5784 3259 2336 9218 4943 8743 7731
25 3145 8182 339 4059 7380 5113 2130 317 953 3486 6414 4970 6428 8877 8454 7074 6853 513 1962 5378 2462 1615 2019 4817 6046
25 950 8630 3821 5577 1128 9820 3609 9988 5299 2635 8214 1645 4885 4731 3102 8081 477 6537 5871 5223 6689 5038 7487 2329 8722
25 9049 3524 6751 7555 8278 3363 9549 9538 2423 8456 5191 492 6063 4603 7938 3302 6194 7905 6507 2258 2759 9309 7343 6899 7881
25 7432 4011 7376 5293 5 9527 5105 8478 8340 5758 6483 4440 6084 4760 3892 7519 1290 6458 6037 6933 1473 8384 5718 1680 8947
25 7657 4309 4601 4135 7692 3842 3118 7216 2716 1422 5845 6248 175 3808 4985 1512 5533 1914 3658 897 7617 5452 2921 1021 498
25 7679 1720 6255 4389 1540 5936 484 8470 4999 5246 5656 9436 2913 8015 1048 7746 8428 1594 8169 4319 2256 1432 7477 9578 9713
25 5721 247 5538 1534 761 9851 8100 5458 7162 5139 5806 8593 3666 6464 7797 5715 5720 2788 8515 1725 5097 3006 4666 6863 7650
25 3252 1414 6189 7691 5426 7704 5933 6941 2530 2551 8257 7823 9666 5888 3027 26 868 2430 2192 1581 7431 1434 3014 6995 8341
25 3740 7862 1024 4653 2142 5906 3129 5554 4664 1119 7139 860 4378 370 5524 7511 3492 3712 97 8431 1596 3714 6342 1933 5840
25 2486 4416 4489 887 566 713 7661 7923 7651 1747 6790 988 1162 6007 4452 6501 6859 2937 7353 9640 1202 8543 2498 8475 1959
25 2944 6447 1797 3024 1625 9445 9228 6881 5655 980 7301 6822 139 9873 7473 7161 5961 6674 5356 9295 4946 2715 8009 4677 7782
25 8073 6768 6240 9594 7463 9511 2747 40 843 8350 2534 2013 4563 6008 7253 8544 7852 8450 6749 8313 8674 4831 6120 4832 1842
25 6618 9722 4437 8536 5450 4196 8624 8422 3501 9348 3602 2815 7762 7424 1126 2144 9802 5869 7131 7423 3484 250 8143 133 2865
25 7196 7910 1837 4730 8566 538 252 1338 4151 9325 2898 7382 7892 3576 1740 8962 4019 1003 9911 4168 7217 7601 9380 3686 398
25 4450 1992 6218 7875 6002 4513 5550 3461 8424 830 5047 8002 9730 546 3823 892 5967 4968 6159 720 5109 9570 8849 6509 5171
25 4709 6035 1299 7736 3585 4895 464 6850 9258 1689 9006 1660 6877 2952 3565 3620 891 4892 8108 5830 1677 6931 5236 9755 5563
25 5742 8542 4537 9254 5072 9649 9845 2858 494 1245 886 1248 7163 6370 1652 8526 7258 301 8898 1696 5350 4012 1934 9047 9147
25 1002 7558 1634 7538 9510 7646 4200 8305 7395 8432 6722 2495 2330 925 963 4634 8474 432 44 5274 9397 5525 8429 2188 7454
25 3594 8830 553 8559 9482 9989 3067 3570 5756 2713 2925 5768 827 4536 608 6083 2578 5312 748 5808 5416 7941 8631 7775 5909
25 4604 1569 1111 2792 5995 7568 1897 4693 7030 3744 899 4103 1152 5142 7120 1761 743 739 7907 6894 3794 5167 3679 294 9229
25 1138 9513 6381 5971 3231 4394 7569 6901 4494 4423 3033 4109 2688 6419 2452 7733 1885 6375 5345 4441 2247 5207 8697 7966 8192
25 5124 8998 7765 5565 8112 9104 8419 188 4255 9118 9450 6201 3771 5585 7677 4478 6343 3929 3547 6552 5601 7766 3700 6714 6208
25 935 8004 3390 7631 143 8942 2829 127 851 8098 4698 6386 9033 2397 1557 5722 9915 2508 2043 4429 519 960 7446 6740 4830
25 7088 4125 6346 3968 1860 2927 1076 6151 9727 3717 2968 9159 5309 8684 2626 7700 3159 2786 9842 3562 6940 5183 7302 8535 4763
25 2251 2042 929 2511 825 6172 4602 8105 6719 5706 7491 5195 5702 8644 5603 3160 5991 362 6005 4811 7518 8249 4203 5960 3801
25 4352 6484 2443 3538 1721 845 7543 718 6870 5959 7983 9656 3621 7011 8394 2809 237 3395 2023 8866 1559 8180 7741 1748 2050
25 5281 6603 6513 970 9405 7125 3286 1754 6116 9162 3100 3045 7598 319 639 5456 7055 7354 2321 2958 9232 793 8620 8390 6527
25 9381 9301 8581 3663 946 9618 4297 4114 4464 6364 2606 5668 3313 7738 2837 9298 22 1348 3399 3595 52 3360 8145 3334 5070
25 6009 3413 7513 315 7483 2701 6246 8247 9088 7368 1678 9439 9680 7986 4610 4443 4779 6679 5876 3230 5024 9215 2474 7478 2998
25 1736 2315 8220 9364 9715 1965 7045 8296 8099 4400 7409 4159 1628 2280 4476 5422 3498 971 2588 3819 1814 2300 3709 6616 5344
25 1433 1324 6368 84 7536 6358 5259 5318 526 7602 3314 5729 5987 9481 4640 1820 8771 9343 5688 5253 2217 6227 1565 5326 3539
25 2649 6793 7689 3292 610 9460 9015 5308 7685 721 8042 5652 5241 3175 745 7940 1801 5305 2740 5697 2950 9182 663 2684 1626
25 1861 3760 9231 2310 4315 7331 2732 7594 7002 98 2340 1287 7008 9662 4582 4040 2896 6993 6081 340 9776 5644 246 4030 634
25 8570 326 7141 8349 7150 9575 996 7878 2609 9529 1840 9543 8530 9796 6866 5098 1404 3152 4899 6216 2493 8657 9176 8233 1880
25 4608 918 6359 1069 7793 7180 3876 7952 288 6307 2241 5099 7006 3971 9731 617 818 1898 216 2360 8031 2203 4432 2506 7767
25 3694 9092 1266 9681 8513 2451 2499 4481 7418 4961 8164 5795 2446 2988 7745 3028 5772 8782 9883 1541 8774 3864 1047 1570 4084
25 3557 220 5164 7200 932 5612 7067 2305 8411 4933 4954 2897 2826 7502 9437 1196 6379 3691 3748 5108 6439 2562 8580 5168 1707
25 5679 7020 9483 7341 2471 8472 2777 8562 8357 2604 552 5372 4043 8222 469 2948 8503 7683 2608 3591 1049 6017 2514 416 1682
25 4819 7557 4120 4764 6269 1888 2652 7848 529 6144 6132 7378 4457 5053 2349 4393 4349 1199 4678 8467 6792 7038 2560 7344 7143
25 1854 7187 3443 2784 4820 9386 9856 8457 4896 8737 884 9629 6579 2873 2461 6337 3995 6344 3850 5250 1535 8626 4565 1374 6531
25 3269 8381 8609 6564 5753 8604 3176 4207 3316 2612 5637 5498 7719 9687 1184 9148 2594 7824 6210 849 5404 5486 4857 2152 6518
25 4936 8339 5425 8703 6511 539 7547 3494 164 5785 8589 8643 3404 4787 5077 6171 5730 8476 35 3074 4178 8844 4955 5905 2172
25 4687 1592 6805 5291 7359 2596 5575 7333 5826 4286 4403 9922 8212 1590 9969 554 2641 6967 8435 1120 6485 2842 9734 1627 5811
25 7763 7385 3421 7148 7580 9383 4341 9732 9140 3792 7978 5058 1364 5752 9014 4201 1346 5048 2161 2731 5459 8946 7947 7643 5886
25 2949 965 6382 9238 6804 5801 225 1964 8353 9173 6290 3568 9252 9750 393 1857 7639 4616 3665 1352 6400 2380 8388 7330 7482
25 6825 727 5703 5368 7836 4865 8148 1391 8486 72 2307 6350 2436 205 6820 1551 1502 6890 7415 9609 5602 245 1026 8805 4727
25 3169 9314 8671 7671 190 9535 737 7367 2831 3350 3296 5272 8048 944 816 7887 9930 6266 3226 8511 958 4667 3671 4906 6181
25 1891 5069 3736 6101 1260 524 1316 2764 3261 6250 1019 8928 3961 754 6452 7805 1674 3386 9395 7010 7783 9390 5287 2478 8245
20 9712 5810 7297 6430 1875 4648 3935 6573 3913 828 2798 9946 9466 9417 1357 6197 2134 9583 267 1000
25 6965 6560 7255 6704 5306 9561 2698 8189 7194 7786 6595 7814 4889 9422 5694 7798 3851 3435 7155 9650 1226 4136 1989 3280 4937
24 8173 6336 7835 8289 4572 8440 7715 7369 7531 3783 5230 1198 5799 696 4304 7735 4661 3031 9379 9441 9144 136 9069 5226
25 268 4063 7230 7994 6505 3649 2704 131 1441 429 5957 4504 8938 2166 79 5508 9169 1172 8065 270 6384 3189 3522 8260 7036
25 8661 8244 6296 7884 8300 5349 9878 4475 4528 5885 9114 4426 7943 5805 9781 6390 8407 6659 2956 8193 776 7608 3247 2586 8253
25 3869 4802 5096 3294 7564 1946 5369 6421 2628 2033 5292 8686 6962 4079 5724 228 9154 1519 147 1345 5822 8095 7668 6319 948
25 5686 3288 264 8579 290 556 1451 9062 2257 4671 8389 7267 5461 3215 9268 9628 8463 1474 9612 8712 1834 1610 3113 5125 9829
25 9817 8881 4256 2565 6994 5257 3556 1782 4033 7604 5818 1268 4499 7085 9272 1092 7420 2544 3408 3096 6021 9866 5158 5357 2887
25 6884 8708 7859 5564 4238 1485 3267 3555 5567 5763 4410 9834 5348 930 6163 2429 2198 2355 2463 3511 3919 3110 314 7189 180
25 9451 8085 6688 1070 7276 3887 7933 1360 7652 5410 7310 5339 5846 3777 910 3235 6068 623 2139 804 3438 7533 1506 4738 3702
25 4972 8188 982 9941 1183 1639 9641 4480 7286 6641 3217 1130 453 2079 3295 1951 8448 3567 3953 2880 5379 3623 6389 9868 6889
25 6984 8713 8944 7541 7121 5224 4734 4031 6415 231 6557 8184 7164 8765 177 6987 8338 5633 7831 7177 3013 7295 637 9058 4381
25 5868 4854 6971 381 4569 7402 7305 2942 3117 2151 2556 654 385 3772 2045 6916 6632 708 8279 3962 1583 6821 3795 5774 6647
25 5920 7870 6907 419 6203 2843 4862 9679 6597 1041 7680 5943 7976 8198 6754 9497 6576 4660 6883 2483 2220 6045 8375 2196 4100
25 6801 5918 206 8055 2041 5089 7391 9525 8858 6794 7094 5654 8438 3358 8701 9591 1911 9367 1698 4185 2253 9659 9178 7842 6665
25 2928 2680 2343 8903 1008 5169 2494 4547 8156 3604 4530 3903 6301 4291 9031 8263 2248 7032 2818 7126 8993 994 6553 8912 8812
25 2883 4540 9761 2238 4623 4705 9297 2535 3440 6204 6712 5848 2086 21 794 7406 7970 6710 1589 9720 9630 1090 5955 2644 7065
25 4280 8404 4468 255 5352 3380 7592 4566 7027 6412 6124 2668 4924 8506 3154 6856 2313 4757 4739 6809 6117 9719 7593 7811 4636
25 883 2810 9880 942 8505 1481 6547 3062 5551 1087 434 7740 8368 1595 2832 3676 8645 3249 4085 7900 1661 171 5347 2744 1344
25 1409 6004 5562 1879 1363 1561 5674 4083 1886 1603 8466 6938 903 1063 6942 1329 3326 939 6347 593 6872 6341 9236 4399 3324
25 1459 4249 3798 1143 2108 4102 764 7170 7896 7060 7974 3553 2394 6026 3500 3378 7442 2505 2516 9427 8232 3942 6577 1604 5376
25 5155 9822 8040 4642 4074 1212 8766 5590 9479 9839 5015 1215 5211 9111 9736 9387 5596 829 1112 2268 8690 8660 8700 4808 5975
25 6818 4023 1739 6401 5032 6312 730 5136 1139 7658 455 5384 5719 9847 4934 2190 3606 7954 6637 3973 7937 8319 7972 548 940
25 8200 1732 8116 1562 482 1662 2431 9574 6468 3133 6963 2317 5455 5244 1225 1637 7168 9318 2030 7112 7111 5941 8970 8344 4022
25 3445 2912 4873 8509 5917 3329 8034 1828 1055 7929 461 3093 8012 223 8317 7071 8268 3664 6335 5353 4707 327 1763 3397 9456
25 9787 8564 8107 2767 4449 4385 7625 7582 8899 9598 6906 6131 1929 1835 7904 969 3401 3724 7066 5204 173 2803 8487 770 1922
25 4415 9474 874 4086 6310 9696 6658 2036 8658 4367 295 9907 9007 8023 6036 5798 3872 4850 8185 9555 3068 7183 3322 3447 4772
25 613 1702 5176 3986 8462 2532 6422 2428 9002 2234 8984 2245 1350 9948 1816 9531 7386 8234 7916 6217 1807 8490 7669 3652 7239
25 497 7357 976 8790 6427 265 4254 1311 299 3970 6465 199 6758 1151 6534 9476 4165 2654 7742 4126 8392 1568 3908 8194 2288
25 798 832 4825 8853 5218 6833 618 2279 9424 2579 9400 7883 6826 3044 8983 4266 2906 3814 1372 9974 6265 3544 4228 4138 4390
25 4645 1272 3915 6668 7340 2975 6969 3480 3287 2 4993 9597 2878 4733 3704 5531 8321 1091 5804 179 5471 2489 5899 9944 2591
23 3312 2602 8892 6329 2039 4508 149 3101 9428 2306 1499 4561 6572 2932 5408 9455 53 8421 1179 512 1480 6184 5441
25 2237 1772 7157 6042 6193 4816 3793 9971 2055 3907 8323 3490 6225 4308 6644 4519 2566 9573 9174 1132 3079 6000 1853 9099 4629
25 55 7769 921 3270 5725 3642 8606 6073 8525 60 5849 7292 9965 3843 3635 4837 2690 9912 8077 2390 7062 522 3139 3949 3868
25 2016 8730 8831 5636 6279 3672 6586 5233 5228 8706 3734 5036 2540 6593 9098 7422 669 9462 8802 5051 2027 4880 5666 2630 2615
25 6157 146 9663 6214 1646 7448 9488 2675 6369 6951 7312 8075 2395 2345 5889 5451 5333 5653 4814 7360 2200 4877 1957 4492 9287
23 584 3311 1985 6367 8667 989 2564 914 6570 6470 9798 4690 1507 9468 4545 4697 6921 6587 5764 4778 2781 5947 1399
25 4121 1530 5018 612 8044 1527 537 9477 6362 7100 8781 9168 9432 5928 1575 7676 1979 9290 6980 1014 3339 276 8757 435 5296
25 3669 8538 7804 7530 9900 4861 620 7407 9226 232 2374 2645 4632 1771 4366 7182 729 9516 341 5850 6260 8399 8527 9013 3298
25 4495 6060 7117 6028 9471 7524 486 2088 1587 695 3616 9101 7371 3889 5882 5386 229 9124 8320 7525 5627 8811 3791 1765 1439
25 8276 2720 5414 6378 4221 16 1053 1741 4054 7349 6387 9467 7370 202 3167 6721 66 8789 4724 1862 9181 5663 1823 6973 5903
25 9179 6756 9150 7849 1233 7069 7919 9567 1833 2044 1528 342 4534 1980 5934 531 4306 4549 6186 9978 7616 6512 9183 7903 2593
25 2112 6107 4435 9079 7749 7309 1967 911 6038 7851 151 2180 5660 1852 660 5619 2770 9789 5115 8352 1255 1095 5939 1358 4559
25 6239 6277 253 2362 2293 6871 3963 3938 29 4379 813 5839 4149 9893 528 5093 6954 6764 6128 3336 8309 803 1517 6112 1560
25 9313 468 7396 4377 3728 8698 9065 5556 8414 8403 1859 2065 9626 496 8444 1185 1838 633 8826 879 8197 3641 6702 2882 5071
25 1496 8801 8458 3931 5838 7399 8672 3573 4473 9695 1829 6628 4388 1429 3799 9293 1572 1275 8950 7654 9633 2035 7298 8430 1676
25 8298 1609 3603 7665 5054 9926 7202 4983 8206 41 1734 4630 4497 5399 535 7495 7656 1318 4130 359 9351 7224 459 9686 7909
25 5711 5387 402 6377 1157 7262 6977 2682 3513 4708 1936 7283 94 9237 9335 3346 2403 5267 9603 1274 1057 1469 4242 7597 1893
25 6562 1257 515 5400 7275 3066 979 6086 5172 4110 6123 9319 672 3994 3778 8749 3922 1658 491 9879 5311 5131 5134 8948 31
25 507 8574 4354 9877 2536 1514 411 2785 4123 9139 3370 9932 4442 4663 9221 8592 9514 4902 2080 5894 9671 198 3735 9253 364
25 9976 6946 3138 6829 5435 1742 2960 5750 7336 2607 5180 9983 9203 9078 700 4647 297 4414 4776 9691 8423 6334 1240 284 1135
25 2917 8288 5041 4384 871 9399 1013 8209 3934 4780 6930 2755 4131 1881 9204 841 8521 185 9043 7653 6897 3315 2319 3820 3751
24 2742 4958 8223 2991 8284 5229 9350 1463 3757 8248 61 1330 7035 8502 3817 322 9073 8963 3412 8121 9105 1259 638 978
25 5754 7467 769 1436 7474 121 9003 2316 606 831 3722 558 777 521 438 6284 4007 3826 4922 3374 2760 1691 5560 8964 1855
25 3607 4807 5221 8518 3696 984 8809 4525 9413 1955 7596 6542 5266 2341 1271 8346 325 5670 1889 2835 7897 3846 3056 4891 4303
25 8334 3947 9698 1282 4720 938 4591 1799 9345 2298 3069 3411 7698 1383 5039 5242 7517 5055 6294 5816 5599 9747 7102 2853 4005
25 7271 7957 5317 2791 2299 1298 8520 631 8013 2618 7571 5175 3750 9217 1908 475 5716 8872 8106 8314 5407 8835 3349 1636 7061
25 233 5493 5284 242 6739 8011 6408 4276 9673 8954 7079 1812 6411 6187 2184 3263 6734 4912 5691 4749 5609 2646 5515 3684 9999
25 8909 6305 3785 7389 4362 3214 3140 2361 8590 9643 4901 4454 824 6928 8828 4551 5188 145 8128 2419 7269 694 182 3981 8119
25 6645 7771 7265 5773 7280 8573 7595 9758 6624 8425 7307 3914 1491 3780 7099 4928 6398 5659 2067 5844 8363 5543 711 9324 7110
25 3116 210 3476 3786 8927 5301 9127 9733 2512 6177 4915 6508 9452 394 679 4835 7178 3115 2970 3954 2421 5962 619 4436 8563
25 2620 9388 7397 4775 6355 2001 5046 1668 3361 8971 6388 9769 4179 5012 6796 1567 4206 3800 1378 3996 7294 4348 9753 9285 1016
25 8965 2611 9981 8439 3582 2276 5278 7890 7261 645 8794 4213 7500 9725 4398 9131 2673 8768 8869 9328 5472 8140 3766 7789 289
25 6633 2543 415 773 9366 2852 1630 4193 4406 4898 3137 5884 555 1892 5963 9332 4809 5174 8294 5449 3343 4146 6348 3985 4082
25 4119 4935 5182 7203 2694 271 5902 6067 7291 9774 7098 5043 5010 2116 1033 7877 8533 1699 8821 6949 2914 2839 6066 7003 1844
25 9735 2105 4321 2625 5539 4368 5696 8014 4637 5727 7421 1237 9773 6360 5198 8893 9623 1312 8483 1969 8951 1310 3319 3106 7773
25 2717 8170 8532 9987 1387 1456 6402 6072 3289 130 5586 2583 3532 4052 1129 430 7259 9061 9854 3558 9340 4047 4509 7821 5968
25 243 3444 440 2768 1122 4342 9303 6024 3191 8114 6015 6298 2828 6299 7991 9243 8331 4952 9874 7197 1377 7017 693 3810 9579
25 8029 7078 2633 1574 6023 6121 1641 4879 5777 4680 9559 2320 998 9521 6487 2449 7509 8817 4531 8287 5622 9227 9076 43 5982
25 209 1990 8379 6882 439 7086 8537 8548 1276 4112 9247 6975 2179 4752 217 4376 4794 8988 3668 7444 9021 3464 2094 2502 1118
25 90 5875 58 8989 3488 8973 7249 5708 8358 4874 5213 4288 3753 4945 8302 5726 8959 2651 8567 4331 8499 1884 1267 8418 9138
25 1321 8933 7403 214 7220 9279 2484 3895 1926 6137 3439 9486 9224 3468 2385 4246 9347 9025 683 6391 4182 5258 4157 8943 4644
25 6206 1902 4964 13 5908 4380 5675 1205 9329 4300 2064 8360 7866 2916 8646 8733 196 1916 2273 4217 9080 9700 6119 2468 1430
25 42 1413 6394 8762 488 4307 5794 4055 8446 162 4334 993 5964 4815 9814 186 3420 6055 7282 5027 2787 5294 6653 2163 4469
25 4595 3325 1655 6539 403 7440 2497 2126 1544 2592 955 8256 9116 6791 6841 8153 1328 6106 374 701 7466 1194 9245 9083 5914
25 8102 9389 5946 2411 1012 3459 6729 8966 7687 3528 5056 5196 6885 1340 4501 5022 3057 3610 6308 4396 9266 3839 1191 1687 2573
25 1108 5302 715 2159 8773 5438 5060 7712 775 9566 9843 3636 8045 1700 7059 738 1846 5574 3804 3796 4729 3979 454 9271 1751
25 600 7830 4225 7889 2264 4888 7589 5122 1123 2989 2278 5256 9860 3300 3379 5429 9748 2389 5126 1007 6737 103 3048 1976 3341
25 2006 4767 7484 114 1525 9560 4076 6887 8695 7313 859 4312 5996 2789 1315 757 2233 3706 2527 3375 2569 5790 4994 7105 8290
25 5132 594 155 5607 4360 7572 9648 5277 3967 2513 3072 412 9881 99 5315 9087 5748 3425 2935 917 2002 9790 9677 6635 3193
25 6868 586 3564 3741 7934 7103 9336 7007 5900 621 4015 6094 685 6302 3625 8911 4386 346 3330 9876 9716 4174 4886 9921 9048
25 995 6775 6493 4302 9859 6538 156 9540 3639 4039 7853 1359 3559 9831 2909 4117 5966 32 5717 9196 3878 6869 5371 6152 257
25 3020 977 4211 9089 9023 8876 7551 184 9126 6546 850 9177 2667 7787 7945 4571 4271 6267 4758 9369 9438 3987 3206 8087 7506
25 4745 5847 8832 3029 1446 7323 7622 9661 4357 8560 6888 473 3254 2598 7048 8779 3841 8972 7969 2066 4621 4997 4413 2304 5245
25 3990 9509 1755 7320 423 8497 7901 646 1147 7073 9571 8612 4060 3630 7460 7856 5757 4957 6720 1082 1167 8092 2004 2807 174
25 6207 7980 2703 4855 2986 1573 67 4505 962 4673 4215 9590 7981 8855 9391 2555 6393 8037 8786 1961 806 8752 3589 5465 6517
25 4810 6565 4503 8061 9902 6950 6843 1523 2945 8205 6403 7000 3041 5803 6182 5460 258 5896 2546 589 5937 4253 2456 321 7408
25 3680 2007 3355 2048 3121 7867 1168 7863 3737 520 7234 4833 239 4498 3764 2733 4259 4156 6566 2605 9275 3964 7960 9515 5705
25 9090 1937 8262 6581 5187 7485 5406 5857 9433 5558 9772 3392 6559 9354 616 3162 1767 7481 9464 4358 424 4170 1671 7144 4887
25 7070 4024 3337 6016 4506 3770 9189 1490 9191 8058 8130 3926 7156 7080 2856 6738 1307 9870 5796 2762 5671 2656 8882 913 4325
25 6614 100 2712 6192 6684 8956 57 7019 9990 4541 3881 8477 1375 8255 678 7723 1211 5731 7801 5322 6811 8603 7375 8122 9723
25 1054 6043 8329 3222 9492 7480 428 5814 8235 4463 4783 4412 4884 1723 3050 6700 51 7151 2219 1117 5512 3581 9032 5841 7662
25 8274 3765 5507 8175 4365 9068 1580 8798 1444 2520 9051 5475 4845 4116 1791 8673 3605 8052 6961 7868 1643 8152 9151 2890 2359
25 4529 5298 1895 1454 8219 4223 3710 5003 6620 611 2801 5033 6730 2910 8155 8286 1242 5504 1733 2971 9837 1991 3632 1301 9449
25 508 1764 135 6448 4605 8496 8598 2129 7167 7429 1468 923 5988 4421 532 8316 6234 9096 4995 2954 8519 1679 62 5891 8982
25 320 9356 4755 8306 6282 6376 3135 4614 5979 9997 1247 4725 4310 5020 5363 3084 4392 6092 1619 3517 6494 8572 5390 1426 2851
25 2739 7886 7942 3629 8022 9372 2931 128 510 7231 9823 6915 1058 1796 5927 4695 9377 3536 602 9956 4395 7087 8723 4774 437
25 1863 102 2994 9863 8637 3460 6437 5031 4829 1289 771 4 9201 5289 4624 2292 6496 3268 3781 3882 4073 3083 5453 796 9519
25 6662 1930 865 78 5123 3318 8142 1277 6456 1665 8134 293 2885 572 1912 9838 2671 2568 344 2490 3453 379 3001 4822 6129
25 6682 6480 5687 6917 470 3382 8685 9342 4643 3847 85 1326 9352 9149 5651 9533 7882 8226 3166 8208 4347 2863 9406 9777 872
25 5500 7435 9030 2047 2364 4160 575 1303 8529 4372 675 3103 8001 5786 6156 8267 9689 2972 4479 4607 9528 5734 3720 3227 7779
25 7274 1121 6626 9137 1683 2631 4101 8759 731 7545 7681 6771 8057 6253 2990 6306 3348 8639 2849 1613 4108 900 3957 3509 3202
25 6752 4003 2325 8576 5526 4782 503 5588 3993 2216 8727 7703 6374 2224 7228 3075 5916 6910 972 6723 9582 3255 6167 1410 789
24 1697 2697 5571 5665 4989 5001 2929 9954 1533 8137 9858 1141 3661 8961 7132 7781 6970 7288 6467 368 7606 1006 1280 8923
25 2314 9054 9361 6772 6561 4028 741 9363 8523 5865 9968 7465 134 7316 9267 8997 8991 3790 9619 7127 1585 1460 4812 1877 2736
25 1918 1745 5238 318 4128 7372 5130 4827 5314 2235 9419 6044 6165 3685 778 5600 3402 7034 7612 941 9408 6958 4453 2120 1015
25 9026 7413 9448 152 2414 6392 4969 1701 2817 5421 5009 3518 2140 7293 8072 6082 8676 6715 6110 5983 1411 9211 8498 6750 2481
25 8190 7807 378 1125 6071 7515 1038 7961 7318 5587 9000 4184 2841 8584 4036 170 6989 2905 2326 966 3645 6288 2761 5295 3291
25 8230 6180 6876 9586 3506 3424 5448 3114 9979 1773 5505 1497 9853 8941 2450 1213 4953 410 9135 5209 1704 2638 9780 6333 9824
25 7471 6175 6875 8651 481 7921 2934 9411 2881 9166 5153 4966 4890 4556 8157 3120 6162 992 3945 5833 6854 1706 9175 7888 7891
25 9046 6706 627 4320 5260 3184 7153 1672 651 6462 3098 7388 4842 7548 6153 7443 4096 5023 8295 6524 8834 4152 9771 2542 6018
25 1046 6761 6049 8460 6261 4162 1424 1758 1994 8492 924 6839 6205 5127 8551 2672 6852 3130 2311 4285 9107 3825 2221 5409 2171
25 933 2145 9384 9653 5076 5433 9711 7348 9684 1872 4058 2182 4034 2946 7449 2597 8401 9326 4424 1207 6748 2689 7663 6824 1027
25 3566 2724 9184 15 6828 2274 5179 826 479 157 7985 330 8688 4633 6093 542 6959 33 9674 4337 5503 2312 9551 3597 7122
25 7709 117 4617 9961 9393 9288 6502 3036 2117 3017 2262 2973 8 2331 1222 877 9199 7935 8091 1871 1614 973 2445 8895 2812
25 2075 4973 3742 4781 855 7722 4209 547 4190 8907 5535 9444 4784 7026 7554 7207 7720 577 5470 5942 5629 8171 7090 9322 2541
25 39 5624 2214 862 9614 840 4684 1420 551 2378 1489 7748 3561 7949 5546 4681 1443 882 4338 8642 2907 1495 2204 9585 5307
25 4686 2153 7134 8652 7747 1921 3423 6717 1513 3022 8591 7876 4361 9929 8016 9520 8875 5135 4273 5462 2003 784 3059 5707 1956
25 5412 622 9726 915 2938 782 4336 6091 4313 733 7649 172 5375 7725 704 6457 4046 4713 165 7437 4173 5536 2830 4025 4006
25 4048 4430 1423 787 3351 3703 6141 9945 4824 8361 5133 9434 732 5767 6096 7252 4189 7927 1983 6611 5781 4876 9315 4263 3086
24 1061 5040 2639 9949 1536 4786 3534 2012 928 1483 286 192 3858 4699 4502 7992 3310 7279 509 5778 2467 4578 4402 2660
25 2518 7843 7004 502 1935 9157 4044 540 222 8919 2627 1952 3920 5100 2185 2996 7721 9109 5165 7076 4272 4982 5901 7324 908
25 9041 1793 1170 7902 3828 9871 8675 8575 4625 2285 269 709 2619 6460 7063 2943 1516 6601 3309 6909 7734 4314 9898 981 9019
25 2894 8816 2870 7516 6077 82 349 3428 6069 1727 7615 5200 6304 5714 5640 4485 9277 1932 3150 3833 2834 9454 4251 5092 1563
25 5193 6952 6220 5215 4533 689 2681 6481 3188 6497 9813 6472 6500 3874 1369 2211 1159 4230 9490 3391 9924 2616 36 4311 9910
23 6410 5107 1963 8934 3228 7306 3972 5466 9933 4951 7539 6019 3489 6867 8531 1775 5522 3891 7840 7052 7300 5502 6686
25 2580 8656 6453 7192 1943 4093 1078 9617 3458 3977 4735 9738 279 5393 4181 2847 2266 5261 9764 2976 2610 8019 3896 3304 8303
25 2470 4652 717 8118 3725 1256 9206 5628 2737 8804 6041 5581 9756 5994 6098 1711 7247 6923 5832 1074 999 259 5639 5859 5147
25 445 6823 7058 2455 6780 1313 3697 3127 3371 2097 5791 8242 1084 7199 5926 6669 5965 7404 5787 3000 1982 8132 6251 1968 8719
25 4507 582 2000 8459 6361 3190 1455 1753 514 6495 8649 2032 3007 780 8721 4585 8093 3871 1437 9 3381 7854 71 3809 6610
25 9752 109 5487 4057 4371 6784 5360 5057 2705 765 2796 6434 9832 6328 9010 7303 5370 742 9994 9844 3143 9187 4759 8707 7948
25 5743 4098 4988 9011 2122 2382 1050 4064 8880 1942 3210 6604 6477 6643 7499 9928 6709 4737 3394 5592 392 4580 5821 6813 4065
25 5541 710 7425 5626 7998 3626 4986 7860 4849 4143 5252 1693 3055 9896 8488 8648 3080 4785 1504 8051 2400 8079 756 2439 873
25 1651 2147 2702 4751 382 2038 158 6351 4188 2303 2294 4045 7633 6972 9306 6617 9410 1448 9690 5021 5251 889 4484 3535 23
25 2966 7492 8569 1068 3927 9639 4260 3173 7493 3761 8261 1599 588 9819 5262 4527 3674 235 9156 5361 6544 6687 985 5819 3367
25 353 6268 7577 7398 9702 5148 3718 2393 2552 2239 8391 3952 3923 8753 3040 2375 2396 783 6927 4791 1518 7869 8161 8046 8599
25 2754 5034 5017 8901 7732 5594 9057 8854 7486 4444 7439 1744 4187 6498 2745 8935 525 9360 5138 949 4987 3612 4932 9906 5478
25 8952 6259 8094 4956 9588 1681 6223 7264 6651 6528 3782 1509 4137 2869 5162 2879 9950 2323 4407 7245 6431 3342 4856 7621 2191
25 4172 6202 2693 7179 9401 9248 1632 4909 7838 4158 527 2472 1011 4756 4038 599 3282 7682 9255 4186 9034 263 8837 9563 9985
25 6183 6297 7009 3466 3755 5239 8420 9791 9141 5779 6059 6276 449 3416 2695 7195 8083 1309 2138 867 7165 2766 8455 1868 4838
25 5064 7812 2409 4466 4930 1805 9884 2434 3644 6475 6849 6199 4486 6030 456 8275 6287 5473 1258 7688 1501 8328 2083 8996 8571
25 4470 9604 8615 9524 3692 6136 1386 3015 1106 6588 8123 8824 101 2868 4841 8386 3997 5923 1617 3738 4795 6621 5877 1945 1998
25 5842 3442 6925 7791 937 1913 7780 557 4558 8154 9102 2372 954 4516 4340 1431 6879 6516 4649 6236 4710 6589 7706 4177 5573
25 3234 3224 987 5086 8587 2584 7973 5831 5615 9783 990 9962 2613 7752 8797 9850 234 6399 1571 2600 2131 4919 3675 9737 4520
25 2327 3526 6365 1717 4219 5922 2617 3305 193 6592 3276 7208 9320 3988 4216 945 1221 8736 8382 2399 7975 8784 7565 6327 6222
25 1537 5658 967 603 649 4518 2823 2410 5770 5511 6357 2379 674 5101 4087 3502 2024 4553 8704 852 4197 7130 1408 2476 1785
25 9357 6292 4626 2373 7614 2515 698 6525 1175 6490 5595 9113 9975 3673 9718 8408 1656 4916 204 9652 3877 7987 7707 2510 310
25 592 1164 3829 3091 7416 9130 4208 2840 6213 8795 3359 6006 6996 6211 4524 9463 7412 3946 2804 3365 6271 9091 1766 8330 3890
25 5635 4359 876 2845 5664 1675 5144 7827 64 2267 8887 5924 9129 5391 6051 1728 6549 1547 6118 7599 3533 5549 9338 870 6463
25 657 2230 6161 2549 7072 6769 7113 9216 6254 8064 1546 5075 9368 5561 4144 714 1607 404 5912 274 1337 5484 7447 755 4557
25 9894 3899 1695 9992 3393 3599 728 4278 8565 9392 4511 8291 8665 6224 5103 7260 5150 579 7185 2169 763 7176 1400 1155 5985
25 7210 8032 6230 6315 8070 305 4931 3148 9800 4171 8842 8528 413 7107 866 9526 5645 1144 6523 3852 1001 6515 2454 3385 2308
25 1142 6945 8059 1238 8491 3064 387 6040 9192 2496 9972 7462 8069 1938 1718 2297 7641 7754 4658 2522 1086 431 6020 8680 6238
25 6127 2021 7351 5867 3655 9327 4092 2666 282 8640 7081 1365 1265 8545 9766 3898 2458 7338 7174 1903 2168 5682 2664 8692 4588
25 1062 4118 9897 8820 7093 9743 8992 4977 6385 7022 644 5197 5759 3436 8953 5641 2741 2918 811 7498 6727 1379 3897 6808 3689
25 7813 7256 9655 6806 4694 5214 9244 2469 213 2708 4147 406 922 2093 8494 662 3743 4148 3257 5382 3727 3455 4418 7097 9740
25 854 3682 6654 8159 9289 7820 5572 5616 4990 9657 6459 3588 6188 7327 7855 25 6726 7865 5980 6891 6432 8124 6848 5102 4523
25 5330 6767 4701 6693 7642 2850 6309 562 3715 2963 7488 9645 1977 7526 5002 7054 9786 5440 1020 6371 2974 5476 684 2662 3272
25 8111 9665 2406 5728 7470 786 5334 6782 8724 8272 5540 1134 9818 3911 5568 5552 7039 3537 9070 9004 7930 1362 334 5388 7655
25 7014 4971 8867 1858 2676 1795 7979 9670 5343 7628 3462 7254 1355 8582 7089 7561 1371 9778 3177 6608 3085 6226 3003 2793 5513
25 4345 281 4938 3901 7146 8436 671 1230 8577 5304 2111 7123 3838 7675 6499 4154 1402 8608 1173 8550 919 3670 8891 1686 8402
25 8803 9429 2780 7885 7379 9404 1 986 3493 4244 8555 3400 6479 5925 6556 1917 9112 2846 6543 8325 7233 2679 1538 7390 9914
25 864 3307 7248 7455 744 7573 767 6278 8885 2386 159 9593 3239 9415 1412 5699 5683 447 6243 5776 8501 8387 2212 7713 4419
25 6703 8596 3293 8269 2603 8165 6014 4077 3389 34 7619 1477 6027 9584 2982 2721 8479 1730 7159 9009 2691 4592 6440 1558 3088
25 3163 6229 931 7426 3281 6061 1367 1065 4459 1876 6532 4806 9260 7750 4176 6168 4804 4797 3638 7951 7959 5240 7673 8975 1821
25 1818 1384 2277 5227 5650 5192 4192 9547 3283 2993 1953 7955 9165 7567 2699 2289 2453 1548 2226 9654 3473 2940 3320 6716 5444
25 580 5510 5477 7660 9491 8731 4020 6779 3590 8859 6160 3487 1067 8332 8398 3688 8396 6488 1588 1856 123 3756 1028 5118 7147
25 1790 4599 3730 9955 8595 5604 9122 8109 9610 2822 5783 6054 4732 3323 1109 6937 6939 6541 4897 3613 9028 8053 8259 2477 5780
25 9167 3168 5385 2983 1263 4926 8926 5254 1163 6154 5824 5156 6568 7755 5129 7 1556 9615 1464 3451 5761 140 576 6113 7522
25 6053 9052 4212 4600 7971 3531 5866 2205 8524 2381 4487 4754 8738 853 2642 9202 9782 9373 1219 2908 6473 7799 4622 2100 8788
25 3510 4538 9286 6619 5117 7414 358 308 2049 1236 5547 115 716 366 4014 7012 846 6418 1830 3853 2060 2848 6032 4068 7453
25 6903 5324 1494 9688 230 9100 7915 3550 975 5631 3151 9765 1623 1297 6932 8426 1649 8754 9808 1578 5745 8397 9998 5736 8929
25 615 338 4728 3377 6695 574 465 4962 7508 703 9888 5610 4214 1867 2857 2790 7728 9119 3521 9453 5303 307 1618 6788 1778
25 6247 8568 4229 6667 3260 6862 8416 4521 5676 9934 5154 5978 5904 5766 3112 5852 6926 9038 7322 1624 1370 1153 3586 561 1208
25 8415 1382 3078 2405 3472 4711 6469 2640 5611 3467 6001 49 1071 848 681 2098 7171 8522 2181 107 8654 3540 3637 9810 1381
25 7528 2388 8348 605 2524 8228 5993 427 4234 7931 2563 3183 4718 1145 4222 6100 1288 6803 8862 8181 6865 421 3523 9642 1018
25 4744 2154 226 3136 6622 4115 4250 4766 372 7025 8663 9937 4676 3787 3618 6981 4911 1577 885 1322 6837 6158 9117 5362 3824
25 8281 2178 4721 2997 6802 8096 28 5419 643 8179 2753 7644 5319 7393 7792 2447 4456 7785 697 47 8409 1394 7154 5181 5969
25 7784 3549 1999 5201 2109 1843 6397 8746 6746 2197 8318 8778 2763 6742 2392 1239 9081 7149 2861 4635 4483 1085 7908 1703 3491
25 5893 6166 991 1542 8594 4904 8860 5073 9951 2225 5999 6185 7475 3888 3446 2813 8149 6677 183 6 2061 4124 9457 4061 7206
25 4447 8742 4428 2099 313 7743 4290 8434 3867 5186 8283 485 4574 7857 5843 298 6874 9064 1972 6085 6504 3656 4433 5255 8679
25 8356 2056 8141 248 1073 280 9082 983 4029 5413 7837 504 1334 1939 1524 5892 1295 8618 480 4446 3306 3432 1243 7142 9359
25 5189 6747 7832 8775 3076 5234 7118 2799 559 545 4587 4685 6331 3354 6908 4765 8747 3474 8225 1770 2805 9943 3516 8374 4796
25 6318 6724 8900 9136 8485 3037 5974 653 7968 4682 3495 142 7401 3894 1398 7319 2344 6176 543 8405 3774 9194 3745 5443 6090
25 1177 4404 4510 7666 2281 6048 6262 9699 8857 9744 7523 3335 1606 5355 4095 1653 724 6699 1104 59 904 1713 137 3749 7015
25 3071 4195 7873 92 4104 6590 4145 4294 9077 2089 9993 3345 4872 3943 5870 9637 2347 5085 9480 8104 2040 1137 6743 3593 1529
25 6125 5341 4318 9694 4914 2711 7287 5954 781 1781 7944 3352 4959 6574 1186 8634 2137 2980 7428 3640 2816 266 7532 9565 499
25 1332 3253 6133 4016 8006 5035 474 9745 2284 1849 5463 8800 6034 4434 3983 1633 7350 7828 2078 8755 1482 2222 4316 1149 9055
25 2008 9908 4090 1667 8613 8851 3659 6873 132 8136 45 355 2967 9060 1165 6844 8183 7215 9040 6755 8066 3125 7999 4134 1555
25 5712 5862 3806 881 3951 4768 5247 4431 3328 5482 658 3721 7084 6835 4894 2054 4716 5427 8333 3203 1616 8068 4496 1418 2412
25 3936 808 3515 7364 4606 8514 2650 5320 2876 5695 1174 5418 178 2899 5932 6257 8836 9308 3836 6142 7858 4813 3805 6320 766
25 2063 6535 2404 7989 8110 4921 3512 5815 3038 1066 6705 4803 2658 5464 6122 2366 3832 2295 8865 8556 7023 1035 7544 8958 943
25 9270 926 7505 4089 7190 1064 1832 3192 1450 6935 5569 8417 9916 3503 5945 8500 3789 9265 5415 9161 7778 8115 6642 7790 2448
25 2487 2104 5090 5030 9587 4382 3053 4322 6404 5270 7358 7584 1944 1593 906 9442 1950 6198 9171 7033 111 1176 9940 5225 8546
25 7342 4555 9542 8482 6058 6191 3909 1890 2548 5938 4992 6503 2160 443 2261 8814 8806 4570 1039 2333 7958 3448 9095 1642 9251
25 1317 3711 6426 951 4194 2782 5263 7995 360 7365 6964 9334 8889 9222 2706 9160 195 8980 9762 1036 5789 3477 4231 8874 1140
25 2663 4274 7229 8252 5111 6656 5820 6893 2275 4062 3969 4202 1051 8554 5483 3873 5170 2961 1986 6080 6898 2352 1098 5321 1284
25 1564 2440 2057 9554 7043 112 1808 3111 397 1148 7737 4243 857 9017 9282 3713 7535 383 8207 2202 9532 3052 3624 5807 6583
25 89 401 8082 9816 7445 292 1705 1133 227 8364 6777 7031 1996 251 9552 7847 4013 3243 9703 5930 3179 5878 8210 5063 7362
25 541 9923 249 7552 8540 4615 285 2653 6944 1380 2231 6797 8840 9909 788 1253 8823 9213 2692 9291 4517 2977 5738 4218 4793
25 4939 8693 2102 5081 8395 2026 4788 7850 446 4269 7802 352 2368 6675 4638 9263 9779 7925 1343 7246 5434 2599 9714 4991 384
25 9512 1102 9964 8614 2957 5797 1349 3816 2339 2661 3212 3054 7963 5953 9430 3845 2992 9382 1306 4245 3308 7699 5066 687 9346
25 6340 7575 9123 7352 2794 8167 1638 6759 141 9246 7939 452 888 2746 6855 9967 8005 596 7050 2769 6178 792 6303 3633 1216
25 7450 3410 7809 6231 2328 6423 9223 1762 4056 6757 3196 7028 3107 6902 108 4353 9568 9283 4651 4281 9631 9220 747 2587 8793
25 1034 6765 2165 5106 6785 8465 1457 7759 3837 5855 4369 9812 3905 3660 791 4327 2623 169 1549 8507 2533 5173 8297 2337 3614
24 5662 3678 2164 5873 9164 2862 9919 9300 5642 7219 760 670 3299 6088 9241 3726 7225 261 4859 4204 5973 1809 8113 5091
25 105 6135 244 122 1390 1484 8071 4773 6323 1779 6316 2728 7803 2301 2844 2683 7578 7739 9577 1780 1241 1731 9599 4401 641
25 957 5598 3634 6010 9562 3592 7795 810 3218 2824 5501 2752 587 7315 1385 6551 3545 3331 1864 1229 5733 8202 4175 844 807
25 3906 8902 6406 2095 6550 3265 7717 7696 8764 2174 3747 570 348 1522 1958 9465 4762 6918 5184 1475 6629 5684 8977 5813 8000
25 3508 3155 3554 7494 7559 5206 7490 7761 7549 7363 2919 1261 5028 1975 414 6533 5249 4236 5119 5887 5944 5690 1800 3187 7284
25 1904 9170 6697 8271 3403 1752 8955 3483 5678 7521 4283 3958 5159 7626 9616 3587 6832 1539 9321 2561 2438 7377 7257 2933 5593
24 7815 5605 5856 8063 4546 8585 4427 9195 3407 2128 5935 5747 5910 997 4021 8691 2270 1124 2358 2953 4247 518 2964 7433
25 5517 8504 7047 9071 6413 8030 4940 8785 1650 4908 2854 7232 3181 6407 5657 4620 6827 5689 5337 4871 8315 7758 3456 9029 7075
25 354 8354 4852 4594 9518 2350 6831 7540 1440 9589 5280 7647 5313 9995 2985 2874 2864 3204 309 875 3369 4967 426 7988 9044
25 2814 956 3657 2539 8810 2480 3233 7356 3236 1017 6773 386 3965 1368 4639 9775 5692 6074 6596 9557 9310 590 9754 7053 218
25 8653 7101 2995 4853 5898 8191 7796 1757 1743 3830 7810 3723 2183 7138 7825 4051 3109 2734 6011 6099 8607 2779 3900 5380 7760
25 2507 5359 8007 9867 4133 2348 3146 8150 3256 2687 2665 3070 1866 2457 9274 9692 5243 8160 7479 6948 9848 8969 8870 6943 835
25 8994 3030 4150 5981 9485 7984 1685 6886 3705 9872 7846 7289 1792 1181 9682 7237 2827 6530 7272 4373 8655 7452 8215 4032 6600
25 9660 9494 2433 5990 8067 2194 1543 6241 4155 7920 3776 3849 4010 785 6324 5112 3811 9889 9240 6491 1083 916 6237 6911 7990
25 9960 2357 7623 2415 2657 4848 9952 5394 3213 5149 9707 5265 7576 4801 2398 3290 7764 357 6435 4996 6052 1397 1005 1188 7684
25 6817 1286 7906 9794 7918 9158 9086 9935 389 1949 2199 3463 9134 5417 8623 68 9426 9443 4975 70 1231 5014 3016 6353 2269
25 6228 1406 4071 3893 3019 3185 3998 533 2859 5775 2595 4265 8293 7730 9447 8819 6920 3095 9620 9036 4277 9414 9143 1356 1246
25 4241 5049 4210 2240 4564 5913 516 166 4627 1907 6698 5436 8473 9431 8705 834 7550 9193 3768 467 4091 2435 3485 3021 4420
25 3356 1105 4655 5279 1712 8976 5160 6599 6846 4771 3813 3364 9931 1974 4714 6861 814 9982 9991 4268 2243 9826 4323 8452 4329
25 4900 1611 3081 5769 5681 4715 3457 3937 8250 8638 6476 5335 2685 7427 4248 1327 4279 3514 9970 3266 3246 5823 1093 1354 5919
25 6245 4844 7417 9865 2442 5860 7546 5817 9785 7160 3497 4903 3647 5062 2387 4526 5061 7841 367 6569 8441 4960 5669 3465 1427
23 7218 8739 1223 833 2678 7768 772 4920 5952 5765 6816 4282 2227 1622 9472 5583 7898 1171 1089 1032 8461 350 2528
25 8936 823 7135 1407 1847 7912 7574 5146 2124 2426 7503 4657 9188 2252 632 120 277 1644 3172 5634 487 8886 3611 7332 3161
23 6115 7005 6582 283 6762 4105 9435 4586 6148 6650 9233 1997 8199 7304 2978 63 1472 7570 7562 9094 6489 5140 476
25 5008 3758 441 14 5709 6022 4332 6701 8178 5366 5788 1822 6280 7590 6283 1826 1759 7618 7334 1040 3551 9545 93 1709 1114
25 1500 3077 9185 1865 4344 7277 324 1056 463 3548 1597 9458 2930 3333 4301 4335 858 8144 8915 5647 6840 30 2271 8147 2866
25 6065 9890 9503 6648 1960 9106 4893 6270 5673 4702 4363 690 4180 208 9685 3023 9632 3418 1600 4542 3452 5210 8636 4292 5553
25 1508 6786 7064 1376 4560 8033 6454 3619 6815 6904 7018 2318 2073 4129 6992 9669 6380 2173 7394 9358 3481 1336 7068 1088 7458
25 4910 5377 3991 9018 6466 489 2714 462 9936 328 7893 5121 3601 2460 6317 3414 6097 8351 3200 5468 6424 8852 2282 795 9249
25 8406 6474 3194 376 9741 1869 3469 9242 9793 4461 3232 8086 5397 1647 5516 9757 8280 6830 9539 8625 1283 9953 3992 2509 8605
25 0 3216 6173 9697 6190 4840 9508 9701 436 9556 1080 7996 1684 3932 4163 256 5929 8385 7115 1850 1234 3449 3698 189 8433
25 2338 7204 6420 8345 6776 460 9045 7512 677 5276 8237 4075 4670 571 9636 5044 3396 7250 7243 4326 9370 1304 3719 2246 3870
25 442 6625 9478 4088 2465 2775 8767 8833 9901 4535 4980 2377 7317 9142 3863 4227 3854 478 5220 5584 6416 3454 4847 2947 4868
25 3178 5237 2525 2123 1777 9939 9473 5872 5290 7708 5431 3583 8380 6986 8131 4674 5264 5527 2076 6741 947 238 1927 5474 9418
25 4875 2893 4343 6711 5273 6584 6985 3956 5755 1320 686 7082 6366 9977 2475 3577 3941 6258 2466 9717 3426 2082 6934 8720 6591
25 3818 7236 6029 8038 9120 1421 4539 4008 125 7962 7191 1030 87 8062 4554 3373 7328 3939 1798 6235 6291 5638 8861 9541 8553
25 116 5080 9895 4111 2118 4544 2101 2965 964 1995 3475 6126 4298 9493 8089 591 5367 8158 8277 7223 7021 7281 1293 6146 4949
25 8151 7209 5646 8760 2062 7914 2186 8177 4590 842 863 9337 8729 7434 4963 5782 7091 4753 6612 4409 5163 1262 6354 7774 4317
25 2356 2655 5120 1579 7714 4490 6264 6256 8120 3170 706 7411 4220 3470 6671 1361 7514 4296 1806 6999 9903 8635 5338 7757 4736
25 9625 8101 7667 5958 3844 2069 4293 3182 1605 9219 197 8043 838 260 4878 1279 1192 6510 373 2287 2572 236 96 8600 7600
25 3082 8080 9506 8702 1815 8146 8990 8678 8337 3002 4805 4800 2010 1043 534 2884 530 5698 9592 1249 5661 7556 4597 1270 1146
25 1218 7501 3157 5828 3042 6783 2018 805 1940 2127 6492 2028 8445 4287 3171 2838 661 2833 578 2624 3201 9606 8240 8549 1789
25 3278 9869 3366 451 4512 7726 9250 5398 9833 9885 7337 8709 2808 2517 1127 7507 779 2417 5114 5931 2686 9608 8264 1009 5578
23 7410 4477 5613 4270 6273 7456 3966 9412 8383 5746 3279 8908 9072 2213 8930 1906 656 7186 3569 6134 5499 365 7581
24 836 5087 8761 2479 4141 6953 544 6056 9500 1488 6646 8017 7361 595 7833 2911 9499 7136 6900 2110 7678 6087 9093 8047
25 624 7844 2531 5026 1203 9651 2290 2875 4097 2482 4107 8413 8365 9980 2622 7967 7175 1180 9323 3108 2659 3917 2589 8732 6960
25 9984 3930 7864 4846 6800 2537 5723 4858 2031 8897 9133 9502 9678 1511 1425 9622 1827 8238 7042 8694 4981 968 898 8471 1545
25 148 4650 1756 5430 2255 8378 8602 4746 5342 4925 2119 219 501 4692 1278 1640 8924 2177 7436 4748 5606 2441 9959 3504 2709
25 2473 8728 4139 3073 1505 1794 1811 8025 7587 1591 8231 8825 1612 625 9262 1099 5648 642 7670 9005 181 1204 1156 457 6143
25 8758 3090 2335 9035 3065 9210 7636 3274 1503 8597 1045 390 4917 8400 8003 1669 4593 3982 9759 2923 8735 6522 4741 4460 2951
25 5570 8783 5447 3471 9672 7158 4654 3047 3683 4451 3478 5094 2726 6733 4672 329 2871 9564 6482 1948 8270 5521 6200 2070 3827
25 9544 3731 3205 3600 1521 1550 3543 450 417 6164 2218 407 3479 6798 3769 2559 8888 7464 9708 3383 3039 345 3046 1285 1022
24 8791 1353 2092 6443 5286 3662 9705 9767 6924 5006 1692 4905 6149 665 6598 3105 3437 2432 5424 2959 8054 2519 9996 3321
25 6692 8829 4826 3505 74 8049 8074 5161 2011 8041 4611 2232 628 5110 2643 3584 4828 6696 7702 6623 6521 8937 1670 9973 240
25 351 5802 273 2334 5949 9795 4609 7529 8310 6555 2187 676 6286 8725 4792 5744 647 2427 5235 4099 9067 1919 9904 3262 2265
25 3368 5405 9416 5713 8239 1333 1220 2504 8512 9581 2136 2825 8125 3134 7092 3237 1813 4869 7591 6471 8750 7278 6613 388 6834
25 2167 6634 4122 4867 2302 9145 4113 2886 9857 9938 6179 861 9365 6957 2571 4422 5389 1810 118 1389 296 9855 8847 6244 9693
25 4881 707 9852 3885 1110 3156 1341 1905 2077 5231 1281 9152 9063 3861 2749 598 7603 5879 3032 9225 2369 4613 4662 8910 4417
25 9553 3220 699 8751 278 5897 8815 5481 8369 4628 6864 1193 9012 1493 50 1873 4166 7950 5381 7563 4370 8611 9039 80 5067
25 6571 10 2738 9001 1923 6718 9128 3431 3208 8628 8808 2146 6968 1373 4445 7339 5693 154 1931 5800 7630 952 6678 2677 3207
24 9815 614 2143 129 4127 2585 2889 8846 4619 2149 7222 5948 7879 4562 2103 6640 1465 1042 9172 8299 7128 1719 9635 7672
24 1209 4397 8322 1666 8682 4080 8813 4252 6444 2900 7145 83 9317 4577 6295 2150 1784 5395 505 2005 2286 8021 4883 471
24 7430 2621 9595 9537 1323 7226 1788 6947 3430 9396 3596 3701 8689 1526 5625 7268 2821 2195 6372 4350 56 4769 6630 2773
24 7627 4976 815 5519 5580 5310 9022 38 9020 1735 8036 5951 5854 5029 2758 8913 3803 5275 3344 9801 7137 4439 2283 3560
24 1973 124 7520 3049 1819 9507 5354 3018 9276 6050 7624 6070 7753 6169 8371 2570 6997 3434 3857 7037 8845 5532 6417 6114
24 6681 1428 73 736 3250 5166 1466 8699 6978 3860 167 9394 800 2802 1292 4747 3856 1101 5984 1824 5185 6580 2121 5851
24 6766 7585 1586 802 5741 6814 138 3149 8687 5489 6209 7645 8957 2719 6585 8243 573 7776 3097 212 4374 458 5557 4438
24 4233 6676 3579 4167 1894 5439 2072 6170 9498 702 9827 2877 8307 1584 1113 1802 6649 8827 4258 8650 2492 2819 8008 6988
24 8662 6778 6842 9316 4383 1217 1438 6694 692 5329 5480 5052 5079 1096 3221 5145 3087 2391 6174 6219 7244 774 2567 7880
24 3859 2206 691 1487 9523 2696 2771 1291 6731 6685 2776 5358 7241 5403 2772 1710 7845 5288 5268 655 8622 3122 8534 6012
24 5827 1308 6311 5518 1883 1831 6102 1060 6652 3180 2365 9917 927 8355 2407 3034 3884 1920 160 5863 8035 3886 1663 2193
24 3174 3974 2125 6322 2408 3223 7029 3332 3141 4656 5494 7212 659 6661 2743 1722 5623 2700 9292 4944 6105 5328 2648 7756
24 6636 5285 110 8174 1648 7861 8437 7188 9239 5401 2969 1081 7124 6838 3409 8211 7240 2485 3303 8088 8201 3142 75 569
24 363 2634 9153 5700 5548 9957 6332 6713 7321 4942 1621 106 2068 2309 3627 6896 9407 5271 9580 5011 3976 409 7133 3578
24 5608 6851 4264 8740 7579 5864 1598 7956 4583 6683 4675 5065 6438 8443 7566 5485 4408 2228 9925 2926 153 4579 2811 6753
24 187 3450 9627 5997 1331 8347 88 7285 7674 6956 6272 3357 4631 3241 9259 4004 6313 6436 77 856 7405 9742 3788 9760
24 4465 9607 8135 5677 9374 7586 2259 8273 6352 1486 9235 3242 893 9611 3128 3653 1393 8050 6789 7697 8558 2523 9572 8647
24 3384 3519 7926 7263 1136 1910 1415 934 7095 7116 3802 5004 7476 5396 8282 2725 3388 7635 8616 4425 8756 9548 3301 8217
24 3667 254 3773 8251 726 2114 3572 1988 9739 568 1520 7729 9281 9180 3807 6857 3011 650 7982 6195 6979 626 5248 7899
24 1453 2670 3690 1072 6140 8176 3546 1825 7686 801 4860 8868 8453 287 9446 1228 2376 5340 7184 4356 8683 7694 8359 8308
24 750 1388 6666 9846 6602 8187 9304 1738 3650 9230 2901 8818 9644 9501 2558 3520 3879 1419 9186 9534 8010 2322 1115 9569
24 8588 9269 1458 5792 4488 896 4659 5566 5428 4823 1966 9200 2647 1510 6774 878 6147 8508 4998 2636 3699 396 343 2342
24 5316 7104 1531 4493 1351 8632 8203 5190 1984 3104 5332 2058 1461 820 8716 8668 6111 3848 3812 4142 9398 8468 4750 6221
24 3651 7693 4235 668 4950 2291 4375 2209 3092 2422 3732 5068 7211 1817 6594 9214 1786 9059 8495 9375 8442 6486 5760 2872
24 3855 2091 303 3063 3499 1896 7718 1620 4696 9302 6263 76 4834 3372 5212 6670 466 6025 1690 7024 4026 9362 1044 8906
24 3119 7438 9546 8376 567 4257 8335 5907 2113 7640 3186 7922 4491 9646 7384 3 1004 4851 5495 3646 581 8681 648 5490
24 6003 5116 2941 7874 1870 2175 2987 6062 1708 2029 5915 4262 1116 4947 4205 3883 9576 6395 3925 8229 5732 506 9284 6578
24 2135 6446 1769 95 9296 4548 4240 5704 5217 8449 7290 9420 821 7441 6691 7829 2141 8258 8715 5025 8186 9208 4041 7613
24 8995 2354 1601 6812 6326 8986 6383 5537 9918 9613 3126 1471 1417 8028 5643 1608 667 3429 3831 6799 4923 2236 8366 8097
24 6450 3132 6983 2155 1235 6895 3009 8932 6215 3944 2756 9602 9605 2904 753 8410 1010 194 3225 7242 8807 6478 5836 1107
24 9862 6575 7583 1878 1190 1787 4576 9475 907 8621 673 9830 682 6363 5364 2895 2156 9421 6212 9307 3012 6998 8633 3797
24 9664 1447 1804 3866 5411 1760 3762 4700 5104 4618 8884 46 2037 6536 5890 7806 2545 3716 9075 4000 9495 9804 812 5016
24 6991 2500 2590 2059 9299 7335 1746 7701 9053 2324 380 8336 9647 7114 3427 839 6289 8763 8931 5630 8343 6130 5685 8879
24 4237 1182 1103 4668 4703 4543 3989 3648 4355 4261 6242 901 9108 6657 37 4224 5128 5751 6707 4405 3327 3198 8517 5232
24 369 4863 1452 1716 2249 5219 6445 9125 9163 5446 7083 4037 8696 7751 3244 5579 8839 8838 8241 7690 3089 418 8412 2729
24 4573 1981 8547 2501 1251 336 2085 3918 7638 3862 5205 9667 7129 9596 6673 9378 9425 4843 5956 565 1987 4918 636 7459
24 9402 161 7140 1342 4035 69 9305 5351 5853 8918 3975 9668 1887 7238 215 7895 2757 6545 9198 6955 5542 6664 8056 332
24 3005 3759 2488 4333 6847 6396 4161 1553 9333 3004 6274 7046 9522 2867 9704 5374 8516 1392 6554 5000 2034 1552 3209 4191
24 847 5710 7106 2707 7826 7266 9947 4198 5420 2748 4199 1158 7527 7296 3834 7181 536 564 7800 1210 3948 725 6725 2162
23 8904 902 3541 6663 9440 8447 8464 2244 9344 7822 1478 5861 3422 3043 7724 9942 1294 1941 3695 4743 8195 5582 7632
24 9966 5618 8922 4584 6285 5829 2401 6047 1924 9963 9056 3025 483 8129 7818 8863 7817 7221 735 7381 7816 2272 8326 688
24 1201 3784 8583 6275 7777 1554 4688 1187 7965 5837 4740 3754 8659 7977 312 1200 8850 400 7664 8734 9530 5825 7510 4500
24 7497 2020 3061 9892 4799 335 9805 3406 920 3677 8373 2351 2674 601 3199 3026 375 5177 6103 5762 2201 5479 4689 5509
24 6300 8510 1635 560 6139 2084 1244 7819 4777 54 6760 5529 8920 652 7894 759 790 9841 1947 2553 1714 1479 5793 5883
24 6914 2574 2254 2223 7461 7329 5365 4568 1396 2420 9835 5457 2491 6057 3124 2260 1416 7366 1059 4169 9905 5544 7472 6441
24 8883 3271 905 2157 9074 5327 1774 4462 6540 3746 2370 8266 4913 3955 3835 9676 2795 1150 4001 9821 6155 5194 2888 8999
24 6672 1296 4882 4722 6425 2750 7637 2229 2383 6858 9037 1925 2025 8978 4070 3959 4050 9558 4183 2778 191 5555 1576 4818
24 2669 7056 9066 3158 3258 4550 2250 8427 5300 1851 9828 4391 8945 7001 7659 8324 2087 3353 4974 3284 3376 7871 1673 4324
24 9920 752 3575 9190 2424 1724 7308 8103 8856 4364 2836 5151 8799 4072 3277 1715 9264 7400 3405 6680 1954 8541 4267 8949
24 81 7744 126 8981 4067 6558 4669 1169 8372 4018 4106 9008 6660 9115 7834 604 6919 6233 6405 7205 799 4789 5423 5346
24 1325 8039 9273 6563 2855 9403 5325 9724 3980 4866 493 472 1252 5269 1031 8127 1254 1079 5469 1631 5078 5283 2557 4471
24 7711 8940 3733 2892 2115 9749 8236 3347 5530 5095 5083 5208 7193 168 3058 4042 7374 3123 8780 65 104 5740 2242 894
24 2538 275 7953 5392 3529 8619 6966 8848 6892 974 7173 5331 5617 5597 1532 490 8060 9027 9797 6781 7504 8311 9376 2053
24 7373 5881 7041 5019 6249 5084 425 4053 6089 5749 9875 3131 7311 3707 422 4864 8480 9600 5467 8301 9385 2263 2353 7932
24 2106 5445 5222 4704 2984 11 8873 2629 7917 3984 3752 8493 5007 8627 3496 6461 2503 8221 8172 9517 8968 8451 7489 3297
24 7788 5437 1273 9484 8393 7928 664 2363 6845 8254 2416 1302 8776 3815 1694 7451 8162 523 2071 9536 3880 9729 1197 1839
24 1654 8586 405 740 7611 9788 3916 5970 4598 6232 4049 5977 3164 2891 5672 5442 4870 5735 6078 869 6409 722 9280 7119
24 6548 6976 4514 9807 6770 8362 8557 4742 8745 8601 6433 9341 6339 7946 91 6763 4164 7345 2346 5506 5373 5739 9155 8139
24 6807 1160 1768 8489 1232 1189 8484 4612 8871 9751 6356 2096 7044 4455 3822 1405 2601 6064 8796 1166 8469 5496 7214 2402
24 5950 9110 4295 8292 8126 7326 8216 6252 1737 433 3912 5880 9825 2371 9803 5621 3643 895 12 2208 8744 1749 2022 2922
22 8561 3840 5701 9085 7108 8026 8084 391 4567 2425 8741 5074 2936 1366 5202 3960 4515 3902 9710 597 3008 1339
24 8787 9353 5911 3099 4821 377 200 1314 7553 9799 1131 5528 8552 2133 9461 291 9103 817 8864 7964 3921 4299 5199 3433
24 2547 6880 9042 3525 7273 4002 2924 2526 705 24 3775 6145 9212 3552 5559 8770 2464 6990 9339 7794 6606 3219 1300 2710
24 9312 8629 1077 4984 1154 6690 8117 5835 9784 4706 9209 8664 4719 4351 86 6138 7077 6982 8090 1449 4979 9331 9849 1970
24 8610 7040 9234 3910 3035 5045 6878 8772 9861 7607 8078 8027 1845 8669 4239 8166 8168 5152 2132 3415 959 2215 7620 5809
24 912 1566 3622 5143 8076 3571 9132 4009 6905 1023 5858 7496 8246 5989 6860 1901 1227 8726 7096 8377 4596 8985 8138 6974
24 2902 6330 3527 2920 6442 2577 5591 4581 9768 6655 1664 7169 347 2554 1401 6314 6079 8367 5534 4665 19 7716 7057 2582
24 1305 1688 2735 3340 272 1097 3419 8677 680 4232 8213 4532 207 444 7710 9024 8224 7235 6728 5432 2632 1025 302 4941
24 2207 3865 5812 4683 5614 9806 2999 448 9728 1161 331 2797 3617 7392 6108 6708 1841 8714 3441 5488 6455 5737 7588 9205
24 4646 4069 4346 119 8718 5216 3928 6795 3153 3875 9891 9016 2090 8896 9658 6349 8939 2210 8218 2723 6732 3211 7469 495
24 2915 2107 150 8974 221 6373 7770 2332 6526 8769 8020 5940 8925 550 4275 5323 3950 5088 7872 371 5986 9330 2860 1094
24 880 8822 5998 809 2158 262 3195 5895 2051 5972 3978 9423 7213 399 909 6514 9097 5771 2444 8163 4066 1462 8905 5059
24 7997 9986 5834 961 3940 9496 1783 3285 609 3542 2800 8748 5141 7924 8641 7695 8960 7610 6605 5037 4482 7251 333 316
24 9709 4589 241 4153 6109 5632 4078 9706 1928 4552 3144 2820 1836 300 9505 6520 7419 6429 6810 9355 4978 8917 2413 4027
24 5491 7051 5492 4798 4284 8312 9409 5203 1476 517 9811 8916 6819 4927 2806 9146 1659 4723 3165 9624 4929 8717 7560 9621
