27 7013 5885 8774 8464 1835 8167 5701 883 7194 6898 8767 3847 6043 7860 9835 7930 114 4524 8537 919 8655 822 1617 2211 7943 4042 2169
27 8773 3149 1852 5507 7434 8615 867 8243 5824 4892 1688 8916 9142 1566 7417 7844 2336 9093 4527 404 4462 8924 6788 8606 8490 1887 7441
5 8890 3008 1159 1 4646
7 6252 4011 1959 3050 7567 5453 978
17 1178 5161 7314 1640 9769 7840 9868 5062 9644 3007 3854 4964 5484 7798 4902 8922 1190
21 719 499 5393 8719 6856 2741 7633 4857 8316 3827 7904 6779 2175 9239 1622 7725 8013 336 3956 7 971
27 7468 1879 2742 4088 4938 5913 7808 2760 2515 2958 3174 742 3011 8841 34 2378 9047 4022 5961 4178 630 3914 5926 4540 729 4790 8301
27 8670 8179 2791 6450 119 823 9165 659 4776 320 9397 78 4312 3813 5747 9597 4370 3171 5703 7426 7902 8836 9484 5825 1084 3749 5841
27 3696 583 6493 9105 2000 5263 8116 8413 5033 2040 2332 9758 8343 2956 545 1839 2097 6557 4923 6760 2194 5749 702 6057 3172 8517 8377
27 8227 8564 2915 697 1873 3370 7972 4773 5452 6391 1071 614 1236 4237 3844 1025 7721 3144 5549 8455 2188 1645 8384 1301 8232 5408 2658
24 7227 5858 8426 9286 9345 9538 7150 2680 3722 6683 6085 3977 2265 4218 6249 8201 8885 5832 5842 1157 3033 8684 757 1653
21 1135 2589 8203 1326 2686 100 5444 4398 6156 6960 6226 9351 366 9331 556 8704 2257 5149 6918 8012 2746
20 2418 3667 8715 5285 5071 8895 6589 3465 9849 5176 936 7288 6187 8166 5687 7820 9119 3713 5275 4922
10 6031 1817 9579 1804 3225 8151 7275 8058 1643 5979
27 7109 61 4959 7255 7909 4764 3364 8687 7234 9319 2923 9225 9355 7461 4850 4681 359 6611 1107 4367 6383 4676 2013 5731 8168 9176 142
26 2384 6900 4635 8536 3433 2119 5374 7316 5134 624 3924 6983 3235 6655 2678 3214 9730 2471 9999 9206 6046 6621 8070 579 3378 4803
22 9121 2324 5500 4588 596 7665 2304 5968 6104 7221 4701 2218 4518 4567 2354 5257 3158 1744 8558 8499 8267 4393
27 3654 8420 6239 5120 6498 475 9561 6297 9980 7654 6462 5880 5529 6714 7619 972 1265 5022 426 7127 9373 4509 3415 2337 2289 9635 9326
27 9913 364 4154 4502 266 3802 7777 7176 4924 7898 7949 889 5587 2413 7365 2162 1155 2918 5038 7421 4864 9567 6441 6212 3863 7467 1929
27 4679 3692 3951 8351 4115 2799 617 8827 4714 1584 4566 8693 6891 8141 1945 8920 505 7443 2317 7980 2970 3604 3872 3014 4778 464 1134
19 7716 7779 5487 1655 7075 1762 4415 350 7488 8218 8460 5117 7781 9193 8336 8215 888 7855 3871
25 6403 6607 5744 5090 4656 141 7171 9641 4159 215 2951 6397 4547 6801 1450 7815 8875 8771 5795 7126 8066 7481 8508 8726 1562
27 8878 3655 1100 4673 2916 3169 3451 6319 2467 8760 6806 9593 6939 8129 9674 3960 3878 2226 9615 2902 2716 4230 9568 9792 3887 9311 2813
27 3647 6662 9685 9830 5566 9610 896 1110 9496 6905 6201 4038 517 6137 855 2274 71 3870 8206 4926 5691 4563 3460 2598 9782 2509 2208
22 7948 113 328 2783 4301 5036 7282 9809 396 2065 4868 5364 9384 2148 1901 1131 4678 1083 2750 4783 7681 2090
18 2176 9251 9666 326 7686 9576 1169 2924 9723 2038 6231 2139 4620 3455 1446 3246 7590 2210
21 563 7355 8277 3541 4410 8824 3098 9822 9073 3075 7672 8986 4251 6539 7800 8567 3927 3711 4023 5531 480
27 2015 8029 7585 5025 9795 4595 8118 649 3496 9790 4625 8268 279 1604 5217 420 6309 287 6328 5454 7836 5138 7083 5806 9831 6721 3569
27 3321 5971 4437 4207 7710 161 5695 4617 1008 947 2089 9879 3968 2039 3010 5271 735 8052 5153 5740 4287 7423 1847 6051 5494 1722 8022
12 4829 4586 945 6265 6966 7386 876 2407 2885 8402 8935 5886
27 1105 3025 3170 8382 1963 4806 5426 9655 8662 6883 2729 683 4232 6130 3926 1485 2687 1505 2387 6050 8765 4391 4896 598 2224 1304 5672
27 3578 4475 9851 3632 3795 1215 300 3657 7362 5725 9784 5042 2142 1371 4076 6027 4102 2778 7336 2669 6616 6153 1698 8089 9259 8044 9472
21 6321 4877 1146 3490 3086 3315 2434 6344 3499 8494 3761 9083 9739 5098 9212 7032 1713 5618 2255 6278 7204
18 5991 696 5698 1908 3220 572 8555 9132 3210 894 946 6038 4979 5763 9295 787 9211 2448
27 2736 219 1984 8835 6749 2600 6946 244 3859 586 1320 3339 8649 4280 72 1165 9598 9367 3427 879 9814 1118 5833 5896 234 5046 2508
27 3580 6115 9267 7975 378 9617 4256 2359 3646 4921 2874 6138 5167 5577 801 4452 45 9323 6553 6761 6287 8144 3971 3734 3719 3619 939
27 9550 2313 8447 6645 1634 3038 646 8610 4523 1368 2829 1499 5981 2062 6803 609 8439 5509 6624 323 4814 7469 6250 669 447 1055 6111
22 2735 203 9287 7337 9951 2473 8695 2045 5610 2229 4272 129 9955 9162 4191 6289 8905 954 1156 7593 6934 1293
24 7913 9925 1524 2216 1272 4329 2011 8018 3946 5372 8807 5104 2364 6543 8006 6847 5195 2342 9413 4812 2822 8942 2318 901
27 3629 7270 9109 7557 4704 7209 9846 5465 3394 6909 2154 9848 7351 6733 8495 6758 6555 4254 5315 3056 5013 6341 1202 329 8374 3586 3346
27 311 3564 1635 1986 3036 3082 1325 2977 4969 1392 3292 126 6387 4316 4322 8844 7333 7023 5947 2488 8180 3814 3260 2914 5855 3480 8789
26 9449 9090 5510 1223 7323 7682 6871 1725 8620 9592 8926 8136 4351 9727 7076 5181 7728 2222 1478 8393 6194 1128 1074 5937 6080 5857
26 1560 7293 7224 3263 8173 7692 9475 8800 9229 1934 5210 3508 1534 1094 7653 6525 1816 574 418 5142 4422 1991 8145 3417 7151 7182
26 4435 2009 7768 5347 4940 5799 9731 4327 8296 897 1747 7645 6167 2087 4082 4439 9053 8065 5397 9094 5773 3298 8888 5204 6405 3723
26 8758 2507 3396 7637 506 5660 3124 2260 7915 680 6406 6375 4440 4919 6923 1965 6510 8388 8472 9063 7324 5932 8724 5735 2032 8870
26 1209 7936 9974 5626 3885 7759 5853 1956 2648 1715 6821 7094 5958 6604 1444 3446 7656 6388 2761 5965 1954 4508 3626 6911 6664 9990
26 3202 1724 3160 4107 3583 7019 6719 4623 6041 536 7823 6290 9939 5479 6124 7706 7299 9108 1274 8418 1445 2165 1408 6334 298 7533
26 474 1528 2106 8348 6526 9832 1256 8953 6925 8599 641 3256 3316 3406 8381 5827 9895 5680 165 3600 5644 2474 5224 1642 3780 3892
19 4839 9504 9556 1246 5303 8245 1027 4236 2906 9667 3356 5767 1982 3630 973 4631 2820 1950 7185
23 549 1208 1251 5699 2731 7342 8780 3986 7490 5306 6452 2633 3438 1889 6018 7723 5346 6214 6766 7089 5960 4363 955
26 9459 477 6004 8434 6771 8259 5405 5064 9992 4539 1591 5640 6970 3142 5722 370 8399 3823 9096 8702 9660 7158 3612 7069 3012 7131
26 6039 8290 2335 6475 6842 3949 6570 6737 1831 8159 4085 3753 5191 9863 4438 4604 8394 7367 4751 8389 9898 8923 6991 131 8607 8331
26 9313 48 842 2056 8219 1346 2160 2505 4937 8150 2281 5004 8325 1266 4461 850 1894 2071 2792 5989 4574 2925 2502 3677 2922 9281
22 1757 9256 9763 8346 5719 1281 9505 4249 2548 5975 3039 7788 5420 8524 9957 7388 8340 229 1829 9599 7833 1288
26 4078 610 9595 8915 6523 9209 252 4828 5211 5188 2694 7547 2461 3053 7354 6429 205 2483 5762 5775 1144 6097 8369 4408 2814 6492
26 5018 837 5856 6942 4869 5584 3513 1521 576 3851 3689 515 527 4925 7405 6709 4026 207 3382 9468 7491 429 6358 1983 9650 7460
26 2519 4882 9691 9815 2967 3468 5866 2415 6218 2444 7006 9043 8264 9967 1351 7124 3638 6230 6646 4598 5800 6032 6322 6317 7215 5854
24 303 3381 1530 4826 5917 4639 1968 6907 3752 3231 5340 9489 1289 4878 8000 7160 331 7432 8913 7181 2251 1452 2307 8925
26 5970 8271 6875 7876 2442 4372 5962 6904 1679 2402 592 916 940 8729 1072 2350 2763 2403 4576 6109 6183 488 9956 1295 6994 3929
15 7325 3614 2495 5816 9620 4469 9639 9741 21 1748 5072 304 6339 3413 3286
26 6670 3239 6457 4875 8682 9761 9481 5310 1037 5155 67 8212 278 7016 6149 3004 1919 3401 7218 4275 522 2564 7297 9486 9637 980
26 2465 1815 9768 1240 172 6089 382 5941 2184 8603 6519 2580 6874 9194 6382 1974 1451 1333 2812 6472 51 4998 341 3529 3522 2271
26 3055 2327 8629 1830 2577 422 9842 7048 6393 3997 8225 5473 7286 835 7536 2283 8776 743 1205 8751 3322 6448 4484 4157 8363 4158
9 6466 2581 1177 4471 7239 8353 5170 9516 5059
26 3358 6767 2642 4807 7190 348 454 147 7197 8691 4263 9378 8750 7454 9431 471 604 7578 2028 3226 1517 5895 7087 667 9014 9374
26 4525 6361 5818 6922 6352 102 3751 7187 599 7987 6987 5262 4852 7962 6707 8221 2971 9455 3834 6653 2562 1935 2161 6045 7649 9545
26 8578 4984 513 7666 4137 9127 1864 886 4594 2835 1810 6810 7340 8471 2552 1423 1717 904 54 6028 5264 1848 2196 1403 7042 5592
26 8292 394 1697 4733 4028 1565 8909 8505 3466 2021 4899 1328 9213 4890 6734 963 2646 2459 1126 5528 7705 3922 2046 8152 7985 3093
26 5649 1883 5517 3073 1601 5382 1886 1595 4677 5864 6963 3494 7497 1357 1125 7897 4361 569 2795 8769 5028 4610 16 4918 7289 7115
26 3090 9670 493 9640 4613 871 9948 4270 9623 7142 9800 695 3973 6006 6763 6267 2662 8734 1971 3357 8706 7484 7784 937 3665 4350
26 1776 6269 6053 9346 9100 3194 5579 2191 5123 9038 2805 9671 732 5778 8763 5186 9565 7003 1760 915 6723 2823 7412 491 7235 4277
26 187 9291 661 7662 7438 7191 4274 6910 7334 2082 7363 3377 9456 8432 5675 6314 4362 5010 7895 191 3175 8454 4364 6147 6434 8898
25 8965 1794 1319 3475 7494 5069 9458 2477 819 1981 4698 8140 256 9363 7786 6590 2733 2481 6520 2637 4859 5296 3792 302 8654
26 9084 7709 7117 35 4291 7479 553 1455 1752 2104 5092 7566 8067 6205 9966 5463 4015 2860 9840 2723 1380 5822 2361 401 4962 4296
26 5440 7064 5307 9702 8085 8504 7256 7609 3905 1871 9333 6873 3300 3980 8360 3195 2553 9726 4427 1571 5146 7251 1350 9909 9721 8120
26 4309 6794 1529 2132 2639 6597 4355 7837 1096 4675 133 399 9816 9224 5360 5522 5496 1936 571 9921 2005 8251 2145 5239 4479 5939
26 7965 1900 3196 5205 8766 4585 7679 2192 938 4111 1283 4692 7352 9153 2834 8039 2124 2493 8405 8777 1379 8919 8352 8279 7146 8098
26 9847 4352 5189 2440 3502 1647 1250 6587 8326 1532 2601 134 1767 6308 8081 814 3684 1442 8570 33 440 6828 7310 5942 4506 8122
26 9752 6044 5954 23 5650 3366 4441 8617 8793 2766 3027 7707 1154 5565 9359 7839 2487 3023 8977 3094 7981 7539 3327 2698 70 6789
26 1315 9020 7357 6836 8035 494 8998 2810 9379 2366 8963 6888 5102 4144 2214 1167 5761 5165 8912 2131 1788 5812 6521 1514 7410 5280
26 8184 2166 2147 1143 9872 4786 6188 2121 5619 9513 8431 8917 8299 985 4122 9245 1621 2331 8358 6419 3766 6011 807 4220 3543 3984
4 7575 4027 2422 492
26 3607 2828 4070 1949 6316 6652 7043 4068 8645 65 3121 8933 9092 9055 8438 9102 8668 4961 4342 2146 4668 7283 5685 1043 1456 5063
26 7429 4411 6164 3199 2754 2217 5008 5550 1429 3372 7205 639 7782 8165 9400 3912 8914 3318 5206 3179 5141 2827 8380 9747 7896 2227
26 88 7005 7546 3866 5234 3057 7411 397 4907 8416 2938 1307 357 4970 4804 8651 7272 3900 5231 5030 9008 9953 5435 2940 8138 2840
26 568 789 7196 4003 6356 7364 7134 2072 1466 1638 7004 4443 9917 4460 813 1750 5152 2092 2575 8756 2266 7416 9307 1680 8211 3825
26 2695 6418 5112 5535 5477 7232 1436 6248 1220 862 2621 9366 1988 3747 8390 8753 5997 5772 5319 781 1404 2888 9010 6959 9876 59
26 7956 3333 9011 5955 4658 2857 5780 9928 4496 3710 5171 6920 9697 22 5421 2236 2018 9802 6671 5185 8235 4179 8581 4476 1865 4951
26 5335 7891 2963 9613 415 5267 4966 7498 1790 7630 9785 4893 7237 6142 6225 4395 3888 7511 3911 3964 7054 4172 3111 9024 707 9970
18 1563 7444 6168 6550 2171 8553 8809 8815 4853 4856 8911 2344 1296 7753 2499 1056 8907 5438
26 2920 554 5710 7206 9135 6584 3524 7924 9624 3163 9534 3625 8010 2325 5349 96 4238 162 1807 3288 7348 6107 762 6093 9317 3069
26 8640 6150 4223 1904 4957 1557 5279 821 8075 3079 1800 2341 1834 3233 2996 6175 2858 63 2001 8677 6468 9154 1536 4126 1939 6257
26 2571 2296 9306 6567 6742 6247 5844 4130 5481 1603 3925 2850 6816 6565 7960 3704 7571 6704 8660 981 1161 4545 7369 535 4320 1003
26 6412 1227 4184 4404 1460 6024 5260 9912 4247 3673 6165 3077 2109 3234 2451 3599 5993 5114 9535 7478 5079 1173 6717 637 6 7133
26 8310 1002 2143 6634 8791 92 8571 930 2898 1348 5519 692 6171 8656 2700 6906 3344 2988 9932 6092 1607 1825 1014 4779 9936 2618
26 9976 8192 9744 168 6764 5557 7941 7143 8644 2910 2 7021 9780 2721 723 4900 5103 8356 4933 1362 6074 6401 2908 770 6242 170
8 7862 1512 442 6517 6610 7068 8860 5969
26 8175 1228 5746 4980 5012 7785 2602 847 1504 6921 4266 6129 6862 2311 9258 4373 647 717 158 1153 7159 410 8398 8320 7281 9131
26 677 2531 2293 9805 1863 6618 137 8486 1193 9433 1317 9798 3573 3262 676 4176 9591 8709 3706 6781 5784 9184 4728 6118 4531 1226
26 6002 1332 6455 977 9819 6216 990 542 833 1461 991 5992 4044 3078 5506 1011 6075 1766 7029 8837 1334 944 7039 7228 6546 8123
26 4008 3936 3833 1276 3051 9068 2044 2388 7754 2670 2713 1073 6366 2084 5870 8887 851 7838 9415 2929 2624 7664 9552 828 9215 4292
26 2432 8787 166 2973 1627 1884 7383 8500 987 1203 4128 8475 7024 1850 2615 7322 6791 8002 3769 6428 4037 1366 9773 5485 7001 8337
26 2135 9820 3891 6220 6515 4017 4384 8214 4206 9226 1396 8422 9021 7646 3013 9788 5288 7738 2201 4757 2310 299 2764 5977 4 7824
26 5497 7849 3329 7574 8989 7732 5809 6476 2893 3959 9368 282 3351 9080 2682 6180 2752 3794 1241 2891 3280 3978 9296 7350 9646 6210
26 4758 6843 1674 6711 1201 3530 2290 4989 4498 3862 9155 8903 1668 3913 1824 4051 9518 4655 1196 7199 1044 2339 5894 5368 1439 8414
26 1515 6654 9087 210 3341 3685 8493 5792 1166 2086 5692 257 5733 171 9594 4571 27 3563 6852 8794 4416 6015 1728 7991 4641 5547
26 3442 7455 2230 1843 665 2033 2320 9963 2099 6059 6708 8437 2854 414 487 154 5905 7050 3089 2249 1356 7427 3002 9198 1602 3043
26 2247 7810 5890 2031 4376 4007 7632 7926 4031 6722 5379 5464 5600 5309 1567 3481 6894 3209 721 5338 4199 1868 4189 9507 9850 840
26 3156 5881 6304 780 2181 5375 9570 6094 272 2710 7262 8960 7999 4903 8525 1053 4039 6691 3183 6792 1127 9808 7603 9797 7017 1718
26 5299 4056 3424 7465 5620 8379 4400 4944 2374 4282 9270 684 6863 8247 3448 884 6432 2050 1032 5897 2574 7530 3003 8580 3838 6016
26 9707 8489 7428 951 6454 921 5861 3974 9911 4221 5305 9022 6785 7552 7605 4801 2047 4738 7625 885 9857 1552 4041 1699 1088 1020
26 7475 6780 4112 9926 8093 7203 7315 8798 3421 2439 4651 9530 3207 9520 2494 525 2030 7623 2469 9115 3464 8893 4901 5159 3928 5244
26 2949 3540 5060 1527 6392 8530 8596 8981 2882 412 7650 7091 2204 6318 8121 2894 2510 631 6254 3456 6335 8666 5667 8488 2200 759
26 7399 7864 9377 5158 2999 708 5847 3767 5356 6571 4235 7635 5520 4915 5106 4036 1017 2267 4005 6892 3189 2450 3304 9120 4568 1082
26 4058 7186 5049 1200 7994 942 674 5031 1541 3450 1756 9941 5243 4188 3397 6372 1385 8318 4142 1608 7827 7955 1585 6384 9940 2544
26 1040 3410 3572 439 5511 4990 7278 6491 5635 2901 6824 8745 4746 201 6776 1388 9924 2029 4169 5781 1899 4994 4735 5294 8808 9915
26 423 8698 209 8614 8681 5187 1441 1620 7724 280 9421 9247 4000 9175 3379 4619 5741 4952 8678 269 3302 1495 7563 8216 8137 472
26 7928 567 1588 7086 8772 6463 775 715 7207 4104 4711 2859 7521 7018 6332 8720 5807 4148 6524 4298 4530 6482 9432 6676 2221 5449
26 1273 9920 277 4665 1046 225 7456 7903 4561 7542 8004 6730 6542 7708 3374 7543 7400 1405 4581 6599 5469 2301 2458 1147 1898 8019
26 6381 9046 6206 1111 9064 5228 578 5995 7493 2373 7651 2614 3052 8813 3437 3590 3730 7378 5392 8658 9451 438 8683 9168 1573 5953
26 6822 9166 3976 448 4409 1369 6422 2220 1589 9720 6312 800 239 3399 80 6072 4514 5542 3728 2705 6236 2098 2697 2961 5455 9937
26 84 9698 3067 5777 9871 952 9263 2884 2174 4062 8814 1042 6861 3756 2093 9866 9531 7060 7244 3273 9772 4434 9960 4339 6881 3064
26 1335 3697 2784 9019 6729 7811 2652 1297 5105 484 8826 5016 3178 8821 3736 4175 3634 6972 6500 468 9145 9931 176 2170 5058 2691
26 1066 3245 1970 4528 6615 6809 3326 8257 4832 2037 9479 1047 863 3567 2563 4360 2668 7550 785 1021 7300 2080 6665 6685 6246 5020
26 7657 6189 6547 3445 3542 8671 2675 4227 163 9908 581 6281 9428 2567 2789 6055 7447 5987 2328 1877 2491 8142 1969 4445 1826 675
26 3253 4536 4200 2518 8194 8785 1189 4147 3843 7422 5278 7178 1649 2414 7886 3788 5490 7892 1661 9551 2870 307 4226 383 6258 7527
26 3869 6139 6786 3462 3319 643 8228 2314 3135 2370 9006 3470 510 2611 4004 7997 5427 1712 367 8139 5423 9622 9467 2421 749 3313
26 4377 8306 7000 5686 4481 9158 120 2948 1875 2034 3463 1337 1870 333 3935 6077 2371 2202 3864 860 7485 2689 1658 9123 2185 5848
26 3708 1113 9845 7226 5539 1239 6407 462 5700 3597 9330 7394 6940 3682 9946 5570 9839 5111 6668 351 8114 6594 1180 455 430 5174
26 9003 1447 2520 989 5779 2776 9964 8510 4314 9740 779 1395 293 2433 2263 6754 2295 393 9893 6049 7261 5348 188 2300 4127 3514
26 6783 8213 9412 655 9511 9381 7037 4045 9268 275 4060 4135 9867 9091 8015 6471 9009 5199 4837 6817 8825 4231 5011 7219 7393 4091
26 9563 3257 3865 8546 8188 8854 91 6426 1531 7407 490 4106 3893 4369 9218 4831 1432 5365 9356 8853 1940 2879 3140 6876 6433 795
21 9927 3049 7927 4153 2937 3117 1182 5478 6106 4736 1905 9533 4978 2358 3076 5524 8972 4719 2824 8036 1425
24 1992 4717 6951 6718 1386 9824 4433 2525 2557 3216 5734 8749 2532 3367 8971 7932 6145 3383 6354 1694 9719 2886 6390 8717
26 5868 6656 4935 2825 9018 8665 444 8945 1820 8928 83 5385 9571 9930 8632 605 2672 6371 7241 5015 289 3265 1619 2172 6241 2724
26 4094 1414 9806 7580 9180 4544 2817 3930 6301 7414 8105 1720 6083 8246 5805 3577 1214 9672 3109 5177 960 9013 2594 9169 7818 9304
26 7070 7188 6327 9944 6480 2105 1942 4552 1568 6211 2228 8545 2947 2876 6320 7056 5930 6949 653 4271 9417 8657 5922 3035 7112 2845
26 1543 9349 1142 908 5503 8412 1160 2108 6134 8550 5154 9894 3389 4345 3553 5789 6126 2666 8230 4774 8333 4129 2998 9220 635 8740
26 7957 5027 4170 3717 32 3732 1098 6121 9701 1692 2804 4906 2299 663 5136 5921 4187 1732 3889 2392 3423 1801 5688 9711 2926 1254
26 6912 9733 4624 9633 4396 9202 2930 9075 118 9914 6857 243 6679 6859 997 8927 451 1397 2066 5081 3882 6193 8397 437 4332 710
26 1305 9649 5466 5757 6425 7162 2802 4347 7872 5534 4569 9943 2955 809 9629 4053 7752 7893 8032 8240 9986 7268 3180 5395 7311 2322
26 2883 1492 1363 3875 7628 2927 3434 3258 8843 4167 6146 5139 1058 4359 2685 5590 1400 3733 3998 9126 236 2114 2905 5637 2138 5631
26 9393 9985 9965 5712 2651 6182 105 943 7267 5301 8307 2945 2994 9651 217 500 5196 9342 5938 9715 9854 9922 4861 4267 3347 4160
26 4948 8458 1869 6360 2541 6380 629 1943 2048 6800 1897 5023 4173 9335 9389 1780 8900 5638 4640 4943 1242 2490 60 5659 2821 9673
26 6263 1838 965 3544 1922 8037 9177 514 1176 9607 8976 9110 453 8669 9865 7982 2303 2617 8084 8514 5813 5949 5839 1570 962 7036
26 4742 7140 6068 9705 2570 7448 7933 7169 2234 6140 2851 5694 473 6061 3152 4748 577 6370 8457 4181 5580 2878 2592 5718 5874 6750
20 5480 1024 1376 984 5627 3940 2665 4397 8051 3145 8764 5122 4660 2189 2943 7121 3662 1730 9365 7600
26 5324 7198 200 975 3565 6272 4819 9896 4800 9724 1911 2137 970 812 815 1990 7439 337 4763 14 9147 1802 4324 6993 5057 1261
5 2356 4796 5732 9249 7581
18 5693 3409 8370 3566 9164 1553 7025 5513 9844 3498 2309 1029 909 6975 8357 3519 9750 240
26 1192 7687 3779 2537 3414 7901 9035 1458 2796 1199 774 6743 2213 1920 1018 8436 2420 2232 7514 4402 4010 9067 7869 6973 6060 7641
26 4379 7028 3459 4973 6222 6814 2076 8631 4767 9141 6619 1670 103 1145 53 5840 1049 1434 7596 6099 6501 5147 5599 9793 4490 406
26 7463 3546 8274 4838 9477 8367 709 8164 2921 1448 1967 5929 4730 6431 3805 8528 6303 4849 2347 6487 725 6440 6373 9765 9614 9227
23 4644 3918 8713 69 2235 3993 2430 3211 6548 8064 3154 4985 1229 262 6478 5281 548 750 2475 4580 8423 8100 6693
26 9514 1323 6536 6293 9037 1487 5764 458 8664 8063 4073 3748 3009 3495 6131 5645 2688 3355 5873 2759 3348 4269 2806 3853 4683 3259
5 2573 6544 8574 6563 1555
26 2061 9463 481 2904 5107 1324 8028 9424 5998 8901 3428 6262 5482 8539 25 6738 5605 521 1162 9580 7290 5316 5889 540 2312 8690
22 2718 7435 8902 8338 6238 4880 7745 4278 7415 4121 2546 589 7621 8572 9664 7591 3223 2158 4116 6084 8802 3950
26 6689 7020 6756 6058 9450 9537 7506 9133 3874 9157 6713 7807 694 2348 7875 8498 5 3649 6233 5676 6300 9997 623 9781 7789 5225
26 672 1384 8224 9297 8253 6630 159 7532 4824 6775 8547 4988 5862 1533 1463 3353 7233 8465 416 4284 8132 2094 1419 9878 3679 3120
26 5192 3249 8548 856 9118 2954 8737 8956 9438 890 5391 9023 173 8281 6483 8003 5945 5053 6395 3720 869 1077 7951 6715 431 2530
26 1097 6502 892 9735 3778 2831 5087 1561 929 3799 2375 3606 5061 5548 4762 1477 3538 7658 5594 4095 1219 9007 9714 1341 3400 2049
26 2720 5615 7684 2605 146 9647 5576 8244 2769 2622 928 3340 232 9244 5793 4727 9235 8392 9066 7084 2962 650 6534 7814 1454 5029
26 3147 658 8979 9382 8768 379 2661 9288 4653 7920 5583 7220 386 6813 8886 9111 1775 5468 7358 4294 9905 9887 9290 898 8396 3279
26 3549 4873 4194 7236 9130 8595 189 3373 9632 7857 6363 8177 467 4454 7385 6324 4946 9285 87 1427 2349 1594 6598 6465 8332 2862
26 2316 9402 1489 9071 9182 3215 1152 3731 3811 4787 3474 3447 9682 4876 9423 1224 6666 7736 358 593 3837 9266 7880 1961 4311 4013
26 6277 5218 3024 6744 8059 8112 4958 9687 9526 4634 724 8692 8544 6928 6947 6988 558 5820 4680 3658 2798 7959 5439 6273 8463 4846
22 9619 3311 6190 5226 4862 6251 2360 5632 3505 6253 953 4487 5742 5575 8569 6086 3431 4118 6976 5266 2223 1662
26 768 6740 3601 2866 6133 9645 6971 3790 3044 9998 9103 8400 3796 7321 4512 5132 7973 3363 2258 8949 7694 4633 3627 8311 5900 3588
26 4601 9935 2957 9045 4914 3636 2394 5684 3476 8109 1771 9722 7403 6798 9506 2102 8930 2484 838 1893 9540 7051 2767 3687 5988 9117
26 8967 5562 2118 3108 9341 4636 8597 1644 6757 9106 2935 4688 6396 1786 7797 6528 8852 9315 1574 2987 5787 2877 7905 9494 3559 4725
26 713 3005 4661 2399 633 7477 9151 1480 4046 2933 4515 5597 6609 1026 2447 8280 4612 1498 2002 5940 148 4811 7722 2679 2073 7700
26 1867 7329 3910 615 9712 8876 4477 2025 1799 4453 8540 8009 8107 9708 9233 6990 8045 9398 7332 1915 4551 1751 421 8452 9396 325
26 606 8783 3368 1252 2178 7912 1768 6268 9515 8047 5067 8199 1832 4067 4165 654 4765 5585 625 9308 1437 7983 2219 3965 3712 263
26 6815 1773 332 3200 1175 6484 1511 5160 3432 194 3556 6540 9630 9442 1853 6169 3506 7671 9500 5624 6725 1665 4077 8959 9993 7766
26 6377 4208 6741 4225 7382 2984 1443 979 852 2468 9444 7626 2159 8512 7419 8317 7240 3642 9618 6867 8208 3698 1641 9749 2609 3204
26 8731 19 7373 7243 2528 7276 369 1257 1104 196 6692 2244 8270 6204 3391 6054 3332 4465 6623 6022 9294 5024 360 8647 8327 7783
26 4071 8024 2782 1755 9949 1902 2790 7576 9474 7998 8289 4264 5904 214 786 7107 5448 2149 9173 8255 5447 9555 5269 4741 7138 9638
26 4494 8932 9274 9485 8796 1587 6716 9440 8182 2498 6184 5872 3808 2644 619 5696 2466 1401 7053 9338 2725 204 7269 9977 587 1210
26 8518 1407 5377 6186 2245 5679 4965 6178 9160 9299 8755 924 1078 8969 6376 1611 6347 4975 8315 3716 7744 3676 1952 9764 1312 2441
26 5934 3990 730 8816 7698 4171 5400 9228 5094 5329 3443 2762 3201 2269 3074 1925 6037 3164 6768 4131 6673 1398 4823 5545 7713 8147
26 7861 2603 6410 9549 9138 7916 6279 7940 2568 4628 9361 2620 5052 2903 803 2381 2655 4239 1754 7989 6895 7676 3287 7996 3690 4145
26 7401 8149 3557 9042 152 2706 1415 8407 5101 3454 1840 7750 958 8842 3360 1022 389 5325 5197 3243 8899 705 5499 6998 1972 5125
26 9675 2233 9385 8285 5678 1613 2377 6674 3173 4840 5985 4843 4407 3939 6174 2728 6499 1737 192 861 9590 9434 5051 5077 5334 9354
26 6901 190 3354 57 3616 6705 8804 2558 716 9987 2051 5442 8961 4259 5419 6337 8757 3552 3301 460 3015 5515 1903 5591 3284 6288
26 1138 3294 2511 1628 9681 772 2187 1299 7164 9826 670 836 5925 1493 8170 687 1975 496 603 3219 9057 5248 3310 1579 6795 295
26 3608 726 2649 656 982 127 6359 5702 6681 9574 2909 4290 356 1116 4529 5614 7247 2616 2953 1506 8685 4516 6958 1287 4177 8941
26 9679 7114 5540 7870 8155 5088 7457 6882 4072 2599 594 744 3473 2582 3283 941 3639 8041 3548 4447 6275 1663 5604 1544 9827 9172
26 6724 8557 4164 9575 9065 6989 9357 6868 7610 9694 7587 3907 1387 1743 9683 9086 7541 4917 9261 8999 9301 4995 1133 3688 1522 6507
26 519 4387 3092 7934 9190 2900 1509 5526 6067 202 1513 2116 3072 4789 6286 7622 5118 3822 9745 2182 4670 2067 8090 3405 5436 1646
26 9409 7993 5017 6474 753 6643 6784 6367 5076 5559 7077 5172 3141 5258 2485 752 8994 8561 6295 4797 1798 5459 7413 2329 1614 2586
26 4214 5227 3989 7085 5783 4063 4756 1051 777 1924 2841 7935 5166 8476 7313 5611 6079 7517 5671 8934 8095 9309 7476 4140 1290 3737
26 8708 6485 3510 640 7663 3439 4798 6727 4209 235 3574 4810 8415 5157 1885 253 8172 8592 324 9601 5207 6933 1938 2492 86 465
26 3030 8302 2975 7602 354 3970 8694 7078 7145 688 3645 4168 6522 6977 3352 4389 7258 551 7450 6166 4375 7307 948 7968 5819 9532
26 4090 6404 211 3816 330 3435 6197 6582 5919 1188 2863 5908 2129 4468 6282 2282 1370 3890 3252 8663 2014 3106 6365 2677 7459 4987
26 700 6135 9401 2167 3026 1349 9156 4871 9837 582 8906 1286 1322 8258 50 4817 6276 7925 1927 5834 555 4474 3184 2157 790 2664
26 5445 3276 8573 8133 3232 81 826 1309 2264 8746 7757 6042 9554 8361 3511 2873 1828 1249 2647 9841 7338 8223 5623 3848 6052 3110
26 3817 3651 9255 497 8187 8403 2753 5221 9324 10 4777 3902 9643 1770 738 3598 335 3151 3517 1849 3492 9005 913 5760 4522 4338
26 666 1860 4815 4285 2352 6066 7746 5835 6793 7305 5470 4092 9821 1382 385 4333 2868 3132 7910 5056 8639 746 8910 316 6559 7472
26 6663 1406 233 313 3842 8236 3904 4244 4224 3509 9994 6102 4710 9933 6697 8469 9605 9445 6232 1076 5489 3637 8636 3923 8424 3562
23 6831 1855 5621 4705 8609 9262 3507 6583 6386 9056 2808 6047 9978 7720 8680 8234 5109 7851 7688 8124 4726 7044 5179
26 3167 8630 1023 3972 8079 2585 9900 2630 4470 4426 3213 5785 8811 5950 8810 3955 1007 3705 362 3071 5871 648 7374 1497 3255 9906
23 5983 2053 8554 3594 1474 1686 5116 3896 7817 1389 9358 1525 5705 2936 2785 3001 8417 9791 6690 3048 526 3727 5407
26 7499 7612 3461 3740 2551 6132 353 352 8401 7222 9049 4335 1235 8077 4739 7923 5648 3497 3954 3653 2503 5869 4354 9569 8308 1207
26 5235 6735 7248 3105 2654 9923 4858 8266 1391 7763 575 7588 5986 6264 4572 3707 7616 3324 4600 6797 8441 4392 8391 7719 5646 8087
26 2297 8158 1030 9353 381 8642 8585 2875 2206 4499 7502 618 2017 7802 2254 7371 7360 917 4737 7850 8295 4303 1064 4305 1892 4156
26 7804 7156 6159 2338 2060 9375 2797 3623 7843 7341 2151 2144 8725 6560 2619 7675 6299 1648 2306 5752 6449 4083 8260 4729 1472 6342
26 5717 5491 1564 9104 9497 5366 230 9272 4114 6451 2438 1624 5292 7397 7504 3419 6315 2801 4081 804 8626 8275 8838 4049 6073 247
26 9305 817 2711 95 9738 8951 584 8023 5879 5569 7599 90 1538 1727 9899 7327 5333 4954 4488 4108 4928 5431 5551 3042 1137 7937
26 9216 3236 4196 3375 4854 5457 8272 6902 9810 4821 7594 7879 4549 5019 3387 6636 3365 8322 3303 3350 31 2550 7395 1377 4451 8847
26 2917 3758 5887 5957 2323 380 9889 4939 9659 6641 2636 7298 7520 9079 1782 6219 6759 3515 2069 3268 246 7577 8082 7436 9241 4047
26 3555 4048 5553 9144 5344 6967 8300 286 5909 8446 3699 1342 2756 7250 2256 2365 3385 2579 2195 413 8456 844 3041 7742 3500 4929
26 6745 1651 9627 9628 4297 7135 40 2315 1464 8334 5083 2478 8565 4152 8679 7345 1329 3804 8276 8752 9343 6136 4315 3224 424 3289
26 3988 1170 4507 3411 1676 531 6672 5514 8659 9208 4718 686 9686 7939 4694 8241 9969 8305 6878 1244 2435 5617 6070 5661 7123 7986
26 5300 2738 3188 6076 4709 2291 2330 8560 485 9362 6820 434 3856 3130 3525 4336 7155 3670 3937 6330 3162 7696 4697 2253 7424 343
26 622 7320 1995 4246 1491 1537 7773 516 8952 4204 793 3894 3150 8387 1057 1554 4222 1347 6516 3944 3876 1813 3095 8371 1909 7252
26 7119 6884 5282 3083 761 5952 7729 8820 6680 613 7062 2024 6122 8863 4597 8181 5863 2569 5776 3800 8983 6421 3715 7906 9770 6613
26 8950 1637 8786 4657 4024 9710 5045 2395 3157 6622 9026 2631 2340 223 9318 1124 5128 7970 8859 1285 6207 8790 221 5232 7011 8618
26 7929 7889 9282 2382 895 6336 560 2164 3584 2846 3714 7510 3359 7853 43 4252 6787 620 6936 7431 6731 3683 7953 7831 3781 9677
26 8477 1784 2401 4202 5351 1294 5603 3622 121 2179 501 8470 8127 806 9653 8362 4650 75 2120 5145 2807 5883 4418 3903 5293 1569
26 4059 3640 9559 1997 39 1352 8970 2122 7564 7627 5133 7125 4805 7551 9621 6588 1711 4548 5774 7947 5750 5811 4399 2321 9834 2755
26 3693 3826 4575 8940 7534 2696 7971 3648 5567 463 3963 151 9862 7330 6802 7291 9853 7979 7841 3835 427 49 3422 3836 8008 8185
26 7952 864 7631 267 7882 7990 9952 7516 281 9968 1781 9884 1761 996 3296 8231 1765 2101 1659 8964 5831 4702 1479 2423 5931 638
26 6961 5727 3739 6069 7492 6062 1631 9027 7749 8186 2596 7189 5216 5956 7832 3545 6215 6937 3020 8056 4753 9668 3128 2376 7881 4622
26 3371 7379 1218 7277 7442 1733 1846 3228 820 2561 9407 5999 1253 6530 5367 5483 7031 5115 9310 1708 5276 5814 8130 5342 4883 3589
26 957 6849 2288 1977 9457 6346 1494 3088 1117 9328 754 4093 6774 9877 198 8623 2085 7858 1426 9257 6508 8507 8861 9 8897 8480
26 7108 400 7792 1777 607 5409 7309 3203 9441 8366 4378 8549 8061 9237 2524 4001 7295 7775 1258 1091 3037 9203 7184 9669 2540 2130
19 1269 8055 8563 3906 3789 9678 3609 7678 3536 3592 5073 1682 5233 914 2719 5035 4492 5110 8497
26 5860 4583 9030 6012 5169 9981 7061 8830 3085 4087 3295 37 8593 731 2739 3809 8135 8600 4480 1759 2830 5345 8096 8385 2280 4592
26 6228 3760 2896 6128 4035 3102 8506 3155 6769 5040 153 2437 1314 547 1740 3342 4334 8117 7765 1793 4061 8046 5978 1278 3656 5273
22 2591 5903 7152 4064 4101 7096 3694 5564 8638 6696 4357 9716 4626 3237 8076 7201 3897 9201 764 5788 1507 2521
26 6916 1609 3603 2305 6244 2385 7693 9082 9482 6443 8108 1034 4881 9755 8584 7674 3908 4816 9662 2747 8451 7343 4996 2608 7733 4268
26 4618 9405 3017 1233 3420 751 7513 3798 7894 4456 1255 4198 8242 6014 1114 745 4478 5677 3884 8929 9689 6770 3819 5973 1958 3812
26 222 9347 4233 950 6101 2368 3062 5915 4074 1842 9542 9152 1065 1933 4210 6545 6661 7670 8634 9332 9036 1336 8797 5150 392 1139
26 6198 8736 2690 135 9492 2919 5193 7691 193 9420 9302 6513 1050 7914 4276 6490 5595 5119 8744 7144 9439 2734 9390 1148 1230 6458
26 273 3197 825 7380 6762 3477 177 8869 6699 4642 3282 689 8359 7217 7280 4870 4030 3096 8011 1085 2629 251 6158 8119 5714 5173
26 5086 4693 4421 9696 2635 907 2543 2972 7592 6345 7090 9337 5308 7331 974 7835 1657 3953 5200 6100 6489 899 1683 4649 4695 9334
26 769 1605 2198 6413 6739 2613 1583 2693 816 8918 7865 1818 3045 8513 3917 9017 4960 3297 9032 5450 38 1600 9656 3369 6603 8178
26 6695 2424 3947 2981 310 8806 1985 8984 2397 5658 2740 9278 4075 260 3331 309 2419 4192 4146 4766 5290 7079 8722 3520 6266 7111
26 1005 7287 2751 4920 7685 5422 1862 5070 5250 7065 5976 3182 3016 4323 5739 2027 1957 7304 4577 1577 1490 1129 8183 12 5876 2627
26 5424 2538 4006 3605 6538 2771 4724 1872 8312 4472 3293 8153 3139 3861 1610 2549 4945 5378 3063 4183 5791 6631 4785 5817 7537 6221
26 1803 5721 6409 8823 6119 5837 3532 9264 9192 5247 2715 1753 1402 7582 1672 4500 8944 5261 2083 1795 4534 5404 2326 443 7356 5944
26 3307 5387 1010 6340 6886 1232 4089 5099 538 7866 4096 6488 5259 6117 3091 2757 4684 1916 6369 3933 6592 145 8602 7748 4057 4553
26 7561 7464 4830 4666 9897 5642 4356 3735 5907 8491 3161 3828 537 4423 7958 5802 2416 9973 1520 1390 7213 7740 4752 3611 4606 5398
26 5245 7398 212 9757 7883 1079 3624 2867 9754 9321 7266 8576 3266 2197 5655 1321 9050 3768 4999 7878 5974 1636 8156 7899 4281 7825
26 4307 5808 5920 4205 1913 1331 1211 7812 1198 9360 5384 5651 1516 8250 3136 2476 4240 6351 5418 9777 9875 9200 13 5443 321 8163
26 9888 1438 5006 6021 9116 7245 6893 773 3635 5256 4486 6423 6436 6608 1671 9961 5893 9501 4216 5634 5836 2007 317 8622 1009 9380
24 2660 5875 4629 8991 8788 7387 3867 9028 7760 4916 4669 9783 8532 9269 748 5607 160 8461 1080 2363 4760 452 7611 8594
26 117 7230 530 802 6023 9276 9962 7829 5709 6223 1416 6234 3241 449 8442 6869 4740 346 9995 1987 5555 9676 3571 9499 8372 5108
26 4687 902 608 6029 6446 4986 8220 3469 7793 8293 2765 8261 1714 5220 9170 2772 4771 621 9041 9197 123 3250 9189 6569 3107 8535
26 9581 3596 4863 7174 376 1181 249 8819 2393 9881 7009 2684 9661 4025 9665 5336 6532 9161 7634 8880 2625 1279 4519 6151 327 3643
26 1194 8104 4080 3325 8042 9033 8378 1930 865 4358 3967 9163 8833 7871 1706 9510 218 2932 4931 2070 4967 6445 9690 7026 3850 6467
26 4637 7210 4910 511 8298 85 1109 4699 9303 6684 5804 9498 728 1291 9870 7608 4341 1703 9048 4253 5121 259 6950 1115 8718 391
26 3281 5237 8968 8747 1684 7636 8782 4834 6379 2272 2959 6772 8115 798 528 6675 9437 520 7038 3899 4589 3441 4242 6481 6595 6919
26 6541 3579 8832 2036 4615 46 4792 6932 7573 1656 3328 4898 9480 4663 2500 8286 7887 6577 9107 8625 5641 4700 3671 7496 5798 1418
26 6706 2942 5369 3116 6402 3345 3531 7562 2057 3269 1914 274 4430 3738 8975 8778 2590 9236 44 2692 5410 9609 5460 845 9811 616
26 8703 8792 854 6338 8831 7643 3709 2547 2645 9219 7689 9114 9112 9275 6504 6564 1856 8443 7022 7639 5928 5162 9129 4197 1931 2818
26 6913 1689 1267 4450 7113 2732 1016 8014 5074 8502 1012 9490 7734 1796 1719 8050 5270 9344 2727 9088 6394 3681 7489 4905 8939 1547
26 8711 3193 8254 1994 2997 4713 2362 76 1330 857 1772 4543 2990 8143 7549 968 2428 4448 6095 466 3932 9260 6177 8482 7772 5665
26 8395 8484 1121 419 8128 3181 7118 6161 4772 8126 9779 1783 2016 6755 1836 1375 2542 2022 6964 4215 2865 8080 3576 6461 3518 3528
26 3855 5743 6765 507 6703 9833 524 550 2534 395 5143 2452 6778 42 1763 8233 2974 8568 5755 9885 1303 7669 8282 4731 9829 2897
26 1874 9406 9469 3191 657 3393 4331 9238 6930 2042 6292 5704 6833 8992 7095 6362 2367 3125 1270 1481 5246 9340 831 5891 1841 8527
26 372 4781 5425 9680 2250 6270 4420 2292 1069 9221 1921 1882 3650 8297 3337 2584 7747 681 1103 8608 6005 6285 9210 2786 2839 8556
26 961 8459 8328 7874 2409 8973 8851 1710 6848 8551 8646 2837 8817 3674 2892 8347 4526 1704 3177 8714 4288 308 3349 1052 398 2225
26 9979 2026 9316 5668 881 3759 8373 7501 9789 4086 3404 8881 5851 2995 1171 8427 1996 9695 3726 7526 4556 314 3945 8078 796 6271
26 6807 8020 3317 7884 2787 595 5298 1004 1292 5670 4330 7529 7538 149 9448 3516 6720 5946 5912 2369 5657 6872 7950 2554 8001 3857
26 9325 1013 8448 1000 1496 7010 2275 3909 1896 3547 4582 923 6505 8335 1941 3272 3801 6837 9603 8005 6606 8433 296 1191 8106 3994
26 734 1381 8588 1508 2480 671 1738 9054 130 2417 6602 6682 7402 6829 4745 2454 2816 7033 4599 7308 8577 9759 8249 5047 3535 4750
26 9799 7180 6420 9002 6438 4485 6081 9553 7361 8007 3323 5573 1629 8779 213 5007 8896 1764 5126 1354 5048 5521 2277 1652 3975 3631
26 375 8262 5771 1500 7847 4643 6956 4775 7381 8871 3610 1310 1953 6948 5984 8889 2239 995 6408 1028 6614 1726 8174 2606 3335 5370
26 6694 7553 9869 4941 9527 4326 2966 1979 8160 6678 8627 8748 1316 2913 9958 3006 9519 167 3831 4151 4283 4968 8589 8648 1758 8700
26 1888 2123 2455 5663 6398 529 4497 7830 1248 7712 5314 1130 9372 1486 4754 4835 9188 4827 3996 1675 1086 4054 7165 2847 8865 3724
26 4894 3138 3403 3915 6399 7988 8667 8237 8562 319 3593 4997 6442 7505 4974 824 9081 5643 1808 5272 5927 5972 6112 3080 2864 1510
26 3471 9852 6296 3453 8795 169 408 8481 523 8027 1980 112 7326 3395 363 9488 6554 3725 9352 5797 2593 2298 1633 3229 1951 9776
26 306 3773 8207 417 6512 9232 7014 7659 3570 736 9658 5350 733 3299 9572 3312 3582 1413 2650 9600 9873 966 4813 4723 5923 2055
26 2559 4520 7638 7554 6357 4593 2355 7907 1048 8511 2535 5689 4429 3061 1033 8697 1673 8466 8483 4229 8635 7885 2730 7409 805 1300
26 8329 4511 6192 290 3047 7856 1937 5770 8444 8125 9919 2153 2960 4258 1502 1373 4381 486 2533 1280 3028 562 7154 9095 6533 6748
26 5343 3148 47 3921 5495 3775 8990 7515 8743 4340 543 1031 9548 6552 5980 5175 9991 2811 7105 5467 8467 8468 8858 4844 6152 2848
26 5716 8586 4630 2412 9171 2343 1081 4302 8033 3757 4365 9136 7106 5552 9688 9386 2514 6887 4110 4401 1367 4780 5581 2516 7731 9573
26 9864 8566 6245 6503 2180 5994 3839 4879 9370 5289 4473 1822 1275 3660 9293 5898 7376 9760 2744 4052 9585 7214 3113 5616 6819 231
26 2576 8073 872 1685 5830 9364 3824 1302 3782 561 5026 8775 3613 7071 4097 7976 503 9528 7828 8723 4261 5845 7863 3238 7601 1343
26 268 9452 409 8868 6591 9836 8263 6056 3750 4043 3877 4136 3962 125 6572 2091 3943 784 4609 6017 9069 8411 2683 9446 4446 1247
26 7110 9246 3068 7737 8034 9394 1700 934 1179 9734 8428 9113 3101 766 3376 1237 9756 3668 6355 4627 8908 2836 4611 8404 8612 6453
26 445 7512 6804 9254 3112 8742 9604 9089 6838 893 918 4325 4419 771 9181 5568 4385 9904 2379 8053 2815 3942 3274 662 3858 4348
24 920 5213 7613 3119 8605 9742 6962 8727 7918 9001 1814 2595 1964 4578 1187 3244 8202 5916 2638 4983 5127 792 7163 797
26 7318 2079 9813 6710 5674 4607 7274 6596 1428 4394 7148 9150 1690 2190 3961 7486 9076 7027 8759 8256 7279 111 8313 2610 4897 5720
26 9901 2536 206 4782 6078 2406 254 7931 342 776 2526 2237 7978 8689 6224 3060 6091 7607 7589 3192 8364 5198 107 2833 9717 3664
26 7040 6123 9186 6984 1845 8030 5100 2095 5630 6203 6726 4483 1546 7854 2294 2150 9856 7242 1878 9794 9391 9608 6470 9461 2238 1038
20 5982 5572 8440 3398 4913 2527 2115 2842 52 4793 3115 6444 6176 470 5850 8522 6227 5414 3941 5726
26 8102 9996 8410 5602 4587 4344 7466 2107 2043 2063 7560 7101 5000 877 5183 8805 3198 827 5765 411 8891 4769 602 4554 1962 1378
26 585 739 1339 5815 611 5766 3785 2612 6120 4685 6447 122 8591 9828 2560 1183 5823 1268 8604 2302 4808 8867 8879 685 6853 4120
26 29 2436 318 6818 4366 4605 8101 711 1045 4550 8650 4590 1035 7741 9663 5330 3810 3440 3678 5669 99 8195 7801 7166 566 3880
26 2941 8425 5089 8653 3663 2745 461 7271 1411 4667 6728 2506 3489 5729 2712 703 7294 5707 1360 9502 8866 8849 900 1087 4911 8210
26 8962 1372 6125 1723 9751 388 3746 3305 7370 9934 1420 7615 1976 5274 682 5966 1678 6568 9279 4721 5673 6845 6496 82 5508 976
26 4855 8848 150 1503 5291 3669 7066 7103 7366 8799 1394 2400 7944 6008 5525 2517 2081 5331 7059 7487 3703 4908 5596 5388 5265 6439
26 7347 8699 4848 3680 8191 2673 64 5394 3271 6181 8516 7655 9718 8294 1618 2088 7961 1108 2058 1070 5075 4161 7073 1327 5865 224
26 9140 9052 4794 3602 1365 1453 178 6579 7392 7120 6495 5810 9929 1545 2351 1650 9578 7157 8474 3479 4504 783 1669 1581 794 5697
26 4887 7082 7372 9625 6985 6280 5713 6562 3534 8988 8344 8616 5249 9704 195 3081 8846 5546 5488 7390 4596 4791 5065 9277 8884 5501
26 489 9473 7648 4703 2041 1745 6333 459 9436 8883 9803 1519 8993 2285 5255 9807 1851 4991 7644 1483 4313 390 7717 9025 4133 8154
26 297 2714 2539 9464 3807 8882 1433 4117 808 216 2777 3159 9183 9447 5963 6827 5286 9892 3306 9016 834 5251 5737 6088 9700 136
26 4143 3575 2566 3114 2653 4021 2386 7680 5486 8624 4747 8284 7819 6790 8248 1696 2572 1440 9982 5683 1213 7349 8278 2623 4909 8582
26 7088 6329 6473 5212 7922 6753 6460 4895 8072 6036 3070 4950 2284 2396 1136 3018 1890 2890 7774 3309 4743 1482 197 8613 2019 7173
26 8728 4648 1955 7579 7809 2110 691 7727 2052 8721 1741 1217 9988 5639 2242 7500 2889 9582 2168 2726 3702 0 1473 4927 811 8375
26 9283 2512 482 7122 3701 1459 5021 1476 5386 2931 3186 5097 6858 3242 841 94 179 8531 5493 712 5129 3644 8696 4295 2203 8874
26 8509 2788 6003 846 8937 1721 799 6659 3691 9508 338 2749 8169 7179 7098 6938 6162 6259 3153 3084 1881 4463 9971 2113 9560 5723
24 1978 699 7446 3560 5914 6196 2640 1891 4734 7259 4212 283 3832 8946 6834 8196 5505 4671 5461 9606 2853 3275 2252 8980
26 580 8021 4720 8146 1693 9134 9234 9222 5878 9015 4533 6712 8621 7531 9945 6229 7396 7139 312 9414 5544 4134 7964 8429 778 7058
26 2008 2006 1054 5756 9737 4872 403 1944 7045 1612 3137 7007 6574 9774 5383 6667 7449 1895 9098 4431 911 1812 6844 6981 9736 2276
26 741 8739 3821 7572 922 6026 6832 5001 6179 93 3436 5537 77 7583 7848 7063 5736 3852 1691 345 9642 8707 2103 4424 4799 3380
26 5341 4836 245 9654 4659 7263 384 8239 5140 7806 5472 8872 4032 9435 2405 3881 291 903 7225 2529 8579 6019 5753 3931 7335 5538
26 8189 1206 4867 1102 4645 8996 3261 6865 1791 9300 7384 2390 361 28 1164 6812 7852 3118 4304 8781 6435 5533 349 7751 1677 181
26 4842 3104 8040 1430 5628 1355 4300 285 1197 612 1592 7192 600 5852 8583 8354 9453 9713 9099 3240 7821 8222 8538 6518 6191 3402
26 6965 8978 4833 9947 2464 4555 9284 6999 9859 8017 9085 4770 7528 4382 9471 1623 9855 6651 6899 73 6291 7803 5362 8430 6931 5415
26 4150 7129 533 7193 8421 7548 3793 1709 365 1946 5005 1551 6823 4963 6469 7175 4201 1089 1542 3143 8238 6368 5653 3652 722 6997
26 2944 3430 5636 8856 2140 5838 2969 7604 9143 7967 5411 495 4647 4565 7377 3320 1548 7868 3206 7495 6701 2985 791 3987 3860 4319
26 1993 1090 7406 4020 2939 2128 4888 4491 6885 4608 6908 4489 6846 7292 3521 5339 340 5826 270 8818 7739 8205 4257 3591 8770 5504
26 2869 6877 2681 3783 6580 4099 6237 8987 3765 6839 1308 6982 6020 8672 5681 760 4847 9204 7067 36 6108 2703 432 2152 9097 5859
26 3103 5358 4761 5054 2952 2240 3901 7794 4689 2722 9029 1918 5320 2950 139 7921 9122 4889 532 6826 6411 6096 5536 6978 2964 8543
26 2912 8323 9890 4141 5287 156 5910 6114 4722 5041 3595 7046 6629 5849 6033 7168 4708 4436 9178 9525 7776 9771 6514 2656 5476 8921
22 6879 3334 2112 2887 4403 9062 8324 9408 1539 912 5786 7507 322 1749 9509 6154 2895 6010 5745 7826 9339 7938
26 6633 4885 435 7453 2207 9429 2445 1431 5317 1590 9778 4947 8931 3700 8738 4166 1687 3034 6688 7317 9984 8948 4820 2819 1923 7093
26 24 2641 5748 98 1626 8273 1660 2054 7167 1598 3267 5502 1284 2186 8161 983 2872 6549 8733 9051 1231 8503 5148 1093 4018 2770
26 5222 9495 3512 4953 6969 5043 9478 7873 9230 3277 3222 9460 1998 2398 227 8478 1361 4755 9124 5328 7359 3343 9775 5312 7758 3386
26 3539 9191 4349 849 1667 9159 7761 5009 3425 1819 5730 4457 2793 1654 8954 5906 6001 7545 3407 7170 4616 6914 18 5055 6350 4865
26 3362 6199 9602 5182 5656 4317 9070 9031 4211 3285 3550 4682 8822 2991 1606 2012 7458 5612 2427 652 5613 4691 7977 9383 6585 20
14 3444 6208 1067 3230 9392 552 377 1282 7015 4768 5284 5389 4464 4321
26 8559 4428 5516 2425 5751 8094 6098 6566 1271 4690 6240 238 5357 2279 9422 5430 5828 2803 1484 8355 1112 2604 371 1141 1359 3883
22 9411 627 8198 7690 986 2209 546 9612 4557 2177 693 1132 4190 5578 5416 3526 8839 4425 504 9058 1549 3886
26 157 4084 1313 956 2077 853 180 4406 9950 5208 2504 6415 4715 7699 5164 2965 5327 6841 4972 1225 1059 8386 5209 2880 1701 2597
26 2020 5948 7102 9512 1422 8523 1859 1101 30 5901 4942 405 6414 6556 5882 727 6980 8754 3581 882 2588 2993 436 5361 7002 6260
26 2774 4537 6430 5888 2852 1263 74 7614 402 4654 8492 3416 4459 2632 4262 1449 1632 9728 2968 7954 4132 5867 2287 4273 3755 1150
26 4467 5359 6307 8521 6927 3190 3165 1364 7726 7796 2345 8601 9185 1340 9416 6637 6660 3019 9529 5609 7660 810 8877 8 8113 4374
26 3168 109 1186 6825 241 6805 9101 4113 6306 8450 7440 7195 9732 1806 7966 1092 226 7480 6929 9891 5095 265 4079 7303 994 3021
26 7799 1625 8784 3966 7211 4541 1475 1140 698 1424 3672 7570 3763 5558 2003 5456 6626 3504 8762 4390 479 5131 3741 1204 998 7161
26 8520 4414 5214 7668 1465 4749 9265 9566 2125 6581 1681 5313 512 1827 8936 668 5084 2701 6310 9465 9942 9336 3046 9004 8519 3985
20 873 1734 3129 3554 6686 115 4696 8730 8345 7842 5353 242 6509 8526 9350 4732 9034 3087 8712 4795
26 8086 9128 1260 4245 767 6698 3099 6746 1960 7231 4219 8304 1789 634 8676 7302 9959 5066 8408 788 6311 7813 6576 7568 8552 557
26 1735 6558 6202 6173 1222 8176 3829 2907 355 4981 7701 6926 7735 2004 7584 4505 5355 2800 7518 6477 9692 6702 1234 3791 4185 9517
26 5769 1593 4482 4558 832 1746 4213 3895 9882 9376 1041 4809 5396 2709 4932 264 4513 7519 8619 6954 5037 2643 3787 8735 1705 4538
26 1778 2748 2626 9562 7034 5622 6283 8062 5708 7389 9983 9709 9748 6854 7969 9699 478 6632 5297 8716 4337 5252 7618 6968 5471 9796
26 8204 5034 3991 6903 7092 7730 6374 7770 1639 5268 866 3487 7285 1926 1769 2155 7695 673 1526 1172 9217 3898 5846 6943 3478 6479
22 476 2074 5829 830 4139 4034 2667 4353 3491 8330 1277 6617 5002 534 185 3523 7667 1174 925 6890 7509 8850
26 2986 6658 9804 2497 8368 97 969 4163 7483 2383 1876 5180 4993 8068 1298 1906 5412 5223 8611 1039 5935 6209 58 9387 6170 5253
26 1664 2426 4228 4016 5601 6639 7445 9388 6915 5527 9583 4591 3919 1666 305 7420 1151 89 1582 747 1184 1586 4310 6644 758 1019
23 7346 8892 6527 8110 5428 4119 6331 2565 7508 4343 8705 4949 5877 3484 3920 3452 9786 6144 6889 79 6302 7617 7035
26 4346 2717 4405 5156 8575 4503 993 4802 9298 3308 2308 2978 3212 8628 8812 7771 632 9059 4956 7845 2775 7888 9061 3264 2983 3097
26 4066 1421 8803 483 8955 704 9195 2246 8193 9000 9880 5475 859 186 1409 7942 9903 6284 5144 1928 5560 5044 6148 8043 906 5629
26 9483 4546 8157 2261 6601 4138 6416 3146 2248 6437 6600 17 4614 7099 6511 9989 7238 7908 143 7544 3486 7606 9427 2463 3185 4891
26 8840 7846 428 4493 8529 7642 374 1912 4564 6378 8590 2268 6143 8197 2522 6256 4603 8287 3934 6535 4466 4180 7524 4203 9938 9916
26 5598 5654 2657 7683 559 9418 967 2989 5380 3846 5417 5715 4912 1572 8829 6628 5706 7306 5085 2136 3957 8487 469 6294 4716 8054
26 7877 8435 3066 5593 5437 7762 3675 8686 2023 5664 9205 6773 456 6996 2389 4579 9587 1462 4193 4934 3744 2628 6979 6635 4432 8171
26 9252 4455 9320 9657 9199 8761 2702 8864 5323 1470 4009 3065 999 8314 6811 7012 3764 8349 5403 7452 4510 756 2411 4069 1306 5571
26 541 6155 1221 9557 3054 9684 5951 1338 8103 2078 8383 3123 2231 1857 4289 6030 588 2826 9125 4174 5283 6573 5563 5758 5458 1948
26 9523 2523 9543 1550 992 660 3418 7081 544 2513 3661 9767 7522 1262 2545 3000 3472 3806 7780 2372 258 4977 7057 8083 2449 1006
26 6424 3384 839 2470 8445 4371 949 8099 8534 5794 1123 9706 4217 7273 6561 6464 6400 931 9040 3248 755 3742 3983 7565 2134 7404
26 3291 9503 565 6575 3338 2979 4559 4532 9322 2141 8974 5184 1345 5728 2587 8162 2489 3815 2855 4707 7074 2064 6782 8541 9558 2659
26 5381 8449 7430 9743 6261 2556 7629 7569 5302 5768 1344 7153 1597 8873 1707 5203 829 5277 446 9149 5337 1015 926 3126 3408 4662
26 6529 2899 3426 5892 7535 2482 5899 2486 9231 7525 9843 7790 8997 3841 220 7767 4386 3467 8409 6217 7597 6941 4383 5413 818 3618
26 7711 1630 9874 3058 6034 2404 7503 2156 9167 7900 4248 6325 288 116 6777 334 628 3217 1742 932 6796 7946 1095 9196 5790 5606
26 9187 4706 248 3585 1245 3122 6243 5967 3314 1774 26 2205 964 8855 7661 3820 2183 5190 237 573 7437 6195 4759 9371 8057 6870
26 2278 8209 8462 3938 3270 5082 7697 6677 8598 6605 2501 678 276 2068 104 2832 7212 9399 9491 7963 8341 3797 9146 5474 1559 4243
26 1833 7471 7249 7172 6274 8652 3770 508 7296 2241 8958 6897 5625 5738 8016 8732 3771 651 5843 7473 1739 6348 5311 8641 7714 9766
26 368 5295 9012 2934 6009 2578 1523 7715 3845 6880 9072 1854 3774 7137 4573 9910 2127 7919 7756 2096 3488 2133 6007 3620 6650 8350
26 6952 4260 720 5662 7816 1311 106 7984 4293 3127 8291 4845 3330 1932 5401 5518 2111 1917 6040 5924 68 7136 9454 1488 7586 6494
26 3527 3208 5996 9524 5724 3205 175 9248 9823 7624 6625 4388 5512 9886 1469 7945 2496 7030 3695 7859 8501 1158 7673 3134 5390 5543
26 8406 6747 4686 2663 5124 7778 6657 3133 1417 4125 4002 3392 7265 4936 4560 9762 591 6497 5236 140 8479 5003 4308 6840 1823 9329
26 7141 5113 41 9634 4652 4930 8485 7301 6103 8134 4562 7130 7353 7328 7418 7995 4822 4306 1556 7523 182 9746 3641 1966 2410 6063
26 5402 315 5541 3840 5135 9466 2809 5451 5201 3776 518 3686 4632 7047 9801 2010 1811 5194 5151 2743 9426 9280 4976 8701 910 9430
26 1866 6851 284 8995 5690 5238 9652 4884 7474 2479 4279 6799 3979 5498 1358 9588 7652 7128 3131 642 3040 2946 5652 9214 5230 7795
26 8675 8303 199 7312 7246 7595 4328 6163 1736 3501 4055 887 5589 1163 6620 6736 1243 706 6732 5354 4444 3533 2193 2457 6113 3969
26 8342 7116 935 3615 2059 6896 4584 1787 4019 9240 9139 3251 6105 8283 7072 2555 5078 3187 3166 3868 7055 9223 1120 2794 9589 3032
26 3743 7451 2780 3537 6313 9546 1062 8339 6864 5532 714 9693 539 6025 250 339 6506 570 373 1063 4860 5130 4886 8226 8453 7049
26 1353 2838 9586 4250 6048 292 1412 9729 8533 5163 8688 6326 8025 1999 8060 6860 2980 6427 9404 5432 644 9703 2259 7391 8862 8069
26 1973 9636 2881 1580 6305 8938 425 509 7822 3561 1702 5911 261 4521 4517 8496 878 110 4412 1575 8092 5429 1195 4904 9577 1212
26 6456 6110 9078 4050 6537 3958 3981 174 6090 8031 7462 7718 8673 5093 4234 6385 9825 2674 765 3633 9861 4570 5964 2773 8674 3458
26 5332 3176 3830 7787 7253 7041 5803 138 4012 7149 7620 2768 433 4535 3628 3916 2199 9174 8985 2262 6343 6986 7183 9369 9918 6185
26 6160 271 8309 4602 66 2126 5782 1259 8661 7368 6116 5168 4417 905 7703 1596 6935 858 5588 9271 7540 9493 3390 5821 1001 8710
26 2429 6752 9487 782 2781 5050 843 7805 4866 6866 3772 9292 8473 2462 3873 5633 9253 1858 5178 3388 6349 7052 1599 4040 590 2163
26 9207 2357 9631 1785 9410 6172 9812 9077 8097 2737 7755 740 6612 184 1119 5530 4155 5574 2779 3803 9787 3995 1809 5446 6364 2273
26 4788 874 5554 5240 1106 9564 4971 1716 6157 2844 5523 8074 9250 9902 8828 2676 7200 5492 6835 1122 5096 4162 2843 8319 5318 8217
11 9954 5441 4065 4029 3818 2075 1947 8857 5556 5039 7482
10 1399 7284 7867 6000 1061 9858 3247 2035 880 4818
26 7911 8376 1518 2992 3493 2173 9817 6751 1264 5801 7791 5561 9148 870 1989 4501 8643 1238 5884 6071 597 1837 2583 6944 3218 4955
26 3457 9137 601 8419 7433 9972 1168 1393 7339 9541 6353 9547 4712 4874 9039 3659 1578 7254 1099 9443 4413 2391 4149 8265 737 7223
26 7229 7104 3729 1797 8111 6850 9975 3754 6808 4014 9403 183 6486 1535 9616 7598 3059 988 2849 8894 228 8943 690 7702 8947 4124
16 8071 6200 5711 1844 7147 3227 6082 5608 9074 255 1435 7100 8048 5068 2334 9312
22 8088 9044 2346 1792 6648 3290 294 4638 959 2607 7132 4442 3551 7917 7974 1615 9522 7264 6586 8269 2704 144
26 55 3849 502 9179 5241 8190 3429 7080 8148 6642 11 1075 4265 4621 9060 4674 2380 7992 2707 6417 3745 8321 1731 8091 2286 8957
26 5902 7704 3786 2856 5433 7425 2270 3621 8904 5582 6578 6459 7556 3982 1068 3361 5363 1616 62 6640 4458 1060 6627 1576 1318 4186
26 4098 7319 7097 164 1910 9242 7769 8801 6389 9462 3948 2861 2634 3503 7408 347 1036 5254 101 6065 2976 8834 927 56 4241 9476
26 9626 9544 933 208 645 4664 7216 5933 15 3221 3999 2431 5943 9395 2215 1457 7890 9907 1540 3100 2446 7202 6955 7834 5682 3617
26 5304 2928 2758 5352 4123 7344 8038 8288 9838 6974 6298 1471 8049 7177 3483 9327 124 8633 5321 891 8515 6700 5202 679 9860 4103
26 1880 457 9289 6647 3721 7558 1779 5219 9584 1907 3 6855 155 875 9725 5215 3485 2699 664 7559 5322 9596 4286 6087 2243 626
26 4495 4255 128 2333 7208 3784 6593 8229 5462 6235 6830 1501 8200 4982 5796 3412 8966 564 8982 7257 2460 1467 108 5434 6127 2117
26 7640 3029 4109 1729 6638 6013 5014 3278 1861 6953 4992 5032 7260 9348 701 344 6531 5229 6551 6992 1149 763 7008 2456 7375 1558
26 6649 6924 4299 3666 3879 3482 8542 4449 387 2319 3449 2443 6945 8845 3777 2708 5759 7470 3558 848 3254 5242 2671 5376 2408 8131
26 5091 6669 6255 6141 4318 6213 2453 7764 3031 7647 4851 7743 4100 3568 9425 9883 3587 5918 4672 2472 9648 301 3762 6917 9753 9536
26 8587 7677 498 9314 9419 3952 9539 4105 9611 6064 4033 4368 9470 450 1821 3336 8365 5936 6957 407 2353 6323 3718 9818 5666 1410
26 5406 5990 718 8637 9273 7555 4195 5959 4784 3992 4825 6995 5080 2911 8252 2871 4182 132 4380 4542 9521 6035 2100 5647 1805 5586
23 2212 5371 3022 2982 4744 636 1695 8026 5373 8741 1383 1468 5326 441 5754 6687 868 1216 1374 1185 9243 5399 4841
