8 8773 3149 233 3906 8111 4415 40 8730
22 7013 1879 2641 2338 6454 9182 1922 4775 5824 9624 1140 1905 5561 6249 1611 1011 9119 8196 1542 3558 9417 8802
20 6252 4011 6669 8816 5566 2528 2625 3258 1391 6684 8186 5104 6542 3613 6124 8201 750 3931 840 2862
26 8890 3008 5487 1276 5477 9610 5082 8339 2796 4019 5143 9593 4351 694 2398 3873 8241 5987 3769 8315 4864 9243 9432 9793 234 3408
7 3696 8088 2422 4673 9871 2799 7433
26 1178 3692 2649 9830 8766 6584 7811 4497 9513 7305 8933 2244 9142 3813 305 4036 4385 5863 5231 7225 7705 2188 7476 1751 4451 2243
26 719 2507 3170 9805 7710 2866 249 7691 6301 912 8764 5122 3141 4382 997 6490 1124 3705 362 9973 2629 4545 401 1195 2880 5790
20 8670 8179 4717 8410 2916 7034 2652 9824 2909 6306 4212 9384 3115 7708 1990 3387 3132 2038 1157 9794
26 6403 6662 7319 8464 4481 2140 7730 4802 1193 523 1591 1914 527 201 3352 2256 205 6010 1821 4766 6640 8454 9703 6979 8647 3289
21 9121 1399 8574 47 152 2033 9375 454 3247 9489 4357 4543 5259 7385 5257 5850 995 1744 5438 6828 144
26 7468 3667 7677 7574 9657 3370 2434 2072 9908 3959 8988 7094 1047 1682 2068 4336 6637 3171 7670 4298 1987 1549 3898 5731 1909 2019
22 7716 2324 965 8968 7113 6089 8228 7727 6775 9659 7262 6423 9661 5098 6175 4650 2752 1238 7242 44 9439 131
26 1135 5858 8713 4973 3605 9158 9165 4356 4924 4677 6462 8650 1078 5000 9946 7432 9750 5022 5916 8558 1172 6991 3727 4813 3378 3279
26 8227 113 4507 7637 7312 7135 6188 7516 2104 8746 6713 9155 7620 3980 6948 9102 5618 4603 6328 4431 5141 1086 1952 9168 9637 9937
20 3647 8420 3368 9071 5888 3694 1555 2192 9027 9849 5026 793 7265 5687 528 2487 6230 8839 2251 7813
26 4679 4586 9985 1067 3232 8785 7856 3165 6163 9844 1396 5786 4440 8129 3455 53 2832 8172 6761 9760 7359 8581 4811 7228 6569 2090
26 3654 9046 2143 5996 4285 1215 7693 2108 509 4784 7823 2614 7507 1629 9886 1941 2763 9786 4480 2705 3048 6421 4180 1408 8897 406
26 2384 2589 5920 3022 5719 6034 9475 8214 1710 9001 126 4881 9571 8115 9447 1165 1017 1432 2699 8880 4466 5644 4769 371 4778 7375
22 7227 696 2293 1267 9944 2343 704 6367 180 7368 3963 5785 8281 3844 8971 973 4501 4192 3427 7 6890 7509
26 1105 8342 6735 128 6710 7208 6026 1862 5033 3425 2596 1534 293 9821 7099 1554 6860 7233 2616 8977 4763 8238 1427 5896 4267 7058
25 2418 3049 5710 3398 2967 494 2702 374 8869 6699 9479 4073 3748 5985 5068 6906 331 8905 721 4672 8251 6616 7611 845 6492
21 7109 476 2642 8328 6009 6078 379 9812 5481 1179 4810 8755 5389 4925 9663 9616 5084 1919 8762 7348 1662
6 6031 1817 6744 984 7683 8824
23 4829 4984 8021 448 6316 6652 1676 9238 3210 384 3508 5730 6855 4604 5463 8528 5286 5936 9398 7836 5432 4129 2210
26 549 3025 1852 4349 3169 4786 560 1947 4159 4420 9333 6888 9739 2678 3674 1477 9621 1545 8934 781 3033 4967 5753 6051 3347 5179
26 9913 6424 2147 7226 4115 2464 4485 6962 4871 8160 8935 7645 4809 7914 4276 7723 9762 8852 3900 3094 6194 8836 2594 4408 7311 8594
26 563 4475 8274 1755 2178 8876 8555 9151 1480 1117 5039 4562 1031 4429 7280 487 7345 6303 3953 4627 1404 705 111 8279 2152 2544
26 2176 6900 1090 9543 9634 4806 883 516 193 1176 7006 6728 5308 8270 6556 7923 5828 7738 2069 1390 2798 9339 4231 3923 4 1139
23 2735 203 1218 6475 8831 8546 4971 8662 1027 9157 4533 4106 1337 4122 8845 3920 1890 1400 9615 7038 3302 8423 7281
26 8878 1874 8447 2881 6425 6927 4593 6121 2842 5879 8450 1255 9530 6543 4900 4373 8975 3019 6936 9063 9875 7437 792 5758 2185 8980
26 8758 6767 2523 6340 6101 7122 7014 6248 5610 6683 2498 1342 5589 1533 9212 3419 6506 3587 5795 4151 7484 2145 2592 9792 4393 9638
26 1209 7270 3334 7406 5212 3940 2362 3839 4163 2648 2082 6290 5216 9664 2632 841 4166 1936 8759 3297 8418 8479 7052 913 8808 3064
26 1776 1528 2838 6711 8521 8079 3958 993 3621 9950 1012 7566 1058 3473 3935 4102 2239 2149 4581 1556 1334 1586 4570 4445 9095 1003
26 9313 48 6786 9012 5663 3721 2044 9089 599 3845 9880 5704 9428 2451 9080 6758 2303 2988 3768 237 642 6153 1698 1052 9396 3535
25 3629 9256 4935 9579 9795 9199 5593 6904 3874 5968 953 600 9943 8048 171 6754 735 9399 9253 9115 5974 2746 1868 4049 6073
26 4435 2009 4414 7086 1386 4372 952 6374 2174 4062 1967 3645 2978 9966 217 4452 96 7616 5319 8658 4943 1059 5404 432 4241 6152
26 3321 5971 1564 9549 9951 2984 1886 2667 6319 1709 614 5032 7570 4890 5357 5186 8181 829 7858 3177 2369 3922 5148 1473 807 3313
26 7948 219 5049 1326 6498 8909 4089 5782 2264 1584 6808 242 6565 5827 4004 9807 4655 4972 3911 4668 4375 1366 3180 667 7215 170
23 5991 1024 1855 7337 9949 1331 4400 5951 7805 4701 8307 7672 5950 2148 1901 7160 5456 7851 9932 8744 8267 9005 4795
17 2015 9920 6155 9186 6762 7581 8345 7697 2054 3031 8097 5364 361 8166 2334 5175 6766
26 3580 610 8902 951 4914 1281 7456 4792 2885 9433 7266 5172 356 7047 5870 7725 4187 7480 9261 2146 3703 9426 4901 5311 3791 8331
17 6321 9649 7768 7284 5156 2927 8101 1790 7659 5323 1921 800 8141 6176 3142 5898 7376
26 3578 1794 6410 1640 2409 7912 9710 9288 7562 1603 8511 2443 6366 3736 6620 8390 9039 5109 5119 7826 5316 5138 6950 2502 316 3120
26 5018 7936 1251 6473 8188 8742 853 8800 3754 4394 2078 112 7326 6798 5419 9725 7168 2816 3096 9310 5013 308 6986 3671 8429 3586
26 474 8271 8715 4107 1913 66 3482 1620 5567 9441 2141 4688 6960 905 4152 5984 6704 8318 858 3357 6311 9997 8321 7489 9650 9131
26 8965 1332 328 1221 4666 1433 4195 9652 5967 1688 4060 9583 2461 6014 6130 2381 2471 3365 1971 5151 9590 4434 60 5737 7166 7131
26 303 837 6924 7236 8772 7448 9458 978 9231 3174 2051 3907 8242 1666 8969 5607 7961 1361 1917 9986 8053 7983 8929 1148 1230 6257
26 4839 2581 4154 3680 9819 9209 1415 2270 9264 2086 7949 4248 9205 9630 5330 7675 9122 7658 3071 7828 51 7427 8602 9909 7235 2225
26 3607 1815 3865 1102 172 6346 8860 8018 9192 5247 4453 8470 2762 4903 6376 8478 2871 7470 9893 4275 3175 2877 9340 5735 8424 7527
26 187 6649 7373 4109 5620 9457 7513 1475 2156 3862 7594 3714 8475 7582 7072 703 7031 4954 6632 3192 3143 4054 301 4295 8265 7824
26 9752 6607 3510 5699 9681 9832 1441 4329 4722 8109 9006 8212 6982 4710 813 2965 6219 3823 7868 2392 2529 2807 5269 2794 56 2897
26 3090 9670 7451 9353 3542 6601 1613 1455 6041 5630 7525 2715 8140 996 4325 8060 6145 5363 4110 1099 9443 7740 9013 4242 3755 590
26 1757 7911 1984 3068 146 772 7245 3278 586 9968 4777 4557 1519 1714 1672 972 5327 8771 9315 3996 1607 9336 3441 5047 5361 3737
8 4309 4887 9556 9625 3921 8353 2541 7632
26 4078 6269 3779 6058 2235 4990 3513 1943 3843 8494 9110 6540 8344 7798 1604 884 9591 478 8011 2533 9373 4780 9010 8249 5434 8654
26 2465 6794 9011 4502 6480 7162 5853 4331 5211 215 3377 924 3123 7321 534 185 9587 7258 9491 269 5691 246 2806 9024 9646 7881
26 6466 9504 6164 601 5678 6814 3290 175 1981 2882 7788 5640 4936 8810 7703 1131 7736 7378 9059 4721 1280 944 3702 8636 6080 1226
26 7657 6189 2784 6563 4245 5228 3098 3429 7080 2557 6452 4263 6442 547 8387 5430 5103 5826 5938 3944 1490 9391 5551 900 7138 3528
26 8292 2531 8426 839 164 7246 9466 6832 9028 2921 3454 9778 5233 3747 9175 9318 2889 5648 2872 8794 6731 8411 1536 1544 7303 2203
26 5970 3410 9349 2216 6356 408 2110 6283 8062 4821 4358 6730 863 6006 8632 5739 8050 3118 1397 3187 1877 1899 3872 535 7565 1020
26 7575 5218 6756 7446 5892 7253 660 3227 3271 9724 9208 2438 8917 6205 7217 2582 3006 2662 14 5085 4580 2435 4189 8613 5293 4296
26 9976 1447 6110 9078 9190 348 5557 8288 1431 8150 836 7062 1624 2087 5220 6528 4771 621 1089 5843 5290 8924 317 7183 9317 9753
26 4525 9187 4959 4225 4050 4555 2675 8987 7145 8064 575 4290 7402 450 9456 3074 6091 7919 3288 101 7054 8515 7395 8488 7899 1439
26 2949 2166 8435 1970 3083 7535 3785 9082 4353 2154 3267 6138 5715 4912 9233 3704 687 8732 1766 2891 5609 2301 5242 4905 7001 8898
22 7862 9820 3329 2758 6517 4023 2810 5564 4236 7339 9085 4950 7978 9967 4316 6667 5842 4239 1360 4271 1507 2521
26 3869 2828 4223 9512 2651 4544 4607 3228 777 8928 9998 8177 7707 7551 9194 654 3431 7979 9161 2987 5264 49 1482 1287 5443 3825
26 3055 3381 9109 720 39 6597 6639 8617 7749 1532 5005 7403 5565 1926 2567 3777 8522 7443 5315 2870 5489 6285 9210 7880 2983 994
26 2135 3005 9267 9485 4137 2776 4713 4147 7474 7920 776 4093 2129 1690 6636 4571 2371 2331 3183 6354 4253 8144 7617 5077 2821 4120
26 6670 3239 3024 135 9492 4639 6222 9440 8075 4282 2151 153 9917 9780 6530 1717 7721 3563 2569 9603 4707 5130 7717 2423 3172 1254
13 3358 4877 854 1986 1000 7239 3315 2095 9049 3277 4473 1822 2851
26 2920 7005 7546 2537 849 7232 6422 189 3203 9667 5154 6184 7521 261 1068 8427 2672 1858 1162 9468 8456 1837 648 1120 2073 4725
26 5868 1414 8774 9575 3537 2831 169 9975 1912 3075 9362 8428 4442 914 1622 5611 5181 2709 4306 5015 911 5867 2307 1095 7818 1304
26 88 1900 1363 7876 2442 7191 4355 8956 5451 3592 7142 399 1964 441 2700 114 6532 160 1126 4131 4402 5431 4257 9714 3652 4277
26 7965 9698 5377 9874 4940 5799 2578 1631 294 612 894 3828 1050 7260 2793 4739 6215 8032 8393 7518 38 5348 1728 6112 6559 7758
26 8578 6139 9768 8940 5650 5071 6460 659 7907 2065 8974 1842 4168 2354 7800 8567 3355 3684 6817 5056 526 2878 1663 6212 6433 59
26 3442 6654 5818 95 5012 6537 3829 8952 3211 6203 83 774 6833 4970 9091 9699 4740 6768 7895 416 4814 4463 5515 6151 2329 398
26 2883 6044 5393 4980 9450 1745 7971 979 7061 1590 4667 7599 9083 470 5655 9327 8930 5053 4527 1694 1367 5555 8858 5977 8211 6789
26 7429 9020 4796 2825 3036 3759 8542 8801 5780 592 8963 5999 5577 2189 2785 9518 3001 7892 7426 270 5410 9007 2133 3349 4203 5592
26 8175 9291 935 9042 9130 3393 6896 1968 3735 3691 9894 3 3235 495 3519 5530 1449 7027 564 7308 1303 3814 3275 6465 5891 2055
26 7956 8698 4233 69 6739 3993 300 6593 7493 6223 4825 3065 6846 8993 7786 7958 4612 4960 3937 6084 4670 2827 8888 7410 5436 6210
26 2519 5881 1376 1949 4595 992 3904 4302 402 5372 9826 1525 8958 5733 8525 1650 2733 6427 9404 2849 3720 8893 4383 8260 7424 4350
26 9084 7849 842 7580 832 1325 3901 8486 7678 3501 5527 7065 2344 8170 1885 3805 6299 6887 1793 7089 1940 5337 831 579 5874 7700
26 7070 6656 9685 7884 6966 1553 4880 514 7627 1924 9723 581 5520 22 1572 3446 2688 7511 6049 3941 6508 7307 5248 4127 9993 4145
26 8184 4056 5954 8285 4297 422 6251 9070 880 2359 8741 6824 6226 7734 6025 500 1632 2572 87 2194 3488 7283 7600 3113 1826 759
8 6002 8306 5441 1 7567 4819 230 773
26 568 7455 3424 7934 7690 2787 617 8798 6596 9611 6165 3595 279 7853 3756 870 1816 7295 9415 2168 1127 7481 4823 1731 5232 7731
6 9847 5091 5903 8110 9381 7909
26 6381 1512 493 7465 5539 7386 8412 7316 7794 1539 515 1029 1566 9930 806 6504 3639 520 1742 2182 5812 9434 8130 6978 2280 2049
26 3253 3311 4910 9045 7628 572 7411 9809 5105 2444 3574 134 6970 8250 5956 6478 6126 63 2727 1070 6895 9154 2767 8482 3591 4091
26 5335 6780 945 8173 3338 6062 6784 6081 6156 9837 6519 1783 2960 3919 6608 2365 6791 5680 165 5773 1144 7664 8156 443 7356 7115
26 1515 7020 6457 5205 9065 5287 7477 1098 624 6253 4856 7865 5689 5728 4850 1183 1775 8052 2860 4146 2266 9922 3274 8861 7467 1722
26 1315 9402 5060 2973 3842 8421 2171 6476 3981 1368 5523 3699 5482 3201 6802 814 6499 9924 5199 9301 6017 9069 8195 5937 2138 9635
26 8640 3990 1054 9104 3818 5135 2680 7924 538 2229 7587 5262 366 3686 8779 2545 8907 9802 9745 9660 8825 8982 8834 1699 9214 8113
26 1992 1384 9744 3490 7494 3970 97 9228 7773 6953 1513 5958 1670 6382 3283 963 5196 7578 5574 5354 1285 4700 3343 4399 6635 9532
12 1273 7110 7631 9179 4941 9639 9900 2565 7532 2370 3854 7760
26 5440 1323 8803 3199 2992 5751 6196 5160 2907 8326 943 9994 3101 4217 5093 6054 2416 1370 3548 861 9294 4702 341 5817 4133 1261
26 8310 5721 166 8133 3663 7558 524 2809 7724 3085 9542 9706 4805 77 5805 6666 9839 8757 2637 2302 8364 4337 7214 8078 8372 8517
26 2695 7140 3067 6903 9135 9364 5576 7629 3946 7381 6987 740 6816 4369 8294 4176 1505 7910 2475 1928 6401 6349 8589 7496 9369 7986
26 1305 1228 4200 1908 5511 7840 967 5526 7726 3924 5513 1416 8833 6975 2996 4949 7966 1155 7589 4215 6592 4161 7863 5485 5388 2691
26 311 6843 3160 1339 6886 8094 2314 7466 3163 5559 1818 151 9643 3330 8336 525 3412 9535 4425 8255 8723 5972 6534 5637 3712 295
26 6412 7293 3196 492 6638 6512 9232 462 9623 7389 5385 742 6353 4868 4032 6362 8045 179 6028 3301 5328 9484 3111 1087 9876 9545
26 4008 8783 3947 57 2261 475 775 8182 8229 412 9368 9460 6939 1345 7549 4289 4334 2459 3834 5488 5276 7676 7524 82 7702 5174
26 3156 8489 5698 6029 6023 1762 2665 3469 9303 8446 5133 5004 3682 1743 253 6320 8162 6691 6500 6300 1582 9622 3627 2914 4531 8185
26 84 6418 5746 565 2577 2585 5374 2360 7488 2052 7149 9247 239 512 1827 9989 9853 9344 6671 3306 1242 452 3106 1234 7123 4013
26 2356 3697 5371 3119 8155 9429 2661 7515 4072 9324 8366 9358 7461 1357 9683 4505 6759 3497 2488 3166 7213 2450 8046 6993 1758 4790
26 1560 9733 5744 4761 4029 3057 990 542 1198 3372 3222 9163 1266 8512 8438 4514 5633 521 3889 8912 1935 7079 8508 3641 8363 7825
26 9459 477 3459 9926 6305 2696 9731 2893 5094 8533 2272 3625 6578 855 7661 3628 5706 6554 9529 7199 555 7297 3995 5204 8735 5939
19 7957 5982 481 4528 4065 2406 5914 3305 9911 4768 2631 304 4075 7753 2499 4732 632 6400 2853
17 677 3539 1524 1233 6749 6119 2011 2445 3635 52 6064 4038 6325 4144 6511 8676 3367
26 423 3651 2975 9297 1873 5601 4966 4767 1393 4628 4772 8516 8616 6629 5722 1945 2336 6651 9174 4983 4928 5617 3415 3887 1115 7133
10 2736 1651 4070 5347 4854 9647 4326 1583 4824 9515
26 4377 567 4194 5535 3666 3879 2320 9868 3534 1692 2874 5464 1316 2913 4789 2047 4155 9367 7241 1849 6287 5836 3310 5942 8232 3994
26 5324 7435 6765 6942 9654 3468 4749 5031 2645 8624 6605 5872 4359 2017 5136 3927 8668 2403 5197 860 8894 3260 3950 1809 6191 2130
26 7399 2313 3572 1518 6012 5660 9481 4552 6930 536 4964 887 4770 8672 7177 27 9055 2974 3668 9787 3248 5544 8487 9169 6 4622
26 1138 4873 6190 4405 9018 1647 9564 9963 4800 463 7900 5092 6743 8992 6552 9060 1413 3809 6520 5965 8964 4610 3041 4324 8396 231
26 5299 8630 4635 332 6729 5366 7778 4278 3450 2479 5268 7132 1314 8931 4097 9111 471 5612 3852 7523 5784 1848 8797 707 7436 6113
25 7928 9925 5295 6825 241 9576 2160 6463 3465 4892 5411 8284 7819 815 5573 6675 2027 868 3670 7744 2070 9203 9956 8910 1823
26 2571 2296 2511 7277 881 127 7315 8970 4209 6103 3672 3182 4136 8264 9258 7706 7752 7447 2707 411 2970 2830 2843 7154 1923 1718
26 9550 394 3910 290 4376 7682 691 2407 9482 9370 4365 4851 1065 1125 6469 6738 3452 2226 5961 6797 4313 1801 6177 7996 7042 5571
26 5497 6502 5466 5307 9100 1232 7769 7837 7592 5188 3463 9884 4906 731 5326 9425 7623 7306 7780 7878 981 4633 1202 1961 9834 5665
26 9449 6884 6547 8784 7787 584 9505 1282 8659 2023 2501 1394 274 4423 1485 760 3888 496 9173 404 2165 6845 6702 5147 6664 9176
26 9707 5491 6304 989 5291 5238 4965 3859 8883 5486 6602 9867 6609 7999 3841 9181 5595 9323 6369 3324 8124 8205 3715 2998 8430 1653
26 7913 864 6208 3050 3058 8761 7171 4895 9612 8193 2633 8601 684 6863 7056 7107 6259 2801 8461 9525 2775 1847 9189 7814 6840 3643
26 9003 3333 9845 3875 3502 3732 9234 2045 3623 2246 9919 5862 5052 9224 9958 5007 8896 5165 764 33 4551 5560 8606 5536 4799 5020
26 4058 7188 6200 409 2999 1349 8493 6716 8631 2910 4002 6375 4736 3630 8922 3577 7400 1405 4680 8256 7756 5845 5839 4904 86 4538
26 6783 8213 9412 7380 2551 7901 2173 8058 275 991 9240 4092 7781 9594 2834 8221 7656 743 6837 9107 5321 2550 5399 4140 1290 8941
26 2720 1778 8203 2031 5679 8973 1942 6793 9073 4550 4981 5042 5097 8361 7699 9588 1851 6787 143 1244 8577 4516 5978 9765 9569 7173
26 1066 554 6245 4733 6538 1346 4249 799 458 9015 1681 434 6171 8873 7848 8442 9605 5229 468 191 240 3742 259 4641 8541 1082
26 7475 6135 9401 802 2997 8236 3477 8324 4907 2366 2439 714 2268 7939 1965 6628 7608 4719 9528 6487 4261 4596 763 5659 6405 6467
18 9393 4048 2118 419 4652 5457 7025 8500 1504 3356 1781 9278 5320 2197 8495 2676 6001 5578
26 2432 8073 9806 697 376 2240 9948 6548 862 4012 670 4198 6874 1291 9945 5215 9188 4342 5755 3179 9414 9223 4611 4305 1204 2509
26 6745 726 2520 8346 6000 3117 674 5632 5684 4832 2468 6102 9470 999 2685 4252 8230 287 4931 9088 5246 1231 7163 1497 70 6507
26 6822 9166 6125 8351 6856 5375 5713 2260 7764 1598 2504 3470 1767 6204 974 4801 5270 3908 1704 9032 2815 562 8278 5395 805 3043
18 6277 499 2112 9712 3729 643 826 3909 2630 6581 2237 7153 2756 1727 7330 6256 1333 5254
18 3549 364 933 9763 5779 6580 8951 4045 8334 6231 3308 4443 7397 9237 727 1780 558 9359
22 7325 5562 3396 5777 2939 9604 8851 6082 4638 5329 3597 9862 1882 103 5274 4631 2820 2579 3153 4178 8499 3698
26 1543 1170 513 8309 3616 3784 847 8164 5176 3285 3967 1814 2400 6522 985 9693 8776 9565 7003 3240 7144 8666 5521 9797 4909 6453
26 7463 4536 9869 284 4301 3685 7633 7873 4734 4128 5073 639 6560 1072 8121 3730 6510 3401 9365 3695 4922 7423 5131 8 9560 472
26 3202 7210 1869 4482 3082 7816 8667 6157 7164 3997 1854 7635 3650 1769 6847 7486 4765 5585 192 2638 1185 2879 5688 4759 3975 5390
26 4758 5227 8548 9804 2473 4986 5861 1595 6571 7898 4085 4692 7237 3495 6131 6314 505 5807 73 9197 9184 3676 9290 491 635 9829
26 1335 3546 8832 956 2686 8116 4858 7169 1101 3851 4669 2768 5184 8729 8471 5980 7890 878 3209 8781 5121 7202 3681 6045 2540 9915
26 4601 1407 4112 6718 4957 3205 5579 7843 21 3292 6085 3968 256 9170 9350 5336 4370 5905 7033 1608 5791 2697 6782 1983 7011 4160
26 4742 1406 3603 4705 3225 2291 7643 9265 2898 4654 2153 4279 9988 1371 676 8496 5152 1957 1808 5272 4288 7413 8398 8320 7537 3514
26 4094 1609 5425 8915 1061 7808 6868 1861 5040 2835 2535 6326 9292 9665 6777 3707 2282 3164 3125 413 7452 1802 9656 6384 3518 3286
26 2247 7810 5017 6173 8719 9410 2486 6751 4111 67 4988 4591 7552 5106 333 7921 5288 7517 6964 5266 8942 2098 9608 685 8607 4553
26 4071 5615 5541 9640 761 9546 403 1297 2184 1819 2599 1296 2340 9548 6225 7930 1764 9991 6878 3226 6074 2976 5011 6334 5714 7533
26 5192 2603 9306 1830 9477 4605 6238 8257 2121 5462 1034 2116 3072 4878 7313 2655 4678 5190 9279 7084 5673 899 7603 2554 9215 6288
26 6263 9935 2957 5816 9557 2741 2802 2453 5709 7422 2601 7351 6891 7273 7098 6938 6869 1578 785 919 345 7681 9971 6917 6943 7783
22 5480 3760 6192 6360 2041 4503 7282 5635 7754 6391 6363 6801 9269 8476 8946 619 9883 5873 784 4095 479 4315
26 6377 7687 9627 8382 6742 8530 5064 2875 544 9300 5692 8268 2437 28 6803 5796 4417 486 6166 9885 1028 6941 314 6088 9241 325
26 6724 3758 4863 313 665 9645 3770 9896 4498 8691 4219 6974 7285 8246 1567 1853 1789 4386 8859 2574 9601 5037 436 7719 4479 1207
26 4379 7444 7000 7102 596 9171 8809 6910 4317 8126 5305 7352 2478 2204 7328 3521 4082 3440 7358 7181 4005 8275 3762 9454 1972 2271
26 1097 3918 5112 3915 5069 2771 2817 8953 2021 6806 1771 7615 9153 9686 2552 7976 8966 6668 3109 1571 5641 4998 6676 5362 998 4803
26 6039 4208 4196 9705 7668 2352 4872 6344 8571 7221 1420 7007 9863 1450 4876 8944 7671 4427 4116 5447 6723 597 7073 4069 3264 8690
26 1040 9405 6168 975 2333 6946 3124 4244 8033 4426 3213 8400 2213 9506 875 6588 5427 1268 915 2723 6914 4230 1636 2847 8138 4987
26 8708 873 2963 9613 9180 7425 8737 9133 4564 1592 5583 4280 453 5309 6714 4681 9235 6976 4738 2310 4283 8092 1938 6147 3335 8178
26 8518 5387 9377 2663 4615 6805 7118 987 6757 9056 2923 7879 386 1116 7619 7541 8720 229 5509 1426 6335 5252 3422 6955 6258 3749
26 3030 3294 1121 9105 2207 6244 6907 9912 2477 6641 9302 6415 4715 1444 6117 634 4361 6972 8751 885 1128 4728 349 7350 1892 2755
26 713 7186 3891 3426 6526 3524 8780 3418 7903 2037 6513 9114 7510 8842 2274 2757 3638 1737 6918 6092 9861 1356 4134 6060 8332 5029
26 2316 8932 7428 9696 8093 4585 1250 7048 3173 9934 4266 9498 3078 2254 8314 1457 4945 4917 7596 4462 5800 8501 6390 9383 3500 1547
26 8731 2212 730 9631 6133 4256 1509 1716 1248 1392 78 9879 4464 7815 8231 6385 4254 1018 2795 3835 3348 5435 7606 1015 7112 2627
26 2917 8557 206 435 5351 1587 6407 5835 2397 3673 2402 9697 8009 4454 4360 5255 9969 7545 8287 7332 9338 4413 5460 7409 1472 5666
26 672 3276 7248 9254 2245 7263 3451 930 3570 8460 3137 9152 1132 9335 1932 4051 336 9695 838 5940 7051 5813 2698 1562 5988 4156
26 5445 8149 2711 6265 7809 5382 8585 8895 3905 6883 11 5919 8565 5747 6763 1925 2476 8734 8619 7204 8139 9200 1514 9977 3611 7937
26 606 7346 1159 1977 3565 4344 8028 9424 2374 594 1840 7743 2325 8569 2943 5271 3318 5206 367 6867 6701 5322 7069 3229 2408 9334
26 7861 4387 7430 4830 4291 8652 425 286 3811 6406 9941 7626 733 7353 4804 3960 6143 9413 3600 5788 6673 6606 5368 9198 7393 8163
5 2718 5875 4686 9044 3560
26 6913 190 9691 3263 7342 2919 1891 2760 6999 2958 9734 2729 4997 5986 663 7839 4817 5490 7421 4757 9606 16 197 383 1958 1210
26 1192 1113 8588 35 4744 2128 5045 6333 2234 202 7807 4590 3300 363 9295 2088 7367 2792 4640 1927 8949 2993 5894 1865 7335 3588
26 5693 1227 200 780 9897 6686 7926 9516 7483 4711 2808 6047 2390 7531 385 3397 574 9855 6330 3243 6448 6011 6627 8879 8106 5108
26 6815 3409 9974 2382 8042 6272 9478 2977 1960 5478 2933 4852 6799 9183 1298 8704 1811 7607 1520 4181 7487 1594 6598 6715 4695 8947
26 4090 5743 8040 3554 7209 9833 2969 9284 8312 6921 1810 4898 909 2214 2619 6154 8233 3713 7067 5752 2624 4977 2593 3134 1898 5398
26 4494 3579 7224 6413 3414 2412 3986 7614 6677 4499 7502 2142 6339 2308 3091 8889 2295 9455 2647 879 9814 3644 3529 9669 2200 9172
26 9514 7028 3092 4228 7662 1465 9177 6681 9230 8547 4899 7288 9732 7556 8526 6315 5111 8065 1196 2136 5669 5283 5599 4157 1576 9573
26 6901 3540 1674 5182 8504 353 4617 7715 130 1348 7440 8261 1310 125 2102 7371 2127 5346 1484 9016 36 1398 3533 1141 1312 9227
26 9679 5237 9087 7874 4101 1239 867 7103 9379 7712 1741 1217 4190 8669 6572 3376 89 3023 2855 5774 0 8451 1419 8385 3858 1247
26 1867 7329 8277 5025 1175 5193 5844 2505 4776 7857 9444 9816 8593 8811 9431 3361 7201 2918 9451 932 6501 5003 4339 8959 6595 5538
26 9409 5027 4184 2754 7382 1721 4756 6218 7045 9038 928 7090 473 3016 4573 4191 347 1036 4380 8756 9873 9808 1467 7026 5865 7713
26 734 7355 2495 7172 9527 4171 7068 6243 4561 255 5083 8960 5904 6776 6590 1451 8846 3382 5765 8409 7947 6250 7039 1488 3665 4338
26 6663 4027 457 3816 8615 8030 9822 3421 8148 5878 3027 1307 3045 1786 7797 7032 2030 1401 4999 9502 7540 251 5883 8371 3522 8480
26 7804 8290 2782 3840 6985 5952 444 7569 8562 3757 2526 5473 5243 9933 3152 6267 7728 5823 9096 3581 2005 6573 7412 7673 8327 3724
26 7401 3138 4836 3475 4035 8403 8378 5702 3896 2931 6235 6830 6187 9389 5506 2873 1996 5114 5624 2759 8333 1173 2458 3014 778 8556
23 5649 1773 6003 7613 4862 7041 120 8727 3536 8871 1073 6146 3359 4210 9312 226 2617 4671 2363 5726 9931 2252 4841
26 6689 2538 1381 3325 4017 8998 4441 8560 1096 7231 6495 6181 3011 2285 4982 1894 6988 7050 5030 9051 4542 2946 9494 6959 8490 4292
26 9864 8024 5711 3972 1667 5690 5622 4327 8638 1946 501 5472 8199 7832 4621 1224 334 7550 5081 373 5928 9260 9129 7146 7733 8870
26 4687 902 2401 7602 100 1263 74 9687 4114 9026 3154 5981 116 8077 940 5997 7247 8202 3272 2744 4010 2361 31 9220 7002 2322
26 2061 1860 9316 1252 9341 4007 3609 5770 8864 5256 6708 8107 183 5512 2462 2003 1712 7139 1616 9332 2725 2474 6148 637 3107 4929
26 9563 3257 3193 1319 5169 4930 8373 6094 8316 6437 2309 7529 6858 3979 3982 7995 9672 2255 6577 6826 8639 702 1658 1456 5798 5063
26 957 8302 7927 4064 330 2732 8610 8945 15 3776 8383 5537 357 9193 6149 4362 3515 9201 4609 8269 8983 9296 3637 4554 7017 9770
26 5934 7889 3821 1863 2059 7636 91 8827 8901 2383 8826 2994 5925 414 7354 8886 3943 7767 2379 5177 2503 4392 5065 9764 6819 9329
26 3708 1838 8573 4299 9620 671 310 3648 4293 6345 93 4487 3808 1145 8651 2215 604 8000 1274 2262 8180 9676 3128 2376 7714 3631
26 6228 7230 1995 1777 3778 5008 8996 352 2042 1756 5742 4335 5502 8829 1033 1671 835 393 625 2083 5927 4354 3687 4476 3860 5723
26 622 9463 1489 7572 2937 5847 8510 8984 9074 947 8814 9378 5600 2894 9755 2728 9756 4148 1022 1107 2564 7268 9123 9781 6350 3929
26 9619 1880 1588 3717 823 7256 2790 5001 2467 30 5314 1130 7588 7802 1750 2858 344 7408 7850 5185 9648 9668 8707 3520 4522 263
26 4214 1492 3989 3632 6293 1160 8485 4113 5134 4689 4378 8067 6861 7875 812 6033 1678 6144 5144 7126 8066 5822 1633 6118 8884 5501
26 6831 2424 3601 3462 2250 2404 2330 8243 163 6120 3328 1328 7944 9774 4165 7377 389 9501 9125 3268 3604 6358 5667 4731 2172 3664
26 9675 3291 9030 2305 9064 3190 8804 949 8664 8918 8911 3178 6679 2186 4234 4395 2162 6227 6852 7127 9777 650 8943 9371 1705 2441
26 700 4467 661 2470 9738 105 3099 9167 9859 2694 3846 9043 17 641 6854 7969 359 6611 9285 2726 4174 3868 7184 6603 3719 5225
26 1563 658 4624 168 5783 7785 6893 7984 7167 6898 9462 2364 2284 6790 213 5741 6037 8537 9236 1691 8655 2080 5581 2606 3284 638
26 3817 7398 6068 8835 5240 3636 2394 934 1429 365 9758 9225 5292 2956 1187 2012 6079 5078 2022 9094 7159 410 937 3046 5265 6271
26 4059 2738 3188 7579 4869 6705 5170 2395 1016 5794 8431 8545 2903 1035 752 8286 968 4599 2342 9713 3265 4908 6693 7748 1951 3562
26 9216 6404 6202 9002 6402 85 159 4594 8598 6292 3404 3491 9021 6105 9275 5183 6935 4182 4926 9984 7784 7349 1074 8925 5923 9796
26 3307 3236 4084 6069 3270 708 7187 2612 2534 3799 2841 9939 809 6612 9423 2265 3472 5772 7128 5745 1954 9642 5964 4886 3781 3110
26 9305 7114 825 1628 2731 8665 2753 1872 6393 2622 1918 2109 6083 5349 227 2772 5414 6980 3706 7526 4556 810 2905 762 9097 8350
26 769 3245 9666 211 6523 8176 2640 2948 7267 8289 4264 5767 2039 2500 1606 3634 6018 827 5762 9178 1219 7044 2908 6994 430 8019
26 273 8459 892 245 9118 369 7729 4879 387 2938 490 7015 3489 5729 3214 2590 4478 5832 6040 1483 7416 182 3042 4126 8001 5953
26 3555 7198 6951 3411 7685 7555 8981 9992 5301 2620 5384 2431 3438 3139 2950 8317 6276 7023 3801 7105 7577 1812 623 2113 790 3812
26 117 2006 6536 5662 4318 1746 8597 1725 9268 2179 3550 3948 8961 4512 6707 3353 5945 5392 569 8611 971 2604 9771 1966 5458 616
26 5086 9052 3354 1994 3047 6270 3122 821 5074 5664 4009 4368 1649 184 2719 1719 2971 1440 1807 8235 4504 4061 7374 1425 2456 8147
26 519 7320 6450 4782 9273 2900 3657 4857 9436 5140 7701 3606 5061 6928 7543 8844 647 9076 5200 2481 2007 8891 8145 4320 737 6458
26 3167 7779 3461 2288 4764 9846 9962 833 3584 9754 3999 6778 2684 4521 8584 3662 7449 9728 4381 5580 8908 265 4697 6665 4018 1019
20 7108 1208 150 2036 9761 5701 709 9496 2373 1320 8225 923 7189 257 8197 2389 5333 5277 446 218
26 268 4693 277 4920 7698 2781 4099 8266 7207 9810 8031 6090 3233 1796 1119 1623 1707 167 6109 6383 747 6621 6470 1652 1701 6919
26 3855 7156 2455 2783 266 3439 9655 8023 9418 1715 4718 2205 1382 6697 8354 43 3000 4600 6295 652 2704 2067 844 4506 3559 1212
26 7499 7379 6296 5158 5437 8273 1081 8237 484 9592 1911 2137 2231 2951 4218 1057 9531 2514 3899 2716 3492 5162 4519 6944 1805 7161
26 6695 1605 8979 1529 3795 5405 2377 5915 4224 9508 9023 1236 4468 9865 25 8914 6347 2001 75 9308 3744 5198 690 9747 431 6613
26 5860 4781 1023 5815 2635 5838 2388 2025 1541 2829 8492 5023 2433 72 50 1237 9211 8592 8702 7559 7544 8538 2161 8648 5318 795
26 7088 8262 9274 7975 4139 6989 3326 6925 4539 1470 3186 8402 4483 9708 4578 6055 3642 132 9715 9841 7338 3460 2259 3848 2312 2586
26 6807 5727 6804 8791 8035 1557 2187 2206 7894 3443 2710 5139 5016 9520 8297 4597 1596 2483 9662 5146 140 204 5652 3836 3850 4243
26 7952 7347 6645 2904 32 8937 6297 7940 7370 3127 5340 4430 7860 5675 1053 4238 7652 1730 4577 4589 7530 5224 3942 3688 1614 6750
26 6706 2942 5369 5957 9497 3345 2930 6056 5556 897 9139 9351 4620 7621 1610 6289 1385 5331 9904 4052 4859 2490 4286 7568 7586 8154
26 5300 2717 4867 8637 7692 5642 7972 5941 9408 8767 129 8074 4745 8821 4754 9017 9342 5493 2058 5338 5657 6365 1969 3080 6266 5720
26 2297 8566 8440 5756 102 2368 3062 5099 5201 1897 8627 4818 4660 1164 2350 3916 2199 904 4837 2131 5935 6291 4752 9614 2773 3458
26 2944 6849 5540 1272 6484 6132 7271 1787 8103 9361 8590 5442 2861 223 8081 7598 5149 651 3934 8818 6236 5869 4484 797 424 8847
26 3371 8055 6420 9743 8034 1182 3261 3466 5907 6447 9534 2341 3763 5558 8927 8561 7272 2489 6395 2472 3189 1991 3677 7391 9938 9916
26 7929 3249 9815 4703 8768 2857 244 7931 485 7222 9421 2959 9079 9828 2093 3545 4755 7030 2811 7495 2562 4226 8352 5855 2410 9970
26 8102 6752 3833 5757 4409 6313 1738 4398 3044 1199 3295 37 8049 8359 5802 8340 4240 2826 3087 1445 1077 6594 1180 1680 5876 3402
26 222 4411 3403 7085 161 4958 1779 4449 8401 5569 5901 7340 8591 5132 5383 6337 7155 6568 2347 9891 5095 438 8683 1301 2864 7093
26 445 7471 8224 1240 4658 9817 8830 5394 2393 6692 9397 1753 1761 6859 6077 3538 1711 4952 4081 5145 3464 1374 3095 2170 1931 7795
26 3988 8739 6430 4657 611 907 6562 5155 8481 7004 3070 2452 2062 4663 4333 3246 5703 2380 8634 7485 3162 6341 2730 4918 8939 3969
26 5235 7287 318 6527 1474 4274 388 8014 5306 7866 4055 2175 5168 2682 3484 3506 3725 2575 1659 1788 4534 1813 7563 8152 1841 343
26 5983 3773 4080 2132 6764 876 649 1008 6140 9420 724 686 9929 1889 4025 4517 9437 2778 6586 5454 522 3745 8183 7742 6052 2597
26 8477 2233 2539 6503 5674 9737 9952 2884 6865 6909 7547 9955 5943 3237 3961 5525 2111 4030 6892 3479 6193 6631 791 5494 2819 6997
26 4307 4583 9890 8085 23 3215 1152 3624 613 4204 2228 7718 8513 2405 3483 5993 6557 2328 4923 3658 5127 6373 6876 2961 8463 3204
26 8703 8158 5890 1685 908 380 5409 8239 7341 1774 6038 3893 4993 5849 2294 5522 4201 2469 1080 9599 2349 4509 3945 3853 3218 2770
26 6965 1689 4164 8995 4588 4371 4888 5933 3216 8976 3340 5171 4632 2947 4323 6429 8697 3552 3726 6100 2823 1279 2219 6968 710 2276
26 4618 1438 482 655 6261 6698 629 9928 8645 4787 6820 4712 8725 5102 7653 983 3344 8679 9840 8837 2491 2628 5846 8580 6533 5504
26 5717 2026 6455 417 6515 6850 3531 4653 1643 2281 8646 4730 5157 4963 1933 7333 7302 4751 8389 8005 7300 5345 8696 1278 1359 8122
26 3281 8192 4003 4202 8795 529 1511 9248 1639 3498 2375 8748 6122 3861 5614 4465 2158 5297 9098 5236 4760 2064 1014 4723 749 6439
26 9927 6544 8554 9562 7883 6380 3532 929 6915 8017 2804 3449 1654 3503 787 124 2868 3956 6233 1091 1437 6096 3035 6246 391 2658
26 961 817 5636 4493 4659 9357 636 7576 459 1424 6642 7750 1953 4535 9510 8013 4526 7336 9352 1063 3932 6323 5623 2940 464 4865
26 8395 9852 5120 3585 3789 2600 1695 350 3394 4634 6116 2144 6539 6008 3599 1167 5918 3998 7775 6477 5949 3626 3718 9818 587 9117
26 3608 6329 7249 4629 9037 5267 8038 5809 9160 2040 5163 7528 6414 4694 7121 6736 4579 3198 7022 3653 2812 2298 9120 2300 6650 4047
26 580 2123 7638 8146 6247 2556 9842 1051 3750 395 7220 5651 238 8863 7095 8900 4175 2800 4598 1153 9343 2643 756 2321 9940 8535
23 4644 7180 3017 2346 5913 7275 8272 4470 2568 5059 4747 4518 4459 3660 609 1906 5930 1574 3884 2223 9854 390 1288
18 2008 2536 5089 8563 7206 7918 7745 1736 1411 1772 5117 8532 6995 2563 1740 3517 1293 6934
26 9581 8484 3991 3220 7383 6971 5764 9539 2670 5373 1286 5180 433 9348 682 6372 3878 4576 6183 5531 9058 7821 1599 2421 2221 9906
26 4637 3575 5006 8338 2570 7453 2797 7680 1464 857 779 6810 2995 6020 2351 3881 9041 158 323 2096 7158 8082 1452 7831 8374 8069
26 4948 5359 5686 8747 6969 8037 5050 3709 3767 6211 4992 1387 8621 3551 4389 3788 3252 548 5775 407 1881 7469 1903 2608 3255 8087
26 6633 3596 4848 1201 2105 8118 1700 3373 7197 8293 1980 4237 8127 2712 4100 3598 2895 8466 9910 7827 8777 6482 3298 7943 9589 2664
26 6916 1637 4520 9314 1324 9159 3867 3146 342 2513 1876 3351 964 260 7871 8623 5677 1765 3407 7170 4444 4995 8877 7649 9918 6748
26 9888 6485 1030 6575 942 7642 1864 7604 3314 1871 2777 1289 4793 4560 1749 5416 9445 9034 7989 8240 5129 1495 1341 4683 6795 1343
26 2573 6747 950 5352 1902 7762 64 2099 2769 9000 5210 2863 7298 9435 1824 8356 162 673 1526 3273 8999 4458 8282 1573 2677 6185
26 8329 699 4815 1200 6648 2706 6066 6902 5658 8743 3509 8749 8539 9653 5639 2522 3336 7970 6531 6792 3028 4162 4149 8722 3478 9354
26 8950 1013 3317 8856 9751 9062 2115 3895 816 9881 8881 1277 7505 6282 4262 80 1975 6937 4436 9057 8223 4390 7977 5150 6170 3386
26 3471 109 9282 1146 5303 9276 1168 2989 1820 4566 5532 9783 3212 8628 8248 7897 6214 2071 5897 9921 7833 7597 4996 4927 8057 7252
26 7040 6239 4088 4938 8191 6213 377 1476 7508 5768 6873 6444 8343 3299 6734 104 8465 8457 5194 1270 1184 8222 469 2100 7601 6342
9 8967 5572 5285 4141 9346 5298 4300 1531 820
26 6961 19 2780 9947 1491 553 6956 2048 4559 7654 1748 3487 3447 4978 2091 851 7838 5110 5418 1759 6368 4808 7888 1084 4281 8543
26 9979 6150 3976 3191 2077 4643 578 4227 7822 8926 9843 7650 8247 1857 7835 8875 6432 54 4416 8913 6108 188 3576 6461 1962 1378
26 372 5034 7372 3105 7534 5088 3746 7770 9607 7630 6678 9848 8544 7917 3511 7063 766 3822 8600 79 2962 13 9507 5413 6364 2818
26 6198 8586 5507 3885 2887 9972 8788 8661 4840 4472 3992 4985 6137 449 4565 5 1615 1760 1661 3716 2114 7953 3224 948 3619 8022
26 1888 3640 9965 9628 5627 7479 7445 5700 2063 2844 8807 683 9355 3962 9674 6555 2553 3728 7908 6732 4508 9585 927 3780 6585 8527
26 8728 3148 6741 9524 7847 2602 7609 2867 3231 3079 4033 278 214 6142 8015 9053 3649 4889 2929 9149 3766 9266 3787 5294 5857 5125
26 7561 8848 9735 656 5433 156 9263 4828 716 6848 4651 9767 8304 34 6286 701 7852 3467 6095 7491 834 8369 6496 8043 9736 3380
26 2941 9473 7648 3530 2480 5426 508 3751 3646 9219 9983 9671 3973 7536 7974 8570 3516 5118 2803 1575 1798 5459 1669 2032 3012 3589
26 6912 3362 2657 119 753 5837 4623 9566 8444 8125 9403 6387 9213 771 2789 2560 1839 1878 8853 1225 7390 6933 5806 5718 8865 181
26 5341 7512 8254 856 7665 2126 6197 4834 7392 4937 4135 8599 4614 1493 6224 2124 7887 5546 4193 4774 3486 9147 329 662 9374 8618
26 6694 4428 4421 3739 2852 3341 4773 4130 5619 9143 3474 2595 8025 1340 3195 824 9825 9066 765 9999 3250 6019 2196 3543 1093 9677
26 5424 3384 2681 3783 895 5584 4584 4406 4206 5208 9150 2139 3061 3738 3379 8003 3363 7519 2066 5781 99 9067 6007 3405 2724 7641
26 9325 2928 2518 7243 1460 6672 5514 7301 6179 319 3436 4682 9877 5479 605 1828 3144 8472 5707 62 8208 2277 5889 1377 1055 7766
26 768 6740 3129 5668 767 4384 1859 4105 3782 6389 1188 5694 4407 5360 4762 4684 551 8443 8405 788 9567 2836 2103 3928 9827 7111
26 4855 4648 5214 5955 4613 1369 3793 3157 6622 196 7101 1668 5484 2279 3081 7571 8399 903 3089 8985 7257 4735 4310 9499 9990 5415
26 2912 1206 5621 1997 871 382 5550 6587 8644 8027 1499 6920 539 9835 748 4835 1007 1673 1481 8752 7885 5439 8384 7834 2840 1510
26 9799 4537 4661 3602 1684 9138 7457 285 2906 4235 8047 5420 7130 3337 9386 9866 4222 6949 7514 466 3882 8657 4785 5661 4311 9776
26 8509 2436 3740 8059 7732 7134 2076 7915 1104 959 9658 8153 5019 8855 8362 4001 1648 6075 1032 2692 2703 6209 9307 5446 4897 5944
26 1993 7553 326 6141 1245 9684 7761 3507 6386 2241 8916 889 8692 9957 2004 1375 620 2510 6524 4510 8295 6322 5051 2679 811 5697
26 5343 7464 2896 5054 8796 9202 8244 8026 8843 2722 3847 1075 3856 1351 1094 6709 8322 4847 664 2372 4401 8070 2683 9446 5046 5173
26 489 2742 1111 4558 5656 3181 5962 2292 9632 65 3494 6712 2990 9448 668 2687 8349 9903 1241 7639 9217 1683 5239 1454 3185 4268
26 4150 9347 3445 6842 5263 2613 2430 3790 711 8502 5975 7178 4549 2311 264 6545 888 6497 4304 8706 6417 6872 9775 770 4158 4348
26 7318 2357 6255 1601 9392 6182 4939 281 9574 7987 4893 4547 3241 4874 8068 3659 1895 337 418 882 644 7083 3886 2253 818 557
26 3147 2512 248 8419 6438 8596 4989 3476 6838 174 1383 3339 8325 4919 420 5339 4524 3897 7185 4172 6725 1641 6521 5055 980 8582
26 3444 400 1313 1580 1910 8253 5021 8099 852 9720 8903 5475 1253 8006 5738 5203 8805 2932 9995 8012 960 4896 3734 5646 2839 7404
26 3168 8425 1655 7193 3669 5043 2315 7490 1203 5284 2850 6785 6774 786 5963 1469 8417 2902 5834 9857 6796 7803 5296 9277 9860 5370
26 6541 9544 1959 3114 2181 7387 2386 2558 5708 6839 6772 518 4647 276 2644 6169 4708 7925 4216 3206 5207 9746 8089 8717 6853 4319
26 9901 8020 9286 354 1422 8523 7988 2515 7334 4087 4096 2159 8549 7071 2485 8778 588 351 5403 3800 6889 5604 1619 5563 2134 136
26 541 3430 4875 4704 6076 3775 1443 5123 1264 5801 1123 1551 859 186 7076 2708 291 1205 4142 1380 9257 7722 9878 9461 5931 4374
26 920 3826 7557 8682 3366 6610 8882 1302 1259 2332 9103 7935 2414 3161 738 6471 5946 3810 7644 9580 8080 4474 3983 2337 437 8921
26 2020 6558 8370 9633 8167 292 5100 3499 6134 6619 5582 2299 5763 7844 4053 2257 7695 3678 5912 4574 1354 1060 6844 3238 9717 4750
26 29 7104 4826 2934 4587 2209 9553 138 6378 2 3039 5353 4188 8583 2584 7973 931 570 7902 2120 869 3002 2583 2623 9304 5253
26 5222 8104 2056 267 2653 7150 7746 6237 118 1197 5391 9554 9112 3567 3374 1108 1657 1498 6535 4934 6411 755 6481 1602 2926 9517
26 1005 8892 2440 8219 92 9033 4328 1752 680 1448 8136 4457 8299 6996 8436 7747 9791 1174 3131 4797 8100 9555 7950 7896 7772 9766
26 741 1784 3594 4205 4123 9561 8245 7176 7872 5519 2345 7560 3053 7782 7418 7327 207 6688 6835 2743 8142 1129 2598 6973 8770 2848
26 8559 7612 7792 3200 1246 6172 3974 5009 7415 9229 6397 7757 8432 5778 7137 7322 5365 3794 9206 2822 1517 5533 7905 9 2845 8957
26 55 4546 9813 98 2952 2217 843 1338 6885 9790 5810 3389 9148 4076 8143 250 8972 8206 4169 8355 236 5922 4079 1327 3480 3857
26 9140 6658 1260 1496 6399 1037 8605 1831 8159 3121 283 1435 5167 7605 7655 8885 2484 5261 2953 804 429 4540 6348 3690 8044 4592
26 4894 5213 9255 4020 3038 7777 9570 1875 6905 4043 4942 3894 2348 2892 8347 7591 2615 6834 2050 7774 9898 3140 3612 8718 3656 1418
26 8189 8323 497 3615 4838 4541 3434 76 1330 4690 2319 970 8381 6431 7388 2283 3320 7304 2249 3084 2446 2353 5407 2833 1887 9380
26 7711 9128 1010 4246 8955 9394 1211 6746 1045 8550 3610 6823 173 6129 6923 1373 2666 4933 8660 7053 5895 5024 8313 6241 8119 3617
26 8406 9246 608 1503 1365 5422 7941 9077 4104 8534 5976 3416 4321 3774 1535 5645 2267 681 4412 7431 4860 4364 2326 3369 8740 3259
26 5598 9191 7255 5124 4366 9242 1110 4491 6379 893 3753 8822 1402 9442 7741 745 7060 9578 3864 9600 2460 926 3819 2786 4883 6260
26 9483 2074 9559 9382 6357 9678 5603 147 6451 8799 9022 3234 6829 3553 339 7396 5492 6646 1258 3964 5871 1552 7906 7057 321 142
26 4143 7891 4450 7174 921 3949 9742 5998 6864 2765 2636 1042 7024 8936 6324 6309 7212 8531 148 8716 5787 3971 8404 5825 8008 8710
26 4495 5113 8348 2605 986 7274 2547 6674 698 2737 7384 3316 3406 1321 7942 4015 9726 9500 6599 7317 8867 8684 7269 9025 8453 7049
26 1194 8978 4630 4016 506 7595 3930 7234 4866 1612 8576 1471 2739 5851 4902 9572 577 7254 2195 3309 8919 7959 9711 6881 9811 3880
26 375 7704 3786 415 3026 3102 9156 5219 9438 5289 6821 7520 5886 1163 6812 6626 2454 7264 9126 1362 4563 2689 7087 3871 4185 8375
26 2559 2714 1904 6186 9019 9134 1109 4699 7361 918 3323 1870 1999 1920 5882 8280 6661 7765 1462 1161 4676 145 7008 12 2449 2117
26 7119 7196 199 1550 645 5116 4397 8407 5101 946 3772 4626 9162 3395 723 1706 9047 2202 6614 6394 5469 5926 8838 4273 722 20
26 1973 3176 5712 5234 9116 595 6582 4117 8063 3428 9709 42 9239 2524 6086 7420 2092 2669 712 6899 4753 2734 901 5973 7789 5606
26 6952 4511 615 7152 2323 6643 8990 8296 5452 8551 2935 2532 1597 9471 850 1618 8276 6408 2890 6653 6136 58 3327 4332 758 6870
26 5716 7993 4720 9680 8575 9035 1458 1979 8760 338 9366 5929 1344 7854 5367 94 2466 6624 1703 7290 3254 307 455 1642 1677 4186
26 4346 6123 9385 8298 2060 8367 6268 2220 2035 8603 6857 5080 1546 5852 3590 7500 2646 6371 5776 1577 6449 3792 8397 4729 910 8700
26 5769 2788 4170 4665 2654 2482 9195 9075 9823 9221 744 3392 4979 5164 4974 5483 6720 3385 6472 848 725 6700 5811 2457 4177 7036
26 8029 627 1223 7323 6048 46 4138 7194 9987 4698 8986 5313 6574 1770 6525 1989 8709 9618 7634 8685 7539 7251 4041 1581 9281 7472
26 1002 5654 4807 7190 1537 1352 7078 9644 7296 4685 5470 3877 9727 7292 7771 7439 2496 9907 7244 8714 9271 955 6514 2193 3723 4103
26 2986 9452 533 9345 2180 5994 1660 1644 5979 2561 7205 1154 1229 1486 9422 154 1329 4975 1675 4183 1044 9953 1579 2492 1137 8171
18 2660 9251 7867 498 1459 115 3731 9222 8051 6036 7462 9740 8753 220 1056 4341 8002 603
26 8962 3197 9469 7097 4396 1436 7037 808 6059 194 9136 8656 4067 6509 9961 1358 7218 5223 5275 6217 6770 9609 9390 4197 8414 1038
26 7141 7846 428 657 4403 1768 2415 8857 3007 1956 3977 5587 6061 7016 8738 8161 8568 6841 532 3803 1665 4861 9280 2289 4042 8874
26 1353 1421 1143 9872 922 6871 1523 5076 7407 7689 688 6862 4000 9899 6813 2018 5761 3217 4229 8608 9905 9309 6958 9721 8319 5586
26 9411 5500 3866 6703 7663 252 715 4121 4675 5534 3925 7286 1834 1850 2447 1998 628 2542 5588 593 6005 3957 7968 4490 5376 3032
26 2576 8736 1804 9464 7442 5453 2275 4944 3710 8218 4523 9337 4529 3296 7960 7982 5355 5468 1795 9145 5960 9596 602 7985 906 5629
26 3527 2915 2198 6128 9249 5260 178 6579 7998 7651 4486 6488 2084 6947 8828 2081 6351 1243 6050 8765 8132 5044 9690 2224 9700 2659
26 4842 789 3566 483 5428 8259 6657 550 1679 7120 689 9533 9682 4461 7291 3332 9356 358 7688 1915 6445 2013 421 8083 5471 5859
26 6529 6493 5554 1729 1845 2966 3155 4031 9694 235 754 1468 2506 2721 5590 9050 3764 7980 5528 5924 8626 8503 1118 1522 5408 1006
26 8520 3104 5516 8868 1693 7548 4469 3269 6680 2766 4582 6234 322 9629 5035 5568 9081 5643 5549 3388 488 822 7219 4649 1646 1948
26 297 9503 6307 3108 8529 2954 9132 3675 396 1747 6043 916 9718 6308 139 7299 7238 1214 5947 3056 9521 2985 9061 5334 6087 3985
26 24 315 3512 1835 81 7096 8506 1466 8416 1656 8688 2024 8165 4259 3013 7522 6894 3059 4367 7458 1645 4691 4418 794 7182 9430
26 3103 1697 5732 1797 7759 1884 4213 1944 736 890 6298 4746 3150 801 5921 45 6162 2222 6207 6275 5749 746 296 4057 5854 224
26 9090 4885 9586 2497 8368 1181 7501 7829 5725 9784 5417 7100 6655 1388 5518 2010 4961 706 5038 8625 4391 1600 5499 6998 6931 2273
26 6115 1177 4833 5917 9127 9262 1930 865 9729 6696 8422 2749 4567 3939 1502 6990 7932 9959 5066 6992 7694 360 4303 6242 4716 3883
26 666 6851 3073 7686 9419 2745 1686 5014 7414 1907 8108 3593 6977 1136 5893 451 110 3383 7059 9099 7074 2318 5202 8641 8098 6479
26 4098 2053 9487 2425 5503 1311 7503 9031 7542 2034 5804 4843 5625 8039 3917 5966 9009 7625 312 8899 3280 4791 1043 6981 4446 1929
26 9523 1593 2167 5107 8379 6359 5792 5899 10 5278 4272 517 3832 877 3700 1621 4500 2493 2002 3015 123 1336 3417 4606 5474 2169
26 157 6877 212 4709 9617 1565 1299 5959 1166 4456 7497 7021 4173 1782 195 4419 2269 1687 4284 4726 3322 2391 2211 2610 5280 3618
26 2869 5808 5829 830 9538 896 4636 9272 5356 4625 7077 7538 7962 2396 9488 2555 9522 5153 6071 6781 258 1064 8090 1570 8308 3021
26 3693 5517 8198 1634 2981 552 5221 1004 280 7148 2859 4947 5396 2936 9086 7175 4849 1249 504 1739 4616 480 108 679 3069 1134
26 5402 9137 8448 2000 6647 1169 9101 7990 4921 2089 6779 6945 9651 2494 8994 8394 8305 1114 3954 6099 6489 6032 3797 5760 757 9326
26 9283 2748 530 7554 3319 7916 461 2548 9789 7624 6726 9547 467 2358 4460 6811 7240 4492 2968 3100 7776 7946 5685 5057 6518 8301
26 7229 7082 8303 8187 1106 5279 4270 3765 1317 2177 9092 732 7482 7820 3018 9730 3020 6690 8769 2779 5048 1158 8216 8137 8612 3097
26 1735 5990 718 4006 7364 5087 2164 3135 1048 9328 4515 7091 288 6332 3448 8135 1713 1829 5126 2448 2886 4994 107 9004 5230 8210
26 4352 5189 6984 1792 3194 5866 6426 7763 2901 3293 1283 6459 6604 5258 3004 3711 6687 988 6957 8579 5075 6717 7801 298 5821 4662
26 8086 1630 5771 5602 9068 1062 6331 6067 4125 3077 122 5191 1516 6486 7584 7200 5325 2750 5676 7963 3914 7136 1585 4741 8674 3346
26 7709 6206 6818 4953 8681 9964 7147 4884 6800 8693 8330 6505 9748 8283 8887 8215 5505 5397 4737 9540 6435 4820 18 2463 3679 5543
24 2591 9636 1955 4410 3701 6279 8263 4074 5386 4340 2016 5350 8473 9509 9895 4513 4548 1478 2258 4108 1213 3287 6273 9387
26 6879 1530 1508 208 8671 9858 177 1220 4314 9321 561 9113 8010 8076 6027 2236 3733 6310 5884 5028 1825 7369 5596 9782 5273 8054
26 2327 6053 5282 3966 3420 3435 7216 5465 582 5969 2805 9029 8997 8689 9870 9598 9108 3034 6278 4812 228 2865 4220 8622 2530 1300
26 1664 7129 8536 1723 7922 8642 5995 5302 4642 7259 5992 4044 8817 8841 7405 2097 4946 3815 2201 7473 2339 8386 1403 8311 7460 8131
26 8675 2106 6836 9769 4913 8695 8505 3133 9299 216 8745 7106 9363 5570 3955 335 340 7029 6551 5740 9689 4968 6158 2516 3892 5244
26 9252 5948 3830 7737 7211 531 2693 6104 4167 8134 2740 9914 5002 3136 5793 7945 5820 8358 1122 3219 9692 966 1295 3863 9558 2813
26 306 209 640 4656 559 751 1846 7498 1417 6240 2945 2955 149 7720 7419 1092 4827 5736 6929 3423 8441 9493 6685 8226 5819 9536
26 1833 4260 502 6352 7679 2979 7812 1799 9270 8105 8291 3573 6436 3399 8920 1025 5496 6284 5797 5178 9719 8380 4844 8701 1569 6063
26 585 874 4794 4250 4063 6719 6591 272 6114 8721 618 3251 8750 545 3437 6030 954 3804 6553 7660 6302 6440 5342 4040 5508 626
26 2278 7585 6159 1046 6274 4664 8782 5317 8004 2191 4916 5597 7583 9688 1763 4748 3523 3063 6065 6468 9942 4976 8572 5312 8552 1150
26 1978 5358 4575 4646 8595 2543 137 121 7366 2607 9779 4388 8524 3568 9293 3481 3771 3485 1076 9772 299 2764 5653 9196 1009 6221
26 8840 8792 3066 3375 3493 1355 1257 9882 9141 1308 7362 4232 1275 8360 3262 309 5010 2306 2761 3890 1379 9467 3003 2609 6016 7441
26 8587 4255 8462 2639 5036 7043 6753 8819 7143 9785 9541 7904 3913 6561 3526 3060 3820 1950 460 5613 6035 8724 2814 3126 4911 6494
26 4788 8699 3541 982 9537 3952 5910 9701 1791 936 5908 4312 7790 5217 8763 3223 5759 346 925 5079 3040 8923 7869 8433 1318 939
24 9954 9495 5090 9164 4119 2527 1521 7506 1292 9360 7192 5529 4265 3010 9597 1696 1347 2650 8677 3456 4269 3571 4308 729
14 8071 8376 41 2751 5187 4477 4433 9474 1568 4569 9803 9250 7886 5067
26 6456 2079 3116 4602 5241 5400 8413 938 576 1071 695 6318 8673 3525 7622 2150 4026 2367 2824 3933 4179 2888 7618 5058 8862 4124
26 3457 6004 8434 4471 7276 1494 8815 6737 5250 6312 2546 7394 6264 4572 2155 5448 2101 8604 6516 7845 9960 1726 540 898 1559 4955
26 8564 4437 6634 3938 3112 5766 7830 4211 5041 9722 9072 4845 456 556 7504 2517 2419 1083 5450 8114 6015 1617 7035 9259 392 2508
20 5902 5510 7870 5226 1844 2290 1561 7081 9106 1702 2218 2634 7417 6483 9788 1265 6660 8678 5461 3870
26 7877 2426 1186 378 9981 2673 4724 4532 8007 3221 6042 6617 3689 3130 2378 717 4448 8084 8514 1085 2925 221 176 962 9673 9476
26 3564 2791 2566 8823 7019 4034 2924 8904 9298 5909 692 678 7179 1423 370 4674 7294 5594 3303 6954 4743 5429 6576 7751 465 4891
26 7064 3029 5887 6567 3054 254 6416 6659 9526 8540 282 6926 6167 3926 5705 7012 7360 653 4991 3837 68 8174 9749 3838 8337 7223
26 3655 6875 1527 8609 1627 6967 2355 4969 8620 6201 8793 8061 6733 5681 3360 7667 71 9204 630 5096 8790 3184 8948 447 5631 3569
26 1269 1625 977 5553 5628 1937 106 3145 1461 3556 7842 798 5754 2911 5906 1732 9453 7992 1708 5750 5814 9759 6788 5647 5848 2163
26 6160 739 8786 8991 1222 6216 4696 3505 4343 3761 3661 2837 9978 6180 4438 2242 8117 5542 7859 9465 7696 783 2671 9831 2922 8377
26 5406 8209 210 7492 5830 6809 9641 1069 6443 3088 8437 2854 9244 4258 4619 5195 4816 6254 3831 573 3683 8507 598 3620 4432 2208
26 5332 4455 9320 2399 633 1256 5803 7793 9319 3547 1041 1235 4915 1976 6564 941 1151 9093 2747 8663 7279 8096 5545 4568 5547 5672
26 4882 3208 4404 6021 3433 7309 5310 6769 9838 2846 4489 2611 5575 8252 7674 5789 2183 917 6760 5634 4083 2046 7165 8452 7459 1558
26 8787 3849 6220 7434 8445 9836 7066 4347 4046 7009 3282 3827 262 6600 1836 4870 7893 1434 8474 5683 9048 7343 9146 6911 1001 6111
26 1866 6199 9602 7684 7882 1626 5062 3752 1638 2580 8415 3159 1409 6755 2549 2420 2232 8497 4294 8712 3978 9568 9427 3987 2286 9472
26 1883 7357 1500 6615 6336 7010 9889 320 2621 6682 5734 589 3796 3242 6229 3582 9892 5115 7841 1021 7593 7669 8726 6434 4951 8850
26 1803 1734 4153 2856 1487 3364 1412 1309 819 6963 8775 728 5249 5421 7124 503 1856 4488 2427 5831 3633 9887 4779 4962 3093 8217
26 5245 1142 6327 9144 2119 6280 9741 2972 8072 243 6908 3413 9480 8357 1262 9856 2701 5378 5142 1039 9036 3741 828 7289 247 1410
15 3936 3614 5626 6618 607 3086 5608 7573 9584 5670 4330 6396 7018 1463 1190
26 8204 7314 8653 872 8190 7933 2304 6932 2043 9800 6262 7046 7735 2413 8016 8234 631 1916 426 5467 8467 5251 5209 4424 976 5841
26 6361 3557 6409 7438 1430 2385 2525 5444 355 7647 543 5166 3266 1446 9801 2428 3806 5638 8408 7981 8036 1133 669 2656 5476 8789
25 8458 1100 507 381 8854 646 6882 6178 5864 6866 8705 510 8335 3076 8439 2668 8643 1540 8483 6107 8095 2094 7964 8168 2964
25 5304 4706 4207 6392 7203 7075 2122 7564 9226 9322 3256 8906 6897 8258 3158 9245 591 2317 6623 7478 2588 1149 3965 7151 5682
25 2774 5856 7666 6446 225 8938 969 4853 2248 7806 1395 537 6940 9331 7454 4932 1049 2674 4022 1506 7324 8468 7991 6127 8120
25 8711 1372 6922 846 141 8220 3622 2125 6106 3561 7755 1832 9902 9395 803 8680 5128 6549 8733 9008 7055 3390 2157 6644 675
25 5161 271 8207 8989 8112 6013 397 8686 1589 1934 405 9185 7331 9400 3912 4039 1548 8388 3350 7954 7955 8341 6093 6546 327
25 7640 3951 1843 4028 3051 6570 2107 4714 4086 7791 5911 9372 1501 5498 2263 4831 7450 2387 6022 3037 6046 8849 5616 2238 2618
25 9207 9851 6550 782 9923 5695 6098 4608 7610 90 9798 1988 7646 5552 3391 1284 8365 6232 5671 891 1216 5833 3304 566 2227
25 9626 2230 439 1963 8128 1733 7344 8553 1271 5380 9330 8872 8813 7997 198 4439 2029 2028 9982 3876 2014 8391 9486 3400 1088
25 61 2335 511 4024 8194 5344 8820 4068 4221 2713 1800 155 4251 9416 1974 8498 4727 6355 6419 4037 1112 6195 5159 9014 9311
25 2429 9406 5748 9511 3807 8806 8687 1896 3432 7967 5880 7195 2876 1806 6072 2085 3151 4956 6428 4132 7739 289 3903 302 6721
25 5381 8449 2626 4645 7092 4021 8694 2057 7796 6625 133 9490 3052 5877 9218 3244 8812 4822 9519 8455 6097 6070 1147 9936 8123
25 7799 7116 9289 3453 6398 1079 7278 6491 5070 6583 9407 232 5548 2190 1171 4118 2980 1103 9040 8056 4363 1350 6057 6294 1306
25 3743 442 8614 3544 6024 8300 886 6727 7817 1389 5379 3009 1322 4322 5605 2587 6388 8754 440 7261 1893 9552 2287 5900 3984
25 1724 1635 6474 7994 5724 1294 9054 3496 8491 1720 7125 9716 2991 1026 5696 3342 6370 571 9124 4422 5423 4077 6441 1939 4846
25 583 8629 8157 9757 1453 1985 9388 6566 4496 7363 9376 6773 8169 7250 5401 8469 5840 1754 5989 427 8635 9773 6317 9850 8519
25 4066 9996 9702 6771 2075 6630 546 1364 6722 4014 8200 693 5281 8954 5412 3207 7157 4447 8633 4287 8866 2411 7951 1191 5449
25 7864 2899 2690 2982 3802 1189 6161 9980 6880 6983 866 4345 1538 9704 6174 6464 8041 324 3504 9551 5932 7938 5591 8091 796
20 5885 9595 9287 3583 5495 1785 6589 1428 3824 5072 26 3902 958 3312 5524 7590 7855 8392 4783 4530
25 368 7117 6338 3230 8151 4798 3798 3722 4247 2417 6281 8649 1982 7365 3331 6827 1442 9582 1156 4199 6343 7310 1479 5455 9577
