26 7013 5885 8774 8464 6647 1215 3227 6082 4776 320 3221 515 7351 9239 1945 471 8885 3144 5038 8418 3175 8454 188 2940 6241 2724
25 8773 3149 1852 5507 7434 645 7633 8413 5033 3827 8741 9593 2364 6543 3926 2283 1155 7623 9999 4757 7593 1173 6390 4729 8375
25 8890 3008 4959 1326 2686 100 9165 659 2885 6898 641 8986 4368 1094 6124 7820 6510 4961 3769 6419 5784 9184 1408 8717 8654
26 6252 4011 1959 3050 1873 6648 2173 9809 396 8760 5582 5104 1767 5577 801 7725 3684 9455 6553 3094 6723 2823 7412 8216 7311 2322
26 1178 5161 7314 1640 2916 8615 867 8243 6156 959 2607 7132 4442 7016 6149 3446 4362 2448 1205 6428 3766 6011 1350 5977 7001 4846
26 719 583 6493 9105 2000 4318 7171 9641 4159 215 6085 7288 1501 8432 6803 2334 2687 1505 8570 8663 3189 4508 2592 9169 749 4622
26 7468 1879 2742 4088 4938 5724 617 8827 5933 7221 2874 6138 5167 9194 6382 7723 851 2342 9713 1915 1161 1868 3304 7228 7410 406
26 8670 8179 2791 6450 830 7253 300 4617 5134 2766 6406 6375 7781 9863 4438 1298 71 2403 2201 6092 5141 2827 5599 5659 5455 1261
25 3696 499 5393 8719 6856 3802 8116 4857 8316 5176 2923 8136 7352 3413 3010 3214 5195 2481 9413 4812 1380 2165 2908 5150 790
17 8227 8564 2915 697 1634 5036 5426 9655 8662 5373 946 8933 6891 3455 8336 814 3638
26 7227 5858 8426 9286 9345 9538 5701 2924 8857 8598 5340 9043 9697 6604 1450 8567 2553 3713 1126 1153 1788 7416 9307 2698 6246 2049
11 1135 2589 8203 3541 4410 8824 40 9132 3499 8494 4818
17 6031 1817 9579 1804 1792 4595 9458 3465 9849 5975 2909 6779 2175 5098 4122 6687 8905
9 2418 3667 1100 7255 5071 8895 6589 4398 9723
15 7109 61 5744 5090 7909 6274 978 8345 576 7898 3854 129 4251 6539 4191
26 2384 6900 4635 3263 4115 475 1968 7316 2548 4111 1320 3339 5587 3813 2834 6847 7721 9108 5947 6653 8706 6107 1014 1699 1088 9532
26 9121 2324 5500 4588 596 2119 5374 6904 4714 3997 1810 5042 6542 2325 9295 787 9591 5165 8405 8777 1185 2888 5435 3035 5334 5029
23 9913 364 9044 8536 3433 871 8695 7216 3946 5372 3761 9083 8649 3142 5687 5257 6432 8734 4751 9601 6890 4545 762
26 3654 8420 6239 5120 6498 9610 7555 2810 1008 947 6963 2633 6387 2039 9400 6267 2662 6214 6646 1571 4199 1552 2318 9168 3400 3588
26 4679 3692 3951 8351 9795 2799 7282 3986 7490 9319 4899 9489 7153 9224 1901 4604 9895 4022 7264 6028 5264 9154 8572 1147 2185 7036
15 7716 7779 5487 1655 4656 141 7275 2680 8026 6883 7006 7547 1075 6318 9359
26 6403 6607 9851 3632 4301 4764 3364 8687 2467 897 1747 8212 278 1357 1125 1974 8399 3823 9415 2929 5028 4610 9773 2421 5057 2862
26 8878 3655 3170 8382 1963 4806 8555 1110 1643 2910 2951 6397 6043 5565 1444 963 2646 2459 3834 3600 6616 6448 9432 5718 4332 4013
19 3647 6662 9685 9830 5566 3169 3451 5968 6104 6960 4916 7788 4660 5778 556 8704 2257 2617 5873
26 7948 113 328 4502 3795 4744 9846 9822 9073 680 6519 2580 5420 3053 6763 6314 4238 4655 5762 6472 8235 4179 8581 4476 2312 6750
26 2176 696 5698 4207 7710 161 5695 2407 6925 4539 7823 1328 8325 9193 9957 2236 4361 2071 2792 981 9008 5296 3792 2300 794 9906
23 563 7355 1159 7152 6352 7785 2434 6344 163 3075 7672 3256 9384 1786 8569 525 2030 2493 2002 1244 9931 8036 2521
26 2015 8029 7585 7557 4704 7209 7808 8500 1037 5155 67 8693 3438 4316 1351 7124 1717 904 1241 2891 5079 9953 3002 9793 4490 4725
20 3321 5971 4437 2783 7438 7386 876 6910 6041 7142 5210 8745 2854 9153 2451 3599 5993 9802 8358 3288
26 4829 4586 945 6265 6966 7759 5853 1956 4638 8159 4085 3753 3235 2062 5675 7897 2018 7367 2795 7089 7705 3922 7039 6384 431 3120
26 1105 3025 9267 7975 378 9617 4256 2359 6393 1584 2829 7707 7286 2087 4082 6525 1621 5680 7895 9599 1379 8251 1536 828 962 263
26 3578 4475 8447 6645 8173 5263 7777 4623 7915 2104 1688 2218 8067 6205 8763 5186 205 2483 4342 2146 1607 1825 1585 9120 3679 6288
15 6321 4877 1146 2346 6610 8523 3098 7604 1820 6775 2851 1107 3897 7105 8046
17 5991 9251 9666 326 7686 9576 1169 9741 7362 8126 4701 2144 4000 3237 9865 8887 4650
26 3580 6115 9287 5347 4940 3038 646 244 3859 586 4698 9378 8750 835 8006 8221 331 7432 4023 1157 7054 9887 2594 6685 9993 7766
26 2735 203 9556 4673 119 7682 6871 1725 8620 9592 2281 5004 527 5763 6776 2274 8439 3794 3728 7478 6074 299 2764 2961 6433 1646
26 2736 219 1984 8835 6749 2600 6946 5465 4496 2021 6806 9022 5191 9363 7786 6590 9312 9367 7241 6599 6468 2879 9296 6118 7818 7783
26 9550 2313 6004 8434 6771 3082 1325 5941 4969 3231 8460 692 5484 9967 813 1750 2124 7738 8678 2723 3280 4998 7603 455 5821 3289
26 3629 7270 9109 9815 5719 572 7043 4068 819 5306 9785 5473 9816 3747 6018 6175 8668 63 6671 5185 2624 7427 9960 4339 6881 4145
26 7913 9090 1635 1986 3036 8259 5405 4327 9229 1934 7004 3494 7497 9055 7536 4036 5761 3900 5231 4402 1334 944 8398 9749 2073 5631
26 311 3564 6875 8915 6523 9209 6570 6737 1831 3710 4263 3625 9917 8524 9966 5463 2672 5010 4933 915 1356 5949 8397 437 5874 1207
26 9449 6361 5818 7637 506 5660 896 8610 4523 5725 5092 7566 3973 6006 5360 3195 5496 1936 416 2637 5469 4172 3111 6093 86 3279
26 1560 7293 7224 2216 1272 9832 9475 2045 8296 1603 3925 5262 940 4878 4461 4395 3888 7511 3911 3964 1404 2339 3003 7219 7393 4987
26 4435 2009 8277 4875 3583 2473 8780 397 4937 1368 8807 8917 6861 6142 8438 9102 5152 2860 9840 8756 7290 4994 9467 1287 4177 325
26 1209 7936 7768 5699 2731 7019 6719 5310 599 6905 991 6810 8010 6565 4004 4051 6075 7003 7218 8752 2822 410 1619 5294 2200 1210
26 8758 2507 1524 168 9620 1281 9505 4249 3752 2366 8963 6873 3316 7962 8360 2894 7571 8318 8977 5781 1127 9808 6665 9711 430 9117
9 3202 1724 3160 4107 7075 8245 1027 4236 5059
26 474 1528 2106 8348 6526 4329 2011 8800 7197 8691 2601 134 5243 4188 3397 6372 604 2778 5319 781 2574 7530 5667 1570 6060 3259
26 4839 9504 6164 4826 2967 3468 5866 294 4677 5864 6824 7094 5958 4915 1567 7032 8914 3318 8660 2824 4037 307 6373 6876 1454 3204
26 549 1208 1251 2440 6842 9273 5962 6907 1679 3851 3689 8140 2265 4218 7653 4439 6555 2267 2575 8837 1899 7955 4901 7035 1472 2441
26 9313 48 842 1908 1729 7692 1441 886 4594 2835 6821 6281 7782 1266 8000 6811 7728 7838 8912 2131 7159 1665 2458 898 2138 9638
25 9459 477 1319 9944 5303 6089 382 4773 2906 8416 4272 695 7024 1850 6225 4571 1713 4952 2750 5676 6300 7813 3224 3931 8123
26 1757 9256 9763 8346 8085 4639 8493 2260 5211 5188 8826 9671 4518 3078 5506 1167 27 3563 6852 8794 9857 1495 7476 4140 3712 6507
26 6039 8290 9974 5626 3885 3949 454 5064 9992 6059 8225 6888 9739 5479 7365 3704 5103 8356 7244 8702 7261 5348 4041 4445 2609 7472
26 4078 610 9595 1223 7323 5799 9731 8617 2648 1715 7363 916 4852 8471 2552 1423 2295 3401 1760 5338 2310 2689 2697 4267 3347 9354
26 5018 837 2335 6475 8219 1346 2160 1595 7334 2082 1800 2341 1834 3233 2996 5522 7590 8709 3706 6781 8269 8657 5922 5637 7138 8847
26 2519 4882 9691 7662 4869 5584 3513 1521 833 1461 255 693 2532 6308 8081 8039 2858 5987 9535 2705 6236 2098 7905 540 1312 8594
26 303 3381 4154 6942 2442 4372 9481 8953 2184 8603 2805 6730 3573 4970 3013 9788 5288 7855 4142 6792 9057 9622 2806 5896 3255 8185
26 5970 8271 3396 1246 9100 3194 2304 4130 3905 1871 9333 4893 4547 1889 8390 6055 5997 5772 1156 7181 9772 8142 1969 2170 5900 4592
26 6670 3239 6457 4807 7190 348 252 4828 5123 9038 7205 639 5600 2311 9258 5827 9924 1442 2475 7199 1044 4129 2998 1961 4311 5125
20 7325 3614 2495 5816 3086 7068 5170 9516 4853 8218 3039 1905 6339 8669 3448 4900 2868 5542 5275 4922
26 2465 1815 9768 1240 172 7342 3751 7187 987 7654 7262 8960 2461 4460 2615 6429 5905 7050 1807 4271 6335 3978 3140 9781 8008 6613
26 3055 2327 5510 1830 2577 422 9842 2415 5610 65 6987 399 8299 7454 9431 3590 3730 336 2001 8677 3423 1801 5688 9878 9614 4156
20 6466 2581 1177 4471 7239 8353 2817 2191 9624 2370 953 4692 1322 2358 973 4631 8907 5111 2363 3626
26 4525 9925 1530 9640 4613 2857 5780 6297 7754 2402 3027 1307 357 8165 80 6072 4514 5832 8032 8240 4530 6482 7722 3042 1137 3664
26 8292 394 5856 2056 3225 5069 8118 3657 3421 7987 133 1073 7237 3913 2700 3912 5741 6972 9932 9115 3464 8893 5499 4741 9396 295
26 3358 6767 8629 3866 8682 9761 3124 8505 3466 9740 4651 5992 3300 4890 6734 4619 4039 6691 3183 5081 3882 9013 1419 2679 4522 9172
26 8578 4984 2642 1904 5917 9127 1256 4552 9911 4221 1317 6983 6366 2084 5870 6180 2752 3649 2469 3056 7827 4231 8683 5545 2926 343
26 3090 9670 493 3073 1601 5382 1886 2121 5619 1981 8431 8437 4746 4925 7405 6709 7299 3209 7029 8658 3302 6193 5839 6715 7459 8087
26 5649 1883 5517 23 5650 8504 7150 7143 1752 3079 9800 2945 2994 9162 1072 2350 2371 717 158 4131 9986 7268 3180 9494 3559 3737
26 187 9291 661 7086 6316 6652 1864 8018 1504 1348 1591 9366 9456 2721 723 884 7400 5114 1196 2392 8114 6594 1180 5760 3690 2130
26 1776 6269 513 7666 4137 2776 8909 542 4314 2670 2713 5464 1988 414 2682 1053 4187 2988 3087 3273 236 2114 176 3965 1290 3110
26 9084 7709 7117 35 7494 4017 5844 2477 8645 3163 2621 9943 1154 2567 2214 3353 1017 6370 8457 4181 7833 5316 5889 8311 8308 4929
26 5440 7064 5307 9702 8035 1647 1250 7048 5356 9667 5519 9941 510 22 5421 1011 9518 5820 5938 9715 9854 9922 4861 6273 8463 247
26 4309 6794 1529 3490 2639 7191 4274 6248 3210 4675 3121 282 1296 7753 619 5590 8340 229 2255 1893 2349 1594 4324 6993 8424 8941
26 7965 1900 1697 4733 4028 102 4441 7498 1220 1532 5171 7091 6863 8247 5349 96 2688 3383 6354 3357 6934 8100 2307 1579 8332 6342
26 9847 4352 5189 3199 3220 4585 7679 350 7872 9513 1283 6743 3052 8813 8525 4360 2668 2029 4169 1608 1242 2080 60 5591 3284 638
26 8965 1794 5954 6836 6454 7479 553 147 2893 3959 1396 3077 1229 4144 676 3481 9565 1766 721 1021 7300 2746 5399 7742 6052 4338
26 9752 6044 3196 6922 4957 494 9948 4270 9623 6722 8911 7904 1649 8729 997 8927 451 7060 9893 2759 9451 438 5011 9764 5436 2664
26 1315 9020 6053 9346 2181 6024 5008 5550 1429 3372 6184 6129 9213 663 5136 5789 647 2331 6500 885 9417 2878 9714 1341 4883 3562
26 3607 2828 7357 655 9951 1884 5579 8486 1466 1638 4266 2614 863 985 9212 8651 1451 3023 4763 5321 5580 7959 5439 7814 5646 5273
26 7429 4411 2143 5535 5477 7232 7134 2072 1193 9433 5692 257 5733 171 9594 7543 1214 7550 785 468 9145 2067 8090 3405 5819 7937
26 88 7005 7546 7876 4291 7364 7411 6476 6218 484 7650 9894 9092 3756 487 154 6791 8002 3089 2249 9147 4363 6534 1544 9827 1569
26 8184 2166 2147 1143 9872 6597 4355 3974 6301 6571 6708 1042 2947 2876 1824 7997 2420 4738 1971 9551 2870 9434 7880 7968 424 8163
26 568 789 7196 1949 8766 2217 4966 821 1790 7630 6165 800 239 3262 2789 6754 8930 2202 6520 4294 7485 9555 9290 1497 3781 7986
26 2695 6418 4070 4003 3502 5187 6407 7903 4561 862 4128 7021 9780 3630 3437 6906 3344 1405 4581 1877 2491 9007 4728 7350 1892 2755
4 7575 4027 2422 492
26 7956 3333 9011 5955 4658 5557 5279 9288 2099 5301 2 5385 6874 9091 3379 500 5196 6949 7625 8139 5423 1751 421 8452 6559 7252
26 5335 7891 2963 9613 6356 921 8998 7924 8793 8150 9330 7394 256 9080 2093 9866 9531 5053 6395 5897 6275 1663 5269 8385 3500 1139
12 2920 554 5710 7206 9135 4469 6460 9075 9268 7998 7651 9530
26 8640 6150 4223 6711 2754 5267 5847 8981 2882 412 9368 684 2204 9442 1853 605 5930 9342 4640 1694 9719 8919 4077 3687 6795 5944
21 1563 7444 6168 6550 2171 8553 8809 8815 6106 890 8540 2139 4620 201 1740 5524 5118 393 6295 4783 7338
26 2571 2296 5112 6634 8791 92 8571 9928 1875 9908 581 8749 5482 3980 3152 4053 2047 1732 5392 269 8333 2450 6958 5232 4451 465
26 6412 1227 4184 5205 8989 7732 1436 4989 4800 3216 6231 8475 2955 8656 7886 3788 1385 7671 9356 860 289 1802 2219 316 8396 3589
26 8310 1002 9744 2132 4646 7276 91 6587 938 2086 5305 5172 7403 7552 7605 4801 7752 1712 367 3456 960 7676 3287 7996 9241 4047
26 9976 8192 3833 4980 5012 1565 7941 6902 4653 7542 8004 4106 3893 3234 8121 4831 3634 7378 6254 1362 3348 4269 8391 302 3850 7825
24 8175 1228 5746 9805 1863 6618 137 5792 1166 4282 9270 8422 3207 9520 2494 6086 2733 8041 1216 8934 3033 9067 623 4305
26 677 2531 2293 1276 1460 9068 7256 7609 5481 3673 6363 1395 3351 3399 7385 4373 5807 2050 1032 4298 148 4811 1903 6465 7713 8535
26 6002 1332 6455 4404 8772 1557 2602 847 7724 6921 4235 7635 5520 9930 3374 1388 2510 631 8084 5177 725 6440 3627 1377 7424 1418
26 4008 3936 166 2973 1627 5228 9570 9963 4832 2037 9479 1047 232 7646 5106 8720 8900 337 4005 14 8825 9266 2905 3848 7881 6467
26 2432 8787 9377 5158 2999 3530 6188 4347 272 2710 6312 1670 6187 3682 9946 5570 8846 1397 2066 9126 2962 2301 7869 6998 7123 1293
26 7862 1512 442 6517 9064 8785 578 8798 9379 7414 8105 7178 6083 333 3935 6077 4946 9726 3109 7084 3015 5515 7184 2376 5798 9677
26 2135 9820 3891 6220 6515 3685 2320 6094 5250 9720 5379 4906 7521 7018 6332 8498 6894 2232 7514 7600 5048 4516 1952 7906 587 3812
26 5497 7849 3329 7574 5779 1239 3326 8257 4498 3862 9155 8903 1387 4359 3736 4175 1432 5199 4837 6817 1940 1077 7951 9669 7011 8618
26 1515 6843 1674 977 5234 3057 990 9912 8326 7422 5278 1720 6816 8246 5805 3577 6666 7736 8230 351 8441 648 913 5077 3656 1653
26 3442 6654 9087 210 3341 6630 7383 7926 4031 8928 83 9110 453 5309 2563 5921 1775 6371 3864 6487 5447 5248 7374 8622 4606 4268
24 2247 7810 5890 2031 4376 2033 7632 3767 5635 5556 9103 5016 3178 6431 815 1990 1400 7892 1661 4284 8132 8666 3184 2492
26 4758 7455 9306 6567 6742 6584 3524 8510 5700 1203 4711 2859 5102 262 6478 1131 9839 5585 3889 9308 1437 7983 5051 443 8897 8480
26 3156 5881 6304 780 9018 6463 775 715 7207 280 1756 5023 6862 5548 9218 5840 4026 7517 9365 593 3837 5869 7269 2172 1931 9334
26 5299 4056 3424 1843 1201 4007 2802 514 3843 2373 3154 9247 1870 4369 1463 1477 5945 521 3998 1427 4010 2490 1133 3688 8327 3643
26 9707 8489 7428 951 415 6247 2290 9896 2921 1448 3463 1337 970 7708 1018 3519 548 2092 2347 8853 4375 7307 6598 9 1909 5173
26 7475 6780 2230 7465 5620 8379 4384 8214 1096 2901 2228 8545 5061 2414 9629 8528 5490 4148 6524 6892 2014 650 7413 9765 6073 8178
26 2949 3540 5060 1527 6392 6216 7278 6491 7488 1199 6146 4135 9867 1920 25 4748 577 3355 2328 8949 7694 4633 6070 9977 9770 2897
26 7399 7864 1588 9735 9164 3366 4400 4944 2898 9226 8814 243 3389 4345 3553 6738 7272 5468 9066 8514 5813 8275 948 3903 5293 391
26 423 3410 5049 1200 7994 942 2044 2388 5094 7857 779 1029 6171 809 2943 7121 5427 2666 1162 5015 1219 5024 360 3853 2280 6458
26 7928 567 6206 1111 8093 7203 7315 462 1541 3450 9421 3748 3009 6061 7875 9111 7616 1434 7596 6099 6501 5147 5604 2329 1614 8556
26 84 8698 4112 9926 9871 952 9263 2884 2174 4062 2804 4443 6940 8281 6483 7982 2487 5325 5197 3243 9905 5459 9390 4049 392 5108
26 1066 9698 3067 4665 6764 5375 1189 1620 1568 6211 1967 5929 4173 9335 9389 1780 3223 4917 4680 3658 2798 1813 3095 8371 5714 1300
26 1335 3697 2784 9019 8681 4544 444 2314 3135 2229 4060 5597 1058 2189 3805 253 7247 9672 6936 8455 869 7051 2767 8959 327 4553
26 4058 7186 3572 439 5511 4990 2930 1455 4206 6800 490 5117 958 4903 53 1224 7439 4239 1754 6084 5787 2877 5551 5342 4281 9573
10 3253 3245 1970 4528 6615 8530 8596 5478 538 9914
26 1040 4536 4200 2518 4409 1369 6422 2220 8644 4736 670 836 9571 2611 217 6054 5605 2158 6233 7989 6725 1398 4823 2608 5931 2225
26 3869 6189 277 3462 3319 643 2675 5995 7493 2439 6857 4985 356 4259 4512 5132 3662 1498 2953 1506 4551 4995 1938 7831 3535 8527
26 1273 9920 6547 3445 3542 8671 7456 4045 118 9607 5734 5694 473 3495 6131 5645 7233 8465 2306 6022 8208 3698 1641 5661 9834 6221
26 6381 9046 4935 2825 6480 2105 7037 6426 1531 2034 1513 2116 293 2433 2263 8003 3538 7658 5594 4943 9294 9609 4354 9569 321 6271
26 6822 9166 3976 448 8194 1762 120 4147 7415 4856 5391 3470 1832 4067 6947 6988 558 75 1927 5834 1798 4083 8260 2253 4695 7111
26 7657 6139 209 8614 1046 225 674 5031 9701 1692 7594 8400 2213 6813 8886 2102 6499 1737 9618 6867 2725 2094 4418 685 7733 5398
26 4377 8306 7000 5686 9819 6809 1098 8058 8843 4167 9006 3606 909 6975 7797 7932 1049 4849 7358 8255 8639 746 6365 2677 2540 9380
26 9003 1447 2520 989 8253 8595 629 930 4907 4634 5154 5139 694 2348 385 4333 6037 5365 1829 3219 4928 5431 4697 5443 1009 8700
26 6783 8213 9412 8546 8188 708 2797 4227 4767 7407 3556 9023 173 8863 8015 6471 9009 2616 7450 6166 7348 4474 4315 7719 6595 6919
26 3708 1113 9845 7226 6729 7811 2652 1297 4247 9724 1911 2137 3796 3367 9423 7839 6145 4975 8315 3716 7744 6631 7395 6151 7772 2627
26 1992 4717 6951 6718 1386 8854 9035 1458 21 2468 4515 589 9643 1770 738 5281 1657 1730 5671 7850 8095 204 3041 5973 4057 6748
26 5868 6656 6327 9633 5503 8412 5260 5969 7267 9574 1897 6262 8107 8821 2685 8436 7973 8392 7053 9338 971 2886 3422 2157 2019 3724
26 4094 3049 3865 2537 5627 3940 1182 2948 8664 8063 8307 2850 4044 214 786 7107 5448 7893 9173 460 8295 4303 1064 8119 1230 3631
26 9563 3257 3024 4838 9477 7448 7933 7169 5105 6140 1771 9722 6679 3567 4694 6990 8045 9398 87 9257 2503 4392 8797 2423 9829 1547
26 9927 7435 6068 7580 2937 3117 8228 8945 2374 8550 724 8692 1982 6530 8357 4727 6303 496 603 6797 8983 6136 221 1425 3858 9776
26 1543 9349 1142 908 4396 9158 2665 9133 2796 9998 3574 7220 386 223 2447 8280 6126 9445 358 9580 9540 3683 7953 4649 6266 2818
26 1305 7188 6536 6293 9037 1487 5861 7837 6548 8064 8976 6540 9630 9244 5793 654 4765 3151 4116 1091 2807 7577 8838 1148 5876 1247
26 2883 1414 9806 5712 2651 9381 1942 3930 9438 5534 4569 2631 8270 6204 9506 8347 1007 9285 7332 8124 8899 705 8722 3520 7537 5665
26 9393 9985 9965 4153 9180 3732 3434 3258 2048 4121 3428 5122 3141 9175 7419 7322 2303 4118 6976 5624 3492 5617 8910 3080 3107 3528
26 7070 9649 4170 3717 3051 3439 4958 1561 1589 582 6713 7807 3473 6859 803 8317 7240 9315 9261 8999 9301 8223 5623 1278 3335 5370
26 6263 1492 4624 3475 6222 6380 2394 3373 9632 4787 3474 8177 7999 1145 1446 2476 1975 7925 6768 5056 9590 844 1479 5817 6603 616
26 7957 5027 5466 5757 9511 6272 5809 9424 5998 8901 4073 4688 9428 6798 5419 6337 8757 240 5776 9841 5489 3637 8636 8647 1522 231
26 6912 9733 1363 3875 7628 2927 7745 4278 1176 9157 9361 2620 5052 2903 3352 7622 2655 9582 8558 3071 5871 5814 8130 7899 3518 3994
26 4742 7140 1376 984 3414 7901 8737 4397 3811 3145 5583 924 1078 9651 3296 3516 6079 3642 625 3350 4670 4702 8602 7748 1951 4120
26 4948 8458 1869 6360 32 6182 105 943 4824 4453 3356 4988 9955 8969 3076 687 389 8561 838 5266 6508 49 1683 9499 8372 4750
26 2356 4796 8224 6563 8187 5679 5764 458 9160 3498 2309 3447 9682 1933 4572 9086 6347 8305 1574 2987 3162 7696 3715 7496 6853 3402
26 5693 3409 965 5777 5678 8665 5576 8631 3044 275 8906 6226 1235 8077 4739 6528 8852 2149 7688 7487 8685 1600 8082 7436 7356 1343
18 5480 1024 6786 3544 1922 9824 9639 3896 6386 3597 793 1682 5233 7720 4210 9488 9034 5592
26 5324 1838 8370 3566 4481 9202 4819 3211 9441 3454 2375 3340 1761 8539 9233 1124 6276 1249 2647 1849 6895 5811 4399 3923 2839 6439
26 4379 7028 3459 975 6425 7162 1511 8956 6134 3799 2841 7626 5742 1533 4762 6490 7447 7851 6878 4108 6207 8790 8861 7026 4897 5720
26 1192 7687 8713 69 2235 3993 9964 5513 9844 2622 928 5767 4730 5157 6320 7056 7541 6351 7185 3720 5207 9309 5978 662 5923 2055
26 7463 7198 200 4973 146 9647 8860 1257 2557 2933 9444 3907 8242 6928 3360 7160 5333 4954 4488 3268 246 5883 3128 845 9811 3880
26 9514 1323 5553 2605 9182 3215 709 8164 3476 7920 2546 1286 4549 7321 9664 8362 3365 3890 3252 1582 6673 4700 4519 7409 2864 3857
26 672 1384 481 2904 3565 3636 9151 1480 4046 194 7757 4168 8544 3939 8971 7923 5648 8592 3548 4447 2435 4054 3349 3369 805 1510
26 4644 3918 3779 6058 9450 9537 7506 1299 2769 4104 3282 7935 8961 1116 8632 6169 9235 3363 2258 3048 555 9668 6158 12 796 136
26 5192 7020 6756 856 9118 8037 9177 5684 4224 3509 9994 5908 6785 7330 6802 7591 5 5618 7910 2182 4061 8080 3576 6461 7731 8874
19 2573 6544 8574 1628 5107 127 369 4775 1391 8746 5470 3902 6396 1026 3337 3246 8972 3440 5438
26 2061 9463 4194 7236 8768 379 2076 8244 7164 9826 2863 5872 6609 4468 6282 2728 7155 3497 3954 4797 6731 9203 5460 4905 8939 2848
26 2718 5562 2118 8338 665 9645 8028 7501 2568 9106 6619 8009 4407 4789 6286 941 4612 551 2069 5752 6449 3106 7950 1052 1841 976
26 6689 3249 8548 9071 5539 4786 6971 3790 485 9299 8755 5442 9821 1382 6697 6324 7360 3164 9745 8056 4753 2734 7489 8648 1758 1378
26 1097 6502 892 9249 6133 4063 2790 979 852 7065 9542 9152 3201 2269 3074 1925 6315 9791 9500 5940 6592 6770 3819 2606 4446 5415
26 2720 5615 7684 9144 633 7477 4477 2025 3874 5329 3443 4264 467 4454 2524 7291 3332 4548 5774 7431 3876 145 6950 1115 8718 5501
26 3147 658 8979 9382 2541 6814 2661 1644 6757 4628 774 4810 5925 1493 3391 4389 8172 3515 4081 804 8626 5845 7863 2786 6533 5504
26 4601 3546 8274 1755 9341 1324 4756 3731 6067 2498 4330 744 728 7250 4529 5614 1765 2101 6232 1076 8456 7079 8096 9095 8884 8210
26 3549 4873 8902 3108 7581 2291 4798 7532 9526 196 6692 2244 2340 4876 2485 752 2466 1401 9310 4095 5750 8507 9656 5388 3975 6453
26 2316 9402 1489 6744 8059 8112 7773 516 9515 8047 3595 1624 103 7853 9683 3545 5595 5110 8859 1285 9439 899 9690 2210 757 4803
26 6277 5218 3368 9045 4914 1537 1768 6268 3432 463 1840 7750 6122 6560 2619 3955 1828 2801 4737 5145 4726 5198 5407 5047 9560 8154
25 9619 3311 6190 5226 4862 6251 2360 5632 3505 6253 2636 2024 9862 5258 7832 2873 4684 3132 5912 8964 5555 6872 296 3871 1677
21 768 6740 3601 2866 7882 1553 7025 5526 6793 5559 9358 1525 9372 5950 4745 2454 888 7670 8276 2625 2704
25 8967 2053 5621 9353 1913 1331 6359 3909 8051 7866 594 4487 3856 731 2719 7371 160 1950 8497 6330 4760 1636 4996 4203 4277
26 4494 8783 5377 9297 2570 8367 2430 9687 4114 6451 3645 6042 5862 9708 2256 5696 8994 2038 2650 1793 4283 251 13 8613 8612 8582
26 713 3005 4661 2399 2352 7916 6279 9228 1464 9056 8547 7588 5986 6264 4597 1554 3506 5261 5200 861 9343 6421 317 8925 9700 5697
26 1867 7329 3910 615 9712 8876 2377 2108 1799 8109 2935 4843 3650 8297 1671 1022 8135 6937 3020 9197 1490 1129 8183 1288 6819 5859
26 606 8149 3557 9549 2528 1352 5087 7940 8401 7222 2808 618 2017 2582 8170 2757 4478 3804 3937 1708 5276 9200 3945 2321 1962 4319
26 6815 1773 2957 1252 2178 7912 189 2558 716 9987 2051 5999 1253 7071 8584 4001 9605 917 324 1085 7204 1279 3671 1191 8106 9517
26 6377 4208 7927 7243 9130 1902 4965 6178 3173 4840 5985 1818 2756 1727 4165 3598 335 7858 1426 3653 5290 111 8589 4723 566 5723
26 8731 19 7373 2167 7382 4880 159 6882 4072 9141 3295 37 2159 8512 1057 4817 1329 8600 4480 3800 6489 9340 831 3836 3860 2770
26 8518 9935 332 3200 1175 2954 6716 2525 1104 5569 2438 4092 7621 7854 5367 5611 6299 1648 3301 5450 38 3727 3571 6569 4133 1019
26 4071 8024 2782 656 2245 4171 1152 9440 8075 1924 4718 686 8415 9755 9621 3419 4945 5115 1103 1759 2830 5345 3274 8404 6152 20
26 5934 3990 730 8816 7698 6705 8804 3623 8182 202 7502 8470 5904 914 8442 2027 5128 3705 8913 413 123 1336 4242 6481 4911 2597
26 7861 2603 6741 4225 9065 6989 9357 6868 7610 9694 8764 2478 8565 8476 3283 2282 1370 8322 3303 3899 8423 7740 4752 3611 7601 4538
26 7401 8932 9274 9485 8796 1587 1509 6674 7817 1389 3213 5785 6522 6977 50 6588 1711 1703 9032 9332 9036 6933 5581 2516 4909 557
26 9675 2233 6410 6474 152 4636 8597 7078 777 688 7599 90 1538 5019 3387 6636 9050 8117 2120 4766 3037 8411 2326 9277 398 8543
26 6901 190 3354 8285 982 1349 9156 8407 5101 1188 9407 1034 4881 6755 5739 7835 7376 9501 7765 7878 5974 452 4813 1581 8865 181
26 1138 3294 9385 57 6238 2984 1443 7576 2234 235 7077 7879 9978 5956 6174 8241 9969 5677 1659 7144 7213 308 9210 3238 9717 7173
26 3608 726 2649 6338 7663 81 826 5702 6681 4204 501 3894 5166 8513 1885 9510 7031 5378 8634 8880 31 2550 9129 4197 5265 4374
26 9679 7114 5540 7870 8155 6484 5400 8023 929 4426 2596 7189 5216 1743 43 2381 5863 3670 4577 1577 5927 5972 6112 2610 2964 4662
26 6724 3236 3092 7934 3616 5952 353 352 5076 2599 2740 9884 3045 9237 2785 1611 6532 1347 6516 4580 8577 5404 2683 9446 9736 144
26 519 4387 5887 7602 9138 2831 2187 5160 5909 8446 3699 6102 4710 8842 2254 5035 2542 3552 3884 8929 9689 259 8879 2847 8001 2276
26 4090 1407 4164 9575 9681 772 8694 1051 9324 10 4777 2437 1314 812 7313 7327 6215 3324 4600 4183 5791 7044 7154 6088 811 7161
26 9409 7993 5017 9104 354 3970 9900 6727 4209 4642 8108 6234 3150 9079 1782 6219 3639 4816 2195 2692 427 8195 602 4554 7002 6260
26 4214 5227 3989 6186 753 3315 2543 2875 2206 7305 9049 4335 1516 806 9653 6545 8417 2484 5126 5634 2629 4968 4611 4295 2203 5606
26 8708 6485 3510 640 381 2585 7118 2630 9837 4821 1255 4198 8115 9933 7958 2365 3385 750 2533 1280 8499 5162 8174 4841 5865 224
26 3030 8557 2511 7277 3842 8236 6784 6367 7843 7341 2151 5350 3808 2644 2499 8469 8944 3725 9662 2747 8451 7343 8156 3987 6931 5571
26 700 6135 2975 7337 3026 8403 2753 5221 5919 4087 2715 9337 5308 8387 7280 4870 4030 3733 1258 7639 4589 3441 2277 5891 4799 3380
26 5445 3276 8573 8133 3232 6643 3904 4244 9810 9328 754 4093 6774 9877 3511 3006 1957 7775 3517 4215 4967 3250 9189 6518 6191 4891
26 3817 3651 9255 3816 330 3435 6197 6582 7145 6345 7090 1753 8593 7397 7504 9017 4960 3297 4146 1481 5246 4908 8249 5616 2238 5538
26 666 1860 9401 9628 9497 5366 230 1943 8659 8334 575 2762 2299 8258 5850 4336 2239 620 4110 8608 5831 783 4785 9025 1923 7093
26 6663 1406 233 9042 1676 1686 1415 6161 3584 9362 6820 434 4805 7551 1672 3707 6720 3822 6899 73 6394 3681 1633 3229 4018 9916
26 6831 1855 5732 1233 8079 2706 3694 8830 3085 8366 4378 7510 3359 7939 8679 8234 5109 9201 2083 1795 4534 9759 5596 7166 5471 3021
26 3167 6404 211 497 3778 6066 7746 5835 8952 2561 4582 9716 1402 7582 2739 7675 3908 7979 7841 3835 9875 3343 9775 2623 4185 3386
15 5983 7156 6159 2338 2060 9375 8272 8820 6680 613 5067 8199 6436 6014 1114
26 7499 7612 3461 4705 8609 9262 3507 6121 6769 5040 8289 9163 8725 8250 3136 1056 2820 4192 1270 4052 2593 2007 349 8482 7758 3985
26 5235 6735 7248 7085 5783 2900 5193 2164 9659 6641 9026 8153 8811 4323 3091 3342 4334 7304 1520 1390 5641 6445 197 6981 8113 7058
26 2297 8302 2401 4202 9949 5457 5116 2315 1411 8502 3714 8549 8061 149 1719 6869 2085 621 9041 5531 5121 4161 7165 3134 7335 3883
23 7804 1651 9627 5957 9738 8951 584 3155 820 3277 5072 4290 6505 42 528 4252 5893 3504 6964 4401 9005 8222 2554
26 5717 5491 1564 8747 4854 6062 8970 6583 8312 2846 4096 151 1714 5220 3331 309 7295 5119 8744 3309 9873 966 8313 2833 778 6997
26 9305 817 2711 95 2323 380 9889 8266 6930 8491 5133 7125 9548 7802 9899 5483 218 2579 6623 1028 6614 1726 6177 7751 818 3097
26 9216 8630 4815 4285 5344 1613 4724 3203 2057 6622 3963 689 9554 8361 4974 824 4740 346 9995 1987 6005 6285 5653 1087 994 8921
26 2917 8158 1030 3083 761 9923 4858 9264 3157 3269 5083 6423 9661 4025 9665 5336 9853 3953 4216 1675 1086 4791 2730 5312 8552 8054
26 3555 4048 7631 267 39 5088 7457 1930 7592 1656 2959 6513 1050 7914 4276 8233 2974 7970 5418 9777 5836 2298 5065 5055 6350 1150
26 6745 3758 4196 9705 7442 1733 5603 1309 2264 7763 7062 9278 4075 7331 974 6675 2419 4719 5493 5272 4288 8867 5737 4731 1359 6479
26 3988 1170 4507 3411 9457 6132 7971 9272 1117 9321 7266 3182 3072 3861 1610 7345 6661 3125 3177 8712 3028 562 8278 82 5508 9796
26 5300 2738 1023 313 9190 2613 1631 9027 7749 2179 1012 9490 7734 1796 1171 8427 6787 2569 1878 2070 2865 8849 107 3652 722 7404
26 622 7320 1995 4246 1491 6336 560 3088 9474 8186 4486 6488 3016 8672 5963 1375 2889 7519 2744 882 5410 9608 329 5361 6585 3286
26 7119 6884 5282 1777 607 6967 8300 286 193 7627 7587 8261 8833 2197 198 8623 1856 8443 764 2302 8364 6845 6496 4927 9938 5253
26 8950 1637 8786 4657 4297 8642 8585 7691 2397 9208 9302 304 3266 996 8810 8875 1996 520 192 466 3932 9260 1669 6978 758 3618
26 7929 7889 9282 2382 895 1294 3062 2395 121 9360 153 7298 7520 7505 7098 8286 4771 9236 3063 9088 9585 9676 8858 4844 590 8171
26 8477 1784 3739 6069 4024 9710 5045 9082 9482 6443 3404 6047 8359 3130 6376 3001 2816 3096 8011 5788 5928 8468 8538 2113 906 5629
26 4059 3640 9559 1997 4709 9981 2330 8560 7793 8293 2765 1783 2129 3660 7549 968 4341 2701 7634 8714 8635 7669 8282 7834 5476 2659
26 3693 3826 4575 3105 2654 5422 1862 5070 4689 6696 3161 3828 537 7217 9318 8778 2590 5546 4599 7308 5673 7349 432 8078 8057 5244
26 7952 864 3188 6076 4035 7990 8667 4871 6699 3547 6602 6682 9686 4423 9471 9386 2514 6887 3726 6100 4504 314 7611 4424 1705 1948
26 6961 5727 2751 3740 1555 2128 1109 7516 281 9968 1781 4898 5259 6117 8680 745 3943 1413 2058 9600 5657 7214 3113 8 8519 1006
26 3371 7379 1218 2981 310 531 6672 5514 9192 4499 3967 112 6778 7699 363 7674 8896 1764 8759 8256 7279 5521 7964 8429 9097 8350
26 957 6849 2288 1977 3420 5409 7309 3228 1198 4456 8650 1822 4429 3061 3917 4835 9188 1916 6369 3933 5129 1507 5148 1652 3478 6063
26 7108 400 7792 6340 2551 751 1846 8869 4470 6223 1416 923 5851 9275 6504 8181 1548 6568 7038 1354 1367 7885 5753 9387 6170 3032
24 1269 8055 8563 3906 3789 6346 1494 7678 3536 3592 5073 4543 7538 1926 748 9961 1851 2890 6355 8723 1881 480 7509 6944
26 5860 4583 9030 6012 5169 2919 7729 3648 5567 8918 7865 4483 7402 3738 1706 1321 7258 6577 9107 8625 4556 390 7717 3264 3755 6870
26 6228 3760 6409 6413 6244 2385 7693 5099 5879 9881 7009 2684 1976 2995 2500 2772 9437 9344 2727 8053 2815 2836 2103 797 5458 9766
8 2591 5903 8554 3594 6886 595 5298 8727
26 6916 1609 3603 2305 7492 4986 7061 8819 5907 1842 5976 8576 7978 771 1941 2150 2428 4448 6095 3192 4808 8433 7163 4904 1306 7795
26 4618 9405 3017 6128 5351 1079 3609 5564 5074 5658 543 274 4430 4152 9448 3809 9519 8568 5755 9885 1303 4780 9971 8735 8674 4243
26 222 9347 4233 950 6101 7096 8506 9089 2645 1748 8344 1342 733 3299 3525 7486 2416 9973 7589 6017 8467 5251 7801 2794 2449 1212
26 6198 8736 2690 135 9492 8973 8220 3622 6379 2272 3328 9783 6833 8992 7095 6362 7887 4827 3831 3944 4132 4691 6514 2656 1701 9430
26 273 3197 825 7380 1474 5994 8378 3798 7894 9221 1921 1882 3489 547 1136 8889 1890 4991 5488 7390 4596 5252 371 2152 5790 5543
26 5086 4693 4421 3375 7534 2696 1211 7812 4772 8721 3610 5573 3139 1545 1836 8050 5270 1704 7774 4253 526 3644 7073 9461 4716 6494
26 769 1605 2198 4666 9897 7135 4433 6932 7573 2042 6292 5704 3241 449 9688 1623 9081 2022 7644 4229 8908 8948 4820 1327 9577 2163
26 6695 2424 3947 1500 6762 3477 7513 8237 816 7712 5314 5651 1275 260 9170 703 5823 5414 9098 4431 911 1812 6844 9383 9558 9329
26 1005 7287 608 6029 6446 3393 4356 3735 1330 4472 3293 3159 8993 7871 8975 1373 4381 7033 1080 9794 5075 7803 5362 8430 2243 3969
26 5424 2538 4006 3605 6538 2771 3532 773 3635 5256 1772 2452 9112 8689 9870 7608 9856 7242 9099 2369 4743 1482 5846 6943 8770 3458
26 1803 5721 4830 1000 9527 6270 2362 7829 8160 6678 6726 7046 5249 1291 8076 3272 6759 6651 2638 5467 9069 2993 9061 8226 9918 2658
26 3307 5387 1010 9757 7883 3181 1016 2122 7564 4358 6495 2837 8817 3674 2892 4500 2081 784 4931 3084 834 792 6470 1093 8862 8069
26 7561 7464 2896 8991 2635 3102 3531 4699 4074 395 5143 6772 2016 6829 8954 7976 7294 2932 7022 4627 1112 8707 900 9196 1823 1558
26 5245 7398 212 2412 6398 671 6893 4939 1896 5670 3877 4136 3962 125 5655 5007 7961 1108 6408 411 8891 4769 5209 2880 4241 7049
26 4307 5808 5920 3972 7685 907 1937 2972 865 5208 7689 9114 9480 4663 7848 7063 7449 9161 6310 9502 8866 4134 3741 1204 998 6185
26 9888 1438 5006 8940 376 1232 1985 8984 9789 9420 6728 2506 5292 2950 5980 5175 7747 681 3678 5669 99 5131 7977 4040 3185 2273
26 2660 5875 4910 511 6739 5642 4331 9238 342 776 2535 9498 7326 3395 3376 5898 3810 8466 8483 3479 5560 2604 8877 3791 2408 8217
26 117 7230 530 802 6023 9678 177 9553 9754 893 5026 8775 6858 8143 9293 5568 4385 9904 9603 8005 7359 7681 6979 1141 3749 4186
26 4687 902 8207 6021 9116 7245 1583 2693 3750 319 3593 4997 6442 6948 5984 760 6162 6259 9352 5797 1231 0 1473 1576 4432 3617
26 9581 3596 4863 7174 6119 5837 6956 76 2393 857 8974 1130 8127 6608 7377 3312 3582 9892 3306 9016 4261 1586 8696 6840 2983 1038
26 1194 8104 4080 8823 1684 7636 4089 5915 8638 8551 8646 7529 2990 5552 8583 2584 6554 5331 1808 8716 3702 8503 3787 6294 8947 4124
26 4637 7210 6765 419 8128 4713 9962 2842 5709 3757 4365 8748 1316 5575 3961 5330 6980 8754 1360 4721 4616 6368 4257 3591 5318 4955
26 3281 5237 8968 4205 8042 1181 249 2547 130 2417 3222 283 5000 766 9181 8805 3198 3768 4999 7317 8579 6019 2337 1084 910 4103
26 6541 3579 8832 2036 8298 85 3867 2867 1069 6684 5804 7655 1629 798 1763 727 5828 1268 8604 7170 4313 810 926 3126 3408 9536
26 6706 2942 5369 4064 4101 9833 524 7562 3570 736 4473 4590 1035 7741 9663 1650 4526 9695 7828 4151 7739 8205 4079 7303 5390 2169
26 8703 8792 854 6503 2787 4643 3785 1004 9303 1612 9779 1310 1953 877 4097 334 4222 2811 1542 1070 3957 5533 5536 9004 6721 9476
26 6913 1689 1267 4450 7113 8806 1081 3469 7381 8871 918 4325 4626 4258 4754 8697 1673 3034 3996 8781 6435 3742 6148 8043 2410 7223
26 8711 8020 3317 1994 2997 529 4792 4879 1292 561 1420 122 5705 6552 3521 7201 3801 5946 7780 1225 9642 4463 7618 4273 2134 8710
26 8395 8484 1121 3116 6402 3345 408 8481 523 8027 1980 3115 9988 9828 2560 5802 291 6837 2379 2529 2853 2703 18 1488 7586 8957
26 3855 5743 4629 3325 6703 2368 2275 7830 1248 5289 2526 2237 1546 2913 213 7175 2572 5707 3581 345 6701 2985 791 56 5682 1410
26 1874 9406 9469 3191 657 7010 3624 6659 1048 8511 8428 8881 9929 2285 5255 5966 1678 8461 4609 5726 5613 5867 2287 6968 2286 2117
26 372 4781 5425 9680 2250 7856 2640 7271 7918 4086 3323 5097 6176 28 6224 3060 6091 7607 8762 4390 5544 1060 9427 2463 5666 626
26 961 8459 8254 290 2409 2527 2115 9222 8444 8125 9919 2153 2960 8335 8248 1696 4201 1089 8619 3240 6606 6702 1234 1966 9311 8131
26 9979 2026 9316 5668 881 3759 8373 2292 7361 8007 1592 7615 9183 8779 9958 5906 503 9528 9124 5328 6108 6914 1452 2819 3586 5841
26 6807 9452 8588 1508 1496 8996 4420 4834 7370 9934 3186 7507 7944 6008 5183 2012 5736 3852 9048 7495 6411 6096 3046 5647 6113 8301
26 9325 1013 8448 8868 6357 9276 3839 7907 3782 4043 4942 7101 3832 5729 2712 3018 340 827 5765 1483 9217 9771 469 8541 1805 5586
26 734 1381 409 9654 6438 4485 6081 7515 8743 4340 4357 7195 4032 1486 1502 7500 4492 3118 9982 5683 1213 7606 436 6644 9589 7441
26 9799 7180 6420 9002 9751 2745 3709 7659 1179 9734 9658 8601 1690 2190 6469 2155 9453 486 6690 7544 1059 8386 5202 7565 6650 1929
26 375 8262 5771 7884 8795 169 4497 2095 6838 8624 4747 8284 7819 6790 9572 2549 9991 9728 7067 36 5127 5003 4308 7391 9753 8377
26 6694 7553 8328 7874 8788 3775 7014 5770 7366 4793 7560 1031 1964 4578 1187 4579 6660 7027 312 9414 7660 756 4795 8083 8453 1134
26 1888 2123 2455 9696 3047 4326 1738 9054 2534 4394 7148 9533 7528 4382 6572 6564 5706 4889 8474 7526 3703 1662 6576 7568 7533 142
26 4894 3138 3403 507 8831 7643 9265 1872 9436 8883 5384 6415 3613 634 2242 94 9578 167 2427 8818 8341 8487 4759 9371 737 2813
26 3471 9852 6296 4941 7847 9364 8782 1476 7392 7120 8627 9136 7106 7179 5383 1237 226 4425 504 652 9339 7946 3983 5434 3218 9326
26 306 3773 47 5663 9171 2343 8263 6056 3007 4654 3267 5502 8532 5852 6033 1183 6001 8531 7225 6477 9692 7136 58 5474 1559 2208
26 2559 4520 7638 7554 6591 9836 9604 1979 3271 4667 5472 8872 1789 8197 139 5607 7458 7157 270 9051 4444 9280 4976 4069 3480 3569
26 8329 4511 6192 3921 5495 4872 7066 550 6120 4685 6447 7007 6574 5639 2522 3320 2980 4436 9178 9525 7776 7202 7524 9818 8898 8022
26 5343 3148 9869 1 5291 3669 254 6596 1428 4550 4533 6712 4419 2936 2294 8522 4708 1895 5528 3633 1549 3898 7183 9369 4042 939
26 5716 8586 4630 2425 2180 2406 8851 1710 7760 9015 1394 2400 322 9774 2405 3081 4603 7545 3206 2726 5096 6209 4310 8265 7182 5672
26 9864 8566 6245 3453 5674 4607 2966 4117 1045 93 4212 2390 8169 7583 9422 2091 9076 995 8389 4707 2588 2064 5563 5758 5230 2508
26 2576 8073 872 4920 1693 2732 1475 9031 5630 6203 338 1519 6629 5849 1707 9989 4513 1462 4193 4934 6311 9997 1731 5413 6364 9472
26 268 3193 3068 1685 6399 7988 9952 934 30 8799 3137 7192 600 8845 8738 5339 2895 1440 9279 4174 1184 4977 7057 6635 3723 8850
24 7110 9246 6804 3915 5830 9232 6237 7680 5486 9219 7384 9460 1284 5274 195 3820 9587 1744 3153 7954 7597 3797 2411 5988
26 445 7512 8440 3398 3112 8742 4300 6562 3534 2063 1914 9113 3101 4565 5164 6812 7852 5826 2168 6217 9984 3942 4383 6994 1722 6111
26 920 5213 7613 3119 8605 9742 6962 2612 2043 9001 1814 2595 6020 9447 5681 6736 1632 673 7518 9443 9942 9336 6782 8091 8517 3346
26 7318 2079 9813 9254 2041 9394 1700 7103 2052 2931 3436 4950 2284 2396 9945 3244 8202 931 5403 788 2775 7888 5311 8641 7714 8789
25 9901 2536 206 4782 6078 7387 7274 7931 6848 6181 8516 5689 1998 470 1606 6229 7396 7139 6835 5609 479 1158 6007 3620 1001
25 7040 6123 9186 6984 4615 46 8990 711 8033 8017 3070 4770 5877 8294 1618 2088 5327 6841 532 7947 5935 265 1195 5376 9635
25 5982 5572 5636 5602 4587 9033 3824 9028 1791 9300 1308 5475 77 3484 8812 264 179 5916 4972 932 5095 6441 1120 8232 5449
25 8102 9996 8410 8856 4659 8030 5100 3305 5386 2141 9139 4809 361 1666 1033 9807 3431 7480 6929 9891 3744 2628 5806 9831 4790
25 585 739 1339 5815 611 5766 8101 5394 52 7806 1741 8616 2231 1857 841 4166 1687 6284 5297 3248 755 5833 9146 8490 1318
25 29 2436 318 6818 2480 4605 64 4895 808 216 2777 2749 8931 3700 4289 7302 9959 7868 3407 2970 7821 6941 7673 2457 6127
25 2941 8425 5089 8653 3663 6753 5021 8014 9370 7967 5005 1551 6823 9269 6620 8478 1361 9204 8733 8355 9426 4570 3641 3887 5046
25 8962 1372 6125 1723 6969 388 3746 6865 8072 6036 5411 5537 512 9435 1769 4505 5355 2800 1526 6954 8267 6195 5652 9214 2227
25 4855 8848 150 1503 1365 1453 178 6579 5878 8767 9029 1918 5320 2398 1164 8354 9756 5643 7059 3388 6291 7938 6627 8168 9176
24 7347 8699 4848 417 6512 4344 7466 2107 3765 4608 9803 9021 7522 5068 4517 2517 2872 6010 5745 4983 5037 5130 2252 1958
25 9140 9052 4794 6710 7809 2110 691 7727 6179 6839 2345 9706 4217 7273 6561 6464 9122 8349 9040 2372 258 1698 8089 2224 1304
25 4887 7082 7372 3680 8191 2673 5713 4302 9950 4981 7701 4457 8621 7531 227 6628 9855 4755 9529 7845 7437 1015 1095 679 9860
25 489 9473 7648 4703 4913 8273 6333 459 5317 1590 9778 2205 4464 2004 7584 6637 5286 2826 8408 747 5283 5044 4540 7702 3892
25 297 2714 2539 9464 3807 4593 2355 9612 4557 2177 5284 4388 3212 8628 6511 983 2367 6427 9404 3143 8238 2643 2259 2773 2509
25 4143 3575 2566 3114 2653 1745 3261 6746 1197 612 5730 7570 1065 6025 682 6827 7667 7030 4304 9058 9861 301 9454 2289 5408
25 7088 6329 6473 5212 7922 4021 2386 8730 4734 5247 866 3487 4647 8314 2389 3526 2496 1238 5461 1039 1739 6348 2843 8319 7375
25 8728 4648 1955 7579 5751 6280 3165 5001 6885 3308 2308 2344 4459 2632 5525 8496 878 9059 4956 1928 5337 2946 2211 7943 7467
25 9283 2512 482 7122 3701 1459 2969 6114 4722 5041 8590 2268 9718 5578 9509 5518 628 3019 5178 1575 68 8943 690 3012 1055
25 8509 2788 6003 846 8937 8882 1433 7873 9230 7259 5417 5810 6846 3242 1469 5430 7212 9399 6688 9465 4860 9746 5964 6917 5939
25 1978 699 7446 3560 5914 6196 9234 1944 7045 1598 2504 6926 7735 1749 2351 3881 5084 1616 143 6065 8501 2013 2671 9637 5854
25 580 8021 4720 8146 8034 5838 3770 2989 5380 5901 9583 9150 4190 5728 2587 8162 4847 5066 4412 2096 4466 4180 6057 3172 9990
25 2008 2006 1054 5756 6985 2240 3901 7794 1271 8988 5353 1217 456 6996 8936 668 7890 3806 8393 7452 4510 3533 2193 4127 3093
25 741 8739 3821 7572 1845 6026 6832 1302 3691 9508 6240 238 5357 2279 8060 7921 478 6632 5144 573 8092 5429 3762 3719 3619
25 5341 4836 245 4020 2939 1746 7761 5009 365 1946 3672 495 3763 5558 2003 5456 6626 9760 3934 1172 2976 6573 2100 447 7131
25 8189 1206 4867 1102 4645 6698 1660 8987 4564 7796 1681 5313 1597 186 5882 1449 829 7908 2855 79 6302 9223 927 3780 8980
25 4842 3104 8040 1430 5628 1355 2445 1431 698 1424 4219 405 6414 6556 4262 3361 4155 570 6889 7859 4337 8834 8606 3863 2271
25 6965 8978 4833 9947 2464 4555 9284 6999 9859 7842 1041 5389 7353 2991 2215 9699 588 2387 8409 3868 3040 2391 4149 8374 1887
25 4150 7129 533 7193 8421 1721 799 1140 8661 6378 8291 4845 8822 116 305 7420 1151 89 101 5924 6796 9493 3390 8701 9545
25 2944 3430 6202 2887 4403 9062 3793 1709 3314 1774 8492 4489 9748 2186 8161 6256 1333 858 2968 140 8479 7052 1599 2456 464
25 1993 1090 7406 5888 2207 9429 403 6566 1539 912 4002 3416 2793 1654 4560 6938 591 6497 237 2136 9391 6035 4886 1562 8120
25 2869 6877 2681 3783 922 156 5910 4113 6306 4690 9983 9709 3919 8068 4932 7771 632 7919 6040 7963 3488 2133 6911 4778 4158
25 3103 5358 4761 5054 2952 8094 6098 2907 355 7389 4562 5715 4912 9704 8829 1906 5412 5223 8611 7826 182 7617 3417 5446 9374
25 2912 8323 9890 3602 2140 6805 4888 4491 7167 9000 9085 3123 5512 1827 5416 1894 8839 651 5843 6535 6349 6323 6955 298 8870
25 6879 3334 2112 3230 4366 4749 3418 7081 2023 8450 7440 740 8591 8855 7661 6030 3764 5194 5151 7473 4413 6700 4286 6087 1003
25 6633 4885 435 9625 1626 7762 377 1282 4211 3285 3550 4682 4715 4963 7072 7767 4386 3467 9491 5432 644 9703 1809 7151 5857
25 24 2641 5748 98 6686 2979 9101 7301 6103 5268 1876 5180 4993 1572 104 6667 6400 7254 1742 7559 5322 9596 2583 9259 8044
25 5222 9495 3512 4953 3054 5043 9478 1787 7726 9376 8688 6326 5589 1163 7706 7168 2183 903 7756 7523 8802 1467 108 2032 6492
25 3539 9191 9602 5182 6580 7548 4213 3895 8562 5527 4669 4947 5396 2709 6289 3000 4240 564 3695 8894 228 8684 4408 2814 8122
25 3362 6199 4349 4141 5287 8176 180 5959 544 2078 8705 4949 4978 3841 2545 2010 9786 5612 446 6992 1149 763 7008 7215 170
25 3444 6208 1067 2663 5656 4317 9070 3146 3425 1819 5786 8304 4614 7292 4681 9588 7652 4671 3179 4864 2446 3872 3014 6080 2840
25 8559 4428 5516 7737 5428 7730 461 1891 5140 6437 6600 2978 2956 1262 220 7942 9903 3815 3131 2743 8924 3995 2598 9782 7460
25 9411 627 8198 7690 986 2209 546 7984 2125 2722 4992 3065 999 534 185 7945 569 6549 925 642 7074 8321 1301 5494 3043
25 157 4084 1313 956 2077 7263 384 8239 5302 5768 9880 5032 433 4321 8231 2965 7695 8287 6760 5354 5749 1617 5735 7649 59
25 2020 5948 7102 9512 1422 9134 7445 9388 7015 8031 9843 7790 9732 1806 7966 1092 124 1174 9125 6417 3745 1847 3718 3522 8331
25 2774 4537 6430 6825 241 4503 2667 1364 6915 7624 6625 6325 288 8946 6834 5203 6935 5254 4275 9606 8942 4896 669 6664 980
25 4467 5359 6307 8521 1667 9159 9195 7770 1639 2241 8958 17 8997 8283 3628 7995 2111 1917 2779 6826 8836 9484 5825 9650 1226
25 3168 109 1186 9557 9410 6172 6283 2054 2248 3846 11 6799 3979 9886 7418 339 6506 110 4380 4542 7055 5926 3734 729 4951
25 8520 4414 5214 7668 2852 1263 74 7614 402 1470 4009 6982 8025 8873 4234 4732 8065 5703 1556 3803 9787 6986 5731 1456 4296
25 7799 1625 8784 3966 7211 4099 4696 3133 9322 7149 7620 1132 9185 1340 9416 9327 7238 5574 7126 630 7484 7784 598 7042 9131
25 873 1734 3129 3554 9737 1160 7503 2156 9167 7525 4055 3392 7265 7099 9060 3452 1811 132 373 1063 597 1837 5937 7146 8098
25 8086 9128 1260 4245 767 2556 8324 4353 3491 8330 9798 6459 6137 4936 7703 9883 9253 1858 5884 8012 9567 2145 6051 5855 840
25 1735 6558 9320 7453 1465 3190 374 9566 8103 3127 518 3686 4632 7328 1989 4501 4822 4306 1099 9373 7540 9010 3529 4506 6257
25 5769 1593 4482 4558 832 7778 6657 2246 5708 8134 3661 9767 1345 4874 1409 1919 2918 3217 3166 7257 2460 341 401 4962 5547
25 1778 2748 2626 9562 7034 5622 3829 7234 9143 5664 9205 6773 3330 7137 7969 1596 5078 3668 4367 9149 6343 6788 6212 6405 9281
25 8204 5034 3991 6903 7092 4119 969 9408 4921 6880 9072 1854 3774 1932 3920 1190 6230 9907 1540 3100 3254 5242 901 7235 4091
25 476 2074 5829 849 6927 4541 1859 1101 1960 7231 3449 7718 8673 5093 250 114 7200 5492 5085 6071 9648 8508 8726 6434 8337
25 2986 6658 9804 2497 1222 97 6331 285 5323 4625 9758 9292 859 1999 8920 2708 5759 7470 2849 2472 2353 3971 5204 234 7115
25 1664 2426 4228 4016 5601 6639 993 4163 7483 2383 9848 2861 276 2068 1025 2336 6531 2803 44 2262 4676 6358 1983 8363 7133
25 7346 8892 6527 8110 8575 5082 7697 6163 8193 6866 8383 678 8473 5498 1358 6860 9825 2674 7980 5644 2474 5224 579 8138 8414
25 4346 2717 4405 5156 8955 704 3675 8686 6909 7900 4248 6939 6105 545 8922 7598 3059 3187 765 5960 5895 7087 9792 7896 2618
25 4066 1421 8803 483 9199 8761 2702 8864 4892 6642 4038 517 7860 4621 3960 359 1243 7128 5989 4422 3486 7310 6317 9850 1082
25 9483 4546 8157 2261 6601 4138 6416 4884 4293 4125 126 183 8841 905 9245 344 2489 6144 5236 5800 6032 8070 1642 3543 3984
25 8840 7846 428 4493 8529 7642 4559 1912 8148 7647 4851 2768 7260 9348 5796 3916 2199 9174 8985 5146 7251 702 5239 4479 2691
25 5598 5654 2657 7683 559 9418 967 508 7296 9240 6578 9693 539 4535 5181 7012 2127 7306 3941 407 1118 6322 5942 7281 5280
25 7877 8435 3066 5593 5437 8151 425 7569 9838 3561 1702 5911 261 4521 701 7656 5505 5397 62 6640 4458 9552 131 8607 4350
25 9252 4455 5541 7172 9392 552 5951 1338 7474 2513 4279 4591 7556 8526 6777 4370 3771 5277 4926 1122 3914 9568 6334 1865 5063
25 541 6155 1221 5662 3338 9972 3099 9248 9823 4566 26 9355 9148 870 2378 9047 8966 8633 1691 8655 9521 8384 667 9014 6210
25 9523 2523 9543 1550 992 660 6374 9729 8533 5163 9403 5168 964 5738 8676 5633 8771 426 7127 9271 4563 3460 4918 3378 7824
25 6424 3384 839 2470 8445 4371 949 8099 8534 5794 1123 1236 4712 7917 9350 6385 2471 5936 3558 848 429 2046 8152 7985 9937
25 3291 9503 565 9657 6261 4930 106 4802 9882 3924 6908 8343 6801 4982 9039 3659 1578 5229 6551 7902 8144 3415 1514 70 6789
25 5381 8449 7430 9743 6034 2482 5899 2486 9231 6064 4033 5184 8129 184 1119 5530 5363 6766 4672 2188 1645 3612 7069 4568 2090
25 6529 2899 3426 5892 7535 853 1062 8339 3845 6974 3999 887 2634 3503 7408 8732 8365 165 5588 8180 4509 4226 491 9721 3929
25 7711 1630 9874 6575 1245 9684 2809 5451 5201 3776 3772 4351 6945 2911 8252 2555 9522 4527 664 9660 7158 6991 937 3665 795
25 9187 4706 248 3585 5124 115 7629 7715 6864 6605 2501 2431 5943 9395 7844 8013 6704 5206 4774 2194 6828 1658 4157 3838 1718
25 2278 8209 8462 3938 8368 9546 1412 138 4012 4768 7791 6444 6655 2678 9425 1457 162 6328 8982 2266 7539 3327 3677 2922 3313
25 1833 7471 7249 3840 5135 9466 9812 174 1417 1907 3 6617 7285 7800 3873 3412 3485 5190 2669 712 7481 2161 6045 8211 3825
25 368 9636 9012 2934 4139 4034 1523 509 7822 2154 8916 9142 3551 7047 9801 5215 2380 7992 2707 6383 6401 4162 1043 707 9970
25 6952 4260 720 1785 3493 2404 8485 9496 9584 2319 4964 6855 8200 7417 1485 9910 4182 571 9921 891 8515 6250 4126 1939 8019
25 3527 3208 5996 9524 7816 1311 5803 4532 3031 6201 3977 2443 9470 450 1821 3523 6388 2761 9094 7836 4230 7083 770 6242 8740
25 8406 6747 4686 1844 5913 6213 2453 7764 8097 2737 7755 3251 8141 9835 8828 2676 4524 988 6957 5691 3604 8724 8580 4393 9304
25 7141 5113 41 9634 4652 2578 883 4406 5979 3501 5523 8074 9250 9902 7930 505 7443 2317 919 2005 1374 4189 2914 6 1020
25 5402 315 9586 7312 7246 7595 4328 8062 1736 2844 7462 7743 6509 6854 4573 9762 9093 5961 4598 3322 4391 8352 1295 9317 3069
25 1866 6851 284 8995 5690 5238 9652 5967 4866 7949 3948 7130 6143 34 6758 3878 2226 9615 7426 8765 7469 1202 4220 1439 4292
25 8675 8303 199 2992 2741 8652 1947 6677 9298 9784 1344 1277 2413 2462 7388 4674 2222 5153 5454 4814 6153 8888 535 7289 3514
25 8342 7116 935 6173 1106 6896 4584 1716 7508 4343 9879 3968 6486 1535 9616 3158 5638 7336 5030 5013 6341 4364 6147 9646 759
25 3743 7451 2780 3537 6313 3205 175 7805 6090 3292 3377 2142 6612 7354 8016 8776 8196 3427 2902 2716 5138 3260 637 1826 675
25 1353 2838 9631 266 8167 2075 1779 5219 6389 9462 1383 1468 8049 7177 3483 735 8052 1478 6049 4859 822 3275 1403 7017 6016
25 1973 3176 3830 3058 6537 3958 3981 1259 880 2479 1499 242 4100 3568 9597 4102 7578 6918 6732 4462 5812 6521 8279 5058 710
25 6456 6110 9078 4250 6048 292 5782 3646 624 9534 78 4312 1566 5747 2162 347 1036 5315 404 6046 6097 8369 5159 3928 5179
25 5332 5295 2881 1580 6305 8938 4195 6751 1264 5801 5640 5529 4265 1622 5271 9730 6557 4923 5965 5773 3298 8145 1680 4531 8690
25 6160 271 8309 4050 2781 5050 843 8801 4019 6452 9225 9547 4237 3844 6027 9211 9323 2699 6761 6287 3814 2361 9486 635 5848
25 2429 6752 9487 782 3879 7041 3429 5608 6157 6953 614 6995 5625 875 9725 2832 287 5918 8769 7491 1848 9956 9797 1573 5953
25 9207 2357 6255 6141 66 2126 649 8229 5462 9541 6353 4232 6130 3982 1068 1265 3171 5842 33 1954 1991 8380 9909 2821 9673
25 4788 874 5554 5240 823 3122 6243 2515 15 7368 6116 1534 4567 2354 5754 8394 4254 5795 5740 4287 7423 16 8320 9940 2544
21 9954 5441 4065 4029 3818 4415 2977 2035 6683 936 6830 3011 8166 441 7974 1615 1083 653 7 4416 4865
25 1399 7284 7867 6000 1061 9858 3247 5452 6391 1071 9351 7340 2148 855 8215 3336 743 1274 5142 9898 8923 3886 383 1972 4348
25 7911 8376 1518 7567 7433 636 9975 3754 6808 4014 5364 732 9727 7076 4452 45 207 3382 6050 1144 7664 7563 5485 9215 8147
25 3457 9137 601 8419 5453 8190 1168 1393 7339 6235 714 6167 155 4850 3777 2763 3870 8206 4178 1445 9243 4484 5368 4641 5174
25 7229 7104 3729 1797 8111 6850 6319 2565 9790 3174 742 6897 5002 4804 1839 2097 7023 8537 6109 6183 488 2196 8488 4320 2586
25 8071 6200 5711 3615 2059 9564 4971 3496 536 3992 6298 1471 5326 5722 370 5346 6227 9096 9206 4668 7283 5685 7991 4683 7641
20 8088 457 9289 1835 3721 7558 2760 3394 8402 592 1435 7100 8048 9674 5401 6154 5149 706 6586 2223
25 55 3849 502 9179 7147 4664 7769 5824 2958 2729 4825 2109 3406 8381 8201 9053 5509 6624 323 7324 5932 5894 9507 7112 2845
25 5902 7704 3786 2856 5433 7425 2270 3621 8904 5532 683 279 9331 4902 8753 1816 574 418 1484 2562 2564 7297 9747 4 1254
25 4098 7319 7097 164 1910 9242 7176 4924 1392 4868 3508 1668 1371 6923 609 2871 6611 54 8751 6194 1128 1074 6676 8137 9915
25 9626 9544 933 208 3270 3290 2505 7080 2444 6581 889 366 5080 7960 1965 9119 868 4576 879 9814 1366 807 9220 6258 7527
25 5304 2928 2758 5352 5241 7344 9817 9980 387 2938 6038 4440 4417 6249 850 2971 5022 5549 7421 4574 2925 2502 9024 7789 5225
25 1880 6669 5285 2982 7665 3482 8542 4449 9074 2694 8268 5981 6714 7619 972 3927 4465 2028 9468 2251 6015 1728 6973 8808 3064
25 4495 4255 128 2333 7208 3784 6593 7194 4784 2089 7645 9939 6733 8495 4176 4015 3472 4427 3226 1517 3265 7369 6693 1602 4160
25 7640 3029 4109 4602 4123 9561 8038 8288 894 6462 3847 5561 7461 6707 7815 9750 8643 6668 191 522 1935 6717 9123 9876 7700
25 6649 6924 4299 3666 3370 7972 5062 9644 8599 2332 6290 4979 1604 5217 420 6309 3711 362 2488 7981 4434 3950 9198 9936 9227
25 5091 8715 5025 7787 6009 6013 5014 3278 1861 9397 6920 8264 7798 4322 8844 7333 954 3956 6278 8066 5822 955 4779 6546 472
25 8587 7677 498 9314 9419 3952 9539 4105 9611 8926 5880 6970 4280 72 1165 9598 3587 2812 5775 51 6621 3310 5395 2221 2530
25 5406 5990 718 8637 6638 5444 1695 3722 2065 5039 5886 1289 4919 4076 3004 4678 8388 8472 9063 440 3676 4735 6959 1898 5020
11 2212 5371 3022 9769 7840 9868 2192 9077 2040 8935 7482
