8 8773 3149 233 3906 8111 4415 40 8730
26 7013 1879 2641 2338 6454 9182 1922 4775 1069 4086 7791 6540 2978 201 3352 2256 205 829 2251 101 8053 246 7052 9024 5443 4120
22 6252 4011 6669 8816 5566 2528 2625 3258 1391 6684 8186 5104 6542 3613 9663 7725 7590 7855 6632 4271 7509 4841
26 8890 3008 5487 1276 5477 9610 5082 7727 6727 7817 7967 5880 4440 8129 3076 4571 6219 3823 2069 1390 7213 5972 7611 7183 3172 1304
7 3696 8088 2422 4673 9871 2799 7433
26 1178 3692 2649 9830 8766 6584 7811 4497 9513 7305 6713 793 7507 1629 3312 703 2239 2149 4447 8658 3302 5348 8321 2794 8429 2055
19 719 2507 3170 9805 7710 2866 249 7691 180 3959 4212 5786 5389 4925 2499 8201 750 1744 2824
19 8670 8179 4717 8410 2916 7034 2652 9824 2909 8109 9006 4562 1337 5687 5257 5412 6687 2579 5266
26 6403 6662 7319 8464 4481 2140 7730 4802 4068 5070 6462 7755 863 7798 2068 4336 6532 8041 8762 4131 4530 2550 7395 8488 7899 7881
21 9121 1399 8574 47 152 2033 9375 454 3247 9489 4357 5122 9250 5098 1990 3387 3132 4239 1360 2363 9476
26 7468 3667 7677 7574 9657 3370 2434 2072 9908 1590 1591 7062 8281 1690 2190 8528 4612 4972 8393 4721 2529 2746 3872 535 7565 7825
25 7716 2324 965 8968 7113 6089 8228 8018 4871 9844 614 7192 5216 9664 7800 6490 4501 4192 3427 7038 6890 7307 2307 1425 1958
26 1135 5858 8713 4973 3605 9158 9165 4356 4924 4677 2141 2443 732 8270 9704 9102 5618 4603 6328 861 9590 1837 648 8636 6080 4091
25 8227 113 4507 7637 7312 4990 3482 6161 9980 9001 2498 1342 4351 3813 4325 6314 3355 7480 4581 9468 5316 2145 2133 5536 6559
26 3647 8420 3368 9071 5888 3802 7856 3165 9027 5879 8450 6888 9739 2678 8632 5739 9856 3806 6049 2533 9443 7740 9013 4242 2983 4145
22 4679 4586 9985 1067 3232 8785 9475 8214 3621 9950 1012 9155 8140 996 8969 2487 7376 9404 165 7826 1987 5544
24 3654 9046 2143 5996 4285 3694 1555 8500 3210 9659 7262 6423 4809 3473 3935 5850 5633 1400 9615 7 51 3922 4383 4641
26 2384 2589 5920 3022 5719 6034 3958 6367 509 4784 7823 6290 1031 8048 171 487 7345 6303 3953 6428 1490 9391 5551 5047 8735 5592
26 7227 696 2293 1267 9944 2343 704 7516 2104 8746 9479 5032 1078 2451 7250 3419 6506 8318 858 3357 1607 9336 9189 7814 729 7115
26 1105 8342 6735 128 6710 7208 6026 1862 6491 8150 4810 153 6442 547 8387 5186 9587 7258 3769 4627 1404 7481 5148 1473 7424 4350
26 2418 3049 5710 3398 2967 494 2702 374 8869 6699 6625 3907 1047 7047 5870 9616 9591 9399 3209 4668 1940 49 8195 1287 5436 4296
22 7109 476 2642 8328 6009 6078 8300 4329 6999 9157 9998 4688 4442 914 3010 3730 9119 868 6330 2704 6828 144
6 6031 1817 6744 984 7683 8824
26 4829 4984 8021 448 6316 6652 1676 8820 1431 4496 7006 405 9185 3844 6556 7923 687 8732 1766 4783 5691 8515 1728 5077 2821 6210
26 549 3025 1852 4349 3169 4786 560 1947 4159 4420 3508 7362 8344 8997 3841 3920 7031 8771 5119 2870 5489 6349 2806 1120 2073 7700
26 9913 6424 2147 7226 4115 2464 4485 6962 193 3425 2596 5640 5308 7708 1672 1477 9621 7738 7868 2392 1280 1899 3343 6212 6840 7731
26 563 4475 8274 1755 2178 8876 8555 9812 5481 1179 5143 5172 9372 2876 1611 9327 9762 3118 8754 1694 5321 6482 1482 2423 9369 7986
26 2176 6900 1090 9543 9634 4806 883 516 2796 4019 6452 4248 5589 8821 6130 7160 9039 2662 3096 9310 6731 9203 3275 6151 6405 9532
26 2735 203 1218 6475 8831 8546 4971 8662 1027 9667 5026 4263 3902 6014 1622 6754 735 3019 1793 2987 7054 2301 4901 1731 2280 5179
26 8878 1874 8447 2881 6425 6927 4593 6121 2842 8160 8935 543 527 9966 4004 9807 6704 7658 1971 3187 9373 4780 8130 900 3652 7133
26 8758 6767 2523 6340 6101 7122 7014 6248 5610 6683 2713 600 6891 9780 6530 8427 2672 7851 5319 7518 1877 5431 7524 6465 3611 8185
19 1209 7270 3334 7406 5212 3940 2362 3839 4163 9849 9880 5704 9530 6543 4900 1780 8975 6691 3288
18 1776 1528 2838 6711 8521 8079 952 397 6319 3824 7788 7403 8242 5985 7997 8390 2832 9359
26 9313 48 6786 9012 5663 1215 7693 2108 599 3845 9208 1800 4345 5827 528 6758 7168 5022 721 2849 4814 5130 7717 8260 7042 59
26 3629 9256 4935 9579 9795 9199 5593 7316 9192 384 8741 8650 5259 3736 6620 5524 5327 1361 1917 9986 5264 9154 2767 7951 8232 2691
26 4435 2009 4414 7086 1386 4372 9710 2667 4353 9433 6808 242 2762 3686 813 4650 8668 1858 1162 1099 5812 8802 5131 443 1826 759
26 3321 5971 1564 9549 9951 2984 1886 5951 5567 2648 9333 1783 5565 6798 534 4452 3006 7892 9253 3094 8577 8924 9210 7880 794 9635
25 7948 219 5049 1326 6498 8909 4089 9089 3874 5968 953 7566 1058 6176 3142 6528 4771 3563 3670 9301 5784 7676 7606 2554 8138
19 5991 1024 1855 7337 9949 1331 4400 2095 6775 3075 8097 5364 361 2354 9350 3246 3412 1730 8267
20 2015 9920 6155 9186 6762 7581 8345 7697 2054 4701 2631 9384 6339 1682 5068 4631 5456 5110 5588 391
26 3580 610 8902 951 4914 1281 2578 9288 2174 1176 6165 5730 6855 8813 2398 1717 6091 7919 5938 3944 8456 1086 8834 1699 9214 8113
26 6321 9649 7768 7284 5156 2927 8101 1790 7659 5323 1396 5911 2461 1666 2567 3777 7961 7378 9059 3306 5609 4463 7600 4795 2138 4013
26 3578 1794 6410 1640 2409 7912 853 8800 7562 1603 5039 8212 6982 4710 3130 9725 8050 7295 2872 5843 5290 5867 3702 8078 7356 1261
26 5018 7936 1251 6473 8188 8742 8860 1620 5451 3174 3154 1416 5577 694 5357 2381 1017 7616 9261 1556 1185 2879 6534 5637 5874 8517
26 474 8271 8715 4107 1913 66 3513 978 9231 9724 1921 800 8141 8170 7661 114 6499 3809 14 5056 9417 2878 1663 4399 8430 295
26 8965 1332 328 1221 4666 3721 2044 6593 3211 7339 1967 3645 5950 450 9080 841 2471 878 7858 5488 5276 8982 7214 3113 7818 5939
26 303 837 6924 7236 8772 7448 9458 7632 586 9968 2078 26 279 7853 6948 5984 3342 478 9315 3996 526 9434 259 82 7702 5174
26 4839 2581 4154 3680 9819 9209 1415 2270 6163 9837 515 7599 7570 3201 6802 7958 3639 7979 9161 6300 1582 9922 5248 4127 1115 3643
26 3607 1815 3865 1102 172 6346 1441 5782 5967 4062 7594 3714 6366 7582 9212 870 1816 8905 9932 6354 8894 452 7617 9797 7467 1722
26 187 6649 7373 4109 5620 9457 7513 9151 1480 1117 8511 8177 7707 7551 5330 4373 8162 8052 7241 5015 9875 2098 4257 8482 3665 231
26 9752 6607 3510 5699 9681 9832 3098 3429 7080 2557 4365 4290 6874 3747 5655 3805 5181 2709 2860 4146 1127 1847 3681 4905 5388 7173
26 3090 9670 7451 9353 3542 6601 1613 1455 9264 2086 4533 4543 8475 5728 385 185 6126 6887 7895 9794 2970 2877 3995 8861 4909 2049
26 1757 7911 1984 3068 146 772 7245 3278 7493 8494 4777 4557 1519 1714 5220 5898 6230 8839 9491 269 6508 4161 7863 5485 4531 2509
26 4309 4887 9556 9625 3921 8353 2541 1943 3843 215 7587 5999 4936 8810 8845 6667 9122 2331 3183 6084 3143 8893 4823 2998 1823 1207
26 4078 6269 3779 6058 2235 5799 2675 993 7749 1709 4358 6730 6833 4970 9194 5430 1333 7470 564 7308 38 9622 8589 6112 8396 6113
26 2465 6794 9011 4502 6480 7162 5853 4331 5033 1584 7949 2715 5520 1926 2700 6906 2889 5648 2569 1107 911 4702 341 9765 5891 3994
26 6466 9504 6164 601 5678 6814 3290 175 1981 2882 6519 6138 9428 22 9233 3704 4678 1370 3071 416 8251 4230 2843 579 3712 5571
26 7657 6189 2784 6563 4245 5228 3785 9082 2885 2921 3454 9778 5233 2017 1604 884 3431 160 1126 3941 4402 7664 8156 3887 2185 9176
26 8292 2531 8426 839 164 7246 9466 6832 2264 1688 4060 9583 6816 4369 9456 3074 2371 5680 3889 2194 3488 3676 3627 1095 4799 1718
26 5970 3410 9349 2216 6356 408 6630 3228 7145 8064 575 112 7326 7886 1885 1945 5842 1737 1397 4983 4928 944 8508 6993 4133 4790
26 7575 5218 6756 7446 5892 7253 660 6374 6041 5630 7525 4106 5715 4912 1572 3446 2688 6427 7780 9660 8825 1848 8858 7154 4203 8690
26 9976 1447 6110 9078 9190 348 379 8952 6596 2065 4825 3065 7978 2087 6636 6320 558 6554 9529 5354 4670 2827 3106 1234 7123 5665
26 4525 9187 4959 4225 4050 4555 7971 3227 3271 612 8307 5262 8917 6205 7217 9318 6215 8032 2475 1928 6017 8144 3415 6978 3500 7783
26 2949 2166 8435 1970 3083 7535 4607 8987 9623 7389 4453 6728 8833 7321 2793 4739 1632 7511 6166 2182 5673 9007 3715 9169 1758 2130
25 7862 9820 3329 2758 6517 4023 2810 5564 7805 3031 9826 9994 1624 9967 4316 654 1851 5873 1157 7089 5432 4129 6702 8371 2208
26 3869 2828 4223 9512 2651 4544 6896 9238 8075 8928 7266 5004 6960 8672 7177 6478 7728 8757 87 2891 6592 7202 5839 2914 8363 6288
26 3055 3381 9109 720 39 6597 5557 8288 7773 5247 5005 3595 5482 731 1068 8442 8045 4917 4680 5773 7756 4700 9971 4305 1204 5225
26 2135 3005 9267 9485 4137 2776 4713 4147 7474 7920 776 4093 2129 7999 5136 4949 7966 1155 5199 9032 5328 4596 8606 7719 4479 3286
26 6670 3239 3024 135 9492 4639 6222 9440 3203 3592 7142 8470 8958 5733 3519 1610 1789 4386 9415 2146 5410 1231 5978 5204 9560 6453
17 3358 4877 854 1986 1000 7239 3315 189 4236 7898 3854 4692 9661 2148 2334 5175 336
26 2920 7005 7546 2537 849 7232 6422 4302 8062 4821 1513 3 1050 7260 6025 5611 1449 7027 468 3301 8964 4610 3041 4324 6635 4622
26 5868 1414 8774 9575 3537 1433 4195 9652 5317 3501 5527 7065 8872 9630 5805 972 7721 4827 9279 1070 5669 6941 5521 8910 6191 472
26 88 1900 1363 7876 2442 7191 6639 8617 294 2154 9110 3699 9917 470 7330 2582 6299 63 8011 2302 1285 4998 7603 3641 6 6467
26 7965 9698 5377 9874 4940 3993 169 9975 1912 4282 3267 399 9205 6006 6376 7930 5196 4960 3548 270 9414 2830 831 3229 8372 9545
22 8578 6139 9768 8940 5650 5071 6460 6283 402 5372 943 5597 9470 1786 2785 525 2030 5190 1704 1691 4922 4509
26 3442 6654 5818 95 5012 6537 5576 1631 7907 3691 9894 5958 6846 8993 7786 9518 3001 2974 3668 9787 3248 3814 9956 8 70 4538
26 2883 6044 5393 4980 9450 1745 2314 9228 7678 6953 4856 7865 5689 4217 806 6504 9235 6768 784 1608 1242 2450 8487 7496 86 8941
23 7429 9020 4796 2825 3036 3759 8542 8801 5780 592 894 3178 7189 441 4982 8753 8907 5832 5438 3558 1881 7681 2521
26 8175 9291 935 9042 9130 3393 97 3859 1393 6203 2151 9706 1964 4122 7703 9060 2733 9802 5315 8255 555 7297 9608 9220 6258 1082
26 7956 8698 4233 69 6739 422 3904 1475 2156 3862 6987 740 684 6863 8438 6054 2416 5905 7033 5965 7144 8666 314 6045 1923 5020
26 2519 5881 1376 1949 4595 992 6251 9070 5211 6223 8974 1842 4168 6975 3756 4176 1505 1919 7589 4215 981 4633 8797 5942 805 3043
26 9084 7849 842 7580 832 1325 3901 8486 7061 5486 5072 9460 6939 1345 8294 2545 6145 496 9174 413 1144 4977 8278 5937 6664 6507
26 7070 6656 9685 7884 6966 1553 4355 8956 7794 1539 3574 8428 4736 3630 8525 1650 1413 7910 3109 3166 9439 2976 763 4904 8541 9829
26 8184 4056 5954 8285 4297 9576 2160 8798 9073 1924 3963 8284 1670 6382 3283 963 5595 3497 3834 7181 6401 4337 4611 6917 9834 3514
23 6002 8306 5441 1 7567 4819 230 979 21 1368 9368 9163 9643 261 9091 9699 471 4751 5912 7744 4542 9069 1293
26 568 7455 3424 7934 7690 2787 617 773 3534 1692 2874 924 1566 9930 5093 500 7656 743 2488 1244 2070 3260 9656 4759 1290 2627
6 9847 5091 5903 8110 9381 7909
26 6381 1512 493 7465 5539 7386 8412 9424 9612 8326 83 774 1316 2913 4789 4289 4334 2459 6837 7523 1303 7413 8398 4140 3975 5390
26 3253 3311 4910 9045 7628 572 300 7466 5105 2444 2501 5092 239 7734 6469 4505 6791 521 915 860 4551 5560 9290 707 7436 4553
26 5335 6780 945 8173 3338 6062 7411 9809 4907 4628 5385 742 2344 495 2552 7107 2336 6651 9745 7878 2165 6845 6177 7996 2540 9915
26 1515 7020 6457 6903 3663 5135 4880 514 7627 9324 9542 9867 3123 8166 6608 2365 6759 7447 5197 6797 4313 1801 1636 1961 9215 7937
26 1315 9402 5060 2973 3842 8421 2171 6476 3981 9611 1818 5785 366 7939 1965 814 8930 621 838 2168 2266 7079 7073 8959 1892 325
26 8640 3990 1054 9104 3818 9429 2665 659 9482 8446 3377 5042 1266 8512 1827 9989 9853 2572 8619 404 8723 9200 1202 2847 5265 4987
26 1992 1384 9744 3490 7494 3970 9900 2565 3946 3085 2082 134 6970 8250 5956 7486 3452 2226 5961 9088 5246 899 6676 6334 7537 3749
10 1273 7110 7631 9179 4941 9639 5374 6094 4722 9515
26 5440 1323 8803 3199 2992 5751 6196 1098 624 6253 5268 887 9083 4423 2632 9425 7623 179 2727 3226 2815 562 349 6955 3518 1547
26 8310 5721 166 8133 9135 9364 3829 542 2907 2229 4002 4950 5052 9224 5722 8567 7608 2403 6369 3324 8124 5836 3310 5659 8607 2271
26 2695 7140 3067 5205 9065 5287 7477 5160 4072 2479 4772 1525 2390 2189 2996 2655 6988 486 367 7084 4283 597 3762 9454 7011 4160
26 1305 1228 4200 1908 5511 7840 967 7924 538 52 836 8601 5184 512 4032 6362 3888 1405 6878 2574 9601 9484 4811 6384 5714 7533
25 311 6843 3160 1339 6886 8094 7315 6081 6156 1392 2468 6102 4770 641 5274 2728 8966 5936 1616 9525 9184 6291 6390 2606 9334
26 6412 7293 3196 492 6638 6512 9232 7629 9049 6231 5523 434 4359 77 1567 2676 6001 1578 2707 411 7530 4516 7163 1497 3264 8163
26 4008 8783 3947 57 2261 475 775 8182 8229 2370 3672 6824 6226 8992 6552 9588 8230 4427 1742 932 4288 2993 5688 5362 998 4803
26 84 6418 5746 6029 6023 1762 2661 7515 7724 7381 4964 7132 1314 1357 253 5336 4370 5612 7426 1849 7784 5322 7069 6147 3335 8178
26 3156 8489 5698 565 2577 2585 9564 9963 9303 9370 5154 6184 7521 8873 7848 3397 7752 9323 8461 8912 240 1802 7039 1015 5232 5108
26 2356 3697 5371 3119 8155 7558 524 2809 6930 4394 2439 9247 6743 6629 6131 3628 5706 7306 5509 2310 6723 3644 3529 5395 1472 2755
26 1560 9733 5744 4761 4029 3057 6784 462 777 2359 7149 3625 3101 1743 4876 2047 1775 5826 9173 3240 9606 16 197 9198 7393 3724
26 9459 477 3459 9926 6305 2696 9731 2893 5094 8533 2272 4092 7781 9594 2834 6666 9839 3684 9285 5774 0 5813 5011 8385 635 4338
26 677 3539 1524 1233 6749 6119 2011 2445 3635 412 5411 3182 3235 1125 974 9181 2027 1957 764 3179 6074 9668 3128 1865 9876 1247
21 7957 5982 481 4528 4065 2406 5914 3305 9911 4768 8755 9358 6187 2197 9312 8221 5270 6400 3087 8012 3871
26 423 3651 2975 9297 1873 5601 4966 4767 4564 3924 5083 1394 3682 9506 875 5215 9055 9565 7003 8256 7452 2298 5460 7409 9241 9172
20 2736 1651 4070 5347 4854 9647 4326 1583 4824 6103 2237 1289 274 6522 8526 8704 2820 3897 143 3931
26 4377 567 4194 5535 3666 3879 990 9284 4209 536 9362 9884 4906 8811 7056 3707 4740 6976 4738 1426 2775 5435 6782 491 1312 5029
26 5324 7435 6765 6942 9654 3468 4749 5031 1198 3372 3222 5862 183 2214 9945 8496 6510 3401 9365 3695 5641 5617 1419 1488 8490 4292
26 7399 2313 3572 1518 6012 2831 6238 4278 3450 5188 3463 1029 4136 8264 9258 7675 8896 5165 4931 191 7577 7349 3637 1087 6595 5666
26 1138 4873 6190 4405 9018 1647 7769 7837 7592 991 6064 4038 6325 4144 7619 9111 2282 3164 6671 1571 9873 6011 436 6959 1898 3588
26 5299 8630 4635 332 6729 127 674 5632 3623 1532 2633 2116 3072 8729 8495 4252 7890 6668 569 7127 8949 9808 1938 7350 7335 5538
16 7928 9925 5295 6825 241 1349 2320 9868 7754 4892 3967 4851 1065 8931 7549 9693
26 2571 2296 2511 7277 881 5366 7778 9265 8631 2023 4667 2438 8616 855 7098 6938 9605 5229 75 1927 1028 8275 7412 1809 6943 8556
26 9550 394 3910 290 4376 7682 691 2407 3465 463 7900 8400 5097 8361 7699 7921 6259 7578 5574 7199 9294 2697 937 3046 1701 1210
26 5497 6502 5466 5307 9100 1232 9481 3469 4800 5329 1681 1814 6578 1727 8471 4801 9969 5578 8934 4178 3348 8092 3422 7568 3559 263
26 9449 6884 6547 8784 7787 584 9505 1282 7726 5559 9723 1277 2340 815 4097 3577 7400 9695 323 7332 9338 9296 4339 1652 8001 5398
26 9707 5491 6304 989 5291 5238 4965 799 458 9015 5073 151 2268 1145 8922 7976 9188 2801 6964 5940 4261 5845 6693 9781 1576 9573
26 7913 864 6208 3050 3058 8761 7171 4895 6571 7221 9085 6375 4464 3495 9958 5007 4155 9367 1484 8781 5121 251 5599 9383 5865 7713
26 9003 3333 9845 3875 3502 3732 9234 2045 5684 2910 5133 4279 9988 7753 3091 760 6869 1018 2647 4181 7487 8205 6598 6715 2408 8947
26 4058 7188 6200 409 2999 6805 7118 6344 5176 3285 4219 9862 2960 3919 676 1894 2476 5807 6520 2744 345 4413 1514 1983 1972 8480
26 6783 8213 9412 7380 2551 7901 2173 8058 8659 9056 1781 5872 4805 6204 8314 6256 8846 5053 2637 9197 4005 5283 5883 5147 2200 2322
26 2720 1778 8203 2031 5679 8973 1942 6793 8562 2052 670 4198 4075 1371 213 7371 505 3440 6500 919 7947 1594 3533 1141 7112 5063
26 1066 554 6245 4733 6538 1346 4249 9912 7764 4832 6602 2109 2325 3330 1932 3521 4082 5490 7421 4095 479 6358 2458 8320 4695 5501
26 7475 6135 9401 802 2997 8236 3477 1968 3735 6641 1854 7153 2756 5309 5326 5997 7247 4719 9528 6487 6335 5252 1467 9669 3107 4929
26 9393 4048 2118 419 4652 5457 2680 5526 7532 8624 6605 714 9863 999 2685 5980 8720 229 625 4757 2564 1356 4134 6088 4522 3562
26 2432 8073 9806 697 376 2240 9948 6463 880 4550 4981 8268 2437 4878 7313 4362 89 3023 6028 2723 6914 5138 5368 383 3522 3110
26 6745 726 2520 8346 6000 3117 826 4552 275 202 3597 9278 5320 7273 1750 2757 3638 9501 8751 885 1128 4728 2593 3134 790 4156
26 6822 9166 6125 8351 6856 5660 3124 6716 4638 8193 4085 6974 3650 9686 663 4681 5286 9991 7358 6092 9861 1662 31 8718 7733 8870
26 6277 499 2112 9712 3729 643 8851 8324 5709 7422 3308 4443 7397 9237 727 7706 574 9855 8859 6867 6701 8501 6148 8879 6650 8350
18 3549 364 933 9763 5779 6580 7025 8895 9028 3356 5470 6830 8199 2308 8046 3223 8002 2090
18 7325 5562 3396 5777 2939 9604 9822 2192 7488 594 4473 1822 2851 4978 8336 226 5111 1829
26 1543 1170 513 8309 3616 3784 847 8164 8334 5140 9240 2768 7237 1072 8121 5796 4417 8734 4837 2726 8139 2361 4697 4157 7002 5723
26 7463 4536 9869 284 4301 3685 8951 8970 3173 4128 2601 7351 7860 7531 9683 7541 4765 9535 3852 6826 5791 7268 5894 7026 3858 1212
26 3202 7210 1869 4482 3082 7816 8667 2260 3163 4012 8366 6801 7819 8569 1485 4191 4361 2255 4425 7204 7416 4908 8384 1301 7281 795
26 4758 5227 8548 956 2686 8116 4858 4045 8033 4426 3213 7879 386 1291 6847 5271 2295 2792 3125 7105 2005 5037 5065 9764 5798 2441
26 1335 3546 8832 1830 1061 2291 7643 3418 2477 2037 5692 4280 453 9665 6777 6738 334 2918 785 8756 5657 6606 9129 7146 2172 3664
26 4601 1407 4112 6718 4957 3205 5579 7843 8598 8460 1771 4591 7552 5106 333 1457 5427 1268 4116 5447 8983 702 1658 7673 8327 9796
26 4742 1406 3603 4705 3225 4986 5861 1595 2898 2246 9919 3470 1767 8669 2943 5522 5288 7517 1520 5752 2624 9005 7374 1562 8332 9227
26 4094 1609 5425 8915 9477 4605 5064 1861 4734 2835 2535 6326 6609 8246 7328 1853 8776 3713 3600 5788 6673 1398 844 2376 7714 3631
17 2247 7810 5017 6173 8719 9410 2486 6751 4111 67 2153 5919 6353 4868 4218 8676 3367
26 4071 5615 5541 9640 761 9546 403 1297 1101 3851 4669 3968 6560 9774 2274 6385 4254 6611 73 9885 8908 8451 8707 6060 9569 638
26 5192 2603 9306 8382 6742 8530 5045 987 2121 3292 6085 7743 8009 4454 6714 6588 4945 6787 9096 3581 4010 4354 3111 4554 7017 9770
26 6263 9935 2957 5816 9557 5375 5713 8953 2184 1819 2599 1296 4715 1450 6803 2012 3318 5206 9098 8409 8655 1173 5667 4731 3284 6271
26 5480 3760 6192 6360 2041 4503 7282 5635 4539 8871 1840 4898 6171 9865 1901 983 1811 7607 3801 9332 6448 2064 4079 3836 3860 1019
26 6377 7687 9627 7602 2333 2741 7633 7873 8883 1592 8963 5464 5600 9183 6225 6628 2127 5346 2379 5177 7051 265 5239 762 778 9329
26 6724 3758 4863 313 665 9645 6868 2875 544 9300 5305 4590 3300 363 9295 4051 5152 9455 7067 879 9814 182 1633 6118 8884 616
26 4379 7444 7000 7102 596 9171 8809 6910 4317 8126 6513 6415 3078 1769 2619 6154 7201 1401 7596 4462 5800 5198 690 9747 1705 3812
26 1097 3918 5112 3915 5069 2771 2817 6157 5040 8289 4988 9114 7510 8842 6590 1451 7736 5331 2855 8611 7540 5869 6627 637 4018 8019
26 6039 4208 4196 9705 7668 2352 4872 6333 2234 6806 3137 7007 2213 9548 985 5183 1712 7139 3726 2136 5075 810 5581 3014 1614 2586
26 1040 9405 6168 975 100 6244 6907 7715 130 1598 2504 7352 2478 2204 6117 619 6143 9413 8702 7559 4174 3868 7184 6603 3719 8147
26 8708 873 2963 9613 9180 7425 8737 9133 2645 6406 9941 639 8961 2500 4165 3960 9883 3382 5755 2759 8333 2946 9494 3848 2456 6613
23 8518 5387 9377 2663 4615 6686 8780 4398 4498 8691 5742 2144 6539 1035 9674 7032 7302 4599 3153 8269 8942 60 3458
26 3030 3294 1121 9105 2207 3524 3770 9896 6757 9026 8431 1217 6799 7832 7797 8944 7671 6972 8287 9094 7159 5003 3687 5825 431 4243
26 713 7186 3891 3426 6526 5690 8493 3909 1504 6437 1034 7635 473 3016 4573 2215 604 3908 1196 7126 2725 6573 2161 8648 5318 3402
26 2316 8932 7428 9696 8093 4585 1250 7169 2021 1756 6495 2729 1132 9335 6511 8886 3943 7767 1022 9713 3265 4061 6470 9461 5458 6458
26 8731 2212 730 9631 6133 4256 1509 1716 862 9934 1420 7615 9153 1444 4804 7839 4817 393 4926 9984 488 9223 2698 4886 6819 7161
26 2917 8557 206 435 2473 7808 425 286 1248 3673 2402 9697 4190 414 6763 3927 2868 520 5765 1483 6501 9260 9123 7391 6266 5720
26 672 3276 7248 9254 2245 7263 3451 5835 2630 6581 7807 7090 7285 2254 4360 5255 5414 6980 192 2638 5127 2604 2905 7748 1951 7795
26 5445 8149 2711 6265 7809 5382 8585 2760 8312 6921 11 8074 2684 8829 5506 2873 1996 9344 1808 33 1954 2080 623 9977 430 5953
26 606 7346 1159 1977 3565 4344 8028 2360 3905 6883 4266 9498 909 9389 8354 2003 3515 9201 9451 1153 4556 5224 2908 4918 9938 9766
26 7861 4387 7430 4830 4291 6946 444 7569 7894 3997 9734 7288 9732 8476 8946 634 6276 7545 5081 373 36 2474 2259 2961 8463 8154
5 2718 5875 4686 9044 3560
26 6913 190 9691 3263 5351 1587 6407 7048 4114 4654 490 8960 5904 7815 8231 6315 8233 167 6918 9051 7544 8538 6876 4126 1931 9916
20 1192 1113 8588 35 4744 2919 1891 2025 9379 2366 5340 6047 6083 6612 7354 1057 835 7264 3899 218
26 5693 1227 200 780 9897 4007 7068 4244 8571 7857 9444 7626 733 7353 4234 2858 1764 8065 4640 9016 5928 410 1014 3520 6533 8847
26 6815 3409 9974 2382 8042 6272 9478 2977 7903 2931 7440 8261 1310 28 3152 6267 647 9076 4609 6383 8180 7423 4519 1456 2312 6750
26 4090 5743 8040 9804 7382 1465 9177 2453 7483 4711 2808 6181 7461 6776 1606 3634 6018 5254 712 5745 3604 1813 3095 9371 737 3204
26 4494 3579 7224 6413 3414 8652 5844 2505 4776 2958 1810 1328 2400 2956 940 8356 7652 5823 4381 5580 4504 7044 1074 6944 6350 3929
26 9514 7028 3092 4228 7662 2857 8378 6243 4561 255 8047 4335 3045 2951 8197 8317 389 158 1462 1445 8639 6250 8696 3688 464 6152
26 6901 3540 1674 5182 8504 353 4617 9516 1960 5478 6363 7529 9292 4521 8584 8889 9756 4148 7850 3835 8066 5822 3042 2113 8374 6997
26 9679 5237 9087 7874 4101 9833 2969 8984 2397 7222 4899 5472 8565 5747 9423 2088 1707 3552 6295 8235 5927 2490 9771 1966 3781 2597
26 1867 7329 8277 5025 7342 1239 867 6548 3811 5462 6235 4852 8591 7875 2102 3353 5945 5392 1659 1788 9777 650 8943 4320 8939 3969
26 9409 5027 4184 2754 2250 8403 91 6218 7045 9038 78 9879 2861 1116 2093 8844 3336 8466 9236 2262 9648 3460 4752 9614 2773 343
26 734 7355 2495 7172 9527 4171 3609 7614 6677 4499 7502 2142 1649 9170 7543 7598 6079 5078 2022 3658 6108 9676 5964 8152 1841 9906
26 6663 4027 457 3816 8615 8030 120 352 8864 1946 501 4487 8593 5986 8651 8286 344 7408 6892 3479 747 6621 7563 6994 2677 5504
26 7804 8290 2782 3840 6985 5952 3099 8560 3896 4689 2933 686 5925 3979 9431 3361 7367 1440 5030 2083 8777 8222 9120 2940 3478 9970
26 7401 3138 4836 3475 4035 369 74 9687 6393 5878 3027 1307 5243 9933 812 6033 1678 8202 4999 3243 971 5162 4286 1327 1359 7093
22 5649 1773 6003 7613 4862 7041 7729 8257 1096 2620 9798 7672 3359 103 1187 8778 5149 651 2795 9891 1437 3745
26 6689 2538 1381 3325 4017 8998 4441 6681 9230 8547 2923 5537 357 9193 6149 4514 6557 5585 6577 4052 4859 6341 2730 2421 5876 4047
26 9864 8024 5711 3972 1667 1263 3122 4327 8638 30 2526 7760 3011 125 6572 3376 9437 8000 1274 2096 8364 8891 3677 2100 9097 2664
26 4687 902 2401 3554 7209 2128 5170 8727 8481 9754 8911 8516 4997 7802 4025 4517 2111 2483 5624 5531 2503 4392 5652 6881 6170 6748
26 2061 1860 9316 1252 1175 5193 4756 930 3570 7231 2309 9043 17 6249 5383 1224 9211 8592 6852 5146 140 204 4484 6665 2864 8122
26 9563 3257 3193 1319 5169 4930 8373 8014 163 2383 3295 9816 3808 1889 6077 27 4478 5114 3272 1270 5949 6631 7906 7831 5046 9354
26 957 8302 7927 4064 330 2412 3986 9992 5301 6120 6708 5981 116 7556 8081 3545 2162 7050 5144 3653 1077 9997 8352 5855 2410 7252
26 5934 7889 3821 1863 2059 7636 8610 8945 2374 3757 4378 6146 5292 3139 2950 2389 968 1036 4380 9502 1219 2067 1180 1680 710 2276
26 3708 1838 8573 4299 9620 671 310 3648 4293 6345 8826 2994 2284 6790 752 8340 347 6568 7128 9308 3744 2628 8183 7742 1805 3386
26 6228 7230 1995 1777 3778 5008 8996 2948 8664 7712 1741 9378 2231 72 50 1671 359 4182 446 7491 5095 438 8683 4506 1093 6185
26 622 9463 1489 7572 2937 1721 2330 7103 2373 3776 8383 8067 6861 5729 3214 5741 6037 7550 5200 7526 5935 4390 3945 3853 3850 6439
25 9619 1880 1588 3717 823 7256 2790 6082 9408 5794 1123 9152 4483 3503 4578 6055 6935 7304 4193 7170 9854 390 4310 2300 3723
26 4214 1492 3989 3632 6293 1160 8485 4113 2042 6292 3404 3491 9021 2894 9755 4238 3725 4342 3706 2481 2007 3626 5623 8722 5857 8527
26 6831 2424 3601 3462 5240 3636 2394 8243 387 2694 5314 304 1882 7536 1749 6289 9531 2514 4081 9178 2562 4226 5846 8580 9940 8535
26 9675 3291 9030 2305 9064 2732 8804 949 7267 4204 3550 2364 4660 4512 6707 43 3000 6227 1080 9599 2349 2643 756 2321 749 8069
26 700 4467 661 2470 9738 3190 2640 5099 15 7368 9302 1130 7588 6859 5639 8900 4175 2489 6395 2131 9343 9642 927 5494 2819 8087
26 1563 658 4624 168 5783 7785 6893 7984 7167 1348 7701 3606 5061 6105 9275 5525 9672 5772 6040 5185 2823 1279 2219 6968 2221 181
26 3817 7398 6068 8835 6402 85 159 4594 8148 365 3846 4430 4745 4560 1740 2772 1385 3998 7775 3268 6368 4808 7888 2608 424 5697
26 4059 2738 3188 7579 4869 6705 2377 5915 5074 5664 8814 8107 6679 2186 4754 9017 7449 9728 2803 5145 3464 1374 1341 797 3255 7404
26 9216 6404 6202 9002 8034 5838 8510 2612 2534 3799 2841 5473 8049 5349 227 4732 2496 7030 2342 1915 4508 4162 1903 9818 7586 6919
26 3307 3236 4084 6069 3270 2404 9655 3421 8901 1897 8627 5767 2039 223 2091 851 6347 827 5762 9057 3162 2853 7977 4683 6795 9117
26 9305 7114 825 1628 2731 105 2753 8827 820 8976 8492 9225 4620 184 2719 7995 8697 3198 7022 7827 7338 1812 791 1084 4281 8543
26 769 3245 9666 211 6523 8176 244 4857 8316 6898 9462 7015 3233 1796 1119 1623 5677 4952 664 9921 2491 4474 3787 1278 2724 7641
26 273 8459 892 245 9118 8037 4099 5001 2467 5256 9758 3948 1953 5675 1053 1925 6766 132 9715 9841 6193 6019 469 5150 587 1343
26 3555 7198 6951 3411 7685 708 7187 2395 1016 1715 4718 2205 1382 6697 1033 6372 1596 6144 2811 2472 3189 1991 8145 4723 5923 5125
26 117 2006 6536 5662 4318 1746 8597 1872 613 7630 3328 9783 6122 257 1298 4395 5333 5277 6109 4589 5644 6365 3942 5413 9589 2770
26 5086 9052 3354 1994 3047 6270 3657 5770 9074 947 129 4368 6858 4694 25 1719 2971 8537 6233 8818 6236 7597 8282 2210 9918 3589
26 519 7320 6450 4782 9273 7555 8981 1787 7370 3127 5583 4730 3438 2285 1824 6337 2617 2380 8634 7485 8223 9585 2103 3543 3012 9677
26 3167 7779 3461 2288 4764 9846 9962 833 3584 2281 93 9939 809 9828 787 1167 2199 7023 3934 6792 3028 1129 8877 3080 8057 8618
26 7108 1208 150 2036 9761 5701 709 9496 1541 9592 1073 2431 5943 3237 8927 8561 7272 2800 4598 8837 7833 7803 2196 4927 1962 6342
26 268 4693 277 4920 7698 2781 3531 9167 9859 2938 2710 5139 5016 9520 5463 124 3649 4889 1807 5454 522 6373 131 6461 3218 7111
26 3855 7156 2455 2783 266 3439 2388 5941 1429 2179 4009 278 7505 6008 3599 5993 1895 337 9125 9999 3250 6209 9307 2170 2840 3380
25 7499 7379 6296 5158 5437 8273 1081 5702 9268 3443 4264 4818 1546 9708 5573 1375 3642 570 2347 9600 7257 6323 3576 6246 8612
26 6695 1605 8979 1529 3795 5405 1864 5933 5201 8534 1286 6778 6414 1493 4621 7377 6214 2071 5775 6100 4401 6322 3298 7943 6052 9776
26 5860 4781 1023 5815 2635 1182 7271 7940 7207 9810 928 8748 4793 2494 8362 2124 8465 8457 9662 8005 7300 5345 6007 8043 9736 7766
26 7088 8262 9274 7975 4139 6989 3326 6925 5556 897 3999 2452 2062 1164 2350 7327 4755 351 5194 7495 3932 7821 1599 770 7601 1378
26 6807 5727 6804 8791 8035 1557 5622 934 9418 4087 4055 5023 2433 4963 4333 4465 2158 2328 4923 3716 7885 6096 7905 1573 9827 2818
26 7952 7347 6645 2904 32 8937 6297 8023 3216 2561 3509 3828 4468 8359 5802 2687 6432 4600 9910 4726 4760 7953 3224 948 2134 4374
26 6706 2942 5369 5957 9497 3345 2802 821 5306 7866 8646 7750 3212 6928 4100 1237 5930 4671 2058 5338 2460 9266 5806 5718 8865 136
26 5300 2717 4867 8637 7692 5642 7972 5155 7164 2622 1918 1387 4459 3660 3483 8013 1711 1765 6586 1063 2812 8070 1969 5446 9374 1510
26 2297 8566 8440 5756 102 2368 2930 6056 3750 1774 9421 2959 9079 1340 7121 6736 4579 3822 4416 5272 5129 1495 329 662 6364 5944
26 2944 6849 5540 1272 6484 8665 1168 7931 485 1470 3186 8402 8539 5849 3961 701 3344 8679 9840 9145 4444 4995 9507 5294 9860 557
26 3371 8055 6420 9743 6261 6698 629 4879 6865 5569 5901 2341 3763 5558 1933 7333 588 2510 2050 79 2962 188 6348 2679 1055 4592
26 7929 3249 9815 4703 8768 4274 3261 2206 484 9420 1911 2137 964 5132 7974 3788 3878 4030 6614 8240 1798 5459 4149 1454 3185 4268
26 8102 6752 3833 5757 4409 6313 1738 9928 8645 4787 8225 923 5157 2405 3484 3506 162 673 3884 9149 3766 9067 6521 5055 6853 5415
26 222 4411 3403 7085 161 4958 1779 4449 8103 9361 8590 5442 256 7621 9895 2590 4526 3956 765 4183 7390 4458 7968 5661 4311 4348
26 445 7471 8224 1240 9341 907 6562 350 2393 8918 9139 9351 3489 4663 4389 1906 7838 3467 9352 5726 8999 6933 3886 3405 4897 4319
26 3988 8739 6430 4657 611 9737 9952 2884 3044 1199 3340 37 2903 8855 3511 8914 9342 5493 8913 8985 869 7722 6496 8717 3656 4750
26 5235 7287 318 6527 1474 5847 2110 3466 5907 6447 9534 7340 3406 260 7871 8623 8972 7970 9904 1575 9567 2836 9775 9446 5931 8921
25 5983 3773 4080 2132 4658 9817 8830 2099 6622 4634 7547 9955 9269 3296 3955 7063 7155 8472 4577 9580 8080 6032 3797 5647 758
26 8477 2233 2539 6503 5674 2900 4300 1531 816 6692 9397 1753 1761 771 6734 3916 3363 7519 2066 6732 3486 9147 4996 7834 4158 2848
26 4307 4583 9890 8085 23 3215 2187 4653 5134 9508 9023 1236 8127 5512 2462 7897 3472 1174 3407 4774 8208 8369 1669 7649 6585 1418
26 8703 8158 5890 1685 908 876 388 8239 7341 1871 2777 6387 3447 9435 850 2560 1839 54 7989 8752 644 7083 2583 2253 9990 6260
26 6965 1689 4164 8995 4588 6132 7609 3146 342 2513 1876 5180 4993 9653 5963 1469 3252 548 1481 1225 8867 3140 3612 2457 2845 5253
26 4618 1438 482 655 6247 6850 5050 9539 459 1424 3070 2175 5168 8628 8248 3881 9041 3810 5897 3084 834 13 7008 2786 9304 8022
26 5717 2026 6455 417 6515 2556 3062 1008 6140 3498 2375 5651 238 5102 7653 5416 7887 2778 8600 2692 2703 3957 4220 3238 9717 9517
26 3281 8192 4003 4202 6764 4371 4888 7604 4224 9219 1980 4237 1999 9348 682 2265 1975 904 1241 7639 8295 5533 3819 9025 2839 3617
12 9927 6544 8554 9562 7883 6380 3532 3624 6386 4472 9843 6090
26 961 817 5636 4493 8795 529 1511 9248 1639 2040 5163 7528 8513 8077 420 3538 8399 1760 4169 5781 99 3002 5051 2032 6087 8710
26 8395 9852 5120 3585 3789 2600 1695 4406 1820 395 6820 4712 5502 2947 3982 6309 7212 6497 2929 652 9217 1683 8397 9 811 8375
26 3608 6329 7249 4629 9037 9357 636 7576 2670 5373 1188 2863 7298 3962 7835 8875 1007 3728 6183 8716 7158 8082 1452 7057 321 142
26 580 2123 7638 8146 7383 7275 8272 4470 1643 7004 2228 8545 3973 2279 2294 8003 5918 9034 6531 3273 7539 5024 8089 4729 818 5370
26 4644 7180 3017 2346 5913 7642 3867 6902 5658 8743 1748 8749 1654 6431 6224 7396 1657 2575 6835 407 3882 4896 3734 5646 437 5606
17 2008 2536 5089 8563 7206 7918 7745 1736 1411 1772 5117 8532 6995 2563 195 5399 1507
26 9581 8484 3991 3220 2570 7453 8038 5809 9436 1320 779 6810 2995 4535 9510 80 4240 2826 4436 804 6889 5604 1619 5563 3619 2117
26 4637 3575 5006 8338 3026 2706 2797 1725 2063 2844 8807 7718 4067 6282 4262 2708 291 1205 8405 2223 4534 307 5407 2833 1887 8582
26 4948 5359 5686 8747 6969 8118 649 5700 7197 8293 9983 7650 4632 9442 2789 250 9825 7336 6095 788 9058 2277 5889 1377 8740 5173
26 6633 3596 4848 1201 2105 9159 1152 8266 3314 4566 6038 3893 433 6020 4323 7969 888 2001 8853 2372 6796 926 3718 3928 8319 20
26 6916 1637 4520 9314 1324 4384 1859 4105 5619 2829 9150 6444 8343 3861 8297 4597 8417 5297 8389 7774 9898 5922 7087 3690 8044 3857
26 9888 6485 1030 6575 942 9062 5409 1476 8401 6909 724 4985 6137 449 4565 2522 3320 8443 5418 2716 3492 4735 9280 9277 8770 8957
22 2573 6747 950 5352 1902 6971 5764 3709 3536 5519 4096 5171 4604 7820 748 6675 2666 571 5884 573 6934 8654
26 8329 699 4815 1200 6648 292 6197 4834 8444 8767 6642 683 9355 8936 5614 4001 9445 2469 7514 5236 5787 1641 3983 2337 4883 7036
26 8950 1013 3317 8856 4659 5267 843 4828 716 7654 5976 889 7944 1857 6286 104 8322 4847 9206 1091 4860 5439 8404 4476 8008 4186
26 3471 109 9282 1146 5303 9276 8788 8661 4840 857 4651 9767 8725 2712 7291 6545 4708 6937 9995 9857 429 7959 4785 4490 8453 9380
26 7040 6239 4088 4938 8191 6213 64 5394 8644 9881 7220 3351 8304 34 7741 6429 2615 1878 1703 4510 7279 9555 7950 7896 7772 8700
7 8967 5572 5285 4141 9346 5298 6753
26 6961 19 2780 9947 9751 5088 3746 7770 9607 4698 8031 9671 8025 186 3195 824 2553 1673 5707 62 9257 2353 8313 6241 3480 7049
26 9979 6150 3976 3191 2077 553 6956 3895 1104 196 8881 5420 8544 7917 4974 5339 2895 2932 4142 3206 5207 9746 455 1642 2449 4103
26 372 5034 7372 3105 7534 3341 7926 281 1464 8926 5975 7178 4549 2682 4762 4684 766 6624 1526 1380 960 1552 5296 3369 1677 5586
26 6198 8586 5507 3885 2887 7762 377 2867 3231 5768 5210 5694 3061 3738 7095 1706 3144 6371 3864 6477 1645 58 2683 6981 8119 8171
26 1888 3640 9965 9628 5627 7479 7445 7301 2568 959 6116 8599 4614 7292 2644 6169 9726 9500 3089 3309 8919 145 1579 2492 1137 2659
26 8728 3148 6741 9524 7847 4643 578 7680 9574 3079 4033 518 8692 8863 8015 9053 1615 903 532 3803 1517 1060 6844 8622 9281 3880
26 7561 8848 9735 656 5433 2602 1700 3373 711 5059 5384 9848 3241 2311 6854 6709 7218 6408 7908 8355 6417 6872 6958 9721 2926 3032
26 2941 9473 7648 3530 2480 5426 508 3751 3394 4235 9366 3894 9213 3299 6923 1373 1648 6075 1032 5467 2114 4968 6158 5334 9811 1038
26 6912 3362 2657 119 753 380 9842 1051 3007 9000 2804 3449 5763 6142 3379 5483 5703 2902 5834 8706 236 755 6481 9499 7789 4662
26 5341 7512 8254 856 7665 2126 5100 3499 6134 319 3436 4682 214 786 2004 4835 2484 5261 7185 6653 6411 4364 2326 3780 910 3618
26 6694 4428 4421 3739 2852 9684 3793 8237 852 6211 4992 5475 1253 8006 1094 5203 7852 3217 4304 4797 8100 2734 9711 7751 4042 8874
26 5424 3384 2681 3783 895 5584 4584 8026 6179 8017 3992 6920 539 3551 8143 6626 2454 1687 7644 1759 4563 8657 9878 3126 6518 2169
26 9325 2928 2518 7243 1460 6672 5514 2048 4559 6848 9103 6712 8621 9835 7942 7591 2092 1498 6535 4934 725 7469 7269 12 9700 5629
26 768 6740 3129 5668 767 9972 4328 9566 7392 4937 9403 8153 5019 5479 605 1828 4524 9959 5066 2743 8142 2764 3327 4332 4177 9430
26 4855 4648 5214 5955 4613 1369 7761 3507 3646 8125 6678 4457 2990 9448 668 3662 551 7254 6599 7317 2446 7946 5685 6973 8414 8210
26 2912 1206 5621 1997 871 382 4773 4130 3782 6389 6397 4547 8325 4874 8068 3659 4201 9578 2249 6275 5749 5926 8838 4273 722 5859
26 9799 4537 4661 3602 1491 156 6066 5123 7508 2 1499 5080 9929 3337 9386 9866 4222 6949 5275 882 1354 8503 9690 2623 4185 1006
26 8509 2436 3740 8059 7732 7134 2076 6587 2906 8027 3039 5353 4188 8583 2584 7973 931 9903 6472 848 3254 4861 8090 1570 7182 1948
26 1993 7553 326 6141 1245 8259 7457 3157 6378 2034 3847 1075 3856 4210 5738 745 8349 9618 8660 7053 5895 7251 901 5973 980 6870
26 5343 7464 2896 5054 8796 9202 2115 76 1330 4690 2319 970 8381 5852 3081 7571 2466 5153 418 7431 6449 3792 3035 2516 5471 3985
26 489 2742 1111 4558 5656 3181 5962 2292 9632 6391 5391 9554 8549 7071 2485 1618 5946 2387 2195 4172 6015 9953 5202 1581 1559 1134
26 4150 9347 3445 6842 5263 2613 8244 3790 7361 2241 5532 2595 8299 1351 9086 45 6162 1574 1661 4199 258 1064 5499 6998 6931 2273
26 7318 2357 6255 1601 9392 6182 2430 7490 7822 5534 8903 1668 9877 3395 723 2018 2267 681 4412 7290 6770 9609 4041 679 3069 1929
26 3147 2512 248 8419 6438 8596 5550 929 8843 2722 2850 3234 6829 3553 339 8570 9750 1478 2258 4108 1379 5044 1118 8106 5273 8131
26 3444 400 1313 1580 1910 8253 4989 3476 6838 65 3494 2159 9112 3567 7076 5645 5761 8531 7902 2120 1184 9552 5596 4741 8674 8301
26 3168 8425 1655 7193 1684 9138 6582 4491 1264 5801 3323 6823 173 9957 4053 2257 7695 5118 4367 3800 4676 1158 2598 2289 5408 3021
26 6541 9544 1959 3114 2181 5837 4623 7915 680 1448 8136 3392 7130 6129 7137 7322 5365 3794 6207 6394 5469 6700 5811 2193 1318 3346
26 9901 8020 9286 354 1422 8523 7988 8099 7407 9790 5810 3389 8247 3161 738 3598 6720 3385 4284 8685 9271 955 6514 8083 5376 9326
26 541 3430 4875 4704 6076 7387 2386 2558 5708 6839 6772 42 9162 6947 6812 7522 8276 5223 5947 4574 9905 9309 4303 4197 2530 3259
26 920 3826 7557 8682 3366 6610 9263 285 8159 5208 688 5929 2414 7844 3590 7500 2646 1243 4229 1577 4179 2888 7801 298 5821 9536
26 2020 6558 8370 9633 8167 1037 5021 2515 7334 946 8916 7021 3053 5360 9422 5 4548 3034 6050 8765 6005 1726 108 8641 840 7472
26 29 7104 4826 2934 3669 5043 2315 7194 1203 5284 6873 2139 5625 2892 8347 4015 577 7765 8677 5924 8626 4791 7219 4649 1646 6221
26 5222 8104 2056 267 2653 7150 8882 1302 1259 174 9709 1471 859 9471 6324 8161 8568 5546 3954 6899 4753 2689 4844 8701 4716 224
26 1005 8892 2440 8219 92 2209 9553 4227 4206 9143 3474 1468 7024 1486 6813 8135 9081 8206 1258 2822 8132 2094 4418 1522 5280 3097
26 741 1784 3594 4205 4123 9561 7746 6237 118 8502 2935 2532 1597 1388 5518 9572 2269 5643 3131 3964 5871 4994 296 2224 8862 5543
26 8559 7612 7792 3200 1246 6172 3974 5009 7415 9229 8745 5313 6574 1770 2351 1998 628 2542 7859 3100 7776 2013 421 7985 906 7441
26 55 4546 9813 98 2952 9033 3930 7234 6885 4043 4135 1551 2506 1850 264 7747 9791 6646 5403 8608 4391 4540 1585 5057 4446 8054
26 9140 6658 1260 1496 6399 7777 9570 1875 6905 2765 4893 8822 1402 7605 7655 6555 3764 358 2890 1161 123 360 9146 6911 4432 2813
26 4894 5213 9255 4020 3038 46 4939 6674 698 9720 4942 1870 5886 3774 1535 8280 6661 7925 4216 1739 3322 822 9390 2610 8098 3883
26 8189 8323 497 3615 4838 4541 3434 2220 5452 2332 4486 4518 4321 1163 3917 2081 6351 2493 5549 3388 8790 2985 9061 3863 3892 6479
26 7711 9128 1010 4246 8955 9394 1211 138 7296 1197 754 3339 2348 5778 4902 7299 9047 6688 7244 8714 8441 9493 1043 4040 5508 626
26 8406 9246 608 1503 1365 5422 7941 9077 4104 3428 7462 1042 2739 5851 8436 1108 3516 9066 7634 8899 1044 746 107 9004 5230 6494
26 5598 9191 7255 5124 4366 9242 1110 1004 6451 8799 9022 6785 6774 1321 1056 1989 620 9907 312 7660 6302 1336 3417 4606 5474 4124
26 9483 2074 9559 9382 6357 9678 5603 147 1045 8550 7101 1435 5167 276 7771 7439 9356 4933 2761 3056 6136 4691 2211 6242 9558 4955
26 4143 7891 4450 7174 921 3949 9742 5998 6864 7987 2636 9740 9718 6308 9961 1358 5355 5468 148 1085 3040 2391 6685 8226 5819 939
26 4495 5113 8348 2605 986 2217 6657 6746 2035 893 3610 3593 1834 2721 5590 3332 5820 3678 5528 3423 8036 8507 7869 4057 1569 6063
26 1194 8978 4630 4016 506 7595 1660 1644 9823 6619 5582 2299 6977 9629 5035 7982 9009 7625 8769 466 7694 6440 5342 8311 7460 2658
26 375 7704 3786 415 8575 3102 9156 7176 9160 1612 8576 3316 456 6996 139 6471 1049 603 5126 2448 8499 3971 6273 1602 5988 4891
26 2559 2714 1904 6186 9019 9134 1109 4699 9987 7651 3977 5587 5484 2936 7388 2283 7240 4492 5038 8625 6445 8724 2814 4962 5547 1300
26 7119 7196 199 1550 645 5116 4397 5219 9438 5289 6821 3487 4647 2524 6086 7420 1329 4975 1675 6468 3280 8380 5653 5760 7459 1558
26 1973 3176 5712 5234 9116 595 7501 8407 5101 4340 4523 3877 9727 6332 8994 8394 8305 2669 8663 593 1665 4315 9486 5312 3679 8377
26 6952 4511 615 7152 2323 3775 1443 9272 5356 890 6857 9337 1344 7854 5367 94 5759 3383 9126 1362 7074 2318 1403 8137 4911 5244
26 5716 7993 4720 9680 1537 1352 6268 2548 6379 2737 2345 7560 4979 5164 8828 3481 6894 3059 9973 8712 9692 8684 2671 9831 2922 6111
26 4346 6123 9385 8298 2060 8367 8990 8296 8760 338 9092 3416 2084 6509 2447 4419 1151 2750 5676 7963 5960 9596 602 5058 465 1150
26 5769 2788 4170 4665 2654 2482 9195 1338 4866 8218 8422 2749 4567 4076 3004 3711 5325 4576 6278 4812 9521 7369 6788 9196 1009 7223
26 8029 627 1223 7323 6048 2543 2547 4117 8063 3277 8986 8656 7962 801 3013 4341 71 1950 2968 3219 9689 8096 7035 8433 1001 2508
26 1002 5654 4807 7190 8379 7096 8506 1466 5979 2177 581 7091 9682 4461 3018 9730 3020 6690 8483 5613 3914 480 8216 3620 3313 2163
26 2986 9452 533 9345 4587 7274 8605 1831 4167 9221 9658 916 6264 2358 7418 1025 4849 1249 504 7473 2339 1600 598 9259 8552 3569
21 2660 9251 7867 498 1459 115 3731 9222 6915 7624 6726 7046 4000 5258 609 2752 2701 7980 5461 3837 9960
26 8962 3197 9469 7097 2180 6643 7078 9644 6059 4685 9136 7106 1516 7782 4460 8885 7238 2202 9603 2798 2014 4976 8572 6434 6016 5672
26 7141 7846 428 657 4403 1768 4138 3269 2769 3121 283 5350 8473 9509 7960 5568 2980 8358 1795 1021 2886 1133 3003 2463 392 5841
26 1353 1421 1143 9872 922 6871 1523 5076 4675 918 3282 7935 4173 7016 8738 2150 4961 2222 9519 9540 6435 4820 18 9782 976 9472
26 9411 5500 3866 6703 7663 252 715 4121 6680 8603 3925 1154 1229 7365 3526 3060 1713 2306 4991 3890 9048 7343 8726 898 5790 1410
26 2576 8736 1804 9464 7442 5453 2415 8857 8004 8134 561 6459 9239 1920 3374 2420 7060 8604 6516 6992 9942 7136 6576 4568 3093 8850
26 3527 2915 2198 6128 9249 5260 178 6579 8051 8551 7384 7757 8432 877 3700 2010 8812 988 6957 6099 6489 783 5545 7303 4951 8217
26 4842 789 3566 483 5428 2954 9132 9075 1166 7689 6043 4746 322 1423 370 8215 5505 1114 2747 6287 9036 9467 176 962 9673 8789
25 6529 6493 5554 1729 1845 2966 1458 2989 1791 235 4515 9547 467 8689 9870 6990 7932 5594 2953 6217 68 2865 3903 9387 6492
25 297 3104 5516 8868 1693 7548 4469 5959 280 1656 8688 6862 8750 545 3437 6030 5496 3815 2201 6954 4743 5429 6057 6294 9311
25 8520 6851 3073 7686 9419 2745 1686 5014 3710 1956 7077 4626 9651 5067 7405 2097 4946 1083 4737 1506 1825 6717 7618 7289 247
25 24 315 3512 1835 81 6359 5792 5899 7872 4625 8793 7520 7482 9899 5921 2236 3733 6310 6551 2779 5048 8386 540 4424 796
25 3103 1697 5732 1797 7759 1884 4213 1944 1679 194 2859 4843 4407 6486 7584 7175 3820 3063 6065 3456 4269 3390 8948 447 5631
25 9090 4885 9586 2497 8368 1181 6904 4031 9694 1907 8108 6234 3150 2396 9488 9050 2101 6232 5450 7458 6097 3571 6051 3987 2286
25 6115 1177 6307 3108 8529 896 1930 865 9729 6696 4272 7286 5002 4259 8920 4039 8117 7029 8633 8455 1213 6986 5209 6127 8120
25 666 9503 4833 5917 9127 9262 4636 1752 4125 3077 122 5191 4529 6755 1836 1621 110 5542 5142 1039 2925 221 6317 2238 327
25 4098 2053 9487 2425 4396 1436 7037 808 2901 3293 1283 9113 8010 8076 1502 1124 3523 6284 5797 5178 9719 3741 828 5900 8337
25 9523 1593 2167 5107 1106 5279 5221 3765 9789 1702 8291 3573 9363 5570 5530 5448 8709 6841 8474 3015 7955 3184 2157 6644 5848
25 157 6877 212 4709 9617 1565 1299 8819 5725 9784 744 7538 6604 6561 9293 4870 207 3485 1076 9772 299 3441 1295 6546 2618
25 2869 5808 5829 830 9538 9035 3155 7990 10 5278 282 9533 288 3136 5793 154 6660 2367 1122 7954 6343 7310 1479 5455 6721
25 3693 5517 8198 1634 2981 552 4270 5465 4921 2089 6779 6945 1533 3242 9788 1265 3771 1214 6553 5750 5814 9759 2287 7151 5476
25 5402 9137 8448 2000 6647 1311 7503 9031 7542 7148 2740 7100 6655 9395 3448 4932 8643 1540 4672 7359 3683 6950 9749 2609 3984
25 9283 2748 530 7554 3319 1169 9101 7829 396 7120 689 4044 6061 8039 4438 6811 5128 6549 3303 5740 4363 966 4779 6569 7058
25 7229 7082 8303 8187 8671 9858 6426 4944 7414 5969 4916 4232 7583 9688 1763 1732 9108 1542 781 8114 6725 3698 1052 3378 3279
25 1735 5990 718 4006 7364 5087 2164 1979 355 4456 5804 2024 8165 6180 7504 5966 4026 9204 460 5683 8238 1350 1195 8168 2964
25 4352 5189 6984 1792 3194 5866 2275 7763 3767 2766 7205 517 3832 8357 1262 2517 9522 653 7688 9099 4083 2046 7165 8452 2243
25 8086 1630 5771 5602 5503 9836 8263 550 736 2607 9779 3251 3796 9416 2155 7200 2038 5638 6071 6781 5337 8923 4295 9936 2227
25 7709 6206 6818 4953 8681 9964 6331 6067 4642 7259 5417 9914 3689 8283 8887 4674 340 346 925 5079 2588 8174 1147 8265 1003
23 2591 9636 1955 4410 3701 6279 7147 4853 7998 2051 9541 7904 9978 7720 7419 1092 632 8084 3517 4580 7739 9887 8308
25 6879 1530 1508 208 9537 1062 8413 9474 6800 8693 9072 4845 3913 9175 6564 9598 4500 8678 7828 8579 4616 9568 9427 3347 1088
25 2327 6053 5282 3966 3420 3435 7216 9701 9106 2191 2805 6488 9480 8360 5882 335 9453 6834 5776 7981 1112 5251 5731 4451 1139
25 1664 7129 8536 1723 7922 8642 5995 5302 4314 6036 8775 6926 6436 3939 6027 4513 8172 4488 3831 7845 6046 8849 5616 3400 2019
25 8675 2106 6836 9769 4913 8695 8505 3675 4247 8540 2016 6505 9748 3926 5705 7945 9892 5115 7841 3048 7696 9340 5159 9014 675
25 9252 5948 3830 7737 7211 531 2693 6104 1589 1747 7125 9029 9148 220 5893 451 3587 1821 4766 5634 8467 8468 7991 9637 1306
25 306 209 640 4656 559 751 1846 7498 1417 6240 2945 2955 149 1976 5696 2555 2419 917 6760 3037 9243 9773 2252 9850 8519
25 1833 4260 502 6352 7679 2979 7812 3135 1048 9328 8437 2854 4265 9400 3912 5195 1347 2650 9124 3870 7427 3898 371 2656 5682
25 585 874 4794 4250 4063 6719 6591 272 9270 8105 2218 6318 8673 3525 3262 309 8805 4480 6929 5096 6285 4180 1408 8897 406
25 2278 7585 6159 1046 6274 4664 8782 4884 7366 7009 2546 7394 3980 8252 3360 7667 1238 7242 9107 891 7324 8391 9714 3755 590
25 1978 5358 4575 4646 8595 1355 1257 9882 9141 1308 4747 4388 8524 3568 6229 3582 3365 1754 426 3175 7593 1617 7228 5361 9131
25 8840 8792 3066 3375 9068 3952 8245 121 5386 8721 3753 4312 5396 5498 7674 4748 2183 8497 4294 5831 3633 6195 4408 1909 7758
25 8587 4255 8462 2639 5036 7043 8815 6737 5250 4569 9803 693 5281 2911 5906 5789 6388 4956 6419 4132 6991 5404 4308 4267 9638
25 4788 8699 3541 982 3112 5766 7830 4211 5041 9722 8330 3159 6167 9886 2378 1696 4816 6254 8514 6895 8635 9703 1751 3838 8123
25 9954 9495 5090 9164 4119 2527 177 1220 576 9321 3661 2837 7331 5419 5401 8469 5840 6355 8408 6107 6035 8341 6093 2329 3289
25 8071 8376 41 2751 5187 4477 137 4074 1317 6682 5734 8061 6733 1136 2263 995 5492 4110 6022 9008 5423 4077 6441 4241 4865
25 6456 2079 3116 4602 5241 5400 106 4969 8620 6201 1395 537 6940 556 8478 2871 1548 9093 4298 5028 1216 5833 3304 566 4846
25 3457 6004 8434 4471 7276 1494 969 3145 9298 5909 692 2634 7417 6483 3331 2428 4448 706 7059 1367 8866 2411 4069 9317 8331
25 8564 4437 6634 3938 8445 5994 5803 3133 9299 216 4582 510 8335 8841 2549 2668 4727 4822 5151 6640 5932 7938 5591 8091 7131
25 5902 5510 7870 5226 1844 2290 1561 7081 8416 126 8415 9571 5754 8954 3158 5103 7450 3911 5989 4422 6421 317 845 5293 8594
25 7877 2426 1186 378 9981 2673 4724 8904 1461 936 5908 5561 6897 8258 803 2242 5010 8759 630 7705 3978 7669 5896 234 3408
25 3564 2791 2566 8823 7019 4034 2924 4532 8007 3221 6042 6617 4903 1446 9801 2303 3151 5378 44 4707 7055 289 5758 6433 3737
25 7064 3029 5887 6567 3054 254 6416 6659 7143 9785 133 5529 7179 5681 4036 6464 954 5397 2002 3933 8836 5753 9909 2880 7375
25 3655 6875 1527 8609 1627 6967 2355 320 9838 2846 1383 4947 8817 3674 7124 503 7360 8388 1708 4943 228 9432 9793 9646 9577
25 1269 1625 977 5553 5628 1937 4433 6932 1568 6312 4073 3748 5548 6600 6525 331 1545 6524 9063 2629 4545 401 5977 4393 170
25 6160 739 8786 8991 1222 6216 1521 7506 1292 3761 866 155 4251 4919 8763 7012 1856 3900 3350 9465 308 3287 432 1939 6257
25 5406 8209 210 7492 5830 6809 9641 3505 4343 3556 7842 798 5575 1782 6174 4831 7233 324 3504 9551 5555 6070 6979 8647 2544
25 5332 4455 9320 2399 633 1256 3798 3722 582 3547 1041 1235 4915 5552 3391 941 8365 6936 3297 8418 8454 1427 3923 4 7824
25 4882 3208 4404 6021 3433 7309 5310 6769 2621 5513 2614 9490 1409 217 4619 2763 6010 8392 1156 3720 1586 111 4813 8808 3064
25 8787 3849 6220 7434 2075 7010 4696 7793 6443 3088 6298 2611 1538 5421 1974 8498 8196 4306 9982 7478 1549 8602 669 4778 3120
24 1866 6199 9602 7684 7882 1626 5062 1799 6114 6583 3256 8906 262 6175 2965 4118 5363 9398 7836 7348 8423 3950 1288 5854
25 1883 7357 1500 6615 6336 3364 7066 4347 4046 7806 5992 6565 5000 9946 53 6827 2029 2028 6623 3876 9339 4231 3965 9396 2862
25 1803 1734 4153 2856 1487 8220 9741 2972 1638 2580 9376 6773 1322 4322 5605 717 9924 3937 8315 427 7437 2594 9168 807 1020
15 3936 3614 5626 6618 607 3086 5608 7573 9584 5670 4330 6396 7018 1463 1190
25 5245 1142 6327 9144 2119 6280 3622 1309 9526 9800 7497 9142 7790 5217 7432 3207 631 5736 2705 6194 4967 792 685 9993 2203
25 8204 7314 8653 872 8190 7933 2304 1364 2043 9322 7094 3141 3266 9331 7454 8680 7157 3804 5671 1334 2188 7476 2502 316 3586
25 6361 3557 6409 7438 1430 7916 461 6178 5864 7647 3772 3827 905 4258 7622 1284 2816 7992 440 7261 4434 9010 3349 56 2897
25 8458 1100 507 381 8854 646 1412 5824 6106 3561 4489 356 1275 2413 8016 8234 5109 5231 7225 3033 8581 6594 8249 3791 5449
25 5304 4706 4207 6392 7203 7075 2122 7564 9319 8933 6908 678 2991 1026 1131 9245 591 2317 2427 4864 8411 1536 1544 302 9937
25 2774 5856 7666 6446 225 8938 6098 4608 7610 9360 4881 9943 9244 305 1165 4385 5863 6761 9760 5141 8095 1952 5311 8424 8980
25 8711 1372 6922 846 141 6013 5910 1896 3432 1071 695 3413 7385 4152 1171 4187 2232 2699 8733 1172 9426 3727 8279 2152 2225
25 5161 271 8207 8989 8112 5695 8339 3752 8072 243 2244 293 958 4572 1011 4655 2988 1103 4022 4287 7983 8929 913 5434 1439
25 7640 3951 1843 4028 3051 6570 9889 2057 7796 6866 8705 9716 4429 7280 9597 2587 7443 2674 9040 8056 3742 1868 1148 9095 9753
25 9207 9851 6550 782 9923 4798 6882 5444 819 6963 1255 7265 5249 3399 8060 6860 1432 2616 8977 4763 4054 301 7410 7215 4725
25 9626 2230 439 1963 8128 1733 7344 8553 1271 5380 9330 589 9821 7099 1554 8181 7893 1434 237 642 6153 1698 7964 1191 1226
25 61 2335 511 4024 8194 5344 2107 4714 9226 8988 9407 1832 9902 1806 6072 2085 7294 6817 5085 4037 1893 4189 3671 7311 7527
25 2429 9406 5748 9511 3807 8806 8687 6566 4221 90 1914 5166 4382 997 3873 8241 5987 1916 8880 4466 7283 5515 7489 9650 4277
25 5381 8449 2626 4645 7092 4021 8694 3754 2248 1389 5379 1988 7735 4850 5607 96 6370 9893 4275 4253 1059 5242 9792 7001 8898
25 7799 7116 9289 3453 6398 1079 7278 938 6306 7363 1534 728 7646 7072 198 4439 1442 9582 8558 2369 8479 4769 8613 3591 398
25 3743 442 8614 3544 6024 2385 2525 1193 523 2417 8200 7402 8115 9447 4102 6637 3171 7670 8794 6311 7813 2592 5737 7166 6789
25 1724 1635 6474 7994 5724 1294 9054 3496 8491 1720 7645 3009 7914 4276 7723 5084 287 3768 4431 3703 2435 8888 5817 1230 994
25 583 8629 8157 9757 1453 1985 886 2125 912 8764 6262 7620 4890 3455 1183 1890 4954 5795 4151 7484 6616 1149 4049 6073 3535
25 4066 9996 9702 6771 7135 6188 546 1710 6880 6983 9593 7195 1501 8779 1941 4166 3705 362 3177 5013 705 4570 4445 8211 3825
25 7864 2899 2690 2982 3493 1189 9388 6301 9624 4014 6281 8649 1982 5877 9218 3244 9786 4527 9115 5974 2807 5269 5735 7138 3528
25 5885 9595 9287 3583 5495 1785 6589 1428 6722 1140 1905 3115 8169 8971 973 8522 1936 1089 8744 1935 9931 3274 8925 757 1653
25 368 7117 6338 3230 8151 7456 4792 8686 9441 1934 618 232 3052 6124 8439 5828 8852 5916 3192 4375 1366 3180 667 7235 1254
