8 8773 3149 233 3906 8111 5724 1294 978
25 7013 1879 2641 2338 6454 9182 1922 4775 7564 6880 2177 8755 7265 5249 3242 6229 7973 8305 1249 504 4726 3322 6700 9690 4729
15 6252 4011 6669 8968 9527 8909 7730 6374 1391 4086 8307 793 5216 7385 5067
8 8890 3008 2335 9287 2409 8151 8220 8730
14 3696 8088 2422 2626 5566 8079 9475 9824 7918 9001 936 5104 9716 7482
27 1178 3692 2649 9830 8766 2140 704 546 1710 4784 8988 6281 8649 958 813 7504 4870 207 2902 7634 8714 9271 3792 4079 1327 5931 5606
27 719 2507 7677 7574 9657 141 7075 2122 8869 912 8764 5122 916 996 6755 2549 1108 2454 3063 312 7660 8441 926 3819 9025 5273 1038
19 8670 8179 4717 8410 2916 2033 7513 1455 9264 9515 4747 6423 6318 5098 1976 5696 8215 868 8744
27 6403 6662 7319 9702 9871 6927 4593 6121 1896 4420 3508 4073 155 9978 9400 5035 6990 7932 653 6050 8765 6005 6209 8404 6881 7772 5944
7 9121 1399 8574 47 152 4806 7433
5 7468 3667 2143 9186 6517
23 7716 2324 965 6922 3169 4415 40 1790 7659 6106 4212 8705 3413 9480 1423 3391 1284 8196 1542 8633 1185 6770 6032
27 1135 5858 9996 1067 6886 1281 8938 969 4163 9624 7262 866 6773 4251 3399 8920 5195 1347 2650 5884 593 8132 5044 3612 4197 8674 4186
21 8227 113 4507 4673 846 494 6013 397 6319 6684 6866 5911 9185 7331 5419 2378 4513 4548 3034 2890 3870
6 3647 8420 1855 7337 9634 8824
27 4679 4586 8713 1267 9944 2343 3958 6367 6301 355 6201 1395 537 201 6483 2256 7945 5820 8358 6071 6781 258 1064 8838 6241 3480 4268
17 3654 9046 1218 6475 3230 4786 1555 6104 294 9489 1720 7842 5950 5575 2563 7855 2210
27 2384 2589 5920 3022 5719 9158 2362 6161 4068 7817 7363 9376 2978 4925 6124 4438 3223 9041 6049 5461 1161 8626 2094 9878 2492 9311 3857
6 7227 696 2293 2758 4862 7581
27 1105 8342 6735 128 6710 8785 952 6589 5481 9441 6462 4489 8656 9902 4258 195 5448 2101 2306 6278 3056 6136 4691 6514 2193 3723 4319
8 2418 3049 5710 3398 2967 4544 2541 7632
21 7109 476 2642 7637 7312 7135 4798 3839 7080 9659 9894 8330 3115 8169 6600 7160 3244 6010 5916 8558 8499
26 6031 1817 6744 984 7683 5228 3098 8018 6727 1117 5039 4562 1337 7646 6130 139 6860 3020 1829 8658 573 4269 955 901 1288 980
22 4829 4984 8021 8464 872 8421 7025 8895 5033 4701 776 2443 361 8166 3455 5607 1732 8002 5438 2363 9931 2521
27 549 3025 1852 4349 6316 6652 8555 374 4159 6306 5380 9330 589 3796 5421 370 7420 1151 2750 1675 4183 1044 3140 8090 6981 8119 4750
27 9913 6424 2147 7226 4285 3802 9710 2667 8686 523 2417 8200 3389 4604 7854 2155 7200 5325 4576 4991 4812 9521 2985 4041 2337 8740 7641
27 563 4475 8274 1755 3605 2464 6026 1862 5211 8109 6625 133 9490 6167 9886 8763 7012 4946 3815 2201 1739 5787 3971 5596 3369 437 9517
27 2176 6900 1090 9543 4115 9199 4485 3278 8819 8150 1591 9072 4440 5548 1463 9870 9598 7238 570 7841 5924 6449 5926 1585 7834 8770 4348
27 8758 6767 2523 2881 6425 9457 1613 3622 1309 5070 9333 6888 8281 1690 2190 1974 9050 8117 4492 9126 1362 4391 4540 8397 2224 811 1418
27 1776 1528 3368 7236 1386 8742 4089 8339 2796 2248 8450 618 7195 1501 5217 53 6827 6660 2367 5676 3100 725 9953 1579 4476 2845 5253
27 2735 203 6155 4973 3083 6089 5695 7727 2125 6699 8933 5734 8872 262 5552 1171 335 9047 2202 9603 4199 6489 6717 5202 7985 8044 5370
27 8878 1874 8447 2216 6498 9209 1415 8800 5824 9849 7823 6290 7507 1629 9447 8347 7439 9356 6310 5126 2448 2886 4994 6158 4490 8453 8582
27 1209 7270 3334 6340 4481 7448 9165 4356 4924 2648 2082 1800 7620 3689 3935 6086 4674 340 2542 5947 3890 9689 7946 5685 6973 8414 9380
27 9313 48 9985 448 8772 5495 1785 9238 3210 1461 3547 7094 5350 7179 5681 3360 7667 162 3804 4737 6217 123 360 3797 8083 4883 9766
27 3629 9256 4935 9579 6009 8112 560 1561 3621 9950 1012 9155 8140 4890 8841 1836 1124 5128 6284 5797 7963 8142 3957 4220 8622 321 3617
27 3321 5971 1564 9549 9951 3940 2044 2108 2104 8746 5670 6298 2854 1275 8360 9218 331 5840 9204 460 8608 1825 7369 6273 9499 2839 142
27 4435 2009 4414 7406 5212 2984 9375 454 4347 4496 7006 405 9372 2876 3738 5186 8181 8709 6841 8474 7458 1379 8380 3035 5334 8319 8710
27 7948 219 5049 8816 8521 6601 7014 137 9513 2621 2561 3828 6565 5754 2494 3448 8234 7157 706 7059 1367 7074 2318 421 4606 9811 7049
27 5991 1024 2838 6711 5620 7232 5593 6904 509 3862 1396 5786 3009 8817 3674 5906 9730 2980 7029 8769 788 7694 1336 4418 1522 8008 8375
27 2015 9920 9109 8328 2178 6078 8300 3258 4871 8160 2596 8415 3159 9244 305 4036 6464 4816 3059 3954 6899 4753 4315 4844 8701 7789 8543
27 3580 610 8902 951 4914 4555 8228 1620 180 3536 5026 3907 1047 1409 8954 3158 9245 5010 6232 5450 5613 5960 4820 2326 2289 2449 2117
20 6321 9649 7768 7284 5156 2927 8101 7516 7061 2909 9006 7132 8141 9664 9350 8201 750 4023 1157 6828
27 3578 1794 6410 1640 2235 4990 3482 5782 5967 3425 8511 8177 5561 8813 7997 7674 4748 2183 917 6553 7473 3280 4791 7219 1454 8612 4592
27 8965 1332 8715 9012 5663 3694 6188 5951 5567 5879 4810 2244 9142 7790 8779 1941 941 4727 6355 1122 3219 9048 6440 3417 1581 9281 3880
27 5018 7936 1251 6473 8188 5799 2675 993 9027 9157 6713 8650 678 2991 9395 803 2242 1548 8678 6957 2779 5048 1600 5499 6998 7182 7036
27 474 8271 328 1221 4666 1215 6222 4792 2885 9433 90 9798 1031 4429 7280 487 7345 6388 5115 2824 3933 6435 8849 296 4057 758 6870
27 303 837 6924 4980 3921 6346 853 3429 4353 1179 5143 7125 2634 4915 7250 6758 2303 9108 4480 6929 3423 236 4976 8572 12 1677 20
27 4839 2581 4154 3680 9819 6537 1441 4329 4722 8494 9479 5032 4351 3813 4152 9616 1696 954 5397 3303 7845 2339 1158 1118 794 910 8700
27 3607 1815 6786 1326 2997 4819 230 4497 2174 1176 6452 4248 732 7914 4276 3912 1265 2029 7980 5528 6468 9942 822 9390 2610 3656 8957
27 187 6649 7373 4109 172 2866 249 7691 193 4062 9880 5704 527 9966 2911 7124 5789 8365 1540 8483 7981 7279 8386 5811 6242 4177 9430
27 9752 6607 3510 1102 9795 572 7245 175 1981 4343 2713 6728 6542 3613 6530 3873 4039 7450 2387 7688 1915 6445 2013 2211 8641 840 3618
27 3090 9670 7451 7086 9681 8546 4971 6248 7562 5968 6682 6908 1078 5000 9946 2487 8394 7360 1754 2002 3015 7955 8724 1043 9721 5821 8874
27 1757 7911 1984 3068 146 225 7456 9440 1027 1603 4825 5730 293 9821 7099 1554 4612 6720 4822 7859 2625 6302 7343 9146 6911 1318 8022
24 4309 4887 9556 9625 6305 7122 3315 6283 3247 5323 9085 9593 5589 1533 1990 5705 205 9786 8497 630 3456 9243 8684 9061
27 4078 6269 3865 6058 3082 8595 8860 9082 3271 4677 2141 5908 6617 4903 5068 4619 2763 591 346 925 5740 9719 9467 8216 8137 5474 8171
27 2465 6794 9011 4502 6480 7162 3513 4802 9980 5372 6808 5379 4809 8270 9704 6174 4831 7233 8388 426 2798 2014 746 107 9004 906 5629
27 7657 6189 2784 6563 4245 6814 9481 9151 1480 2065 8974 8212 6982 4710 3130 3419 7396 4448 3485 1708 9008 3040 2391 6685 5563 4432 5586
6 7575 5218 9349 9353 8831 5071
26 6466 9504 6164 601 5678 5238 4195 1947 5610 9844 1967 7599 6855 6006 3142 7923 5828 5987 8084 6065 3048 7696 783 2814 3126 6518
27 8292 2531 8426 839 164 7246 9466 4331 5105 384 8741 5172 3141 3266 4322 5605 717 9924 3937 3350 5178 4363 480 108 679 8308 2659
27 5970 3410 6756 7446 5892 8353 7769 8956 2842 4821 7594 3714 728 7735 8252 2263 995 6687 6549 8733 6954 1665 3184 18 5057 4446 6260
27 9976 1447 6110 4107 1913 8876 3785 2270 6163 6683 126 4881 693 7798 2068 4336 503 1856 4488 2761 3837 4179 3002 3003 4741 3069 3032
27 4525 9187 4959 4225 4050 9364 5576 1631 6041 2086 4533 4263 3748 8129 3076 3018 6637 1442 5638 8408 8114 6015 7136 6788 5058 4042 4662
27 2949 2166 8435 1970 6966 9832 6896 1943 3843 215 2498 1342 232 3052 9663 9102 2420 7294 6817 8677 1021 7593 2865 3903 7751 9700 4103
27 7862 9820 3329 9179 6762 7253 5853 6832 2264 1709 4358 4543 5259 8048 2398 8528 9587 8172 2069 3831 5079 9036 3741 6576 4568 4716 7472
27 3869 2828 3779 2537 849 5601 4355 9288 3203 3174 3221 242 2762 3686 3312 9801 7168 6303 2674 6623 5683 8238 966 1295 3863 5376 5859
5 3055 3381 5441 2825 1000
27 2135 3005 9267 9485 6356 408 6630 3228 9908 3959 1921 3772 1058 694 5357 2381 4385 5863 9093 2747 6287 2588 8174 2598 2463 6087 1006
27 3358 4877 854 1986 2442 7191 379 8214 538 9837 8935 6540 8344 6382 1622 6906 2889 3806 5223 9063 5750 9960 1726 1403 8311 7460 1929
27 6670 3239 4223 9078 9190 348 5557 8288 1431 3691 7788 1534 7570 3201 6802 1165 1017 1432 324 9124 5831 4616 9568 7801 298 5508 3985
27 2920 7005 7546 135 9492 7912 2661 8987 7145 8064 575 26 6442 3473 1604 884 2587 5109 5231 1156 7359 7776 4968 5616 5312 8552 224
27 8578 6139 5377 9874 4940 3993 4713 7697 8062 8326 4453 8470 2129 4369 6556 841 2085 4500 2699 440 8056 3742 8096 7035 8433 1559 1134
27 5868 1414 8774 9575 3537 3721 9458 7629 599 3845 9208 2438 9739 4382 1782 4452 4118 6370 571 7828 8579 8790 221 176 5760 6931 1948
27 88 1900 1363 5699 4595 992 660 3227 7907 9611 6165 3065 356 7047 5870 7725 1890 2466 2616 5989 4422 228 1350 5653 9196 2530 3259
9 7965 9698 1376 1949 9130 1844 4400 8486 7678
27 3442 6654 5818 95 5012 7840 967 9652 5317 7796 7949 2715 5520 8335 6376 8478 2555 8852 3900 8315 427 68 9773 9749 9782 5408 2169
27 2883 6044 5393 69 4137 772 883 516 9192 7305 2078 543 9530 1538 9080 973 8241 829 1214 9973 4864 6046 9552 828 962 5854 3883
27 7070 6656 9685 7876 39 6597 6639 8617 7749 4019 4365 7645 5308 547 2413 8016 4439 3171 1103 8514 1085 2925 2046 7869 9259 3679 5543
27 7429 9020 9768 8940 5650 1553 4880 514 8075 8928 7266 5004 6960 905 217 5611 4187 2232 6761 2258 5096 6285 9609 2671 1570 7459 8301
27 8184 9291 935 9042 4652 66 169 9975 1912 2557 1818 1783 2611 5827 4004 3920 2239 7893 1434 7225 9772 3914 8923 598 3620 3313 2813
11 8175 8698 4796 5347 4854 1331 7971 773 6775 3075 9723
20 7956 8306 5903 1 9949 1325 524 2095 9049 5247 9998 4688 4442 914 3010 3730 9119 2816 6524 4795
27 2519 5881 842 7580 832 3393 97 6593 3211 9724 3963 6730 5389 731 7072 198 7966 8732 1766 6428 3876 6343 7310 602 5647 1646 2273
27 9084 7849 5060 7465 7690 7208 6422 189 2054 1584 8186 4093 5565 2678 8632 6072 4166 3705 362 3297 1506 7324 3698 5342 4040 6016 8131
27 6002 4056 5954 7884 7494 2776 617 8798 6596 592 216 1525 2461 6014 2793 4739 9039 1936 8759 6760 5634 4083 5404 8948 447 5471 3021
27 568 7455 3024 8285 9450 1745 2578 6081 6156 7339 9362 8428 9428 8115 4900 4373 8975 3019 4110 6022 3037 3683 2888 7618 7289 1137 9536
27 6381 1512 493 7934 7567 3468 3904 8952 586 9968 4777 4557 1519 1714 6175 8439 3711 2038 9582 9982 6107 299 2764 9486 5973 5280 3097
26 9847 5091 933 4405 3036 3759 8542 8801 7794 1539 515 9884 863 4868 2499 1763 7590 2149 4447 7089 9465 705 401 6051 3987 170
27 3253 3311 4910 9045 6739 422 6251 9070 2156 2921 3454 9778 3902 5985 7217 1131 7376 1737 4956 6419 5028 1216 5833 6093 8226 8098 6479
27 5335 6780 4233 2973 5539 4639 775 1475 458 9015 5005 7403 8242 5687 528 9725 9856 71 3548 4431 5141 3633 3571 6057 2516 3892 5244
27 1515 7020 3424 57 5511 9576 2160 462 777 7920 3088 7865 5233 1682 663 5430 5103 8041 8762 4131 4037 1112 5251 7509 4424 8862 4124
27 1315 9402 166 8133 3542 8094 2314 8662 5451 3592 7142 399 9205 9630 9212 870 2832 9892 5378 5142 1039 8467 8468 7991 9831 5230 8210
27 8640 3990 1054 9104 3818 7386 8412 7316 2907 2229 3377 600 9571 2451 9456 3074 6219 1545 14 6551 4530 2550 8507 4295 4649 465 1300
27 1273 7110 7631 7380 6101 7558 2702 4302 402 2154 9110 112 7326 6798 534 5984 3582 3365 1971 5671 891 4743 5429 3931 6569 976 6063
20 311 3539 6192 6029 2939 7239 9177 3624 6999 9667 8097 5364 9661 2148 3484 6675 4783 8012 2090 1507
27 1992 1384 9744 3490 2577 2585 9900 2565 5780 1368 953 6138 5715 6176 6608 9318 6215 7616 3953 8977 6640 5932 4077 4308 4962 5819 3346
27 9459 477 4200 1908 9065 8973 2810 9089 3874 612 7791 4290 9943 7551 1672 5412 4175 9399 6254 2427 4943 6421 4180 1408 8168 9558 9326
27 7957 5721 8803 3199 3842 8236 300 7466 4907 6203 2151 153 9917 7321 9194 2582 7031 6351 5119 8880 7954 8635 9703 1147 1602 5988 8054
27 5440 1323 6547 9926 5679 3970 5374 2360 9028 3085 9542 5640 4936 8821 6636 4571 6091 5759 5542 9519 9540 5814 3727 4779 6644 1569 1150
19 8310 5982 481 1339 2059 3784 5914 3305 9911 2370 9826 1905 6339 5728 2785 5524 2371 5873 5788
27 2695 7140 945 9512 2651 475 8951 6463 9482 1688 4060 9583 6816 3844 5330 7675 7961 1361 1917 4151 6194 4967 9887 1052 5900 4911 6221
27 1305 1228 6457 8173 3338 6062 7411 9809 1101 463 5154 6184 8917 6205 8525 185 6126 7738 7868 4627 7478 7055 3390 2157 9387 392 626
27 6412 7293 3196 6903 3232 1762 2665 659 880 5630 7525 4106 6833 4970 9091 654 5084 2701 2028 2705 7705 3978 1617 5545 1642 9673 9476
18 2736 1651 4070 1977 9381 7909 5175 5770 4236 7898 5073 7566 2851 1107 8738 7723 632 3153
27 4008 6843 3067 5205 6749 7535 4607 1098 624 6253 614 3 8475 7582 8971 5898 9839 9453 5643 3094 7484 6616 6195 5159 898 1009 6494
27 3156 8489 3160 2031 4376 7682 9564 6476 3981 412 1513 7062 1624 2087 5220 6528 8050 3118 5736 237 4763 6097 8391 9714 8452 796 939
27 84 6418 5746 565 3666 3879 990 4147 7805 8446 7587 5999 5577 7260 6025 3704 6506 3587 1821 4766 5974 8836 5753 9909 6434 6492 4891
22 2356 3697 5371 3119 8155 5135 2171 9868 9231 1392 5072 9460 2756 4122 4325 3286 5456 7851 7670 4298 1987 8866
27 1560 9733 5744 720 4029 3057 6784 8970 4209 4282 3267 924 6366 3736 6620 8390 4771 4827 4581 1556 8455 7427 9493 7964 4451 2243 4955
27 677 567 1524 1233 7668 1433 9505 1282 3946 3031 83 1842 4168 2354 1806 9989 9591 7470 9893 3504 9551 5555 289 5758 4267 7058 7441
27 423 8783 3947 7277 2992 5751 6196 5160 4072 2444 3574 3645 6187 7853 6948 6478 7728 2988 2317 4022 8418 8454 6070 2252 2238 4951 2658
27 5324 7435 4194 5535 2261 1232 3829 542 7724 7381 6987 5262 7521 7886 8969 9807 6704 8318 5795 3944 4132 7739 7052 3304 3838 8337 7223
19 1138 4873 6190 2663 3502 6119 2011 2445 7773 7368 4856 9358 6226 441 7820 4650 336 8443 2746
27 4377 3651 5698 802 6023 2787 7477 2809 7474 3824 78 774 1316 6543 9258 3955 6532 5363 6936 3864 3033 8581 1536 2287 7151 5476 6111
27 7399 2313 3572 9297 1873 8761 7171 7837 7592 6223 2501 5092 8833 9780 4032 6362 1816 4192 4527 9115 642 1549 1133 7165 2656 5682 2163
27 9550 394 3910 1518 6012 2831 9232 8324 3465 8533 6519 5464 9643 7708 9233 9425 6791 7658 3071 5085 4580 6035 8341 8726 9850 3093 3569
27 5299 8630 4635 332 6729 9429 3290 1583 3905 1924 4964 887 1566 450 1572 114 8930 3563 6632 3192 4466 7283 7938 9427 3347 1088 8377
27 9449 6884 5295 6825 6638 6512 691 9228 7493 2359 7149 9247 239 8993 7786 3387 9122 1400 7992 2870 5316 6725 1952 4408 6127 8120 5672
27 7928 9925 6208 3050 881 127 9731 2893 5094 52 836 1914 274 470 9175 9699 5327 8771 3768 9986 2529 308 2592 540 3400 3984 2208
27 2571 2296 2511 290 8093 3205 3477 979 8229 8624 5133 9384 7707 3747 7800 6490 9621 3823 2872 5151 1172 8095 2594 5591 6294 5547 9472
27 5497 6502 5466 5307 9100 9546 403 2045 7627 9324 8366 1029 3123 1666 2567 3777 8522 7443 8392 5354 4375 4545 3287 432 1939 327 2508
27 7913 864 2118 6942 9654 1647 4326 6548 7726 2882 2272 7065 2344 4912 7549 4289 2471 9359 2488 4672 8251 2145 2133 5977 2609 247 8850
27 4058 7188 6200 409 9018 3732 9234 6793 1393 4628 5385 581 9732 1926 1611 1011 2871 478 858 4294 2629 5337 7669 5896 5455 2922 1558
27 9707 5491 2975 8351 7787 584 1942 6716 8631 1692 9368 5862 5052 2017 5136 3446 4501 1370 1126 2533 9443 5423 1868 3923 3378 5631 8217
27 2720 3333 9845 3875 7628 8530 6238 4278 6930 7389 5527 9994 279 4423 997 9327 9762 1858 7242 9107 1334 2188 2411 4069 234 2618 1410
27 9003 1778 8203 4761 4301 3685 7633 3859 8883 3501 5523 3699 5482 7939 8294 4176 2672 7295 721 2849 3175 2877 9340 7228 5361 5848 5841
27 6783 8213 3459 8784 3058 2240 3901 8182 21 3292 4002 4950 183 6975 3756 2545 8907 6427 9404 9794 7261 1893 7476 6317 8091 2286 8789
26 6745 726 9412 3840 2686 8116 9948 4045 5684 2023 6064 134 6970 8250 1068 8427 1505 7258 1916 1694 4287 7983 4231 3965 8808 2227
26 6822 6135 6765 989 5291 4605 7118 6344 9303 9370 4667 4198 6874 9224 806 6504 3639 4972 3911 4668 1940 7437 792 685 6546 8123
26 1066 554 6245 4733 6538 2696 7315 6218 9623 4394 2439 1416 4906 2197 1026 1183 96 5826 6328 861 5013 1059 5242 9168 9014 675
26 7475 1170 9401 4482 4297 1349 2320 9963 4800 5329 5268 1296 1050 8512 1827 8886 3431 7979 5938 9310 3703 6991 111 4813 9396 6721
26 6277 499 2112 9712 241 6805 5064 7924 9612 4892 5411 8284 1670 9933 3352 500 1632 160 5199 8794 6311 9997 6950 669 3755 590
23 9393 4048 9806 492 4941 9639 5170 4552 7532 6406 3854 5785 366 5986 4316 4252 1851 3684 7589 7038 3302 8423 8232
26 3549 364 3396 5777 6000 3117 674 5031 1198 3372 3222 9163 1266 495 3519 5530 3132 4603 9161 9040 7348 9426 4901 5209 9637 2964
26 2432 8073 1869 8382 376 4344 826 3469 3623 1532 3672 6824 6353 9967 2552 1477 2688 6768 1162 1099 9373 6153 1698 8279 8647 1001
16 7325 5562 7000 7102 6856 2406 8851 5835 2645 2037 2633 9706 1964 855 2700 4949
18 3202 7210 5425 8915 1061 9647 2173 8058 275 536 2874 5042 5097 2189 3283 7486 2733 5578
26 4758 5227 8548 9804 5779 5366 7778 5632 5176 2479 943 5139 9083 6522 3841 8753 8045 7919 5319 4721 8053 246 4769 1479 9646 1306
26 1543 3918 6304 697 2473 5287 5045 987 8334 1590 7900 3182 4770 5733 8922 1190 9750 5022 9932 6354 4253 8144 2806 913 3791 1139
26 7463 4536 2520 8346 4957 1587 2817 2260 7764 4832 6602 5958 7978 4454 5956 963 5196 7480 9261 2146 911 2435 4189 5731 1909 2019
26 1335 3546 9869 284 9557 5660 3124 7843 9073 6103 1681 434 4359 4217 5093 6054 8498 9565 7003 3357 1607 9336 3441 4242 4778 5790
26 4601 1407 513 8309 3616 5952 1509 5564 3450 5188 3463 4038 6939 1345 4097 4102 3006 2662 3096 2392 1280 1586 4570 4445 4 3279
26 4742 1406 3603 6718 8719 7901 8737 7515 4564 3924 5513 4092 1314 1357 2996 8060 6145 7511 8393 2987 7054 4780 3898 371 2983 4846
26 4094 1609 6168 419 2333 9410 2486 8500 8659 2910 6605 5872 4805 7734 6469 1717 7721 3151 8754 7826 1490 9391 5551 5047 8265 1003
26 4071 5615 8832 956 3225 2291 4858 7169 2184 1819 2599 3470 6743 512 8438 4514 3355 4960 3834 3177 2369 8479 8589 5735 4241 6152
19 5480 3760 1588 3717 3565 6272 5579 3909 1504 3356 1781 714 7781 77 5805 5850 5633 2331 3288
26 6377 7687 4112 9705 665 9645 4965 2407 5709 2052 670 8268 3101 8170 1885 3805 5181 2709 9615 5015 9875 7307 5148 1473 807 1823
26 2247 7810 5017 6173 2041 4503 8585 5526 1248 7221 2237 7153 6325 8672 8387 2365 6759 6887 7895 416 4707 2301 7717 2502 316 3289
26 5192 9166 6125 9105 2999 6686 6460 9133 130 1598 4772 8516 5689 1291 4850 9060 3342 9802 5315 8255 51 1899 8602 1195 2880 7375
26 6724 3758 9306 1830 9477 7041 9822 6751 4111 5486 2468 6102 4136 8264 6552 9588 1413 7910 2475 1928 5489 6349 5269 7489 9095 9638
26 1097 2603 9627 6360 2245 7263 7643 9265 2898 2246 9919 4851 3682 1743 253 6320 8162 6691 3183 6084 5264 8411 2767 6441 3652 2544
26 6263 9935 2957 9640 761 7636 8378 8953 3163 5559 9240 2768 3235 1125 974 6667 1449 7027 9398 3187 1877 4054 301 8249 8424 9577
21 6039 4208 4863 9763 7382 5375 1250 7048 3173 4128 3308 2142 8958 641 7405 619 5286 5936 1089 7836 7784
5 1040 9405 9377 9044 3560
26 8708 873 2963 9613 3729 2352 8667 4244 2121 5462 3597 9278 4075 7753 3091 7958 9235 8032 7780 5056 5691 8515 9432 9793 9317 8331
26 4379 7444 730 4705 3414 2741 8493 6243 8312 6921 2535 6326 6609 7999 985 6754 735 8052 4306 9468 8456 8924 6986 3671 1191 3120
26 3030 3294 5112 3915 2551 2732 6407 2505 2234 991 1854 7635 473 8931 1901 1057 7623 179 8011 4275 4814 5130 4383 1751 566 6257
26 713 7186 1121 7613 5069 1346 4249 799 4114 9026 2051 7672 3359 1145 7619 972 4740 496 2251 8913 8894 7740 8929 1148 9650 9131
26 8518 5387 9316 7602 100 6580 4966 4767 8562 4550 4981 4692 7237 815 1965 703 6299 63 2727 7518 1404 2807 8888 7410 7215 3737
24 2316 8932 3891 4528 4017 4986 5861 1595 6571 8193 3967 800 4736 9520 5257 7107 5842 3809 8934 3558 7756 8893 6390 4841
26 8731 2212 4686 313 6402 6244 8809 7873 4734 2835 4266 6801 7819 261 1567 2676 6499 3023 764 9760 1935 1837 3343 4049 5293 8594
26 2917 8557 4196 9696 4101 5457 2680 2192 4776 3851 4669 3968 6560 3330 676 2047 1775 2459 6837 44 3720 5431 4257 8482 302 9937
26 5445 3276 7248 975 823 353 8028 8239 5040 6953 4085 9862 2960 8810 8845 5215 6001 1405 4680 5843 9590 4434 60 9792 4393 7131
21 606 7346 1159 6527 611 2404 9655 9516 4638 30 4473 6146 2437 9193 8336 525 3412 4671 4116 4271 5399
26 7861 4387 5541 5816 6526 2771 5713 6157 3534 9056 4357 740 684 6863 7056 4505 6143 1155 8461 9525 6731 7481 9013 5077 7235 2225
26 2718 5875 8040 3554 7209 7816 8038 2453 2021 6806 2601 7351 6891 7273 7661 1650 2416 5905 7033 5773 4402 7664 8156 5311 5434 406
26 6913 190 9691 3263 6742 7425 444 9912 2477 6641 1420 3595 6578 8729 2632 9693 8776 7892 9253 404 5290 1086 8834 9024 5443 3586
26 1192 1113 8588 4830 2207 3524 847 8164 4498 4654 2504 4279 5184 6629 5722 1945 2336 3497 87 2891 5609 4463 9010 3349 56 2897
26 672 8149 2711 6265 596 9171 4872 6333 9408 2931 1034 742 7461 3495 4789 9181 2027 2974 2860 4146 1127 49 1149 8636 2152 1226
26 6815 1227 200 435 5351 4585 867 6681 7754 6581 5692 4280 453 8992 6225 2965 471 5612 7858 5488 6890 9339 3872 6979 6080 7824
26 5693 7329 8277 5182 4615 8403 91 1968 3735 9508 490 1394 2400 9389 2834 6666 7736 6554 564 3996 9417 5348 1427 1120 7166 8980
26 4090 5743 1489 7172 3663 1263 1891 1861 8481 6437 7440 4443 8616 1727 5655 8567 7608 2403 9415 7308 38 1366 3180 667 2821 8519
26 6901 3540 1674 2754 2250 4007 4749 5635 8598 3285 4219 6974 1065 8361 7699 7921 4334 5165 9315 270 5276 8982 7214 3113 7565 1020
26 4494 3579 7430 35 4744 7808 6868 2875 544 9300 5305 6375 4464 1371 213 8442 3888 1578 5197 860 5328 944 3702 8078 1230 3064
26 9514 7028 3092 4228 7809 5382 7068 1297 7488 4426 3213 151 2268 8811 1298 5336 9853 2572 8619 9787 3488 3676 7617 443 8211 5449
26 9679 5237 9974 2382 9180 671 7282 3418 7903 4689 2402 9697 8009 8842 7330 6256 2668 2579 3209 2194 8825 4161 2307 845 9936 2203
26 9409 3409 7224 6413 6985 4256 120 286 862 4012 3027 4591 5320 2214 9945 8496 2752 287 9745 3941 6508 2098 9210 7880 8430 9753
26 1867 5027 4184 3426 6133 7785 9478 2760 4561 255 6983 4590 2325 1072 8121 1894 5618 1919 9365 4215 526 9434 5515 2794 7311 7527
26 734 7355 2495 7572 2937 6946 3099 4895 2374 7422 6513 9114 9470 22 2334 814 8966 878 3769 8781 6592 9622 3627 8613 7303 3408
24 6663 4027 457 3816 8615 4171 3609 6910 4317 8126 5742 1277 386 1116 9958 7371 2030 8905 6500 6300 7813 9922 3274 1425
26 7804 8290 5711 9002 8034 369 74 9896 8033 6883 11 1814 7397 8873 7848 3397 7752 7447 2569 7523 1303 3814 7611 7183 3172 3528
26 7401 3138 4836 3475 4035 5838 3770 1716 2397 2366 5340 2729 1132 9335 1932 4801 9605 6651 9174 9301 6017 4129 8321 4905 7899 1439
26 5649 1773 6003 1252 7342 2919 7729 8257 6757 7222 4988 1307 1767 6204 8314 1457 4655 2801 6369 7 1242 5972 7395 5737 2073 4725
26 6689 2538 1381 3325 9135 1557 310 3648 8864 7857 9444 639 5600 9594 4982 5997 687 4386 143 1070 2970 4610 341 1544 3591 4277
26 9864 8024 2782 1863 330 8652 8780 5001 3811 4787 9734 7743 7552 9665 6777 3707 2282 3401 7067 1390 7213 452 3106 6212 6433 4120
26 4687 902 206 9254 9064 2412 3986 2977 3570 9934 9302 6415 2340 9548 8526 7930 5595 9323 3670 5965 5410 9007 1663 1699 9214 2862
26 2061 1860 3188 780 9897 7555 425 9284 4824 3757 6363 1328 256 9170 7098 9111 505 5807 3668 4983 4928 3922 7600 4127 9993 8898
26 9563 3257 7428 9631 5437 9833 3451 930 15 1592 8963 4487 2478 4144 6511 8676 5706 7306 3109 3306 9294 4702 648 4399 7138 6789
26 957 8302 2401 1628 1667 5690 5622 8560 6677 8460 1771 7615 9153 9930 6131 3628 3367 2226 3427 2168 9439 5867 5248 3134 2329 3825
26 5934 7889 3821 1994 9738 1465 4099 7984 7167 8871 1840 4898 6171 8246 5326 5796 7656 743 9285 9032 8964 2830 1482 535 7001 994
26 3708 1838 8573 4299 7662 643 4756 7103 9379 3673 2933 4852 2390 7531 9683 8221 89 9501 9528 9660 3143 4977 8278 6151 6840 398
26 6228 7230 3193 1319 4291 1721 4617 7715 7045 594 1741 3625 3650 2913 752 6938 2820 3164 3125 413 1144 6941 259 6465 5891 7700
26 622 9463 6068 7874 3270 708 7187 8984 4293 6345 3137 7007 9863 3919 7354 634 558 9991 9173 7744 5432 9069 8195 1095 7818 1254
9 9619 1880 6420 5158 5169 2128 7972 2612 820
26 4214 1492 3989 3632 6293 1160 2790 6082 7483 4711 2153 5919 8565 999 2685 3521 4082 1957 4931 269 555 2827 8606 5637 6559 7758
26 6831 2424 1995 1777 4065 5847 4441 4327 8571 1946 6495 7288 3011 125 8495 1853 1789 486 6166 2182 4670 7297 317 8488 1826 7881
26 9675 3291 9030 5025 1175 5193 5844 6925 4539 1348 7701 7352 733 7353 7328 8944 8668 5229 165 8256 6401 4337 763 1731 5436 4296
26 700 4467 661 3462 5240 3636 2394 8243 3896 5794 3154 6830 8199 5309 6714 5980 3452 4719 6671 3166 2266 8802 3950 2423 9369 5592
26 1563 658 9087 2305 3047 8030 3122 9167 1096 4499 7807 7090 7285 9237 4876 7032 4254 1018 3801 7181 5784 7676 7863 1287 2280 2049
26 3817 7398 3601 2904 2731 3190 8610 7614 9859 9038 928 9879 8961 9506 7177 3927 4678 5190 1704 5774 5321 6482 3041 4324 2138 7731
26 4059 2738 1023 3972 7685 9737 6907 7569 7894 3997 2526 8261 1310 28 6847 4631 5270 520 9059 411 3248 5544 3310 82 7702 3535
26 9216 6404 6202 8637 8042 6705 8804 949 8664 7712 5314 304 3300 363 8471 4681 4817 3440 6878 1244 1285 4700 8130 900 5874 1304
26 3307 3236 4084 168 9620 8937 6297 3421 8148 5878 3509 3178 5925 5106 1485 9518 3001 5490 6520 2310 5812 2878 3995 8861 7424 2055
26 9305 7114 825 1272 8504 7256 8373 9424 5201 5478 1810 6181 17 6249 8354 6738 8720 229 1793 3301 4551 5560 8858 5536 3712 6210
26 769 3245 9666 211 4869 2781 3531 934 1960 8547 6085 6047 9988 8569 333 7839 9883 4954 1808 33 2815 562 9189 7814 729 4145
26 273 8459 892 245 6523 8176 2753 8827 8901 7231 7502 5472 539 3016 4573 4191 4361 5648 6330 7878 981 4633 1728 6112 8396 4350
26 3555 7198 6951 8835 7698 6270 8485 4113 2630 4937 1918 9152 4483 3774 940 2012 4155 621 3889 8912 4922 8205 7524 7496 8735 2691
26 117 2006 6536 6069 2635 5701 159 4594 2534 2694 3846 7529 3072 4878 7313 2655 6988 8734 2637 2302 8364 1231 5978 5817 8897 759
26 5086 9052 3354 655 6261 1239 2377 8945 1429 8691 8826 8400 2213 2500 2274 1780 6276 9344 8751 191 240 1802 5521 9797 8429 7133
26 519 7320 6450 7579 5783 2900 3657 9687 6393 365 6708 1217 6799 9183 3982 1925 2476 9413 3600 3179 9414 9223 3415 3887 1115 7825
26 3167 7779 3461 2288 7113 105 6562 2025 2042 202 6235 8107 6679 103 5802 2215 604 8757 4837 1426 8723 2450 7374 5937 6191 2130
26 7108 1208 150 2036 9761 907 2640 352 2467 2958 9758 7879 4715 9686 8651 1451 1333 6976 9491 6797 4313 1801 2843 579 6664 59
26 268 4693 277 4920 32 5267 9952 2884 163 2383 9941 7626 8593 1889 6590 760 6869 6611 7421 3240 7144 4596 4611 9765 7436 9635
26 3855 7156 4624 5662 3778 5008 8996 2948 7267 8289 2923 8960 4190 2308 8197 8317 647 5680 9529 7199 6701 1356 8487 9169 5388 4091
26 7499 7379 6296 9743 6247 8998 2969 8727 3635 6391 3328 9498 7510 7536 875 6588 8230 1744 7426 1849 5669 5617 831 7951 7467 4865
26 6695 1605 8979 1529 9118 8037 2802 821 8638 897 8911 7904 6083 9774 1750 2757 4370 9455 2647 2574 5246 899 5131 6978 3500 8517
26 5860 4781 8224 4782 9273 5642 6893 8266 7207 9810 3999 3606 909 2956 6149 5271 9055 3713 6964 3695 5641 8666 4823 2998 998 4013
26 7088 8262 9274 2470 8035 8665 244 4857 8316 6898 9462 5537 3045 1786 6803 5183 1712 7139 468 6487 4261 4998 7603 8910 4531 8185
26 6807 5727 6804 2783 266 3439 2330 3466 5907 947 2309 9043 4614 7832 385 6314 2127 521 784 1608 2165 6845 3275 2914 7356 7115
26 7952 7347 6645 1685 4318 1746 8597 1872 613 6231 9023 9867 9292 8669 2943 4362 1811 4917 9279 9088 7530 4516 7163 5942 4203 5939
26 6706 2942 2455 3411 102 4930 2388 9992 5301 1756 4055 8067 6861 7815 8231 6385 4417 7050 7596 4462 8577 7079 8508 6993 4133 8113
26 5300 2717 4867 5756 9497 6989 3326 4879 387 2938 2808 3491 9021 2894 9755 2728 9188 7578 1397 7127 5673 2697 6782 8260 7042 7986
26 2297 8566 5369 4064 4409 5405 1864 5933 9418 1715 2841 5473 5243 7802 9295 4051 6510 2918 8859 3226 6074 2976 5011 4759 1290 295
26 2944 6849 5540 5957 2105 9846 9962 833 3584 9754 6678 2431 2284 6776 4165 3960 835 2792 6028 4178 3348 9154 4811 6384 8372 231
26 3371 8055 950 5352 908 4274 7271 5941 2393 8918 9139 7760 5292 3139 1187 3634 5152 393 838 5940 2775 9203 6534 5204 6405 9532
26 7929 3249 9815 4703 8768 2857 629 4398 9268 2179 501 8402 3763 414 6763 1719 9969 7545 8287 7332 9338 3260 9656 6045 1923 1718
26 8102 6752 3833 5757 7883 6132 3261 2206 5556 5256 4378 1822 3808 6859 2102 5007 6259 5053 1484 1927 6723 1848 8797 5485 7123 6113
26 222 4411 3403 7085 4139 85 4888 5915 4224 1424 3550 2994 9250 9865 8584 8889 3638 158 915 7084 4283 2879 6177 7154 1758 1261
26 445 7471 5120 4202 9341 1182 388 6094 9436 67 8492 2364 6846 3979 9431 3361 8896 7408 73 9197 9184 4728 3681 8385 5232 3994
26 3988 8739 6430 4657 1324 8273 1081 5702 3044 3799 8814 5981 116 1450 7797 6055 1764 7378 1742 932 4288 7413 8398 4140 6635 4622
26 5235 7287 318 6503 161 2368 2930 6056 3750 9592 4718 2205 1382 7875 2619 6154 8233 167 5574 2136 9601 9484 3111 1234 4799 5020
13 5983 3773 4080 2132 4658 9817 8510 5099 3216 5140 8881 1289 4793
26 8477 2233 7927 8085 7692 9357 8981 1787 9074 9361 894 7528 7588 771 2093 3577 7400 9695 1616 4095 479 7202 3715 6334 805 5179
26 4307 4583 9890 1240 4659 7777 6956 9496 2373 3776 4899 7750 2861 223 5274 701 344 9201 2855 2726 8139 5836 7069 7996 2540 472
26 8703 8158 5890 1200 7383 6850 5050 9539 459 9219 3340 9816 2903 1035 2950 2389 3515 7517 1520 1571 9606 1847 5839 4904 86 5571
26 6965 1689 4164 8995 6484 7453 8272 9928 8645 6211 4009 2109 4468 6612 9423 2088 5288 2483 4738 6092 9861 5322 6470 8959 2185 9176
26 4618 1438 482 4493 6764 876 649 8023 2906 5569 5901 2341 4620 184 6117 5739 574 9855 785 919 345 7681 9971 4305 6073 4790
26 5717 2026 6455 417 23 8523 4300 1531 484 2622 8031 3948 2039 4512 3152 6267 3336 3552 625 4757 7577 9668 9290 707 9569 3643
26 3281 8192 4003 3585 4588 3215 709 3895 816 6692 9397 7340 5904 1164 2350 27 5111 6668 323 5146 2070 9200 1514 1562 8332 5665
21 9927 6544 8554 9562 1460 4371 7745 4470 1643 5664 129 4237 4067 3237 8927 1623 7302 4599 4640 757 1653
26 961 817 8440 4629 3795 6313 1738 7576 2670 3443 4264 5767 2433 2254 727 7706 9672 8839 3852 1691 0 5813 2698 1983 8363 7173
26 8395 9852 7249 6842 2887 7275 2797 5809 9160 9420 1911 9939 809 5349 4360 6628 5945 3382 5755 9885 1028 2298 9956 3641 6 6467
24 3608 6329 4815 7975 5674 2706 6066 3146 1016 4087 3295 923 1546 3503 4578 9017 3318 5346 7241 8409 2491 1662 1658 6944
26 580 2123 5636 8563 1474 9276 1168 7940 8103 3127 5583 4430 7860 6790 787 7541 4765 9535 4425 3581 7947 1594 314 2554 9834 4538
26 4644 7180 3017 2346 4764 4958 1779 4449 7370 6120 8225 2137 2231 2951 4218 6289 1678 8202 7358 9094 6914 5138 6702 8371 4909 8178
26 2008 2536 2539 8747 8795 529 3062 1008 1541 2829 2710 1753 8049 9828 3214 2873 1996 3908 1196 5447 8949 597 7073 3229 7011 1722
26 9581 8484 5089 8856 9751 3345 1511 9248 1639 3498 3186 5442 1953 1796 4804 1224 334 7550 9451 2759 6448 2993 5688 5362 8106 9545
26 4637 3575 5006 8338 2570 6380 578 1725 1820 1774 9421 9378 6122 257 2462 2003 9437 5823 1360 2723 5791 7268 1636 1961 9215 2509
26 4948 5359 5686 4704 5433 4643 3867 6902 485 2281 93 3893 1649 6105 9275 8356 4945 6787 2707 4181 7487 4413 1202 2847 8138 6288
26 6633 3596 4848 8791 5627 2600 1695 5155 7164 2040 5163 7091 9682 5729 7871 983 2162 6227 9096 7204 5800 8501 6148 4641 8541 1082
26 6916 1637 4520 9314 2077 553 2187 4653 5134 4768 3404 9767 964 6697 5506 7976 2295 8466 4926 3324 8124 7423 6676 5659 70 8941
26 9888 6485 1030 6575 942 8118 1700 3373 7197 8293 1980 8074 2684 8829 1033 3376 5414 4427 6918 9051 4542 6250 6598 1497 8607 4553
26 2573 6747 4421 3220 6648 292 6197 8014 6865 7004 3070 7015 4997 2186 4754 6372 3000 4600 6295 7126 7540 5435 9608 2457 1958 3514
26 8329 699 4661 3602 1491 5584 5409 1476 5074 6909 1073 1130 8591 5132 1606 5525 2111 6568 5030 9332 8333 1173 197 9198 1204 7783
26 8950 1013 3317 856 9037 2613 1152 1051 1104 4634 724 8545 5061 6928 7543 226 9756 4148 5961 885 6335 5252 1938 6147 3264 8690
26 3471 109 9282 1146 5303 7479 64 5394 8644 9881 6820 4368 3078 1444 4234 5255 9531 9367 1022 3388 488 2946 5368 9383 635 6507
23 7040 6239 4088 4938 8191 6698 8788 3709 3767 8767 5975 9955 4660 4535 8946 7969 1385 7767 5776 8269 2704 4908 6693
14 8967 5572 5285 4141 1902 2556 9842 9566 5306 7866 8627 4818 7189 3861
26 6961 19 2780 8146 506 6672 7609 8661 7341 6447 8590 970 4993 5849 2719 7995 8697 4751 367 6867 2725 5037 436 7719 4479 1207
26 9979 6150 3976 3191 92 2602 5764 2867 2063 4204 2228 686 4745 4560 6572 1671 359 4182 9236 6826 5121 3644 3529 5395 7537 9829
26 372 5034 7372 1201 1910 5426 508 7931 5658 1871 2777 8601 8127 2285 5383 6337 4478 5832 4999 3835 8066 6011 3422 6955 3518 1547
26 6198 8586 5507 3885 1245 7642 3532 6587 8159 7654 1748 8749 7298 9435 1824 3506 7671 6972 4380 8756 9873 16 3533 1087 7393 4987
26 1888 3640 9965 9947 8955 7150 9263 4828 716 1470 2375 8748 3212 8628 8248 3353 6935 5254 712 5745 7159 6606 1467 7409 5714 3043
26 8728 3148 6741 3105 7534 9062 2115 8237 6140 9000 5210 2863 8539 5512 4323 6429 1596 1268 569 2744 2005 5845 3762 9454 9241 5174
26 7561 8848 7638 9628 2952 156 8882 1302 3394 857 779 4730 3438 5102 7653 5416 968 1036 3272 7105 4010 9808 5894 1865 9560 6453
26 2941 9473 7648 3530 2480 2126 5100 2099 7610 1199 8646 6810 3489 5675 1053 4238 5427 5078 2022 1445 8942 8092 9129 1141 1312 325
16 6912 3362 2657 119 753 380 4939 2395 342 2620 5384 6778 1882 3962 7835 3207
26 5341 7512 8254 5668 6969 5088 3746 7770 9607 8976 6038 3894 3447 4978 8081 8844 3320 827 5144 3653 1128 6291 5667 9669 6943 8163
26 6694 4428 1260 8059 7732 7134 2076 7915 6134 395 7220 2175 9269 1769 4621 7377 347 6144 5624 5531 7051 4230 6627 383 6258 3749
26 5424 3384 2681 3783 6515 6971 8830 138 1464 8926 9843 9225 2995 9348 25 6033 1839 3198 5081 2638 5657 1398 7039 1015 5865 4160
25 9325 2928 3991 9524 7206 6610 1846 7680 4840 4472 2804 9351 1654 6431 1933 2522 888 7023 2795 9891 4005 8046 7950 3871 4185
26 768 6740 2518 7243 6357 4541 377 2515 7334 946 8383 5023 8544 7621 5463 3545 5333 5392 75 9016 6673 6573 7412 491 7112 2627
26 4855 4648 9735 656 6076 5837 4623 4130 5619 9143 4033 4712 5502 4521 5573 1237 3943 5206 9098 5266 8639 702 349 7350 1892 391
26 2912 1206 5621 1997 7665 3181 5962 4834 8444 8125 9403 2116 6858 4694 3483 5741 6037 1401 9715 5752 2624 8275 937 6959 9876 2271
26 9799 4537 4826 5955 4613 1369 7445 7604 3314 4566 5532 7718 8513 8476 227 8704 8465 8065 7128 2083 36 5283 5599 8320 1472 5390
26 8509 2436 3740 1496 9392 6182 8244 350 6386 6848 4651 9783 7130 3299 6734 3916 2199 5114 5765 879 9814 6358 2458 1809 3975 9915
26 1993 7553 326 6141 5263 1037 2110 3499 8401 196 7547 6444 5016 2204 4389 4465 7890 2255 192 6383 7452 6322 4752 6118 1972 4338
20 5343 7464 2896 5054 8796 9202 2430 8026 2568 5059 7192 8532 5157 4963 4333 3246 7201 3897 7185 8712
26 489 2742 1111 4558 895 2209 3793 2048 4559 5519 8807 683 9355 8936 8297 4597 3878 4030 2379 5177 2503 251 1419 1488 3665 5108
26 4150 9347 3445 7193 1684 9138 7457 3157 6622 4235 5083 6090 3061 7556 7095 8900 8846 2514 6852 8611 3604 182 3128 6715 2408 2755
26 7318 2357 6255 1601 9346 5298 7988 8099 852 9720 4135 2144 8725 9653 812 8013 6018 5493 2058 9502 1219 7044 2593 9220 3860 9334
13 3147 7196 1959 3114 2852 3341 4773 1736 9230 6292 9534 9337 1344
26 3444 400 1313 8419 6438 8596 7926 5700 7822 8027 9983 7650 4632 5558 3961 4517 2971 1440 2342 9713 3265 7349 3637 5147 5265 7937
26 3168 8425 1655 267 2181 7387 2386 3476 6179 319 3436 5171 3233 4663 1119 7571 7272 2489 1274 2262 8983 9296 4339 1652 8001 7533
26 6541 9544 2440 8219 5656 8253 636 5123 7508 1897 6642 2595 8025 6008 3599 43 3252 6980 3706 9984 5075 810 5581 7673 8327 3724
26 9901 8020 3129 1580 2323 5116 3974 5009 7415 5208 9150 2139 7944 72 50 2265 3472 5772 6040 3243 971 5003 3687 5825 4695 1210
26 541 3430 4875 8682 3789 9561 7746 929 8843 2722 4992 1387 4459 8359 2644 6169 8417 5585 6577 4052 4859 2361 7606 6088 1576 9573
26 920 3826 5214 2934 767 9159 7761 3507 3646 1448 3847 1075 3973 2279 2294 5522 1707 7970 5200 373 6501 9260 9123 6917 3107 8556
26 2020 6558 7557 6703 4123 9678 4584 4406 4206 2241 8916 2452 2062 3551 7121 2772 3344 6400 9125 5185 5928 2604 2905 3046 1701 8947
26 29 7104 8348 9633 871 6213 7941 4105 3782 8743 8986 278 7505 6282 682 1375 3642 7607 8702 7559 4174 3868 5460 8879 6650 1247
26 5222 8104 2056 5124 5913 9972 1859 9272 1330 959 6116 1236 3406 260 8068 3659 7367 3822 3087 7485 7416 1812 623 4886 3335 5029
26 1005 8892 1143 5815 3038 46 1443 9474 7392 65 3992 2959 9079 3660 4262 8914 7449 9728 4381 5580 8908 8451 8707 6060 2926 4803
26 741 1784 3594 4205 3366 7762 3434 7301 6838 174 4096 4682 214 6142 2091 7598 6079 8592 4609 218 8655 2080 4519 4157 4522 9172
26 8559 7612 7792 3200 3669 9684 2315 3751 698 893 7101 1668 9877 5479 605 1167 6557 5277 446 1483 8180 650 9494 9747 8884 2322
26 55 4546 9286 354 1422 6643 8990 2558 5708 5373 1286 5651 357 449 4565 7333 5677 7030 5762 9178 5935 265 31 8718 7733 5666
26 9140 6658 1010 4020 2060 9242 4328 6237 3231 2513 1876 5180 433 6020 2351 3881 7652 8000 6395 2131 1954 4354 3942 3014 778 4929
26 4894 5213 248 1503 1365 9033 3930 76 582 5768 6873 518 4647 2947 6854 6709 8322 5110 3899 2716 3492 2474 2259 9781 3858 8480
26 8189 8323 497 8110 3026 3102 9156 285 5452 5801 8431 4985 6137 2682 4762 5993 1895 4239 2803 2096 7158 3460 2161 9764 5798 5063
26 7711 9128 3786 415 8575 9035 4989 4227 711 8502 8136 889 8692 8863 8015 9053 2868 8679 7850 3268 4556 5224 1074 637 3522 263
26 8406 9246 608 9680 1537 4384 1110 4491 1264 1197 5391 4547 9213 3337 9386 124 2496 4952 4081 5145 2562 410 844 7026 7714 3588
26 5598 9191 7255 9464 7442 8367 6268 7234 6885 6389 1188 5694 4407 2712 4025 8003 3363 7519 3934 8818 9777 9676 5065 8648 2200 5501
26 9483 2074 9559 9382 9019 3086 5608 1338 7998 7651 4486 37 238 4076 3195 5339 9342 2001 1659 1788 140 5162 9771 1966 7335 5538
26 4143 7891 4450 3615 4838 5994 1660 1644 9632 2332 9103 9671 1761 4210 6077 3538 9211 3467 1807 7526 2564 4061 4134 8 2172 3664
26 4495 5113 9813 3739 2653 9394 5514 2220 2035 2737 2345 6387 5019 1857 9674 3598 5149 4342 6109 4589 5644 204 8943 7146 3284 638
26 1194 8978 4630 4016 9116 2217 843 7176 7872 918 3323 3449 5763 786 6707 2590 2158 651 4577 3479 4504 2067 6876 762 9097 3110
26 375 7704 1223 8298 645 9134 9553 5899 10 9790 5810 5420 3241 7917 3511 7897 389 548 8634 3273 9648 1279 4286 7568 8490 4292
26 2559 2714 8370 2605 986 7274 5550 5998 6905 3079 3474 1468 1253 34 6286 250 8972 3728 9662 2472 747 6621 3095 9371 1705 4156
26 7119 2512 9255 4246 559 3435 4636 1752 680 2766 5976 3351 8304 7071 2485 2560 5946 337 6586 8235 5927 2490 8352 4320 737 5398
26 1973 3176 5712 7174 921 382 5021 2292 6451 8799 6772 7178 4549 2311 3379 104 628 8472 4193 7170 4444 4995 8183 9977 3611 8147
26 6952 4511 615 5234 6048 2482 1109 147 118 4685 5470 6920 8432 9835 748 4835 6347 6497 2347 9599 2349 4509 1633 3848 2456 6271
26 5716 7993 4720 5917 7663 3775 5603 6746 1045 4043 8903 5475 859 1340 7076 2708 1711 1765 7775 9841 7338 2628 2219 4554 7002 3562
26 4346 6123 9385 9345 4587 2966 1211 4699 1203 5284 3494 6712 8621 4461 7942 851 7155 4847 1080 1153 522 4226 5846 8580 7017 7713
26 5769 2788 4170 4665 1246 6172 4397 5219 9438 5289 6821 3487 1834 1486 8143 8778 5703 2380 9840 8837 5949 8891 5883 3520 7281 1212
26 8029 627 3073 7323 9419 5043 7078 281 9574 7987 4893 9848 8325 4874 7418 7327 4755 2071 5775 2481 2007 3626 2908 2606 1898 3631
26 1002 5654 4807 7190 8379 1352 4138 7194 7361 3121 283 8599 8247 3395 7771 8286 5918 5331 7022 9308 1077 6594 4697 6603 790 5723
26 2986 9452 533 7686 8368 1181 7501 8407 1259 8551 2935 2532 6539 8855 4100 6555 2553 1673 1481 8240 3932 6365 1969 3080 4018 2441
22 2660 9251 7867 498 1459 3949 9742 808 4675 5534 4330 9113 4188 9448 9895 4015 6214 1174 3407 5272 1881 5459
26 8962 3197 1904 6186 1106 9262 9570 1875 6864 2765 2850 6785 6414 1493 9510 7063 2617 2778 2811 7495 2812 1374 1341 1456 6819 9329
26 7141 7846 428 657 7847 595 6582 4117 8063 8534 6397 7757 8997 1351 1740 3662 2895 8537 6233 7827 2823 8082 1452 9614 6595 8019
26 1353 1421 199 1550 8445 7595 9132 9075 9823 8017 2636 1042 3856 3567 3374 6736 4579 2932 7989 4774 6368 5198 8145 4723 431 9796
26 9411 5500 3866 7152 8671 7096 8506 6674 4046 194 9136 5313 1597 186 609 6315 766 1205 4436 9057 9854 390 8696 4126 1931 9227
26 2576 8736 9469 7097 2180 252 715 4121 7296 1772 9709 1471 8343 9957 1749 5203 7852 6371 6892 5236 4760 2064 1180 1680 6266 3812
26 3527 2915 2198 6128 9249 5260 178 6579 6379 8603 4942 5929 2414 3161 738 6471 4222 1730 7514 5454 7300 8538 4310 7748 1951 7795
26 4842 789 3566 483 5428 8259 6657 8296 8760 338 8047 4335 2506 8006 2004 1469 4708 904 5897 9921 7833 4392 7184 2376 1805 7161
26 6529 6493 5554 98 9537 2954 1930 8857 3007 9229 8745 42 5943 2405 9422 5 7247 3385 5707 3658 5127 3745 4484 6665 9938 616
26 8520 3104 5516 8868 1693 7548 2415 865 4104 2 1499 5080 9929 5164 850 6626 1657 1498 6531 6792 3028 438 8683 4731 2724 3929
26 297 9503 6307 1729 1845 5279 9195 550 1679 7120 7462 9740 9718 9442 2789 824 9825 673 3726 6100 6193 6631 5652 3836 6350 5953
26 24 315 3512 1835 8167 896 7216 5076 7407 6839 9022 3234 6829 5747 7741 7322 5365 351 5194 1270 1184 9005 1599 6994 430 6458
26 3103 1697 5732 1797 7759 1884 4469 7490 6800 235 754 3339 2348 7844 6224 2858 7887 9076 9904 1575 3744 4808 7888 4506 3559 8350
26 9090 4885 9586 2497 4913 8695 8263 7763 2769 1956 3977 2299 6977 2892 5639 8623 9081 54 4416 8663 3189 9642 5964 2113 3719 5225
26 6115 1177 4833 3108 8529 1768 4270 4031 9694 8550 3610 6823 173 6129 420 6309 3649 132 8600 79 6236 5869 791 1301 2864 8870
26 666 6851 8198 1634 922 6871 1523 1004 9987 1320 4515 3877 8549 2721 723 745 6432 1878 3884 1063 1437 6373 131 3688 1614 2586
26 4098 2053 9487 2425 4396 1436 1458 2989 5979 2844 5117 1870 8381 5852 339 8570 3516 3956 6183 8716 4534 1813 7563 4918 5318 795
26 9523 1593 2167 5107 3319 1311 7503 5014 3710 1612 8576 3316 1999 8583 5614 4395 9445 2469 664 1225 4508 4390 3042 7391 6533 3458
26 157 6877 212 4709 4366 5453 3731 9222 6915 6619 5582 5587 2990 7605 7137 1706 5930 6949 9206 1091 3464 8222 9120 2961 8463 9770
26 2869 5808 5829 830 2654 5422 9101 7990 4921 4625 7077 4518 9112 2358 6923 1373 2666 3998 8405 9149 8777 8070 3718 797 5458 6919
26 3693 5517 6836 4410 3701 4664 8782 9031 7542 2034 689 9554 4321 1163 6324 8161 9726 2510 2050 8005 6108 188 7905 9818 7586 8154
26 5402 9137 8448 2000 9127 1565 1299 3790 280 7689 688 6862 4979 5570 7703 8885 7838 2800 4598 7317 5129 1495 329 1278 3781 3402
26 9283 2748 530 7554 3194 5866 6426 4944 7414 9221 9658 8153 6940 3939 1502 7522 2615 6834 6614 8752 9343 5345 756 3853 3850 6613
26 7229 7082 8303 9872 2981 552 4213 1944 736 890 6857 9547 7962 5778 7655 2010 7218 6408 4923 3716 2703 4162 1903 1573 2677 4243
26 1735 5990 718 4006 7364 5087 2547 9644 6059 4690 2319 3593 3980 1321 2584 4732 6766 9578 1241 7639 8999 6323 5623 2940 464 9970
26 4352 5189 6984 1792 3420 751 1686 4884 4866 8218 4523 5353 5625 7016 1535 5645 931 4889 9352 5726 8295 5533 5239 8152 8939 8847
26 8086 1630 5771 5602 81 6359 5792 7498 1417 1656 3925 7935 3053 5360 3004 1906 1007 7264 5418 6477 869 5822 3945 2321 5876 2597
26 7709 6206 6818 8187 3112 8642 5221 2548 8051 6036 8775 4457 8299 6996 264 2687 4526 7336 2929 652 9217 9266 3787 2100 7601 1019
4 2591 3614 8536 4471
26 6879 1530 1508 208 1222 6216 2275 3675 5101 4340 8422 2749 5484 1850 8436 4001 1648 2826 418 4510 4401 1060 6844 2421 710 3204
26 2327 6053 5282 3966 7211 531 2693 1979 396 1747 3039 7520 5886 9708 4460 154 6661 6937 9995 407 3766 7953 3576 6461 9940 6750
26 1664 7129 1955 1723 9538 5766 6591 1831 4167 9784 744 3392 5167 276 4902 9572 4240 8457 6095 2223 7544 1991 3677 662 2312 6997
26 8675 2106 41 4250 4063 9858 177 1220 4314 6696 4272 1154 6774 801 3081 451 8349 9903 2066 6732 3486 9147 8282 2608 424 6439
26 9252 5948 3830 7737 1627 6967 2355 4969 8620 8134 561 6459 1229 7365 9293 1618 8276 3810 1032 8985 7257 4458 7968 7742 6052 4047
26 306 209 640 4656 7203 2745 8245 7829 5725 7624 7384 5191 7024 9509 5518 2081 291 1760 765 5338 2460 7597 4996 5494 2819 3969
26 1833 4260 1804 7434 2075 115 1521 3765 9789 1702 8291 3573 1516 7782 3526 2124 4961 2328 7908 5781 99 6341 2730 4683 6795 9117
26 585 874 4794 4646 4403 1062 7037 7081 1166 1907 2631 7021 4000 9899 6813 2018 2267 2575 8853 2372 3882 8657 469 5150 587 1343
26 2278 7585 6159 1046 6399 2543 3155 1466 8416 5278 282 8822 1402 6332 9312 1828 3144 3217 4304 8706 3162 2853 7977 5718 3478 9354
26 1978 5358 502 6352 7679 2979 7812 5465 1271 2607 6726 7046 6574 1770 6525 2257 4524 903 3089 2692 7885 6096 6348 1084 4281 8535
26 8840 8792 3066 3375 5503 9836 8505 3133 9299 3428 5804 2024 8165 2524 7974 3788 2092 681 4412 882 644 2643 8877 7649 5923 343
26 8587 4255 4575 2751 5187 4477 8605 272 4125 3077 122 8906 6897 556 4974 5483 551 7304 7644 1759 9898 5922 1014 2170 1841 9906
26 4788 8699 3541 982 1487 2673 7830 6067 4642 3277 7205 2159 9727 7292 1262 1989 620 3794 2249 3084 5095 1129 3298 6968 2221 8069
26 9954 8629 1186 378 9617 6280 4724 4532 8007 4698 6042 9533 288 4259 3590 7500 2646 7254 6599 6275 5749 7469 2196 4927 749 8087
26 8071 9495 5090 9164 5036 7043 6331 121 5386 8721 3753 4044 4567 220 6812 7982 5355 5468 148 4934 1798 5439 8384 8043 2410 7093
26 6456 2079 3116 2639 4119 2527 4696 8904 8004 2191 8688 7100 2084 6509 9961 1358 577 8531 7902 3206 5207 7821 9775 3405 1359 8122
26 3457 6004 8434 6771 8854 646 5803 3505 2901 3293 9366 4845 456 8689 1094 1092 2484 9034 3131 2120 9692 7083 5806 5413 9589 2770
26 8564 4437 6634 3938 3433 7309 5310 9701 1791 7148 6043 1551 4529 3296 1610 8135 588 6646 8660 9857 834 8369 4149 8722 5857 5504
26 5902 8376 7870 4953 8681 9964 2164 3135 5356 8540 2016 7560 4173 877 3700 7299 7695 5118 5275 7431 9567 2836 690 7057 8865 181
23 7877 2426 439 7684 5628 1355 1257 9882 6680 1934 5417 9914 5281 5851 6564 1998 9522 6624 1526 8685 7539 7251 9711
26 3564 5510 1843 4602 5241 5400 6753 3269 6378 9722 1123 1435 322 9629 4053 1621 110 7925 4216 1380 9058 6933 3886 3543 1093 6748
26 7064 2791 2566 8823 7922 9604 106 6737 5250 4569 3282 7286 5002 3136 3917 5966 9009 7625 9910 4797 6889 5604 9307 5446 9374 7252
26 3655 6875 1527 9769 8194 6279 7147 9077 9729 9328 8437 4746 3150 2396 5963 4341 1615 988 6835 2743 8223 9585 927 3780 9918 3386
26 1269 1625 977 5226 6274 7693 886 7573 9270 8693 9092 7538 6604 6947 8828 94 3725 1574 4169 8355 2962 13 9507 770 4158 3589
26 6160 739 8462 2399 633 6809 9641 1069 7366 7009 8108 6234 1982 5877 5882 80 1975 9066 1661 7774 3250 6019 6496 8717 6853 2664
26 5406 3029 5887 6567 7019 4034 2924 3754 1568 6312 2546 7394 6264 4572 9086 4684 4201 358 2195 3309 8919 7959 1669 5855 2773 5697
26 5332 4455 8786 8991 6336 7010 9889 320 8345 4456 7497 3416 6655 1388 668 8340 8568 5546 5588 3800 6796 1683 3224 948 3619 9776
26 4882 8209 210 8609 3807 5344 461 1799 6114 6583 4582 517 9239 1920 3262 309 8805 5153 1795 9600 8080 4474 6007 1377 8057 8618
26 8787 3849 6220 2856 3051 1169 9741 5302 5041 5969 2805 4626 5168 9416 7388 6545 1329 3678 5912 62 7390 4735 3734 5646 1962 5720
26 1866 6199 4404 6021 9923 6719 8694 2057 9141 1308 7362 4232 2739 8077 3437 8280 6894 5297 8389 804 429 307 8089 9 1055 2276
26 1883 7357 1500 6615 2799 1079 2304 3145 9298 5909 692 6488 6061 8039 1056 3481 3771 6688 1703 7290 960 4896 6521 2679 3218 7111
26 1803 3557 6409 7438 1430 7916 2107 3752 9106 7647 2859 4843 8010 8076 3013 2517 2419 1083 5066 7053 5895 5024 5407 2833 9717 7404
21 3936 9636 9289 3453 9068 3952 5910 7506 1292 9360 6505 4312 1322 1446 9488 7591 3523 1950 1076 8036 8925
26 5245 1142 6327 9144 2119 1256 3798 5959 1638 2846 1383 4947 5396 2936 5367 1025 4849 603 7244 4172 1582 58 7087 3690 6170 9677
26 8204 1734 4153 7492 6647 6570 2525 5444 1048 9321 9779 3251 8750 545 7584 45 6162 2669 101 9999 1517 8503 5051 5055 4897 9916
26 6361 9406 5748 8989 5830 2434 1412 4074 1317 7630 2614 4388 8524 3568 9788 4419 2269 8206 5834 6992 8100 9555 2103 3928 9827 2818
26 8458 1100 507 381 4372 1937 6416 6659 7143 9785 9541 8061 149 7720 7419 2097 3764 9618 1258 2822 2114 7803 4785 5294 2840 3380
26 5304 4706 4207 6392 6034 1189 8687 4211 576 1071 695 9029 9148 6486 5590 3332 7212 7765 1462 4574 8208 2277 5889 2623 9990 5415
26 2774 5856 7666 6446 9981 3364 7066 7793 6443 7259 5992 6926 9363 9331 7454 4932 8643 9907 5509 6653 8867 7722 5296 9277 9860 7766
26 8711 3208 8207 4028 8128 1733 7344 8553 5864 2089 6779 6945 9162 6561 3331 2428 5492 9500 4229 9580 1645 2734 7906 7831 8374 136
22 5161 7314 8653 5553 7882 1626 5062 6178 819 6963 2945 3827 3630 171 9597 7175 3820 1478 3517 1577 6934 8654
26 7640 3951 8157 9757 1453 7933 6962 6769 1411 7806 8793 798 9651 3553 5921 2236 7240 1243 532 3803 8267 1641 3983 2032 3012 6185
26 9207 9851 6550 782 9610 1494 8413 938 9584 6240 1255 2837 3913 5258 6027 9866 1049 4975 4142 3964 5871 2353 8313 7943 6364 6342
26 9626 1372 9320 1963 3370 1676 8820 2972 8072 243 1283 1988 8473 5498 8362 3060 1713 6075 6472 848 2446 1552 7269 5661 4311 5125
22 61 271 5996 5477 2528 2290 8815 6932 2043 2580 9803 7402 6995 8258 8994 6230 1238 6690 781 4108 1213 9759
26 2429 5487 9805 6618 7276 5082 6098 4608 9838 9800 6262 5597 7583 9688 7960 5568 5761 3383 6535 6394 5469 755 6481 2300 2134 4374
26 5381 8449 9602 4645 7092 4021 9812 1428 6722 4014 1041 5529 4265 6180 7291 7747 9791 4933 5403 7491 3254 4861 1619 6246 3185 144
26 7799 7116 5626 4024 7034 8806 6882 4714 9226 9322 3256 7106 6436 4919 5401 8469 4026 2493 5549 9099 4563 2689 3327 4332 818 557
26 3743 442 8614 3544 6398 1886 5995 3722 4247 1389 4916 4345 7417 9471 5793 6811 5505 1114 6207 6895 9257 9067 9280 7896 5046 5173
26 1724 1635 6474 9511 6584 254 4433 1364 8491 8105 2218 2955 467 8283 8887 2283 3733 5261 2953 5467 1354 9596 2583 9446 3255 8527
26 583 2899 2690 2982 6024 2385 9054 3496 3432 7967 5880 1235 3832 8357 7432 8875 7060 8604 6516 6099 4676 145 7008 2786 9304 1293
26 4066 2230 9071 5888 3493 7856 3165 4853 9319 3556 2740 5166 8673 3525 7622 2150 8812 9959 2968 9145 6417 6872 6958 3238 1887 1378
26 7864 3170 1276 7994 607 2652 2072 1193 1589 1140 9407 1832 6733 1136 5893 8561 8399 5594 5038 8625 9905 4364 2683 2253 6585 2848
26 5885 9595 511 7710 3054 7811 7278 6491 9526 3561 7755 510 9748 3926 5738 8680 631 2222 4367 466 6411 9746 455 9461 9736 1510
26 368 7117 6338 3583 8190 1985 9388 6566 4221 3761 3661 6396 7018 6308 2447 6030 5496 1687 4284 8899 4860 9309 4303 4273 722 8921
