29 1566 4768 4632 4503 5696 979 4553 4597 74 670 1290 4818 798 3011 5093 5577 7212 381 7975 9911 5094 7686 1232 9620 7453 480 9463 8092 1627
29 2139 4065 1062 5545 3126 5436 1236 6643 7768 8004 1269 7767 7377 2878 7739 5718 3250 4406 7410 8608 7504 1922 6101 5445 5582 8516 3345 1106 2791
29 156 7759 8128 702 5566 5308 3346 2637 5772 5822 7062 648 8616 225 3132 3180 1840 222 478 4086 3365 5004 4324 4783 7713 1705 8501 824 3048
29 6428 9858 5041 1014 2963 684 8726 1917 3984 1310 9919 4544 1524 9068 376 5443 6323 7248 8571 2272 3357 786 3823 3066 1815 1629 7435 9847 537
29 6975 7995 4701 4808 2570 952 1165 6437 4251 8486 1074 1166 5699 8332 6026 6706 2951 7218 248 7573 8704 9132 9377 1978 856 806 2119 5779 8194
29 9475 1666 2335 6935 5483 1448 6554 1160 6874 6277 8602 4153 1747 2092 568 3963 7159 6009 4162 7041 6383 9574 5922 2109 8219 8981 2441 7294 5453
29 6198 5954 6578 227 6117 3412 4942 7467 9533 5510 2835 3548 3955 858 2551 3753 2387 6850 3419 7624 2172 5892 2443 8088 9878 1937 9904 5418 4977
29 8103 3160 1364 6635 9385 357 6292 7878 4953 4325 3105 7284 5488 8426 9008 2464 1571 6512 8866 3255 3999 5888 9205 6619 8749 6654 2268 5551 9204
29 5876 5679 1893 854 4006 5423 9302 1414 3604 1810 8877 7000 9092 9434 580 700 7564 2653 5186 6528 7685 7085 520 7376 5812 5559 1801 1851 1864
29 835 6891 698 5908 3259 5082 4694 6244 9675 3130 4997 9812 2412 4985 7112 3401 2979 4118 6938 4886 4863 728 5932 6239 4631 2571 3816 8443 6804
29 7849 6669 3911 4803 9079 8584 740 7526 9362 2937 6364 3507 5106 249 3382 4213 4549 5056 4572 7083 2641 8676 1331 3084 1209 6929 3083 7841 5033
29 6430 1111 4236 2777 817 3557 7086 8790 1127 358 4292 6918 5442 7300 4420 7075 6350 4780 6443 5636 6894 9775 1129 1479 3946 127 1105 2968 3531
29 2734 8232 1896 1816 8327 8162 4627 4975 9495 261 7291 7753 5405 6780 4862 4312 6223 3552 5773 9401 6529 5656 6420 1061 2976 5231 3404 2620 7641
29 8450 6808 8568 1751 8083 3744 6125 6395 1167 7390 373 4374 4873 2859 6716 6072 3961 7994 7563 9896 7821 8275 9503 7019 4416 6532 4827 8768 8395
29 4467 7590 6319 3640 1398 1025 5210 308 3558 565 9634 199 9855 387 1029 9355 3939 2975 840 1087 3097 6805 8010 6659 8554 4291 9293 8240 7907
29 3353 654 8207 6231 3763 1220 5744 3669 3745 5935 472 1622 545 924 1308 30 5730 3319 5385 9195 1561 269 114 2732 1449 2776 24 9918 8696
29 5832 8315 9957 5529 5171 9515 7259 8737 8646 1477 620 3194 5803 855 8807 713 8529 4059 2270 4786 4206 9373 3165 826 344 9698 3958 2213 419
29 5254 7418 8406 8919 1745 5896 5052 2591 7316 3887 5142 4990 4565 5451 157 7587 1876 1403 1702 6957 488 767 2619 2991 7119 1881 8011 2585 3642
29 9670 7822 1060 6402 9984 7769 3242 7117 5556 2832 8988 5584 4689 6728 664 5943 131 6302 3378 1006 5871 6122 6281 4270 5864 6308 951 6680 124
29 3155 2993 5532 1818 7976 1961 7952 7872 8911 8182 1849 1861 5852 5219 5379 7265 6607 9077 481 7283 935 6855 6848 7360 6761 41 2143 5042 9958
29 2758 993 7574 1909 9806 2664 2106 9055 1802 7597 5749 9529 9497 2833 5135 9877 2206 3571 4812 5605 3749 6196 7055 7520 3098 5950 340 3472 6413
29 45 1660 5245 4099 8829 9115 4887 8831 141 4521 2909 868 2044 8248 5048 5842 4328 8336 3885 1201 5421 5145 3022 6209 9253 5907 3074 7178 5486
29 5266 9282 7984 288 9669 294 1133 541 3182 9949 790 7071 4100 3685 2761 5114 3213 4555 285 2997 4781 9086 3469 25 4061 2329 5543 4254 8629
29 2870 3877 7946 6699 9956 7519 2569 4015 6538 1028 413 9110 1960 133 1249 2151 14 414 8171 2259 3296 8748 4210 3163 787 7858 5667 6810 7947
29 7782 558 6600 9470 9735 7485 970 7513 4724 468 9260 4443 2705 9158 8279 6895 1927 9046 9465 8817 9656 9682 963 8433 485 5276 4890 6264 7722
29 2234 306 9166 6890 2755 7845 8500 3348 5739 9289 8655 4281 1742 9081 1853 1830 2888 3805 2173 6020 9000 6642 6489 4790 3208 2749 7029 5717 8392
29 9738 4634 5939 1192 273 837 2167 5580 743 4577 2457 2426 5289 3094 522 6175 3641 8837 2029 9316 3768 7145 296 5719 6688 8660 8928 2249 2681
29 1959 7760 3503 3302 2640 7482 4530 9407 420 3678 5297 3606 4136 3303 9207 7853 3599 4094 7848 6199 6131 7391 1110 8576 8810 1316 6755 8216 3107
29 2717 445 4057 7581 7699 5520 5499 690 7338 8476 8689 9281 5811 1144 3061 1451 5648 1763 8643 591 2861 3413 4176 7714 2257 5711 3931 3540 4184
29 1179 7828 551 6864 1863 9263 795 745 4185 9339 8309 6586 8861 3705 8436 9609 3073 756 6487 8138 154 6536 7902 3996 1834 860 5609 3872 7917
29 6261 7794 3856 2933 422 3680 7149 883 2536 7468 4579 9979 3131 3415 1905 998 5627 7236 2319 3252 4982 5364 7301 2079 9582 172 3289 3403 7460
29 1813 601 1734 7120 5855 3623 6746 7110 3821 5838 5068 1548 6693 8661 178 6100 2631 299 9174 2473 4285 7920 2160 3478 3527 6305 3138 1399 6576
29 6440 8085 8205 7689 7798 1631 6304 4377 2853 1032 1872 5501 9057 394 7702 1453 6106 803 1931 3638 3052 2461 4912 441 1181 8061 7002 7568 5823
29 2921 9155 7494 6168 2573 2555 1794 9571 3427 4562 7942 4774 907 1962 8901 5786 2466 887 6476 6682 7160 7254 9036 8940 4337 47 287 3059 2497
29 389 1753 4878 3312 540 2358 4278 572 1541 8627 5119 4223 5395 1102 643 9344 9483 716 9534 6589 4854 7736 9631 4510 7517 1428 2915 6955 9307
29 2603 4506 6214 5031 5668 2036 163 3079 1149 8638 2509 3431 8437 8938 5132 5540 2108 3068 3728 6314 4491 8071 3023 1546 399 2942 8743 7806 2994
29 8995 5552 8543 5794 9175 4629 1760 513 2266 5425 4262 8859 4612 1176 2428 6147 9409 1858 2128 4357 2787 8467 2588 6053 6916 3710 2273 6830 8799
29 701 9159 3693 5113 7650 6677 4788 3297 2574 1519 2286 9910 6948 8482 1873 984 418 4509 5617 9429 2676 8557 897 632 2398 8376 4592 9555 9212
29 820 3236 687 5965 7279 3455 682 320 8256 219 8466 2474 6310 3464 2683 7271 2315 1654 2246 6777 3140 3689 7933 4907 3614 9476 467 2668 9138
29 8033 5454 1468 9646 3462 2049 7842 2644 8000 8042 3794 521 4906 259 337 1894 1057 2425 100 8419 1334 6243 7224 4505 3459 7107 4058 7533 7688
29 1711 3511 6062 747 5109 6113 2057 4282 2435 8993 4679 3055 6213 1701 8883 3389 1606 3960 2307 6685 3965 8806 8763 732 105 1975 6435 8879 6787
29 9053 8644 1348 276 3306 3380 1095 3644 1306 2274 5023 3603 8507 6388 4011 2300 3512 6962 1941 761 4233 5995 712 9201 3909 497 637 7422 3818
29 3039 2156 6497 1140 1560 1462 9540 4298 2680 3304 2654 4564 3290 2014 3828 9390 6653 3820 8491 6087 1159 5607 5088 8811 5386 4026 2123 3530 3504
29 9058 1359 9417 6416 3612 1855 473 2782 5223 8904 5514 560 529 6429 8864 8550 2658 1013 1652 6394 7211 8430 8962 4721 6011 5685 5928 4707 6835
29 207 3968 8523 26 4607 5705 784 9456 8581 4931 3637 7672 778 1952 5962 5947 903 1156 9156 5458 4333 160 298 9881 4646 3906 2306 8360 5208
29 6056 2854 3533 2916 3950 4784 7572 7201 5084 1897 1694 4047 4456 2790 2759 9421 9794 8758 7578 1426 6568 3270 6723 8192 2095 9863 5859 4963 7796
29 2635 8019 726 4802 2756 8693 2053 3326 4874 1602 7743 5983 8455 3923 6208 8597 5790 5755 5038 2208 4928 5933 3578 5624 2885 9912 3664 4708 3517
29 6599 3756 2793 2512 3953 6995 9831 7441 3192 1871 2083 9689 6849 8686 1135 4332 3605 5688 3329 3549 3282 3358 7389 6911 3111 5398 937 7854 2630
29 8172 5370 8366 7421 2506 8701 3703 8365 8793 5843 392 9857 5428 4425 7077 7859 9197 1495 801 4359 2543 3497 8427 1869 2962 7478 6029 869 5320
29 6933 8299 5608 3383 6407 4573 9147 9599 5176 5183 2055 7195 1920 3798 844 2077 4538 1341 5212 508 2361 1979 6455 2282 1682 8164 2467 4767 1637
29 4182 5354 6245 479 1152 1575 6618 1898 8518 6675 1082 8623 4316 1097 7919 8882 7499 3891 1743 4879 827 3980 1372 4741 7094 240 8317 825 8909
29 2772 2163 5149 5898 170 5860 9229 6703 1821 7078 5189 2062 9007 5063 5720 9712 2219 8133 7023 9901 3342 7182 1782 18 651 9894 4793 2530 2504
29 2922 1752 188 5345 6382 2352 5671 8239 3299 2001 6800 2763 8691 6701 8650 6846 9292 7129 9928 4686 9578 8136 4449 4039 218 5809 5960 4526 849
29 1134 816 534 3333 4560 3036 8281 5353 7592 8289 3229 7706 9809 2977 7258 278 9011 4557 842 6691 8656 8923 7339 3081 2214 3173 1270 4135 3810
29 9435 5524 7793 5537 3064 8910 3731 1222 6978 8783 878 3670 7554 8826 8814 7233 112 6877 7879 3372 8021 5089 2529 9523 4360 882 9615 3422 2611
29 9151 1938 4797 8431 3518 5020 8711 7944 1485 2132 3362 7802 5347 6143 5994 5373 1977 5806 8429 3245 3017 7913 6465 9181 8197 6203 1891 7066 4300
29 8078 3145 4166 5462 2304 5868 2138 6112 8292 5975 5055 7082 2397 3584 5504 1866 6492 5174 2521 2192 8397 7827 4651 6602 4020 8077 1550 5915 900
29 187 8579 1365 3316 1964 1907 3443 2762 36 974 8511 9575 8899 6811 1482 3896 5076 6940 2453 2974 3964 6391 5319 4999 4905 5937 5375 5877 411
29 9822 9360 3765 2693 6973 1239 4183 6099 2797 5235 3313 8562 2825 986 382 7199 1391 6315 3371 148 7814 5684 3655 6040 8533 3734 5774 2810 4789
29 6507 4049 8657 3643 1059 5448 4252 8442 190 7745 7610 3191 5137 1056 4813 5270 4737 8425 2026 2596 6373 1162 4209 1997 517 8987 368 4923 5638
29 9488 2146 4390 7752 3524 9907 908 3335 1411 2175 5781 8047 527 9135 1914 9588 6930 5205 1625 1084 8735 4968 1586 5629 9633 1115 2807 1268 5666
29 3117 7642 7569 4169 9636 1515 4495 4231 6854 2707 5474 9087 5352 2577 4918 8095 4814 1906 2684 967 2688 5576 543 5016 2104 6495 145 6217 1154
29 1826 9742 3878 9227 6620 6912 6452 9238 9725 5568 3262 1000 1320 3543 1498 264 8999 2327 7628 847 9105 8280 7465 1874 5795 2703 769 2016 7272
29 3060 1831 3119 1670 676 4009 6500 6036 8645 2989 9921 1329 6434 5874 3609 5956 5485 8217 759 1884 3597 6194 9193 5571 634 4840 6271 4339 9154
29 7318 9696 5952 7394 8950 7147 1138 1784 6919 1007 8330 3825 8448 8115 8915 2369 4125 2411 8921 5061 3809 2240 3977 1583 262 1943 5317 9015 7492
29 7678 8546 7096 2482 7986 6681 813 9546 5105 5821 1423 7906 8558 4081 8140 8422 6111 9553 6939 6788 9102 9840 6774 857 6222 4811 8574 3334 6164
29 2995 8502 4060 4068 4777 3283 3881 5323 4745 3675 2230 8214 292 3629 3646 7033 3301 4946 7476 5977 7940 8102 3699 1112 6577 5466 4548 5930 4539
29 9601 8724 7787 5156 2965 4248 35 1004 3904 1193 5429 4882 8801 3622 4943 5356 1616 7829 355 4670 8340 5715 4403 6 4798 5586 3985 3829 7652
29 2822 804 5503 1139 7084 4018 5525 6128 5274 8316 5314 6318 8824 7001 2617 4148 5643 8414 5123 6555 9926 7266 8633 2694 9713 4346 5780 6561 819
29 4172 9814 8654 487 9966 6421 8594 4969 2541 2624 5659 2052 2148 3981 1553 7171 6991 2379 4202 5920 1696 6290 1481 7857 2269 2308 3024 224 4678
29 3766 9561 9117 450 6284 4391 7286 9477 2728 3785 2068 4019 6456 7150 5820 9707 9810 2663 6058 4826 4253 9479 9514 6478 8043 4517 3072 6598 6511
29 1579 5703 2332 8586 8261 5251 5522 6522 9324 2538 8652 38 933 5118 7557 1068 2821 9262 8186 3916 2750 6109 5785 2072 1378 6377 5712 7608 7417
29 2150 4581 3128 477 1250 8277 6766 7347 1657 7835 1431 8008 1003 6174 1774 1416 7758 8196 5498 7956 6937 4563 1912 8084 2498 6041 9383 3918 6906
29 2368 9054 9104 8566 2430 8714 1639 1804 7880 1532 594 4687 2389 2589 4371 3692 1567 2407 1366 5616 7627 7113 267 7128 1518 2834 8236 2809 5738
29 2584 7132 8386 4091 1505 2633 393 5010 9808 4388 5238 4657 9222 2354 6544 6321 4240 2200 9528 7070 9137 8101 4121 5728 2691 4437 3645 4235 5269
29 8854 1568 9820 1205 3417 1260 1677 3001 6312 5704 9056 84 2699 8775 6399 8780 2226 7889 1338 9985 7446 7274 5649 814 7332 6901 3101 9643 4644
29 6197 3384 3534 6250 4151 3122 232 679 3803 1679 4726 5036 5249 2686 1170 5299 6530 8319 1523 1850 6468 5544 8853 5599 44 4532 2291 8180 3143
29 6570 3198 6729 3519 2350 571 5796 5170 927 9220 9973 7345 9187 1544 1507 1439 5531 8757 9929 2665 1357 7454 2162 6782 181 7930 1295 2561 5707
29 3709 6638 9200 7979 4415 5086 5901 9898 8349 4031 3835 1395 9179 7740 9959 8942 8221 4043 1741 347 8212 2196 351 149 3943 6972 1540 7153 2388
29 7662 750 314 8356 6910 2746 4323 8532 793 4588 3144 3298 9300 4749 2560 1535 999 324 4860 1582 6984 988 8905 3995 6832 2779 1727 9330 75
29 8346 1817 548 8797 1175 6444 8293 365 6436 9658 5856 4401 9466 345 9217 8490 4129 3113 9509 9846 2831 4445 9536 7354 7281 4682 3467 1503 4331
29 719 6152 7395 3385 9817 5102 3722 4487 9186 9885 6188 1754 2897 4583 4743 9252 1383 255 6336 6140 8580 7451 9496 808 9865 7677 7008 4037 3399
29 1785 3562 4766 2205 4455 593 7870 3625 3429 2318 6233 9089 3416 7860 6006 6742 1469 9471 500 6604 6803 3593 8127 1877 566 6052 451 7978 6632
29 3183 7613 9366 7929 2614 215 4302 185 3905 4263 3166 8191 5768 7549 7298 4277 407 1611 2754 8496 9519 3864 3712 2778 3588 3760 9358 8307 4915
29 1577 8090 6879 6155 2293 4227 8257 5138 1012 4370 1096 4440 7785 7308 947 361 2256 7733 2227 7634 6004 1514 7445 2454 2393 9041 8986 9544 3634
29 3425 3265 5756 9522 4 7603 7022 4621 5302 1304 9562 9839 8844 6182 8601 3211 7750 4244 8984 7582 5807 8881 5792 2302 5173 5285 5844 8932 470
29 2223 1466 7115 5134 2479 9625 9537 402 7981 4264 2799 2943 7560 7388 4226 1598 7836 6649 3007 3337 6095 1663 4463 3948 8515 2706 8744 1551 2149
29 5634 8339 330 6482 3410 375 8178 8454 8235 1120 2931 9412 8821 8390 6836 169 9098 2047 4924 8869 3935 6825 5011 5665 3214 9347 2895 341 6202
29 9832 2863 5889 9732 6445 4655 1674 9315 4589 2415 5035 6672 3454 9458 1458 9666 8276 2231 6958 1043 1026 2621 4426 6141 6366 4695 2031 4965 4964
29 2038 6021 1437 7648 4034 6348 1076 9585 7748 8974 9420 6648 1919 8278 628 9232 9323 9624 7141 3394 2366 3200 2856 1878 3239 2448 7729 946 5921
29 327 4671 8125 4458 2048 2768 4096 1151 2194 5700 1011 6252 7443 7532 922 66 5924 354 7040 6469 4554 1019 699 2197 2533 9099 2371 518 5255
29 8598 8453 1712 7638 5207 1016 7327 7379 2310 9733 4204 7039 2124 1261 1494 4177 8534 7273 3261 3666 1284 8863 5085 442 9353 3355 5372 764 9700
29 493 9157 4754 6493 4529 4084 9825 5506 7163 1132 59 1799 1436 3136 7948 4883 633 9717 4056 1748 3843 1699 2655 9572 5527 6573 4940 2215 85
29 8725 3240 5334 6871 3844 309 3537 134 1064 465 3336 7863 5791 6809 9334 3674 2714 461 1624 7095 5623 6080 3994 4150 1279 5593 4461 2879 5211
29 2440 5955 4794 7309 6275 8418 6731 8897 8377 6740 4833 9654 4147 2004 3983 6540 8996 3359 4787 549 5620 2471 9608 7306 8567 7804 8640 265 1648
29 5014 9440 1956 5881 7707 7715 1282 662 2322 111 7955 9029 9309 1483 5075 9673 9264 8461 1720 5853 7226 2764 4485 6631 8306 205 2789 9724 2288
29 9191 2847 9037 61 9416 2394 9242 5446 4465 4785 2373 6183 5497 4511 1963 5214 3639 1195 6853 1101 1945 3338 6986 6103 7711 5747 9573 2957 7207
29 4891 2091 281 4769 8613 9937 5912 9406 6218 9854 7875 1889 8611 6471 4779 6365 1886 9587 1656 342 9341 5449 8451 7972 8845 7090 3030 6663 8636
29 5260 8184 7397 5997 7151 1985 2439 6057 2470 6523 8325 7122 9218 5817 5220 318 2889 8519 8156 3466 8930 1072 4848 3713 7289 796 6442 2901 694
29 3448 8561 4170 4937 434 7177 7488 9745 4145 4500 7257 8222 5828 3812 3220 3525 7626 5573 4868 463 5979 1617 8789 8542 6717 3601 7631 6142 2254
29 2446 625 4757 3339 6748 6876 7406 3151 1836 290 8917 1168 7596 6192 6375 3888 2130 9596 5246 179 28 2356 9680 9686 7705 5215 9869 6898 1911
29 6812 6227 2874 2 6030 8615 6262 9184 4880 4306 1233 9983 6510 4919 4417 6462 6170 4310 2625 763 4225 2210 3627 4222 2626 6637 3697 6865 2480
29 4753 2830 528 6970 7742 9980 8957 5587 5760 6872 5578 5327 4002 5306 1838 669 7700 4893 2988 9783 6219 7469 4409 983 4877 6008 8037 8887 2436
29 7148 5160 5984 9891 7161 3275 5693 1245 1354 5071 332 4021 8231 6024 6591 4421 8599 583 2118 5099 9663 4283 9789 3426 3661 1263 5216 9995 2338
29 7674 9925 4122 7636 7442 4156 2391 7751 3882 789 7614 1825 9372 6735 7146 1457 9507 6466 4389 8800 2277 2102 1497 8818 2844 3796 6633 8167 9932
29 2600 7382 2241 9304 6983 1123 2058 2771 5911 1610 3813 2040 5661 1321 7363 917 2462 3231 5733 4987 2733 6116 5243 8770 7730 8682 7837 4771 4188
29 5959 8698 9868 9685 3331 7383 2018 5596 1882 2176 7950 3146 8665 1870 831 4902 6078 5810 5043 5103 562 5663 7658 3135 3930 2088 8105 2386 1363
29 3042 1599 457 5127 1325 678 1373 7054 4385 1555 569 7466 322 8345 2730 3853 514 3109 9626 3976 2081 8357 2729 1454 6833 2572 6821 845 3952
29 691 9594 8227 1983 1422 1659 4948 5759 1730 2960 2513 6191 564 2463 539 8362 6851 8158 7428 976 151 1859 9623 8648 3015 6012 5621 8268 7162
29 7427 1187 5195 5815 9095 3347 7016 9622 2289 2947 4898 6707 8855 4423 4723 7172 6924 9981 7027 7710 5893 139 5019 5101 1626 12 4643 6038 7577
29 5604 3827 3361 3005 5298 2236 1055 3997 2027 9436 6989 384 5290 9792 2546 9823 9047 9551 1710 8703 5283 9048 4613 692 7477 9778 2059 3913 1635
29 7643 6257 8177 1037 9397 304 4307 4350 1707 9870 9835 1045 1618 3695 32 3495 449 7932 2022 1733 9271 1041 8852 4038 9962 9030 1255 8819 9418
29 5046 9960 2330 3921 9621 4005 9329 3103 4044 3320 5222 8808 4696 6941 1892 5519 635 3184 5980 9432 1332 9225 9602 3438 4984 9535 6161 4605 4916
29 6613 1387 3681 9755 4400 3266 2468 9235 6186 5900 7472 5279 4667 8509 1146 6438 4623 7353 6417 2580 2073 5328 880 5017 7923 5548 8270 3857 582
29 3190 7229 5846 3781 3620 4175 5126 6359 3465 3086 4040 9862 8734 189 5072 8990 379 6400 7510 4301 8612 7034 783 113 7154 9064 8978 8265 7456
29 333 9997 9460 2599 2135 6657 1229 6686 2489 4110 5793 7935 1988 710 7099 9681 9040 8321 1903 4405 5866 3307 11 5091 4459 5032 5970 1946 531
29 7833 9194 5324 598 2860 7723 8381 5218 4017 5343 4201 1557 3839 9736 4448 1070 8087 9776 3056 4846 7255 5250 1966 7602 2264 9320 3719 9782 7010
29 6190 8404 1330 5942 3582 721 5201 5742 4348 2788 5601 7824 1371 1147 2171 7053 1272 5331 9706 5179 6019 3053 6548 2177 892 9774 7861 3080 969
29 7245 7047 3701 5237 1608 9761 4076 5424 8460 4527 7816 6651 3174 2984 9800 6439 2753 1645 307 2639 8729 5141 9061 5521 5936 4762 9767 6390 4275
29 570 5147 5973 3951 9836 6005 9494 3040 3544 8211 718 8296 8145 3730 4829 2225 7737 1789 6120 9516 7599 7657 6771 6248 4381 2828 4257 9109 7690
29 4119 5673 9336 7922 8234 158 343 4550 6547 4864 8224 1564 2495 412 9902 4258 3576 3376 1265 19 944 3691 6858 2751 7508 8165 8070 6587 4659
29 3883 7545 552 3679 6410 1264 8933 9795 5887 5502 5366 7108 6085 6486 1401 234 4656 471 7133 5335 8809 7862 5217 9022 4196 3779 578 6179 2084
29 6130 94 1339 3903 4966 2144 5224 4356 252 6630 4062 3035 3134 5367 1885 758 8497 4596 7635 4806 7669 3561 8104 6335 2211 7223 2925 2296 6207
29 3440 1824 7015 7219 4386 6123 7361 3528 4117 7661 2078 7275 4428 6951 3942 95 494 5631 3615 97 5203 1362 614 6076 4367 3607 5432 2956 6014
29 5798 2766 9942 6928 6374 5724 2920 760 6473 7703 4684 1002 1935 9464 9002 6837 6802 1351 3222 5431 3787 3523 9167 948 5391 9045 7852 6952 6441
29 3516 8383 9584 8717 4186 5066 6826 7866 8812 6567 1749 9704 4952 6601 5152 7013 8242 5422 1955 5034 201 8209 2784 4733 8803 1634 1027 4685 7234
29 526 9764 2785 3260 8273 4355 7408 9439 200 230 1256 6862 8591 8384 7276 1783 9630 4493 1058 2898 9234 8738 4036 2360 4411 31 1607 9410 2894
29 3660 3210 7448 8003 1049 9719 4903 4566 4341 6584 1837 4591 5766 2811 3894 2251 6726 1632 8271 7398 6934 3223 5316 1108 4138 6667 3008 6969 3708
29 4611 8896 1040 4327 8540 8439 147 8111 9986 2689 7847 4101 3834 909 6772 2741 6521 6963 8291 1901 5745 765 8326 3352 1800 940 5698 9296 2367
29 8980 1942 2442 6032 8699 8766 1203 7915 2142 4289 3364 7811 334 7118 2204 367 775 1 7285 9512 7971 7017 7490 5359 6490 3041 6883 5470 1289
29 9392 4260 3258 1614 291 1795 3091 9272 1767 1370 7761 7334 9249 7321 639 7893 2216 1346 6083 9946 5858 4772 9950 1017 6784 1820 5257 362 3767
29 4398 724 5941 2472 5826 768 5706 939 1777 1219 1189 1402 2276 8639 6338 8578 8764 2181 6759 3566 5165 7140 5305 2884 7121 8830 7371 1665 2980
29 9988 7566 7235 2858 9073 1715 899 8572 9660 3532 3608 9793 8659 6684 9923 7184 4700 8702 5655 9237 4203 317 7498 1686 8110 4619 6496 7718 2659
29 7080 4469 8903 4870 7890 5313 6049 6752 2525 597 8894 4383 1034 4382 2882 8223 9560 302 8233 807 9493 7311 2905 5686 7521 427 9731 2936 4347
29 3423 6557 3833 3560 9190 629 7719 3858 530 9178 3791 2651 4823 4546 3944 2372 9297 6628 3852 46 5626 3726 9364 7583 730 624 1916 7399 5193
29 6392 6330 5492 1036 1197 5945 1996 7393 5878 4055 7484 5309 5332 5782 8378 5095 3499 985 9922 774 7535 7293 4624 7717 7807 4580 8585 2528 6090
29 2098 3452 6610 3149 4050 7992 3847 3170 9267 8723 8215 6354 8604 3449 4776 6998 8498 5287 8563 2490 2958 3862 5558 2285 4571 5678 3589 5284 2518
29 7136 482 8927 7894 9967 9096 489 8577 9848 5045 7503 1723 5281 4180 3054 2508 9276 8333 5060 5047 3969 4816 1447 8955 2422 3057 9580 5991 9346
29 3387 1492 5934 8120 8282 2401 8924 3854 9954 619 9067 8284 9906 3251 8109 4488 8370 7881 7225 9294 1476 6852 3498 6317 8146 6358 3161 3444 6148
29 1048 3720 2890 3099 4219 2137 5368 3619 5748 925 6210 2050 5689 6829 2666 2015 1828 5399 9480 829 6608 4024 9879 3706 8343 3274 8374 9860 8618
29 8220 1030 9635 6258 3268 9708 1854 996 7111 7401 5547 3515 1405 2724 5230 1114 4838 5154 3880 4429 6458 3294 2117 1930 5536 3457 7801 4594 9784
29 8097 9246 1196 144 3295 3716 6221 4358 7660 431 7091 3392 1319 198 8761 9430 7673 1073 4498 8403 7819 118 9063 2294 6408 5526 8771 503 9741
29 9861 4447 182 7191 4926 4001 6816 6309 4025 5355 8055 8943 2685 7792 2800 8713 1050 5614 3737 657 7874 8354 50 8685 79 5849 9094 6806 8385
29 3233 2517 910 4909 8053 1217 6727 80 3341 5523 7536 9247 7941 3771 512 6048 4378 7365 9162 1075 7170 6903 6355 6569 547 2904 2400 8816 4087
29 6042 7175 2554 40 1776 7436 5351 2745 1725 1427 1852 9127 3975 8371 7344 5565 9387 1781 4475 5444 7571 723 5184 2383 581 7166 953 5204 3232
29 3016 688 4994 3618 1024 3757 9467 2410 8389 1242 4124 7009 9750 6665 9763 6448 3869 3253 3754 9801 6372 4744 4265 2405 8247 8244 7997 9873 6614
29 7138 5535 6265 3987 1600 9462 3783 2136 7317 6708 6185 4988 6763 7005 4199 7069 2245 5493 6827 7550 4211 5339 1328 3559 2248 453 3279 7270 973
29 5465 9688 2152 6655 780 443 8417 4089 8322 7374 4431 2122 2262 6298 5581 2237 1173 4738 9266 3600 1343 2159 7987 7601 1981 2105 7934 1653 8694
29 9543 4107 9913 5112 8193 238 2154 6817 6470 110 7473 3273 5411 4343 57 6166 3418 6725 5841 6035 5722 6047 8169 4108 652 3197 2850 1397 1921
29 9049 9740 3772 2715 7543 919 5619 5157 3100 4641 7037 7771 8721 9845 7114 8908 6714 6946 8259 2449 3736 9472 9569 3045 6201 2848 5845 126 722
29 4904 3832 5771 7458 1053 9590 1750 9892 8076 9499 3330 7400 1128 6137 8338 3137 8200 398 3162 3967 8600 9402 9101 5337 9759 2737 6371 7655 3595
29 2849 1143 9568 108 2239 4250 2295 3871 1549 7038 9771 3553 6025 8020 2615 9290 6977 226 923 438 7945 1381 8922 1337 2478 8895 8402 5851 4576
29 3636 4805 9695 9459 3396 3536 7087 4394 4444 6515 5530 2760 5018 4601 8148 7018 183 6494 9345 6571 3564 622 8622 4105 20 7968 3970 9607 7326
29 4523 9443 4543 9699 60 4628 8368 174 8517 4432 5904 4127 8035 6721 6414 369 2224 884 1565 913 2628 1107 6694 8363 7463 7741 1875 5240 6575
29 295 3782 1768 8052 9384 7430 9909 4116 4190 1883 4140 4028 116 7025 8675 6545 8975 5567 6964 4853 5788 7954 8388 1375 3354 8658 7764 8631 6588
29 1434 9038 256 9408 2145 8549 2375 9078 841 7455 991 822 1698 9414 4128 8732 6146 7217 1190 6875 1234 757 1086 4681 2862 8750 2380 3285 5517
29 9145 5831 8166 8503 9123 5797 8798 2337 3195 5100 1226 9502 7838 2235 7130 3672 5642 588 8367 1164 1078 4537 876 88 8736 7156 1323 7165 9478
29 6603 8653 5209 3919 7985 5783 2359 9943 6750 5403 1668 1460 1948 1091 3446 1054 9169 8847 9779 9532 2180 9369 2987 6499 5813 5729 6776 1367 519
29 5500 1595 1285 6475 9899 4636 1093 1440 3780 9308 6531 2808 5834 4074 1968 6611 8707 6760 599 3751 2035 9331 3577 9221 5985 2385 3349 5988 63
29 6885 9445 2954 2228 4710 7980 132 1322 2917 8483 9760 7213 7007 7682 9256 4845 4033 17 8016 6270 725 242 4296 7523 251 4895 5489 4635 3748
29 8141 2607 8952 3044 1124 8663 971 2774 9415 1971 391 7068 3635 5600 5606 5827 8667 9426 6792 272 658 8998 2865 5158 1947 9244 7470 283 2103
29 5455 5130 7402 3324 4622 5416 792 8328 5496 2892 5592 1867 3147 3893 3441 7615 9066 8034 7433 8098 2605 9210 1183 4705 1305 9023 3474 2267 9577
29 6424 5325 9591 1148 2578 8884 4703 9183 9044 2183 1986 7267 7056 2576 9996 4230 2593 3293 5463 8 1090 3538 1506 7228 3649 8880 9152 5681 8311
29 7851 5326 8740 7864 9454 6767 6779 150 8154 8025 8617 7188 7429 7288 8341 3920 9119 3085 7208 6064 6700 206 898 9342 2938 9613 1327 3159 9604
29 660 8607 328 6463 1597 8575 2346 0 5439 7765 3742 9664 2520 1929 4633 5971 1613 5651 524 3445 2816 423 7967 6534 7604 990 1697 2804 6065
29 5371 3179 4259 9930 653 7249 2429 8264 6944 3340 1643 6460 9628 2743 5346 7238 2484 3884 6695 4991 155 1208 2824 8174 5275 852 4353 9838 6491
29 9714 3209 4773 2459 3696 8697 6551 2748 6562 5277 9375 54 2076 9160 3175 9325 3740 4321 490 8208 4154 2934 316 6887 2866 3583 5789 3570 3116
29 8858 8440 9202 5153 2353 2339 8970 93 9619 7671 5906 6552 115 3321 6873 2283 4750 5464 8495 6193 7547 1843 8772 7595 3014 5430 5736 2007 5107
29 3875 9589 7475 1862 5263 4192 1412 1904 8641 576 2629 353 2066 9279 914 2060 8139 4103 7961 9965 7749 6066 9813 3752 8994 8776 4268 3188 4171
29 4960 7606 8399 7244 5910 3610 4093 5850 3711 3069 5322 1589 2998 5073 9299 6453 8867 5419 7168 1116 6034 4849 5381 809 3859 6673 9444 1315 2451
29 9180 2297 2365 4239 9702 1293 1689 117 8876 8206 3110 1023 4835 4294 2342 5652 8028 5628 1246 1729 2455 3526 3154 9953 8241 4841 788 6133 6091
29 7937 8394 9257 9352 3811 4165 3667 6409 1098 4900 7336 636 92 430 305 2949 2364 8155 424 8525 1569 3087 6579 3841 7616 9423 4512 6279 647
29 9141 5388 8977 1860 6102 9629 1300 6295 689 7330 4489 686 7237 7612 9024 9668 2312 6050 8537 6247 410 8521 2566 5560 4936 65 9018 1738 4131
29 5482 6791 3051 8778 5151 6844 6622 3486 8036 3784 525 8815 9651 4603 2970 6380 4970 1240 9726 9644 945 7250 9539 2065 8695 2501 9829 2719 960
29 9321 3496 3937 8118 5612 504 236 6286 2983 3176 2260 8189 4658 2675 965 2872 7898 5001 7495 2696 9834 9550 7197 2896 8846 7856 8062 4111 6479
29 4114 1539 416 6003 9382 2873 6519 975 2562 2071 8391 6927 4376 7712 3723 6743 3837 595 4763 9005 6107 6342 5765 640 1266 1015 9388 9431 7649
29 586 994 5653 7253 3954 4286 8006 8488 4758 8493 4856 5480 1934 1406 6670 5775 6306 1973 7943 7241 8664 3725 2284 2376 4688 8731 9786 6061 5723
29 1764 6488 3579 7335 7575 4739 5166 6393 2064 7097 9842 2178 3356 5993 6418 4477 4492 7585 8444 3788 4932 29 6583 9978 7770 3311 5374 3870 6172
29 5588 7781 8143 350 3907 4408 2298 6902 8687 5976 995 2153 3686 1467 895 6220 3650 9653 6967 6043 8059 7092 8739 6769 9805 9828 1678 4419 3082
29 6340 2381 5555 69 8204 2701 8865 250 9240 9737 8258 4720 2080 9694 1145 6362 5880 5884 8304 7366 1008 9399 6560 1716 8708 5787 5513 5562 1445
29 9351 3704 1805 659 9129 605 2609 6994 1253 2280 168 2120 4547 8185 9796 611 5539 6712 370 3732 4245 6370 6917 8112 3547 3092 5591 3808 6051
29 3592 6668 7251 5895 6351 7180 2840 2331 5406 9126 6138 3407 3314 9389 866 1664 2290 762 1471 3485 1984 8411 942 455 6828 378 6157 6843 2423
29 8849 4922 6765 4650 9076 7721 941 3556 8541 6084 21 4168 2923 1661 7692 2278 3047 8900 244 1400 6662 9313 2437 4366 7192 6798 4674 2134 2507
29 4967 1846 8971 4957 8936 1923 7910 6446 9084 7580 3797 9780 2842 406 8254 3897 5394 9405 7684 5194 3093 6477 9433 9032 3940 4735 1672 8470 592
29 3363 8835 5903 7982 4715 8250 8727 5396 5312 5012 7243 8505 8605 3065 9935 2185 9513 5003 608 5111 8301 8382 4155 9886 9208 3451 4422 4097 6627
29 8595 7179 6754 5472 3150 2126 7375 7296 6793 5028 4822 9908 1695 6878 4598 4340 7514 3596 1286 672 8570 5814 459 5408 9642 3120 7174 1212 9600
29 3873 2090 8870 1410 779 2775 9504 3513 6550 8123 8318 8159 2720 2682 7058 7681 9893 5899 7732 7403 401 6158 2545 714 5882 5256 8298 8096 1766
29 8044 5097 8434 8875 2186 3292 930 9753 7392 4483 1899 7939 1044 6063 5972 7757 2798 4010 1684 246 8064 4173 821 8802 1396 9586 1473 2952 9895
29 8057 474 3630 8464 6237 9258 1131 2744 4630 3865 1526 1292 4379 7509 1530 9876 6376 3325 705 9521 7 9744 9657 1347 9112 4981 2349 4418 4901
29 6781 8961 5966 3322 7579 4677 4730 7896 794 734 7522 1709 7404 2404 7035 4424 8614 6724 9530 7826 7786 770 2336 4255 3988 4947 6320 4875 5885
29 2851 4349 4807 7060 2930 2801 8569 2232 2207 2009 1516 7531 7949 8446 5006 6841 4051 4541 3718 5697 4220 4755 372 4993 2203 390 7004 9404 6422
29 2586 8364 8415 667 4200 8937 1198 2450 9491 3481 1683 997 8956 7884 8489 7385 7221 247 3539 3428 1065 9603 8243 2115 7788 7951 7965 9163 1199
29 9106 2351 9747 3659 1737 5949 9121 3203 266 2919 360 3058 7459 3390 3747 4335 3567 180 3433 8692 6165 1687 1500 2491 8002 2907 8187 3554 4329
29 1109 4662 3575 9042 9268 4718 6658 3587 4194 3683 4857 1182 609 4602 2704 9196 3799 4645 5931 2871 4198 542 5300 4850 8100 4913 6947 6173 4361
29 1472 9718 9441 2876 5400 3186 4858 2242 9851 5763 2097 4375 8337 603 1856 8355 7155 3602 3473 3012 6605 1455 8965 8203 6920 617 5002 8805 3227
29 5919 4397 2069 3476 9150 7621 2258 1998 2161 2552 1104 2986 7990 5848 1452 4139 6384 7823 7350 3761 2880 3861 7501 1714 6356 8596 8784 1954 7527
29 3491 5837 3899 3598 2767 4181 3114 6205 8914 3254 5311 7928 3124 8038 3889 3657 6180 1033 8107 9944 668 1155 1031 1374 7970 5918 7772 6647 2107
29 8424 773 8134 3694 6177 9322 9989 7675 9059 8912 7409 1908 5890 7242 7586 1122 4693 9070 326 5087 9639 9605 8716 8788 8117 396 371 1791 7414
29 8709 5801 7439 7969 7116 4933 2710 2334 3724 4363 7305 6224 4295 3778 585 982 3574 1224 2420 2742 9319 2575 6909 8606 3936 574 1211 7996 7264
28 1999 4494 5528 1590 5244 9549 5682 9485 8005 1307 5350 8857 9228 6915 3026 5409 9734 4453 9017 9088 4216 4075 1731 3510 5261 7731 1638 7315
28 3187 3104 5475 6092 5968 9241 2838 4478 5862 4520 8628 8294 6018 3317 9091 1052 2697 4054 8973 3550 3933 708 2374 1538 8712 4384 120 5007
28 1572 377 3972 8130 7867 7667 8176 7227 9457 8588 2725 6999 5441 7809 1771 254 2695 4836 9920 1970 1432 5172 4267 3727 4666 6068 2481 7555
28 175 8669 6200 7384 2253 9721 8201 7369 4079 2061 5192 9728 9216 5840 1094 5268 1511 2174 5799 4441 8091 8229 9948 9082 3196 1967 1136 9768
28 8786 7639 8934 16 9520 5360 3272 2531 7916 8477 886 1206 5417 6908 5716 3470 3535 9671 4742 9566 8181 1982 6661 7342 486 575 6626 7471
28 4804 2713 2000 8624 3291 6520 9955 4472 8458 4158 7727 2656 3121 8963 1719 3344 4438 7570 6734 7067 3189 9610 9004 737 6745 8195 9161 7747
28 4071 839 656 4279 9612 4393 2642 9936 22 6824 2030 7355 1085 9118 3096 2125 9209 2792 2602 8795 6923 7263 5180 5009 2311 6074 6722 6625
28 4115 8545 7695 1275 5181 3851 3917 4692 9451 5293 83 7387 3795 777 5800 7556 2292 5640 9867 5362 5321 8163 1669 4287 6415 3668 1533 6732
28 1141 4949 8026 5632 9627 1604 7691 9380 6535 6606 3228 7423 7370 8007 9060 96 2708 7181 8300 3029 9333 8719 8323 5819 7518 4872 1739 8715
28 1788 8121 1807 5129 2141 2166 6566 8478 2477 2955 9526 9993 403 4986 8630 4072 7546 613 8199 348 4007 284 6926 4608 9285 1010 9866 5410
28 1408 3181 4944 9219 432 289 8754 5457 2403 6256 9720 8967 4179 4218 1706 4109 1047 5692 4133 8161 6880 2377 4362 2638 516 4274 282 9827
28 7653 596 4507 6363 7295 6280 8634 3651 9853 1083 8358 5404 5869 6114 8124 2527 1169 2806 8113 5641 6641 9722 9819 5677 2505 7553 2099 6537
28 5057 1512 446 5669 3707 5654 8410 3281 5159 6276 5413 2325 5905 8094 8762 2324 6861 4704 9597 4649 4939 3591 3542 9074 2537 5650 1991 511
28 8946 9887 8170 1675 1429 9963 675 9762 8840 4736 2867 2502 4992 1352 5191 3458 2043 6387 8054 8822 6067 3673 1311 9766 7542 8792 6404 711
28 3216 2086 9075 4535 4249 6379 8834 6361 7869 4559 4665 9703 6882 6291 3028 3437 5487 325 1480 9230 1463 8474 186 9291 5110 677 8619 8683
28 3249 7720 9743 2169 9120 589 2301 311 4575 871 7407 4515 7072 1847 1358 8031 5541 5252 3621 8457 1775 4620 6702 4320 6818 7214 2814 2157
28 152 2191 5213 5115 1465 2992 5022 7489 6559 135 2735 7645 4430 6508 475 8610 5199 4752 4653 5754 1324 8508 9198 5342 8637 3979 4516 2623
28 4852 1191 3656 9559 3702 8266 8050 2908 5168 7024 2011 5124 55 4090 8135 2581 101 2910 7964 9269 9843 142 2796 818 9143 5734 8353 1690
28 7313 7297 7380 1822 5585 706 8564 1368 194 2320 7328 6590 5913 6129 1171 5646 5040 6965 9641 1940 6081 2438 5776 3687 5196 4224 6094 8964
28 4759 3288 49 1520 1558 1681 704 8873 5401 51 3863 9332 5611 4713 7431 4676 7081 3790 6195 5164 579 2190 7461 6086 717 7726 2431 6546
28 934 2698 9361 1772 5148 3118 6411 6215 383 4638 8573 8413 8666 1223 1353 5978 830 2070 5708 1379 8405 9379 3947 6324 7544 4561 9645 655
28 42 4433 1556 2469 5999 5726 5683 6652 8274 9203 6705 7525 4410 9455 557 6075 2341 4648 646 1335 2932 7818 1974 6260 8018 491 1313 9882
28 78 9031 4951 3867 8820 15 606 2313 4193 9153 9690 4290 916 2944 5426 5746 3927 9647 2402 7959 9357 8342 5575 6797 7411 5491 9971 2565
28 9189 4796 1531 6509 2815 397 1592 9648 926 1671 8668 872 3284 3502 8871 1382 9295 2087 3263 6381 6070 885 312 2964 7746 1601 8151 2587
28 577 7205 1842 2384 6563 171 1547 8673 739 6795 8131 642 228 3199 6228 815 4843 6288 7003 9171 4029 2579 6899 2063 9788 321 2985 5473
28 681 1125 5886 2971 906 220 1487 4734 4545 8040 6357 2643 5162 805 3477 3677 8960 5098 5468 5923 1478 5753 6751 5996 7164 2067 2969 3529
28 4322 3492 8073 2012 3405 3411 7412 9583 9327 1317 4032 6773 2852 7104 210 6629 7206 2492 8827 3690 6297 7665 8308 4959 8979 2008 936 447
28 7320 280 554 7449 8530 4867 4795 4273 4938 1118 7209 5963 832 6337 2837 7126 3814 5393 3569 260 6118 9305 6139 4593 8081 2716 8548 1099
28 9014 6982 8710 9632 1758 7144 466 6369 5301 2722 2028 9952 8536 3974 6483 7307 1225 1231 5572 9711 2347 5710 5140 7647 6709 1486 1150 5227
28 7277 2765 9756 5377 229 7728 2096 1194 3715 6268 4497 258 1933 5664 2010 7763 5187 3193 2723 279 6126 3990 5873 374 2627 9474 6542 9354
28 9168 7511 7173 3855 5456 1588 2622 8718 3802 7304 5412 2826 5200 6272 2549 7779 2111 2299 4842 2827 3115 8359 9945 7505 616 8582 4586 4063
28 4473 1130 6640 1100 1178 3733 7299 2687 2846 4396 203 1444 5259 1418 6433 4815 1673 6326 9701 6333 3509 8635 8632 3141 8782 6303 3062 202
28 1769 3025 9951 8733 3367 5542 3225 9107 4004 9548 4782 5701 865 1621 8329 6644 2740 6343 1806 9009 2486 6592 8706 7052 1762 9927 4897 5392
28 138 5383 7031 4717 6790 1430 5857 2021 720 9270 1349 7873 3241 6176 4368 6282 2727 6124 9730 1757 1755 3626 2025 6022 2731 8416 8589 8753
28 602 8472 68 5516 7528 4983 6007 9975 6163 3989 9035 3982 9618 1188 1142 3662 4800 3824 7832 6285 1077 4971 3224 4407 6327 3421 7362 7899
28 5262 9692 6461 4896 2323 9489 4673 499 1895 1248 3280 2255 5830 9501 1137 9598 6621 5236 2164 1296 867 9649 7252 6293 9576 2902 7966 6055
28 7584 159 7183 5675 4476 2101 9356 4395 5253 8593 5951 5550 239 3807 2424 214 3928 303 2112 4159 1534 7594 6273 6713 77 5054 3218 3021
28 671 9662 8678 874 4123 5307 3479 5303 87 1676 8067 9871 781 3010 2845 9122 3971 7231 1291 776 6514 6733 9661 6907 4271 1071 5021 5044
28 4935 1925 8850 9797 4976 53 5348 4387 1603 3648 753 8813 2900 1744 6741 4373 4232 6039 3822 9897 1513 3070 8929 9557 7413 7089 3633 9192
28 2209 8183 6151 2305 9640 4639 1344 9133 9149 9883 8499 2647 2408 673 2220 2326 1117 4534 4911 6987 1157 5518 5709 3351 7396 8305 6332 4014
28 962 1038 2649 1700 7109 6242 6634 8920 9338 6847 532 2887 9739 5808 4669 8926 6204 507 2271 3000 6071 1274 6981 8555 7617 1446 3366 6135
28 1204 6980 8027 7552 1380 9777 7065 4454 7405 9442 8147 5083 3095 4098 4157 4434 52 5816 4604 4778 6913 366 8179 2427 509 9991 4714 6480
28 8551 5557 7011 5553 6516 6753 7061 6747 1759 7664 8677 6098 1489 9844 1552 9616 7630 1640 7357 8312 7444 8014 2553 6077 5459 6311 3868 5561
28 2378 5467 7329 3201 6815 515 4722 3420 6162 1039 2590 6954 1244 680 559 8982 2564 2660 8868 1649 2222 9259 4336 1685 6932 6184 2829 977
28 3902 352 5865 9933 9139 4314 1521 9172 8441 8238 1435 7282 7877 9 6156 9424 5295 2488 6900 9614 921 4569 607 4369 4615 3207 3468 5644
28 4077 4501 9506 6234 5333 4587 43 6389 8642 3508 6033 4344 9833 339 8348 9570 9140 8041 1563 9807 4675 4810 6501 3848 7991 1385 3826 3555
28 2652 4474 4568 429 2343 9678 8012 1302 1609 3908 6225 6814 6178 3568 3786 3102 5447 4706 3776 4711 3658 4729 7073 894 1333 3652 4354 2661
28 5233 9213 2813 1976 2841 7679 3300 380 5969 9317 9482 8350 237 8015 3063 4146 7912 4085 4618 9199 7497 9013 5234 6431 1227 8953 4962 98
28 6423 9248 6857 5247 2747 1969 9803 4809 425 6097 2547 2370 1126 8066 153 7888 3409 6249 5986 1180 7193 1153 1811 37 1393 2959 7424 7908
28 7883 2550 4088 4217 1267 9773 5167 8463 3018 2595 8213 584 9655 3269 1667 3400 4106 1780 6232 9125 3617 506 7619 8032 9934 8060 4866 6942
28 9111 1691 9131 8625 7416 8108 5125 2674 3037 1020 1493 359 6367 8142 9552 7200 6953 2447 9085 2127 1902 8126 1443 3998 2709 4954 6960 6017
28 1587 3632 7871 4442 879 5051 216 2738 2281 3388 6856 6997 9311 6484 3152 2187 4525 2133 9749 742 8030 8065 4012 8527 6059 103 1184 1778
28 3153 5336 5476 2244 82 6322 4514 8022 5802 2511 9500 2188 9303 1046 1504 9283 618 2690 7314 6525 6401 7169 5225 5294 415 5092 950 7775
28 8039 9136 1021 6474 5598 5144 8913 5639 7680 7450 6263 3817 7846 2657 7882 9400 7803 2113 7479 5676 797 9849 7139 1786 6533 166 7322 3071
28 9284 1573 3027 1051 4126 791 6710 9395 8680 5879 5597 300 6206 1642 2939 3616 8029 5389 6054 454 7057 2317 349 5660 7100 9748 9650 7886
28 2648 3076 7496 6889 6556 1441 3949 4452 1121 6037 8260 2913 331 3585 4276 3287 7622 2333 6527 4770 3032 8428 8836 9069 8935 2911 7926 6656
28 3831 6543 6778 3914 2051 2218 8093 7960 9994 6690 9917 3631 2033 3759 7012 8373 8401 7210 772 7646 1722 1658 9905 7524 4973 9422 7839 2217
28 6096 3169 6294 2399 9772 6016 6427 1944 7993 1792 2891 6976 2316 143 2981 6539 193 3327 5750 6132 4234 146 5589 9124 3938 9071 5178 5836
28 6950 811 4765 7698 3177 2912 4221 5784 1620 1692 7036 3453 8752 9448 4365 2287 4496 440 3031 853 7565 5452 2612 197 1543 6823 4881 1235
28 3922 9850 8080 8745 5226 5 703 8001 5861 1693 1309 6145 2314 1761 1413 5695 9683 8313 7373 7098 7548 3739 8302 2667 7791 8918 2781 3876
28 8099 6897 5721 5349 9754 785 8375 7278 7483 4792 161 1630 9250 7623 4851 7196 2432 5957 8230 4899 1605 6840 8838 1594 9148 9765 8290 3436
28 9211 3247 6819 968 1421 3755 3804 4048 8398 400 4460 2355 1303 2967 3461 6698 5248 1950 3244 7372 7434 9972 1297 2250 9900 8893 696 9556
28 9581 436 8565 9052 7232 6794 456 1433 356 3487 3379 9964 8722 6044 3271 6134 9525 4305 3142 8825 7420 4242 7101 3800 8068 3308 6737 1773
28 7914 23 4751 1756 5005 9915 3033 4524 7693 9818 5329 4582 8538 2632 4551 6968 7437 7813 4595 4663 5762 1953 4319 7618 1958 4590 4502 4821
28 7633 1312 3460 2003 4910 9097 6616 435 6300 6344 6171 6582 510 5761 7167 1496 6768 1910 8674 1510 3874 9146 8188 2927 6506 4380 5050 9802
28 9888 405 1067 7744 462 2279 8494 4642 9990 4095 6609 5292 6612 2645 2348 274 8720 5989 6863 6949 6831 4427 7512 6838 641 7246 2075 6088
28 8544 7539 8286 8833 3764 1913 5435 9939 3770 7651 1092 1069 6581 6945 6502 2193 5958 2899 6789 7640 959 8456 9508 121 7386 9398 4556 7774
28 9872 8504 8017 7481 2395 2221 319 2238 7755 1980 3925 8755 3246 58 2671 958 7676 4404 4187 8767 329 3002 2597 7868 9705 3168 2786 6730
28 4466 1425 2524 2037 9273 8966 91 6738 3158 6329 6069 644 5198 877 3801 4756 6104 7808 7093 4513 136 8408 1318 4884 2275 7900 9188 7260
28 2996 9727 5077 7230 8471 5867 1865 8741 685 7709 4941 2935 6352 863 5767 8129 6758 8116 535 9026 5961 6316 7480 7074 8409 4600 7123 1596
28 1574 4303 6046 5310 3323 6481 6267 8620 3234 7876 715 6454 3360 6406 6398 7795 9427 4191 3414 5267 8785 1202 5341 2926 9517 5280 2670 5674
28 929 6671 5136 3746 3671 7865 6676 3439 5570 1089 1688 2116 6719 5330 2540 8288 4149 7143 9758 3395 9265 3572 7998 8777 7280 4680 2594 8479
28 666 275 1704 2252 3139 8651 2129 9182 943 8150 5509 6238 3819 8925 1392 9214 5590 3046 7333 3077 315 7892 9348 1790 6503 6988 7903 6121
28 4801 5944 9236 9019 5940 7957 9961 7356 980 7268 5533 310 6368 4161 7491 8283 2692 8804 7783 7325 5743 2089 8690 3369 192 4197 2532 212
28 957 7343 8492 2396 5258 408 7239 800 7046 1259 8760 76 7312 2413 838 1713 9659 7425 5927 9396 4022 8202 3688 4746 5725 8959 9100 4625
28 7901 9447 4238 3698 7790 7773 7359 674 6230 6015 8089 8907 3456 8334 7656 4112 4470 1584 2592 8856 6144 9468 8160 4297 5805 1655 4775 2582
28 1808 3235 6992 8885 2966 6822 851 2794 7931 7670 1708 1880 8435 989 6450 733 4164 4847 8331 165 5902 1646 1857 8672 5344 501 7474 4364
28 7576 3505 1186 6459 404 8954 164 9461 8848 893 8369 9677 1650 7043 5067 4280 2110 6526 4372 7507 3793 7905 9335 3219 573 5161 7921 4690
28 4830 9538 498 8949 5117 8046 4486 1735 2961 9889 7131 2184 6646 7663 1726 981 6396 6689 483 1394 1949 6679 1718 4008 2567 4237 3956 4871
28 4078 626 2418 9224 1390 4817 184 3647 3500 5133 4293 8347 9370 5427 1517 1221 6334 5272 9144 864 9715 5735 9450 1728 2094 9080 870 2783
28 7426 2496 5197 6756 9428 9391 9665 9350 9006 323 4178 6674 4402 7290 6696 9617 5484 1581 631 5630 4920 1570 3483 5402 1474 1288 2556 7820
28 3590 5613 7694 3278 627 73 1243 7840 5769 5407 9173 9051 5438 3393 4761 6594 4740 1502 4861 1992 7530 137 9977 2812 4228 9452 1522 2406
28 1415 3775 1746 8547 1080 1283 8756 1174 2039 6472 7032 1214 1972 9261 3514 1488 2309 7292 9473 5288 4308 9318 5155 754 5549 3328 4956 5273
28 1717 7337 4660 1442 4697 3238 6341 3480 9781 3212 4504 1585 3488 2973 533 2757 645 241 9611 122 4528 6467 3910 2046 4412 3653 5029 5065
28 7324 2202 336 460 9790 1612 8958 9310 8528 8603 5096 9821 6115 2500 1662 3370 2419 9998 8947 6870 6645 7452 7220 8823 1404 7938 6189 6246
28 2805 9288 7529 850 6000 6868 8746 2499 2233 7462 3494 2020 5854 1829 2114 9050 8226 8023 8379 5338 1384 9449 1900 978 6447 5471 3769 7063
28 746 7487 128 1926 7367 1257 7800 1258 437 2243 2522 1389 8352 5909 4637 6451 8972 4070 2344 5891 3624 1529 3374 3729 9579 9687 8514 2155
28 3611 1271 6888 2140 2013 6255 1542 3243 8469 1301 9545 7830 1490 7973 7493 8688 6617 2229 3773 3217 458 2421 7799 3842 9947 2999 6235 277
28 7735 8730 8781 9286 6073 3049 7605 5390 8262 4652 546 8892 1459 9411 4167 6432 4610 1845 1803 104 4073 5221 5981 3237 1765 8272 5481 3375
28 1377 7708 5206 2042 2906 9027 33 5177 7142 4929 3892 301 4215 3377 9177 4027 9103 9567 9875 495 5264 8287 7897 9524 621 2487 8774 5987
28 4189 27 5069 8890 1554 3267 2673 1420 1326 4334 3743 67 5108 1879 9595 9830 9674 6110 9676 6558 707 8079 3586 9667 4479 3148 7885 7540
28 5835 6770 1066 5461 1210 8681 3573 8423 4003 9274 1419 4914 7701 6996 8560 5758 6807 4261 1591 5929 3966 2503 5286 3112 439 2616 3957 4747
28 4974 766 5740 9785 4144 167 6990 209 4831 2646 4921 2946 9490 9824 245 7124 6884 3594 9083 3792 6031 3521 7666 9065 7152 448 6240 4978
28 2823 7918 1779 130 2914 2024 7891 901 2542 6860 2100 8335 2017 8842 3941 5737 56 5131 3973 7825 6834 2669 661 3157 4820 2189 6974 7187
28 3815 9498 6623 4917 6869 8421 2770 6419 3777 5490 9815 5998 7340 4045 5732 492 4570 1732 2131 9746 9938 5437 464 8535 4702 2516 7593 7364
28 4760 6796 736 1835 1241 4104 5188 888 550 3774 3546 1915 600 5122 1409 8175 2972 536 8056 3900 4558 3221 195 8520 9134 2881 4791 496
28 3860 3929 8513 4311 421 5229 4069 5875 8874 6711 8889 911 5847 3806 1461 4727 6353 3432 992 4142 9638 2875 8742 7457 6660 5926 4540 1990
28 1386 4066 5511 3932 338 6464 1238 6744 5757 6666 4945 3563 954 2903 920 9312 335 3088 2460 1844 7302 293 3838 7683 2093 9916 8945 8114
28 9890 9243 7358 6961 2147 1787 3205 484 3156 6697 3277 7983 5974 9010 5752 5505 386 5357 7262 176 162 9859 9903 1254 9679 3758 6524 7368
28 4980 8152 9940 3866 6283 8072 7349 2433 5090 6385 70 5169 3879 8255 7953 4819 5242 812 7447 8086 3924 7567 828 9020 638 8024 8412 8351
28 2672 846 1113 2769 9033 4309 1009 3520 2179 4272 6893 4869 2121 6060 604 8190 7834 905 8997 4606 2773 8075 2434 8747 2718 4699 119 9914
28 2414 523 271 6936 8445 8462 3741 8249 6236 1680 6820 1172 7247 861 8621 388 211 4654 3248 1273 4626 2074 5039 6943 253 587 6650 9558
28 5062 3628 5914 9606 6313 7381 8320 6979 9798 9254 8253 6813 8512 6757 5104 3978 1088 8684 9511 4464 129 6254 6541 4450 6013 4518 1928 1993
28 2265 2583 9251 7026 1890 738 7464 4315 7202 7415 2928 8144 8989 729 8796 8295 3043 7189 72 6549 1703 9176 4326 4042 6002 8916 3381 9969
28 13 7186 9492 4480 4834 7668 8791 3830 4247 7135 5175 8106 4092 4578 9359 5662 7999 1213 8671 1230 1814 7562 7754 5946 2054 3226 4256 6596
28 7256 6597 810 7516 8237 4053 7538 2158 2601 9376 4844 7076 4132 8886 2982 7558 1918 1578 8459 3789 2002 1827 2978 9277 6136 1464 5361 6216
28 3123 6001 2005 2195 5574 555 8968 1932 1839 4542 5304 4892 7589 9381 1636 7515 5013 4609 7762 8380 4041 1018 5380 9170 6360 7843 7697 7049
28 4661 7222 502 5751 5460 7158 6859 6971 7629 3565 1158 2610 2019 6749 2739 2034 505 8269 4451 5602 4536 217 6799 6339 6867 8225 9841 9837
28 4574 6683 6093 6925 6504 3332 9394 5296 848 9093 3402 741 71 3034 4471 3067 5239 2929 2726 8524 1475 5872 4908 1951 6169 1022 7537 9343
28 8948 7030 2604 5128 2168 949 3541 2613 3185 5687 3484 8552 3435 9185 2032 938 3004 744 2045 9226 364 5824 2883 9025 2170 7789 5897 7134
28 5645 4246 4481 8841 9751 610 590 1525 9554 7784 8245 7958 5579 1103 5804 4113 2445 1450 9016 7051 727 2476 1633 1576 2510 6028 3202 7348
28 4052 6347 89 2736 5713 6985 5670 7541 5369 1545 1647 9072 1280 4748 3108 5546 955 2321 268 5469 3750 8888 8902 2721 9710 9723 4832 7534
28 9371 9992 34 9811 3442 7607 173 6274 4229 8122 4130 3310 2465 9367 9326 6786 1376 5672 9239 3915 5414 1501 1277 4531 8218 2041 8539 1185
28 395 553 2855 1499 4716 2519 5637 4134 8700 363 2924 5694 5080 1721 99 4207 5081 8119 9518 6023 9541 8157 1841 6325 426 3522 7654 8314
28 1965 1424 8297 9592 3164 3318 6299 3934 9231 1218 6914 4212 7989 1314 3463 8759 1848 538 7963 4972 7904 3676 8393 5615 3993 9505 5635 8009
28 8267 2864 665 7020 931 5990 3019 8649 902 4691 4732 4266 3849 5450 9729 802 6518 5340 8303 9028 1528 3309 1005 1812 731 2357 836 3006
28 2636 7216 915 5116 5182 9165 2608 4672 6328 1360 8153 4284 7620 1294 9547 5378 5741 2700 2941 2515 469 8531 8510 8779 9563 2544 6269 7341
28 4764 1247 8969 9130 2535 4304 9565 3489 1081 5508 3506 5291 9280 7962 5477 1887 1161 6045 6127 5271 8361 3133 7440 5702 2514 4352 5365 9255
28 7006 6154 544 8049 873 5883 8285 7927 5278 833 4243 5282 9043 2817 623 1536 3204 3408 1823 7716 890 1989 3447 5515 7810 4698 3038 9510
28 862 3482 5564 4046 2752 4082 7028 106 2303 313 1724 5000 6082 1936 6692 5622 3013 1336 7127 7780 1200 9486 5232 5538 1119 8941 8583 9941
28 7609 5595 2263 9884 3992 1740 7598 4950 4413 4958 8878 5770 2818 6253 7725 3343 9999 8396 8839 3397 9684 5992 752 5764 7050 9113 9968 8670
28 5030 5583 2557 3762 8751 1276 5916 7561 409 3545 452 140 5894 5839 2869 4839 7500 444 7632 7797 8069 6517 6241 1237 6783 1615 6498 2494
28 8407 1035 5917 9804 663 5318 2918 7240 9531 3398 4533 223 4825 5265 6426 7909 2945 6739 4023 4876 4102 8951 4468 2990 6153 6397 8387 4712
28 2182 476 8592 2526 9484 8526 4313 3430 9425 4647 4728 6585 7157 4925 2006 5479 8210 5415 5139 3475 4013 6089 823 1470 6921 1079 4345 6301
28 5777 612 1924 3264 6278 221 6866 2950 3654 4888 7925 7059 2416 6892 7844 7378 64 8626 8198 4269 4709 2363 8985 3450 7106 9164 3901 7936
28 9446 8590 6959 2940 7625 5714 1593 243 4885 257 5964 8939 1796 782 7310 9757 2485 8420 2662 4208 1355 6801 2483 9034 1361 6762 3106 7756
28 3256 5241 6595 3350 5829 6580 3090 9880 6553 7812 1228 6378 2606 2893 1063 5982 263 5150 3714 8048 1388 7600 1527 2559 4995 6266 1559 697
28 9340 4338 4996 7724 3009 4030 6167 8828 6331 615 7776 3434 567 3700 7088 8168 5037 2886 4894 1356 1438 8449 3257 889 749 1369 4585 6405
28 6845 8468 3471 9128 4195 5478 4828 8506 3215 5121 3315 5818 2390 213 9716 3886 8843 9709 6307 8662 1251 7659 7734 4664 5569 2345 7850 1177
28 2417 3665 8851 1278 1562 6485 956 9437 4457 1207 6574 1163 428 2534 4317 4080 3895 8587 4499 8473 7198 8252 7486 4927 2819 4552 6842 7911
28 102 9826 5938 9039 9974 9874 7777 6764 3167 5382 9368 3721 4599 5015 270 4934 904 7064 2650 2023 433 7204 8556 7551 6181 3962 6149 1793
28 3581 4392 6664 1417 3 7974 5228 107 9314 5070 9976 39 709 2056 9453 7778 4522 3125 4719 8705 6259 4484 5657 2618 6704 9003 1484 7559
28 9328 8983 7014 8438 5680 7637 5925 8263 6296 4163 8862 2948 683 2082 4120 8860 3890 912 1619 3738 6108 8485 6593 1995 2523 8891 5953 1868
28 1641 9791 928 3172 3845 4567 1770 2679 3912 2802 9970 2382 3368 918 6624 6226 6403 4035 9693 6349 7269 5025 7287 235 1939 7817 3580 1651
28 9215 8447 1491 896 2201 7203 9864 5315 2843 8944 5420 8976 6993 9672 6904 1819 1537 8480 9337 748 9114 4462 10 859 3717 6881 8132 9982
28 2711 3551 563 9378 6922 8991 771 1888 204 7419 4435 7432 5024 7696 7102 3129 6079 9487 4439 3178 9062 7895 6289 1957 196 7319 2634 8898
28 8372 3991 1407 1809 1644 9856 4137 177 4889 3850 3286 2857 9365 6457 8475 1832 649 2839 6775 9386 1987 3613 3424 7644 1798 8228 2493 7021
28 3075 5008 7611 7323 4152 81 5863 8251 4640 5059 5647 8832 4930 231 9931 4955 297 3276 1252 4731 7303 9108 7977 4584 5870 9987 9697 1508
28 1833 6425 4214 961 3391 2677 6105 5376 6160 5603 5440 7766 799 5027 48 1456 9419 755 3089 6346 9245 6636 5120 4961 3959 8487 2456 8465
28 9413 6720 2836 7351 8074 6027 1342 1299 7105 8013 5064 6449 3926 4288 4414 1736 2568 4143 5078 5625 5143 2199 932 8522 843 5618 1350 233
28 7855 6687 7331 3682 3898 7176 964 4083 7045 6715 3986 3846 2877 6345 5202 8051 5825 1623 6505 4725 346 8344 8045 4490 3663 6513 561 7887
28 3171 8432 7042 8906 9752 1042 9223 2409 5074 2558 9090 9116 9769 4617 7831 9564 7438 7103 6736 4508 9206 7687 2392 2328 6159 5507 7194 3386
28 2198 286 5185 8324 5658 208 8609 4205 5146 9363 6287 8931 6386 4160 751 6565 7591 4865 2598 4330 4859 1628 4979 1580 1509 9438 1345 7502
28 90 5967 4067 4824 9816 6966 8679 5163 4446 7815 4519 2548 9287 2165 693 4614 834 8082 3945 5563 8173 4342 2953 3493 9001 556 9403 1298
28 2452 5049 4318 5387 8765 5610 1340 6212 6572 3078 4064 123 6187 125 4855 5026 6905 4299 2362 8452 9275 5358 9301 8058 3406 5948 9349 5690
28 4616 6931 8481 5534 3050 1994 5079 6615 1797 8794 881 3490 5691 3003 5727 86 4482 5554 4399 7506 3230 4000 2340 7125 2712 4998 966 9770
28 6229 2803 417 3735 8063 62 630 8553 4174 5397 9012 3020 9278 7588 4351 6119 8310 7079 5778 9142 9298 9691 7048 2261 8559 3840 1001 2678
28 6956 4989 191 8872 2085 8992 7988 5053 4799 6412 9593 2780 9233 7346 7924 2475 9021 6678 6839 2458 5363 5190 735 1287 7738 4683 6564 7215
28 8246 2795 3501 4436 6718 3836 385 9393 987 5384 7352 3127 1262 8149 3684 9852 9469 1216 4016 4668 6886 9652 695 9924 9542 8484 7805 9527
28 4141 7704 9787 6150 2212 7185 5433 5512 5434 7190 972 8769 6010 5833 7044 5731 650 5495 4837 6896 7137 9374 8647 6251 5633 2444 3305 9481
28 2563 6785 8400 3373 6211 5058 2868 2247 8728 4241 1215 2539 109 8137 8787 5594 8773 2702 875 5494 3206 9306 9637 1281 891 7261 6639 9799
