29 1566 4065 2803 1751 8083 8751 1276 2637 5772 5822 7062 648 8616 6386 1029 6706 5594 8773 6443 5636 4668 6886 9652 7977 5582 8516 5948 9349 9255
29 156 2758 7704 9787 5566 5308 3346 7467 9533 5510 2835 3548 7766 9233 376 5443 5731 7994 7410 2272 8704 9132 1129 1479 4631 2571 3816 8443 9799
29 6428 2156 3991 4808 3735 3557 6292 4975 8553 987 1218 7352 3127 1262 8149 7044 6323 7248 1216 4399 7506 3230 5922 735 8749 1705 3083 7841 7021
29 6975 7995 7574 1816 5387 3412 6966 308 3558 8004 1269 7767 8931 249 8436 3180 1840 9469 8571 7573 6896 7137 4324 4783 7713 5231 3404 1001 6804
29 9475 3160 1062 4503 2570 4152 6125 1342 3984 1310 9919 3507 7377 2878 7739 3753 2387 6009 478 6528 2458 5363 5190 7376 5812 3406 9463 7178 2791
29 6198 7822 5049 8400 817 5082 4694 6643 7768 2937 2909 7753 2539 109 1873 9355 7159 381 4572 7041 6383 9574 520 7520 856 480 2268 1106 1508
29 8103 3756 5967 5545 1745 5896 5058 7117 5556 2832 8988 5584 4689 8426 9008 2464 5730 2653 8866 6589 7685 7085 9205 9620 9878 127 2119 7294 5453
29 5876 7760 6578 6935 7323 7482 4887 8831 5053 261 4997 1215 2548 225 3132 700 2951 222 2270 2598 6894 6805 6420 3066 1815 5950 9293 2456 6413
29 835 993 1896 7042 1398 357 1760 1414 3604 8486 1074 1166 5289 6780 2551 4213 7564 7218 4143 4886 4863 7686 3469 826 1209 6929 7029 9847 1864
29 7849 3877 2335 6635 9385 1025 9302 3348 7316 3887 5142 1622 3955 8248 4420 7075 6350 5056 7848 5605 3999 5888 9503 8088 3946 2329 2444 9918 8696
29 6430 2234 8207 6231 3763 1220 3836 3669 6874 6277 8602 4153 1747 9081 4862 4312 2979 4406 5186 1087 1561 269 9306 9637 1281 6532 4827 8768 7641
29 2734 8232 6931 7581 9669 294 1133 1917 4251 1810 8877 7000 9092 9434 6026 3963 3939 2975 840 6957 488 8676 5932 6239 485 5276 4890 6264 7722
29 8450 9282 1060 8919 1863 952 7086 6244 9675 3130 5384 4374 4873 2859 6716 6072 3961 756 481 7283 4206 728 1331 3084 6761 806 6266 7568 9204
29 4467 7590 6319 3640 9735 684 1794 6395 1167 7390 373 3603 5405 3685 2761 5842 4328 1341 7563 9195 935 8275 6281 1061 2976 6654 3958 2213 419
29 3353 7418 3503 5908 2963 8584 740 7988 3745 5935 472 9812 2412 4985 7112 3401 6223 6512 6487 9316 2172 5892 2443 7019 4416 41 2143 5042 9958
29 5832 8315 698 702 273 2664 5210 541 8646 565 9634 6918 5106 5219 5379 7265 2888 4059 6938 1201 5421 767 114 2732 8554 5633 951 2585 3642
29 5254 2993 1893 1909 5483 8162 4627 7526 9362 1028 790 7071 5803 855 580 5114 3213 6302 3378 1006 5871 6122 3022 6659 1449 8981 2441 2968 3531
29 9670 445 4236 2777 3950 9515 7259 8737 3182 4521 3078 199 2044 2833 1308 7587 4549 716 1702 8138 5094 5656 3165 5719 6688 8660 7435 8240 7907
29 3155 1753 3911 6402 9984 7769 4942 6437 8911 8182 1849 1861 5852 7300 5048 9609 2206 4118 9465 4786 6131 6196 7055 8192 7119 4291 1105 3472 5033
29 45 8299 5245 4099 6117 7485 970 9055 1802 7597 7291 868 1960 387 3828 6175 14 414 8171 2259 3296 8748 4210 3163 9253 6308 5543 5551 7947
29 5266 306 9166 227 5171 5520 8500 883 1127 358 4292 4990 5442 5451 157 713 8529 8837 2029 2997 4781 9086 8010 4270 5864 1881 1801 1851 8629
29 2870 1959 7984 288 7699 9263 795 745 4724 468 9260 3194 9497 924 5135 9877 3073 1906 5385 6199 1334 9373 6848 7360 787 7858 340 7806 5486
29 7782 558 6600 1818 7976 7845 5744 7872 2266 4577 2457 2426 8437 8661 9207 7853 1876 6850 3419 7624 3965 7736 7902 8433 3098 3710 2273 6830 3107
29 9738 5679 8568 5529 3259 5423 5052 2591 74 8638 2509 5501 9057 1144 1853 1830 5648 9077 9156 4837 4285 7920 963 8940 344 9698 3138 3540 4184
29 2717 7828 4057 5965 7279 3623 6746 8790 4185 9289 620 4443 2705 133 1249 2151 3641 4555 3885 5977 2641 5145 6489 6209 2257 5711 3074 4254 8395
29 1179 1111 3693 5113 9806 837 2106 7513 6538 3678 5749 9529 4100 3094 522 1451 1606 3960 285 6020 9000 6642 7224 7714 3208 2776 3931 1399 6576
29 6261 2163 5532 9470 2506 6211 7952 7441 2853 1477 8655 4281 1742 9158 8279 6895 1927 9046 4162 6087 4982 5364 296 25 4061 172 3289 2249 2681
29 1813 601 1734 1192 9175 7519 2569 4015 1541 8627 5119 9281 5811 394 7702 1453 6106 7236 5773 7083 1159 3413 4176 632 6916 2749 6755 8216 2994
29 6440 816 687 26 4607 6677 4788 3297 420 7468 8309 6586 8861 3705 2428 5577 7212 803 1931 3252 827 3358 897 4505 8810 1316 8743 4963 8392
29 389 9159 9417 6168 9956 3744 682 690 743 5425 5068 1548 4565 2790 4011 2300 2315 3552 2173 9401 3140 9682 2160 4790 7517 8061 8011 6680 124
29 2603 4506 3856 6699 2755 5705 7149 2644 5739 9339 4579 9979 3131 3415 8807 5943 131 3805 2128 9911 154 6536 712 2079 9582 1428 2915 6955 9307
29 8995 9155 9957 5462 3462 2358 3242 9407 2574 1519 2286 9910 6948 3303 178 6100 2631 299 9174 2473 3768 7145 1110 8576 7094 8376 5609 2620 7917
29 701 3968 7946 6890 2640 1631 6304 5580 7338 8476 8689 4774 907 1962 8901 5786 5627 2425 6476 6682 7160 2461 2619 2991 4337 47 5667 6810 5823
29 820 3236 551 6864 5668 3680 4530 513 5223 5838 4262 4223 5395 1102 664 998 2466 887 8643 591 2861 5607 3023 1546 3527 860 7002 4526 6787
29 8033 5454 8543 7689 7798 6113 7842 2782 2680 2274 4679 3055 6213 8938 3061 9390 6653 4509 5617 6314 4491 8071 5088 3996 1834 6305 769 3872 6835
29 1711 3511 6062 747 7650 1575 5499 320 2536 1032 1872 8859 4612 1176 8883 9344 9483 6962 1941 3638 3052 8557 2588 4510 6011 4026 4592 9555 2497
29 9053 8644 1468 3302 422 2036 163 572 7592 8289 5023 560 4906 259 2683 7271 3512 2327 9928 4686 7821 1162 7933 4907 399 2942 8928 3403 7460
29 3039 1752 6214 5031 5109 3455 2167 4377 3427 4562 7942 521 3290 2014 2759 9421 903 3571 100 8419 4233 5995 9631 6053 5386 5685 6435 8879 7688
29 9058 9360 6497 1140 2573 9115 9540 4282 2435 9949 3835 2474 6310 3464 337 5540 2108 1403 9534 6685 2676 7254 9036 3478 2962 7107 287 3059 9212
29 207 5354 6245 7120 5855 3380 1095 3644 1306 2132 3362 9110 529 6429 8864 8550 2658 1858 2026 2596 3017 3497 7301 18 1181 3906 2306 7533 5666
29 6056 8579 4166 2512 540 2049 9147 9599 3821 8904 5514 3431 933 8482 568 8597 5790 3068 3728 4357 9656 8102 4912 441 3459 9476 467 2668 9138
29 2635 2921 7494 6416 3612 2555 8711 3079 1149 8993 3637 7672 4136 5874 1905 984 418 8758 1652 6394 3749 5684 298 9881 105 1975 5928 4707 5320
29 6599 1785 3533 2916 1964 4784 7572 7201 8000 8042 3794 8214 4456 8686 1135 4332 3605 1763 8186 2208 4854 8806 8763 732 3909 497 4058 8360 5208
29 8172 5552 5149 9646 1560 1462 6618 1898 8518 3304 5297 3606 6693 1701 7077 5947 5485 8425 2319 3372 7211 8430 8962 4721 3614 5907 937 7854 3504
29 6933 1831 2793 276 3306 8693 2053 3326 4874 4931 2083 9689 6849 2577 5132 1894 1057 1013 7578 761 4333 160 3655 3081 2095 9863 2123 3530 2630
29 4182 1938 1348 7421 6620 6912 5671 8239 8256 219 8466 3191 778 1952 5962 7859 9794 3820 2307 2192 4928 6243 5319 8811 2398 8164 2467 7422 3818
29 2772 9814 7793 479 1152 4018 908 6703 5084 1897 1694 4564 8507 6388 6208 5373 1977 4094 1366 967 2361 1979 8427 1869 651 240 6029 869 8909
29 2922 804 5608 3383 6407 4573 4183 5353 3803 1871 6800 2062 9007 6728 643 3389 2219 1654 2246 6777 8340 3980 1372 4741 2885 9912 5859 5717 7796
29 1134 5703 1365 5898 8327 1515 4495 7944 1485 5183 2055 9857 5428 4425 1914 8882 7499 1495 5038 1884 3597 5933 3578 5624 3111 5398 1270 4135 8799
29 9435 5370 8366 3333 4560 4629 35 4298 4465 7745 7610 8562 4316 3923 5994 8095 1391 5755 801 4359 6568 7391 7339 5629 9633 5809 5960 5877 849
29 9151 3145 4797 5345 8829 1855 4278 6112 6978 8783 878 3670 9809 2977 844 2077 3599 3891 1743 4879 8656 8923 6455 2282 1682 6495 637 7066 2504
29 8078 4049 8523 3316 4777 8701 2057 9238 1821 7078 5189 2763 8691 1097 7919 9712 7758 7129 7628 9429 6373 3689 4209 1997 517 5937 3664 4708 3517
29 187 2146 4390 7752 3524 6995 9831 5323 5176 6675 2654 4882 5347 5063 5720 6846 9292 5174 7023 9901 2543 7913 1782 9201 8197 6203 1891 4767 1637
29 9822 1666 8657 4802 2756 5020 1138 9571 3192 2001 5055 7802 8899 6811 1482 3896 5076 6940 8491 9985 7446 2240 6723 9181 4646 8077 8317 825 9154
29 6507 9742 7569 2693 6973 1239 8281 4969 8581 5843 392 7195 1920 3798 7557 7233 9197 2200 3329 1426 3342 7182 1912 1112 4020 9894 4793 2530 1154
29 9488 5524 8654 5537 6382 2352 4252 8442 190 5568 3262 1000 8455 1056 8650 9588 112 6877 7879 6140 2787 8467 267 5016 2104 4517 8574 3334 411
29 1826 8546 3765 8431 3953 1907 473 9546 1411 5975 3229 4047 7554 6701 4813 5270 4737 8217 759 3916 3282 5089 2529 9523 218 4840 145 1268 4539
29 3060 9696 4878 3312 3518 9907 232 8365 8793 1007 8330 9575 5352 8775 4918 8780 5643 6315 8429 5458 6468 3270 4449 4039 4360 7478 5774 2810 4789
29 7318 4581 726 3643 1059 5448 6452 4231 6854 2707 7743 5983 1320 3543 1498 264 6930 5806 2453 3245 9137 7827 4651 6602 6577 1115 2807 5915 900
29 7678 6638 188 5156 170 5860 9229 9477 2728 2989 9921 8047 2397 3584 5504 1866 9409 2411 2521 7070 8735 4968 1586 857 2214 3173 3467 224 5638
29 2995 7642 3878 9227 9966 4009 784 9456 8292 4388 8511 3825 8448 8115 8814 2369 4814 2379 2684 847 9578 8136 9193 5571 634 4811 6271 6217 7492
29 9601 8724 7787 7394 3064 8910 3731 1222 6919 3675 3313 9087 5137 6143 6006 9707 8999 1156 3371 6691 6937 4563 6465 5728 2691 5466 4548 5930 3810
29 2822 8339 2332 4169 9636 2746 4323 1004 3904 1193 5429 6252 9222 2354 6544 6147 9011 5688 9528 1084 4554 6391 4403 6 4905 882 9615 3422 2611
29 3766 9561 8205 450 6284 6681 813 5170 927 2175 5781 7082 2825 986 382 7199 4125 4557 842 148 7814 7274 543 6911 2269 3734 5780 3829 6164
29 1579 1568 9820 1670 676 6421 5525 6036 9725 9658 5856 7706 6434 5118 8140 8422 6111 9553 6939 6788 9105 8280 7465 1874 5795 8987 368 4923 5738
29 2150 4172 5952 2482 7986 7147 2138 6128 2797 5235 2230 2052 8824 7001 2617 4148 8221 8757 1523 2974 8397 8101 7389 1583 262 1943 5317 2016 7272
29 2368 9054 9104 1139 7084 1123 1639 7110 9324 3785 2068 4019 527 8826 3609 278 6492 2407 5498 4670 3809 8881 3712 6478 8043 6972 3985 4235 5269
29 2584 8502 3119 4068 8261 5251 6500 185 2541 2624 5659 8623 2389 4081 6399 7033 4538 1611 355 5061 6004 6194 8633 2694 9713 4346 8986 9544 7652
29 8854 7132 8386 4091 8950 571 5522 6099 2194 7835 5474 7345 9187 2589 4371 3692 3301 4946 5212 508 9926 7266 9536 7128 1518 2308 3024 1503 4678
29 6197 3384 9117 6482 2304 3036 2018 3335 5105 5821 1082 38 2148 9135 1553 7171 6991 4043 1625 9846 8021 5715 8853 5599 8533 2779 1550 4339 75
29 6570 3198 3534 8586 1250 5868 8594 2762 36 974 5238 4657 9300 2686 1170 5299 1616 7829 1338 6604 1696 6290 1481 7857 6832 4437 3645 8167 5707
29 3709 1817 3128 2933 4415 8277 7286 7347 1657 9885 1423 7906 8558 8278 6836 1068 2821 8133 2754 3549 6984 6109 5785 4999 6222 2703 451 9330 4915
29 7662 750 6729 487 4151 1260 1677 1784 5302 2538 8652 6318 292 3629 8915 8490 4129 8414 5123 6555 2688 5576 5649 814 4798 5586 2291 9015 85
29 8346 9925 7395 6250 2430 4391 6766 8532 3299 9854 9056 84 2699 4919 4417 9232 5531 2047 9929 5920 9519 3864 8789 6040 3214 5285 3101 9643 4644
29 719 3117 4060 3385 9817 6444 8293 365 6436 2318 9973 8008 1003 3981 9217 9252 1383 7889 9509 3394 1357 9840 6774 149 2498 6377 3072 6598 6511
29 3183 2139 534 3339 6748 2633 3703 6522 4145 5700 6188 5036 5249 7740 5820 6742 6530 5205 1741 7956 7627 7113 4426 3948 2393 2834 8236 6561 819
29 1577 8090 9200 7979 2614 3283 3881 679 5274 8316 5314 1754 8801 3622 4943 5956 1469 9471 500 5616 7940 2210 3977 3713 566 6052 5375 1551 3634
29 3425 7613 9366 1205 1505 8714 8178 3001 4745 1602 1431 1329 2897 4749 1774 5356 9810 2663 6058 4826 3964 4445 9514 7354 3943 9347 2895 341 4331
29 2223 1466 7115 5134 2479 593 5796 9315 9186 9733 3144 4687 3416 7860 628 66 5924 354 8921 347 8212 7454 2162 6782 181 7930 1295 2561 5211
29 5634 6152 548 477 4400 4655 1674 6057 7981 4264 6233 4401 6456 7150 9959 1439 2889 255 6336 1748 6095 1663 8905 3995 1378 6041 9383 3918 6906
29 9832 333 5756 7929 2965 4248 7870 9898 8349 5704 594 3298 8844 345 1507 3211 7750 8196 9706 6469 5620 5544 5085 6141 9865 6901 7008 4037 2388
29 2038 6021 7096 8566 4034 6348 1076 9585 4589 2415 4726 9089 7785 7308 947 361 2256 7733 7476 1101 9102 5449 8127 1877 6366 4695 2031 2809 6632
29 327 7759 2874 4769 8613 5102 393 5010 9808 4031 2373 8191 9179 2004 3646 9666 1567 461 6958 3337 3843 6825 3699 8084 7281 4682 3008 7608 7417
29 8598 2863 5503 2205 6910 4227 3443 5138 1012 1679 9562 1395 9466 6174 1892 1416 2462 3113 1656 8496 6803 2196 351 2197 7332 7677 1540 8180 3143
29 493 4671 8125 7648 7707 3122 5901 5506 7163 1120 2931 9412 8821 8390 831 1535 999 9262 4202 2665 5807 2621 9496 808 9353 3355 5372 764 9700
29 8725 9157 6879 6155 3417 2394 7022 4487 3429 2947 1233 6648 3454 9458 4743 169 9098 7273 7040 1582 1026 2471 7445 2454 6717 5747 2371 4965 2149
29 2440 5955 314 8356 4966 8418 4302 1151 3905 9220 1096 4440 1919 3136 7258 6321 4240 3359 4787 549 8930 3200 2856 1878 44 4532 4461 2879 2288
29 5014 3562 4766 9685 2350 2768 9537 3625 2310 4785 5578 7122 7560 7388 4226 1598 7836 6649 4860 5099 2831 7451 699 7306 8567 7804 8640 7978 5921
29 9191 5954 1712 9732 4455 9625 4096 9406 7880 1532 59 9839 4147 6809 1494 4177 8534 2231 1624 8817 8580 1514 4463 442 8306 2706 8744 9724 9932
29 4891 8453 5984 8797 1175 215 9825 134 8645 4588 4204 7039 2124 1544 539 6365 1886 8319 2227 7634 1284 9479 5011 5665 3588 3760 9358 8307 6202
29 3448 3240 5334 3519 2293 3275 1282 662 8377 4370 5222 1889 8611 7532 922 6462 2714 583 2118 1850 9341 3593 3994 4150 1279 5593 7729 946 4659
29 6812 2091 4794 4458 6445 4084 6731 8897 7748 8974 9420 7935 1436 3812 5075 4277 407 1346 7141 463 5979 3338 6986 2072 7711 3601 9573 2957 5255
29 4753 8184 330 1983 4 5086 8957 5587 5760 4500 7257 2943 5791 5817 9334 4883 8276 8461 1720 5853 2750 988 4848 2778 3239 2448 5712 9782 8636
29 7148 9440 1437 2858 7161 309 3537 7866 1354 5071 332 9029 9309 1483 2560 3674 633 324 3007 8869 4253 1617 4121 8542 2626 7090 3030 6663 2338
29 7674 9194 4170 7309 3410 375 6262 9184 4880 1304 5035 6672 4002 5306 7298 9673 2226 5573 8156 7582 2366 1072 4409 983 2533 9099 7631 6142 3399
29 2600 2847 9037 61 3844 1985 2439 6359 2322 111 2799 6183 7443 6182 8601 6540 8996 3109 9626 3666 2073 4283 9680 9686 5173 6637 3697 8932 470
29 5959 5160 9868 3560 9095 9937 8257 402 8235 1132 7472 9983 9218 9792 1458 1457 2130 9596 4056 8800 2277 2102 1497 6631 8845 2088 5844 7153 694
29 3042 8561 5324 4937 434 7715 5693 5446 1064 4263 3166 1557 5661 1321 7948 5519 635 5810 8984 1043 5623 6080 3627 4222 8515 6573 4940 2215 4300
29 691 6227 3361 3005 4529 7383 3722 1804 6312 465 3336 7863 6510 4511 1963 5214 3639 1195 6853 976 151 1859 9623 6103 3015 796 1727 9995 1363
29 7427 7382 2241 6970 2048 9980 7406 3151 1836 290 4833 9654 5497 6024 4779 4421 8599 4893 4924 179 3935 7862 9608 1454 7289 205 2789 3913 1635
29 5604 2830 528 2 5207 1016 7327 4621 4385 6523 1011 384 5290 3695 3983 2508 9323 9624 2625 763 28 2356 5243 8770 5527 6012 6442 2901 2254
29 7643 6257 4754 6493 7151 6876 5126 5596 1882 2176 7875 8808 564 6192 6375 3888 6078 3184 7428 2639 5866 6116 6355 3135 3930 453 4643 6898 1911
29 5046 8698 9460 6871 9416 2236 1055 7379 4117 789 8325 7466 322 1261 5220 8942 7700 9717 5246 4405 562 5663 9789 2302 7705 5215 9869 6038 7207
29 6613 1599 5889 7638 6030 7603 9242 2771 793 4306 8917 1168 7596 7549 1838 3525 7626 3231 4868 4806 7226 2764 5792 3426 3661 1263 5216 6865 2480
29 3190 625 281 1037 9397 304 7488 9745 2027 9436 6989 5327 4696 6471 6591 8362 6851 6466 4389 5103 944 9225 9602 7972 7477 9778 7837 8887 2436
29 7833 5260 457 5127 1325 678 1373 1245 8812 6740 8224 9862 1618 909 2730 3853 514 3376 7027 7710 4225 3307 4485 9022 7154 9535 6161 4771 4188
29 6190 3265 1040 9891 7742 4175 2058 7751 3882 6872 569 4021 5828 2463 4723 7172 6924 4310 8291 2580 2081 8357 2729 6248 4877 6008 8037 8268 7162
29 7245 7229 5846 9304 6275 7177 4307 4350 1707 2960 7955 2040 8734 189 32 669 9264 1645 5733 4987 2733 3053 8451 3438 7730 8682 6821 518 3952
29 570 1187 8227 9522 7442 4156 2391 7054 1730 1610 3813 8222 8231 8345 6772 318 449 4244 2988 342 5858 8209 2784 8648 4381 2828 8270 3857 582
29 4119 9594 7397 5997 6983 1659 4948 5759 4044 3320 4684 6707 8855 4583 2546 4902 9507 8519 8563 9432 5893 139 7658 5101 1626 12 5621 4605 4916
29 3883 1387 1956 5881 2860 7723 8381 3103 7660 3086 4898 1825 9372 6735 7146 9681 9040 8321 5043 9516 9271 9048 4613 692 9962 9030 1255 8819 9418
29 6130 7047 3701 5815 9073 9719 2468 9235 6186 1555 4040 8296 1988 4423 9002 917 8087 9776 3056 3466 7255 1041 8852 4038 7923 5548 5970 1946 4964
29 3440 3827 5973 9755 1197 3266 7408 3528 1777 4527 5793 5279 5768 9736 7099 95 6170 9981 1903 4301 6219 7469 9061 8818 2844 3796 6633 1665 6441
29 5798 8404 5195 598 9190 3347 5912 939 2289 9870 9835 6191 1371 8509 1146 6438 4623 7353 5980 5431 3787 1699 2655 9572 4984 3041 2059 3080 7456
29 3516 8383 9584 5237 1422 8615 9329 5218 4017 4110 5601 3146 8665 1870 1885 2225 2753 4596 3261 9783 1332 3691 783 113 4459 9041 4257 9109 7690
29 526 2766 3681 3781 3620 6005 9494 5424 2489 5343 4201 7811 3839 2984 2171 7053 1272 5331 7510 1733 6019 3223 5316 6335 7508 5032 3719 362 7577
29 3660 2446 4757 3921 9621 4005 1229 6686 6218 2788 7816 1799 8145 3730 4829 9823 9047 9551 1710 8703 5283 7017 6771 6076 892 9774 7861 283 531
29 4611 8896 2785 3903 8234 721 5201 5742 4348 7703 7614 1045 4952 710 4776 3495 4656 9587 1265 3976 4203 8863 614 2360 4411 9064 8978 8265 7010
29 8980 1942 552 2599 5298 6657 4076 760 6473 230 1256 6862 4428 6951 3942 9430 494 7932 2022 5444 9663 1019 8326 7602 2264 2572 8105 2386 6014
29 9392 5147 9336 7922 4386 6123 7016 9622 2470 5502 5366 7108 6085 1147 3220 1070 9297 6400 3615 97 1945 3561 6548 2177 4196 3779 578 6179 2084
29 4398 9960 4122 7636 3582 5313 6049 4566 8460 1370 7761 7334 3834 412 9902 6439 7737 1789 6417 7398 7599 7657 7490 2751 2211 7223 2925 2296 6207
29 9988 5673 9942 5942 3331 3757 4903 9439 200 9499 7950 4101 5766 6941 3054 7013 379 2181 6759 5335 8809 3523 9167 948 5391 9045 8070 6587 969
29 7080 9764 3833 144 9836 1264 8933 8454 5911 8211 718 4591 3174 7005 9800 4258 3576 8158 5655 5179 6934 9472 11 5091 6833 9320 7852 6952 1648
29 3423 1824 7015 3679 6410 158 343 4550 3465 431 4062 3035 4667 2811 5152 5095 3499 302 7635 8403 9234 8738 880 5017 6784 4762 9767 265 4275
29 6392 6330 2330 8003 1608 9761 2920 9272 9986 7661 2078 1564 2495 7118 4448 6837 6802 1351 3222 3566 5745 765 1966 2884 7121 8165 5698 6390 7234
29 2098 4469 8177 6032 2135 4355 2359 6752 2525 597 8894 6651 334 8639 7363 7893 8497 6963 923 5047 3969 4816 4624 3352 1800 940 6496 7718 2894
29 7136 724 5941 3951 8540 8439 147 8111 1767 110 3608 7275 8591 6601 3894 234 9630 471 7133 46 9493 7140 8104 5521 5936 427 9731 6969 3708
29 3387 7545 2442 1036 9967 5066 5224 3997 3544 4055 7847 1723 8604 3449 6338 8578 8764 1632 1955 5034 7669 4772 9950 5359 6490 3607 5432 2956 2367
29 1048 94 1339 8717 4186 9096 489 8577 9848 2689 1837 8284 3134 5367 9996 2251 6726 5287 307 7095 8612 7034 6858 5686 4367 31 1607 845 1289
29 8220 3210 7448 3099 8273 768 5706 8572 9660 6630 3364 2651 4823 4546 3944 2372 4700 5631 5060 4846 7971 3862 5019 2285 4571 5678 3589 7399 3767
29 8097 7566 7235 3149 291 2144 1996 7393 5878 6584 7484 5309 1935 6486 1401 2237 1173 8702 3737 9946 1476 7311 5305 1017 7521 1820 5257 4685 2659
29 9861 4260 3258 7219 4622 629 7719 3858 530 4864 6210 2050 2276 6684 7276 8990 8498 3253 9162 2898 7819 5328 4036 1686 8110 1634 1027 9410 8385
29 3233 482 8927 7894 1776 7436 3091 3040 5748 5900 5547 3515 1405 4382 5072 2741 6521 588 8271 1901 5165 3294 5558 6569 547 5849 7371 5284 2980
29 6042 3720 5934 4870 1049 1715 899 6817 6470 6567 1749 9704 5689 9464 2666 2015 8242 5422 1058 1075 7874 8354 3498 4733 8803 4619 9094 2936 4347
29 3016 1030 6610 6655 6374 5724 6727 80 9954 3532 991 9247 7941 2724 5230 1783 8975 4493 3852 1164 201 622 7498 8955 2422 3057 9580 9296 2518
29 7138 7175 2554 40 3696 919 5619 2745 9267 1219 1189 1402 1034 3251 8109 367 775 1 7285 9512 6458 4744 2905 7583 730 624 1916 6806 9346
29 5465 9246 1196 9699 3295 1795 5351 93 252 619 9067 8943 9249 7321 2204 1114 8370 7881 7225 9294 5626 317 8622 3559 7807 4580 8585 5470 9784
29 9543 3452 9635 6258 8699 8766 1203 9795 6547 9178 3791 9127 3975 198 2882 758 6977 985 9922 807 3736 7293 1447 9342 5536 6358 3161 2528 6090
29 9049 6557 2890 3618 1024 5945 971 6309 7111 7401 4124 6354 8659 7025 8675 8223 9560 6628 4498 657 6372 1381 5217 1108 4138 6667 7934 1653 4087
29 4904 4447 182 7191 7890 238 2154 5157 4025 5355 8055 9793 2685 5782 8378 6166 7673 1073 4133 9237 2958 5250 9879 3706 8343 3274 8374 5991 4576
29 2849 4107 6265 3987 1600 9462 6826 996 5887 8723 8215 7009 9750 7792 9923 7184 9387 1781 6120 774 7535 4024 1086 2294 6408 5526 8771 503 8618
29 3636 4805 5771 6928 780 7992 3847 4356 8322 7374 7536 3392 5281 4180 4199 6048 4378 8333 5841 6035 1343 2159 50 8685 79 3457 7801 4594 8694
29 4523 9740 3772 4909 8053 3716 8924 7915 2142 4289 7503 1460 5332 6665 639 6998 4838 5154 3880 2490 2628 1107 6694 8363 2478 8830 7997 5204 3232
29 295 9688 2152 8503 4050 1217 7087 4394 1725 925 9771 1002 1128 6137 8338 6448 3869 5493 6827 829 6608 8998 9364 6317 8146 3197 2850 9873 6614
29 1434 9038 256 1614 2145 2401 7361 174 3341 5523 6138 2760 5018 8384 2800 8713 1050 5399 9480 7550 4211 1362 9569 3045 6201 2848 2400 8816 5193
29 9145 8019 5492 2472 5826 4001 6816 3170 8389 1242 5906 822 8721 6829 6414 4488 3418 6725 6083 8 7170 118 9063 1375 3354 7166 953 3444 6148
29 6603 1492 4543 8120 8282 9708 1854 2136 7317 5045 4431 2122 1319 8371 512 7069 2245 6494 8233 4429 1090 757 3577 2383 581 8244 7470 7270 973
29 5500 8653 910 5112 8193 2137 5368 3619 8076 4432 6185 4988 6763 7682 9256 5565 183 7217 1190 3600 7571 723 5184 4108 8247 8750 5845 126 1921
29 6885 2517 5209 3919 7543 8697 8417 4089 8154 6515 2513 7771 2262 3771 7130 3672 6146 3293 5463 6571 5203 423 4265 2405 1981 2105 8402 5851 6575
29 8141 688 1330 108 3268 3536 8368 4358 6750 5100 1226 4127 8035 6721 5581 8908 6714 7365 3754 9801 2605 3726 7987 7717 2248 7968 3970 9607 3595
29 5455 1143 9568 7458 4219 4165 2375 9078 841 7038 1986 4383 7056 2576 4633 9290 2216 595 3162 3967 8600 6047 8169 9221 9759 2904 2380 1397 7326
29 6424 9445 2954 8052 9384 7430 9909 3854 4341 1883 5530 7068 3635 8020 2615 7615 5642 9653 9266 1116 6034 6852 8922 5337 8736 7156 6371 9860 9741
29 7851 3782 1768 667 7985 443 3667 9943 8876 5403 7473 7824 7429 9845 7114 9325 8200 398 1565 913 2816 5339 1328 4105 20 4895 3279 9431 6588
29 660 8607 8740 9459 4926 4250 2295 3871 1549 1427 1852 8815 5834 4601 8148 7018 1828 5614 6964 2449 8729 5141 8388 4705 2862 9023 5489 1367 9478
29 5371 3179 9695 3260 1053 9590 3783 4116 4190 8493 8617 7267 7838 2235 7344 369 2224 884 8367 19 5722 9402 9101 5158 7463 7741 1875 5240 8311
29 9714 3832 7402 2715 9899 4636 1093 1440 3780 4641 7037 7400 1948 4343 8761 6362 9066 8034 7433 8098 9834 4537 876 88 5985 2385 3349 3285 5517
29 8858 8440 4994 3044 9123 5797 6221 2337 3195 2892 3330 54 1698 9414 4128 8732 8707 5567 7168 6875 3564 7954 316 6887 652 990 3474 8631 63
29 3875 9589 9591 6475 2353 2339 132 1322 2917 8483 9760 7213 7007 3893 3441 4230 2593 3085 7208 6064 6700 9369 2117 1930 2938 8895 9018 5988 519
29 4960 7606 4259 4327 1124 8663 8798 9753 8517 7765 3742 7188 116 2743 5606 3137 3740 226 8495 438 7945 6903 2987 7601 5813 2737 1323 7165 3116
29 9180 2297 328 2228 2239 5783 8006 9892 1098 3069 7091 9502 9628 6298 1145 5971 1613 5651 524 3445 8664 9210 1183 9978 8695 8658 7764 6279 6065
29 7937 8394 8399 6463 9454 6767 6779 150 9240 8025 4856 1023 3147 7809 3446 1054 9169 8847 9779 9532 2180 206 898 9953 7604 4841 5789 3570 9577
29 9141 5388 8903 8778 3396 5416 792 8328 4444 8206 6531 3553 6025 5600 9763 5827 8667 9426 9345 8525 1569 242 4296 7523 251 852 6883 7655 6491
29 5482 6791 8166 9352 4710 7980 8970 0 5439 2071 9375 1867 2998 5073 8341 3920 9276 9405 8259 4853 5788 3538 1506 7228 3649 8880 9152 5681 4171
29 9321 3496 3937 4239 2578 8884 4703 9183 9044 2183 5904 5480 9651 4603 6873 2283 4033 17 8016 6270 725 9399 8772 1337 1947 9244 5736 2007 2103
29 4114 1539 416 9408 9129 4628 4093 5850 3711 4900 3110 353 2066 1091 3175 9876 5394 1224 6695 4991 658 7250 9539 2065 1305 6673 9444 4635 3748
29 586 994 5653 1860 6102 4192 9467 2410 9415 1971 391 3407 7237 430 57 7681 6306 5419 4763 1729 155 1208 2824 6534 8994 8776 4268 3188 4131
29 1764 1595 1285 3324 9382 9629 1689 117 8687 5976 995 4028 1934 7288 9299 6453 8867 1973 7961 9965 7749 6066 7967 8174 5275 4913 6776 1315 5107
29 5588 7781 3579 7335 1597 8575 2346 8488 6944 3340 4140 2808 4835 4294 914 2060 8139 4738 4475 6193 7547 1843 459 7595 3014 3583 1697 2804 5723
29 6340 5326 4773 2459 3150 4739 1412 1904 6562 6708 21 4168 2520 1929 3747 6380 4970 1240 9726 9644 2455 3526 3154 9032 8241 9613 1327 2267 6479
29 9351 9443 8434 8875 653 7249 2429 2774 4758 576 1668 2120 2080 4074 1968 6611 8028 4321 490 272 6662 9331 821 3752 1266 5430 9388 3159 9604
29 3592 3209 7251 5895 60 6844 6622 6295 689 7330 4489 9664 4658 2675 965 6545 6384 5003 599 3751 1078 4849 5381 4681 7616 9423 788 9838 2451
29 8849 5535 9202 5153 4200 8250 1750 7296 6793 5277 1643 6460 115 3321 1530 4340 9119 6760 6792 8208 4154 2934 7197 2896 2866 2501 9829 1738 6172
29 4967 4922 8977 8118 5612 504 1300 2748 8641 4363 7522 1709 2076 9160 1771 2872 2312 6050 8537 6247 410 3087 6579 809 3859 9828 4353 6133 722
29 3363 3704 1805 1148 9702 1293 236 6286 3100 9308 8318 4720 4547 1406 6670 7238 2484 3884 6967 2696 6107 6342 5765 640 4936 65 7174 4097 960
29 8595 6488 9257 1862 5263 7180 2840 975 2562 9737 5322 1589 92 7612 9024 4845 5539 8155 424 7366 1008 7092 2865 5560 9112 8731 9786 6061 647
29 3873 2090 8870 1410 8936 3610 466 2331 5312 7097 9842 3273 5411 9389 305 2949 2364 6712 1246 9005 1234 6477 9813 8802 6828 5729 5591 3870 2423
29 8044 8835 9913 659 9076 2701 8865 250 2064 3784 2629 2178 3356 5993 6418 4477 4750 5464 8444 3788 4932 29 6583 1716 8708 3311 5374 3808 6051
29 8057 6668 5528 9930 3811 8549 7910 8264 8541 2280 525 997 2720 8185 9796 611 4492 4103 1286 672 1984 3725 2284 2376 4688 378 6157 6843 7649
29 6781 5325 8952 7244 5910 2126 7375 2744 2983 3176 2260 636 4376 7712 5346 6743 3837 180 3433 3732 4245 6370 6917 6499 7192 7856 8062 4111 4361
29 2851 474 5555 7253 5151 1923 9504 3513 6550 8123 4822 9908 8605 3065 9935 5652 7898 5001 7495 6043 8059 8382 4155 9886 7770 5787 5513 5562 3082
29 2586 5097 9747 3659 6351 2873 6519 3587 5496 7580 8258 6552 2923 9279 7058 254 3574 9070 7943 7241 8570 5814 8739 6769 9805 3092 1473 4419 592
29 9106 5130 5475 3322 3907 4408 2298 6902 9457 8588 7243 6927 3314 9694 7035 4424 2290 762 1471 3485 1463 2377 372 4993 2203 3451 1678 9827 1766
29 1109 2607 3630 8464 6237 9258 930 6409 9851 5763 1526 2153 3686 1467 2342 5775 3650 6724 244 1400 3933 9313 2437 4366 9285 617 5002 4875 1445
29 1472 8961 7475 7060 2930 2801 8569 2232 8036 9126 360 3058 1695 1661 7692 9668 9893 8900 3473 3012 4198 542 9433 5408 8846 4384 120 9404 9600
29 5919 4397 2069 3476 7579 3292 6551 7227 5406 1307 7336 8189 1044 6063 5972 7757 2798 5628 608 5111 2035 9744 2566 1347 3196 6068 8298 1212 6091
29 3491 4349 3051 4650 3954 4286 5166 6393 3724 5293 7409 9780 2842 406 8254 6220 5880 5884 8304 5194 3093 4173 6926 8112 3547 1015 2481 8470 2507
29 8424 773 3899 5472 3707 4677 8727 5396 8005 5028 8131 1292 4379 2682 5006 6841 4051 4541 7732 7403 401 6158 2545 714 3940 4735 4674 2719 6627
29 8709 5801 7439 7969 7575 9549 1131 4478 9619 7671 8628 8159 8956 6878 4598 5409 6376 6946 370 246 8064 1982 5300 4850 3988 4947 4512 655 6422
29 1999 2381 8934 6003 9150 8937 941 3486 2207 7455 8391 8505 7459 8446 1856 1664 3047 7585 2420 2871 1065 9550 1031 1374 5882 6798 1672 1954 4901
29 3187 1846 8971 350 9520 4718 6658 6994 1253 2552 1516 7531 7404 2404 1094 4335 3567 4054 9530 7826 8301 5172 8243 2115 7788 9586 7004 9163 1199
29 1572 377 5903 7982 4715 2775 6411 3556 5168 3865 5592 1206 6018 3390 9091 2185 9513 3596 326 5087 9639 9605 9657 2491 9208 3120 1136 9768 7527
29 175 9718 9441 2876 9268 7621 2609 3203 266 6084 5311 7939 8337 603 9060 8355 7514 4010 1684 9944 7 770 2336 3841 1396 2907 8187 8096 5885
29 8786 7639 4507 3694 6177 4181 3114 6205 4630 3481 168 6224 4295 3778 7586 2278 7155 3602 8973 3428 6605 8521 942 455 8002 7951 4422 4418 4329
29 4804 2713 2000 7384 7116 605 4730 7896 7392 4483 1899 2502 5890 7242 585 3897 3799 4645 3718 5697 4220 4755 4267 8606 6920 4981 2349 6647 2107
29 4071 839 6765 2971 3291 9241 9989 7675 9084 4559 7305 5404 5417 7884 3723 982 4693 7570 705 9521 7786 2575 6560 8788 6356 8596 6320 2134 7264
29 4115 8364 8143 8130 5244 5726 2258 1998 794 734 4665 1182 609 4602 2704 9196 7221 5899 5931 8161 668 3861 7501 4255 4666 5256 371 2952 9895
29 1141 4949 7695 69 8204 7721 8176 9380 9491 2009 1104 4375 5905 8094 895 3344 8614 3325 9920 1970 1432 7263 2374 1538 8117 396 6626 7315 7414
29 1788 8121 8134 5115 2767 9322 2710 2334 5862 5012 9690 6590 4179 8038 2970 5268 1511 4453 9017 9088 9319 4075 1731 8203 7411 574 8784 6173 3227
28 1408 3181 6754 4957 779 5949 9121 9648 8914 2919 4857 5124 5869 6908 3889 3657 6180 1033 3539 3761 2880 8229 8716 9291 9642 7731 1638 7471
28 7653 4662 3575 9042 9627 7667 4858 2450 9059 3683 5192 1908 5441 5848 866 4139 5040 7823 7350 9566 8181 1155 1500 3510 5261 390 7772 1791
28 5057 8545 8026 16 5400 3186 5682 9485 7916 3254 9720 2986 7990 9118 3026 4109 1047 5640 7684 5362 6165 8411 5180 7342 7970 5918 6947 8805
28 8946 5837 1807 7864 7295 5360 3272 2531 5159 8912 2725 8857 7949 3317 1719 2125 2695 4836 2602 8795 4216 8719 9948 9082 486 575 6722 7747
28 3216 9887 8170 3598 2815 6520 9955 4472 4194 2061 7727 686 3124 8963 5800 1052 2697 5692 5708 3029 8091 9722 9819 5677 3936 677 1533 7555
28 3249 3104 7173 8624 9120 9963 1198 2242 9853 8477 2097 8294 4430 6915 8630 4072 9209 9671 4742 3550 3189 9610 9004 3727 2731 4274 282 8964
28 152 2191 5213 1275 1737 9721 8201 7369 4079 6824 2030 7355 9906 5840 3028 96 2708 7181 8300 7067 4939 3591 1669 737 6745 8195 9161 6625
28 4852 596 7380 1822 5585 2166 6566 6446 2477 2955 9526 9993 9216 777 8762 2324 6861 2806 5799 4441 6081 2438 5776 2638 516 5650 1991 5007
28 7313 4494 9743 5669 5148 3118 8834 8478 4575 4158 2867 584 4992 1352 8489 7385 9734 2174 8113 5641 6641 8508 6661 5009 8100 3668 9866 3554
28 4759 7179 4944 5632 1465 4393 2642 9936 22 6276 886 2325 8666 4713 3096 3458 2043 6387 8054 348 4007 284 312 5342 8712 1967 2099 6537
28 934 2698 9361 4279 2186 397 2838 4692 9451 9270 2028 5963 1085 8007 2010 7556 3535 2792 6734 7959 6923 708 3542 9074 2537 2716 8548 711
28 42 7720 2365 1675 1429 589 8754 5457 6535 6606 3228 6999 3121 7509 5716 1122 7081 3790 4653 5754 6880 1455 8965 4959 7518 4872 1211 7996
28 78 1512 446 9219 7867 3851 3917 1368 194 2320 2011 9952 5913 4090 1452 7779 5199 4752 2723 1335 2932 3673 1311 4287 6415 3979 1739 8715
28 9189 4796 1531 6509 8820 15 8634 3651 383 135 2735 2656 9228 4986 557 5978 830 5252 9597 4649 945 4620 6702 9766 7542 8792 7965 511
28 577 7205 3972 9559 5181 1604 7691 3281 8458 871 83 7387 3795 1621 8329 3470 5487 4704 7003 1379 8405 8474 186 3687 5196 4224 6094 2623
28 681 2351 4951 5129 5968 5654 8410 9762 2161 1671 8668 7928 228 1847 1358 8031 7546 613 8199 6381 6070 1687 9198 2964 2505 6074 8619 5410
28 4322 4433 6200 6363 6790 706 675 311 7869 8593 3797 9728 239 5664 475 8610 9295 247 2402 8457 1775 9259 6909 6086 9143 1010 2431 6732
28 7320 3288 656 9632 5999 4867 4795 4734 4545 51 7407 4515 6882 6114 8124 2527 1169 325 1480 9230 5321 8163 8323 5819 7746 1601 6404 2565
28 9014 8669 1556 2169 4249 4933 8564 9583 739 6795 8358 3817 403 6129 1171 5646 101 2910 7964 9269 9843 142 2796 4608 717 7726 7362 5227
28 7277 2765 5966 1590 2141 4983 1487 8718 2403 6256 3863 9332 5611 3199 6228 815 4843 6288 3263 8822 6067 7818 7461 3141 6818 7214 2814 2157
28 9168 7297 1842 2469 3702 6280 704 8873 5401 8040 5350 2887 1933 6508 4368 6282 2341 2070 646 279 1478 2190 4362 6022 2311 7553 6542 1690
28 4473 2086 9075 4535 906 6379 2301 2908 8274 1083 8147 2643 55 6272 7431 4676 5541 6965 9641 8692 1077 2579 6899 2063 8018 491 1313 8683
28 1769 6982 554 1772 229 1681 606 2313 8840 4736 5413 7423 7370 1223 1706 7126 3927 9647 8107 1296 9333 3626 2025 6324 7544 4561 4516 2587
28 138 5383 4807 3855 1558 7728 7412 2674 6163 7024 7328 5550 9618 3502 8871 1382 1225 1231 5572 1940 6118 885 8179 374 2627 1486 9645 5044
28 602 8472 8073 2384 6563 171 8050 9107 926 6268 4497 7645 5162 4218 1353 214 2111 2299 3621 6285 7444 7665 8308 7647 6709 9474 7966 447
28 5262 9692 8710 2012 3405 3411 5857 2021 4193 9153 1683 2826 5200 6291 5426 5746 3814 5393 9867 6132 6297 4569 5873 7505 616 5491 8353 1099
28 7584 1125 3656 5516 5456 1588 5022 7489 6559 4638 8573 8413 3284 7104 210 6629 7206 5098 5468 5923 9357 8342 5575 6797 6932 2902 4714 9882
28 671 1130 6640 1100 2253 6322 9356 6369 5301 9203 6705 7525 4410 9455 3477 3677 8960 2492 8827 2742 579 5753 6751 1714 5110 8582 936 6055
28 4935 1925 68 7744 6516 6753 2622 1302 2846 7304 5412 4290 7072 3010 8135 2581 1673 6326 9701 6333 3509 8635 8632 6077 8081 9927 4586 4063
28 2209 7511 9951 1520 1178 3733 1547 6361 3715 3989 1349 872 8536 6337 2837 6075 2740 6343 1806 9009 1324 4971 3224 4320 5459 8416 2985 6546
28 962 9031 7871 4896 2323 9489 5683 6652 7405 2722 203 1444 2852 673 2220 7307 3971 3193 2164 3000 4029 5710 5140 5294 8979 2008 8151 7908
28 1204 3025 8678 5675 7528 4314 1521 8920 5253 9548 4032 6773 5259 3974 5191 7763 5187 5816 2112 4159 6126 3990 9945 5996 7164 2067 2969 3529
28 8551 3492 8027 7552 8530 5542 3225 3420 1895 4396 6357 9703 865 6176 1137 4815 2727 4648 8868 9171 2347 1153 1811 4369 77 5054 3218 202
28 2378 1191 5886 5553 6815 5307 3479 1194 3802 7664 8677 258 1489 805 6433 6644 4232 3824 7832 9807 1157 6733 9661 7052 1762 5734 8589 8753
28 3902 2854 7183 3867 9754 1430 6007 9975 3037 1118 7209 359 832 1418 2424 9122 8401 7231 9730 1757 1755 7594 6273 4407 6327 3421 7926 6656
28 4077 4501 9756 5377 1421 3755 7061 6215 9327 1317 1435 9871 781 2944 4157 4434 52 4085 4842 260 867 9649 7252 6293 9576 6184 2829 6480
28 2652 8183 6151 7449 1380 289 5348 4387 1603 3648 3280 2255 916 8142 1142 3662 4800 6039 6195 5164 6913 9603 3947 6713 509 9991 3062 5392
28 5233 280 7031 4717 5333 7144 2096 5303 87 1676 8067 8967 5830 9501 8348 2326 1117 4534 3569 3690 6514 8014 2553 37 8637 321 9971 5473
28 6423 159 7329 6092 9612 2992 4722 6747 1759 1693 753 8813 2900 1744 2845 9424 6621 5236 3822 9897 1513 9379 8160 1685 4271 6303 6960 977
28 7883 5557 6461 9933 9139 8108 1592 435 6162 9442 532 2647 2408 1188 2549 3437 2292 3327 3776 776 3115 9305 6139 6260 8782 9748 4897 7775
28 9111 1691 9131 429 4123 791 7065 4395 8642 4520 8213 5083 9739 5808 4669 8926 4438 1640 7357 8312 797 5518 1974 4593 7617 1446 3366 9354
28 1587 352 5865 8733 3367 5 6634 9172 8441 8238 4782 5701 9311 680 559 9616 7630 2488 6900 1649 2222 3070 8929 9557 9788 4380 7839 6135
28 3153 5336 8415 874 4476 2101 4514 4809 425 6097 8499 3982 3095 4098 3063 4146 7912 4706 6527 9711 2486 8359 6501 6907 7396 8305 1150 7899
28 8039 9662 8850 9797 4976 220 8093 4273 4938 3388 9035 6098 6178 3568 3786 3102 5447 8041 4604 4778 1605 1274 6981 8555 7413 7089 5021 5561
28 9284 6980 4088 4217 432 8266 7299 2687 5969 9317 5951 642 3241 9 1552 3400 6204 6124 7333 6987 4675 4810 4336 7524 4615 3207 3468 4014
28 2648 4474 4568 3201 5226 9773 5167 8463 9338 6847 161 6976 6367 6484 153 9598 5295 7210 5986 9614 921 1658 7073 2427 8935 6311 3633 9192
28 3831 9248 6857 5247 7109 6242 8913 5639 1609 9883 9482 7873 237 339 7012 8373 193 2333 9749 9199 3658 366 607 3998 1227 8953 4962 98
28 6096 1573 2649 2305 9640 4639 1344 499 7483 2511 2547 6954 1244 877 7882 8982 2564 2660 3142 2827 3032 6592 8706 6431 1393 1385 3826 3555
28 6950 6543 49 1700 2747 515 703 9133 9149 6037 8260 6814 6206 3807 3152 7200 3409 2087 772 4770 1722 7169 4012 8032 9934 8060 7424 3021
28 3922 1038 1021 1976 2841 7679 3300 8673 4004 7450 6263 300 8538 8015 3461 9570 9140 1780 6232 1180 1534 1953 5709 3351 2709 4954 1184 6942
28 8099 9136 5721 6474 5598 4587 43 6389 3018 2595 9500 7282 7877 8066 5767 6539 7622 2690 2271 4711 7565 5452 8836 9069 6059 103 7123 1778
28 9211 5467 8080 8625 7416 9678 8012 4642 356 3508 6033 4344 9833 1046 1504 9283 4106 1950 7314 6525 3617 506 7619 8527 4973 2959 4866 3071
28 9581 9213 2813 7481 2051 5051 216 2738 2281 3487 6856 8350 2033 9844 6741 4373 4496 2447 1563 9125 6401 8428 3483 197 1333 1071 7322 1235
28 7914 2550 4765 1051 2343 2218 8494 7960 7680 3908 2590 2370 1126 2657 6502 6698 5248 2133 4911 8856 7193 146 349 3848 7991 166 2075 2217
28 7633 3169 6294 6889 6556 9777 6710 9395 8680 1039 6225 6454 8722 6044 6156 1496 2432 6249 6054 454 1902 8126 1443 894 415 5092 950 2661
28 9888 3247 6819 2244 82 8966 91 4454 9994 6690 1493 1389 2316 143 2981 6134 6953 440 4618 7098 7548 4729 5225 1786 6533 9422 5178 5644
28 8544 436 8565 9052 7232 1969 9803 4524 7993 1020 2891 1630 9250 7623 6483 3287 7437 303 7373 742 8030 8065 7139 1594 1543 6823 6332 5836
28 9872 23 4751 3914 3764 9915 3033 8001 5861 400 4460 2913 331 3269 1667 2187 4525 2899 7479 5676 6831 9146 4319 818 573 7900 4502 1773
28 4466 405 5476 3746 3671 7865 6427 1944 7693 1248 8760 6997 8752 9448 4365 2287 9525 4305 9085 2127 5762 9013 5234 6838 641 9071 7921 8479
28 2996 8504 7011 5349 5005 1913 3804 4048 8398 4095 6609 5292 510 3585 9552 7196 6768 1910 8674 7646 3624 3572 9905 3219 8068 3308 3868 1596
28 1574 4303 3460 8745 1267 785 4673 9350 7755 5879 5597 9964 3246 2967 2540 7795 618 6526 8230 4899 7420 2317 5589 9124 3938 4590 4354 3876
28 929 9850 3027 6234 404 2912 5125 8741 1121 6344 6171 6145 2314 1761 1413 5695 9683 5389 7783 6949 7057 4242 8302 2667 7791 3652 3956 6730
28 666 3632 5197 7698 879 6481 319 8022 5802 1792 7036 3631 6612 1642 2939 3616 3928 5957 6863 7325 6071 6840 8838 121 7100 9080 4556 7774
28 4801 6897 7496 6756 9428 9097 4221 5784 1620 1692 5329 4582 9303 2632 4551 6968 8720 507 3244 7372 7434 9849 7512 5660 7386 9765 8290 7886
28 957 275 1704 2037 9273 6822 851 9182 943 8150 3379 8755 6719 5330 3801 4756 6104 4404 4187 1510 3874 4427 8188 2927 9900 8893 696 6017
28 7901 1425 2524 8833 9772 53 5435 380 6230 7876 715 2184 1303 6945 6450 8129 5958 6689 5927 4513 329 9972 1297 2250 6506 4600 1522 5674
28 1808 3076 8286 4442 4126 2279 7239 800 9990 6015 3925 2116 5438 58 3271 6451 7676 7808 5750 3217 7497 8408 7101 3800 9517 5280 2670 6121
28 7576 3505 9506 460 462 9391 4486 1735 980 9818 4941 2355 5198 7290 5067 8283 9427 2113 6789 7640 959 8456 9508 1728 9148 2911 1928 4821
28 4830 5944 1067 5310 3323 408 9961 7356 720 4792 8089 6238 3819 863 7167 958 645 7813 4595 853 4920 3739 2597 7868 1958 7246 9650 3436
28 4078 1312 7694 9224 3177 8954 8375 7278 8528 6329 6069 644 6581 8925 1392 9214 5590 5989 3414 5267 8785 1202 1318 4884 2275 501 7474 6088
28 7426 9997 4238 3698 8471 6016 2129 6744 2961 7709 1092 3453 3456 8334 4276 9617 4149 7143 9758 8825 1949 6679 1718 4008 2567 8959 5050 9802
28 3590 7343 5077 7230 7790 7773 3949 4452 5570 7651 9917 2188 1459 7663 2671 2193 6807 1845 535 4663 315 7892 5341 2926 4412 4197 6737 4871
28 1415 811 128 8885 2966 3238 456 1433 7046 1259 9173 310 9655 5761 6398 8288 56 1581 483 3077 5961 3002 3688 4746 9705 3168 2781 212
28 1717 3235 6992 6459 5940 7957 1865 6738 6300 893 8369 1069 4402 2500 6696 981 7803 4191 2592 176 4308 7905 9335 4297 5725 6988 2786 4625
28 7324 6671 5136 8547 1080 2221 6267 8620 3234 3212 5533 301 4215 3759 1517 4112 4470 1584 4861 165 5902 2089 2612 5402 7280 9398 8945 9556
28 2805 9727 8492 2252 3139 5144 6341 3480 3770 1089 1688 9051 3360 6406 3514 1713 9659 3046 9144 8767 4234 6467 9450 978 5549 1655 7903 7260
28 746 9538 498 2003 1758 1441 7359 674 5769 5407 4178 2935 6352 3393 4761 7888 2692 8804 9016 5288 162 6316 7480 7618 5805 3328 2594 4690
28 3611 7487 8513 1926 2395 5867 7800 9939 9781 7462 4504 1585 3488 2973 533 274 2309 7425 3031 8380 4073 9449 1900 3729 9579 4237 9188 2406
28 7735 8730 8781 9019 7367 1257 1238 2794 7931 7670 1309 6582 7312 2413 838 1221 6334 5272 1291 3792 5743 3221 5155 754 8409 1022 870 2783
28 1377 7708 5206 2042 2013 8046 8746 2238 9006 1980 546 7830 1490 1829 7491 1488 6884 3594 4372 7507 3793 8202 9348 1790 6503 1288 2556 7820
28 4189 2202 336 2399 5258 9027 9665 3647 3500 5133 5509 76 8352 5427 5104 733 6758 8116 1803 9026 6144 9468 5981 3237 4228 9452 9100 5273
28 5835 7539 4660 1756 4697 2024 6616 7240 4831 4652 2522 911 6368 4161 2114 9050 8226 1502 9473 495 5264 8287 7897 3842 9947 4680 5029 2582
28 4974 766 5740 9286 6073 1283 8756 1174 8848 2243 7032 1214 1650 7043 1662 4280 2110 4261 2344 864 136 9318 195 8823 1404 7938 6189 6246
28 2823 7918 6778 1442 1554 6794 3573 1258 2233 4334 3743 8907 9370 2645 2348 2757 9999 2929 7093 9396 4022 137 9977 2812 1765 5161 3769 4364
28 3815 626 2418 968 421 5229 1243 3439 3158 8603 5096 9821 6115 3034 8560 9400 6396 8023 631 5630 458 2421 8690 3369 192 3653 4956 277
28 4760 6796 1066 8949 5117 167 6990 5177 7142 9889 7131 6813 8512 4045 5732 7124 9674 7292 9676 5338 6645 7452 7220 2046 6002 8918 4881 5065
28 3860 2496 6888 2140 627 73 8958 9461 3777 9274 4293 9677 2121 989 7493 3370 5484 812 3773 1394 129 2669 3586 9667 6447 5471 7537 7063
28 1386 4066 5511 4311 2147 6868 7605 5390 685 1301 9545 8892 7846 9261 1726 492 6617 4847 8331 1992 7530 9859 3910 8520 1474 9687 4775 5987
28 9890 5613 9236 3278 4910 7668 7349 888 8262 2646 3892 2382 954 5909 4637 9312 8029 8313 9083 4142 4558 1646 7998 7074 4479 3148 7885 7540
28 4980 9447 7529 850 6000 1787 1542 3243 8469 6860 2100 1880 8435 1879 4851 6594 4740 9567 8379 6558 1384 5735 9903 9524 621 8272 6235 2155
28 2672 9243 1746 9785 4144 4309 184 6419 7202 6385 4921 67 5108 6060 9177 4027 8972 241 9611 3395 9265 1570 3838 7683 5344 2487 8774 1993
28 2414 846 8017 2195 5574 6464 8968 8249 1326 6697 3277 5998 6646 8842 3941 6432 4164 2229 1591 5929 3966 2503 5286 3112 439 2999 5481 3375
28 5062 9288 2005 2396 1390 4817 5188 8423 4003 5490 9815 8347 2416 2903 920 5505 386 4070 2131 9746 9938 5437 464 8535 7152 448 2532 7187
28 2265 3628 1779 130 2914 6255 3205 484 437 1360 1419 4914 7701 6996 4471 5737 9103 3088 2460 1844 9638 2875 1857 8777 9134 2881 3957 4747
28 13 9498 1186 3932 338 3049 8791 2433 5090 7268 4945 3563 71 7973 8796 8688 211 4654 3248 1273 7302 8079 1841 1254 4820 2189 6974 8114
28 7256 523 271 6961 9751 3267 164 9310 5757 4929 2928 1172 5847 9411 4167 802 6353 3432 992 7716 4528 9176 4326 8747 2718 4699 8412 8351
28 3123 8152 6046 4480 4834 8681 6676 7840 9798 6711 8889 7432 1972 5122 1409 8175 2972 536 8056 3900 7904 2074 5039 6943 2094 3226 7593 7364
28 4661 2583 736 1835 1241 1612 33 209 1081 5687 3484 6674 4092 3377 604 8190 2419 9998 8947 6870 707 293 3374 3157 426 3522 4791 496
28 4574 3775 5917 3866 6283 8072 590 901 2542 6666 6820 2020 5854 6749 5752 3978 7834 5131 3973 7825 6031 3521 7666 9065 4702 2516 3381 9969
28 8948 7337 1113 2769 9033 3318 1009 3520 550 3774 3546 8335 2017 9824 245 7515 5013 7189 72 4464 364 1529 7799 7551 6921 2544 4540 1990
28 5645 1271 810 8890 9484 8651 7891 5875 8874 7135 70 5169 3879 9010 2739 9830 7999 1732 7447 104 4041 1827 2978 7457 6660 5926 5365 4978
28 4052 4246 6623 4917 6869 8421 2770 2499 2039 6472 6893 4869 7989 729 3108 5546 955 4609 7762 1230 3924 5221 4908 8672 253 8024 119 9914
28 9371 27 5069 7516 8237 4104 2673 1420 6236 1680 4844 7983 7340 6757 2869 2034 505 8269 9875 6549 6834 6254 6541 4450 2093 9916 4256 6596
28 395 7186 5914 9606 6313 7381 8320 6979 848 4272 4130 8106 1280 3806 1461 4727 2445 1450 2362 3789 1703 2476 5380 9170 9679 3758 6524 7368
28 1965 3929 8592 7026 1890 8462 3741 2158 2179 7415 5175 8144 9490 5450 7656 8295 4610 905 8997 4606 2773 7567 828 9020 638 587 6650 9558
28 8267 6770 9492 4046 8445 4053 7538 3830 4247 323 3402 741 7247 861 8621 5758 1848 2321 268 5469 9715 7562 7754 5946 2054 7789 5897 9343
28 2636 7216 915 9811 6504 3332 9394 5296 9531 9254 8253 4212 600 8255 7953 4819 5242 8119 2726 8524 4536 1018 1633 9277 6136 1464 5361 6216
28 4764 1247 8297 6936 9790 738 7464 4315 6553 4542 5304 4892 7589 9381 1636 938 3004 5357 7262 3397 1475 5872 2434 4042 6153 2616 3202 9837
28 7006 7030 2604 5128 5460 555 3090 6971 2601 9376 4728 1915 5579 1103 9359 5662 5081 538 8459 7051 727 217 8742 6339 6867 8225 9841 7348
28 862 6347 89 5461 2906 6580 1160 3489 4457 1545 1647 9072 5894 1314 9595 4113 1088 8684 9511 3915 5414 1501 8902 2721 9710 9723 4832 7534
28 7609 5595 9251 2526 4716 2519 5637 1525 3156 8122 4243 3310 3435 9185 2032 7558 4570 9709 2941 2515 469 8531 1277 4531 6013 4518 1559 3006
28 5030 5583 502 5751 2168 949 3541 2613 3185 4888 1724 7076 4132 4578 3463 3067 5239 5415 5139 8086 8069 6517 6799 2618 1361 6762 3038 9510
28 8407 6683 6093 6925 3442 7607 173 7541 7629 3565 1708 2610 2019 2817 9729 7378 335 5672 9239 2023 1814 8075 8510 8779 8218 2041 8514 7049
28 2182 476 7358 5116 5182 9165 4069 6274 4229 257 5964 5282 9043 2534 6692 6786 1918 6110 7632 7797 1528 3309 661 8522 6169 9113 8583 8314
28 5777 612 1924 8049 2535 5990 3019 1932 1839 7784 8245 7958 4825 5839 5804 4839 1376 3408 1823 8705 9541 8888 3424 5615 3993 9505 5635 8009
28 9446 3482 5564 8841 3164 4082 7028 8649 902 4691 2924 8552 2465 9367 9326 8759 3013 744 8671 9028 4626 3676 8393 1951 2510 6028 6240 1185
28 3256 5241 9940 8906 3009 4030 2608 4672 6328 5508 3506 5291 8989 6253 9547 5378 5741 2700 8303 9226 1355 8157 3447 5515 731 2357 836 8670
28 9340 9992 4481 3762 931 4304 9565 2409 4413 363 6574 5694 5080 1721 99 4207 8336 8587 4894 4972 9245 5992 1005 1812 7810 4698 7697 7134
28 6845 553 2855 1499 4195 7158 6859 3934 9554 313 9970 39 6082 1294 6426 7909 3043 8626 8198 5271 8361 3133 7440 5702 2514 4352 9968 4712
28 2417 4338 4996 3350 5829 6485 2918 106 9231 9093 4732 4266 3849 8886 2982 5622 4780 1578 2045 5891 3750 7895 1527 6325 6360 7843 7654 7341
28 102 1035 8969 9130 9974 8526 4313 3430 9425 4647 452 140 4599 7962 5477 1887 1161 6045 4451 122 1200 9486 5232 5538 2170 9164 3901 9941
28 3581 4392 6959 9884 1210 221 1593 243 4885 7812 1158 5000 5974 6892 7725 3343 5037 2886 4499 8473 4102 8951 752 5764 7050 1079 8539 7559
28 9328 3665 8851 9592 3992 1740 7598 7927 5278 833 8153 4284 7620 1936 7844 8168 3895 9487 4719 6023 1388 1989 6241 1237 9563 1369 4585 6405
28 1641 9791 928 7020 2752 5714 6866 4950 6572 8944 8878 5770 2818 6457 270 5479 2945 1336 9518 6529 1438 8449 3257 889 7106 8916 8387 697
28 9215 8590 6595 2940 7625 8991 1770 2679 6331 3545 3494 6585 7157 4925 2006 1819 1537 5340 6307 4269 4709 2363 8985 3450 749 1615 6498 2494
28 2711 8983 6664 1278 1562 5883 8285 5315 5369 1207 3986 5818 2390 4748 7088 4080 7500 8396 8839 4876 1987 3613 2483 9034 4995 6397 6842 6301
28 8372 6597 5938 9804 663 5318 6299 9880 3912 3398 4533 223 3368 5015 9453 4934 904 7064 2650 5494 9062 4342 2953 1995 1119 8941 6269 1177
28 3075 5008 1491 2736 5713 6985 5670 7561 409 5070 7925 7059 567 3700 4317 7778 64 2839 7963 8048 6259 6801 7734 4664 5569 2345 7850 9982
28 1833 6154 34 3264 6278 8992 5916 2950 3654 8013 5440 2946 6187 2082 7310 388 6079 5554 6775 9386 2002 7659 7287 4927 2819 4552 6149 1793
28 9413 2864 665 8438 5680 5478 4828 8506 3215 5121 3315 1163 428 8137 1063 5982 8210 6678 4439 5602 9684 6636 2883 9025 3959 8487 2493 1868
28 7855 6687 4214 961 3845 7637 6167 8828 5146 9363 9368 3721 5024 782 7831 8860 3890 912 1619 8662 1251 2199 932 1287 843 5618 8132 7911
28 3171 9826 3501 1417 3 7974 5228 107 9314 4958 6914 6378 2606 2893 4120 6226 6403 4035 9693 6349 4013 5824 823 1470 1939 3962 1484 5690
28 2198 8432 2836 7351 3391 9874 7777 6764 2303 7419 4435 3434 5691 9672 6624 1736 3204 7079 3945 5563 9114 8252 7486 235 6181 9987 5953 1298
28 90 1424 3471 9128 873 6027 956 9437 5074 615 7776 2948 683 4617 5727 86 2485 444 1252 3475 7269 5025 8556 2559 6704 9003 966 9770
28 2452 6001 191 8872 9752 1042 5863 8263 6296 4163 1228 8939 1796 918 6904 4614 263 8420 4023 4725 890 6089 5657 1957 196 7319 2634 8898
28 4616 7222 2263 7724 1961 1994 9223 5163 4446 5059 8862 8976 6993 4160 9931 1536 6518 8480 9337 748 8173 9377 1978 4490 3663 6513 561 7887
28 6229 8447 854 4824 9816 610 5079 5376 2843 2802 4064 123 9280 2056 5202 1456 9419 6739 2662 7780 433 7204 8045 2328 2523 8891 9697 7756
28 6956 286 544 9079 8765 5610 5925 8251 4640 7815 9976 5699 9365 3382 5718 3886 8843 1213 3714 8452 346 4484 6593 7644 1798 6881 4345 7936
28 8246 6720 8481 5534 6922 2677 6105 6212 204 2558 9090 9116 4930 231 8475 1832 4522 3125 6839 4731 7303 9108 10 859 6783 4998 5779 8194
28 4141 4989 5185 3172 3898 7176 9864 4134 8700 6364 4544 3020 3926 7696 7102 3129 3319 755 3089 1356 7198 4462 9301 1576 7738 3840 1350 233
28 2563 6785 4318 1809 2201 4567 771 1888 7105 4241 5064 6449 9287 4288 623 6565 7591 4865 5078 5625 6108 8485 6619 8058 9001 556 9403 8465
28 9858 8128 7611 9039 979 208 8609 4205 3167 5382 4818 8832 709 6345 751 4955 297 3276 5778 4208 9275 5358 4468 2990 5559 3345 8092 3386
28 6891 6425 7331 896 1644 9856 4137 177 4889 3850 5420 545 858 2165 693 1571 2568 5150 4086 3365 5004 9374 5120 4961 1629 5507 3580 1651
28 4768 2795 5794 9378 3050 81 7878 4953 670 1290 6287 2857 9769 5093 9716 3250 4482 5495 6127 4508 9206 8344 2340 7125 6159 4683 6564 7215
28 6669 3551 7014 3126 5436 7185 5433 4083 7045 6715 5647 3490 8332 213 4414 9852 649 248 6505 3738 6855 7687 2392 3493 1937 7817 3106 537
28 6808 1364 563 4436 6718 62 630 1299 8728 6412 9593 2780 799 5027 48 8051 5825 1623 8608 3178 5143 7600 6289 4584 5870 8484 7194 1627
28 1359 4632 4067 3373 2085 1165 4597 6615 1797 8794 3286 8769 6010 125 4855 9564 7438 7103 6736 3097 9775 1232 8647 6251 3717 8228 1345 7502
28 654 8468 2557 4006 8063 7203 385 9393 4174 5603 4519 3846 2877 3003 8787 6119 8310 4812 4016 4330 4859 1628 4979 1580 1509 9438 7805 9527
28 4634 5939 1407 3682 8074 4553 964 5512 5434 7190 972 798 3011 7346 7924 2475 834 8082 3255 6346 3206 4000 2109 8219 2712 24 3305 9481
28 1660 4701 417 8324 5658 8726 8679 141 4325 3105 7284 5488 9068 5833 3684 6607 9021 7975 7127 9142 9298 9691 7048 2261 8559 9904 824 3048
28 7794 8406 4803 6150 2212 1236 1340 9495 4799 5397 9012 1524 2092 5265 30 5026 6905 4299 875 3357 786 3823 695 9924 9542 8501 5418 4977
28 8085 5041 1014 5696 1448 6554 2868 2247 6160 413 881 9855 9278 7588 4351 9757 650 2702 9896 7504 1922 6101 5445 7453 891 7261 6639 2678
