29 6975 9095 1558 9636 1197 3500 2931 9356 2020 7698 5514 3563 7521 5087 6108 5199 7043 6457 414 9405 4557 3810 2915 5317 4729 8582 7152 6843 6217
29 3171 5058 7777 3693 4391 9380 60 40 8492 2450 4153 6182 9287 5384 8604 5407 70 3789 9266 7504 2740 4554 3475 8556 8229 9744 8247 9023 9895
29 6190 3590 5934 1846 4797 8666 1493 4314 1679 8341 3050 7016 1671 4736 4332 4301 9367 921 1812 5733 3561 8126 9691 2926 9138 5551 1765 2134 2804
29 8346 6778 7485 947 6359 5153 9492 8256 4833 8821 8572 300 6188 8942 1416 6159 7317 6233 1513 6726 6717 4609 5774 8510 1200 2476 6179 8986 6656
29 2182 684 5467 6410 3429 8797 7227 1676 2573 7291 225 1736 3484 8944 9842 7209 162 4695 1537 32 9962 7263 6120 217 6561 5753 6688 7396 1235
29 4757 2265 596 8840 3694 6433 7670 7773 1799 2725 3324 3722 1214 7167 5355 2824 7466 3137 933 1047 4510 9569 1041 3840 5823 9783 9866 7697 2620
29 3417 9190 2140 9806 5898 3460 4074 7219 8083 1792 1260 6328 8149 998 6649 3271 6907 3424 8803 8402 651 1771 4445 1287 75 9958 4419 6241 7947
29 281 4145 8222 9309 1049 5542 2955 3264 3397 2040 8370 8865 1895 925 8448 6178 5625 1616 6349 7377 7959 8764 1979 5755 8830 2302 4600 2267 9882
29 6754 7397 9540 7680 3507 7572 5968 7111 1644 2350 4862 6268 7400 748 8825 7392 6008 8690 471 7211 7231 5447 7391 9305 3652 3015 8656 9099 8385
29 8027 1330 5084 3405 630 3811 1437 9699 2286 8352 4975 7706 2722 6609 7122 3615 5054 8955 269 4813 5187 6469 860 809 9433 4821 4586 2952 2254
29 8833 9157 569 1236 5499 9654 7830 190 5416 2053 7866 5658 5000 3747 2262 7429 7990 6132 9976 29 3255 549 2089 7170 857 2473 8945 973 655
29 8948 9131 929 2293 2474 9051 3541 4090 4504 3400 2552 9672 425 1530 3393 7409 7440 2495 6608 6346 1480 9132 7797 8739 1601 4441 3451 5707 5836
29 8339 7009 9267 6459 4436 1743 258 2253 5096 2843 6286 3458 7200 1726 7415 5661 6672 4761 2741 6127 7714 8420 2081 7808 7092 6558 1115 2497 6942
29 4182 3320 7173 5151 7481 2989 9179 1624 6794 2674 2138 6927 6945 6018 5579 2902 1321 6199 7225 9357 9177 7975 2669 6529 5765 6356 5025 3859 4171
29 207 6657 1204 3573 4356 393 9231 73 5460 8920 1376 5133 590 9981 6784 1852 6915 4420 3552 6788 6873 6637 7627 426 7631 3163 1653 1323 4901
29 3060 7151 3051 7061 1598 6471 7969 7295 6452 2940 7309 4457 7259 585 1012 22 6941 9993 1538 321 8744 1 6527 6052 976 646 2530 2268 7264
29 288 9054 4773 7361 177 5903 3385 2154 5219 4027 6523 3685 5778 9016 7600 5894 3319 1894 7785 3261 9786 3895 8525 1284 845 3943 4271 3483 3227
29 3452 1639 793 67 682 3744 6395 8958 450 5530 4394 7437 1409 6586 440 6072 709 8538 847 2333 7665 242 463 3607 9535 9573 5593 3642 5562
29 8980 8471 9302 9329 2614 7007 9081 5228 1058 9612 7473 8391 2409 5746 7824 3418 3933 7854 6741 2761 4242 5231 8037 2904 5286 8533 8354 3366 8898
29 4474 9446 6845 2841 3704 4553 8518 5122 7249 4292 4663 5224 4727 7039 9950 6513 8489 1418 2724 5484 2420 3650 1710 4783 1801 2094 1501 9838 5033
29 5262 3951 8085 5461 2289 3844 6979 4472 6959 7416 7305 2415 5880 9056 6924 3144 25 8379 339 3542 9847 8199 8071 6894 3736 9873 2969 7649 4539
29 9200 9884 7011 6474 3350 2756 1420 9792 6331 7239 8601 9835 7407 1206 8313 4748 1132 9167 5361 4851 9801 9109 8077 3092 3760 4138 7456 4188 3748
29 1415 1797 6864 5984 3283 5668 956 7257 1590 5105 7150 6365 3033 3238 5622 160 1356 8323 6577 2326 3842 3602 4721 8188 6598 1984 4635 4875 6422
29 1577 8798 8073 1600 8793 6237 6648 359 8602 2142 8871 5691 6418 9618 9040 6195 8703 7517 4731 1372 2667 3084 4893 8587 2688 9510 4913 9343 4329
29 701 5865 1772 3853 8949 4530 1413 4817 6003 5457 8741 703 958 3890 7499 4128 7472 3477 6780 981 5521 5660 3354 9563 2544 3438 3918 3381 1921
29 3153 6409 3866 1003 3680 9816 2330 3455 3983 1698 5348 6904 1314 4295 5976 5983 1563 1176 4070 978 591 1664 8062 4877 6184 5107 4646 6189 722
29 188 152 5742 4476 4152 4264 8755 3368 4822 4179 216 2176 1715 355 9407 3700 967 9156 3088 1856 2668 1224 4854 7220 2936 1543 267 2507 7414
29 1788 3164 8728 1674 1238 4983 8626 350 3481 5404 153 9893 8941 9108 7479 6206 376 2175 3805 2402 4463 5089 7622 7003 9074 9580 7837 7228 8694
29 3782 4393 1271 8766 3201 3898 6973 6419 4808 9935 5073 39 6341 1934 2077 3251 7071 6679 9480 2695 641 3645 2545 7089 9474 2159 6533 5609 3634
29 7324 2228 4710 479 1417 1910 4278 66 5477 664 6030 4101 6205 8988 9232 1713 1161 6478 8291 6377 2979 6645 2291 5644 6733 1227 1626 7315 4712
29 8450 2758 6267 851 9675 3686 1249 515 5163 1078 4603 5974 6223 1156 3718 1850 2919 6734 6070 2115 3591 7628 4528 4847 2571 5814 503 9971 2107
28 2874 1032 9762 213 1767 4183 5066 3114 6102 3340 3439 5183 5002 8868 9425 2318 7734 9800 7923 1594 8393 4861 444 7010 5709 4255 1350 5845
28 6600 8404 8264 8968 4638 8289 3380 615 2629 6874 9092 5594 2066 6802 6375 8137 4142 1731 2067 9709 4911 5695 4605 7624 2336 543 77 5859
28 5360 1380 8237 2373 4229 4573 7543 1220 7529 5020 8775 1625 4575 133 2660 8844 5449 9206 109 2192 4704 3521 9430 6335 4644 7977 7874 9418
28 2417 2395 7598 2858 4867 141 4239 3364 512 1905 1872 1301 844 7952 9575 1774 7766 3955 6350 8574 312 922 6702 5391 8508 1008 4235 6088
28 8653 2096 9038 7382 9632 7030 2039 2826 2403 6622 3487 6868 6385 9491 8860 7880 2986 7398 1033 4781 5728 4359 8200 2691 9788 105 3141 7655
28 1595 2198 6155 6563 2546 7724 2116 1128 1519 4792 5093 5536 2937 980 4997 9560 9554 4856 3097 2369 176 6074 1586 2259 5897 2063 1500 3529
28 1711 743 6785 8426 5952 3205 7988 841 2305 8885 4084 2610 4758 9421 3001 1391 7846 178 8303 6777 4475 1686 3941 3676 9765 3999 7718 5725
28 6603 8189 8781 7728 2920 8053 3891 3228 2642 2389 8855 8757 1101 7783 9793 6938 6813 6829 9062 7301 4505 7051 5283 263 1950 8270 8880 7852
28 4759 5057 5053 5585 9732 4627 1896 9892 8710 2949 3146 5748 1083 8459 2972 2179 3894 2973 8096 1633 165 607 4522 222 8395 4026 8241 9613
28 5832 405 6215 8184 5383 2298 848 6615 6998 3079 5648 5682 1006 1478 9169 6786 7732 533 8449 6986 8785 2856 892 2065 4987 8157 6579 6404
28 2930 9898 2771 4248 26 2890 1210 161 1460 6768 7109 9477 7118 9728 5556 4492 6899 210 5813 2763 3622 840 890 9294 2861 5161 3661 1916
28 6152 1152 6275 4994 6618 5237 8417 4423 8284 1702 8421 4124 8308 6119 1804 2641 9521 1945 4496 3824 8414 5038 8811 7093 2567 5288 9346 6511
28 477 5911 5244 5181 5861 7563 4194 2557 7202 1280 8593 3981 8993 6352 4950 1729 3631 7788 6841 9652 752 6095 7889 774 3447 5009 1464 6745
28 4974 3855 7605 336 3845 3932 3391 6893 332 9597 5839 9355 8973 699 547 2883 7905 1570 14 1982 2356 5017 2277 1481 9449 8731 9065 8909
28 9861 3991 1130 5524 474 8004 2963 5159 9515 6554 2677 1304 5099 784 5522 5026 9693 7300 6604 4042 5928 821 4196 9697 5019 519 65 1503
28 7883 434 4454 9760 9263 5350 34 8296 4443 5016 8486 2100 3100 1709 4565 8348 6386 9905 5152 884 3414 7048 7859 2553 1155 4268 8060 6614
28 3155 3922 7105 5147 4415 8575 59 5314 5857 189 7552 4053 5137 9368 9050 9833 7308 1699 5571 4843 3593 2839 556 9307 1455 9805 9383 2345
28 4632 8995 5713 5167 200 4754 9437 9595 2535 2815 1039 2757 4859 180 3558 9533 6465 2283 8608 4601 8101 454 9197 3959 7965 4895 1090 3161
28 9940 1996 2401 568 7014 4650 2525 975 2840 4004 4110 435 5124 8883 4028 1056 2808 9021 1811 5628 8259 7210 2363 5933 7818 4625 6602 6121
28 2524 4341 2482 6925 5956 5631 4018 8634 609 9531 8509 3094 3045 4489 8616 3382 6470 97 9901 2206 9953 742 9259 7360 4702 8376 3232 3653
28 5171 5082 4126 487 5148 4579 4201 9365 6427 3306 4931 2909 1137 1479 5581 9929 2348 8560 9579 7758 1154 7848 5039 869 3101 2783 7215 7868
28 8440 3122 4751 5545 1138 4151 9417 1948 8380 7676 9008 1233 9854 5080 7099 3986 3254 2987 9839 7831 2421 4000 4998 1881 2271 9541 8165 7049
28 1359 78 1038 4535 4236 3777 170 1742 4795 489 5935 4470 4109 6758 4199 9852 1094 3514 2692 298 7194 4865 8452 9509 2985 4725 8470 451
28 8709 3249 3647 465 8991 3476 2044 58 3790 5817 4465 2247 5013 3536 9642 5078 668 7033 9101 9726 843 5958 8333 880 9555 8964 4965 1385
28 1442 7115 7575 2785 2343 9887 3326 4238 6036 1725 3398 1517 8917 560 8999 4285 278 3727 9566 2898 9230 2128 7269 2938 3829 2095 3725 4592
28 4694 5997 1898 4896 1818 1677 7421 6611 6238 7765 7873 4945 9303 4178 5138 8283 6466 1397 4225 6226 8758 1922 6792 9676 5234 1065 2374 3995
28 1756 7439 7528 6112 3167 1585 3724 9685 7591 6651 1167 7129 8040 4434 1524 9493 54 6083 3109 1605 6963 1727 5558 6417 8359 6064 7936 3071
28 1408 1067 5390 7047 8249 8870 3735 3533 4784 4903 8809 6084 7761 4958 5067 2776 8405 5678 1091 8408 1511 6685 206 6755 6835 2612 1345 2104
28 9561 9454 6971 7611 8820 3764 9915 540 7163 6093 1759 4898 9339 5694 6126 4424 488 3200 370 3294 3351 5924 9724 3457 3248 9649 3848 6654
28 6796 7752 6844 2313 4819 8000 2984 82 4306 6772 3442 3568 2953 6454 7218 4633 7784 101 8943 7583 3245 7307 1272 2023 8043 9003 2834 1484
28 5233 173 1390 81 2873 1103 3110 2042 4388 576 7196 7610 8807 4582 3449 3296 3199 1744 9914 5294 4368 4319 4244 2980 3165 4680 6239 4977
28 551 5134 1402 3741 3548 7381 6658 4807 2998 3871 2145 6721 8571 4396 9725 3157 5762 6534 4970 6253 1088 1334 7169 1508 5677 1438 1270 6148
28 6578 8595 7511 1608 3025 1512 5689 9172 7180 7347 5128 7525 9068 6170 692 7275 2457 4113 345 2424 7523 8210 455 9574 3936 6804 4224 7551
28 9992 9136 2452 3656 436 1192 8108 5592 1120 4568 7087 9238 104 4799 8622 7385 5047 693 6081 7040 9256 3408 7505 2143 6259 5267 3274 3664
28 7006 9790 1776 92 5125 4186 3480 9551 9434 5669 6414 5463 7992 8456 4143 7184 4160 9265 7602 9734 9900 2275 2237 2162 9174 7502 8559 8244
28 1813 4077 9811 4805 3346 6557 8468 7704 9583 6992 720 7906 9370 5450 6387 7013 6307 9419 1087 3820 5824 7885 3052 3193 8712 5719 5630 5430
28 1566 577 3696 128 3772 6265 5059 6954 6446 2233 9362 8106 3026 1296 2735 3185 4266 4233 6508 6659 3977 1900 635 7640 6881 7252 7996 8092
28 8267 8130 460 4349 2355 9537 600 3928 2292 4990 8254 3812 7589 5605 7104 6853 5871 5519 1940 3047 2598 4509 3940 9977 6401 5921 2392 9778
28 811 8937 3610 4564 2332 4005 3312 9384 9455 4169 1886 2564 9855 3108 1163 2543 633 494 3010 2377 9032 5414 5507 638 3386 7445 3767 1295
28 6488 9772 8135 5336 5910 7842 7185 952 7916 649 9299 5786 9885 920 7025 3773 3437 3433 9290 3445 2800 7515 8839 5979 4939 2031 7294 3467
28 4115 5031 2583 3781 1745 9740 2370 4815 1521 8684 8182 4205 4679 2404 9090 7094 902 2878 567 8217 6870 7126 1010 7224 9348 3969 2510 6028
28 1134 7910 9428 6580 2736 7384 855 261 9317 5210 7809 6146 3836 4157 834 1884 4820 5419 3893 1209 5257 6505 2514 6004 4613 316 1546 1367
28 4976 49 7569 4050 7205 5914 1095 6535 9073 4156 906 7095 9153 7811 872 5203 7038 9158 9239 9216 8776 6107 7181 5779 3473 1393 4705 5690
28 2442 8546 4922 8903 2517 9443 7629 3878 8568 7383 17 9849 1104 4213 6396 737 3441 2739 6728 2751 3237 7454 9645 2437 3549 6219 329 1937
28 6756 8872 9416 747 3078 1835 8913 2057 4192 715 7836 5750 2705 8783 6900 9089 6512 1564 3370 4648 2261 8331 829 3239 6700 7593 8583 7187
28 6765 3746 6379 3953 5529 6252 4001 4315 6859 4806 6106 4284 3191 5900 1548 6540 4596 8843 3502 6376 6661 181 7713 5615 7524 990 1947 937
28 653 2147 2563 9360 8513 3297 7667 5726 5479 9984 6854 871 5505 5887 7035 7431 6078 3886 2251 8814 8555 1716 6448 2753 8451 5050 2456 63
28 2135 4052 6392 6891 8657 1283 3177 1427 2085 6322 505 643 909 6484 5405 5331 4779 8668 3935 4230 7663 5043 9878 4890 268 2203 5937 6390
28 8044 6284 8586 16 6922 27 4215 6500 3489 4219 1019 2314 475 5993 4640 4988 1240 6246 632 6166 6569 1953 7933 7121 4450 5922 6723 9869
28 4764 2358 9037 7606 7132 2207 8506 6890 3194 2470 5720 4158 6735 4251 3909 4800 6486 8422 6571 6060 7780 8930 3024 240 3818 1651 3106 4685
28 7708 8204 1364 6635 7946 6983 51 9921 4161 5564 8804 2047 830 5540 8947 6908 9706 9086 7493 3493 8596 751 6326 7658 2264 6339 1911 1995
28 42 9850 9662 7374 5213 5803 5129 5446 7974 5312 6242 2622 2633 3849 5106 3712 2892 3212 2372 6406 1195 7497 5453 3250 9602 1615 8994 6491
28 3412 1386 8386 8299 6151 7496 1239 62 2569 5229 5136 270 8295 2122 8718 9821 6494 7017 6880 8168 1159 8010 2621 9846 2681 5792 6955 3589
28 6812 9467 9974 6473 6640 1410 4302 3295 6037 9648 3515 8873 3411 3813 1353 895 7943 772 6782 4103 4321 1336 9344 9916 362 8631 6133 3311
28 9688 7662 7149 3179 662 1907 2609 7723 1860 7579 2645 8439 5700 7962 4691 2531 3037 1428 9452 1628 3244 9810 5515 4645 2626 7470 6548 3107
28 4123 5532 993 1025 4889 916 1612 499 6463 8153 9116 2748 4016 3749 2274 3390 5270 1122 9991 4351 9763 8169 7913 7178 3038 6260 5992 966
28 5634 3042 5881 8207 2542 6928 721 5512 5739 2967 9377 6290 6175 5856 6394 7671 1190 5575 4379 3217 7967 4842 8827 1728 3732 7165 368 9320
28 2916 8193 5041 1923 5488 7069 3420 8617 7707 3847 2701 5741 7792 2983 5291 2886 8136 8749 9644 8932 3567 3961 3485 7619 7786 1289 3583 6090
28 598 9669 3765 3867 1113 5759 2687 2680 9441 7037 9502 464 9464 2489 4968 7350 8672 6528 6114 7364 2653 7683 573 4464 1473 7954 6269 4291
28 1387 295 2607 2174 2120 4943 2893 4717 2024 965 3336 9952 6141 6045 1618 3096 235 6435 1173 8490 2754 9944 7796 5686 3223 2706 1017 5543
28 1764 6623 6980 1942 1833 7467 3453 7625 7750 9513 3019 8956 8553 3002 2001 3506 9529 6115 5196 1667 3838 1912 4651 5240 4360 3708 1800 2493
28 1822 2801 5846 8919 9983 5346 4241 310 9024 4880 8005 7994 9998 9841 7338 7298 8185 8144 2464 1732 3401 8056 1857 7386 2272 4971 5785 1255
28 8584 928 1807 7845 2353 3118 1124 1904 1123 3670 1542 9415 3061 2852 2658 7082 7586 1366 5357 6456 5076 6468 8823 2814 4007 9291 9404 8070
28 6211 3275 7835 9202 3987 7267 9389 6773 8908 3663 57 6292 5611 903 924 6082 8760 8832 9226 459 3699 6641 9881 9686 5787 3399 6243 8343
28 7566 123 4909 1243 8266 5259 7495 7876 292 7664 2006 2697 2837 3574 5418 2981 7812 5904 1930 2467 7018 1755 3404 4479 1946 6297 6704 8774
28 9891 3827 6857 4794 3551 8482 3678 1262 3339 8269 9975 8390 1076 2028 5766 9087 2821 6689 4451 2923 2225 7127 6861 3734 7480 7677 4905 4707
28 7065 3128 5045 7872 9311 6421 6634 4304 3659 5553 5793 4692 7712 5191 1541 4955 1117 7255 5118 9142 9319 6399 1449 8777 7512 5734 3308 8819
28 3516 3448 7639 8469 8125 7020 8687 8638 3310 2643 7615 4883 6400 9628 8255 6653 2181 8732 2204 8133 9922 3868 3074 3649 7518 5193 2709 9034
28 553 1048 8834 726 4104 6213 2153 2320 5278 5108 3528 6744 2811 1459 8100 913 4873 5636 8879 5504 30 6124 1384 613 8662 7422 8567 4619
28 5583 4189 2069 2418 417 3298 6098 2570 9857 6453 8285 5905 8735 7143 363 1832 9712 7844 9671 3799 4743 2792 2515 5764 5735 5873 4747 9968
28 4944 9408 1734 5537 7237 740 6822 7363 1552 4587 2948 7693 5347 264 1839 5248 9088 9312 3571 904 4925 9342 7106 3754 9897 9422 4912 7261
28 1377 6402 8961 544 6227 4397 1267 2715 6319 673 4402 3830 8790 6643 624 8536 2760 3971 9911 2676 9237 8498 6111 8195 4300 6680 5663 3349
28 3216 89 91 1302 9381 833 4486 1643 9039 7321 4546 8646 4934 8389 7333 430 7580 2588 1116 4072 2602 3793 4848 6805 3135 1400 9924 4422
28 8143 4487 5965 8859 1899 7406 5297 3152 3147 6174 4344 6099 6344 927 5386 7423 6607 1642 6878 2387 4585 5697 1540 6650 490 8107 3214 5007
28 736 5241 9366 3802 8649 9035 7312 5802 8754 3606 3402 3173 5327 5023 6380 3195 9499 9083 2784 234 807 7424 6775 480 348 9221 2119 8953
28 7678 8642 1831 3628 6826 4989 7328 3151 1821 8162 4720 237 8645 8756 1454 2913 7550 155 6518 47 1347 3222 4584 6798 9015 6135 3710 3522
28 4309 1030 6889 7379 1531 987 6382 2836 1836 4365 6439 5760 9273 9749 3011 868 3599 866 5265 2321 2361 5470 3880 9354 7128 7991 8985 1316
28 4574 8234 8936 9755 5005 4734 8720 36 2167 6966 9314 4599 4371 4892 1796 3321 545 6636 7567 8457 3596 4008 3627 1136 1655 1185 5065 7729
28 5500 330 1425 9361 9594 5843 2876 2803 7135 134 4105 4106 939 6063 8817 2266 9326 4711 8661 1697 285 9369 4485 4462 1678 9807 6633 7858
28 2766 7175 970 5198 5282 8745 304 8722 6752 7949 2673 5162 8962 6262 7948 5179 2032 1475 20 5402 9161 6517 6009 3162 1757 5858 2157 2587
28 5798 8590 1441 5411 8901 9745 541 4453 9223 7388 4112 3743 9739 6999 9093 5623 1861 7491 9468 3578 1844 3376 349 2964 2177 9556 6017 8011
28 2351 3387 9194 6990 1749 8841 5869 650 3835 3443 6814 391 9656 7634 5055 7895 8300 334 6849 9170 7618 3633 762 8706 6420 7608 8589 5481
28 8786 1660 1574 9646 1326 9787 8477 738 3292 8831 2511 8302 1299 2917 116 2188 5293 2445 8810 9359 7088 1632 7733 4972 4024 2828 3876 7772
28 6912 5705 3235 800 3333 4481 5400 2549 8530 2887 8377 4919 7432 2230 2412 2465 9127 8173 7953 2888 882 1072 812 728 9143 1528 2376 5489
28 7995 8327 5533 9823 2236 6567 9029 3879 9123 8581 106 7103 1172 5068 3389 6553 3800 7510 5024 1328 7241 8023 7469 3601 7246 7134 5173 8715
28 1691 3256 9111 1081 8727 3091 9909 2033 4655 1458 564 9297 5006 5692 6156 8921 9848 5518 6314 1351 7238 4839 9534 867 4631 3148 9865 3938
28 5201 1917 5855 6552 9214 1216 8851 3565 5808 1647 6760 1657 3817 918 9091 4040 9486 7647 5657 1457 2113 6487 1941 7997 419 8167 4197 6061
28 3911 9627 4828 3882 8701 1468 1140 8707 3679 1248 4752 3546 733 1962 5280 5872 3884 6333 9353 2076 5560 4531 6920 7477 1951 3996 2306 4850
28 4032 4777 416 2216 4392 702 5070 6183 5318 8652 1245 3131 1002 9883 9335 4297 5866 4551 4020 9523 3978 6087 4073 2627 6264 5561 7501 9463
28 5014 5482 6229 2993 9960 2830 5837 7001 8260 1406 5333 2004 4212 5279 9582 588 9249 7897 4846 3499 6895 1623 4023 808 5549 4427 8314 6842
28 2711 420 5555 2086 2928 1964 9761 2300 7188 1439 6705 1193 8338 1978 6953 9002 9572 3454 8233 6467 9707 8923 7214 1404 8132 5548 4324 8893
28 7790 6866 5049 5127 1275 309 385 4824 7299 9659 9751 9276 1114 412 6270 9999 7067 9910 5899 3329 7716 4220 8852 6235 8658 340 3823 7474
28 1779 7735 9489 8644 9224 2090 1853 971 7345 1620 704 2601 6162 3804 6362 7838 1057 9663 9281 224 4643 6040 8685 142 8768 9768 7154 2441
28 816 1808 7183 7760 9052 4044 7441 2168 8950 4543 1135 1986 5902 4051 4222 8688 6342 9834 5225 1988 3365 2990 4411 3469 2485 2088 621 6821
28 3873 957 352 5917 6876 7781 2713 604 9044 1701 8665 9414 4313 1803 6766 3784 8312 2061 955 8788 9347 4786 1739 6194 7726 2084 7731 8479
28 6556 883 4049 931 4375 1073 5426 2058 9797 5784 1535 6113 4289 4098 1828 8848 7743 7322 6542 5776 5060 1346 202 7420 4816 945 2328 5410
28 7650 2260 5077 7240 6296 8050 8095 5027 2640 8038 1706 4715 9570 789 8175 3495 2082 2617 1403 2092 4498 3369 4682 8902 7540 4330 8618 8187
28 8078 4607 8890 2129 5334 3905 1074 5925 8969 5113 2794 3134 2322 8614 121 7373 6462 4177 4738 959 6499 4022 3979 1268 5358 1550 9687 6969
28 9708 8432 5587 2996 33 2502 8365 2359 7739 605 3950 55 4482 6389 1847 5584 6357 3121 7546 495 2443 859 7803 6848 8416 3970 940 453
28 5896 8121 9919 87 4217 3513 5121 8677 6837 7840 4376 9689 5842 1640 6545 1158 7998 7476 7500 287 6937 7153 9036 3301 4384 6181 3729 7747
28 395 3005 4980 1042 4796 3785 1034 1751 3313 5472 9225 8113 3330 9261 8224 7530 4136 6594 1933 2111 4036 7357 9596 3966 136 8160 2529 5877
28 3384 5959 659 7769 6879 0 257 6595 1491 5874 413 2762 6779 1873 7884 5791 5142 2945 125 5870 6477 8522 944 2447 2694 2282 5255 4698
28 8526 5370 2252 9695 1568 313 7661 2632 3512 7847 4055 7603 4514 5821 8029 1370 7019 7955 6724 1684 6285 2958 1665 508 10 8750 8753 4063
28 7331 2992 688 6073 2279 9178 8281 3863 1341 7110 6619 5440 6811 6684 99 9374 6742 3023 2942 4741 9794 6628 3885 4590 2976 1211 5273 4871
28 839 4697 1424 3702 5456 8693 9769 2429 9851 5429 3407 2977 7146 1761 972 887 1082 1147 3066 6682 3613 6279 5849 4234 7710 7688 8978 677
28 9601 498 6718 771 2947 8497 7560 571 8894 9966 6026 8721 4656 9436 6585 6020 8780 6137 8759 708 1470 9947 1077 898 9045 4744 8298 7841
28 3671 7327 739 3302 3518 3989 5064 9526 1960 2817 3089 5487 9420 5573 4269 8111 631 4317 1311 2827 6713 9667 5988 5953 8742 707 2901 4087
28 9635 6781 7222 9498 219 7351 8006 690 996 6200 7282 5969 9350 4985 7159 1252 4952 2899 6560 7451 7236 8357 6736 4849 7562 3527 6301 2718
28 8717 7042 8423 5964 9877 6610 2339 5769 5135 3783 7875 1182 8012 9456 3068 3054 9928 2270 7498 8174 1903 3538 3726 9148 9985 2072 7341 1486
28 6032 780 1009 7458 1609 4227 1186 899 8594 1588 5763 618 7999 9497 5242 4202 9289 8014 6743 2720 7486 9876 9208 3930 9063 2566 696 5851
28 862 7060 6727 9584 1787 2499 7981 3494 2080 9874 4003 7737 8862 9102 5718 8066 3683 732 9859 803 1567 3120 7599 5094 9022 6917 9496 7074
28 5867 8765 2954 5653 943 6690 9871 8875 4864 1253 7177 169 603 986 5389 6714 5672 6977 3543 6247 524 4620 3666 7021 7920 9001 3450 1637
28 238 548 9043 4724 4677 4249 8591 3682 432 7190 3624 6354 3231 1838 5931 1683 9986 4536 8975 1447 2002 8158 3030 8301 4346 2380 9741 4674
28 220 6504 6250 2813 627 5313 706 5744 2745 6044 1395 8276 3869 3003 4547 5737 5413 143 1968 9630 3059 3616 9608 9017 1497 1646 826 6397
28 2195 3233 4622 5209 3139 5680 8889 8592 1064 1264 6550 2961 2238 1783 7171 4900 1510 1461 5190 984 2383 1703 2708 2490 5261 8535 9577 9600
28 4433 941 6482 7694 3044 1151 9075 3644 3323 4478 7355 6066 2050 9057 8325 3395 6565 9536 1529 2850 1918 8640 5674 2865 9614 8743 4981 1607
28 1407 7117 8049 3018 6374 4831 9591 2780 513 2399 716 6080 5083 5104 3737 9682 3032 4606 114 2434 6833 7463 6828 6593 5339 8705 828 2357
28 3430 6935 4628 6338 3794 1174 8410 1490 1613 5816 4490 7284 1456 5323 5961 3012 9432 7564 5145 8918 8446 8428 3964 9030 1015 7861 1778 3779
28 3579 5797 2430 7642 8669 1430 3839 8924 597 7960 9315 1392 6601 7404 1349 46 7549 3488 7083 4041 6302 9119 3958 7738 1337 7951 6541 277
28 3169 7865 9155 1365 5030 9461 1055 534 2290 4951 3287 4240 9550 2310 9716 4918 8287 2500 6913 9390 2719 9000 2597 7632 5103 2731 5948 3517
28 5254 9756 5632 878 4788 2241 817 5417 108 4134 5675 3963 6678 7909 3730 228 1829 5929 6629 5004 5172 7736 6949 7057 8521 1997 8164 6587
28 1700 3851 1817 8381 83 1887 5528 8140 1980 9376 5508 2906 2551 469 905 5367 8713 1396 2872 4488 2165 5710 2173 4793 8935 8216 717 9080
28 8394 7794 665 1429 5801 9565 5251 230 132 9546 9409 822 8041 4623 2579 1335 6967 5641 5003 4961 5626 1561 9245 6077 727 5991 1288 8311
28 4634 9764 7244 7393 7986 6816 4247 1547 6309 6485 6249 759 9588 7860 2466 8340 168 9578 2730 2432 7050 5987 856 9005 5853 8806 7435 4923
28 820 2234 3821 5503 7636 15 779 7367 3064 322 8512 2782 6710 2871 3946 4283 56 1695 9140 7075 4746 8998 1815 4563 2565 186 5712 3168
28 5815 4323 5868 1046 159 1021 3203 3462 5770 1309 3103 1913 7334 7023 1882 5980 3900 9610 782 7970 6022 2716 1333 7189 6153 5208 8554 1446
28 9328 6304 6638 1340 204 7922 2912 4673 7419 5828 907 9458 6964 4726 8597 8084 5036 7273 1498 8467 5614 6642 415 5665 836 3913 518 6002
28 6669 90 2664 5878 2049 3721 911 9773 915 9182 7247 4093 5616 2242 2547 5761 5539 4499 9655 9680 2503 5364 1318 8112 9048 694 1355 8105
28 473 5696 7597 7072 3519 1597 9121 4025 7408 4456 6936 5424 1219 2258 3825 2539 7434 730 7036 423 3769 5947 1819 18 2848 5667 6926 592
28 8500 563 5794 6597 2793 3972 4226 3556 236 9803 1045 7144 2366 2671 8801 8455 4270 2347 3967 2172 5767 3998 2844 3375 5602 7789 4362 3159
28 5436 4647 1465 8573 3291 760 8957 6985 5975 9247 5035 6691 5495 260 247 3204 7925 1153 201 755 5559 1931 652 8997 265 5538 7886 9710
28 9435 7633 7120 5645 9549 2590 670 3662 4527 3703 2540 1963 3997 3465 8965 3584 6716 1432 2486 9931 2628 9196 7565 2471 4827 8531 4832 5711
28 4071 6295 4137 8752 1007 718 5639 9233 1389 1080 9280 4929 8529 8110 9512 685 3788 539 3063 1553 557 2405 9137 1071 4459 411 1638 9330
28 7648 3511 4119 7526 9692 1462 1863 7742 3119 5756 2390 4133 8620 4545 5982 2235 6584 72 7378 744 5123 5365 9364 4108 891 6769 7810 4097
28 660 7891 1802 6720 9955 8356 5112 252 7296 6757 2325 7795 5139 4047 5804 8499 2210 9185 6271 8915 5101 2220 4962 6906 3403 3739 3328 5473
28 5266 4802 1241 2479 8971 2221 182 3791 5676 4019 5200 8763 3461 798 1841 9046 985 8091 9552 3994 214 274 8846 8692 6023 8361 9657 946
28 6198 4581 504 1724 2496 4303 3277 3954 4282 5687 1487 7276 5442 1544 7725 4056 5541 9758 5018 6321 2099 8972 4296 7446 7274 6068 1108 6013
28 9236 5973 9559 9241 3640 8413 9777 7956 2453 5356 8310 3263 461 6958 9923 9633 3490 2127 877 2737 3974 9616 1596 1518 2896 2879 8863 1315
28 7609 4398 5944 6256 6393 7213 5863 5396 8324 5751 5406 9694 4430 7403 6740 1932 9085 9624 79 9620 8869 3976 8895 447 7756 448 2406 2585
28 2335 4639 4716 5102 8322 1436 6616 3716 9338 7638 3266 8123 6019 7366 6997 5830 2690 999 6836 6232 1291 4203 8800 6810 6564 3138 2616 6311
28 3210 7046 2755 2152 523 9019 9186 7459 5999 64 4305 5683 3795 8639 9318 7533 6325 2408 2889 935 5819 2619 5239 8127 5918 3309 2438 9041
28 8624 2396 5714 1675 5349 2194 9 5531 6117 7890 5250 1507 3276 4723 2950 2773 818 4253 7325 1533 4059 6797 2008 9134 2881 6103 4331 4014
28 5245 3373 3367 6464 813 6186 5796 8067 1554 6016 6287 9703 8442 8321 8837 5501 1054 3980 2727 5607 796 9894 507 3915 4811 1031 9828 31
28 3242 7279 1125 3247 5206 3557 5434 8511 9103 8549 5012 4013 5754 7490 8075 8036 367 3658 5722 2859 5252 4320 9234 8443 6101 5844 6441 3207
28 8896 8933 6606 4243 8206 745 4408 7455 5238 2027 5399 514 7778 2121 5699 1489 9902 8773 9201 6193 5582 2180 885 5381 7900 37 5044 2093
28 4442 1826 6697 9753 3620 2679 9980 5771 7626 2608 1218 5820 5111 4541 679 1571 1146 6568 1780 6451 4876 4770 1981 4502 6158 7198 9244 9904
28 1961 6278 9284 7015 1223 5827 9129 9853 2752 8022 1126 1952 1877 7612 21 8221 3327 8034 4899 7961 1079 481 7283 787 8951 9544 5466 6722
28 9251 1051 3318 5403 2562 6515 5908 4348 6738 7798 140 6707 4730 8761 7314 5920 9009 3906 1237 4092 8867 2932 8576 3586 5486 1232 4615 5681
28 9371 8330 9899 7675 8445 9411 997 7203 8861 9593 2034 7941 5175 6125 4139 6502 7771 8925 8081 2102 7508 379 8082 2487 172 6317 1868 6091
28 3766 9304 7116 7310 8558 675 1165 1016 2304 3273 7443 734 5075 7372 6298 8436 6544 5799 5790 2460 8473 3017 7544 765 1476 9255 6532 4526
28 8543 1579 7427 5703 2823 8502 2191 2243 4440 4672 9622 1276 2166 1169 8028 1650 6761 4406 5380 6426 6381 86 3605 1298 5586 5321 3841 3957
28 256 768 6516 6416 2802 8982 9571 6128 3917 6711 1871 6005 6300 3569 4029 7303 7877 2125 4429 6273 1582 7365 3230 7160 118 5110 50 7289
28 9568 1247 9625 3361 6956 4068 5071 4992 9072 8992 4048 1118 8886 4125 2631 38 2723 3988 7823 6581 4984 4624 2256 936 2231 3901 7652 4228
28 5476 3611 6871 1203 1589 9942 8205 4204 3745 3865 9333 7570 1914 4538 865 6104 8623 4437 6530 2185 5021 1027 6838 2516 8520 4571 2117 2504
28 5595 6425 9393 1661 5912 810 4689 6701 4117 8625 7172 1063 6996 863 2662 3639 353 1927 2726 5186 8795 1343 1043 6142 3062 870 6575 5650
28 2280 8569 5307 9352 8850 5781 7147 1325 484 4921 7740 529 6862 8429 3740 4857 4740 6951 1929 599 19 3852 894 4755 1649 2956 2393 900
28 3592 6872 5052 837 7924 4776 8828 1023 357 2869 3819 4288 2689 7541 4835 8378 5222 3814 5795 2895 6946 9746 4461 4054 9163 806 7119 8114
28 8464 602 8651 4166 9864 2068 2218 3711 5207 1368 2017 9471 4208 4617 2246 6795 5363 7217 129 2299 2537 5996 5284 3713 6041 1987 3083 2248
28 1312 9937 832 5671 5862 4882 2743 8970 6790 5483 8454 3897 3786 6905 1936 1565 442 6415 9386 1332 6116 7113 1989 6496 5432 4709 1274 1634
28 7918 2106 3090 4703 291 1592 3545 8177 7278 6566 231 2555 5978 9917 2682 8914 7223 4154 2462 3372 1748 9886 7832 5092 2941 7843 7978 7908
28 7245 7643 7086 3265 6177 8679 3553 1740 8507 8093 5311 795 6706 1269 1591 5343 4763 3792 9423 401 1324 6139 1583 2214 2781 2285 2007 1177
28 4904 2202 9484 1680 3127 7235 4030 8540 3029 2982 5299 4544 1714 6525 418 1830 2455 2790 331 8362 1878 6282 8163 8527 1967 2360 1773 9113
28 3877 8407 4957 7268 2604 3929 8730 6666 2867 4413 6847 8628 7834 8437 4164 2118 9162 3626 6447 8537 2319 3990 8064 637 6759 7791 1993 9576
28 5116 5388 9704 7695 5534 6764 4497 8142 6274 2276 6432 7519 3654 7912 9812 9532 8674 5366 4336 3446 8836 7987 6370 9650 509 3087 4347 5471
28 3123 1631 9930 9076 5310 462 9447 9084 8257 3180 1746 6236 7405 942 1303 9514 948 2498 5322 3944 9639 1394 7654 9586 5970 6086 3540 7911
28 6046 6770 5506 1196 1292 7158 8170 9830 4350 337 8373 1630 7561 9228 6993 776 3948 3035 4907 2193 9661 7902 4373 7098 4209 9827 486 2611
28 9219 2439 1560 4046 1747 2774 7412 3637 211 9385 1256 5230 5875 6591 3714 8474 9690 8675 3115 3566 1775 838 951 1781 1869 4491 2532 9987
28 9462 356 6510 5149 9243 949 5721 3471 4542 7557 4932 301 3984 5422 1901 8055 3085 5202 6434 3677 5745 4879 7292 9542 7594 2149 2561 501
28 4099 1285 2554 482 94 8251 6630 3982 532 3887 5706 8238 516 2666 7114 9412 1885 6324 1705 441 2170 2905 562 4991 8433 6803 5204 6546
28 1575 7230 7878 1485 1816 1659 1412 874 2796 3086 6767 4439 1875 725 1164 5061 5150 7989 4881 122 4159 8805 8061 344 6605 7555 7174 7326
28 5195 3505 2384 7867 1768 5182 961 4 584 8253 3299 1892 9375 5441 6506 472 1319 41 9605 2505 5950 2684 8881 3547 506 1281 2340 5926
28 552 6221 4017 2037 8654 7592 3268 8046 781 9118 4167 8063 9824 4756 5352 9341 1068 1018 4866 8430 9623 9426 6939 5698 5635 9679 1150 3504
28 389 184 1805 8878 4671 9743 7448 7935 3260 3178 3753 2924 9547 2744 2759 6318 9815 3220 2778 1584 7578 783 6831 2880 735 2638 4416 6038
28 9141 8579 6210 6976 8400 4400 6655 76 6412 8939 9012 1602 4438 642 8842 2593 4012 4595 3073 2623 8271 3206 9306 9713 5666 3098 2518 6164
28 7937 9397 4996 4458 2381 4193 1422 7702 4910 8118 4325 8235 3780 5235 3356 5509 6991 9779 8020 7657 5788 9429 8548 2422 1362 4790 1208 4915
28 8152 901 69 9785 698 3665 9459 9183 530 5197 3470 4559 3537 3269 2700 6288 3388 617 4737 2190 8171 6476 8317 7260 6787 5032 8088 6498
28 3709 2795 854 1477 1373 5008 8737 8042 191 6539 2513 8347 2799 5277 2654 9870 5550 8021 7340 3687 3691 7805 7932 9775 1843 7280 2294 7577
28 9286 3775 2101 4732 5176 3427 2702 9943 5829 4630 6187 805 4335 9260 4675 2287 3787 5469 5305 7881 8940 9402 6952 786 2959 2250 8747 9927
28 2526 9327 3075 6671 9031 9336 9288 328 3172 9889 1920 5565 4641 7673 8542 6617 7444 8524 5081 1107 2712 98 5088 183 12 5736 7008 3285
28 6245 666 6234 1040 6230 5329 1855 9979 4091 4387 5232 7053 5688 8196 5597 2683 7044 2818 9479 8051 9152 7342 4038 279 4211 6320 6089 4339
28 7148 1293 4780 4377 5448 4358 8434 9495 9227 3675 3619 9519 6918 622 3646 6860 8334 2226 4787 3113 6930 195 4366 4513 6921 3559 7123 7690
28 7191 7343 5578 3496 2693 9868 8874 7863 5577 9831 7915 7352 6033 6010 7558 9500 9516 5378 566 4920 6011 3428 705 7559 9164 6830 9198 6332
28 2263 7349 9989 3348 7336 6719 5387 683 5022 1222 8857 1681 4686 3576 6589 6212 7853 7027 4742 5037 8179 5684 9774 6308 1580 1305 3219 1793
28 687 6000 2201 319 9747 2048 375 7745 7982 4069 244 680 6299 2316 2944 1061 325 7387 2934 1786 438 5328 8203 9759 5702 4353 399 2670
28 7613 7026 2013 1282 3055 1035 5654 3643 6978 9804 9933 3669 9776 1645 5972 403 248 9427 1168 7829 6839 6405 4884 8069 5498 9100 6762 7371
28 6819 2212 1175 7032 9391 9079 550 1890 382 5309 5377 9490 1915 8787 1557 9004 7112 1874 912 3435 7368 1576 8367 5319 3270 5599 5809 3952
28 8835 3856 4174 8017 5326 456 8148 4953 437 2062 1453 3 483 9323 6793 9018 7958 4676 424 6384 6886 6536 7903 6911 4810 7571 485 1119
28 4067 7715 6027 9719 7084 9808 9621 8966 4064 3004 5205 7964 9269 8384 5335 5285 7973 6134 6204 346 4187 4102 7164 4399 7839 5624 6901 9863
28 9488 9718 7984 6708 3756 6681 7516 7356 4390 7131 1085 9587 9147 2797 2788 6276 7438 2425 3673 5888 6521 4837 7686 6165 5985 9879 8353 4364
28 7976 7436 3288 7045 7232 5301 8035 1971 2148 9880 315 2449 3142 5782 9442 3067 2160 6403 6855 6739 3530 8180 7537 4963 8708 7534 7921 9932
28 570 9104 6750 7679 6310 7637 8681 5192 9033 4902 7703 8899 8931 5369 1908 9959 2133 1097 3057 4836 3758 8461 5444 9112 5977 3459 6660 4964
28 4616 5535 5492 558 9149 9394 275 9522 3396 5249 5289 6520 323 8349 2832 9819 2222 8856 3874 1949 7904 8866 5375 4735 6639 2481 9204 7801
28 8273 9014 4466 7828 3464 6092 4298 9798 1777 4966 7462 5554 4002 6323 6024 8603 3043 611 4299 9757 2939 6031 9105 262 1230 6047 283 7399
28 466 8952 5117 5156 2538 8263 6411 215 5601 7554 7532 527 8563 5114 8316 7768 1578 2026 801 4750 6180 7971 8119 1157 2732 6495 3374 6576
28 3560 7539 1014 4293 4279 9629 9184 2019 7375 6957 5485 9965 3655 9070 250 4906 6674 1496 7070 2344 458 5154 9069 4973 1891 4733 2894 4257
28 9791 243 3331 3027 674 9310 3618 421 9460 3757 404 6763 6774 3750 2647 3692 579 9970 3657 6336 1876 4039 1251 3125 5591 8606 341 6632
28 446 626 9246 1290 6982 3612 8769 4431 9956 4118 4015 1693 881 7687 3132 992 3807 3224 6147 8635 2273 7137 2197 2812 4275 3188 4561 6065
28 2847 8166 3149 1354 117 221 3105 2946 4009 3881 785 1431 3728 324 452 3154 6916 307 9643 2665 4412 8155 4936 2164 6203 8240 8515 7162
28 6507 7822 9721 3562 2163 5673 6668 4501 286 9957 7346 6110 3290 8892 1867 4569 1629 9748 7199 4280 4277 7145 4772 3226 7452 824 4061 4517
28 4529 4660 7855 1704 4258 4076 9606 3763 9825 4163 1093 1555 8159 3806 2845 3751 2787 741 4342 2211 2592 1052 303 1966 8487 2109 1685 1791
28 7782 7277 3544 5889 8372 1824 3076 1925 8336 6461 5951 8054 383 7078 9619 9553 3768 6987 2625 6169 1026 7587 9938 3345 8516 6355 1790 6647
28 2394 8052 6522 4334 3416 7950 2769 1011 361 1149 753 3362 9920 203 6185 1092 6144 2200 8748 8094 9010 9188 2556 9396 7730 1939 2789 8351
28 1250 6277 1712 5945 9817 147 4096 3158 6007 9961 1719 107 2663 2910 2379 6965 6820 2650 4869 6940 5120 1973 6850 3419 4468 8570 6202 2075
28 6168 4701 6347 6363 8250 4480 4834 4969 3304 2595 1795 5990 431 5188 3070 2929 6272 1581 1906 9345 449 6865 4381 2528 8465 897 6537 4354
28 8026 5371 4520 6150 6001 6407 5221 6283 758 669 8907 5330 4081 2312 7899 9750 8655 5618 6573 9918 4982 4798 4868 9528 366 378 6408 3006
28 3259 4200 4917 1525 6436 4088 3582 4696 7623 5074 9203 2428 4401 8627 4328 4658 6673 8989 4120 6549 2927 2311 5884 9698 2448 7197 7764 3985
28 3316 4214 1060 9213 2765 1770 619 1794 2022 9027 6731 2558 3509 623 4521 5847 4493 2988 9647 5800 7814 1858 6458 433 2478 1443 2213 3697
28 7894 2891 4259 9660 6351 8350 850 9382 7656 2624 7054 4597 5834 8337 1467 1763 5643 5840 9631 5095 7666 3862 7754 8018 9896 7254 7156 7926
28 422 9548 2846 3587 7330 229 8262 276 1972 4809 4082 5640 5757 3904 1688 4287 4483 7212 4460 5576 7353 1762 7233 6974 4556 24 1559 7272
28 4611 1217 1178 7297 954 8494 3937 7692 4774 4818 572 3635 8493 4537 9193 510 5271 2010 8659 5646 9641 7770 8197 8771 3580 1378 754 2338
28 8039 8726 7931 5619 2365 6519 2578 8884 4567 4195 1998 3378 1004 7767 4168 3013 3140 3629 645 4206 7124 3008 8847 1183 9388 6442 8916 4916
28 555 3575 2005 9826 930 5598 6572 8201 4370 5168 7168 644 8147 7102 4894 2798 6450 9110 763 3822 8223 2060 7817 2105 6771 7281 7641 4184
28 3482 979 2375 2 8318 4455 1448 5901 6208 2186 1880 2857 9331 827 1619 657 1371 5048 2548 9199 246 9438 7447 1369 3093 1957 7644 9296
28 4083 1098 5511 6437 8829 9165 4524 4572 1902 4583 5775 1611 8375 2444 9274 6882 853 2029 8345 8822 4778 8838 5526 8905 1506 2655 2041 6776
28 4753 8120 6664 8714 1435 6897 9795 2244 3176 5069 7776 4653 2315 5731 6329 5131 9487 6050 4471 4333 2043 6391 4979 9615 6834 6207 1509 2659
28 528 636 158 7390 4444 4034 2064 373 9097 6218 96 360 392 9122 9195 5395 386 4037 9400 713 3279 1658 4978 5001 3690 1975 8660 3717
28 7576 4327 1191 2091 7719 5940 3009 4340 7779 8904 1888 6944 3000 1718 1084 4421 364 1495 2208 1426 9567 8799 2269 4954 7807 9020 7746 3531
28 7359 6280 7869 589 6670 111 5247 756 171 8528 8485 3535 3585 3641 6228 620 5818 4654 5194 4033 4216 3422 1266 969 1202 5217 9517 6094
28 7380 1604 1515 1139 8297 6961 7425 1226 4591 5906 157 3925 1307 6856 3594 6367 1201 9617 8632 7892 6801 2431 8514 3133 7799 5656 3956 7722
28 5046 773 671 4144 8399 606 7097 8813 7753 9737 3770 7081 4745 9060 3293 8682 2074 852 9903 988 7685 297 8671 8181 2764 9912 582 9770
28 3198 5496 1194 9378 3267 2009 3156 5701 3281 522 8129 2897 2581 4010 6644 661 2903 5620 3413 1277 7428 1070 6832 9524 1798 3554 4666 9154
28 5130 8364 4577 2469 5420 1735 4515 4223 8762 1308 6481 52 4180 8611 794 4594 6306 3357 672 7262 1338 7930 7492 6960 6149 6514 8637 427
28 1909 7487 3186 271 4858 2860 7369 9964 7882 2960 1300 6388 5662 9279 4511 8131 4155 282 7079 8411 757 6823 4897 3355 6266 7306 634 1199
28 750 3234 2018 1160 1121 2777 1842 6244 3095 7672 7993 5822 5189 4562 3572 2073 8633 1935 9450 6807 7258 7376 9557 4409 6222 8648 8374 5320
28 457 9735 2297 6258 5315 4272 4914 3524 4887 5949 9715 2334 5502 9308 7140 7945 6693 2187 2615 7862 2056 1463 6863 695 7604 4593 575 1105
28 1066 3181 6729 2649 7323 5916 7574 2468 5998 8605 7468 2707 8984 1870 9220 9485 7362 1534 4045 48 3498 1265 864 1263 6626 4872 647 467
28 8476 2003 5324 6646 5740 468 5425 5438 629 8288 5497 2178 9711 1707 9530 4308 4276 9144 5015 2224 1974 1297 5143 1279 2533 8981 5341 6588
28 3508 3272 5557 9754 1133 2184 9395 8815 144 8015 4642 4435 2508 1221 9844 8230 8032 5340 583 302 1669 193 7705 5091 5445 4999 950 9349
28 3701 1505 1926 9494 8286 2838 5566 1692 686 4363 2346 3415 3007 93 3834 5962 7938 5986 5642 6109 7339 7934 2733 5155 1099 5011 1022 3143
28 9858 2000 5296 7056 9736 6747 6995 3934 7335 8700 2560 384 5570 4549 1096 6531 4148 5132 5752 1823 8208 4863 3466 7617 1722 3072 120 9604
28 3815 689 9117 4447 2966 9836 320 5428 608 1258 3229 1419 6105 2825 7659 858 7248 5812 9082 2240 9730 2568 4688 5569 8058 9313 1682 561
28 7621 2410 4926 3762 1205 4669 2158 8431 9996 7157 9634 5415 4146 1444 402 4100 777 5649 5169 3689 815 5344 2749 1970 2483 3816 4993 2968
28 4662 5292 8227 6551 5382 1976 3102 6225 7896 223 1244 351 2362 4924 5833 7879 5268 3801 9472 7542 923 5300 3409 4771 3472 9277 6818 2386
28 791 5568 4122 2775 8541 2161 5439 8974 1020 6686 1636 1322 3252 9135 3896 2411 2714 9840 1401 4129 628 5747 3706 3221 1001 4352 7204 7166
28 43 2882 4785 1854 7449 6445 8335 8615 8641 4930 580 272 4933 5063 6085 9564 5708 1514 5664 4405 5590 7478 7332 5212 1827 2809 5459 769
28 7251 8103 294 1758 5170 23 612 7748 3150 7031 3241 5157 5547 6923 8425 2935 8816 4823 2606 3031 640 4198 5042 9934 4237 5930 5140 8484
28 526 8725 8134 1556 6312 7651 8534 8368 9257 365 2853 7290 6220 9972 6369 7763 8252 9283 8048 6692 983 5773 9301 4357 7266 4995 3555 7411
28 1215 4057 8504 3625 74 7494 8013 9126 343 3908 5693 6171 6255 9457 7582 1810 9875 8 3942 7635 7133 9424 536 2461 145 658 6172 9995
28 8172 7980 8877 7395 1198 3797 4766 7096 3069 8967 2644 2052 8824 4670 3916 4404 8963 5563 6316 5409 4369 8959 8382 4267 9212 9061 9829 8539
28 8977 9520 667 2746 656 8008 4414 8562 4500 4374 9278 6590 2686 2675 1897 3973 3325 6368 8226 5932 8355 5989 4649 8480 788 9298 233 2501
28 5955 9589 7475 846 9796 1539 4495 3192 1188 8139 4941 926 5275 4290 1423 6449 9176 8557 6079 1662 6366 7344 3564 3614 2791 6122 2436 4789
28 7607 4386 7028 7815 7709 5100 9107 9128 5510 3532 7957 4316 914 354 4665 7141 3688 9666 9401 9469 3910 7684 7250 5923 4699 6209 9969 1627
28 5777 9951 1520 8383 6145 135 3705 1944 3358 2710 3854 5727 9780 1955 6665 4812 6263 4940 1086 4525 1254 3334 7311 9013 103 5981 371 9607
28 3503 3899 3049 3036 9525 5028 2301 289 9272 1317 6492 7489 5302 9665 5376 9453 6909 9908 5716 4176 4121 6625 3843 1110 166 4345 8716 4135
28 8906 2239 3630 6313 1261 428 2012 8900 5490 8293 4207 2634 4432 4946 2112 3124 6712 6140 6483 6067 2458 1741 3870 3432 7063 1851 1672 2819
28 167 2352 9545 8366 8261 8089 1754 9466 84 5351 2030 3136 4908 6192 9007 7055 9171 6337 8202 6157 3028 1451 8802 6667 1820 4928 3474 5374
28 8565 5412 4782 3170 7316 9139 1621 7503 5627 5146 8911 3960 8294 9677 3182 6846 6131 5494 9637 1382 6 3776 953 6867 5589 977 1551 3289
28 8246 5783 6423 110 4021 2071 896 1050 9470 7005 3926 831 5629 3597 5732 342 6852 8938 5098 3798 439 192 9867 5431 3444 7465 3588 1990
28 7545 1865 6214 3581 2141 2126 8406 6970 700 521 9599 4860 4261 8505 8145 7614 4425 2699 7762 8068 9946 9275 8265 8344 3638 697 8236 3202
28 5354 8983 266 4185 994 5475 4878 8328 8996 3923 1000 4614 7963 7553 6903 8278 3771 6176 1375 1452 7417 9843 5621 6501 7856 9945 2385 9527
28 68 565 8927 5941 3034 4636 8954 4147 5909 3065 1414 7804 7100 4448 9683 9059 3360 5655 2575 4825 9473 7507 574 2317 1617 139 7857 537
28 835 9640 4967 35 7442 2512 3492 3914 8678 8274 3774 9295 4728 4062 5040 6429 5437 2329 5848 9071 7968 4668 1687 6896 3342 9982 8306 5915
28 9189 910 7216 1893 7358 5435 625 2550 6555 9913 3837 318 400 6749 7757 2536 3046 8704 7076 4337 205 5743 7004 9766 4256 8636 1474 6988
28 8418 3681 4221 6057 1127 1849 3755 7522 4888 639 4250 6675 3463 1294 1516 2523 5443 4534 4700 4516 6489 3421 7287 1005 7413 7090 1313 9476
28 7179 3860 1730 5345 7401 4031 7000 3501 8466 8478 7483 9809 8358 3674 5768 2527 3337 5264 1144 7820 8519 4372 5892 6240 3526 7052 5372 124
28 6231 4533 9078 8547 1360 9115 5704 4739 9325 2742 797 388 7155 398 886 8796 4604 3058 9501 1733 28 6943 1527 4378 8612 3857 3111 4131
28 2717 3258 8858 3608 53 1100 2183 1228 3262 7944 2435 2303 5971 917 4637 6398 1848 761 5730 5398 6981 7535 8198 6118 44 9860 1445 2215
28 8791 4410 2933 4874 6378 198 6048 5218 6526 8673 7091 5368 3603 407 5223 254 3280 1213 8664 5882 9077 8676 9978 2994 2962 218 4580 9799
28 5465 4560 194 4803 1924 893 4503 5306 245 908 4749 7464 4273 9771 9372 9603 2943 6054 3759 8219 7813 6293 6851 9505 2911 1943 2572 4576
28 7581 5895 2636 7691 3667 429 8369 4116 2729 1603 1983 6809 1610 1405 7802 317 5474 2199 2605 7265 9064 9684 5246 4403 8397 8619 9410 6480
28 6123 974 8458 8003 1102 8215 1969 5520 7488 790 8154 2087 9733 5119 595 3344 814 2877 1471 6053 4265 293 5408 6248 8695 8305 8024 1954
28 4338 9211 9590 9222 9133 2868 2309 1532 9678 5253 8025 6559 112 6315 1320 2419 1469 2534 8782 963 9539 8926 3307 11 8412 8501 3931 2678
28 676 2169 380 9562 6652 4684 2835 6620 3992 7161 1593 4814 8211 1889 2704 4588 4986 5180 5806 4555 2349 95 5789 581 8228 4518 6972 9802
28 9053 2506 1053 9445 443 3209 4060 7186 3632 7681 9026 8087 3695 7514 8076 1696 2810 8098 7192 387 8116 7749 3014 5907 7085 8670 2957 1184
28 3425 5010 879 5610 3246 2055 7271 4452 409 5879 1171 9702 8667 1069 6892 7058 8031 6075 9611 5807 6251 9271 5056 5337 8779 5738 825 7460
28 3968 3126 1994 9006 8613 5079 9250 4621 5883 1231 8578 648 5359 6703 6562 2951 9387 9207 7972 7940 9337 5729 3809 3617 4678 8009 2480 2367
28 6509 502 2378 1472 9742 5160 8607 2698 1977 7620 3431 9028 3912 8912 778 1502 3371 8621 2991 6035 2229 8242 154 3021 2227 2079 2703 587
28 2600 3322 1339 1809 9187 678 991 9258 2855 6006 3731 9240 6612 6345 3166 9653 9098 525 5164 8888 3993 1648 5864 5165 4840 520 9094 3048
28 493 3353 1572 445 4473 3240 546 5423 1024 1985 6994 8239 5580 9322 8845 1654 4558 6305 802 8630 3945 8387 6898 2307 2884 7547 1363 6051
28 3534 2586 80 4550 7816 6753 1760 3303 1310 5401 7286 5468 6824 7285 2108 5394 3314 1075 1358 8600 5421 8427 8767 2388 2639 3257 4552 2103
28 1614 8566 2036 5097 5938 9042 7942 9363 1329 8812 3040 1440 5523 8772 1180 8409 1494 4693 4762 5174 2054 3668 2131 4086 8922 9181 9431 1399
28 766 3099 3903 5826 4190 8663 9448 7064 3525 3520 8976 7939 4281 9262 7928 5272 3924 1189 8225 875 7125 497 3510 9316 2491 374 6694 6161
28 6815 8577 5304 5603 1306 5608 9235 1845 1036 1181 3486 9813 1652 4706 2522 6698 5085 9025 8864 4484 3920 5316 4191 9210 1569 3497 2423 9784
28 7329 1689 1344 964 799 7721 5612 3651 4312 6291 9949 1028 7645 4508 3939 7142 3211 7130 1622 8045 3189 7234 8401 251 3808 6173 6029 470
28 5478 2648 9215 4246 2136 5596 2051 9820 6497 2589 9936 3623 8245 5276 5513 8102 4829 5034 6281 5493 2296 5841 3022 3796 4826 1928 9398 960
28 2599 1229 2459 3130 9406 3341 2281 3335 5942 7059 3456 6902 8074 5525 6343 1162 7012 5890 9399 7193 9717 7826 491 1112 390 2249 7348 4361
28 4355 3919 2484 4089 8122 314 2132 2477 6097 7536 1089 148 2255 1259 3539 5303 4035 410 6825 8186 3927 6289 8209 6799 9373 126 6455 3719
28 6493 2382 6948 8415 3858 1737 7243 8503 3698 2413 7531 2738 7983 209 6472 4245 1806 6583 9518 1013 4927 2786 3056 6984 6730 6596 1106 6883
28 610 174 888 8277 311 7538 150 7660 559 8072 3600 1866 100 3828 9217 1523 3889 8734 9125 131 7917 372 4664 2016 496 3947 2155 8290
28 3300 1398 130 7800 1352 4252 7689 249 5772 1207 5166 8552 7221 8156 9160 8214 8248 5452 5527 8212 6012 8086 1246 7646 2750 5717 7850 2779
28 9543 1938 175 1166 4602 6348 2519 8564 3377 2278 4844 6914 6143 4132 9270 3434 5464 2364 6100 1789 8396 4150 5805 3196 3523 3112 9731 4659
28 6699 8551 1549 9907 8191 663 8691 2509 4765 163 5963 305 1482 8371 6490 9638 3864 2219 6373 8319 241 7139 2035 8117 2308 1782 3082 8268
28 8910 1143 7253 6931 9592 6543 6062 4094 8689 1357 1526 2728 8218 8887 9598 1536 1840 3352 7595 7893 7302 5342 6303 6055 2721 6887 5946 212
28 5966 7080 7682 4718 2426 3723 7108 4612 5308 7195 729 5353 2295 7062 2407 2974 8016 3778 5385 9114 2324 6663 5287 6360 8419 6737 4548 7270
28 7849 8183 9168 3236 4760 4801 1573 7304 3253 5715 8047 8897 5295 3861 8109 4043 7206 1992 1145 8146 4389 9507 4232 5243 8647 2427 5517 4791
28 3883 1492 7653 919 347 5072 6438 8329 9218 9242 9674 2025 2970 995 6058 7588 500 3392 1388 7354 5891 4085 8161 4683 7107 6372 9253 8194
28 9229 2414 9727 6460 8699 4589 9729 554 593 4385 8231 1825 259 7433 8826 5029 5606 1879 2651 5927 2618 2807 712 4274 3550 9700 3468 1864
28 2323 4079 5637 7513 6989 9752 8488 5258 185 5115 5274 2685 1225 8309 4838 5994 5184 7077 5362 7741 5141 6503 3197 8104 4947 196 3041 9478
28 5967 2747 8315 8740 2146 5325 280 4938 3225 4075 1450 1044 6715 2492 2124 4263 4294 2070 7717 7506 8065 296 2288 9705 7806 9941 6358 9767
28 6687 8934 4065 5886 1187 377 7901 8523 8751 3286 227 5825 8292 9254 8882 7696 6934 3738 5957 4956 9124 8307 179 1212 3080 5544 5211 8392
28 1753 2021 4107 2331 1956 6049 5651 308 6748 5109 6475 4657 5685 5913 8496 4426 861 6695 1656 8610 7700 2046 1522 4841 8079 7389 6201 2829
28 2337 2391 7751 4494 7793 2011 7929 9994 7888 1488 5177 4173 8517 9252 5281 5458 7024 7919 1286 9789 299 8280 2327 9285 8002 8388 6627 3218
28 4318 1562 9818 7744 408 358 6138 115 4428 2245 1421 6662 2908 1859 3317 5600 7898 4407 3213 1327 4449 9358 3077 8326 1273 2494 6709 7527
28 8532 9282 2971 9300 7430 3332 1694 7979 1862 5263 3684 2433 2637 5451 4886 710 6069 9264 6383 8304 2371 7548 2196 5567 4681 6479 8360 1766
28 5516 3410 968 4942 8080 8472 792 8680 4870 1670 1411 492 6015 6858 4395 4608 2577 7520 7410 9723 7630 3570 5215 137 7207 8987 6014 819
28 4935 1752 5 8876 9664 4066 7864 208 9175 2591 2833 5850 8435 5216 8275 406 2083 542 9668 7 9948 1234 538 8192 1991 6216 1374 1635
28 2922 9856 2864 2472 9538 3720 6160 9963 6364 6443 5126 4845 8115 4667 2900 5572 8789 9503 1383 2463 3577 2580 2862 9508 8928 7453 4708 8683
28 4311 1062 4446 6676 6869 5433 4343 9120 8770 199 5290 1131 3846 5659 1545 5427 5647 394 770 775 6621 8960 7573 8818 2866 1331 2451 7029
28 6021 5860 873 7482 6154 9862 8332 1504 594 1883 3284 7288 7755 335 7208 5480 6353 1673 8929 5617 578 2114 823 9558 4853 749 4380 3305
28 4507 3278 3907 8698 5090 6888 4130 2576 8398 4262 3604 8150 8746 8650 535 5220 5178 4080 7601 1721 4417 6783 7774 8151 1720 8891 6413 849
28 4307 4566 9954 6167 7701 5379 2842 8282 4140 3742 5214 9658 9055 6624 7585 5373 9066 8475 714 9209 2217 4310 4477 6371 4690 2594 6136 764
28 7674 6683 8946 2768 6294 8463 7985 6361 9451 2657 6725 3184 2541 8320 7596 9047 8190 255 517 6043 767 7825 2875 2596 3826 119 2630 5723
28 2965 1641 4830 9130 6791 7337 4095 2078 1148 6039 5838 6025 2488 2918 9926 7821 9379 6840 4149 8491 2997 4598 6592 2189 731 876 7711 4111
28 8178 8447 397 9324 3479 3609 7927 273 6582 2014 6547 7201 6751 3394 7669 2831 6962 2454 7319 149 4210 1381 842 1361 7457 113 1958 3116
28 8462 7313 9150 6817 4769 4722 2137 3715 6696 4519 7176 3020 3803 8599 2015 3129 2097 8702 2171 326 5893 6059 5158 3282 6875 9403 9293 7966
28 5298 1342 476 3243 9939 8729 5724 2914 2770 9504 9973 7509 6932 9990 8363 7182 3053 4618 2341 5546 2059 511 3208 4767 7034 932 2398 6524
28 6430 8733 4937 5670 2205 1059 8176 9439 6444 2354 4578 3215 3648 1708 8686 2574 3975 1814 6789 6196 4775 3406 4512 4540 4626 4367 7066 3872
28 9988 5613 3187 2613 7699 4948 1919 6746 8460 4652 1242 5051 9720 3761 226 8243 71 889 9511 478 2045 5491 8784 4162 4719 7002 6929 531
28 5604 7870 2232 61 3315 7668 3850 3892 6677 989 8723 5852 3174 3949 9906 8738 4610 9011 8138 6431 8342 9722 1663 88 7461 5960 2559 5780
28 138 2139 9482 8481 6800 9673 4885 3598 2767 1037 4713 4286 9585 6191 8588 9681 4570 9701 9483 8792 2521 9292 3752 8629 7887 7073 4418 2400
28 9151 5462 7720 1278 5574 7787 9173 8124 1784 6919 1606 1257 8990 7041 7568 7556 7370 2696 8808 284 616 8853 127 8736 8580 3962 3595 1738
28 4170 338 6910 164 290 5332 2520 3383 8483 8643 2110 9332 3672 1723 4127 7819 9334 2907 9465 3436 2257 4326 3478 7101 2284 5256 3426 9481
28 6261 2652 8424 654 8097 4469 7256 8545 8128 4949 3104 4231 7484 6574 4382 151 6254 6827 4855 723 6806 3888 3338 85 1379 4714 5638 5227
28 9440 1109 1599 1499 3707 8711 5226 9096 1837 2646 4218 5393 8213 1483 239 8059 369 6877 9626 4058 2885 7471 8719 253 9444 9146 396 2582
28 9506 6257 7450 5854 4181 8007 8438 232 381 7068 8609 7242 4687 3343 8030 2416 9609 3621 1170 5236 5338 2816 711 8495 9192 7293 8696 1690
28 3347 9967 1348 4383 8794 3921 2342 9781 6968 5086 6224 5943 3733 9845 8550 982 6334 938 6071 6076 614 3081 5633 4254 7616 4959 197 5269
28 6197 8778 9872 4175 7394 2975 5939 6538 2151 1668 4165 1142 2925 8279 4011 5995 5936 2806 7827 6631 9837 5758 7226 146 4532 9782 2123 5885
28 5185 7402 9268 7022 2656 4629 3833 6163 2144 5652 5144 8697 8441 3379 8444 1129 6884 2397 9205 3359 6947 8403 2978 7775 6327 2999 8585 7907
28 9166 1433 9248 7871 1750 8001 5749 9067 7727 4006 5397 9651 1029 5811 5810 8258 2130 6129 3175 3965 2475 5392 1834 8979 2661 6034 8272 6732
