29 6975 3153 804 128 3702 629 2992 7988 8737 8251 9376 5508 2066 8605 8842 7859 461 1845 2639 3007 9265 9879 3843 1930 4407 7214 390 1446 1921
29 2822 9561 7256 1896 7232 4046 456 2574 4444 8460 7812 3398 5600 4343 7532 4855 381 756 8429 5799 1065 7862 6243 2618 7287 12 573 7315 4875
29 2150 4172 5908 6151 3476 8500 9407 466 679 87 9973 6705 2977 9008 4551 6530 6726 2130 1741 5920 8662 3969 1570 6 6673 8941 321 5948 8314
29 3883 8207 5383 8286 6402 1794 3731 8920 7046 5821 1082 9889 1709 5909 8231 7493 3271 1763 2327 2665 8825 7250 8456 2374 7738 4762 9687 8151 2388
29 8346 6229 9718 7295 170 5968 8176 4350 7680 4190 5597 4691 7824 6456 6780 339 418 5287 1495 744 6314 8785 4362 2612 4959 3859 5926 7540 9995
29 1711 3236 9826 5917 2746 5210 3291 6128 9240 8469 2843 2011 4090 4612 3543 917 2424 2492 4853 6394 4206 4253 6917 4620 4409 7711 2789 561 7364
29 8450 9282 9740 8740 8471 9428 2966 5682 2562 1784 2558 4833 2052 6721 1052 57 5594 3085 100 9985 3792 4846 1110 9881 4510 8994 6561 1559 7207
29 1434 2234 4616 3937 9804 9268 147 4387 851 4025 2176 3290 2705 3488 9024 2225 5001 3004 1931 1426 9088 5649 8770 3022 8739 2959 8987 8216 9600
29 7833 2139 1113 314 4217 8937 9540 5857 7316 8914 7671 7195 9158 1097 6175 5577 8972 2462 1195 2045 3965 9205 5155 3351 2498 5882 6798 1739 8167
29 5371 7584 286 6416 1890 6237 3380 5435 2334 6523 4443 1244 8144 1744 9135 6451 6924 8401 3089 247 1043 2619 9686 5536 1583 344 9650 8805 1778
29 3060 3856 4066 8464 817 4717 8074 8285 1174 996 3565 3548 1585 9906 700 3175 3231 4438 4836 2319 2271 7716 1355 1061 1576 9535 5029 8402 7697
29 6599 7590 9104 3383 9130 4195 675 4394 5568 793 5838 3280 6191 7962 9763 6147 5627 6334 1164 3178 4211 2628 3294 349 1474 2706 31 3202 4977
29 7674 9581 2265 417 8875 357 9115 1730 9289 4758 6329 2857 5830 2276 3054 99 7075 3677 263 9316 6896 8557 808 7658 894 2976 8816 7850 7908
29 9058 9890 2851 5938 3921 6973 630 7117 2233 2542 8153 1023 3434 7928 1392 639 9292 7889 4522 1902 772 3658 6583 9291 3943 7156 9869 98 5644
29 3873 766 2241 9506 8052 2752 5258 1412 365 5757 4168 7190 1557 259 8148 245 8051 3884 299 864 4670 2987 4024 3577 8895 5864 5256 1345 7270
29 3875 962 457 8400 1421 4933 2018 5619 8441 7097 597 4374 1880 5083 9902 3108 4149 4756 6058 5087 8212 5449 3230 5217 3510 1115 9080 4871 9212
29 7678 8366 6461 1021 60 659 5308 1151 1932 6210 9274 4293 2852 2092 6742 2981 5730 7236 9758 631 9429 1200 723 372 7754 3796 1071 2719 2497
29 5266 102 8568 2418 3385 9263 5313 2391 6473 6606 5964 3262 1723 7346 7893 1905 5688 9852 9711 6958 7548 6089 6239 7717 1682 3406 5432 9481 3071
29 4182 445 5160 3533 9075 3332 6221 7840 3528 6162 1074 7596 3310 2124 8871 5982 7750 5899 6760 9928 4987 5243 298 7465 8685 638 5021 224 7841
29 389 7545 416 4151 5914 6005 4486 2021 2435 7131 4383 2116 4435 7884 9256 4167 982 7808 3031 9530 622 9225 9602 2340 8203 860 3760 6762 2968
29 577 7320 7216 6463 9699 8751 4084 6859 4395 1602 9851 7525 6813 1223 5716 361 8190 9077 6964 2133 9319 3862 6560 2990 1594 8979 8953 3857 2386
29 6261 1187 436 7976 3322 5478 9537 2918 3803 5502 6740 3362 3506 3926 3730 5622 1353 1840 5778 8291 6913 139 7193 4403 1428 181 6266 8743 6017
29 2922 7229 8220 8778 6374 6718 8410 5693 3785 987 2917 3431 6510 2560 5330 7053 7307 9706 4016 8868 2750 1008 2545 4485 9667 3024 1022 6680 4014
29 4960 3117 8502 4917 3462 6504 6522 5188 4550 2744 5963 4728 8813 5451 8007 1894 1886 5212 3378 2222 867 4968 8202 1208 2095 2393 1653 3901 7063
29 3636 9157 8177 665 1410 3845 7986 3079 4745 5176 3648 9502 3798 6951 1771 4328 7795 4509 4103 847 2871 8136 4222 2250 1580 2862 2779 3218 3767
29 3709 1312 1822 5077 5520 9052 9621 4795 8488 204 1516 4945 6434 2465 512 5775 3073 7495 8702 6140 1357 8452 7895 1183 4746 3959 8470 3059 3080
29 8725 4303 5815 6003 9150 1505 4887 662 7299 3340 1307 3110 3563 8142 4295 4317 4637 6343 3359 6505 8098 1381 1155 4912 5946 4702 5092 9255 7887
29 1134 3656 1330 5031 2048 5128 9235 420 8679 9220 7939 2120 6719 7588 2967 8882 7515 3594 5554 8444 5494 2025 8951 8393 4008 6637 2985 7460 8618
29 138 4052 2005 5516 6092 7020 3292 2053 7111 4785 3675 6847 5124 5162 4617 3495 733 3571 354 1781 727 4121 4908 9472 826 6222 5650 7654 3143
29 5634 8057 2916 2599 6509 1994 7416 3489 9461 5274 6954 1085 8294 6368 2739 2671 30 5385 8380 4763 4778 5094 5011 9503 7616 4735 2385 4956 5211
29 1141 2698 6482 6890 4050 5585 33 7974 3904 3069 3078 5035 3147 8352 8942 1047 1910 8804 905 5617 9271 8408 732 1978 7602 7152 7837 9837 1289
29 3249 4523 9443 5653 3907 2126 9599 5253 5390 6550 3254 3402 4988 2188 1721 4750 6963 5651 285 6020 6777 242 6465 8174 3098 2902 1027 3555 470
29 5832 6578 90 9129 4480 3524 7723 9989 5401 4457 8040 9363 4266 7989 1063 4902 6462 325 101 6019 3223 6108 7204 6325 3111 3369 396 6279 2561
29 7277 2758 5462 8890 2144 4355 1325 5353 4938 5530 8573 5411 7068 8278 6892 2540 716 2798 4649 6132 9237 6259 3224 6040 6408 1728 574 5859 3818
29 3039 2607 601 7793 8613 2747 343 7203 6567 9658 9545 8025 54 2235 2204 6904 2692 8900 2379 4086 7160 913 1328 1454 6260 953 2895 7371 6627
29 2182 7606 2000 4091 4926 2147 2914 185 9583 9795 6675 2412 5811 4132 6836 1094 8732 4434 2113 6900 8806 3947 464 1900 517 616 3092 2213 4300
29 1415 4469 1492 9441 9385 4587 91 2129 6979 1971 3055 4375 5198 8455 1452 9707 7155 4305 9509 3933 6383 1922 3977 7360 5101 6271 8887 3870 9204
29 9053 4967 8170 7475 2145 7603 5102 2642 484 9491 7727 9979 1349 4425 7025 7431 9252 7285 9597 8524 8809 8738 5656 9759 814 8343 7764 7688 4714
29 8267 7186 8561 9957 9640 1229 8727 9533 3882 3984 4997 7473 5327 5024 5833 2056 1231 4860 4596 2073 6122 2159 9373 6209 4411 1967 4890 4978 9138
29 3363 8299 3316 7552 9787 678 4093 4975 5170 927 5023 2030 6763 6085 4199 8279 4538 3193 6957 6571 4837 1982 7092 5091 4584 6818 4963 6038 5044
29 306 1111 9997 9811 702 6410 7526 6652 7916 2624 4684 3490 1034 2589 6706 367 2660 9551 2362 5923 6789 8664 8084 3948 6366 8197 2008 6498 7234
29 4974 2847 6980 6819 8936 7543 3118 1004 7054 4497 2891 6318 6693 2017 8762 8139 7779 2111 834 7624 1463 5576 5858 9364 6355 4461 3467 371 946
29 207 78 108 61 8277 7528 5883 8001 9477 5183 5045 4818 1825 3121 3941 7973 8498 1673 1584 1748 657 1514 7480 7601 5795 2444 7839 1607 4576
29 5959 6330 6319 9304 1049 8693 5446 209 8036 7163 2303 5055 9249 237 4986 4549 6807 2231 9896 3600 4719 3561 6981 7289 4907 1626 1991 8768 4329
29 6190 4141 1599 874 7151 6922 3225 7430 9818 6312 4929 359 6999 6006 5786 2060 2283 1057 9867 5977 315 8449 6501 7583 4646 2925 7899 7774 3386
29 4574 6808 6493 1768 2756 6459 1093 4454 1020 7580 8258 6115 430 5848 6612 693 2407 5816 8156 9532 469 7920 2875 5017 6201 5398 5507 1868 5065
29 3198 2636 4494 1417 9777 3536 4018 3033 9994 4880 8677 5397 7771 831 7363 4819 4704 8461 6621 7283 7819 1274 8032 5359 6002 7968 8784 8187 2585
29 3511 6791 2228 477 9974 5244 4186 6750 8264 7993 1872 9093 3695 3923 475 5132 3204 5199 9553 4554 1078 8632 8252 2978 5747 624 7470 8583 1177
29 6933 3448 5771 9891 1758 9984 1904 8620 5177 8349 550 5311 5118 1618 4813 863 6565 5415 4991 9269 668 284 6619 5158 7164 8554 9109 8715 6906
29 2711 8184 3701 3534 5349 7249 9864 6452 5406 9380 594 3058 8821 7150 1498 1856 3213 3293 7189 3088 1699 5264 7520 5275 5173 5216 2670 3504 3082
29 7080 4632 1204 4808 5860 9408 208 0 3651 3086 7387 2986 5417 6811 7696 9196 3250 2806 3690 3621 28 2605 9905 6887 8606 8247 1385 4923 6301
29 701 3169 3911 6640 2212 1689 1804 53 3654 4638 168 2382 3464 9694 6484 7556 1537 4727 6270 8030 4445 3861 9301 3661 2329 5054 9045 5486 8696
29 5455 2863 5008 5345 5896 4400 6990 4083 1012 3683 1693 1309 2076 8341 9068 9232 2972 1346 6967 9294 8474 9114 5408 8126 4468 4643 120 511 6121
29 4071 7639 4896 3333 8063 3275 6727 190 6230 6515 8680 2522 5791 3449 6388 494 8534 5081 9717 5246 4537 8508 1686 823 7713 3457 7801 9573 2681
29 9351 1666 8504 5668 2535 2101 930 9961 7709 8840 8274 9529 4081 8337 2800 6786 9471 4470 2128 2625 763 8922 5039 9036 1790 8893 8916 3381 7936
29 4768 8232 6888 6245 9754 4910 7668 1707 7347 1193 1207 5584 3456 710 6291 7035 7558 5389 4261 8537 2733 1534 735 5813 5764 6988 1327 9847 711
29 3425 5492 2813 7449 6970 309 6519 6500 250 4521 400 5192 5550 1249 5072 7196 2015 5076 222 6759 4849 6694 8998 4961 5009 9542 7089 1738 6173
29 5262 5130 4543 6030 9459 5598 320 1917 9439 4864 5687 7209 5818 5962 9118 8780 9264 7737 5335 6775 1157 5715 9298 6848 5445 4352 3074 1672 7756
29 1377 3123 8565 2715 1465 879 3537 9437 9153 9035 4559 4153 2935 5395 6272 1439 8087 5672 583 9432 1649 6834 6751 3676 2294 9828 1150 2804 6650
29 9861 2209 8654 5116 4458 5726 9963 8609 3103 4579 1532 4856 1524 1320 5048 3067 6644 2341 5154 7832 5623 6116 9176 1277 4905 6447 9580 5991 900
29 3387 2921 7511 5952 8540 1441 1998 6826 9084 9436 3035 9793 4382 6098 8338 2278 8975 5614 4439 9897 7786 9972 8923 7501 2776 5471 2088 5707 6172
29 327 2446 3361 8969 5181 4309 1342 8553 5512 2132 7503 7811 189 345 7860 5104 5505 5409 3773 4886 3296 5663 7389 4729 5286 1881 1655 2783 2980
29 7324 175 1700 8282 8829 4629 5022 4703 141 2674 2183 8591 9750 6060 6996 8175 5531 7975 4842 104 4859 9859 4505 632 5677 2093 4962 2623 5674
29 835 9662 1196 2940 3914 2350 9123 2409 8093 5975 7135 753 1948 4658 5015 7081 2315 9596 9144 9807 6984 4000 8556 3157 7342 5215 5178 8062 4915
29 5030 1785 5149 9286 4034 7488 738 5053 2158 2179 8655 3277 9414 3368 1489 3063 8129 2899 481 5563 5172 9105 8929 8647 4936 1727 3138 1484 8753
29 6257 8934 5564 8906 9708 9559 2298 174 3195 565 4726 991 6486 6701 8650 3180 95 2387 6009 7762 9331 2588 9086 7073 859 3601 451 7806 5738
29 2098 8698 2554 5997 2401 2479 971 8012 2322 7468 1980 2100 403 3584 8560 8223 5746 5123 6691 8984 5745 2861 614 4287 2065 2448 836 3422 4901
29 8246 773 1051 3268 1809 3331 1715 3541 3711 8466 8206 2028 2685 5135 4226 388 4970 8667 5628 2997 7710 4755 4848 6011 2261 486 7746 503 1651
29 1566 1574 3247 9416 1818 4391 8111 6057 8154 5403 2760 123 1935 6585 1774 6624 2653 8837 4557 5853 4173 6095 2317 4608 9524 497 6955 5666 5204
29 3384 5336 8205 910 4966 1024 4116 3114 1427 2207 5533 9029 6814 6670 7069 7591 7836 8028 478 9396 4854 6372 441 7477 2778 4947 2273 3913 7272
29 8709 2191 1938 7244 7790 3612 8417 4003 4577 5457 3892 1988 4281 6129 6072 4276 1457 4955 7635 9009 8086 2880 6101 3478 6838 7858 9293 8194 7747
29 4114 3660 1568 7335 1124 4903 9752 9585 8718 2961 9760 886 8659 7509 6137 4051 7622 1743 5989 3824 2240 8570 2896 5629 7923 5002 7533 8964 5836
29 3171 7439 8383 540 6275 2167 6767 3854 356 4032 4544 4284 7312 9628 2082 4421 3129 8269 4164 705 4464 6401 2784 217 6783 7281 4872 2217 8392
29 4760 2995 1191 3618 5423 473 4472 9762 4264 3388 9808 9012 4825 4943 9177 5827 8599 2425 7350 9946 162 5807 3135 607 8146 3649 4502 1522 8909
29 4115 8372 9942 8717 5115 1293 9395 2920 9456 7483 6666 1671 2178 6024 278 5191 6400 1225 7879 2941 1251 6679 9813 5812 2248 5110 2357 4135 9802
29 395 6062 1779 3302 432 4252 1300 7719 841 530 8222 7370 5282 9334 7146 3672 7013 3499 1190 6054 4606 6196 6911 7228 4020 5928 6161 2349 1367
29 9688 528 9470 3373 2933 304 9258 8293 2613 5301 925 7935 9311 7298 6182 8276 6492 9156 8171 3052 8485 725 4319 5380 3841 2514 2291 1397 5921
29 5919 1038 4349 7922 7679 2736 5166 7369 7227 8687 4124 7091 5647 6063 643 4598 6698 1565 9016 5871 7182 9379 1479 2553 9022 4197 3161 4345 2661
29 9475 9445 7015 49 1737 9590 7721 3703 4642 1555 7743 4460 8562 1952 1719 1409 8610 5056 923 1970 9730 3221 4810 3946 6713 8241 6068 6806 7010
29 4611 8183 3765 523 4677 5224 6379 3205 6436 7927 9983 5440 4290 709 9299 664 815 3184 7578 1432 7945 757 7600 4039 3910 3421 6142 5007 4111
29 5482 1959 4773 656 5082 8526 1674 4358 2525 230 67 6454 1920 4602 559 4780 3535 2521 7732 1379 1234 9541 9569 3214 7306 5344 2668 2516 7649
29 9413 5679 3833 667 1197 9241 9939 3430 5739 2654 4782 4410 8482 3629 3609 3463 3820 3370 8396 8208 3012 8888 9181 5599 6305 3197 937 9724 9478
29 3815 7613 4338 2876 9806 6816 5742 7239 1253 8215 84 6648 2148 568 5379 9525 7385 6166 4159 5572 7098 154 2302 3521 8219 3607 2716 977 7690
29 9371 3628 2459 6720 2244 2906 4722 289 9619 893 2689 9092 2520 8886 866 6749 7126 2568 4513 7821 5888 2002 2597 9348 113 5734 2814 2249 233
29 9822 7759 5583 2803 1926 2168 1203 3443 6328 9338 9067 8857 7459 140 8925 5978 1613 3960 1806 1084 6373 3206 9948 2991 415 4517 5050 9192 9958
29 2849 5260 9814 3746 4249 4817 7896 682 1411 9451 2078 1526 9458 965 8489 1494 7564 2411 2740 1246 8457 3712 4624 9637 8068 47 2431 1099 2436
29 6845 8394 2156 3149 7890 5126 3300 1612 1167 6331 5523 4019 7712 3303 9261 9564 1713 608 3248 7133 3776 9938 2115 5088 9713 7508 8011 6133 1551
29 660 9960 7395 9460 191 8726 9229 8756 9315 1310 8211 8131 3839 3034 4045 5373 2226 6039 9944 2690 8962 122 8853 4741 9620 8695 6157 3522 9882
29 7318 8657 8315 9790 5436 684 4069 80 6395 7305 2799 8191 1206 3241 533 6521 3971 14 5773 8303 3342 770 9608 6139 7977 2571 3779 9349 3531
29 152 8090 182 7120 8851 9980 2337 8673 8828 7816 4062 9526 5405 1796 9010 3344 9998 3327 3325 992 9137 963 3257 2751 6534 2487 7123 3062 6787
29 1408 474 5555 5612 5895 9467 4730 7768 5343 9499 5314 6357 1102 5497 3152 1418 8031 8226 9171 9480 3566 1107 1447 11 399 1798 8070 5561 2007
29 8404 7205 3972 2330 3610 6677 6869 6036 5159 4575 3791 9281 7877 4456 3828 539 9931 9465 8563 4333 875 5452 2905 2162 2491 8830 6442 2952 4821
29 6428 5846 687 3278 2767 2841 5163 6359 2039 789 3850 9247 1695 9381 32 3753 9344 3276 7217 326 6333 9603 6158 5521 7644 6660 575 8465 7260
29 7937 1753 4671 8503 1241 8418 5348 3513 6854 4630 5843 872 9051 1829 305 7725 7033 5484 6946 8420 8705 146 7302 7332 8555 9422 8061 2441 849
29 4467 2583 1842 2195 3350 2201 7891 1865 2762 6553 7875 5407 4582 5122 2666 1488 6861 3886 272 97 7254 7905 9945 8433 6745 7280 6149 9163 63
29 5014 4246 7115 9236 6681 7957 3348 3741 739 4500 4679 8493 5290 2404 1056 5378 6768 9400 3751 9801 6558 3538 9819 1716 730 5950 5042 2530 3708
29 8424 688 7421 4802 1422 949 2815 3238 4385 7455 4774 9871 6672 116 7043 557 2708 5790 6494 6934 3509 7469 9652 374 6506 7435 6542 2123 4659
29 8103 7132 3179 7574 1983 5207 6437 4251 9267 5090 2590 5694 1395 3834 2869 4280 3837 180 6443 8397 5099 5180 6602 9353 7647 2306 5849 2901 9404
29 1579 2414 275 4436 1558 8834 4053 2136 4089 2919 9921 4127 7082 3377 4749 3458 7853 9209 1623 3140 3428 9631 5518 3112 7804 7386 3328 3872 592
29 3181 6152 8607 1014 7575 3992 9147 62 2679 8316 2474 8369 1708 5840 133 7012 335 8133 3718 5927 1438 5363 3307 4209 9069 6377 4346 5851 5269
29 2368 6543 553 4766 8513 9761 1414 2644 576 6069 5802 3986 9110 4919 9091 8915 2219 4033 1338 3900 6803 2455 9305 978 8409 1939 1212 6633 4184
29 9543 9200 4796 4650 5333 6313 3323 1368 3037 358 7328 1256 5137 5073 7656 4112 3567 2245 495 2112 2621 1966 8965 1786 1957 3101 5375 2582 6598
29 7576 570 8586 1080 6748 443 1165 134 1317 5425 2370 2651 3284 7663 6743 6741 2888 355 2974 7079 9199 6858 3200 3842 5391 7463 6327 5410 6537
29 4581 3590 3560 2506 7516 5868 8958 1299 5376 2538 2061 6385 1548 7118 6591 6518 3102 6689 5602 5468 7547 5267 8163 876 2063 3717 3816 4364 7215
29 5254 482 5898 7720 5066 7361 795 73 4044 7703 7409 620 5611 8814 5720 4656 3512 9560 6417 5103 2192 7451 821 1989 6103 6052 3451 6135 5723
29 5535 4065 6891 7183 2570 7408 883 2489 9571 8477 4931 7753 7830 5106 9325 8996 2034 5692 5078 7357 7497 1859 543 296 1108 5430 1928 9982 6843
29 9141 4922 8833 6699 5940 5201 9745 3821 8728 3185 1564 6948 9389 2882 4180 6450 3301 5493 4738 8795 366 1529 1953 3084 2718 6028 7066 4707 1315
29 3452 7781 7235 8781 1597 8549 2748 9504 4672 4325 5059 8505 2040 2675 6143 3942 3927 775 7447 1850 8997 1569 5776 8058 105 1937 7568 2134 5517
29 5955 9360 6931 1152 3903 6464 9184 3556 8904 5133 1269 855 4667 9655 153 9757 1640 7848 2827 1116 3338 1455 7055 1974 651 2067 6320 5551 2451
29 5233 3877 1924 4481 9073 6936 9272 6615 4004 9954 1039 5834 4990 1371 9283 7005 2224 635 5616 3433 5684 8075 6771 8708 7730 7705 1185 7934 6491
29 2440 2765 5062 434 8919 5226 2154 4231 1487 4692 7407 1444 3515 7308 6772 4240 7778 3113 5931 9512 829 7139 2529 3219 7220 3279 1916 3083 1199
29 719 333 5324 5247 4529 7482 4784 9133 5277 1883 5292 8691 7990 8135 5782 6350 8034 6387 1224 4404 1561 6342 7452 506 8533 166 9463 2504 4171
29 3155 2766 9584 4088 4415 3667 167 7748 3558 878 9260 8769 954 58 3525 2683 1161 7225 1702 4245 6144 8308 5575 6541 2203 5678 6153 277 8636
29 5500 9054 4068 6032 3442 8178 6753 5916 7541 8588 4732 258 4101 3321 861 8707 9794 2447 4879 176 2102 1041 7445 1869 1834 3547 2616 2288 2107
29 6950 6781 7787 3919 4227 5867 7406 2238 7105 3724 8325 6856 249 7077 4258 4779 2631 1654 4389 3945 4484 3874 9369 7542 3727 3349 4590 3719 2103
29 2198 551 6046 40 4279 5680 3587 1160 3192 6138 6590 1724 8801 1214 2973 1170 3605 2662 4663 9083 4772 6723 3032 235 9082 8487 1533 4789 419
29 7995 2378 9284 1365 9384 7845 3836 926 8042 3770 7062 3603 3622 1352 604 4839 7184 9387 538 3408 579 9313 9206 2282 8192 4811 4998 2809 5877
29 8172 1587 1491 8399 4655 9302 6622 8968 6369 22 4888 6976 6354 3382 1838 1606 7437 6050 7141 7398 1814 4426 3687 5702 4274 2627 5161 7820 9932
29 6603 5801 9568 8850 3953 2218 2186 8572 1525 8528 8511 1233 2887 2342 669 7102 4648 6977 302 3768 1356 7686 1617 2054 9766 7166 3366 4685 1864
29 3516 6754 330 5675 9612 8791 5052 2468 9059 3989 5304 7423 8106 4288 844 4120 8773 5399 588 9516 7874 5922 4210 3438 3141 9423 3403 537 2423
29 2417 8835 7031 544 2352 6284 1243 8442 6097 257 5856 5699 644 2859 8094 7758 4614 3615 524 3550 8403 7507 2438 6799 9198 1464 2556 5193 3570
29 493 5973 8977 8872 1961 5683 4001 2138 939 546 9314 7873 1158 782 1451 157 9876 386 8800 6589 4618 4220 7440 7521 2197 1305 2572 501 6202
29 7849 9888 3855 5171 3598 1210 8697 1131 2289 9870 5074 8350 3686 7242 5152 7124 5239 5393 9920 9518 2602 1984 8157 2284 8018 7966 172 5845 7049
29 9696 7794 5147 2614 896 2775 2301 7259 7592 6233 2055 1242 9278 2413 7620 9424 2326 5098 6962 3261 2816 6081 2454 8811 1449 2268 7677 8683 1990
29 9858 3423 3240 8547 16 3722 6643 2410 8389 3313 1861 7531 1046 7809 5993 7834 4054 4310 8054 4932 7504 6852 8323 5819 4437 3207 3308 8395 1627
29 7179 6197 5524 1278 3367 5400 3186 4589 4545 5012 4204 5441 6651 2645 6399 1050 8319 9528 4806 1366 3915 6023 3469 6289 1546 9476 368 3580 6614
29 9594 188 9488 968 1964 7842 1787 4950 4306 7078 4396 7554 3191 8509 3220 8578 8313 471 2307 3916 5164 7814 3726 6335 9517 5513 8640 4698 212
29 4077 8669 2496 2858 9817 3411 43 689 5315 9317 1694 9332 394 1661 2576 585 7763 5419 4868 488 549 3270 3045 8110 749 1634 6435 4275 7348
29 6812 596 9913 9632 555 1236 2279 9485 6919 1897 4431 2878 5404 143 1504 7171 4610 6180 7333 9337 5194 2471 5184 5582 7121 9064 1369 7772 6647
29 3766 2805 8849 9076 4573 4304 7952 7637 6538 1007 2835 3453 3416 7104 6082 7167 633 4406 7438 9676 6636 2361 6293 818 1347 2059 9003 2400 4361
29 9340 5954 487 6910 3324 4307 6710 901 9078 5879 9531 8832 2833 5477 2500 2216 5519 6282 1884 279 8674 6070 9101 3909 6867 5549 5032 411 6179
29 2038 5532 5377 663 3716 4221 2096 1797 5760 4822 2943 1262 7645 109 8436 1664 2087 1645 1803 9965 7051 9167 2883 6076 843 127 8270 8945 5453
29 8085 4259 6671 612 1631 8072 7513 8564 1420 4900 6795 8147 1319 6601 8378 3400 1450 9140 248 4233 8301 3564 7799 3729 516 4775 1079 7422 7911
29 7828 3265 5528 3811 7621 2037 7572 5218 6562 5822 70 2184 6646 3028 6187 2982 5295 2364 6850 5607 6066 7226 7987 5316 4877 2703 4674 1154 2587
29 4764 957 810 3575 4622 2085 4298 7028 8649 1882 9442 9689 5200 5606 522 8168 3890 6195 7506 5676 9234 9574 5765 1337 5711 3311 9968 8928 5690
29 7136 9246 8995 9522 8204 2036 9546 6793 1888 9919 5071 4515 9043 3981 9845 8761 1567 4496 1955 9875 1018 8275 8633 6478 197 9143 5780 969 6587
29 8595 9756 6347 1956 2693 5566 6551 9149 4377 3742 8413 373 2900 5852 6418 3418 6953 2181 3162 1252 201 1090 2865 8637 3081 6013 6881 2786 9827
29 6570 2870 2649 2557 5112 4250 393 6985 4031 7450 5969 4665 781 6471 7557 8490 649 9981 2988 6067 1019 8048 5719 8218 9633 8037 3468 8180 7341
29 8980 68 7487 1560 6278 7442 3019 975 9178 1871 7400 8159 2913 1650 3812 5662 6106 4894 1578 246 6685 1284 9878 2434 4615 7903 6823 8236 1766
29 820 4236 8049 9120 6073 5542 3281 7800 9327 4064 6252 6033 6018 9824 9877 758 5479 3013 2792 6232 5250 6118 6455 4999 9020 240 5779 5365 4916
29 9601 8152 4805 7351 144 7381 5499 6112 4015 313 4520 9466 8855 1126 6945 2077 1927 2945 6853 7095 3485 3613 4613 2638 2709 65 4832 6625 124
29 7245 2223 6424 4239 2512 1239 7158 9675 5351 5887 2867 1226 4873 1144 6508 9453 6079 5884 7325 3282 3395 3617 6109 6420 192 4459 9041 5930 3227
29 4935 7382 5529 6959 2395 3150 6676 1433 150 2802 8182 6927 8145 8334 1308 5718 5187 595 7500 8107 1388 6926 1017 9962 8660 3906 6061 3334 7641
29 5465 1999 5673 4951 3391 294 4567 8865 6364 3835 3794 545 2606 683 4177 7491 9469 3109 1265 812 3413 9843 8388 7524 6159 8596 9354 8307 341
29 8044 94 2954 7358 8714 9489 7016 3091 943 6186 8862 4914 7958 1103 7740 5972 5752 6104 2726 9922 6642 137 1202 4798 5276 6181 5918 9838 3595
29 1048 7138 3756 8523 931 3847 768 5228 4724 5121 1545 203 2577 1142 9729 5695 1736 5539 6839 2458 9125 3093 7933 1404 2819 9615 9987 3540 6148
29 1386 8472 9850 8297 3306 1969 7061 3234 9324 4533 1402 4223 3415 2114 580 6846 56 4572 803 3222 5892 9449 1714 6490 2737 2907 5609 5988 7722
29 187 89 6595 2399 6123 979 1264 8992 6236 6225 5474 5904 9228 4215 1936 5265 2821 1780 6487 2402 5338 9004 4105 3713 9557 8880 5621 2031 9607
29 7418 8019 2854 7230 6635 4175 4495 1121 2280 6747 9254 353 6574 9672 9996 5767 2419 6045 8161 9614 853 9048 5232 7714 9208 8060 4516 6898 6014
29 27 4398 3027 1429 3050 1462 1985 2346 5302 9173 7122 1003 9007 907 1467 9659 8480 2702 1180 9519 6290 1506 3572 1997 4827 3979 3664 518 7796
29 1577 5195 7309 7979 291 1283 6105 9223 6874 8603 7291 2610 4519 5450 6915 8373 8720 4570 8199 1656 4463 3115 459 8985 5665 5317 9015 1350 6090
29 1813 698 1247 9042 3679 9175 4314 3669 685 83 4657 5592 2390 7321 3786 1636 650 4125 8119 1332 5824 6080 9514 312 2533 7107 9697 2781 3876
29 9049 3704 7096 5136 8766 1608 9096 93 2064 3487 1290 8335 9434 8185 8787 2348 2466 3068 9779 2932 2543 6605 7562 9112 8747 6404 6217 2659 582
29 9925 3042 1824 2469 2305 1016 6703 7878 7338 431 7345 2513 1459 2495 6398 1530 131 999 9749 7211 3673 1297 1162 8742 2376 8582 7008 2620 8385
29 1826 3128 4980 2971 6966 2430 9915 4282 1770 1304 8150 8214 3454 2632 9673 4378 5642 9046 8082 7632 3787 661 3559 2109 5491 621 4592 2994 7162
29 7735 281 1066 8273 6556 2253 4286 5850 4809 7401 2832 8988 3094 924 3446 7172 6940 830 1789 9341 1335 9950 8363 9074 9347 5937 8132 5953 6632
29 8407 8447 1472 915 479 8108 1592 5522 3167 7755 4792 4428 310 4100 9122 2970 5546 646 8491 2831 4075 5143 6370 5019 9991 3355 8548 3188 4131
29 7566 1067 9039 3693 2912 2106 2137 4315 9044 1011 6472 1460 4212 1892 4925 6629 4477 2929 7208 776 7780 6831 1470 442 4820 9904 4619 1105 6207
29 586 5097 8624 9966 4104 6125 81 1821 2797 3481 2897 6310 71 8989 9290 4277 2658 4191 7027 8735 5872 3002 4270 1628 1543 6513 6371 8539 9154
29 6340 8971 4057 5756 1220 171 9391 2687 8645 8358 1852 9812 8721 5808 4417 4368 9021 3754 1684 1729 7904 1481 5624 6593 77 7938 7951 7996 9527
29 4474 7914 7642 7529 9625 3318 2258 1340 4885 4953 5900 6862 2080 7258 6873 9483 904 398 3728 6739 8692 2081 2764 1646 1762 4981 4866 7534 9604
29 4634 7337 5984 6117 1835 1644 221 3777 2247 1083 5781 5279 9448 7948 5346 2287 2432 7585 7964 4939 2696 4569 2655 7354 9032 2911 5374 4526 7414
29 9321 3160 3929 6889 2472 1547 7359 3647 1679 290 8652 8623 5894 2730 3132 7018 9312 8029 4070 1733 7339 8451 8635 3996 566 8244 3962 7474 6588
29 1641 3832 8678 9951 6093 1760 8328 4174 3212 4247 21 1490 3879 4092 5540 9326 6692 755 7231 8312 5271 7998 5657 783 44 990 9916 4354 9969
29 6507 2452 4661 7084 2239 3122 9494 216 3780 4289 4527 5793 986 8329 1598 6968 623 801 2700 6734 6194 5788 7391 2926 4695 4026 1473 4419 3116
29 3440 2672 5934 2855 1100 2640 408 236 7915 332 3546 8245 7701 4423 5581 1173 5205 2420 7273 967 9926 1586 7827 6828 6577 7194 6184 3472 6091
29 6669 4801 328 8592 3172 5251 1302 1898 3130 2274 9720 2780 6224 8015 1914 7265 3047 7813 2229 2684 6349 728 5932 8100 8510 5809 2850 4605 1635
29 3183 3968 7581 3781 9079 6766 8046 8913 4478 8627 2595 7536 2548 4603 6438 8422 6403 5806 8571 6604 8525 6165 1005 1685 3993 8981 9710 362 6576
29 9328 7855 6756 8841 504 6304 2609 6286 2637 5175 5603 8808 2998 5839 5732 2220 3616 2723 508 241 2023 8357 9610 2336 617 4412 4561 9700 8009
29 681 4501 2086 1275 6150 4005 7865 1222 8723 4452 7983 300 5661 7344 2903 938 6802 6249 6875 6219 6525 4007 6273 2437 5466 5559 5698 8412 2254
29 45 5557 8432 7636 5751 6292 4514 6817 3320 9733 3215 8824 4074 877 7882 6545 6100 5331 5463 6736 2580 4342 6391 3998 8846 8416 9071 655 7502
29 3782 7662 6154 6871 3312 9856 6616 402 7489 2928 8189 997 8512 9 5426 1456 1376 8608 9656 5111 329 5981 149 9034 6704 2544 3840 1001 3634
29 1788 3076 3471 5903 6790 7742 2555 8594 1219 2937 8055 8967 865 4218 2893 3814 4027 2453 9174 8767 3358 7659 6688 3663 2170 8077 2834 9410 3517
29 4759 3503 7611 1148 9515 4636 1198 9781 3934 9308 2924 2355 8755 55 9098 5356 6466 645 5139 2259 1722 6536 1362 6169 6921 4600 491 4257 960
29 8364 3353 4751 7867 2140 5307 8421 2622 2707 8518 5998 7056 3819 6206 376 3896 1403 4244 1101 9102 6662 2796 7897 9953 6317 7617 1015 5392 7456
29 3075 7946 2090 9352 780 3762 5796 1322 7675 3912 4163 4921 2808 4862 729 2617 4525 4451 4056 268 348 8789 2160 4255 5615 1697 7885 8298 5033
29 934 156 4060 5886 5797 4323 8266 3917 9350 7847 51 1045 6882 4601 9616 7994 7212 5040 4301 3638 160 9493 6702 5294 9788 4380 6094 2956 3232
29 9670 5552 9288 4807 8438 3764 8711 8873 6872 5100 4413 6171 9365 2463 382 2714 3897 1502 7023 3964 4536 7797 6801 1500 5907 6929 806 3038 7527
29 6227 9117 227 8327 9627 3177 9909 2673 9622 59 6820 5063 213 5913 4761 6321 6594 9266 6555 562 3999 423 932 4061 5337 2380 5586 5481 7326
29 6430 7494 554 7481 7436 6618 4076 8581 1098 4736 3364 7767 4687 918 4207 3137 2206 1591 7940 4269 9386 8280 2669 6431 6303 9152 2848 966 6216
29 6198 1466 1520 7014 375 1639 5990 5439 3544 5382 9056 7672 1962 8901 8926 4080 9323 6649 5733 364 9775 9680 9025 5120 9065 4881 4940 1508 4964
29 8544 7539 6258 7724 9937 9397 5706 2499 4542 2318 5350 5413 1069 8538 3401 8597 7546 17 5750 840 6529 7565 1874 8527 2731 7319 6189 6626 1445
29 602 7313 6557 69 9033 2343 3266 437 6218 2788 8760 7037 225 1968 7238 5037 7676 483 8856 1563 114 5728 1718 4367 2749 8574 3970 2084 2518
29 8339 8724 6597 1670 3518 3623 1276 2403 1767 3105 1643 3825 2546 6337 4776 1070 5590 3319 9345 2196 6043 5225 9013 1331 1374 6358 9645 7174 4331
29 5876 2335 3260 1442 4156 8530 5506 9121 7651 6764 7039 521 3849 2549 3983 8475 4492 6607 6247 4972 7372 8344 4449 9978 6308 9778 8744 3952 8670
29 9151 724 3878 1554 4716 4082 8569 4487 8876 3678 5384 1163 4179 4511 1054 9893 7932 3790 1950 46 9239 9306 3688 4366 2537 1518 340 5273 9770
29 5388 1387 7060 9930 3763 35 15 3802 5878 1603 5119 92 8426 7702 7615 2312 2292 244 5340 401 5061 7913 9335 1811 9277 7002 7997 1106 6575
29 4189 7251 6683 5153 4200 5460 8577 7393 2071 6584 6582 832 2416 1885 9823 1819 1469 7881 8198 5288 3414 4038 9605 2177 787 7090 7294 6942 697
29 3187 2517 4397 653 7177 3620 2608 8463 9883 9548 1620 1182 8722 322 914 9716 1581 3639 6120 8467 151 4731 3309 2427 2962 7322 6524 6405 2894
29 9159 4506 4989 3264 627 9956 9955 200 7597 5036 7466 3670 1280 9736 7130 7587 5573 9534 4162 2460 1755 2356 1528 1396 2478 1010 3159 9731 6422
29 3482 9194 4607 563 1862 6566 743 4465 8689 6690 9917 9575 7157 2300 6048 6146 9103 1848 4770 8580 6477 5025 3374 6086 641 509 6397 6596 647
29 558 4701 1407 3201 7769 2701 7872 2266 2415 1683 8859 8844 8826 4713 9501 4700 6653 7829 6712 7255 8612 9374 2443 7505 6415 2099 3645 7399 5255
29 8598 9136 6475 3643 5553 706 8375 5303 974 525 1096 38 8115 9490 5994 2979 8023 6526 4133 1230 7640 8209 7523 4984 9886 9320 126 9866 5885
29 654 1817 7448 3051 5945 7323 704 4117 177 7038 7213 7484 7589 4583 8864 2464 802 1876 4475 4675 8656 9450 3424 6761 8682 1295 9774 202 2338
29 5241 446 4994 6623 8324 7349 164 8000 1194 6744 7352 5828 9411 5691 5971 618 8336 3046 8496 6827 6641 6254 2383 4783 7223 5526 7817 4256 9346
29 1752 4660 5069 6983 6864 385 3783 7240 1810 4130 2373 5222 2389 5093 3700 2237 7218 4143 7143 3372 9377 8763 3352 1812 5569 9244 3918 9431 3399
29 3592 3258 4006 8130 9884 6348 6255 7944 1032 4446 5068 911 1168 8038 9214 3646 324 2663 4187 6939 6825 5743 3526 2422 6012 8376 7900 4063 4087
29 4119 9031 1539 4 2304 7605 9831 319 8812 5146 3146 6287 7941 5230 6176 5943 1169 6512 9709 3732 4920 1843 9124 9576 8225 9113 9586 2157 8311
28 2734 746 7496 9636 9899 813 8575 8263 6160 790 360 916 6367 7310 3568 9681 112 4654 591 7535 4041 8064 7461 4326 3239 9613 3633 7165
28 9446 3235 3772 4442 5461 9139 8754 3871 9457 1692 5169 2656 4599 2262 922 6895 8684 9011 1471 4899 1334 4036 8043 6356 852 7631 7029 7577
28 8786 2550 7901 3119 462 8884 5744 7931 3439 5070 8067 9087 6449 3269 4351 1535 9507 7378 3596 3967 3976 8863 5792 88 2264 1550 6810 6732
28 6638 3491 5881 7707 5058 4639 308 4341 9006 9231 2725 5803 1321 7739 838 9047 8196 5131 5866 1400 5626 5145 3133 2505 205 2345 3589 4712
28 3210 5057 8927 9646 3501 2024 6866 163 6630 7876 3925 2050 5770 4906 9923 8688 5648 4299 7956 463 9641 5321 9691 2405 9723 7854 2630 6065
28 5370 1143 8710 9933 3455 3267 1593 9393 1749 7045 7906 5514 8604 1147 125 1145 226 7433 1940 4330 4073 155 3542 2360 2567 1279 6969 2016
28 1717 1893 1437 2963 4718 173 4788 8322 8398 1370 7522 3721 9303 909 6220 4815 2889 1858 2026 1775 6987 3626 5190 41 8777 7856 1678 3006
28 691 8141 7752 6265 1745 8532 7110 7392 1258 5570 7863 8437 2122 9216 2759 8370 3891 7064 4372 7434 9142 2476 9572 828 4384 7726 8096 2594
28 2600 4433 4311 2 6822 8699 4192 3480 1028 2062 7942 199 5480 6544 406 1832 6288 6306 2029 6004 2898 1129 2503 2257 2559 8712 3168 1211
28 1595 3902 7173 961 460 2429 5580 3299 7390 6708 8889 6997 4823 9618 7114 4934 369 8259 4826 7093 8287 4012 8542 7486 9134 1361 9555 283
28 9435 6897 9248 7929 3139 6411 9055 4017 7278 4158 4652 3484 8665 1642 1135 7919 7103 3376 1732 5444 1949 8772 3699 3173 2844 3072 2810 1911
28 6425 8468 9227 5669 9967 2519 4183 2853 2450 5763 2097 609 8815 412 628 5268 4676 6326 3569 3475 5697 7446 6659 717 9579 378 5960 4539
28 5588 6042 8434 2205 6746 873 5587 7185 4640 5322 5983 9862 8435 1044 2165 8497 2047 9427 9426 8138 8331 1372 5814 5261 6074 4683 8731 7187
28 816 811 5134 7219 1863 952 8681 5368 3182 8894 7275 881 7429 1314 8621 9598 7206 5236 9783 3924 7634 3809 5709 2311 3938 2041 6639 2267
28 4662 552 4122 4238 2339 8368 3335 8831 6300 5935 9127 972 5817 6044 4312 7099 7248 9040 1296 3597 959 8622 708 7453 5633 5543 4237 3829
28 2823 1285 9251 3412 3405 8933 6016 6686 4334 5028 1837 2255 5854 3806 2704 3928 7733 9999 3880 8419 6923 6870 4979 8940 1947 9894 8479 6441
28 3288 7329 8073 4777 5545 7149 9753 888 9425 7670 4898 392 1621 9796 6757 2534 9430 985 9521 500 885 351 121 7618 1378 9863 5470 1793
28 2603 7343 9492 2396 5724 5574 3297 9986 8877 4201 7007 7443 7623 3974 337 6539 6841 7040 6678 7070 8069 2461 1527 5560 9221 7261 5591 1136
28 1179 3025 2482 7161 1217 7607 6779 6446 6994 1839 7257 7072 1172 1188 3211 6223 4482 4623 370 165 5221 2486 8427 4682 4721 6496 8932 9784
28 7883 9872 9243 9747 4455 5 4553 2770 8330 5578 3228 1128 8666 6174 2251 2372 6111 2695 762 4781 1475 7420 7252 8802 2942 5717 9918 5562
28 9180 5041 2012 336 9785 5610 6658 2194 9660 1849 413 9771 228 3251 8550 3409 5567 1523 759 5414 921 520 7224 3208 4196 8228 4548 5638
28 8078 8946 8125 3396 4937 7538 1854 3040 9737 5748 3863 8734 5442 4578 2508 5485 4043 9624 438 9028 4725 1476 8411 983 5459 1486 8585 7555
28 3016 8961 1712 5534 9751 3680 4948 9495 4241 3784 2948 8752 3246 1091 2006 2527 5394 9653 3252 7373 5283 25 3994 6339 6833 9188 8092 9914
28 9168 5966 9257 7695 273 5658 6099 3830 4562 8122 8794 2909 1933 9355 5758 8990 6315 8304 4786 4308 9578 3523 4427 892 9452 9841 4594 1773
28 5354 1833 1424 6407 3242 2868 3486 6752 8483 5168 8861 5329 4546 9217 7233 4213 3043 5498 2839 1291 7311 8181 5234 4360 5725 6564 2143 3642
28 6392 6214 6294 1175 7864 6322 6242 4874 8004 7693 6715 1389 510 6352 1137 3674 1536 887 3029 5754 6514 4234 4927 5571 7457 1266 3985 2936
28 526 9764 1734 3932 6382 7519 5525 2591 3608 6037 8123 1002 8448 4371 5727 3343 8614 7570 4847 8839 9638 3980 2884 5196 6248 8658 9398 4678
28 2874 9742 7569 1746 8053 605 589 8957 5772 6609 9970 3407 2643 8796 2151 5565 2270 307 2022 8600 7137 9849 6986 2072 8088 4585 8774 8631
28 3190 4878 1831 3987 4803 2633 5925 5138 111 1064 2175 5291 8616 9844 1401 3888 8764 1088 4787 1696 5328 7085 4267 1975 1263 9030 3583 9343
28 9832 5837 2297 5117 7279 4313 184 5759 3715 7009 2068 2842 5689 6010 3026 8759 1122 8242 8300 72 1757 7019 9722 6832 2667 6311 6776 9296
28 8858 7175 7030 4386 7969 7870 964 8541 6361 2230 8907 6918 9089 6386 8601 5731 6724 8973 6937 2641 6131 1979 5660 856 9253 8317 769 4422
28 9106 7708 5206 7253 6234 1138 4942 4734 1725 2983 1132 1329 2019 2369 7612 751 6628 7129 2344 7628 2579 712 2392 7128 1958 6901 4897 4235
28 13 9037 994 7367 5416 8950 1095 4969 4048 8700 5366 2044 7706 7276 7792 4109 5447 8321 3397 8703 6886 4462 3447 8672 2275 4973 5736 8629
28 6600 7397 3630 6935 276 941 8911 1238 435 7629 8668 4402 4892 66 8384 9390 5174 3125 8367 6682 5933 4029 3165 2964 2094 439 5593 6479
28 8653 862 3720 3694 7383 9719 1354 5911 8458 8617 9482 1261 1303 1879 5804 7831 6851 4645 742 9639 9682 1026 5319 6251 7741 2634 2371 7947
28 8027 377 928 3 4123 4009 7691 9183 720 5142 6145 5332 5974 8675 1483 5646 5631 1624 8729 6199 4816 3691 6661 5538 1951 2510 9767 5320
28 1572 9417 8644 3295 4957 397 3272 3858 4370 2955 8944 4857 9372 1406 4340 6611 7700 8847 8340 7 7646 8045 6805 7544 8535 8387 3021 1638
28 7851 8543 7458 7694 3044 5829 1588 1326 6470 7664 8391 7415 1544 9002 3441 7909 86 2488 807 9566 9536 267 6855 4369 2523 1891 7843 7978
28 5967 4944 3775 7638 2768 7625 4828 1750 1792 7036 3330 5309 5080 1853 5067 6156 4843 3805 3788 774 765 9539 18 10 7930 7731 950 4097
28 9145 9868 8870 2664 1398 5182 3429 6212 7142 9654 2426 5064 9993 7199 5214 1341 1221 3737 8817 6469 7971 4203 7512 9582 1820 7362 8898 825
28 8579 666 2755 5237 9462 4248 5433 9107 3905 409 9857 9222 6581 3963 9668 3939 254 6124 4285 2742 7301 8302 7665 5785 3345 3354 2999 519
28 5835 626 8566 9484 5855 2578 800 117 6163 8235 7059 4882 8047 8345 3502 2125 7943 9169 5980 454 8091 5753 6517 3614 7604 9705 2957 531
28 6687 5939 1751 4390 8445 3049 132 6274 9975 715 6460 6893 8775 4669 6696 7499 9513 6307 9929 1075 4102 8229 1497 8706 4993 3289 8374 3444
28 9714 854 5632 4560 7910 3696 3346 3500 2947 1431 2646 7472 4344 1870 6362 2741 8626 3885 1201 4013 2210 6733 8169 3752 5844 9679 9860 2367
28 3551 4392 2526 9202 6049 1257 2058 8005 4134 8262 2001 5347 2720 3065 4633 4335 2309 7292 2515 3445 542 9108 3995 8112 7192 7411 8799 4339
28 2652 5944 4503 7689 8966 7286 3090 4621 615 5490 6707 9072 4028 331 9800 4139 2200 8758 7550 7749 2650 8428 692 7094 5285 8959 6269 1637
28 9738 5049 4318 6928 6563 2801 6868 5157 5189 4110 7282 4047 9739 3010 1458 9666 8921 7159 4405 3789 3466 2824 8902 6916 4228 7246 7593 447
28 6613 3562 6497 9606 6444 5714 8281 3326 2728 4588 2946 5951 4985 7001 3514 8355 8310 8643 4924 7303 5141 6782 5515 1237 9912 9805 891 7021
28 2563 6001 5826 9669 7144 4476 7467 1344 8377 9203 6084 995 3771 9160 9935 2256 2697 3473 5060 8016 293 7263 8788 857 253 1288 8879 5987
28 3256 4322 4447 5537 1025 1996 5596 5223 4229 8008 2931 3194 2818 6829 8860 2110 3650 1 19 4861 7687 410 8010 8782 8164 9018 9927 6821
28 9992 9213 2263 2293 1515 5086 745 4185 4055 6944 9952 2629 7388 5428 7058 9359 713 3244 7479 7269 9715 9649 1311 4271 9285 119 1268 1503
28 1764 4049 9447 8733 3347 1260 2295 8638 8593 2763 452 1915 3360 8446 5202 1114 9262 4653 3142 4709 8101 9479 7595 7074 3710 936 3226 4965
28 256 9131 3417 906 1250 2782 6280 4273 3465 6697 3743 1218 4869 3317 998 7221 6453 3552 8233 3097 5762 2363 8576 4850 882 3653 2296 1399
28 7047 3145 2890 1192 4152 3707 3203 7751 2477 7032 3908 642 5847 8939 7757 96 2118 4541 6949 1273 5735 3070 8905 3586 4681 6029 3404 1363
28 6096 1364 4067 9219 3036 2353 4030 9665 3158 5105 532 4992 6213 603 4160 8362 3253 5464 4357 3245 3966 8531 7818 3426 1800 9388 5257 9330
28 625 8143 9038 8481 9816 4137 2677 6341 8897 5369 9339 76 2033 3759 3003 9630 4035 2886 9671 7573 6645 6458 7666 3450 5787 1270 8240 2528
28 2586 352 9378 2252 3954 232 784 1120 3508 3341 4178 5438 1436 2314 5006 3961 9409 4911 7410 3793 1945 9789 8104 2105 9001 6755 6332 2406
28 2202 4466 8356 8003 9629 5456 9773 6547 2950 3166 1519 7766 7340 9552 1171 1726 1156 4059 5755 179 7954 6903 7902 4664 4593 4138 4690 7264
28 1130 9498 1125 4870 5713 593 489 1485 74 252 7243 6178 2826 5352 4420 5504 9617 183 1213 7170 1513 2934 7892 8736 1287 4841 3810 3436
28 5613 3104 9336 6992 6102 8634 8423 6215 243 9126 8296 1423 7949 1029 2324 1783 4555 8587 8230 9000 6381 2566 7972 889 6943 9786 9444 7559
28 9791 8492 6765 271 779 6634 9898 1245 3532 9976 9835 4136 7838 4835 5299 8295 5443 1272 6788 6127 4626 3739 4336 8836 6667 581 1946 2456
28 9111 1060 1035 2604 7728 590 674 9415 7336 2009 7784 8035 3955 8255 1830 5741 514 4129 7826 5179 1987 346 9623 7868 3057 6722 3048 9307
28 3922 8545 7394 5889 6177 1448 4096 5312 3520 391 301 3435 9187 5890 7673 4737 2108 379 6087 658 9486 7669 3066 6077 9765 7810 8771 9782
28 1359 1271 1909 5483 7992 5637 513 6902 7268 1166 7284 5874 7549 1453 7112 6396 7630 1625 3973 7959 3053 8160 3578 2626 4705 1601 2215 3748
28 9191 1512 8415 3867 4628 6262 5784 9943 8292 9554 5976 9677 7247 3723 6253 64 7626 4534 7041 5625 7627 1663 5386 3706 5870 453 3106 7492
28 6440 4996 8386 9685 2769 2771 2221 9949 4799 1360 5238 5259 799 7290 6406 4148 2043 3869 3432 5469 5203 3593 9657 8852 9698 951 5712 5208
28 4078 280 7191 1390 421 8083 5296 5875 7561 8318 6824 3314 3975 4448 264 6502 981 4202 1720 4863 6285 4528 5342 7551 455 448 75 1648
28 9727 8896 3698 8584 6657 1178 5167 5434 1609 5412 4021 8602 8686 4851 6119 6226 1391 7314 2449 3761 2958 4324 6281 1209 2721 6203 2481 6546
28 6785 2830 2793 4909 6485 7715 5863 9565 6800 9910 5701 4140 9855 673 1517 9810 9587 7428 3738 1394 7657 1501 186 8749 3848 8165 4625 4353
28 3581 288 8017 5740 3735 6445 4597 499 8741 8260 734 527 5108 9185 8066 3574 8333 5643 1286 1605 1324 1877 4490 4320 8520 3868 1184 3808
28 3860 4170 9361 6000 8949 6481 7981 3170 902 1419 1259 2153 600 4829 9279 895 4010 347 5043 6549 3365 3990 3493 9642 2712 7807 496 6830
28 4794 8097 9887 5448 1123 9329 1681 9892 8478 4641 2083 3356 39 1146 8095 3692 6965 1616 1973 9230 1153 2575 4296 1443 6136 4532 9558 5489
28 750 7427 1846 26 5263 9825 4627 8238 311 1089 4440 1908 6674 3807 3599 2185 9119 1058 9901 2366 9062 4242 9496 8845 7413 8484 1851 2969
28 8948 1040 8797 8625 6283 3283 8365 7296 5769 3298 2552 3136 384 5427 7088 6302 7514 507 935 3736 5929 7599 3800 5527 6717 4058 8353 7917
28 6770 2795 5197 5942 5949 9874 6409 8476 7330 7765 3553 7802 7076 7271 2014 1496 7912 5825 9644 7293 8102 1112 3023 50 287 9971 2565 8694
28 5777 7984 3496 9820 4983 8701 2166 7464 7419 2320 8253 7000 7377 3061 8883 4693 5958 6083 2598 3852 7444 9744 2856 3527 9563 6495 3529 819
28 2442 7426 9592 5213 9097 4697 606 5861 9362 9368 4095 5096 8639 9233 2790 214 6323 5272 148 8021 6107 1232 7498 2732 3936 7518 3375 9403
28 9211 3611 159 6961 1380 1373 8991 8256 2470 8013 8486 560 2428 6338 3920 1918 4094 1619 5186 1087 7113 8748 9063 7125 6008 9023 9383 1993
28 2381 9014 7042 5127 6580 7667 3479 541 9854 5420 9908 4952 8332 9081 3287 8982 2290 884 2592 5961 2035 5140 3498 4042 9164 1227 6235 2678
28 4804 6956 6250 3951 7180 3009 9356 2838 5556 8628 9842 1960 947 2354 5842 984 5252 4706 4609 129 9911 1857 9259 7101 1705 8305 2791 6730
28 9988 5475 5696 9190 4126 9907 215 5639 2680 4205 6711 5766 2699 5800 4157 9776 4812 3056 8495 7067 3749 3725 5686 1633 4531 7861 3008 6835
28 3505 9440 5965 5387 792 5671 8924 4145 425 6296 8912 1889 5820 3853 2581 4146 6376 3822 260 6894 945 3689 8716 4150 196 7424 4540 2494
28 8983 3492 6610 9732 9520 8651 8320 1944 1081 4432 7071 2647 8892 7846 178 9712 8999 1006 6346 9840 4982 5710 3838 5685 1875 282 5548 1313
28 2785 9940 736 3582 238 6267 3604 266 383 7108 9839 223 741 9060 8137 8630 3978 4321 2596 7825 9318 2180 7619 6489 3588 8105 5915 9510
28 9215 8099 6155 7109 7116 5318 2027 740 1759 7024 3774 564 2539 7953 8149 7044 4118 5655 8379 7017 2787 6034 6907 2211 7050 8792 788 7134
28 7633 8121 4765 8237 4181 8261 760 1836 2846 648 636 1754 1934 3585 2939 3747 8960 7803 424 5362 9746 8818 316 6579 5231 480 6737 6804
28 4757 9692 8952 3744 1600 2375 4278 5424 2457 4504 5749 9412 7432 9287 8020 2193 7365 9162 5841 761 1343 898 5300 1119 1629 4224 3931 973
28 2717 7222 7011 8118 1133 9322 899 9936 6989 4243 833 778 1698 1929 210 8221 4883 6877 2208 6193 4491 4198 5992 4108 8776 4556 2467 4767
28 8440 2169 6231 5794 7982 571 3733 3865 9990 3637 1092 6192 9280 8938 777 3477 5810 4493 6863 4508 6568 9508 6316 1333 24 8918 2532 3107
28 405 5595 3519 8134 9382 9165 1542 8494 5278 2735 9664 8558 6941 1873 2171 1828 7563 5986 4399 8056 942 8430 9903 6932 3697 3014 2119 9768
28 7760 1573 1772 7985 785 8820 8746 1549 110 1680 8507 2923 7560 3778 6345 3389 440 6695 8155 2272 988 8014 7857 1995 8516 3758 7789 9941
28 993 846 6168 9772 6620 1059 2745 8970 3745 1228 9704 4316 4379 3199 9588 4332 6353 9611 2333 7140 4154 1318 1912 5558 4680 587 9643 4644
28 7609 2648 9743 2384 3410 6113 5670 9725 9310 1248 2325 5509 1405 1482 3684 9197 4800 5541 6527 8930 5979 786 9146 6769 3940 6972 870 7178
28 8128 1769 8080 3064 1575 8381 9238 1735 9648 6344 1118 5281 9250 3437 4748 4946 7425 2485 8459 9846 8071 4563 6241 6573 2938 6947 7153 2879
28 4904 3681 6778 2930 8462 7327 5125 7960 4272 7745 8943 5869 6908 9367 7898 5924 8288 6384 7083 9693 8361 4651 2079 6784 8117 4291 8351 7368
28 2091 2163 1468 2965 6844 1053 1076 194 4193 6188 718 3606 2397 3393 2615 1511 3895 6110 7353 8869 2172 5339 809 8955 4666 5774 6960 4747
28 1925 9695 5209 6516 229 690 8454 135 4483 1189 8224 9309 584 6208 4294 6380 4106 8041 7366 3549 6047 9684 1669 251 2691 677 869 7655
28 6423 1965 8120 4327 837 1795 771 7317 4079 8878 5488 686 6849 2811 9570 193 4845 414 9405 1384 9468 3864 1687 3163 3196 467 6240 4708
28 5325 4166 9128 8227 9836 6027 956 2331 2601 3304 1622 6531 8899 8140 2682 6930 303 4498 3255 9473 9550 6840 3823 8081 2269 6533 8750 2149
28 6885 498 5298 7699 2013 7022 6794 6978 1541 4958 8552 7925 334 2724 6365 8210 6714 9647 7961 118 8173 9245 7048 5381 7791 2189 6883 6051
28 7653 3991 2777 4769 5109 4834 4524 4194 5396 8309 4363 7334 529 4011 989 5026 2227 5957 9701 5630 8354 5995 1827 3015 4631 845 4913 7652
28 295 4797 7698 2135 3671 4165 5901 7375 2511 9090 6268 798 6728 3795 2010 8283 6078 1117 5038 317 4668 6700 2089 4337 8810 1665 5227 8589
28 2713 1805 9755 3950 3659 82 8022 9848 7955 2260 7267 5018 6665 3889 5956 1887 912 8425 1844 7530 9226 8521 1375 8179 5985 9474 6246 7417
28 3831 2351 6668 9019 3898 5654 5020 6559 4489 8974 3273 3134 9464 1461 1552 9295 7476 613 3371 1510 9333 8719 4265 1815 3988 637 8443 6413
28 9155 7297 4099 2152 2359 5705 3757 3804 6535 8499 2243 9703 9769 5367 8963 1383 52 4085 7510 433 3627 6141 9201 640 5805 7965 1323 1791
28 6130 3632 7402 502 4393 4867 9406 794 261 1688 7661 5501 8931 2657 6134 2593 9683 6617 4023 944 6774 2190 1254 8306 426 2915 3769 8360
28 671 1531 2996 919 2003 5010 2313 3018 7405 161 6238 9300 9218 8248 9609 1977 9487 8158 7181 4142 6126 6569 6053 2398 7396 3474 9094 8114
28 3665 5245 1036 747 3557 2873 5862 2908 7374 3887 9420 9497 1701 6228 48 3662 1216 1710 9726 9663 6880 1841 1031 6920 3120 3652 1298 4771
28 1660 1807 429 5360 2394 8663 2236 3644 2541 8284 6552 1919 6025 4918 6540 2753 4488 8867 3714 748 9193 3591 8567 4416 103 2807 4552 4791
28 8730 6056 7384 676 5783 1282 6007 6277 9853 3545 5768 1799 3131 5075 6414 1416 1571 2173 4441 1901 8704 5544 2421 7197 2308 731 9829 1690
28 8854 3209 4535 9735 3844 3881 5229 9186 4348 1895 5601 9780 2551 5947 5027 2975 9419 297 2131 4225 1159 752 6899 9977 8559 4995 1255 8819
28 6982 1339 1756 3866 8765 7176 2710 6244 3176 6256 8347 8976 4930 4723 270 407 505 5495 9070 4216 4928 4155 1181 6324 4450 6952 8268 5681
28 4753 1348 3640 350 6876 1659 6393 8506 9798 2722 5700 6809 5289 958 7924 1382 9066 7823 4359 9026 2377 8127 9342 8522 8935 6041 4268 7718
28 4107 8406 9591 34 4530 1562 7869 9880 6738 619 5906 3020 4161 6026 318 2949 7210 7003 7963 2277 5437 7594 2285 7970 578 5729 5970 7775
28 1062 3233 3126 4214 7798 5051 8050 6419 7441 4263 7237 3982 3095 3944 6837 3576 4453 9567 5034 4208 6467 2074 5358 2214 6709 3958 1801 4347
28 5604 5467 2365 8234 721 4566 2242 8848 2433 363 6586 4430 2825 5761 8908 8200 1611 2727 2676 9195 890 7567 79 9924 9900 4580 5284 5823
28 2584 6857 130 1590 2141 1055 2536 8201 670 1215 3797 9815 1176 3011 9207 7200 6204 8116 1478 7241 7198 9433 9661 8515 3041 8290 9438 8265
28 7822 1704 2323 4976 2860 1521 8646 7379 1676 9690 8536 567 9370 387 7844 5737 955 4686 3263 1903 3666 206 4971 2812 7553 824 1596 85
28 5798 7704 5185 1139 4858 2232 6295 9394 2738 1000 3286 4696 680 6439 3657 9674 9050 1336 599 2473 5004 8382 9061 4688 2885 8272 6842 5897
28 1030 4568 5476 6363 2439 7485 9803 2281 9562 5510 1747 4844 3635 1963 6375 8519 5487 1033 6528 3017 8359 699 737 20 4954 2881 4586 2493
28 8039 2146 6200 6655 1604 8239 3997 6427 4388 472 3144 9728 7404 6993 5114 4230 4072 1013 5357 1992 4876 9399 485 7788 556 9748 265 6865
28 6488 450 3579 6815 850 8954 3755 7866 2286 3494 5235 9651 7288 6878 1358 3096 6075 3419 8271 2490 5620 1077 8823 9865 9934 796 7537 9577
28 8033 5454 23 1140 338 970 5496 1477 1610 9885 6860 868 1972 6716 9421 4128 2070 4865 5431 3189 2729 2347 2046 2104 5618 2828 4635 9741
28 5046 3827 5608 1855 220 2051 3619 8076 8249 5293 9375 5000 5306 2984 1507 4471 4893 976 3077 1480 7571 8676 37 9523 7154 5635 8024 6088
28 7918 8546 422 1614 9273 4715 8006 6731 6205 8089 5297 9179 9057 3124 1553 9547 2910 8186 9626 5893 7454 8326 7145 1878 262 3734 2480 2507
28 9189 5503 2069 1860 1923 6554 5079 1657 2989 980 5355 2743 428 4743 4098 234 6938 6905 444 6608 3655 4283 754 195 652 6654 6264 696
28 2864 2993 6474 6664 1907 6421 703 7660 6412 4040 8611 6378 7785 239 4424 6998 4740 8113 4604 9005 5421 8838 3237 5873 8002 940 7608 7886
28 5941 9166 7648 9095 5910 3573 5912 8793 106 6914 3127 1630 6114 6448 6483 2475 2299 5640 797 6071 6297 7967 2953 2328 1765 4037 8978 694
28 8590 4830 7650 3682 9721 5148 1913 9182 3229 6263 4564 8917 9833 858 3894 4373 255 536 6336 1823 458 3154 1658 4571 6059 1393 3956 722
28 8026 534 6879 8193 2358 3949 8257 36 2892 4941 7950 2502 6433 8124 2484 2872 2951 1240 6476 2773 5902 8881 6631 7100 1316 1615 5372 7907
28 476 4473 1205 8615 4710 4408 7598 3243 7462 8993 7761 1867 198 3893 3461 5013 3602 8947 9017 7403 767 5364 897 5996 634 3530 4699 2611
28 1691 1556 1037 4824 6351 7147 3427 4356 1127 5429 5249 4002 3685 6457 492 169 6758 1632 4499 9275 4022 9402 714 5936 6532 7805 9873 764
28 3216 1425 5156 8431 1267 7579 9242 5084 6309 5547 323 9809 8661 6298 1662 2174 6884 2321 2246 3624 7057 6909 2483 1281 427 5418 2075 1954
28 839 7380 3259 8903 6995 3001 2774 7412 2142 6185 2020 4401 6429 3801 8807 8713 5242 7582 5605 2688 1072 8690 1731 5402 8195 6360 6390 3957
28 7006 8453 9538 9224 2573 908 7777 4889 9634 8289 8213 7614 2877 1294 6426 6432 2187 3000 1582 6031 8342 3483 7734 6797 1943 4518 9100 3554
28 929 5645 3005 8910 610 8439 3151 2310 7835 7815 1292 8956 4376 6684 2032 5095 5422 4595 5458 9401 672 8079 2117 4733 9099 4479 7729 2155
28 2635 1976 3339 7773 5310 1042 1802 4673 3100 6276 4720 4547 5579 2944 2845 6170 8827 3740 6035 8822 7034 707 3087 8779 6503 7478 8986 4188
28 7148 5472 4754 2042 791 7065 8790 9172 7356 4262 6183 6773 6735 2686 2757 9830 1073 7168 9511 490 6468 7274 695 7683 145 9505 8514 4418
28 2772 4260 5129 9454 7744 404 2057 468 4647 9593 9500 9116 5905 8254 2761 2445 2564 3539 5708 342 8473 5165 9210 1509 4884 9358 5240 9556
28 6021 7894 7331 7026 8885 9678 2161 380 4831 1986 1899 4689 7188 7300 8348 6991 8217 7999 2754 3357 3497 1782 1086 7770 2866 5789 6663 9418
28 1942 4949 9366 4144 2049 9549 2840 1440 3156 569 3336 5219 3817 3390 274 5880 1351 6725 2127 827 136 29 2199 880 9148 5667 3285 6974
28 42 3899 8166 5511 1430 7086 8642 3420 8783 6015 3174 1493 8390 7586 4365 1068 3799 8866 3329 3935 8059 5305 948 4297 218 4840 8891 6164
28 548 9635 3099 4219 6211 8162 4739 572 7304 4292 933 7776 8371 9455 9959 920 5248 842 5636 8 4744 7736 7517 7106 9947 7004 3305 6656
28 7782 4852 4169 8250 1776 5144 9027 1306 8874 1104 1589 2004 3705 8109 4414 449 903 7262 535 8405 5722 1703 9170 3459 7991 2501 9544 6511
28 1109 1816 598 3164 158 5999 2794 8517 1149 7355 2509 4565 2121 1667 1706 8529 9297 5150 8671 7685 3750 269 7376 2694 4793 5361 6055 8619
28 9392 9797 6729 7980 8745 6167 515 1777 219 9270 292 7682 115 2817 9595 5652 4838 4742 3394 5089 7490 5016 4176 7052 7119 1540 4254 6480
28 8551 7871 1186 9702 1675 2569 107 6971 1301 1435 822 1742 2316 1847 5270 8757 211 1941 6792 4711 9834 6592 7169 8648 3148 2904 7852 9799
28 3460 9589 5721 5113 1677 8798 7201 2960 8641 6572 871 9821 4147 7681 5220 3641 1652 1906 7684 9357 7266 6548 6022 8803 5280 9161 4895 5107
28 7643 2524 4507 2836 5151 1740 6299 3625 5704 7610 2547 4591 3392 805 1866 7888 4232 8414 3337 5641 6064 5085 8243 5589 4381 4512 7921 2829
28 6796 726 2332 6925 4694 5323 7880 6389 7202 1647 3631 3507 1761 1413 4814 2837 4752 7127 7783 3217 142 8065 1538 2927 3930 8501 7926 9895
28 1808 5865 5326 1499 5005 6520 4302 465 848 5659 3315 3846 9792 231 5664 9734 4113 5003 5891 5047 4429 8188 547 6499 1981 3274 7471 1235
28 5703 4891 5334 6912 3851 1009 7087 2531 3813 1668 3379 9964 2408 7692 3470 9276 611 8843 9085 2164 9132 4558 5341 4790 3030 3668 3826 5473
