29 1566 4768 4632 5545 6150 5308 3346 4597 6615 1797 7190 4519 2548 6386 5093 9716 3250 4482 5495 4837 6896 7137 9652 1061 4961 1629 7435 1345 9770
29 2139 4065 1062 6935 5483 6278 1165 2637 5772 358 3078 972 8931 249 1029 3963 7159 9469 7410 2272 5494 3206 9306 9637 1281 5559 3289 8443 9799
29 156 7759 8128 702 3126 5436 7185 7988 5053 5510 4997 7767 7377 8332 213 4414 4614 834 8082 7041 6383 786 3823 3066 7125 6159 24 5418 4977
29 6428 9858 5041 1014 5387 3412 4942 6437 4251 8486 4579 7000 3955 8248 5833 3684 6607 6512 8571 7573 3357 9574 5922 2109 8219 2712 9904 2456 9255
29 6975 7995 4701 4808 9385 5658 1042 7878 4953 5935 9919 4544 1524 9068 376 5443 1840 381 1743 2598 4668 6886 520 735 8749 1705 3816 6264 3048
29 9475 1666 1364 227 6117 5896 6125 1342 8553 4174 5603 3194 1747 2092 5265 30 5730 2653 8866 6589 2458 7269 9205 9620 7713 5231 3083 5042 8696
29 6198 5954 7704 9787 5534 1448 6554 1160 9675 3130 1218 4153 5405 225 8149 7044 2387 6009 478 6528 7685 7085 5932 6239 4631 6308 951 7805 419
29 8103 3160 1893 854 9669 357 8726 1917 3984 6160 833 1622 9092 5691 2551 4213 7564 222 2270 4886 4863 7686 1232 8940 1449 8981 2441 7294 5453
29 5876 5679 8568 1751 9079 684 1760 7117 8251 8627 7291 9012 5803 1262 6026 9355 9757 5056 4812 875 8704 9132 9377 1978 856 480 5948 1851 1864
29 835 6891 698 5908 2963 8584 740 7526 9362 8004 1269 9812 2412 4985 7112 3401 2979 7248 6487 5636 3999 5888 9503 8088 9878 3406 9463 7178 2791
29 6430 1111 4236 4803 5566 1220 5744 7872 8911 987 620 5584 545 924 9008 9877 3939 2975 5186 1087 1561 269 114 1479 3946 127 2119 7806 6804
29 7849 6669 3911 3640 1398 1025 5210 6395 1167 2937 6364 3507 5488 8426 1308 700 2951 7218 2029 6957 6894 9775 1129 2991 1815 5950 9293 9847 9204
29 2734 8232 6931 8481 1745 294 1133 541 8646 565 3850 7071 4873 8661 4420 7075 6350 7994 7563 9896 7821 8275 6281 4270 5864 1881 8011 2585 3642
29 8450 6808 6578 288 9735 7769 3242 1414 3604 1810 8877 2426 4689 6728 580 7265 2888 4059 6938 1201 5421 5892 5190 7376 5812 6929 3404 2620 7641
29 4467 7590 6319 2777 817 5082 1236 6643 7768 261 1849 1861 2539 109 1873 6072 3961 8336 840 2997 2172 767 2619 2732 8554 4291 1105 2968 3531
29 3353 654 8207 6231 3763 2664 2106 9055 9495 7390 373 4374 9855 387 3828 4312 6223 3552 5773 7624 3965 728 1331 3084 1209 6532 4827 9403 5033
29 5832 8315 9957 5529 3259 5423 5052 2591 7316 3887 5142 1215 6948 3303 1249 2151 14 414 8171 2259 3296 8748 3022 7019 4061 2329 2143 3472 6413
29 5254 7418 8406 4099 8829 9115 4887 8831 3745 4521 4292 7284 5442 7300 5048 5842 4328 756 481 7283 4206 5656 6420 6659 2976 6654 9438 8240 7907
29 9670 7822 1060 6402 9984 837 2167 8790 4724 468 9634 6918 5106 6780 9207 4351 6106 6302 6443 1006 488 8676 4912 826 344 9698 3958 2213 3504
29 3155 2993 5532 1818 8083 3744 682 690 743 8182 2286 9910 6213 1144 5135 1453 2206 4118 9465 4786 935 6805 8010 5719 6688 8660 4890 8216 5486
29 2758 993 7574 1816 8327 8162 4627 4975 74 8638 5397 868 2044 2833 1853 1830 5648 6850 3419 6020 9000 6642 4210 7520 3098 3710 2268 1106 8629
29 45 1660 5245 9470 7699 3557 6292 745 3182 9949 790 1166 5289 5219 5379 5114 3213 4555 3885 5977 5871 2461 3165 25 105 806 6266 9918 9958
29 5266 9282 7984 6635 9956 7519 7086 6244 6538 1028 413 9110 1960 133 4011 5577 7212 8837 9174 3252 2641 5145 6489 6209 7119 9912 2273 8768 8395
29 2870 3877 7946 6699 2755 6211 7952 7441 2853 7597 472 199 9497 855 8807 713 4549 716 1702 8138 5094 9373 6848 7360 6761 41 5543 5551 7947
29 7782 558 6600 7421 2506 7485 970 7513 9533 3678 5749 9529 4100 3685 2761 6100 1876 1403 3378 9911 154 6196 7055 2340 9253 5907 3074 4254 6835
29 2234 306 9166 6890 2640 7482 4530 3348 5739 6277 8602 3603 907 394 522 6175 3641 3805 5385 9195 1334 7736 3469 8576 485 5276 8928 2249 2681
29 9738 4634 5939 1192 273 2555 1794 5580 3558 7468 5023 1548 4565 5451 157 7587 8529 7236 4299 5605 3749 3413 4176 8433 3208 2776 7029 5717 8392
29 1959 7760 3503 3302 422 3680 7149 883 7338 8476 9260 4443 5852 3415 8279 6895 1927 9046 4162 6087 4982 5364 7902 7714 787 7858 340 3530 2630
29 2717 445 4057 7581 1964 952 7259 8737 7592 4577 2457 9979 3131 3094 3061 1451 1606 3960 285 9316 4781 9086 296 4790 7517 172 5609 3872 7917
29 1179 7828 551 6864 1863 9263 795 2782 420 1477 8655 4990 1742 9158 568 2300 2315 3571 6476 2473 3768 9682 963 632 6916 2749 6755 2668 7722
29 6261 7794 3856 2933 2573 4629 7842 2644 8000 1032 8689 4281 4136 9434 643 5943 131 803 1931 3638 3052 7920 2160 3996 1834 860 5667 6810 124
29 1813 601 1734 7120 5855 9515 908 9407 2574 1519 5119 9281 5811 1962 8901 5786 3073 1341 9534 6685 3140 7145 1110 3163 2257 5711 3931 3540 3107
29 6440 8085 8205 7689 7798 1631 6304 4377 3427 4562 7942 4774 8861 9081 6716 7853 3599 4094 7848 6199 6131 7391 8962 4510 3527 6305 3138 1399 6576
29 2921 9155 7494 6168 5171 5520 8500 6703 1802 8042 2509 5501 9057 259 7702 4332 2631 299 2173 7083 1159 5607 3023 1546 399 2942 8743 4963 9307
29 389 1753 4878 3312 540 2358 4278 572 1541 8993 2909 3431 6310 3464 2683 7271 6653 2425 8643 591 2861 3497 7301 2079 9582 8061 7002 7568 7460
29 2603 4506 6214 5031 9806 1855 5499 320 2536 4931 4679 6586 5395 1102 664 998 5627 1858 2128 4357 9656 8102 7224 4505 8810 1316 287 3059 2497
29 8995 5552 8543 5794 9175 6113 6746 7110 3821 9339 2083 560 4906 1176 8436 9609 1977 1495 2319 4686 2787 8071 5088 3478 6011 47 4058 7533 9212
29 701 9159 3693 5113 5668 2036 4694 9599 1149 219 8466 2474 8558 2790 2759 9421 3512 6962 1941 761 4233 8557 897 732 3909 497 637 3403 5823
29 820 3236 687 1909 3612 5860 9831 8239 8256 1871 3637 7672 6693 8938 5132 5540 2108 887 100 8419 4333 8806 9036 8811 4337 5685 6435 8879 7688
29 8033 5454 1468 9646 3462 2049 9540 4282 4185 9289 1872 3055 3127 8482 1905 984 418 4509 5617 6314 4491 8467 2588 6053 5386 4026 4592 6680 4789
29 1711 3511 6062 747 7976 8701 2057 4298 2266 5425 5068 9689 529 6429 8883 9344 9483 1906 5038 2208 4854 5995 712 9201 1682 1428 2915 6955 7796
29 9053 8644 1348 276 3306 3623 784 7467 2797 2001 6800 2062 2705 3923 178 8882 2466 3068 3728 6682 4285 3358 9631 8192 3614 9476 467 7422 4184
29 3039 2156 6497 1140 1560 3455 473 7201 2680 1310 5297 3606 778 1701 2428 6147 9409 1013 1652 6394 7211 7254 6723 3081 2095 7107 6029 869 5320
29 9058 1359 9417 6416 5109 3380 2569 4015 6978 8783 1694 8859 4612 2577 1135 9390 5790 1763 8186 9401 2676 8430 8427 1869 2962 9863 2123 9555 9138
29 207 3968 8523 5965 7279 1462 9147 3297 5223 5838 4262 4223 3290 3705 8864 8550 2658 3820 2307 2192 7160 3980 1372 4741 1181 3906 2306 8360 5208
29 6056 2854 3533 26 4607 6677 4788 8365 8793 1897 878 4564 8507 6388 5962 5947 903 1654 2246 6777 8340 5089 8763 5624 3459 5809 5960 4526 6787
29 2635 8019 726 4802 2756 4784 7572 9546 5084 1007 392 9857 5428 4425 7077 7859 9794 8758 9156 5458 7446 1979 6455 2282 2398 8376 4793 4707 8909
29 6599 3756 2793 2512 3953 6995 9229 8442 190 7745 3362 7802 6849 8686 8140 7233 9197 7129 9928 3372 8021 7827 7339 4721 4905 5398 5928 825 9154
29 8172 5370 8366 3333 7650 5705 6618 513 1821 7078 5189 2763 8691 1097 7919 2077 4538 8425 7578 1426 6568 6243 7933 4907 2214 7478 5774 7854 2504
29 6933 8299 5608 2916 3950 8693 163 3079 5176 2274 5055 7082 4456 3543 6208 8597 9292 5174 7023 9901 2543 7913 1782 6911 2885 6203 1891 4767 2994
29 4182 5354 6245 479 1152 1575 4183 3644 1306 2132 7610 3191 5347 5063 5720 9712 2219 1156 8429 4359 9105 3270 4449 441 3111 5937 3664 4708 3517
29 2772 2163 5149 5898 170 7147 1095 3326 4874 1602 7743 5983 8455 1056 8650 6846 6930 3891 1366 2596 3017 5684 298 9881 4646 1975 2467 7066 4300
29 2922 1752 188 5345 6382 2352 5671 5323 3299 5843 2654 3670 4316 986 8814 264 8999 2327 2026 9429 6373 3689 5319 4999 8533 240 8317 2530 1154
29 1134 816 534 3339 6620 6912 4252 9477 2728 3304 1082 521 1920 3798 844 2369 5485 8217 759 1884 827 6391 4651 18 7094 8164 937 6830 8799
29 9435 5524 7793 5537 3064 8910 8281 5353 3803 1679 8511 9575 8899 6811 5994 5373 1057 5755 801 3245 9137 7182 1912 1112 4020 9894 5859 4135 3818
29 9151 1938 4797 8431 3518 5020 8711 7944 2435 8316 3794 8214 7554 2014 1482 3389 7758 5806 3329 3549 3282 8101 7389 5016 8197 4840 145 1268 5666
29 8078 3145 4166 5462 2304 3036 2018 1898 8518 5183 2055 7195 9179 5874 3609 8095 1391 9077 3371 6691 2361 7113 6465 9181 2104 6495 6271 5915 900
29 187 8579 1365 3383 6407 4573 7488 1804 4745 3675 3313 8562 9809 1952 4371 9707 112 6877 7879 9985 6468 2240 7465 1997 517 882 9615 3422 2611
29 9822 9360 3765 3316 4777 3283 3703 9456 8581 2624 8330 3825 8448 2977 7557 1068 3301 6940 8491 3916 4928 6536 1481 6602 9633 1115 1270 5877 849
29 6507 4049 8657 3643 1059 5448 6452 6112 8292 5975 3229 4047 2397 3584 5504 1866 9011 5688 2453 2974 8397 4445 3977 1583 262 3734 5780 3829 411
29 9488 2146 4390 7752 3524 9907 4495 4231 1411 6675 1423 7906 933 5118 337 1894 7499 8196 1625 1084 8735 1162 4209 6782 6577 5466 8574 3334 6164
29 3117 7642 7569 2693 6973 1239 1674 3335 6854 2707 5474 9087 5352 8775 4918 3896 3605 4557 842 148 7814 7274 543 2694 651 1943 5317 2016 7272
29 1826 9742 3878 9227 9966 1515 2053 6099 1485 2989 9921 8047 527 6701 4813 5270 4737 8757 9528 7070 3935 1663 8905 7857 2269 4811 2807 6217 7492
29 3060 1831 3119 4169 9636 4009 6500 6036 9725 8289 594 4687 2825 2589 1914 7199 4814 2379 2684 967 8656 8923 4403 6 6222 3173 3467 2810 85
29 7318 9696 5952 1670 676 6421 5525 9238 5105 2175 5781 1329 6434 2686 1170 4148 5643 6315 355 5061 3809 8280 9514 5571 634 2308 769 9330 5269
29 7678 8546 7096 2482 7986 6681 813 1004 3904 1193 5429 4882 5137 6143 6006 8422 6111 2411 2521 4879 1696 5715 8853 857 4798 8987 368 4923 1637
29 2995 8502 4060 4068 8261 1907 3731 1222 6919 1532 59 1395 8801 3622 382 9588 1616 9553 6939 847 9578 8136 3578 8084 2498 2703 3645 4235 75
29 9601 8724 7787 7394 8950 571 5522 4969 3192 9854 8652 8623 2389 4081 6399 8780 2226 4946 5212 508 9926 160 3655 6040 8043 8077 1550 4339 5707
29 2822 804 5503 5156 2965 4248 35 365 2541 5235 2230 7706 8824 7001 1498 7171 6991 1611 1523 5920 2688 4968 1586 5629 218 2834 8236 6561 819
29 4172 9814 8654 487 1250 5868 2138 6128 36 974 5238 4019 6456 7150 1553 8490 4129 7829 1338 6140 3342 5933 2529 9523 4360 6901 3101 9015 1911
29 3766 9561 9117 450 6284 4391 7286 5170 927 5821 6188 2052 2148 8826 8915 9252 5076 8414 5123 6555 9519 6290 2162 4039 2393 7930 5375 1503 5638
29 1579 5703 2332 8586 4151 1260 1677 9571 5302 3785 5514 7039 2897 4749 5820 3692 2821 8133 2754 5616 3597 6194 9193 6478 9713 4346 8986 9544 3810
29 2150 4581 3128 477 2430 8714 1639 7379 1657 8904 5856 5036 1003 9135 6544 278 6492 2200 9509 9846 2831 7266 8633 3995 1518 4682 3008 2809 5738
29 2368 9054 9104 1139 7084 4018 8594 2762 7981 4264 6233 1754 9466 3981 9217 4277 9810 5205 1741 4670 9341 5576 5649 7128 6832 2779 3985 5930 4539
29 2584 7132 8386 4091 1505 2633 3881 679 5274 4388 9973 8008 5249 2354 2617 5299 4125 9262 4202 4826 3964 3864 5785 1874 5795 5586 2291 9643 4644
29 8854 1568 9820 1205 3417 3122 232 9898 8349 5704 9056 4657 9222 8115 3646 7033 1567 2407 5498 7956 6937 4563 4426 5599 1378 6377 4548 7608 7417
29 6197 3384 3534 6250 2479 593 1138 1784 6436 7835 3262 1000 9007 8278 6836 169 9098 2047 9929 2665 1357 9840 6774 5728 2691 4437 3024 224 7652
29 6570 3198 6729 3519 2350 5251 3722 3001 7880 111 4726 6318 292 3629 4943 5956 6530 2663 6058 1850 6004 6109 8789 3948 8515 7677 7008 4037 2388
29 3709 6638 9200 7979 4415 8277 6766 7347 9186 5568 3835 84 1320 4919 4417 9232 5531 4043 7628 6788 9102 5449 9536 814 7332 6041 3072 6598 4678
29 7662 750 314 8566 4034 2746 4323 8532 6312 4031 1431 7345 9187 1544 1507 1439 2889 7889 1656 8496 6803 7454 699 6141 181 2448 5712 9782 8636
29 8346 1817 548 8797 1175 6444 8293 9585 4589 9658 2068 6648 3416 7860 628 66 5924 354 8921 347 7627 6825 3699 2072 3214 6972 9383 3918 6906
29 719 6152 7395 3385 4560 5102 393 5010 9808 1120 2931 38 7785 7308 1774 5356 407 6649 4860 1582 6984 988 4463 149 3943 4517 9869 9724 4915
29 1785 3562 4766 8356 6910 4227 3443 5138 1012 4370 3144 3298 9300 1321 7258 6321 4240 3359 4787 549 4554 1019 267 7354 7281 6052 451 7978 6511
29 3183 7613 9366 7929 2614 5086 5901 6522 9324 2538 4833 9654 8844 345 4743 3888 2130 9596 7141 3394 5807 5544 3712 2778 44 4532 1540 2561 3634
29 1577 8090 6879 6155 2293 6348 7870 4487 3429 2318 1096 4440 8821 8390 831 1535 999 324 7476 1101 8580 7451 9496 808 9865 2706 1295 8180 3143
29 3425 3265 5756 9522 4 215 5796 9315 7748 8974 5659 9089 3454 9458 1458 9666 8276 2231 500 6604 5979 9479 7445 1877 566 5747 2895 341 4331
29 2223 1466 7115 5134 7707 8418 4302 185 3905 9220 4204 1168 8611 6174 947 361 2256 7733 2227 8817 1026 8881 5792 2302 5173 5285 5844 8307 2149
29 5634 8339 330 2205 9817 7603 7022 3625 2310 9885 3166 4401 1919 3136 1494 4177 1469 9471 6958 3337 7940 2210 8127 2454 6717 3601 2371 4965 6632
29 9832 2863 5889 9732 4455 9625 9537 402 8235 1132 332 8191 5768 7549 7298 6742 7836 9624 4056 1748 8212 2196 351 2197 3588 3760 9358 8932 3399
29 2038 6021 1437 6482 3410 375 8178 4621 8377 6740 7875 6672 7560 7388 4226 1598 8534 7273 7040 6469 5620 2471 9608 7306 8567 9347 2031 518 470
29 327 4671 8125 7648 9095 9937 8257 5506 7163 465 9562 9839 4147 6809 7948 1416 2462 3113 9626 7582 2366 3200 2856 1878 3239 5215 5216 7153 5255
29 8598 8453 1712 7638 5207 4655 2391 662 2322 5071 7257 2943 5791 5817 9334 4883 633 9717 6853 7634 8930 3593 5011 5665 7711 2088 8105 9995 9700
29 493 9157 4754 6493 4529 4084 9825 134 8645 4588 5222 1889 4428 7740 9959 8942 8221 8461 6336 763 4253 1617 4121 8542 2626 7090 4461 2879 5211
29 8725 3240 5334 6871 3844 309 3537 7866 1354 9436 5314 6183 7443 7532 922 6365 1886 8319 8984 3666 1284 8863 5085 442 6366 4695 8640 265 1648
29 2440 5955 4794 4458 6445 678 7327 8454 2194 5700 9420 7935 2124 1261 5220 318 6924 4310 2625 8869 28 1514 4409 4150 1279 5593 7729 946 5921
29 5014 9440 1956 5881 2860 1985 2439 6057 2470 6523 1011 6252 6085 4511 1963 9673 9264 1645 3007 1043 2750 1859 9680 9686 7705 6012 1727 764 1363
29 9191 2847 9037 7309 6275 7177 4307 9184 4465 4785 2373 9029 9309 2004 3983 6540 8996 3109 2118 5099 9663 4283 9789 7972 9353 3355 5372 2215 4275
29 4891 2091 281 4769 8613 721 6262 5596 1836 290 8917 7863 9218 9792 539 6462 2714 461 1624 7095 5623 6080 3994 6631 8306 205 2789 1551 6202
29 5260 8184 7397 5997 7151 6876 4096 1151 3882 9733 7614 9412 1436 3812 5075 5214 3639 1195 5246 179 4225 6116 5243 8770 5527 9099 8744 6142 694
29 3448 8561 4170 61 9416 2394 1282 5446 1064 4263 8325 7122 6510 6024 4779 4421 8599 255 8291 2580 2081 2764 4485 3426 3661 7804 9573 2957 7207
29 2446 625 4757 2 6030 8615 2058 3151 1882 1304 5035 3146 2699 8345 2730 3853 514 583 7428 463 562 3338 6986 6103 2533 6573 4940 8819 2480
29 6812 6227 2874 6970 2048 2768 7406 2771 793 4306 1233 9983 322 1147 2560 3674 1383 6466 4924 4405 6095 7862 4848 3713 8845 6637 3697 6865 2288
29 4753 2830 528 1037 6748 9719 6731 8897 4385 1555 5578 5327 4002 5306 6375 3525 7626 5573 8156 5853 7226 8357 2729 4222 7289 796 6442 2901 2254
29 7148 5160 5984 4937 434 7715 8957 5587 5760 4500 7472 5279 8855 4583 1838 669 7700 4893 2988 342 2073 7469 9061 983 4877 6008 8037 8887 2436
29 7674 9925 4122 7636 7442 4156 7016 9622 1730 789 718 8296 564 6182 8601 3211 7750 4244 4389 8800 2277 2102 1497 8818 2844 3796 6633 8167 2338
29 2600 7382 2241 9304 6983 1123 9329 1245 4117 1610 3813 4021 5828 6192 4723 7172 6078 5810 4868 976 3843 1699 2655 9572 4984 9778 7837 4771 4188
29 5959 8698 9868 9685 3331 7383 8381 9406 6218 2788 5793 9247 1618 3695 32 3495 6851 8158 5980 5103 944 9225 3627 1454 3930 453 4643 6663 582
29 3042 1599 457 5127 1325 9980 1076 9235 4880 619 9067 9862 4696 6471 6591 8362 449 9587 1265 7710 5893 1072 783 8648 3015 9535 6161 8268 7162
29 691 9594 8227 1983 1422 1659 4948 7751 4145 6872 569 7466 8734 1483 3220 917 9323 1 3261 4301 6219 2356 9623 5101 1626 12 5621 4605 9932
29 5604 1187 5195 9891 7742 304 1055 9745 2027 4110 5601 8808 5661 189 5072 5519 635 3231 5733 4987 2733 3307 11 3135 9962 1263 3589 8265 7456
29 7427 3827 3361 3005 5298 2236 2468 5424 2489 3320 4684 6707 8231 412 1146 6438 4623 8519 8563 9432 1332 3053 8451 3438 7730 8682 7631 3913 1635
29 7643 6257 8177 9755 4400 1016 1373 7054 2289 2415 2799 1557 1988 4423 2546 4902 9507 1351 7027 9783 9271 9048 4613 692 7477 2828 8270 3857 7234
29 5046 9960 2330 3921 9621 4005 1229 6686 5911 2960 3336 1825 9372 6735 7146 1457 6170 9981 5043 9516 7255 1041 8852 4038 7923 9030 3030 6898 2894
29 6613 1387 3681 3781 7161 3275 5693 3103 4044 3086 4898 6191 1371 8509 9902 1070 9040 3184 6759 5335 1945 139 7658 2285 7154 9064 8978 1946 3952
29 3190 7229 5846 2599 2135 6657 5201 5742 1707 2947 4040 3035 4667 2811 1885 2225 2753 4596 6417 5431 3787 3561 6548 2177 4459 9041 1255 2386 6014
29 333 9997 9460 7922 3620 4175 5126 4350 4017 5343 4201 2040 3839 9736 7099 9681 8087 8321 1903 1733 6019 3691 6858 7602 2264 2572 6821 845 1289
29 7833 9194 5324 5815 9073 7723 343 4550 3465 7703 2078 1564 2495 7118 4448 4258 7737 1789 6120 7398 7599 7657 6771 6248 4381 7223 2925 2296 4964
29 6190 8404 1330 5942 3582 5313 7408 3528 7660 4527 7816 1799 8145 3730 4829 9823 9047 9551 1710 8703 5283 8209 2784 113 892 9774 7861 6038 7577
29 7245 7047 3701 598 9397 6005 9242 5218 9986 9870 7955 384 5290 909 9002 6837 6802 3376 3222 3566 6934 3223 5316 6335 7508 5032 5970 1665 6441
29 570 5147 5973 3951 9836 1264 9494 3040 8460 5502 5366 7108 3134 2463 1892 8990 379 7353 7635 2639 5866 7293 4624 3352 4411 8165 8070 3080 9418
29 4119 5673 9336 8003 1608 9761 4076 760 4348 230 1256 6862 8665 1870 3942 95 1272 5331 9706 5179 7971 7017 9602 1686 6833 9320 3719 362 4659
29 3883 7545 552 3679 6410 158 3091 9272 6186 5900 7761 7334 3834 8639 7363 7893 8497 6963 7510 3976 5858 2621 8326 2884 7121 8830 578 6179 2084
29 6130 94 1339 5237 8540 6123 5912 939 5887 6567 1749 6651 3174 2984 2171 7053 8242 5422 1955 5034 8809 3523 614 6076 5936 5548 4257 9109 7690
29 3440 1824 7015 7219 4966 2144 5224 3997 3544 8211 1837 4591 7596 7321 2204 2741 6521 588 5655 3466 5745 5663 5019 5091 4367 3607 2059 283 531
29 5798 2766 9942 6928 6374 3347 6826 8577 1767 1370 5547 8284 5497 6486 1401 234 4656 471 7133 46 9493 7140 880 5017 6784 4762 9767 6390 3708
29 3516 8383 9584 3903 8234 7436 899 8572 9660 2176 7950 8222 1935 6941 6772 1783 9630 5631 1720 2898 9234 8738 4036 2360 1800 940 7852 6952 2980
29 526 9764 2785 3260 8273 4355 2359 6359 252 6630 4062 7275 8591 6601 5152 7013 494 7932 2022 5444 3969 4816 7498 8955 4196 3779 5698 4685 2367
29 3660 3210 7448 3099 8699 5066 7361 5759 6547 4864 6989 2050 4952 710 4776 6439 3869 6400 3615 97 8612 7034 5217 9022 4571 3041 5432 6587 969
29 4611 8896 1040 8717 4386 629 2920 3858 530 9178 3364 7811 334 3771 639 6998 3499 2181 3737 4806 7669 4772 8104 5521 7604 31 1607 9410 7010
29 8980 1942 2442 6032 8282 5724 7719 2745 9267 1219 1189 9704 2276 5367 3894 2251 6726 1632 8271 1901 4203 317 1966 2751 2211 3057 5257 9296 2659
29 9392 4260 3258 1614 291 1795 1996 4566 4341 6584 7847 4101 5766 9464 3944 8578 8764 302 8233 807 5626 3726 9364 4733 8803 1634 1027 5470 6207
29 4398 724 5941 2472 5826 768 5706 9439 8812 8723 8215 6354 8659 6684 7276 4488 775 1346 6083 9946 1476 7311 9950 948 5391 9045 6496 7718 2518
29 9988 7566 7235 2858 4186 9096 6049 6752 2525 597 8894 1402 5689 6829 2666 2015 8498 5287 307 8403 7819 5328 2905 5686 7521 1820 6371 6969 8385
29 7080 4469 8903 4870 1049 1715 971 9795 2142 4289 8224 9793 2685 6951 8378 5095 4700 4493 1058 4846 5165 3862 5558 6569 6490 6358 3161 2528 4347
29 3423 6557 3833 3560 9190 2401 3847 4356 8322 4055 3608 4383 1034 4382 2882 758 6977 985 9922 774 7535 4024 9879 5359 7807 4580 8585 3444 3767
29 6392 6330 5492 1036 1197 3266 1093 996 7111 7401 4124 7009 4823 4546 3054 2508 2216 8333 5060 5047 7571 1362 6355 2294 4138 6667 1916 7399 5193
29 2098 3452 6610 3149 7890 8439 8933 6309 4025 3532 7484 1045 7941 2724 9800 7018 9387 9776 3056 6035 1343 8354 3498 7583 730 624 8402 2936 4916
29 7136 482 8927 7894 9967 919 6727 80 9954 5355 8055 8943 9249 7005 5230 367 8370 7881 3852 1164 201 3294 2117 6317 8146 5678 9731 5284 6614
29 3387 1492 5934 8120 780 7992 5351 93 3100 1427 1852 2651 3975 3449 6338 2372 9297 6628 7225 9294 2455 6852 9063 1108 8343 3274 8374 5991 9346
29 1048 3720 2890 6258 3268 9708 8924 7915 3780 925 6210 2760 9750 7792 9923 7184 183 5154 7285 9512 7874 2159 50 8685 6408 4619 7371 6806 4576
29 8220 1030 9635 3618 1024 3757 4903 8111 1725 5523 7536 5309 5332 5782 8338 6448 3576 6725 5841 438 7945 1381 5184 2383 547 5849 9094 8631 6090
29 8097 9246 1196 144 3295 3716 1854 2136 9848 7661 7037 1002 1128 6665 7344 1114 9560 4321 3880 2490 2958 5250 1086 4681 2862 8244 7997 4594 9784
29 9861 4447 182 7191 4926 4001 6816 3170 6473 431 3791 9127 7838 198 8761 9430 7673 1073 4498 657 6458 622 8622 3559 2248 427 9580 9860 8618
29 3233 2517 910 4909 8053 1217 7087 5157 9619 110 9835 7824 5281 4180 8109 369 4838 226 923 9532 151 6047 7490 1017 8110 7156 1875 5204 3232
29 6042 7175 2554 40 1776 9462 3783 3871 200 9499 3330 7771 1405 3251 7114 8908 2245 3253 9162 1075 7170 118 5305 3706 652 3457 7801 9873 8311
29 3016 688 4994 5112 8193 238 2154 6817 5878 7374 7503 1723 8604 8371 512 6048 4378 7365 9480 829 6608 9472 9167 8363 2478 8895 7934 1653 4087
29 7138 5535 6265 3987 1600 4636 2295 3619 5748 9308 6531 3553 6025 8020 2615 2237 1173 8702 1565 9801 6372 4744 4265 1375 3354 7166 8771 503 9741
29 5465 9688 2152 6655 3396 3536 5619 4394 4444 6515 2513 3392 1319 1091 7130 6166 1828 5399 7433 6571 5203 765 3577 4108 79 3197 2850 1397 973
29 9543 4107 9913 2715 7543 8766 1203 3854 3341 8483 991 3515 2262 6298 5581 9290 9276 595 6827 7550 4211 723 8922 3045 6201 2848 2400 8816 8694
29 9049 9740 3772 6475 7985 443 8417 7393 6470 4432 9771 7400 1948 8384 2800 8713 1050 5614 3162 3967 8600 6903 1328 4105 20 5526 953 3285 5517
29 4904 3832 5771 7458 4219 2137 489 4116 4190 1883 5530 1460 9906 2743 5606 3137 8200 398 8367 19 5722 9402 7987 7717 581 2105 9018 5988 1921
29 2849 1143 9568 108 1053 5945 6779 150 8154 5100 1226 822 8721 9845 4199 7069 6714 6946 8259 9237 2628 1107 1447 9342 5536 2737 1323 7165 3595
29 3636 4805 9695 9459 4050 4250 9909 2774 8389 1242 5906 7213 7007 7682 9256 5565 8667 8847 1190 3600 401 5141 8388 4705 9759 2904 5845 126 6148
29 4523 9443 4543 9699 60 4628 8368 4358 1777 4641 3742 7267 5018 4343 57 1054 9169 1781 4475 6193 7547 5339 9569 7595 3649 8750 7764 7270 7326
29 295 3782 1768 8052 9384 7430 5368 0 3195 2892 7091 9502 9628 7712 9763 8223 6146 7217 490 6270 8729 9313 8169 9221 8736 7968 3970 5851 6575
29 1434 9038 256 9408 2145 8549 147 174 8517 5403 7473 2122 116 7025 8675 6545 8975 4738 9266 1116 6034 4537 876 2405 8247 9023 5489 1367 9478
29 9145 5831 8166 8503 9123 5797 6221 4089 9240 8025 8617 7188 7429 7288 8148 7238 1613 5651 524 3445 2816 423 7967 5337 8695 8658 3279 2956 3116
29 6603 8653 5209 3919 3696 9590 1750 9892 8076 7038 4431 4168 7056 2576 9996 8732 5642 9653 6695 8098 2605 9210 9101 5158 1981 2501 3474 2267 6588
29 5500 1595 1285 3324 4622 5416 2375 9078 841 7455 4140 4028 6763 3893 3441 7615 9066 884 6964 2449 3736 8998 2865 9953 2422 2385 3349 7655 519
29 6885 9445 2954 2228 2239 5783 8006 9183 9044 2183 1986 9664 2520 5600 3723 2949 3418 5567 7168 6875 3564 7954 316 88 5985 990 1697 5240 4171
29 8141 2607 8952 3044 1124 8663 8798 2337 689 2689 9760 4127 8035 6721 6414 2060 8707 6760 599 3751 1078 9369 2987 7601 7463 7741 5513 5681 4131
29 5455 5130 7402 1148 2578 8884 4703 1904 6562 6708 6185 4988 3635 6137 4633 5971 4970 5493 4763 1729 658 7250 4296 7523 5813 5729 2380 2804 6065
29 6424 5325 9591 659 9454 6767 6519 1440 2983 3176 525 7068 1934 4603 8341 3920 9119 6494 9345 8525 1569 206 898 6887 2938 9613 1327 3159 9604
29 7851 5326 8740 7864 9129 7249 2346 8488 2917 3340 1643 6460 4658 9414 4128 6380 3837 180 3433 272 155 242 1506 7228 3014 3583 5789 3570 9577
29 660 8607 328 6463 1597 8575 2429 2410 9415 1971 391 8815 5834 4601 3446 2872 2312 3293 5463 8 1090 757 9539 2065 1305 8880 7470 9431 63
29 5371 3179 4259 4327 3954 8697 6551 9943 6750 7765 8318 4720 2080 2235 6873 2283 4033 17 8016 8208 4154 2934 7197 2896 2866 5430 9152 6061 5723
29 9714 3209 4773 2459 3150 4739 9467 8264 6944 3069 5322 1589 1698 4294 914 611 2224 8034 3754 913 8664 4849 6694 6499 251 4895 6776 1315 5107
29 8858 8440 9202 5153 9899 9629 132 1322 1549 7671 7522 1709 7237 430 1968 6611 8139 4103 9779 9005 6107 6342 5765 1337 1947 9244 5736 2007 2103
29 3875 9589 7475 1862 5263 4192 1412 5850 3711 4900 3110 1023 3147 7809 3175 9325 3740 9426 6792 4429 1984 3087 1183 9978 7770 852 6883 3188 3748
29 4960 7606 8399 7244 4710 7980 8970 7296 4758 576 1668 3407 2998 5073 9299 6453 8867 5419 4133 9965 2180 1208 2824 6534 8994 8776 4268 1738 6172
29 9180 2297 2365 4239 2353 2339 4093 9485 2562 2071 9375 54 2076 9160 1530 6362 7898 3884 7208 6064 6700 3526 8772 9032 8241 4841 788 4635 647
29 7937 8394 9257 9352 653 504 1689 117 8876 8206 7243 1867 4835 1467 2342 5652 8028 5628 1246 246 7749 6066 9813 1930 8708 3311 5374 6279 1445
29 9141 5388 8977 1860 6102 3292 792 8328 7317 5045 4489 686 9651 3321 3747 4230 2593 3085 8495 4853 5788 3538 3154 5560 7616 9423 4353 9607 960
29 5482 6791 3051 8778 5151 6844 6622 6295 5439 9737 8258 6552 115 8446 9024 4845 5539 8155 424 4991 725 9399 6583 1716 8846 7856 8062 9838 6491
29 9321 3496 3937 8118 5612 2701 8865 250 2064 5277 2629 2808 3314 4074 305 6220 6306 1973 7961 3485 8570 7092 6579 809 3859 6673 9444 6133 722
29 4114 1539 416 6003 9382 2873 2298 6902 8687 5976 995 3273 5411 9389 866 6743 2484 5464 8537 6247 410 8521 2566 5408 9642 8731 9829 2719 9600
29 586 994 5653 7253 3811 4165 3667 6409 1098 8588 4822 9908 92 7612 7058 3672 2364 1240 9726 9644 945 6370 2284 2376 4688 378 9786 5562 3082
29 1764 6488 3579 7335 7575 1293 1300 2748 8641 8493 4856 5480 3356 5993 6418 4477 4750 5001 7495 2696 9834 9550 372 8802 4936 65 7174 4097 6479
29 5588 7781 8143 350 9702 3610 466 975 5406 7330 5592 353 2066 9279 5006 6841 4492 6050 6967 6043 8059 9331 821 3752 1266 1015 9388 9827 2451
29 6340 2381 5555 69 8204 7721 941 3486 8036 3784 7336 636 4376 6063 5972 7757 2798 6712 370 3788 4932 29 6917 8112 3547 3092 5591 3870 2423
29 9351 3704 1805 3659 6351 4286 2840 6286 1253 2280 2260 8189 2923 1661 9796 9668 3650 9405 7684 7366 1008 6477 2437 4366 7192 6798 4674 6843 7649
29 3592 6668 7251 5895 8936 1923 236 6393 3724 4363 21 6927 8605 1406 6670 5775 9893 8900 244 1400 6662 6158 4155 9886 9208 3451 1678 4419 6051
29 8849 4922 6765 4650 9076 9963 2710 2232 2207 6084 1516 8159 4547 8185 7692 5827 6384 5003 1471 7241 4245 9610 8739 6769 9805 9828 4512 655 6627
29 4967 1846 8971 4957 4715 7180 7910 6446 9084 7580 3797 2153 3686 603 1145 9876 5394 1224 8444 3732 2932 8382 2545 714 3940 5787 5002 4875 592
29 3363 8835 5903 7982 7295 5360 8727 2331 5312 7097 9842 2178 5890 7242 8254 1664 2290 762 608 5111 1234 5814 942 8174 5275 4913 7004 9404 6422
29 8595 7179 6754 5472 3707 2126 7375 2744 4630 3865 1899 7939 1044 777 895 4335 5880 5884 8304 5194 3093 4173 5381 3841 9112 4981 2349 4111 4361
29 3873 2090 8870 1410 779 8250 3114 6994 9059 3481 8391 8505 1695 9694 7035 4340 7514 7585 2420 2871 8064 9744 9657 1347 6828 390 1473 8096 2507
29 8044 5097 8434 8875 2186 4408 6658 3587 5496 4483 2735 7531 7404 2675 965 2278 3047 5899 7732 7403 6165 3725 7501 4993 2203 3120 1136 1954 1766
29 8057 474 3630 8464 6237 9258 9504 3513 6550 8123 7409 9780 2842 406 4598 4424 9513 3596 7943 2742 1065 1843 459 2491 1396 9586 8187 1212 6091
29 6781 8961 5966 9930 7116 605 2609 3203 266 2009 360 3058 7459 3390 1771 254 3574 9070 1286 672 2880 3861 5776 640 5882 5256 8298 8470 4901
29 2851 4349 4807 7060 2930 2801 8569 5396 9457 5763 1526 1292 4379 3065 9935 2185 7155 4541 3718 5697 4220 4755 9433 8606 8002 7951 1672 7315 5885
29 2586 8364 8415 667 4200 2775 930 9753 7392 2552 5904 1206 8956 1929 9091 4139 5040 7823 3473 3012 4198 542 5300 4850 3988 4947 4422 4418 4329
29 9106 2351 9747 9042 9268 4718 9989 7675 9491 2919 6138 2120 2720 2682 5800 3897 4051 3602 9530 7826 8301 5172 1031 1374 7970 2907 7965 3808 7527
29 1109 4662 3575 4279 5244 9549 1131 4478 8914 3683 4857 1182 609 4602 2704 7681 3567 6724 1684 9944 2035 770 2336 4255 4666 617 371 2952 9895
29 1472 9718 9441 2876 3907 706 1198 7896 794 734 8628 4375 8337 3778 7586 3657 6180 1033 3539 3428 6605 9603 8243 2115 7788 4735 8784 6173 1199
29 5919 4397 2069 3476 7579 4677 4730 2450 5862 5028 8131 7928 7949 3317 585 8355 8614 7570 705 9521 7 2575 6560 8788 6356 8596 6320 2134 7264
29 3491 5837 3899 3598 9150 8937 8176 7227 8005 1307 5350 8857 3124 8038 5346 982 6376 3325 9920 5087 9639 9605 8716 9291 516 7731 1638 7471 3227
29 8424 773 8134 3694 6177 4181 2258 1998 2161 4559 5311 2502 5441 5848 1452 7779 7221 247 2402 7067 3933 708 2374 1538 8117 396 6626 7555 7414
29 8709 5801 7439 7969 1429 589 5166 7369 4194 3254 1104 2986 7990 9118 3026 5409 3799 4645 5931 8161 7786 4075 1731 8203 6920 6074 6722 9163 2107
28 1999 4494 5528 3322 5400 3186 4858 2242 9851 5293 2030 7355 1085 4713 1719 3344 2697 4054 8973 3761 1463 2377 4267 455 3196 6068 2481 9768
28 3187 3104 5475 1590 5910 5654 2838 6205 6535 6606 3228 8294 6018 8963 1856 2125 2695 4836 326 1970 1432 7263 5180 7342 486 4384 120 5007
28 1572 377 3972 8130 7867 7667 5682 2531 8541 8912 2725 6999 9216 5840 1094 5268 1511 4453 9017 9088 9319 8229 1500 3510 5261 7553 2099 8805
28 175 8669 6200 7384 2253 5949 9121 9648 2477 9126 2097 2656 9228 6878 3096 4072 9209 9671 4742 3550 8091 9722 9819 5677 3936 574 1211 7996
28 8786 7639 8934 16 9520 7621 8201 4692 9451 9270 9690 6590 5905 8094 9060 1052 4438 2806 5799 4441 3189 3591 9948 9082 6818 1967 7966 7747
28 4804 2713 2000 8624 3291 9241 2642 9936 22 2061 5192 1908 403 2404 3028 96 2708 4010 7350 9566 8181 1982 6661 5009 6745 8195 9161 6625
28 4071 839 656 1675 5968 2166 6566 2334 9853 8477 886 9993 3121 7509 2970 3458 1047 5640 2602 8795 4216 8719 1669 3727 2731 4274 282 8964
28 4115 8545 7695 1275 1737 9721 3272 4809 5168 4158 7727 7387 3795 1621 8329 7385 4693 5692 5708 3029 9333 8508 9004 737 8100 3668 6157 711
28 1141 4949 8026 5632 9627 4393 3917 1368 7916 6824 83 7423 7370 8007 8630 5646 101 5252 8113 5641 6641 1155 4362 2638 5110 677 1533 6732
28 1788 8121 1807 5129 9612 3851 7691 4472 6793 5012 2028 2325 4179 4218 3889 1122 9734 2174 9597 348 4007 284 6926 1714 8712 4872 1739 8715
28 1408 3181 4944 9219 2141 4983 6411 3556 5159 6276 9526 5124 5417 7884 8489 3470 3535 7181 8300 1379 6880 1455 8965 9074 9285 1010 6947 6537
28 7653 596 4507 6363 6790 5726 5683 8478 4575 871 4665 9728 228 1352 8124 2527 7546 613 6734 7959 6923 7818 9198 5342 2537 5650 7772 6647
28 5057 1512 446 5669 5585 6520 9955 9380 2403 6256 7305 997 832 6915 8762 9196 4843 2792 8199 5362 5321 8163 8323 5819 7518 575 3366 1690
28 8946 9887 8170 2384 6563 4933 8410 3281 8458 1083 8358 6224 4295 805 557 4109 2111 2299 3621 8457 1775 4620 3542 4287 6415 3979 4516 511
28 3216 2086 9075 4535 4249 9322 675 9762 8840 4736 5413 2887 239 5664 2010 7556 2292 6387 8054 8822 6067 3673 1311 9766 7542 8792 6404 2565
28 3249 7720 9743 2169 9120 6379 8834 3651 383 135 6033 9871 6882 6908 5716 4815 5541 6965 9641 8692 1077 2438 8308 3687 5196 4224 6094 2623
28 152 2191 5213 5115 2767 171 8050 311 7869 2320 2011 9952 5913 4090 8135 2581 1673 2910 7964 5754 668 142 2796 4608 9143 7214 2814 2157
28 4852 1191 3656 9559 5181 1604 8564 9583 739 2955 2867 5404 5869 4986 8871 1382 6861 4704 7003 5164 579 2190 6702 4320 7544 4561 9645 2587
28 7313 7297 7380 1822 5148 3118 8754 5457 6559 1671 8668 872 8666 1223 1706 5978 830 2070 1480 9230 959 8474 186 6086 717 7726 9866 1791
28 4759 3288 49 1520 1558 1681 8634 6361 3715 6268 9720 8967 7072 1847 1358 8031 1169 325 5572 1940 4939 9259 6909 4959 2505 2902 4714 5410
28 934 2698 9361 1772 1465 289 704 8873 5401 51 7407 4515 3284 3502 3477 3677 7081 3790 4653 9269 9843 7665 8632 6324 2311 2716 1991 447
28 42 4433 1556 2469 5999 4867 4795 4734 4079 7024 7328 2643 4430 6114 5191 4676 2341 4752 2723 1335 2222 9379 3947 7647 6709 1486 936 6055
28 78 9031 4951 3867 8820 15 606 2908 8274 9203 6705 7525 4410 6508 475 2324 5199 6288 3263 6381 6070 8411 5873 2964 7411 5491 8353 1099
28 9189 4796 1531 6509 2815 397 1592 8920 4193 9153 168 2826 5200 6291 6228 8610 2043 5816 2112 4159 6081 2579 6899 2063 7746 1601 8151 5044
28 577 7205 1842 2012 906 220 1487 8718 3802 4638 1683 3817 4992 3010 2845 6282 3927 9647 8107 1296 1478 8342 5575 6797 6932 5054 8619 8683
28 681 1125 5886 2971 229 7728 7412 2674 6163 7304 5412 9332 5611 3199 5426 5746 3814 5393 9867 6132 8405 3070 7461 3141 8018 491 1313 3554
28 4322 3492 8073 4896 3405 3411 2301 9107 926 9883 5951 9703 865 6176 4368 9122 3971 3193 2164 6285 7444 3626 2025 6022 77 9474 6542 9354
28 7320 280 554 7449 8530 5542 3225 2021 4004 9548 4032 7645 55 6129 1171 7763 7206 5098 5468 4649 6118 1687 1974 6260 8081 9927 4586 4063
28 9014 6982 8710 9632 1758 7144 2096 6652 7405 2722 203 5963 6367 2944 4157 815 5187 7231 9730 1757 1755 7594 6273 4407 6327 3421 2431 6546
28 7277 2765 9756 5377 1421 6753 5022 7489 1895 4396 6357 642 5162 9844 1552 6629 6621 2492 8827 3690 1324 4971 3224 6713 509 5734 8589 8753
28 9168 7511 7173 3855 5456 1588 2622 1302 2846 1693 3280 2255 8536 9455 6433 6644 2740 1231 4604 6333 9357 8635 9945 5996 7164 5918 8548 5473
28 4473 1130 6640 1100 432 2992 7061 6215 5301 1248 753 8813 1933 6272 7431 3437 5487 1640 4842 260 6126 885 312 374 2627 8416 2985 6135
28 1769 3025 9951 8733 1178 3733 1547 8673 9327 8040 1349 7873 5259 6337 2837 6075 2727 6326 9701 8312 6913 9649 7252 7505 616 2008 1150 5227
28 138 5383 7031 4717 6516 3755 4722 2313 5253 8593 8499 8413 5830 1418 2424 7126 4232 3824 7832 9807 6297 4569 8179 7052 1762 8060 9971 5644
28 602 8472 68 5516 3367 5307 9356 6369 720 1676 8573 6773 2852 7104 210 7307 9295 2087 5986 9171 4029 5710 5140 5294 8979 8582 6332 4014
28 5262 9692 6461 9933 3702 6280 5348 4387 1603 3648 3863 4290 916 8142 1142 3662 4800 6039 6195 1180 867 366 607 4369 4615 6184 2829 9882
28 7584 159 7183 5675 7528 4314 1521 9172 1759 3989 9035 258 9618 1188 2549 8926 6204 6124 3822 9897 1513 4810 4336 6077 5459 6311 2969 3529
28 671 9662 8678 874 4476 2101 5857 9975 194 3908 8147 5550 9739 673 2220 2326 1117 6343 646 279 3509 5753 6751 4593 8782 321 3468 7899
28 4935 1925 8850 9797 4123 791 7065 4395 87 1118 7209 1444 3241 9501 1137 9598 8960 2660 1806 5923 7193 3990 7073 2427 8935 2911 3218 202
28 2209 8183 6151 2305 9640 4639 1344 2687 4545 1317 1435 2647 2408 4098 8348 214 3928 303 8868 1649 1157 6733 9661 6907 4271 2067 5021 5561
28 962 1038 2649 1700 7109 8266 7299 4273 4938 6795 2590 5701 9311 1744 6741 4146 52 4085 7357 4778 797 5518 8929 9557 9788 9748 4897 5392
28 1204 6980 8027 7552 1380 9777 3300 1194 6162 9442 532 6954 1244 680 559 9616 7630 2488 6900 9614 6514 8014 2553 37 8637 6303 3062 9192
28 8551 5557 7011 5553 6815 515 3479 5303 9990 7664 8677 3982 3095 5808 4669 2287 7912 4706 3776 776 2347 1153 1811 894 7413 7089 3633 7775
28 2378 5467 7329 6092 1267 1430 6007 3420 7483 9317 9482 8350 237 9 6156 9424 5295 8041 1563 4770 3115 9305 6139 3351 7396 8305 2781 2661
28 3902 352 5865 1976 2841 7679 6710 6747 5570 6847 4497 6098 781 877 7882 8982 2564 5236 7333 6987 4675 8456 5709 3848 7991 1385 7362 7886
28 4077 4501 9506 6234 5333 4587 43 6389 9338 1039 8067 7282 7877 339 3063 8129 1225 4648 9085 9125 3617 506 7619 1685 1393 1446 4502 98
28 2652 4474 4568 429 4976 53 6634 4454 3037 8238 4782 6454 8722 3974 1353 8373 8401 2133 4911 8856 1534 1953 1443 3998 1227 8953 4962 6942
28 5233 9213 2813 7481 7416 8108 5125 1944 5969 2511 2547 4344 2900 6484 153 7888 3409 6249 6054 9711 2486 8359 6501 6431 8068 3207 7424 7908
28 6423 9248 6857 3201 5226 9773 5167 8463 8642 4520 8213 5083 9303 8015 3152 3400 4106 1780 6232 2827 921 1658 4012 8032 9576 6823 950 6730
28 7883 2550 4088 4217 2051 9678 8012 435 8441 6097 9500 2370 1126 3807 7167 6698 5248 7210 772 3000 6071 1274 6981 8555 7617 2959 4866 1778
28 9111 1691 9131 8625 3764 9915 8913 5639 1609 400 4460 6814 1489 1642 9552 7200 6953 2447 7479 6525 6401 7169 5225 8527 6059 103 6960 977
28 1587 3632 7871 4442 2343 2218 8093 7960 425 3388 6856 6997 8752 143 1504 9283 618 2690 2271 4711 3658 4729 7139 1786 415 5092 7474 2217
28 3153 5336 5476 2244 82 6322 4514 9133 9149 6037 8260 2913 9833 8066 3461 9570 9140 1950 9749 9199 7497 9013 8706 6293 3938 9071 7926 6656
28 8039 9136 1021 6474 2747 1969 9803 499 980 5879 6225 2184 1303 1046 2981 6539 193 2333 6527 454 1902 8126 9905 7524 4973 4954 7839 5836
28 9284 6897 5721 5349 9754 5 703 2738 2281 3508 2891 584 9655 3269 6483 3287 7622 3327 1291 7098 7548 3739 349 5660 9934 6988 7322 3071
28 2648 1573 3027 1051 5598 5144 3033 8001 7680 7450 6263 300 6178 3568 3786 3102 5447 4404 3569 5676 1605 8065 8838 1594 1333 1071 3868 3021
28 3831 6543 6778 5247 879 5051 216 4048 9994 6690 1493 359 2033 3759 7012 1496 4496 440 4618 742 8030 9849 7512 3800 9517 4600 1184 1235
28 6096 3076 7496 6889 2323 9489 4673 4524 7993 1020 7036 3631 510 3585 4276 9617 4149 5957 8230 4899 6831 5452 8836 9069 9900 166 2075 3555
28 6950 811 4765 7698 4126 785 4221 9395 8680 1792 1092 3453 6581 2967 6502 2193 5958 1910 7373 6949 7057 2317 5589 9124 7100 3652 4354 6480
28 3922 9850 8080 3914 3177 2912 3949 380 7693 9818 5329 6976 2316 9448 1667 2187 4525 2899 6863 7325 3032 6592 2612 197 1543 4590 3826 6088
28 8099 8504 8017 9052 7232 6794 3804 4642 3018 2595 1309 6145 2314 2657 2540 7196 2432 5389 7783 9009 329 6840 8302 2667 7791 8918 4881 1773
28 9211 3247 6819 968 6556 1441 7359 674 5861 4095 6609 5292 6612 2645 2348 4434 5484 7808 5750 7372 7434 9972 1297 818 573 9991 5178 5674
28 9581 436 8565 850 2966 1913 456 1433 356 3487 3379 1630 6206 1761 1413 5695 9683 507 7314 853 7565 8428 3483 3219 6533 9422 7921 8479
28 7914 23 4751 8745 9273 8966 91 6738 1121 6344 6171 6582 6719 6044 3271 4373 9525 4305 3142 8825 7420 4242 7101 6838 641 7246 9650 3436
28 7633 3169 6294 2399 9772 6016 6427 8741 6300 7651 9917 2355 5198 7290 3801 6968 7437 7813 3244 3217 1722 8408 2597 7868 6506 4380 696 6017
28 9888 405 3460 1756 5005 6481 319 8022 5802 1692 4941 2188 8538 2632 4551 4756 6104 1581 5927 2127 5762 7892 1318 2250 9705 9765 8290 7260
28 8544 1312 1067 7744 462 2279 8494 9350 8398 893 8369 1069 9250 7623 4365 8283 6768 1845 6789 7646 3624 3572 4319 7618 1958 1288 2670 6121
28 9872 1425 2524 8833 8471 2221 6267 8620 1620 1980 3925 9964 3246 6945 6450 6134 5590 5989 4595 4663 315 9318 5155 4008 2567 8959 5050 4821
28 4466 9727 5077 7230 7790 7773 8375 7278 943 8150 5597 8755 3360 5761 5767 6451 7676 6689 483 3077 3874 146 9335 121 7386 9398 4556 7774
28 2996 9447 8286 2037 5940 7865 6676 5784 3234 7876 715 7830 1490 2500 6398 7795 9427 2113 535 9026 5961 3002 3688 4746 8409 1022 870 2783
28 1574 4303 6046 5310 3323 9097 6616 9182 3500 5133 6069 644 4402 7663 2671 958 645 3046 9144 1510 6144 9468 8160 4297 5725 4197 6737 9802
28 929 6671 5136 3746 3671 8046 4486 1735 2961 7709 5533 2116 5438 58 838 1713 7803 4191 3414 5267 8785 1202 8188 2927 5805 7900 9188 2406
28 666 275 1704 2252 3139 6242 5435 9939 3770 1089 1688 301 3456 863 3514 4112 4470 4534 4187 7640 4920 6679 1718 4884 9148 3168 2786 3876
28 4801 5944 9236 9019 2395 5867 1865 800 7046 6329 5509 4582 4092 5427 1392 3616 8029 8313 8674 8767 4234 4427 7480 7074 5549 1655 7903 9914
28 957 7343 8492 2396 5258 408 9961 7356 2233 6015 8760 6238 3819 8925 1517 4280 2110 6526 4372 7507 3793 7905 9450 1728 2275 501 6235 212
28 7901 3235 6992 8885 4910 8954 164 3439 3158 1259 161 1585 3488 6406 5067 1488 2309 7143 9758 3395 9265 9449 1900 5402 7280 4680 2594 4690
28 1808 9288 4238 3698 1390 4817 184 2238 7755 4792 8089 76 7312 2413 7491 733 6758 8116 4861 165 5902 9146 7998 8777 1474 9687 4775 1596
28 7576 3505 1186 6459 404 6822 851 2794 7931 7670 1708 1880 8435 8334 7656 1221 6334 5272 3031 8380 4073 1529 5234 754 1404 3308 2532 9556
28 4830 9538 498 2003 9139 3238 1243 7840 6230 3212 4504 67 8352 3393 4761 8288 56 1502 2592 176 1949 5735 7897 978 6447 9080 3769 4364
28 4078 7539 4660 8949 5117 7957 7239 6744 8528 8603 7032 1214 331 2973 533 274 8720 4847 8331 1992 7530 137 9977 2812 4228 9452 7123 5065
28 7426 2496 5197 6756 9428 9391 9665 3647 2039 6472 5096 9821 6352 5909 6696 981 9659 7425 631 4513 136 8202 5341 2926 2709 8893 1928 4871
28 3590 5613 7694 9224 2914 9027 6341 3480 8848 2243 4178 2935 6368 4161 2114 9050 8226 8023 8379 5338 6645 7452 7220 2046 4412 5161 7537 7063
28 1415 626 2418 3278 627 73 8958 9461 9781 7462 3494 9677 1650 7043 1662 3370 2419 8804 9016 5288 4308 6316 9348 1790 6503 4237 3956 4625
28 1717 7337 5740 8547 1080 1283 8756 1174 3777 9274 4293 8347 6646 8842 1726 2757 9999 3594 1803 104 5264 8287 195 8823 4820 2189 2556 7820
28 7324 2202 336 460 9790 1612 33 5177 9006 323 9173 310 7247 5330 4637 9312 6396 4261 2344 864 5743 2089 9508 3729 9579 3653 4956 5273
28 2805 8152 5206 1926 7367 1257 7800 4452 1326 4652 2522 1389 5108 989 7493 8688 2692 7292 9473 495 4041 6467 3910 8520 9134 2881 3957 277
28 746 7487 128 4311 421 5229 8746 2499 5090 5407 546 8892 7846 9261 8796 9830 9674 9998 8947 6870 1384 1570 3838 7683 5344 8272 5481 3375
28 3611 1271 6888 1442 4697 2024 2129 484 437 4334 3743 8907 4215 3377 9177 9400 4740 9567 7093 9396 4022 2669 3586 9667 1765 3328 5029 2582
28 7735 8730 8781 9286 6073 3049 7605 1258 3156 6697 3277 5998 9370 5450 4851 6594 4610 5131 3973 5630 458 2421 8690 3369 192 2487 9100 2155
28 1377 7708 6959 130 338 6464 1238 6979 5769 9889 7131 6813 8512 4045 2939 7124 6884 2929 2131 6558 707 1646 1857 8672 253 8024 4791 4747
28 4189 27 5069 2140 2013 8651 7891 9310 5757 6860 2100 6674 1280 3034 8560 9214 8972 241 9611 122 4528 3221 5380 4450 2094 5471 8945 7187
28 5835 3775 1746 9785 4144 6868 3205 4315 8469 1301 9545 4892 1972 5122 3941 6432 4164 2229 3773 1394 129 9859 9903 3842 9947 2999 7593 6246
28 4974 766 2604 1835 1241 3267 2673 1420 685 4929 3892 9051 954 2903 920 5505 386 4070 1591 5929 3966 2503 5286 3112 439 3148 7885 5987
28 2823 7918 1066 5461 2906 7668 7349 888 8262 2646 4921 4914 7701 6996 4471 5737 6617 1584 9676 9746 9938 5437 5981 3237 621 448 8514 8351
28 3815 9498 1779 2769 9033 167 3573 5390 6236 1680 6820 2020 5854 1829 245 492 9103 3088 2460 3792 6031 3521 7666 9524 2718 4699 8412 9969
28 4760 6796 736 7020 8445 8462 3741 8249 9554 6711 8889 911 5847 7973 2739 8190 7834 905 992 4142 4558 8079 1841 1254 4479 5926 4540 1990
28 3860 3929 8513 2042 1554 4104 5188 8423 4003 5490 9815 3563 71 9411 4167 802 6353 3432 7762 1230 3924 5221 464 8535 7152 3758 1522 9510
28 1386 4066 5511 3932 6283 1787 1542 3243 7202 6385 70 5169 3879 9010 5752 3978 1088 1732 7447 8086 2773 7567 7799 6943 2093 9916 4256 4978
28 9890 9243 7358 6961 2147 6255 4069 6419 3185 4542 5304 1172 6115 3806 1409 8175 2972 536 8056 3900 9638 2875 8742 9065 4702 2516 3381 8114
28 4980 3628 5914 4917 6869 8681 8320 9437 4831 3774 1419 2946 9490 9824 2982 7558 4570 8684 9511 1844 7302 293 4326 8747 2510 1464 6650 496
28 2672 846 6623 5128 5460 555 8968 1932 1839 7135 8253 8144 8989 729 5104 5546 955 4609 1823 7716 162 6254 6541 4042 6002 8916 7697 9558
28 2414 523 271 6936 2752 949 3541 2613 2542 6666 4945 7059 2416 6757 2869 2034 6807 7064 9083 3915 5414 1501 4908 1951 6660 4518 8774 7540
28 5062 2583 1113 8890 4834 8421 2770 4672 6328 1360 3546 8335 2017 2817 5732 7515 5013 7189 72 4464 364 8075 2434 5615 638 7938 6189 1993
28 2265 6597 810 7516 8237 4053 6990 209 1081 5687 3484 741 600 8255 7953 4727 2445 1450 2362 1273 4626 2074 5039 3157 426 3522 119 9837
28 7256 612 915 9811 6504 7381 1009 901 4247 7784 8245 1915 5579 6749 3108 3067 7999 5357 7262 6549 6834 8951 2978 7457 6136 7843 3202 7348
28 13 7186 9492 4480 1210 2519 5637 1525 9231 7415 2928 4212 2121 1879 9595 8295 335 812 8671 9028 727 1018 1633 9020 8218 8225 6524 7368
28 3123 6001 7529 2195 5574 7158 7464 5296 9798 7268 1158 7983 7340 861 8621 4027 211 4654 3248 3789 1703 9176 3374 7551 6921 5280 5361 7364
28 4661 7222 9251 7026 6000 4309 9394 3489 9531 9254 3506 7076 1459 1103 9359 5662 3004 1213 2045 5891 9715 1827 6799 5946 2054 3226 3038 7756
28 4574 6683 6093 9606 6313 3332 7598 7541 550 363 2924 7958 4825 1314 3463 938 5239 5415 5139 5602 4536 7562 7754 6339 6867 2041 6240 6596
28 8948 7030 2005 3866 3442 8072 590 3520 8874 313 4243 8106 5894 5839 5804 4113 6518 6110 268 5469 1475 5872 8510 9277 1798 6762 3106 2494
28 5645 4246 502 5751 2168 4082 8791 2433 6553 4888 6893 4869 7989 6253 9547 8759 505 8269 9875 8524 9206 3309 661 8522 6169 2544 5897 9343
28 4052 6347 89 2736 5713 6985 7538 2158 7142 4272 4130 9072 4132 4578 6624 4819 5242 2321 8997 4606 8069 6517 1005 1812 9679 6028 6974 7049
28 9371 9992 4481 8841 9751 738 5670 5875 2179 9093 3402 8552 3435 6060 604 4839 1918 1578 8459 7051 1528 5992 3447 5515 731 9723 9841 9527
28 395 6770 928 2526 9484 3318 6299 3830 4799 8122 1724 2610 2019 231 2032 1456 1376 5672 9239 2023 1814 1989 752 5702 2514 2357 836 3006
28 1965 1424 8297 6925 3009 9165 2608 4950 2601 9376 4844 5694 5080 1721 99 4207 5081 8119 2726 3397 9684 6636 2883 9025 6360 8487 5365 7134
28 8267 553 2855 1499 4716 221 173 6274 848 2835 4435 7432 7589 9381 1636 8051 1848 538 9518 6023 9541 2476 823 9170 2170 7789 6269 8314
28 2636 7216 5917 8049 2535 5990 3019 8649 4229 257 5964 3310 2465 9185 270 1887 1161 6045 4451 3475 2002 217 8393 5538 1119 8941 4832 7534
28 4764 1247 8969 5116 5182 4030 6859 6971 7629 3565 9368 4266 3849 9367 9326 6786 5741 2700 2941 2515 469 8531 8902 2721 9710 4352 9968 8670
28 7006 6154 34 9130 3164 7607 4313 3934 5278 5508 5175 223 2818 6457 8475 5378 7500 1336 7963 4269 4709 2363 828 1576 843 1079 8539 1185
28 862 3482 5564 4046 4152 610 4828 106 2303 3398 1647 4284 7620 1294 6426 7909 3043 3408 6307 4972 7904 3676 4468 8779 6013 6881 5635 8009
28 7609 5595 2263 9884 3992 4304 9565 2409 4413 4958 8878 5770 7157 4925 2006 5479 3013 744 3714 7797 1200 8888 1277 4531 9563 9113 8583 7341
28 5030 5583 544 9804 663 5318 2918 7240 902 4691 4732 5291 9280 8886 5727 86 2945 8396 8839 4876 4102 3133 7440 1237 6783 1615 7654 4712
28 8407 2864 665 8438 5829 6580 3090 3430 9425 4647 452 140 4599 7962 9729 7378 3204 8626 8198 5271 8361 3613 3424 4664 7810 2616 6498 1651
28 2182 476 8592 2940 7625 5714 6866 7927 3167 1207 6574 5000 6082 1936 6692 5622 4780 5340 8303 9226 1355 8157 6241 5764 7050 9164 3901 9941
28 5777 3991 2557 3762 931 81 5863 107 9314 3545 4728 6585 1796 782 7725 3343 5037 2886 7632 8048 1388 5824 5657 3450 6153 4698 4585 6405
28 9446 8590 9940 8906 9752 6485 1593 243 4885 7812 6914 5282 9043 2534 7844 8168 3895 8587 4894 1356 1438 8449 3257 889 7106 1369 8387 697
28 3256 5241 6595 3350 5680 1740 956 5556 3654 8013 5440 2948 5974 6892 7310 5758 904 7975 6775 7825 3750 7895 1527 6325 2819 587 1350 7559
28 9340 4338 1924 3264 1890 1994 9223 5163 4446 8944 1228 8939 5024 2082 7088 4080 9419 444 4719 8473 7198 8252 7486 4927 2523 3962 6149 1793
28 6845 8468 3471 9128 873 5883 8285 5315 5369 1545 8153 5818 2390 4748 4317 4934 650 4035 2650 8705 6259 6801 2483 9034 1361 556 7850 1177
28 2417 3665 8851 9592 4195 5478 5079 7561 409 5070 7925 3434 567 3700 9453 7778 64 2839 7127 7780 1987 4462 10 1470 1939 2345 1559 9982
28 102 1035 191 1278 1562 6027 4137 4134 8700 7419 4818 8832 709 5015 1063 388 6079 9709 3945 6349 4013 6089 5120 2618 4995 6397 6842 6301
28 3581 4392 6664 1417 3 8526 1770 2679 6331 615 7776 39 2606 2893 4120 8860 3890 912 1619 8662 1251 9486 5232 7644 1509 4552 1484 5690
28 9328 8983 7014 9378 9974 9874 7028 8506 3215 5121 3315 1163 428 8137 1461 1819 1537 8480 9693 5563 9114 9374 2392 1995 8516 3345 8092 3386
28 1641 9791 8400 3373 2085 8992 5916 2950 2843 2802 9970 2382 3368 2056 9931 1536 263 8420 4023 4725 890 2443 9301 2559 3993 9505 4345 7936
28 9215 8447 1491 7724 1961 7203 5925 8263 6296 4163 8862 8976 683 9672 6904 6226 6403 5554 6127 4508 8173 7659 7734 4584 5870 9987 5953 1868
28 2711 3551 563 961 3845 7637 6167 8828 3912 2558 9090 3721 858 918 7102 3129 3319 6739 2662 4208 346 4484 6593 4490 6181 8891 2493 7021
28 8372 6687 4214 7351 3391 2677 6105 5376 4640 5059 5647 3490 6993 4617 7831 9564 7438 7103 9337 748 6122 7204 8556 1287 196 7319 2634 8898
28 3075 5008 7611 9039 979 208 8609 4205 5146 9363 5420 123 6187 6345 5202 2475 8210 6678 4499 6529 433 8485 6619 8058 749 9003 966 7911
28 1833 6425 7331 3172 3898 7176 9864 4083 4889 5382 3548 8769 6010 7696 48 6119 8310 7079 1252 9386 5363 7600 6289 1957 7738 5618 8132 7502
28 9413 6720 2836 8324 1644 9856 8679 141 670 1290 6287 2857 9365 3382 5718 3886 8843 3125 4439 3178 9062 4342 2953 2328 5569 3840 1001 8465
28 7855 1896 5938 7323 8751 1276 5433 5512 6572 7815 4533 2780 799 5027 6706 5982 2485 3276 6839 4731 7303 5025 7287 235 3663 6513 561 7887
28 3171 9826 4996 1809 2201 4567 771 1888 204 8988 3986 6449 3926 4288 5477 9852 4522 9487 5778 5625 9245 8344 932 4416 1937 4998 5779 8194
28 2198 8432 7042 4824 9816 6966 308 6764 2832 1074 881 798 3011 2165 751 4955 297 755 3089 6346 6108 9108 7977 859 3717 8228 3580 537
28 90 5967 4067 4006 3050 5058 7777 9880 4325 3105 4064 8437 2878 7739 3753 1832 649 248 6505 8452 9275 5358 695 3493 9001 8484 9697 1508
28 2452 5049 4318 3682 8074 4553 385 9393 4457 5384 7352 6378 2859 125 4855 5026 6905 5150 4086 3365 5004 1628 4979 1580 2571 7817 7841 1298
28 4616 2335 4503 896 8765 5610 1340 6212 7105 4241 5064 3846 2877 3003 8787 5594 8773 4865 5078 9142 9298 9691 7048 2261 8559 4683 6564 7215
28 6229 286 1407 5696 6922 8991 964 2247 5434 8794 3286 7766 9233 7346 7924 6323 2568 4143 6736 3097 5143 2199 8985 2990 6704 5507 7194 1627
28 6956 4989 5185 3735 8063 62 5228 1127 8728 6412 9593 9116 4930 3132 3180 5731 7591 2702 4016 3738 6855 7687 8647 6251 5633 2444 3305 9481
28 8246 2795 3501 4436 6718 3836 3669 6874 5074 8309 9976 5699 9769 4160 693 1736 9021 4572 3255 4330 4859 4324 4783 7453 891 7261 6639 2678
28 4141 2803 417 2570 2212 7974 630 1299 5822 7062 648 8616 9287 4862 2464 1571 4406 1216 4399 7506 3230 4000 8045 9924 9542 8501 824 6216
28 2563 6785 8919 8872 7845 9302 2868 177 7045 6715 7753 3020 9278 7588 623 6565 5825 1623 8608 7504 1922 6101 5445 5582 3959 1801 9349 233
