29 6975 7995 4392 6664 4607 2085 73 690 3821 8904 8794 3286 545 8332 4748 693 7378 2568 5773 1823 5494 3206 9306 195 4531 3717 4827 7568 7460
29 1566 6808 1364 563 5128 2168 5714 9599 3934 6331 2558 1158 4873 1102 8149 8475 3250 4118 1623 4686 7780 9132 7301 2079 9924 9542 3840 1350 233
29 6428 4581 4236 2777 2506 7625 9856 1804 243 6572 2802 7284 5770 986 1029 7102 5026 3895 3885 2598 1356 5363 3655 7520 856 5711 4683 2668 7887
29 8450 2758 3856 6935 5483 3992 1276 6437 2247 3785 9260 1000 2705 3464 3700 4855 5730 9419 9174 3252 2641 346 3823 3084 7644 9698 2915 1851 9204
29 9475 3160 1893 3316 9735 1644 7086 6643 2433 1839 3398 3298 8616 3415 4943 9716 7564 4555 8571 4086 9226 767 2619 5728 6943 5466 4998 3530 2504
29 835 2452 5532 7331 422 4834 5883 5228 8506 9531 1074 3506 7432 6386 6253 751 1536 1403 3378 4357 122 3413 9374 5120 8219 8516 2273 3305 1177
29 8103 4661 7946 6890 2963 684 4553 4597 2950 2843 3105 7776 8976 4985 5379 7199 4727 1763 248 7041 9142 1355 8010 2454 3208 2749 8891 6955 5666
29 5266 9159 6720 7581 7699 3557 6554 7028 8249 2274 6800 2763 1524 2092 8137 3401 6223 8843 1213 7283 4206 1703 3469 8985 1281 1361 3816 8443 6301
29 6198 7822 523 2836 8324 7769 3242 7117 7981 565 5384 4153 2044 709 3061 1451 4614 5056 4572 4719 4233 7085 520 7220 7713 5231 6762 3106 4977
29 5832 993 612 417 2570 2352 4694 7872 177 8476 7190 5064 5405 3094 1308 6692 9483 5825 1652 6127 4333 7686 9631 4783 6761 4995 6266 561 8670
29 156 3384 5041 4808 9385 1025 1612 7988 2679 3912 5189 2474 39 8661 1249 5718 9098 8757 9156 6394 7211 8557 2199 7376 1580 5907 5928 7533 2678
29 5876 7760 8432 8481 6150 5448 6304 5580 8649 4446 7815 6586 9497 9769 4160 5114 3129 8837 2029 9316 4781 7920 963 4505 2261 2942 7817 3038 7907
29 7849 445 5939 1014 5387 8277 2677 320 3558 7045 2835 3548 4565 5451 643 3684 1736 4406 2453 4359 6870 6196 712 8647 2257 6532 6755 6264 5453
29 4467 7590 7704 3640 3950 6922 795 745 8828 5146 1872 972 4136 5874 7077 5947 2315 1156 481 2272 6896 9684 9652 7754 1209 5559 7002 9918 7215
29 6430 2234 8366 5914 540 7845 62 4298 2266 5568 833 7767 7377 1962 8901 5786 3641 3319 8420 7573 8735 8275 4324 2109 5386 1629 4890 7066 8009
29 6261 7794 8406 4099 1809 357 3346 7467 2027 2937 3229 8859 9222 1701 8436 5540 6106 4059 478 8138 6023 5684 6774 9181 8749 3173 3074 1001 7911
29 5254 9282 6931 5965 3682 1855 2167 8679 4874 1028 3835 7000 4689 6728 8807 998 3886 6512 6487 2997 7716 1922 6101 732 3909 731 9293 9847 4789
29 2734 8232 7984 6699 3735 3455 2106 1160 5772 5822 4163 4374 2548 3136 7112 8550 2888 8310 7848 875 3965 728 5932 5016 4061 1937 7029 2493 7936
29 3155 4065 8568 6093 896 294 6985 3297 1802 9314 5023 9012 6585 9287 2165 4312 2951 3820 285 6020 4863 6194 1628 1874 2559 1316 3404 8879 2497
29 1711 4616 8657 6168 5171 1448 1165 6522 7338 8042 5397 7753 140 3685 5820 2369 7212 7236 3419 7083 8048 2240 6723 2340 8043 127 2119 966 6804
29 389 3511 9166 450 2736 5308 2569 1770 141 4521 7062 5983 3290 3705 947 5577 9852 4946 9534 6589 9000 6642 4463 6053 2721 4682 6435 6810 75
29 9670 5354 4701 191 1745 5658 1138 3001 8256 4325 3078 9812 3955 2977 522 7831 1571 5688 1702 5616 7940 6855 9691 1877 3459 7810 5667 1106 5690
29 45 6956 4989 5462 8327 9263 8991 8239 7880 5510 6715 9857 8844 3923 2056 9609 3073 756 9465 1201 3052 2461 4651 18 9582 6153 8011 9349 6835
29 9058 90 8543 8851 1152 6211 5052 3079 106 2303 3637 4435 778 2859 6345 1830 9292 7500 8082 7624 6373 9840 298 7287 6011 5276 1270 8240 7917
29 6599 1785 6319 9787 273 837 4942 6099 4724 1310 7291 6574 1960 6010 5833 7044 2631 3571 2839 6691 4668 1528 3712 6602 3098 3710 467 2620 1864
29 9053 1959 1348 6416 9806 8074 8992 4975 190 5074 5142 5036 6310 4081 7702 2151 1977 3891 1743 6736 8473 5656 3165 1112 3111 3959 4793 5551 5320
29 701 1753 5245 4803 1560 979 908 883 2194 2989 4292 6918 7554 1097 125 9931 7758 4094 6678 6087 827 5089 8763 9637 6916 8981 4698 6561 6216
29 3039 8299 4878 702 3763 4629 35 7878 3299 7390 9562 84 2539 109 5265 66 4737 8217 8643 4886 3296 2196 3023 8576 7094 6929 3083 9555 9212
29 1813 5370 6062 6402 7084 8910 473 6703 3984 358 5059 5647 9855 2577 6716 623 418 2407 3408 2208 3365 3270 5358 4468 4337 5950 6029 2456 9799
29 4182 9155 7494 7120 3417 4573 970 7513 1485 5838 8944 881 1742 6187 3003 3753 2387 6009 4162 1884 6937 8102 7224 7360 3527 7858 340 7806 6413
29 1179 1111 551 8797 3064 1562 2439 8532 9362 1032 8655 9281 8437 924 4918 9421 5648 9077 2521 976 3597 5933 9536 6593 4631 2571 145 6217 9527
29 9738 5679 9957 4068 4151 8162 4627 9546 1821 219 9093 3194 5768 9081 5962 2464 3213 5174 3728 7582 7821 786 1110 6782 4020 8164 8928 2249 7641
29 207 3236 188 5031 6407 2036 4252 7201 5223 7835 1694 199 5347 7620 376 7075 7499 7438 1931 2473 2172 9574 7933 5624 8810 480 5948 3540 3107
29 2822 8339 4057 7752 3762 7482 9540 9238 7316 5935 1082 9654 8939 1176 8864 7265 6930 5205 8171 2259 3282 9206 6848 5445 3614 6654 2306 3059 4539
29 3353 8579 2803 8586 1398 5860 740 2591 3429 8182 5119 4223 8611 9068 6006 4213 3605 222 7578 1426 4731 5364 1372 6141 1834 860 5609 3872 5823
29 7782 3877 1734 1192 1863 952 232 3669 1167 1679 6233 521 8931 6809 7258 6147 4240 4509 9528 2639 1159 9298 6420 6209 9253 1881 1801 6680 1154
29 2922 9360 1896 3383 8083 7519 7870 5323 6764 8627 9363 6287 5442 8686 8140 7233 4814 3960 5186 1087 1561 5576 5649 9201 1287 9476 5844 2530 419
29 2717 6891 4797 3302 9636 2746 4278 5353 6538 7468 4679 7906 933 5118 9334 8095 3512 834 8921 5458 1334 988 4210 2302 4646 3906 9438 4135 697
29 1134 5703 6214 6482 3462 2358 4323 8831 8793 3678 5749 9529 4100 8115 3609 8597 9197 461 100 8419 6131 6536 1481 8433 2962 7107 4058 4707 2681
29 2870 750 4794 5134 4777 7485 7637 572 3182 3887 3313 9979 6693 6993 4420 5443 131 6940 2307 1084 8704 2621 5190 9881 1682 9347 3138 6952 1627
29 2150 4172 3911 8919 3306 6912 7974 6112 8581 9854 878 4281 2897 3303 4011 5956 5485 4043 7079 2596 3017 3497 4121 2732 1449 497 6271 1268 7722
29 6933 6257 9417 4802 2614 2049 6618 9055 8000 4562 7942 4990 4316 3011 5048 8882 8221 2047 7476 1101 6383 8071 2443 7977 7332 882 9615 869 2611
29 6440 2163 5149 5794 5566 6681 5671 1340 5084 1897 5068 3431 5249 5691 6208 8942 5627 3805 2128 9901 7504 5145 1586 4222 9633 1115 937 8768 5208
29 820 2993 4166 487 9966 1515 7286 513 9725 2960 373 3603 5828 6701 4371 9707 6653 2425 9706 2974 8397 7182 1782 6911 2885 7930 3522 845 2388
29 3060 2156 3765 3501 2756 3623 1677 8790 2435 1871 8988 5584 5811 1144 1135 7859 2658 1858 6739 6788 9102 6805 6455 8084 2104 7804 2143 3472 1637
29 2603 4506 548 5545 434 3680 3881 8365 3904 2132 4262 4564 9309 6082 6544 1598 6530 6905 1941 8496 8452 8676 4912 826 787 4291 637 8216 5638
29 7678 6638 3128 5815 1964 6995 5744 5010 4465 8486 2083 9689 9466 8826 8279 6895 1927 9046 2118 9195 2831 4445 6281 7714 2214 6573 3931 7841 7652
29 8346 9925 687 5113 4560 3036 7952 9898 5739 6872 1431 4019 292 2014 3828 9390 2219 1654 8429 6199 8021 3230 5319 3478 4360 5398 8574 5915 900
29 8172 5552 1468 7394 676 1462 5499 4282 1127 4306 7743 4657 9300 9233 1482 5943 1840 6850 801 347 5866 2210 9193 632 2398 4695 4552 4037 7796
29 9822 1666 7787 9646 6030 8615 4788 2637 6978 8783 8652 4519 529 6429 8883 7587 4955 3552 5123 3638 4854 160 267 8940 8567 8376 4592 1399 7502
29 8033 5454 5941 4214 2965 4248 8711 4231 1411 2707 3794 8214 5106 259 7557 4332 1876 3068 355 4837 7160 9086 5243 9620 399 9710 8317 825 5707
29 9151 8315 8654 9227 7323 6113 2057 6128 7592 9658 1749 3507 9809 858 9207 5373 7159 887 6476 6682 5421 7113 897 808 6577 891 1550 7178 3531
29 3709 3968 2793 3519 9984 9115 784 3644 1306 5183 2055 7195 1920 2686 8650 2077 8276 2231 1624 591 9519 6290 7055 6 2976 6012 1891 9015 7492
29 187 7132 8205 5156 4 5868 7572 1004 6854 1120 5856 2943 1003 3622 5720 1866 5924 1611 5617 148 1696 5715 8427 4039 651 240 4461 2810 124
29 9435 8724 7569 4169 3953 8714 813 2644 74 4031 413 9983 8558 387 5994 7853 4538 1906 2026 967 3749 7913 4426 4741 6832 806 2441 7608 8696
29 7318 6227 9117 5345 8829 6444 4495 3326 3745 8993 59 9839 7443 133 2560 5356 6607 414 1625 2650 6004 5995 7902 3996 7289 2703 769 7422 4678
29 2635 2921 9200 7689 4415 9752 6049 3335 1707 5425 7610 7672 8824 7001 2759 3211 2466 3231 4860 3245 3935 6825 9503 2282 8554 4437 3645 1665 6441
29 8078 6021 6497 1140 170 2555 1095 185 5556 5975 2909 868 527 3629 2534 30 3301 8519 5212 9693 2073 8101 9680 149 517 47 5317 4767 4184
29 6507 3145 3533 26 9175 1907 9831 6244 7748 4264 7955 6252 4612 8775 5132 1894 6991 6962 7040 7956 8656 8748 3977 8811 3661 4517 2807 3334 2480
29 1826 4049 4170 7648 7707 4227 5224 7110 4145 9339 2230 6318 9057 1261 7948 361 9794 2411 2319 3372 4491 3338 6465 5629 9353 1943 3072 9403 6164
29 5634 804 5503 2482 6910 8693 7022 541 8251 2832 332 4047 3131 6780 831 1535 2714 9471 3056 9911 5094 9373 296 8818 105 8077 1540 8360 2288
29 2772 3756 2785 477 6620 3380 9825 1222 6919 1007 1218 7039 5289 4425 2761 6846 9810 8319 1523 5920 562 7454 7389 7857 2269 5809 1727 9643 4644
29 9601 1466 9104 1670 5855 9625 6766 9184 9986 2415 8511 7345 3416 6192 7298 264 6111 5573 2227 508 2688 7293 5088 4790 4905 5937 3664 2968 849
29 8995 9594 726 3643 5109 4009 9147 5506 4017 974 3608 7275 907 8248 1498 9712 2821 9262 842 6555 2861 1699 351 9686 2498 6377 8743 3829 5033
29 1579 2091 4757 3333 7161 4391 7185 7944 36 1602 5314 8623 6434 2004 1905 8780 14 324 840 6140 1357 269 1331 8088 344 2308 1295 8887 819
29 2368 9054 9868 8431 3518 9907 7259 8737 3803 4370 620 5501 1919 7300 1914 9588 112 6315 7023 4826 3964 3980 8789 4510 9713 5285 3101 4339 8909
29 8725 9157 3693 6250 1250 9937 3731 4015 1541 4388 3813 3670 2397 9458 382 4177 903 8133 2246 6777 9341 4968 2160 4038 7477 7478 5774 6830 3818
29 3766 9742 1365 8566 9095 1575 7488 9745 4745 4931 594 4440 2148 3981 9217 6742 2256 8196 5498 4670 6019 3223 1912 3135 8845 5747 3697 8932 6906
29 7674 5955 8386 8356 3612 1239 4307 4566 5911 2947 5474 9087 6849 1544 2546 3674 1567 8758 7879 9985 154 7017 4176 3995 218 4811 5216 7153 9138
29 3425 8404 534 1818 5826 2394 1282 2771 1149 8316 2509 6707 6213 1952 178 6100 1383 7129 4202 2665 2787 8136 8451 3948 8515 205 5960 4526 6787
29 3883 8644 256 3339 6748 4784 7408 8442 4205 3304 6188 8222 9007 2589 6836 7171 494 1495 6058 761 9663 1019 2729 6040 3214 9894 3030 224 6511
29 6056 2146 3878 5537 7279 2144 9229 5446 2680 1193 5429 7122 1988 1321 844 8490 8999 299 1741 1850 8930 2102 4449 1869 2626 8061 5780 2957 9770
29 6570 6152 2332 1205 1175 7147 5525 6036 8645 2538 9921 560 9179 6811 1146 6438 1391 1013 5038 8800 8212 8923 543 4907 4798 4026 368 3918 3952
29 7833 2863 7574 2693 7798 4655 1674 1898 2797 2624 5659 38 4456 7388 664 5270 8996 2200 3329 6314 6803 3593 3022 4999 7119 6203 1105 5930 6576
29 327 3117 7793 2512 2573 571 3722 6395 3192 7078 7816 3825 8448 3584 4813 5299 9047 7733 8491 9401 7255 7736 9879 5571 2095 9863 5375 3422 7272
29 719 7759 2874 747 9817 6677 8178 4487 4589 8289 5055 7802 5137 1056 1885 6321 9409 6400 8186 3916 2750 5250 699 8542 1378 6041 4643 6663 9700
29 1577 8546 5608 1139 6973 2768 1639 5742 2310 7745 6989 4882 7596 345 2730 3853 2108 6877 7285 5061 9137 8430 9789 3163 8533 3734 2291 2215 9958
29 3183 2139 7395 6493 5298 1260 4183 4969 8292 465 4726 2052 8821 7308 1892 1416 407 2327 9928 847 9578 9479 3627 5599 262 6637 451 9330 5269
29 2995 8184 9037 7979 6382 5251 2018 5596 1657 4785 2373 6183 3134 8278 4829 9823 8534 8425 7428 8817 8580 1514 8905 6478 4984 6008 8037 8180 3143
29 5959 601 528 4769 8613 7436 8281 9235 5760 4588 5297 3606 2389 6941 1774 318 6924 2379 2684 6604 944 5449 2529 8192 44 2448 9358 8307 2149
29 2038 1938 1040 6635 9416 7177 8381 9585 9186 1610 5238 9575 4428 6388 5075 9673 2226 7889 3371 3549 2543 1979 9167 8770 3943 8682 2895 4923 5738
29 5014 9561 3361 479 9956 375 1229 4377 6436 2318 9973 7108 5411 4583 4743 3525 6492 803 1338 3337 4982 8280 9036 2383 5864 4840 2789 6142 470
29 493 625 6245 3005 6983 8701 393 9456 5302 5821 1011 7466 6510 4919 6399 1439 5790 7829 9509 3394 3342 118 8633 1583 9759 2706 7631 2585 3517
29 2440 1817 7115 7309 2293 3122 2053 5587 1767 111 5530 8191 5395 8390 8675 6448 2753 6963 759 1748 8729 6391 8853 857 6408 3355 3985 9109 694
29 8854 2847 5492 276 5612 8418 2138 1151 3905 6675 4204 7863 5791 5817 337 3896 6170 8333 3615 5977 2361 317 1966 2694 3588 7223 9869 9724 9154
29 2584 8502 4060 6258 3410 919 6262 6057 2322 3320 7847 1754 8899 8938 6591 3389 8599 255 7141 4806 6568 6243 7445 1997 5795 8987 7008 2016 4915
29 8598 7642 4390 6155 2304 721 5201 7379 2728 9220 1096 3146 8591 4423 157 4148 7750 5806 9929 5853 6984 7451 9496 2884 9865 6901 5859 9544 5193
29 9832 333 5324 3312 2640 678 9537 8577 5496 9436 9056 1564 5852 6024 1963 8422 5531 8461 6336 5335 2366 1072 5011 1686 566 2105 1875 2561 5211
29 6812 7382 2241 9755 3524 2633 3703 134 1354 5343 3262 9412 8801 6486 4723 984 5076 4893 4389 7070 4225 6080 8127 7972 181 3796 2925 8268 4275
29 6190 7613 2442 1037 4034 6348 2359 4350 9267 6567 2799 7706 2825 4511 8341 5214 9264 1645 4868 6685 6468 4772 9514 7354 5527 9099 8744 1503 969
29 6197 3562 7096 3560 2430 7383 6500 9406 4341 4055 7336 1402 4002 5306 4226 4902 4700 2663 5980 2192 4928 3862 1506 7128 6366 6495 578 6865 9418
29 9488 8453 5984 6864 8234 6123 682 662 1730 9733 3144 1889 5766 2790 628 713 7673 1073 8156 9783 6219 7266 3578 6569 5173 4762 2059 6598 2084
29 9191 5954 1339 61 6275 6421 1076 365 2541 5843 3166 4021 8455 3543 5230 2225 514 6466 4924 4405 2277 765 8326 3352 79 7677 2123 1946 7207
29 2600 9814 8523 5881 8261 5066 7361 9477 4117 789 5781 1329 564 6143 922 6365 1057 3113 2754 9429 6934 3053 6548 9523 2393 6052 2371 4708 6202
29 7662 1187 5195 598 2479 4156 7016 7441 927 5704 6210 9029 8855 189 2882 4883 633 9776 1710 4853 9105 7140 6489 2285 892 5586 8986 4235 1363
29 1434 8090 3701 2933 3582 7603 163 9272 6186 8723 8602 1548 3454 3695 8915 669 6521 4310 4056 5103 9926 9331 2655 9572 634 12 6442 2901 7577
29 691 3210 7397 5997 8273 6657 9329 5170 4385 2001 3742 4383 9187 7150 1553 2251 2484 5001 9162 8703 5283 7391 4403 6631 8306 3041 7837 2296 531
29 2223 7566 281 9304 8282 1123 6452 3151 1836 290 7875 4687 4696 9135 7276 8990 8498 9553 6853 463 7535 3689 6858 2778 6222 5215 4548 6969 1911
29 7245 1568 3833 7894 9190 3347 1996 8111 4444 8974 8325 2760 9218 9792 1507 9344 1886 5631 7433 5431 5979 139 6986 2072 3015 9535 6161 4605 85
29 4611 3452 3534 2228 2135 4355 8594 2762 2489 3675 8617 9704 8734 2354 9959 7033 1828 7932 3007 1164 5807 5544 5085 3559 8197 2834 8105 4594 1289
29 7080 8653 552 6970 2048 9980 5126 6359 8377 6630 5578 2050 1436 7860 5152 9232 8497 9981 2988 438 201 622 4624 3713 9962 1263 3467 2879 9932
29 4753 5524 3119 7929 1422 5705 3537 4116 6312 2175 392 1045 7560 8639 2683 6540 9011 4557 6083 9846 2733 6116 9623 1878 3239 8895 2467 6390 1648
29 3448 7047 330 4091 1505 309 1055 3997 1012 1427 2068 6648 6456 412 9902 1068 9507 1351 7027 4301 5623 9225 3699 5091 6717 3601 2031 2809 6632
29 3516 1831 5846 2 5207 1016 1373 2337 9324 1304 2931 8808 7785 9414 1838 6439 7626 5755 4787 7398 5893 5663 2162 1546 2533 796 5712 1653 9784
29 7148 9440 5973 5127 3295 3275 5901 5138 4953 1555 569 4401 3174 7682 1494 4421 4656 9587 9626 6035 3787 1663 4848 5686 1518 3760 9383 5877 5921
29 3190 4671 8125 2205 4386 3283 5796 9315 6750 1532 5547 9110 5352 8345 7919 7053 8370 583 5655 1582 4253 7862 2856 8648 4877 9778 3349 9995 8636
29 4119 3240 3681 3781 4455 593 4903 7347 8349 3532 4684 3553 4906 1147 2617 2508 1469 3109 1265 19 4932 5328 7465 4150 4367 4532 6496 4771 3634
29 3440 8698 2554 6871 2350 304 5522 760 6473 6523 9420 8296 5661 7740 8601 9666 2130 5810 307 97 28 1859 614 3081 7711 7090 953 5470 2436
29 6613 9688 6729 3099 4529 5945 343 8454 3882 9885 2078 7009 1034 6735 6338 7893 7836 9596 9266 6469 1332 1162 4209 3426 4411 9064 4940 7978 4331
29 2098 3265 5756 9522 8540 2401 3847 9571 6547 9178 4489 1799 4952 710 7344 367 1050 4244 8984 6270 7627 3561 3994 5017 7923 172 8236 265 4300
29 3387 7545 5952 9685 8950 8766 4096 8572 1064 4263 9067 7082 5281 6951 1170 9325 3639 6628 1058 2449 3736 4563 9539 814 8146 3607 5432 6038 5255
29 5604 9960 6879 3385 4966 7992 2391 5218 5105 8483 1423 7400 1320 4382 5072 7172 449 9551 1366 179 9271 6047 4613 1454 7521 6972 7861 6898 2367
29 3636 1942 9366 9732 1059 6005 8293 1245 7660 3086 4040 3035 4667 8509 3220 4277 1173 471 5733 8869 5620 7274 9569 3045 8110 1820 1027 764 2659
29 8980 7229 457 2459 9073 4084 6816 6686 5176 619 5793 8047 5290 5600 7146 9681 8087 3184 1565 5034 1026 4537 1497 2896 2211 3057 3589 3857 7234
29 5371 5388 4754 3618 1197 7980 7327 3625 200 5071 8894 8562 2124 7118 4448 3495 9630 5399 6958 272 6095 8738 4036 692 5275 9030 5372 8819 4188
29 9861 8440 8177 2599 7151 6876 7406 7751 8518 3069 4898 3273 1085 7549 1458 7681 7700 226 923 342 3809 8881 5792 5521 5936 4346 1255 4965 4659
29 5046 5160 7015 5472 2860 3610 2058 5759 4044 7703 4822 7811 3839 6471 5606 8223 4378 1346 6695 807 658 7145 2987 1017 6784 1634 5002 9873 7417
29 7643 8561 9820 7638 9129 7715 8933 4621 2289 1519 8318 8284 4147 8371 512 917 2889 8414 7635 9946 9234 7657 6771 442 6833 9320 7729 5284 3708
29 526 1387 1437 108 6284 4005 8368 3528 1777 5502 3362 7935 7007 6174 6772 1783 6078 8034 3754 6875 8809 4816 6694 948 2691 7166 8270 8167 7010
29 7136 5260 3258 3951 6374 5724 4076 2745 4880 4500 7257 9127 1618 909 9002 4258 3576 3359 3737 7095 8612 8357 7658 7523 7730 427 9152 2386 582
29 6130 2830 9942 4458 8193 238 2154 1904 9848 9870 5514 6862 2699 2743 7363 3692 999 5422 1656 5444 401 5141 9608 6076 7154 6667 9018 8816 3399
29 5798 6330 1330 9891 4622 629 6727 4394 9660 2176 4833 4168 322 7712 5220 1054 8200 7273 3261 1043 7226 9048 9602 3438 5813 624 5513 4685 7162
29 1048 5535 4122 7636 3844 9761 792 2748 6793 2689 718 5279 5332 4749 2171 6462 4129 1195 7628 7710 8600 1041 8922 7306 8736 7156 6371 518 7690
29 3875 7606 7235 2858 9702 5020 9467 2410 4348 230 1837 9862 8145 4546 539 8362 6851 3376 1955 3600 6608 6066 9950 8363 6490 2828 3279 1551 4347
29 9543 1595 9635 7922 60 1217 7719 3858 2470 2788 6185 1395 9249 7532 2342 7069 6146 8158 7943 9801 7170 2356 1328 4721 2264 9041 5698 9860 2980
29 2849 2446 1196 3149 1049 9719 4302 5424 5274 1219 4201 1557 5834 6601 4417 4340 2216 354 6939 7550 5626 2471 2784 5101 1626 7741 1916 3913 1635
29 4891 1030 314 8120 3268 9708 5912 6817 6218 5235 4124 3191 9372 2463 3944 6837 7737 9717 5246 6247 151 7034 9061 983 4381 2737 8978 8265 519
29 570 1599 9584 5237 7442 1985 4948 7054 7111 4864 6138 2651 4823 1483 3054 1457 3574 6649 5043 9516 5745 3691 4485 6335 547 9774 8070 2956 6014
29 6392 7179 6610 4870 4050 3716 3443 679 5862 7661 391 2040 7237 430 32 169 635 884 7225 7634 1284 8863 942 4105 3930 2779 5621 3285 8618
29 5455 9194 2890 3921 9836 4175 7910 3170 9415 7374 4062 8943 8665 1870 5504 8908 6802 3253 7495 9294 3933 7827 2824 2197 4936 6673 8640 9410 2338
29 4960 94 182 7191 4926 1795 899 939 841 110 5035 6672 1319 198 3983 6362 5643 5331 7510 3751 1945 1617 9101 2360 1800 7968 9573 9782 4916
29 9988 3827 9695 7458 4219 4018 9242 174 793 5700 5601 9089 334 3771 2204 2741 8139 5567 7133 3788 7749 3200 4409 6103 4571 5678 9580 5991 4576
29 7427 3782 1285 6475 7985 5783 9494 3619 8076 431 1233 9247 5689 5367 6670 9252 3418 7881 8563 9432 7874 8354 2905 2751 7281 5593 5970 7399 3767
29 3042 482 4766 1983 291 4628 2920 0 8460 6740 3364 7939 9750 6665 9763 758 9323 7365 500 4987 7819 7469 5184 7583 5391 453 8585 9296 3748
29 5465 9246 4259 8717 7742 9462 8257 402 8235 4289 3791 5327 8721 9464 965 5519 1272 2181 6417 4991 4211 4849 1447 2177 4196 2088 3161 8470 9741
29 9392 3832 5771 3260 780 504 7087 3103 2525 1370 8055 7213 7941 2811 8338 3137 7898 4596 8259 5179 7971 6109 5785 809 2478 8165 1697 5240 8385
29 9049 4260 5889 6463 7890 158 971 1784 8322 5277 1668 6590 7056 6182 9800 7238 6726 5287 4498 7366 4245 3307 11 113 2422 3197 7997 6061 6065
29 3660 9997 1712 8503 2145 5086 3667 8328 7163 3176 525 2120 1128 4343 1968 6048 5642 1 3880 763 2222 7250 8622 5665 4688 3457 7801 2528 973
29 3016 5147 9336 8003 3396 5360 6826 7866 8812 3865 8215 9793 8659 3812 8109 1114 4750 398 8271 6571 7945 2159 783 1930 5536 617 3008 362 4964
29 6603 4469 8934 1036 4400 2126 3091 3040 3544 8211 9760 4591 5441 9736 8148 1070 2593 3085 1720 9512 7599 7311 7490 7602 7616 5526 7852 126 2254
29 5500 2766 1956 8778 9454 2236 4858 2774 8389 3340 3336 1825 9651 7288 4779 3888 1511 3293 3473 9532 1478 3864 5180 5359 2248 852 9767 5851 7456
29 3873 8383 8927 3919 9397 5102 2429 3854 5439 6515 9835 6191 1405 3251 7114 5971 1616 985 3222 9711 1078 3523 8772 7595 7121 8830 7470 283 6207
29 660 4107 7448 4239 7986 5797 6221 4358 5312 6708 5366 822 2276 6684 9923 6743 4125 5252 244 3445 2958 1381 8104 1375 7788 940 8374 3444 1921
29 4398 724 9460 3987 9967 2339 1689 7896 5878 6584 1256 1168 8035 6721 3646 3672 9560 1632 8304 549 1775 4024 1086 2294 8343 4580 3474 946 6090
29 3423 4662 6754 6032 3811 1659 2295 6393 2161 4110 7761 5309 1935 6829 6375 9290 9276 6724 9480 46 3843 6852 5305 3706 7770 5787 8402 503 2518
29 3363 4805 5934 7060 8699 8250 3783 2136 7317 7330 7503 1460 7370 2984 4199 8578 2462 7353 6120 774 7814 8209 9364 2115 6201 3120 5257 7655 9478
29 4904 8364 1768 5942 1325 4677 8798 80 689 5045 5322 6460 5018 4074 8135 6545 8975 4493 2022 1733 2932 5172 3498 4733 1279 8776 9094 341 6479
29 9145 8019 7439 4937 6410 9629 5619 8897 8876 9499 7950 4101 2685 3449 9256 9668 2312 2174 8973 8403 7446 242 5316 6887 7705 6358 1327 3159 8694
29 4114 7781 910 2715 9899 5313 1093 2232 8036 1971 8358 7068 6763 5848 1401 7615 8707 6050 8233 9644 725 4744 9063 1108 1396 5548 3719 2936 5107
29 7937 8394 8026 7219 3620 9590 8924 1998 7392 2892 1189 6651 7429 8185 9796 5095 379 302 2625 8208 5203 423 8388 9022 4459 5032 4257 1212 6148
29 5482 6791 9568 6928 653 443 5693 5157 3465 2071 5222 6927 3147 7809 7130 7013 3499 1789 1190 5099 3969 9550 7987 7717 7508 2572 6821 4635 2894
29 9351 3181 8143 2169 9120 768 5706 9183 8517 5403 7473 1292 3834 2724 2800 7757 1613 3884 8291 1901 2081 2764 5217 9342 2844 4384 120 3080 9577
29 295 2381 5555 7244 2930 6844 1203 4550 3780 4527 7305 384 8604 7242 8378 2324 1047 4054 5060 5047 1065 723 7967 5158 251 4619 7371 8096 5517
29 9141 7175 8971 5632 7543 1264 8417 7393 6470 597 8224 7267 3975 3730 3894 2237 8764 5493 3852 3666 2816 1362 2117 6317 6828 2904 2380 7718 6614
29 7851 688 4994 4909 8053 4250 941 6752 1549 7038 1986 9664 2520 4090 8329 2278 4970 5154 608 1400 4939 2377 880 8685 8247 8244 2850 1397 9600
29 4523 5673 5334 5153 1024 7723 6519 3587 9808 5900 7472 7334 2842 9389 8761 234 2708 6494 9345 2580 4203 3726 898 5408 730 6074 6633 6806 9346
29 6885 2517 8027 6003 6445 3266 9909 9622 9240 4432 360 1002 5428 6063 305 6220 6714 8321 1903 9944 7669 885 7498 8955 8803 9045 5789 3870 3232
29 7138 5325 9913 3679 5263 7180 147 4472 1725 1132 1516 636 92 7321 3446 2060 4838 8847 6759 1940 9493 757 2025 1337 652 4274 3970 9838 3595
29 8858 3704 416 40 1776 4636 6566 2242 794 5100 9690 3407 1698 1621 1452 3920 9119 6725 5841 3976 9319 4173 6926 7601 1981 3274 6776 6133 722
29 6042 9445 2954 144 9076 4001 2468 93 7869 2280 2260 8189 7838 2235 4776 7018 9387 9624 599 246 7547 5339 9004 8174 20 9244 9388 7270 63
29 9321 3179 3899 1148 3907 8884 1854 3203 6562 7097 4431 1723 3356 1091 639 6998 8242 2910 7208 9521 7 9402 2566 9953 7604 31 6883 5988 2103
29 9714 1824 3772 1976 2323 3536 132 9753 3195 9737 8917 9502 2923 4601 3723 2372 7155 5651 524 657 1432 4283 3154 5560 9112 990 5736 7315 5723
29 8097 2607 8166 9699 9384 5416 2375 4356 8154 4483 8258 6552 2076 5782 9996 2015 7081 8702 3162 3967 6067 4075 4296 4108 1947 9423 4512 6279 2507
29 586 2713 5209 9797 2239 7249 489 3871 8005 576 1643 1589 2262 3321 6873 5565 9040 5419 7168 1116 7571 1843 8632 5337 5985 9613 788 7165 6588
29 1141 9589 9591 2012 906 1715 2298 9439 3711 8238 1852 9908 115 4603 3889 5827 9297 4321 4475 3466 2628 7954 9433 640 8994 7856 1607 7471 7326
29 9180 8835 5966 3903 6102 9096 6731 9892 1098 4900 7614 7771 1371 6298 2666 2949 775 4704 5463 8 6458 1107 821 1714 8708 3311 6722 9163 7649
29 3233 8961 9756 350 9382 215 6551 6409 5253 7580 3330 5963 4410 4180 6433 3657 9893 5614 6964 1075 1463 8474 8169 1538 6356 4735 4674 5204 6491
29 6340 6488 446 1614 7295 3851 2609 6286 4025 4736 7536 7355 6085 8038 7099 4424 4623 1231 4133 9237 5858 542 8852 4255 8100 3668 9786 6179 6627
29 8595 9764 4543 8624 3696 8697 8834 9795 5887 9308 7037 7824 2998 5073 9299 6611 7221 5899 7732 8161 1234 3538 8308 737 3649 8658 7764 6587 960
29 8709 8896 7251 8130 3331 1293 4093 1322 1882 8588 7409 2153 1948 7792 3942 95 2224 2806 8827 3690 8301 6903 1183 8788 9642 378 8771 8631 1199
29 5919 839 8227 6655 1597 8439 8957 8488 2562 7455 2513 4127 2066 6137 8254 1052 9513 5003 6195 9965 9639 2934 4155 7228 5196 8596 6404 2804 6172
29 8044 4447 328 9352 7867 4165 6411 3486 4194 135 2735 7387 832 8384 2615 4230 3837 595 646 3550 3189 8998 2865 1716 2938 4841 6947 7899 9604
29 3592 4922 2330 1860 9150 8663 6658 975 8541 7765 83 6354 3635 7884 5346 7184 7546 17 2420 7241 6372 3294 5019 5342 8637 9023 6157 1738 6051
29 5588 3209 4773 4896 1600 8937 8176 3281 266 4641 5906 3515 3314 9694 3028 3437 7514 1240 8495 1729 6662 9313 4265 2405 4138 5430 9731 1367 2451
29 3249 9740 3656 9219 1608 4408 6779 7915 2142 5523 7727 4375 8536 1661 7692 3470 3535 5884 8367 3732 2605 6342 5765 88 9208 5729 2400 2719 9895
29 4071 1925 9257 1051 4710 3757 5166 1440 9619 925 1104 8159 609 4602 5581 1664 3047 8900 8113 2696 6107 366 6583 9978 6920 7553 5374 9431 6422
29 8220 3288 8977 7253 1124 8549 8006 7296 4758 7401 21 3058 9628 5840 3441 8732 2245 7217 424 8098 4154 1455 5558 4681 2862 3779 7004 511 4171
29 8424 773 7402 5112 1737 5949 6622 6295 9954 5763 7091 353 4430 6908 1771 4488 4051 5464 6792 2490 8664 8359 3577 8802 1305 8880 4268 3188 3116
29 577 5130 1805 3324 4186 2775 930 6902 9457 1676 991 1023 7459 7025 4633 6380 2290 325 3433 7826 7786 770 2545 714 7970 65 7966 3570 6575
29 1764 1143 8952 7335 7575 1923 2840 996 2403 9153 1683 997 4547 1406 7586 2581 3409 4103 9779 6193 1343 6477 9813 3752 7544 4981 282 8964 4131
29 4115 474 7380 1822 4249 4181 8727 2331 5406 3784 9035 686 116 8446 914 369 4693 180 4763 9005 4675 9472 459 4366 7463 3583 5845 4097 2423
29 8141 1130 3630 8052 8936 4933 4703 3513 194 6606 4032 2656 9228 9160 3175 9122 5880 4453 7350 8525 1569 206 50 6769 2311 2385 1678 2267 4361
29 1408 1691 6265 1700 1053 3292 236 1302 2207 3683 9771 8505 1695 2404 6228 9196 4492 6760 2723 5111 668 4755 876 2376 2505 5849 5489 5410 3082
29 7277 1492 8740 5129 8204 2701 8865 250 9084 8206 7243 54 7072 1352 8124 5775 3650 9653 4653 6043 4216 8382 9948 6248 8695 9828 8784 9354 1445
29 3187 7639 8903 4650 1429 6767 8410 9485 7916 2919 5904 2325 4658 2675 6414 9616 9169 6965 5931 260 2180 9369 6355 6293 3988 5491 9161 5007 4901
29 138 5801 3972 5377 4200 7728 1300 9395 4545 1883 168 5292 5497 3317 9935 3344 6977 7823 9726 4649 945 9379 3947 6534 3940 2907 5591 2623 8311
29 9106 2191 1842 2469 2578 706 675 5850 2917 5355 8628 4720 8956 6114 8489 4815 8667 2070 5708 3029 5722 3861 6917 6499 7192 6798 8062 7996 647
29 8786 9443 5475 9930 432 4718 5351 1368 5159 3481 1226 8857 4376 603 9024 2872 9066 1033 1471 2827 2035 9744 9657 9291 8846 1967 2099 5681 1766
29 152 7205 7475 7384 9612 4393 1547 117 3802 7671 7522 1709 1934 9845 9060 8355 9525 588 7961 5087 2455 2579 8965 8032 9576 390 1991 6625 592
29 2586 5097 8434 667 1465 7621 5683 9078 8687 8477 9842 3392 228 7509 5716 4845 5394 7570 9922 4441 1902 8342 2796 8112 3859 8750 1473 4419 4329
29 1788 8607 1556 5669 9627 2137 8634 6309 1253 8025 4497 7423 8231 3778 3026 9430 9734 7585 6967 5754 5788 1982 5300 4850 6745 8195 4516 3808 5885
29 4967 3720 5528 9459 7116 605 4730 6446 2064 1317 3228 4988 4992 3893 8762 6166 6376 1640 9597 742 9333 7092 9819 4705 7542 3979 6320 8805 4087
29 1572 377 5903 3044 3954 2873 2710 150 926 2009 4856 1867 916 7005 6418 8713 4033 4010 1684 1296 155 3725 5776 3687 6415 6303 1323 2952 6091
29 8057 2297 2365 1520 1558 4192 8754 7369 8641 1020 8499 7531 7949 3390 9091 5652 8028 5628 3539 9269 6071 29 6560 37 7807 4947 7965 6055 3227
29 4804 1539 1807 4327 6516 2801 8569 2334 9044 2183 2867 2502 5869 8020 5800 7556 2798 4648 3718 2898 797 7263 3542 9032 8241 6068 7362 2134 7264
29 1109 6982 554 8118 3702 7667 5368 6994 9059 6084 9720 2986 2080 6878 1719 4335 3567 3602 9530 4159 8091 8229 316 6077 5261 2848 7772 8683 7527
29 6424 6557 7329 3322 2767 9322 9989 9943 6550 4158 5192 1182 2495 4218 9552 2283 5539 4752 8016 829 6641 2575 6909 2638 581 2501 9829 7555 7414
29 5262 9038 1531 1756 2353 4983 2301 9762 4190 9126 2097 8413 4179 4294 7058 6629 3814 4541 1286 3566 5165 9399 4012 4287 3354 3092 4353 3529 2107
28 4759 8121 68 5516 5910 5726 2258 8264 5401 5012 7484 9952 8337 1929 1142 7385 2364 8155 370 8795 1476 8521 1669 8606 3547 5256 2481 1954
28 934 2698 2000 3855 2141 9241 4221 4089 252 5293 3110 6954 1244 4713 2549 4139 618 6387 8054 5362 7548 9603 8243 9221 8002 103 7934 1315
28 175 8669 6200 3694 5181 9777 7065 2450 3100 3254 995 7525 9906 3065 3747 5978 8614 2299 8444 3000 3564 1153 8160 3727 5882 9991 371 8715
28 681 2351 5653 9042 6237 9258 9504 2531 3037 6097 5412 8815 7404 5993 5006 1382 6861 4836 9920 4846 1090 284 1731 8203 8782 4895 3366 6732
28 7653 596 9202 69 5151 785 1750 9133 9149 9883 1899 9332 5611 2576 4598 9876 3799 4645 8199 7325 6880 6370 9945 6907 4271 8792 936 9404
28 3216 5837 8870 2876 9268 8575 1198 6652 6944 9270 9375 2178 403 6129 1530 958 2292 5816 1806 3761 1984 8163 372 4993 2203 2902 7174 4111
28 6781 4349 7031 1772 3150 4739 1412 4387 4079 4638 4140 2808 8605 7104 4669 982 9659 2087 7003 1970 9834 6467 6501 374 4666 8731 1533 2565
28 5233 4474 4944 2472 9520 7144 3225 2021 530 2955 9526 1206 6025 1046 57 4477 3928 4738 7314 1180 410 3087 6702 9074 9285 7214 9444 977
28 1999 9718 6857 8464 9754 9549 5682 7675 6559 7304 886 4515 6882 9279 7035 9570 3869 6712 4742 9566 8405 9610 8929 4608 717 7726 2431 6173
28 4077 4494 8170 9632 1758 1604 2346 4734 8458 1083 6531 4028 5200 6915 8871 6841 8867 2492 7964 5641 1605 6158 8716 9124 3014 396 8298 4418
28 4935 8730 2069 3476 9640 7430 9955 8022 2846 2061 7131 7188 3121 1188 585 6134 2697 5692 6827 9230 8570 1155 1031 1374 1266 1015 4556 447
28 602 8472 8399 1275 6351 8966 2096 3651 5748 8123 2725 9871 4835 1467 895 2125 3927 5098 5986 9171 1324 5814 2374 7505 3938 3451 1672 2007
28 9168 8183 7173 1410 9621 7679 3300 8673 8642 3508 5592 5480 5890 8094 475 8031 1169 6946 1246 7067 9357 8719 4267 6022 2731 7731 9645 655
28 42 994 7871 4957 779 4286 6634 5396 1121 734 7407 7282 5830 406 1358 3287 6306 2660 5572 6949 6923 3673 1311 455 3196 5734 2814 9768
28 9189 2202 4507 4535 1080 220 1131 2687 7680 2552 8260 8967 5905 3807 2704 254 183 6288 5799 4429 3793 708 7139 4320 8081 1486 4881 7747
28 2851 405 2152 2971 3707 2912 3114 8920 9853 5976 5311 2122 9216 805 1856 2185 4800 6039 3822 2871 8059 8508 4362 1347 9805 677 6094 9827
28 8849 9662 8073 8833 3367 4867 5348 674 5861 2320 4857 5124 5417 4986 5426 8610 9295 303 4604 4770 6514 3626 6899 3510 8018 4913 9188 5227
28 6950 2765 8710 2384 6563 7773 3272 8873 7405 9203 5413 9993 6018 8963 2010 8926 4438 1224 9017 7403 579 2190 8323 2065 6818 1010 4962 98
28 3491 9727 6765 1862 6177 171 7691 2313 3341 2722 8391 9780 4379 2682 1145 4109 5187 3193 3031 4663 8030 9722 3224 9082 486 9765 9971 6843
28 1415 1312 3579 6363 6815 791 6710 3556 425 8040 5350 2370 3284 3199 153 1122 6396 5640 4911 8856 867 9649 2284 3841 77 5054 7839 1099
28 78 3104 8678 874 5244 5307 9356 9939 9781 8593 3797 872 8666 9118 7431 3897 4843 8313 2112 776 9843 142 5981 4407 4615 3207 2349 9607
28 7883 1512 9361 7449 1421 5542 43 5303 7931 5028 6225 8294 5259 6337 2970 9283 6204 440 4842 8380 3509 7818 6661 7342 2054 4224 6542 2157
28 2652 5326 3937 4279 5968 5654 7375 9936 2477 6795 8131 1908 2900 1223 1706 3458 3740 9426 8537 8692 4220 4569 5155 3351 516 9474 6626 3555
28 671 3025 1704 7552 5585 8108 1592 4478 4630 3989 6069 6224 6178 9455 3152 3662 6953 2447 8868 1379 1157 1274 5140 6086 2537 5650 8187 4063
28 7313 7297 6461 3598 663 7721 5022 4454 6163 6276 1526 9728 3124 9844 5972 5268 1673 3596 9867 5194 7434 5753 6751 5819 3936 574 1739 202
28 9111 3505 3051 7982 6790 1430 7349 8478 8914 7651 2891 6976 3686 1761 1413 6453 5295 3325 705 348 6913 5735 1297 2250 8935 8416 2985 6546
28 8946 1846 2649 8733 7109 9721 3949 8423 1609 4559 161 67 6367 7612 1094 8373 193 5393 490 6064 6700 3526 5225 6324 6709 2716 8548 1690
28 5057 8545 7695 6474 5456 2101 7605 6361 2983 9818 7036 5701 1044 777 4157 5746 9209 613 4595 9897 6297 8408 8302 5677 7518 3421 5178 2217
28 7584 3169 8415 5675 9772 9963 1521 7489 6535 7024 2011 7873 7990 8007 1137 9598 7206 1781 7684 495 6126 5710 5575 5660 7100 9586 9650 5562
28 1472 2086 8565 3659 9790 6379 4486 7227 9994 1307 8573 7645 2852 1847 1392 611 4525 9405 3244 9009 921 8287 9335 9766 1333 2067 5021 5561
28 7324 4949 4568 429 4976 589 3479 4395 739 8493 8089 6238 2408 1744 866 96 2695 9647 326 3485 1384 3070 2336 7052 1762 4561 7322 3021
28 6423 4501 5213 4311 6556 2992 704 8463 383 7664 6609 300 1933 9 559 8982 830 6343 6900 3012 6034 9210 7501 5996 6932 9452 6960 4690
28 8544 5383 9131 5247 4123 1969 8050 5784 3234 3212 9482 5998 8752 680 4128 5646 6384 6326 3569 5676 1755 7594 6579 3998 2866 1601 3868 2587
28 8551 9031 9747 5115 1554 5867 8970 4273 4938 3388 2629 1444 2720 5808 3786 2527 7834 9070 8300 4513 4029 3990 7252 3800 8117 2959 8353 8479
28 4974 27 3460 6509 5400 3186 606 8620 1603 2511 5533 5404 6115 8142 1171 6451 2110 1910 3142 9088 8064 2438 8739 2964 9788 321 1638 4364
28 7320 280 4660 7969 7232 4817 5125 9583 9327 51 3863 301 9311 3010 2845 9424 8960 1973 9611 913 3093 1208 6273 5294 9143 4872 4422 1791
28 962 4433 5865 659 5333 4587 9121 800 4193 9317 9917 6999 781 2944 7882 3400 2564 762 9749 8822 1008 293 2437 2491 5459 4197 1150 4875
28 1377 6543 656 9933 7579 397 8201 6205 9491 8912 2590 2255 865 8015 557 214 2111 7210 3263 5923 6081 5452 7197 2063 7411 8582 1211 3554
28 6096 7511 9441 3698 7528 6822 91 6369 3724 7709 4941 2647 6719 3974 1667 9214 5487 2488 9701 9807 1513 3591 7461 1685 8712 575 4502 6942
28 2209 6897 4807 6756 229 3118 4514 2238 5168 893 4782 6773 5162 4161 1504 6539 2043 3327 1591 3428 4198 146 9450 1786 7164 7951 3633 9192
28 7576 4397 2524 16 1890 6753 7061 6215 4004 9548 1435 2887 9739 673 210 815 5447 1581 483 6132 8181 4971 8838 121 616 2008 6332 711
28 3922 1038 7496 8875 9123 6520 4722 2908 8441 4363 4665 6582 2033 3269 4851 7196 4232 3790 7333 279 6118 8411 5709 6797 415 5918 4897 5392
28 3831 9213 8492 5895 4715 6322 8791 380 4003 6256 8668 9703 4295 1642 8560 6644 2341 6124 9144 7959 6605 9468 186 4959 7413 4954 1136 3375
28 8039 9136 3027 3867 627 3411 6007 9107 22 6824 532 8813 9833 6272 533 274 3971 7231 5750 1335 3624 4620 1500 7524 1958 6988 7903 7886
28 4852 5557 6640 3746 3405 5144 4795 2744 3715 4334 6263 2116 237 6508 4368 7126 2445 7425 3621 8457 2880 7665 9905 3219 8068 8225 3062 7775
28 9211 6668 9743 4442 1178 2166 456 7840 6230 7450 4243 258 1490 7623 6483 2757 7676 4706 6527 672 959 5872 1811 2427 6059 166 8151 5044
28 3153 5336 3575 2305 6000 1441 7359 3647 4575 1693 7328 6145 2316 9448 5191 2287 7912 4085 5468 176 7057 2317 1318 6260 1543 8060 7424 7908
28 2378 4303 1067 9408 5940 7957 5857 1433 3018 1118 2030 359 5438 58 1552 7200 4106 8041 1480 454 5961 6733 3483 8527 1474 2911 9866 6647
28 4322 3492 8850 6889 3291 2218 7412 8718 2281 3487 8067 8347 7877 9501 8348 492 5040 7808 4451 4899 6165 1687 1974 754 6506 4600 7123 1596
28 4760 3496 498 1442 1380 8266 6267 9380 9451 3648 3280 8350 510 3502 8630 4072 4149 9998 8947 5697 7444 8014 2553 4369 9900 8305 4586 1773
28 7633 1125 7183 1100 7367 4639 2642 4524 7993 1792 5951 642 55 6176 3096 4146 5541 5236 2344 8312 4007 6636 5381 6431 5110 3148 3468 6537
28 4574 9692 2813 1675 1267 5 703 8001 8274 4396 8677 3982 3095 9411 9177 7888 2432 5389 1619 3077 315 9972 349 3848 7991 7089 4775 1778
28 3815 811 6151 8049 2841 9097 6616 1944 4831 4542 9545 6454 3241 2632 2114 7779 5199 2792 6734 6333 4308 5518 6139 818 8979 4680 8290 3436
28 8267 6770 49 7230 4476 9678 8375 9172 1759 6344 9173 2826 1972 5664 3063 4112 7622 4305 7479 9614 3115 9305 5234 6838 641 6184 6235 4625
28 1587 352 5886 3278 8820 15 2622 4692 6162 1242 8760 6997 5198 877 3801 3102 6807 1845 8230 2127 1534 6840 4336 3141 2275 6311 6737 6656
28 3902 2854 8080 1590 2253 1681 5167 4809 8398 400 6705 8907 3456 6291 3461 5409 5013 1780 9085 5164 1949 6679 1718 4593 192 8959 5050 1235
28 1769 6980 8134 5553 5117 9489 1009 3420 437 6037 8213 5550 9303 8334 7656 4280 5590 6249 7357 4778 129 9318 312 2926 7396 1385 3826 6088
28 9581 9248 4751 3201 5226 1588 5435 888 6300 1248 5175 3631 3795 2657 2424 6698 6518 8804 2362 5288 162 8635 2597 9886 7746 9723 1184 3071
28 7735 766 5721 5349 5005 5051 3573 6389 8848 7462 6033 7983 1303 2413 4551 5695 8972 9671 9758 2742 364 5221 6981 5009 509 8953 3218 6730
28 4473 1191 9075 968 6073 555 466 5457 2233 7876 2028 1069 4402 7290 5067 8283 52 2899 6863 9199 3924 9259 5873 2046 2709 9422 7926 4871
28 1717 1573 2005 2252 3139 8651 3917 5639 5969 9442 7209 1880 3435 2967 7310 5758 6180 8023 5927 6285 8785 1953 4319 7618 2718 9927 950 2661
28 395 7539 1021 7481 8471 4104 2838 499 3500 6690 2547 8552 6581 339 7012 1496 6768 2333 8107 864 2347 8428 9661 8555 8218 7246 1313 6480
28 4189 9992 7011 9811 5598 6242 1243 311 943 4520 753 2355 5913 8066 6398 7307 5958 6689 9016 6987 1722 3221 7897 978 9934 1288 4866 6246
28 2182 2090 4765 7698 4126 1283 1487 5163 4174 1671 546 2184 6646 7663 6741 4373 2740 4534 4187 8767 2486 6592 8690 5515 2627 3653 2670 6135
28 4078 436 8286 2195 2747 8462 1865 4642 9851 871 3925 4290 9250 6484 3477 2326 1117 3594 1563 1510 5762 9013 9508 7647 5725 9687 2969 277
28 9371 3632 5197 7864 9273 4314 9803 3480 7046 2595 8878 1630 855 213 5477 6968 7630 1502 6232 1649 6031 9849 661 1594 9148 1655 2075 2783
28 1204 3076 1113 130 1390 6016 173 1735 7483 1692 3494 3453 5854 143 2981 1488 7437 7813 2402 9396 6070 5437 464 4008 9517 5280 5029 7774
28 929 5613 5476 8547 5148 6481 6676 9461 3777 7670 9500 9677 6368 3759 4761 388 2692 5957 535 5602 329 3002 3688 9069 5805 7900 4354 496
28 1386 7918 6778 6092 2395 610 590 209 5769 5879 5597 9964 8722 6044 838 4819 6758 507 7832 9125 9265 4810 7073 8823 1404 7938 9841 5473
28 7914 2550 4088 4217 2186 2024 8564 7960 9006 1089 203 8335 567 3568 2220 4207 9140 5272 7447 104 4073 9605 8188 3729 9579 2487 4714 5273
28 2648 5944 6294 2399 7790 2279 8746 5296 7693 1039 715 6814 9618 3585 2939 7124 8401 2133 6307 6381 7497 8065 7512 7868 8409 9748 119 4014
28 2823 4796 89 8890 9484 6280 216 9648 720 1301 5304 5169 7312 6060 604 7763 4610 6526 4372 7098 6401 4484 607 894 2567 6028 2556 7820
28 5030 6796 5077 4717 1241 6966 1344 3489 1081 6015 8147 7928 1459 1829 7491 8129 1225 4191 2592 3789 3658 3739 1841 1254 7386 4352 1928 2582
28 9014 5467 6888 8625 8237 3755 6990 6747 1895 6847 2928 6098 1280 3034 5732 8175 9683 3046 2164 4711 4920 1018 5657 197 7617 8893 8619 9882
28 1808 3235 8017 3932 3177 3733 7299 4315 5301 1980 6171 2946 3246 6945 2540 7795 101 4654 3248 7372 5414 7905 3257 7074 4228 4590 3956 8351
28 5835 7186 1066 7724 3764 9915 8913 2794 356 4647 4504 2948 9043 1103 8621 5982 9674 247 7262 3397 9715 9449 752 9557 253 9071 7921 8753
28 9888 9887 810 3914 7416 408 9961 2738 1326 6268 3892 2382 954 5909 6696 3677 335 1950 3773 1394 6831 7687 8179 2812 7280 1446 8945 7187
28 957 7343 1779 9286 3671 1257 851 435 685 4272 6357 2643 9655 2645 4276 938 2309 1450 4016 3217 3966 8485 2883 6713 6169 4380 9100 3876
28 2711 476 4951 6234 4144 4309 184 2499 2039 5133 1419 584 2121 1418 8796 1713 4740 5131 9641 1757 5321 4242 1900 3842 6002 5092 7593 4821
28 9872 3247 5206 5116 3442 8072 2868 5177 7142 6329 6856 1389 3819 3393 1517 4676 5248 9567 8379 165 6144 2074 5039 2927 4973 556 6189 7540
28 3860 3482 336 4917 2343 8954 164 3439 6236 8603 1688 8755 3360 9824 245 3616 8029 7292 4894 4972 7530 137 2612 5402 9134 3652 5481 9556
28 8099 2583 9506 2526 8530 6464 3090 1194 5570 7268 9368 2020 2878 5330 3941 6432 3043 8626 1803 6525 3617 4000 3838 4490 3663 3308 5635 5644
28 1574 5241 9940 2396 2051 9773 7538 743 8680 4792 6914 7830 1489 5427 7167 2193 8720 7181 2662 8825 7420 2476 5380 9170 5549 3168 2781 9558
28 13 7708 6819 2244 4910 6580 7239 9182 2961 4929 8862 4914 7701 9381 2671 6282 6334 2929 1291 1844 3874 4427 7619 3112 7106 2544 4540 1185
28 4801 8504 1186 2042 2013 949 7891 1174 87 6666 4460 2913 239 5122 7953 8688 5741 2690 7762 7506 136 9859 9903 2667 7791 5471 3769 2406
28 4764 6671 5136 9019 9033 289 8958 901 8840 615 4130 9072 5894 1314 2837 733 8210 5415 5139 853 6645 7169 1005 4746 9705 9398 870 5836
28 6845 626 2418 9224 338 515 33 9310 8528 1259 4178 2935 1650 5761 5767 3067 4470 2113 6789 5891 4022 8202 7998 8672 2094 491 8387 9802
28 9284 8152 6046 7744 462 9391 3033 484 3156 3908 7032 4344 7589 1879 1353 5662 6884 2321 2602 1992 7904 1570 3374 3157 4820 2189 8589 4978
28 8407 2864 736 460 8445 3049 8756 9975 3158 1680 1092 4284 2314 8925 3514 5737 2727 8116 3973 7646 458 8888 4908 5702 6327 2999 7474 7063
28 3171 159 1924 3866 6283 7865 3019 107 9990 4095 3379 1585 71 3806 6156 6786 4496 8684 631 7640 2773 5824 6619 6325 1119 6823 4585 7534
28 8948 7337 5740 9606 2664 3267 5637 1525 980 5121 1349 9821 7247 7588 4365 4839 1918 8480 7373 3792 4709 8126 1857 1995 6447 1071 2532 6017
28 9340 3665 128 1926 5713 5478 7800 7278 5757 9889 70 8144 5108 4045 5804 8860 5037 7143 2271 4142 5902 8079 7101 9878 9947 3328 4956 212
28 9413 3775 4996 8745 2212 8526 319 3243 9338 9254 8889 7059 9370 5450 2348 2187 3204 5672 8198 2515 4041 9486 5232 4042 1227 2616 2786 1993
28 9890 6687 5564 9559 82 6255 1542 6419 4889 8150 4533 6813 8512 863 2739 8295 6621 1584 992 3900 9638 6254 9301 9524 1765 5161 7194 8898
28 2805 1425 5908 1835 931 6794 3804 4048 8874 313 5964 1172 5847 2500 6502 9617 64 4261 3776 5267 727 8456 7480 7683 41 8941 8774 5987
28 2417 7720 4238 9785 4152 5058 8494 2674 8262 4652 2522 911 6352 9261 1662 9830 4780 4035 8674 5338 433 2875 1443 1470 6921 1022 836 3006
28 3590 275 1746 9592 9428 6485 8012 7240 9798 7419 6820 8106 4599 8886 5727 4434 2419 6045 7127 3395 1077 8344 8706 1790 6503 7319 6524 3048
28 8246 9498 9251 2940 879 3332 4673 9350 7755 9376 1493 3563 3488 3377 9729 7909 5242 4609 2460 6549 4234 9146 7666 9667 6867 2041 6240 4747
28 666 3628 9492 5310 3744 2221 8320 9437 848 5407 1647 5694 8352 8255 1461 1221 56 536 2726 8524 4536 1529 7799 3237 2523 5926 9968 7368
28 4768 4632 6595 7026 5999 7668 8093 2409 4229 6697 3743 76 3879 7962 4167 802 6104 912 7783 4464 4528 9176 8836 4927 426 4237 2829 2155
28 9446 1271 9951 8885 9816 53 4069 5875 2601 5070 3546 1915 600 4578 3963 6119 2972 4404 9676 5630 7565 2089 9198 5946 7152 8272 6149 4712
28 746 4246 6623 1417 3 7607 2129 8741 3654 8122 4064 3817 2390 231 2869 4080 1376 1336 2131 6558 8069 1202 5341 235 4412 1464 2594 6596
28 1641 9791 928 5751 3845 4304 4313 3430 2179 6860 2100 2610 6206 9010 6450 9312 7803 7103 9083 4606 4102 8449 5589 6339 6159 9080 7537 2791
28 2414 846 2263 5696 2535 5990 6427 9675 1797 9274 4293 2188 249 8842 1409 7515 6353 3824 8608 3178 7193 3309 9348 8520 6136 3345 7885 6405
28 9328 4066 1491 7516 5258 7381 2673 6738 5434 5490 2924 5291 9490 9672 9355 8288 5484 3276 4861 5563 1475 3572 1527 3450 749 9113 696 9255
28 4830 2496 854 4006 3164 8046 6341 7356 6328 6412 9593 1214 7157 9185 2032 1456 9427 8396 9730 3915 9938 2421 25 9025 2170 9164 4832 7364
28 2198 8590 5069 2140 2815 1913 5670 6274 902 9634 3277 3490 1126 782 1063 6594 1161 6110 5778 3475 4013 8075 2434 3493 3993 587 5361 5065
28 4466 23 1816 8949 2752 4082 1238 6979 4885 4241 8369 3721 8538 918 6706 7558 9103 7189 3089 4269 5743 6801 8045 8777 1509 8024 8412 8114
28 7609 5595 4318 3350 6313 9027 2608 4950 8728 5687 8153 7958 4825 4098 7493 4934 7591 2886 4439 9026 9062 4729 2978 9065 4702 8918 3202 9837
28 3075 9850 3471 8841 421 5610 5188 3830 3770 2646 1228 3310 8435 861 9595 4756 8226 3088 2941 7507 1388 7567 7440 5538 2819 2444 824 9982
28 3611 7487 8781 1499 9751 738 6167 5390 468 5382 9090 2780 1262 6026 920 6075 386 4847 4023 1273 4626 9377 8902 2618 1393 4518 2634 9914
28 7426 6425 7421 8906 5574 4530 8968 1420 7629 7135 1309 4582 4132 2973 270 1887 9021 905 8303 1230 1814 7562 3447 889 6704 2881 8514 1298
28 2672 9447 7529 9052 3898 7176 3541 2613 8469 2286 5329 8769 5579 6406 3108 5505 649 4812 6054 5469 7269 8531 1277 4664 5569 2345 1522 5674
28 3256 9243 7358 6961 4716 2519 6866 7541 6160 1360 4732 8892 225 5839 2006 9050 1088 5989 9473 935 469 5025 8556 4297 7050 3226 4256 9343
28 2636 6578 9236 9378 2147 3318 4137 3520 550 3774 9976 5488 6612 7346 2982 5622 5239 7064 5078 8086 707 506 4979 8747 7738 5618 8132 9481
28 7006 9288 5917 850 9139 8421 9665 4672 5090 6385 4921 2857 5974 1721 4471 5546 381 7975 4618 8705 9541 8962 1479 8535 6660 8228 6269 8314
28 5777 3991 6992 9039 9974 6868 630 3604 5802 3545 452 6674 4092 1294 6426 8190 955 8119 7093 2458 1438 1658 7019 7551 1939 8916 3381 9941
28 3123 5967 7014 1278 6504 3238 6859 1258 9949 790 8253 4212 2818 7043 7844 8168 645 8269 9875 3738 5264 3613 3424 1237 5344 448 6564 7260
28 9858 6785 665 7351 3391 167 385 6971 9425 8877 4728 4266 3849 9367 4414 2034 505 9487 3414 2023 7198 2669 6241 5812 9001 8484 9697 6121
28 4052 9538 271 3126 4697 8681 5925 8263 7105 257 1724 1747 5063 7973 7088 9564 211 755 6775 7825 6834 7892 6799 2990 573 8487 8583 1868
28 3581 3551 7694 6925 8584 5318 7598 1299 6277 2243 3402 1163 7340 6757 5104 3978 9469 1216 9511 5271 8361 7452 2483 9034 638 2268 8092 2630
28 2996 6001 8297 9130 4195 7158 2770 6615 7202 4997 5509 5083 5219 6996 99 981 4482 1578 8671 9028 9275 8951 8393 485 9679 3758 7850 8465
28 7901 7222 4481 9128 873 8726 6299 2158 204 363 3484 741 7989 2817 6072 8051 3013 2229 8459 7051 7303 2363 8742 4961 6360 501 5779 1793
28 9215 8447 8592 2769 5680 1740 9394 5053 2542 9919 2062 223 5080 4288 9326 5378 6079 4070 6957 6346 1251 1827 6541 4584 5870 1615 7654 9969
28 6669 8128 7611 3264 8063 4053 9864 4083 3185 2457 4945 8832 2019 568 2300 1819 9999 538 1006 5929 1987 3133 828 9020 2093 9916 5042 3386
28 4634 6683 915 8872 1961 1994 4828 9533 3130 1207 3986 5000 2606 2903 48 2475 4164 3432 6839 5625 4558 114 2953 5764 843 7789 7805 537
28 654 8207 6231 961 2914 1794 956 8646 4799 4888 6893 4869 331 6457 9453 3370 8773 4865 9239 9746 1200 7659 932 8522 196 9505 8539 7559
28 8085 1247 8969 5534 5436 1787 6105 8553 1810 6472 5096 7076 2877 2551 1636 2979 2945 812 2045 4285 3032 8157 3586 8779 6533 2357 5717 9307
28 7256 3929 2855 4436 6718 1133 1342 8911 1620 6711 1166 123 9158 3132 7725 3343 3890 5385 772 3768 4859 6316 3066 7457 1705 3962 7294 8194
28 2563 5008 6959 3259 3050 5210 2918 1932 6553 7812 5420 310 9278 989 1726 86 1848 4143 4786 4508 6122 8252 695 4884 6783 2516 4963 8392
28 5645 6347 5938 6459 8751 5229 3205 3427 8004 4691 9815 5818 5024 2082 5202 5594 6617 1732 7963 8662 890 6089 823 5582 4479 7261 4791 7134
28 102 9826 2916 3373 3412 6125 1593 9393 4457 1545 3315 3846 394 9008 7924 4027 6403 8587 4499 3097 6108 1501 1978 1951 1798 8501 5418 2494
28 862 1062 4067 2037 1220 4567 771 5315 4640 323 4443 4892 3926 6892 3271 8759 7994 5554 8056 2676 8173 4342 4326 5615 9563 1079 4345 7049
28 8372 6597 7042 4480 6278 9165 8285 6212 9289 8689 1215 5282 2416 5135 4637 4549 904 2700 268 8340 9114 4462 6239 3946 6181 9987 5953 5486
28 306 8468 1407 9884 2906 6746 308 9880 5278 5603 5440 9092 2017 729 4317 6226 6302 2702 9896 4208 5892 7600 6659 1812 621 7843 6842 7341
28 4980 5049 9470 4046 404 4887 5863 4185 6296 6364 4544 3020 1796 1936 700 6350 650 7563 4399 9386 2002 217 7048 3369 6308 6513 3901 7021
28 1359 2795 8513 6936 1631 1236 9565 6744 3167 3850 8245 9116 9365 3382 1453 9757 2975 5495 72 3140 9775 7895 6289 9277 8559 9904 5365 8395
28 6229 7216 5529 2003 1210 6027 1917 4251 4577 8013 4774 5803 4215 5093 4351 9400 263 5150 3714 488 7302 5992 5286 1576 2510 4699 3957 1508
28 9696 5583 2604 8438 5829 7149 3741 2536 1477 1290 648 3127 428 6749 5752 3599 1537 5340 7632 4876 6259 7339 8510 7125 2712 1369 1484 9510
28 7418 286 502 2755 6869 1042 3348 9495 670 1269 3055 6948 799 8814 8787 3961 1341 6443 9518 6529 5004 7204 9977 859 6305 951 1345 8799
28 1660 4338 1909 9804 5082 9874 7777 7768 4247 3565 4818 2412 2465 4925 3463 6565 3004 2270 4879 748 7137 9108 7486 4450 5633 5543 6650 3642
28 1752 3503 288 9669 5896 9302 1414 4134 9554 4958 1708 798 3368 5015 7271 5479 716 7410 8839 4330 5888 6517 4270 4416 1975 7435 5897 1990
28 1965 2335 4503 7020 5460 8500 5079 5376 5369 2654 9970 644 2833 4862 6175 6323 7248 241 6505 4725 8467 2588 7734 7517 2329 3958 6498 1651
28 7855 1060 544 7976 8765 7842 2782 5512 8700 7784 8008 9051 8989 2428 278 3939 2485 4299 5605 6894 5143 3676 1061 1957 2514 287 4254 8629
28 7828 1035 5185 3172 3323 1760 9407 420 261 1849 1861 6378 4930 1873 9359 1832 7218 444 3945 3357 5607 1989 10 6251 6013 6881 6639 3810
28 5062 1424 1751 9079 5182 208 7464 6874 4413 4579 2426 5699 683 4617 3180 5731 7999 3125 8997 6349 3750 1232 2392 2328 2776 24 1559 7688
28 4141 7030 2557 4824 2966 221 964 1888 3215 8466 4844 6449 7846 7696 6904 1606 8336 9709 8331 4554 3358 1129 2991 8058 3406 9463 6974 2994
28 1833 6154 34 5668 5423 81 7526 4452 8638 5508 7071 8861 9280 1853 9547 8529 2653 8866 3255 7797 6886 5922 735 1728 9912 3289 3403 7756
28 558 6600 8400 817 5520 3836 8609 7561 409 8309 1622 3434 9434 5027 6624 7778 4570 6938 9337 5871 8806 2503 3910 7453 1428 3024 7854 3504
28 816 553 5898 5461 9515 6292 9223 2853 7597 472 7925 7766 8482 580 4120 4113 4522 5357 6528 7685 7254 9205 1633 1815 5685 9003 7697 411
28 2265 698 5511 7650 3009 4030 5916 7927 9231 8330 9910 8507 3798 7739 9877 2206 297 744 5636 3999 9245 1646 5719 6688 8660 5507 3580 7947
28 3198 8983 227 6117 2201 7203 5433 2574 987 7415 7352 8691 8426 2893 5842 4328 5081 2173 1252 9656 9682 3521 441 1181 439 6397 2213 7348
