29 1566 4065 2803 1751 8083 8751 1276 4597 74 5935 9919 4544 3020 9287 4862 3180 5731 650 6443 5636 8452 8676 6101 3066 1815 1629 7435 2456 2678
29 156 2758 7704 9787 5566 5308 3346 2637 5772 5822 7062 648 2780 9233 5833 3684 4614 5825 6938 4886 4863 7686 1232 8647 5582 5950 9293 9847 1864
29 6428 2156 3991 4808 3735 3557 6292 4975 8553 987 1218 7352 6378 2859 376 5443 1840 222 478 4086 3365 5004 9374 9620 7713 1705 3816 8443 9799
29 6975 7995 7574 1816 5387 3412 4942 6437 8911 1810 8877 2426 545 924 1308 30 3129 3319 4143 6736 3097 9775 1129 1479 4631 6308 2444 5418 4977
29 9475 3160 1062 4503 2570 4152 6125 1342 3984 6160 833 3194 1747 8426 7588 4414 6607 7248 8866 3255 4668 6886 520 735 1287 5231 3083 7841 5033
29 6198 7822 5049 8400 817 5082 4694 6643 2536 5510 2835 3548 9092 5691 2551 4213 2387 6009 7103 2598 6894 6805 6420 8088 9878 3406 9463 7178 2791
29 8103 3756 5967 5545 1745 5896 5058 7117 8251 2832 8988 7753 2539 9278 522 4312 7564 7218 2029 6957 3999 5888 1628 6659 8554 5633 951 7805 419
29 5876 7760 6578 6935 7323 7482 4887 8831 5053 8004 1269 1622 2412 8332 213 4351 6106 2653 5186 1087 1561 269 114 4783 1209 5559 1801 2585 3642
29 835 993 1896 7042 1398 357 8726 1917 3604 8182 4997 1215 6948 3303 4420 7075 6350 834 8082 7041 9656 6855 3165 7048 5812 1937 9904 9918 8696
29 7849 3877 2335 227 6117 684 1760 1414 2266 4577 8602 4153 5405 225 8149 7044 4549 5056 4572 7624 8704 9132 3469 826 344 9698 3958 2213 3504
29 6430 2234 8207 6231 3763 1220 3836 3669 6874 6277 1694 6918 5106 6780 9207 9355 3939 2975 840 2997 6896 7137 4324 2732 1449 8981 2441 7294 5453
29 2734 8232 6931 7581 9669 294 1133 6395 1167 3130 5384 9012 5803 1262 3132 700 2951 6850 3419 6020 7685 7085 9205 2079 3946 127 2119 5779 8194
29 8450 9282 1060 8919 1863 952 7086 6244 9675 2937 6364 3507 5442 7300 5048 5842 4328 8336 7563 9896 7821 8275 9503 3084 6761 6532 3404 2620 9204
29 4467 7590 6319 3640 9735 8584 740 7988 141 3887 5142 9812 4689 6728 6026 6072 2979 4118 2270 4786 4206 728 5932 6239 485 5276 4890 6264 9481
29 3353 7418 3503 5908 2963 7485 4627 7526 9362 261 7291 868 4873 8661 1249 9877 2206 3552 5773 7083 2641 1922 3022 1061 8219 3710 2268 1106 7641
29 5832 8315 698 702 9385 1025 9302 3348 7316 9949 790 7071 9497 4985 7112 3401 6223 1654 6487 7283 935 9682 6281 4270 4416 6929 7029 8240 7907
29 5254 2993 1893 1909 5483 8162 970 9055 1802 565 9634 199 9855 109 1873 713 8529 4059 9465 1201 5421 5892 5190 7376 3098 2776 24 8768 8395
29 9670 445 4236 2777 3950 9515 7259 8737 8646 1477 472 4990 4565 5451 580 7265 2888 6302 3378 1006 488 767 2619 2991 2976 6654 2273 7568 7947
29 3155 1753 3911 6402 9984 7769 5210 541 5556 8627 1849 1861 5852 5219 5379 5114 5730 7438 4162 6087 5871 2461 1331 7019 8749 2749 4827 7854 9958
29 45 8299 5245 4099 8829 2664 2106 7513 1127 358 4292 4281 1742 9158 8279 6895 3213 4555 3885 5977 1159 5145 6489 6209 7119 4291 1105 2968 3531
29 5266 306 9166 288 7699 5520 8500 883 9533 1028 413 1166 5289 3685 2761 6100 1876 1403 1702 8138 5094 5656 8010 5719 6688 2329 2143 5042 2630
29 2870 1959 7984 6635 9956 3744 682 690 743 5425 5068 4374 1960 387 3828 6175 3961 756 481 9316 2172 3413 4176 7360 787 7858 340 3472 6804
29 7782 558 6600 1818 7976 7845 5744 7872 2574 1519 2286 9910 6213 1144 5135 2151 14 414 8171 2259 3296 8748 4210 7520 8810 806 8011 3540 6413
29 9738 5679 8568 5529 3259 5423 5052 2591 5739 9289 373 3603 2044 2833 1853 1830 5648 9077 9156 4837 4781 9086 296 25 5864 1881 5609 3872 8629
29 2717 7828 4057 5965 7279 9263 795 745 4724 468 9260 4443 8616 2790 4011 5577 7212 8837 9174 3252 4982 6196 7055 8192 9253 5907 3074 5551 7917
29 1179 1111 3693 5113 9806 837 3242 9407 420 7597 620 5584 5811 394 7702 1453 3073 1341 285 3372 6131 9373 6848 8433 3208 7107 6755 8216 5486
29 6261 2163 5532 9470 2506 6211 7952 7441 3745 4521 2909 3431 8437 855 8807 5943 131 3805 5385 9195 1334 7736 7902 7714 2257 41 5543 4254 6835
29 1813 601 1734 1192 273 7519 2569 7467 3558 3678 5749 9529 4100 3094 3061 1451 1606 3960 2307 6589 9000 6642 7224 8940 4337 47 5667 6810 124
29 6440 816 687 26 9175 2555 1794 8790 3182 8993 4579 9979 3131 3415 157 7587 3599 4094 4812 5605 3749 5364 7301 18 1834 860 3289 2249 2681
29 389 9159 9417 6168 2573 9115 7149 2644 8000 7468 5023 1548 4136 9434 568 2300 2315 3571 6476 2473 3768 7145 1110 3163 7517 172 7002 4526 6576
29 2603 4506 3856 6699 2755 6677 4788 3297 2680 1310 1872 6586 8861 9081 6716 7853 2631 299 2173 9401 3140 3689 4912 4790 3527 6305 3138 1399 7688
29 8995 9155 9957 5462 5171 3623 6746 7110 7338 8476 8689 9281 6310 133 2759 998 3641 7236 2319 4686 2787 8071 5088 3996 9582 8660 8928 3403 7460
29 701 3968 7946 6890 2640 1631 6304 5580 3821 9339 2083 560 907 1962 8901 5786 5627 803 1931 9911 154 6536 897 632 6916 497 287 3059 2497
29 820 3236 551 6864 5668 3680 4530 513 5223 5838 2457 2474 8558 3464 2683 7271 6653 2425 8643 591 2861 5607 2443 2282 2398 5711 3931 6680 5823
29 8033 5454 8543 7689 7798 6113 7842 2782 4465 8289 4679 5501 9057 259 337 5540 2108 887 100 8419 4233 8557 2588 4510 6011 4026 4592 9555 8392
29 1711 3511 6062 747 7650 5705 9540 320 1149 8638 2509 1000 3127 8482 643 9344 9483 716 9534 6685 2676 7920 963 5624 1181 8061 6029 869 5320
29 9053 8644 1468 3302 422 2036 163 572 6538 8042 3794 4223 5395 1102 664 984 418 4509 5617 6314 4491 8467 298 8576 7094 1428 2915 6955 9307
29 3039 1752 6214 5031 5109 3455 2167 4377 2853 1032 8655 4774 4906 1176 8436 9609 1977 1495 2128 3638 3052 7254 2160 3478 2962 9476 467 2668 9212
29 9058 9360 6497 1140 5855 3380 1095 3644 3427 4562 7942 8859 2705 3923 178 8882 2466 1858 1941 4357 9578 8136 9036 4505 3459 2942 8743 7806 3107
29 207 5354 6245 7120 3462 2358 4278 3326 1306 2274 3637 7672 6693 8938 5132 1894 1057 1013 3728 6682 4285 3358 712 9201 4061 3906 2306 7533 5666
29 6056 8579 4166 2512 540 2049 5499 4282 4185 7745 4262 521 3290 3705 2428 6147 9409 3068 1652 6394 7211 5995 9631 6053 5386 5685 6435 8879 4184
29 2635 2921 7494 6416 3612 4629 8711 3079 8256 7390 8511 9575 529 6429 8883 3389 1927 9046 7578 761 4333 8806 8763 732 105 8376 2123 3530 2504
29 6599 1785 3533 2916 1964 4784 7572 7201 5084 4931 5189 2062 4612 2577 1135 4332 3605 1763 8186 2208 4854 160 3655 4721 399 9912 5859 5717 7796
29 8172 5552 5149 9646 1560 1462 9147 9599 5176 3304 5297 9110 6849 8686 8140 5947 3512 6962 5038 1884 827 3980 8962 3081 3614 9863 3664 4963 2388
29 6933 1831 2793 276 3306 8693 2053 6099 2797 219 5119 7706 778 1701 8864 8550 2658 3820 8491 9985 8340 8430 8427 1546 4905 5398 5928 4707 8909
29 4182 1938 1348 7421 6620 6912 5671 8239 3299 1871 8466 3191 5347 1097 7077 7859 903 1156 2246 6777 6468 5684 6774 6040 2095 7478 5774 6830 2994
29 2772 9814 7793 479 1152 1575 6618 1898 2435 8783 878 4564 8507 6388 5962 7233 9794 8758 7023 9901 6568 6243 7933 4907 2214 3173 2467 7422 3818
29 2922 804 5608 3383 4607 8910 9831 4015 1541 5975 3229 4047 4456 3543 6208 9421 9197 7129 9928 2596 7160 5089 3578 8811 634 5809 5960 5877 849
29 1134 5703 1365 5898 8327 1515 908 6703 1821 7078 6800 2763 5428 4425 1914 9390 5790 5755 801 6199 7814 1979 6455 1874 1682 1316 4058 8360 5208
29 9435 5370 8366 3333 6407 4573 4183 5353 7592 5568 3262 7906 933 5874 1905 3896 5076 6940 3329 9429 3965 5933 6723 4741 2885 6203 637 7066 4300
29 9151 3145 4797 5345 2756 5020 35 4298 5760 8904 5514 9689 8899 6811 5994 8597 9292 5174 2521 2192 3017 3497 1372 9523 651 240 8317 825 9154
29 8078 4049 8523 3316 4777 8701 2057 6112 6978 8316 7743 5983 8455 5063 5720 2077 4538 1906 2026 1426 2543 7913 1782 6911 3111 5937 5375 3422 2611
29 187 2146 4390 7752 3524 6995 473 8442 190 9658 5856 5036 1003 2014 1482 7033 3301 2411 7879 6140 9105 7391 7339 5629 9633 1115 937 2810 4789
29 9822 1666 8657 4802 3953 2352 4252 9546 1411 5183 2055 9857 8691 6701 8650 9712 2219 8133 3371 6691 2361 7113 1912 1112 4020 8164 1270 4135 6787
29 6507 9742 7569 2693 6973 1855 8281 7944 1485 2132 3362 3606 4316 986 8814 264 6930 3891 1743 4879 8656 8923 4651 6602 6577 5466 8574 2530 1154
29 9488 5524 8654 5537 6382 6681 6452 9238 9725 2318 2654 3670 9809 1952 4371 9707 112 6877 8921 4359 3342 7182 6465 9181 3909 2703 769 4767 8799
29 1826 8546 3765 8431 3518 9907 4495 4231 6854 2707 5474 9087 5352 8775 4918 5373 7499 5806 8429 5458 7446 2240 4449 441 2269 4840 1891 5915 900
29 3060 9696 4878 3312 9636 4009 784 9456 8581 5843 392 7195 1920 3798 844 6846 7758 8196 7848 3245 6373 1162 5319 4999 8533 3734 4793 3334 3517
29 7318 4581 726 3643 1059 5448 813 9477 4874 1602 5314 8623 7554 8826 3609 8095 1391 6315 2453 2974 3282 7827 4403 9881 4646 1975 3467 224 411
29 7678 6638 188 5156 170 5860 9229 1004 8793 1897 8652 3055 1320 2589 6006 2369 5485 8425 2684 967 2688 4968 1586 857 262 1943 5317 1268 9138
29 2995 7642 3878 9227 9966 6421 5525 6036 8645 2989 9921 8047 2397 3584 5504 1866 9011 5688 9528 1084 8735 5576 543 5016 8197 4811 145 6217 7492
29 9601 8724 7787 7394 3064 4018 8594 8365 3904 6675 1082 38 2825 8278 6836 9588 1616 9553 6939 847 1357 9840 267 5571 8043 6495 6271 4339 75
29 2822 8339 2332 4169 4415 5868 2138 6128 8518 2175 5055 7802 5137 1056 4813 5270 4737 8217 759 3916 4928 6194 9193 6478 6222 2448 3985 5930 1637
29 3766 9561 8205 450 6284 1907 3731 1222 6919 1007 8330 8562 6434 5118 7557 1068 2821 2327 7628 6788 9102 5449 2529 5599 4798 882 9615 1503 5638
29 1579 1568 9820 1670 676 1260 6500 185 8292 4388 1423 7863 5249 2686 1170 4148 5643 4946 5212 508 9926 7266 8633 1583 9713 8077 1550 9015 85
29 2150 4172 5952 2482 7986 7147 1138 9571 3192 2001 3313 3825 8448 2977 7258 278 6492 2200 1523 5920 1696 6391 3712 2694 218 2308 3024 9724 7272
29 2368 9054 9104 1139 7084 1123 1639 1804 4745 3675 2230 8214 292 9135 1498 7171 6991 2379 5123 148 8021 5715 8853 5728 2691 4437 3645 4923 3810
29 2584 8502 3119 4068 8261 5251 5522 4969 2541 2624 5429 4882 527 6143 6544 5956 4814 8757 9929 6555 9519 6290 7389 7857 1518 2834 5780 3829 6164
29 8854 7132 8386 4091 8950 571 3703 6522 9324 1193 6188 2052 8824 7001 2617 5299 4125 4557 842 4826 8397 8101 1481 3995 4360 6901 368 3918 6906
29 6197 3384 9117 6482 2304 3036 2018 3335 5105 5821 3144 4687 2389 4081 6399 8780 2226 7829 355 5061 3809 3270 7465 1869 6832 9894 8236 4708 7652
29 6570 3198 3534 8586 1250 8277 7286 5170 927 5704 7610 1395 9179 2354 7919 7199 6530 5205 1625 7070 9137 4445 3977 3713 566 6052 451 9330 5269
29 3709 1817 3128 2933 2614 3283 3881 2762 36 974 5238 4019 8801 3622 382 66 5924 1611 1338 6604 6803 7454 2162 1997 517 8987 3101 2016 5707
29 7662 750 6729 487 4151 3122 232 5323 7880 1532 594 3298 9222 8115 8915 8422 8999 9262 1741 4670 2831 8280 9514 7354 2104 4517 2807 8180 5738
29 8346 9925 7395 6250 2430 4391 6766 7347 2728 3785 2068 4657 9300 4749 1553 8490 6111 8414 6058 2665 5807 5544 5785 2072 1378 6377 4548 7608 7417
29 719 3117 4060 3385 4560 1239 7488 7379 1657 7835 1431 7082 2148 3629 3646 1439 9810 2663 7040 347 3597 6109 5649 7128 2393 7930 1295 2561 4915
29 3183 2139 534 3339 6748 2633 393 5010 9808 4031 3835 84 2699 4919 4417 9232 5531 4043 4202 3549 6984 988 3699 8084 2498 6041 3072 6598 4678
29 1577 8090 9200 7979 2965 4248 5796 8532 6312 4263 5781 1329 2897 4583 4943 5356 407 6649 4860 1582 1026 7274 8789 3948 8515 7677 7008 4037 3399
29 3425 7613 9366 1205 1505 8714 8178 3001 793 2538 9056 7345 9187 1544 1507 3211 8221 2047 7476 9846 5979 9479 4209 6782 181 3760 9383 9544 6511
29 2223 1466 7115 5134 2479 593 7870 9898 8349 9220 9973 8008 3416 7860 628 6540 8996 7733 2227 8817 8580 7451 9496 808 9865 5586 2291 9643 4539
29 5634 6152 548 477 4400 4655 1674 9315 9186 9885 5659 6318 7785 7150 5820 3692 1567 2407 1366 5616 7940 8102 8905 2778 7332 2706 8744 1551 3634
29 9832 333 5756 7929 4 215 4302 9585 4589 2415 4726 1754 6456 7308 1774 1416 2462 7889 9509 3394 2366 2196 351 149 5795 6008 5712 6561 819
29 2038 6021 7096 8566 4034 2746 4323 365 6436 9733 4204 7039 8821 8390 831 1535 999 324 3007 3337 6937 4563 4426 6 44 4532 1540 7153 4644
29 327 7759 2874 4769 9817 6444 8293 662 3803 1679 6233 4401 9466 3981 9217 9252 1383 255 6336 1748 7627 1663 7445 4039 1279 5593 4461 2879 5211
29 8598 2863 5503 2205 6910 4227 8257 679 5274 5235 5793 9983 5791 9458 4743 169 9098 7273 3261 8496 562 3593 9536 814 3588 3796 9869 6663 8636
29 493 4671 8125 7648 7707 8418 1076 1151 7981 4264 9562 9839 9007 3136 1494 4177 1469 9471 500 8869 4253 1617 4121 6141 6366 6972 9358 8307 4331
29 8725 9157 6879 6155 3417 2394 5901 5138 1012 4370 1096 4440 1919 3812 922 6365 1886 8319 8984 7582 7669 6825 8127 1877 9353 4346 8986 4235 2338
29 2440 5955 314 8356 4966 6348 7022 4487 3429 2947 2373 9089 3454 2004 4226 361 2256 4244 4924 1043 3964 3864 5085 2197 3239 5215 5216 6865 2480
29 5014 3562 4766 9685 2350 2768 9537 1784 5302 1304 5035 6672 7560 7388 7298 4277 6851 461 6958 179 3935 7862 2856 1878 2533 9099 2371 2809 6632
29 9191 5954 1712 9732 4455 9625 4096 9406 6218 9854 4833 9654 8844 345 539 6462 2714 583 2754 3666 6004 1514 4463 442 8306 205 1727 9995 9700
29 4891 8453 5984 8797 1175 5102 3722 3625 2310 5700 3166 8191 5768 6174 947 1598 7836 9624 7141 549 4554 1019 699 7306 3214 5285 5844 8932 470
29 3448 3240 5334 3519 2293 3275 1282 5446 1064 465 2799 2943 9218 6809 7948 6321 4240 3359 4787 5431 944 2210 3994 2454 6717 4682 3008 4965 2149
29 6812 2091 4794 4458 6445 4084 9825 5506 7163 1120 2931 9412 2124 1261 9334 4883 8276 2231 1624 7634 8930 3200 5011 5665 7711 5747 2895 341 6202
29 4753 8184 330 1983 6030 5086 8957 134 1707 290 7875 1889 8611 7532 5075 6742 8534 8461 1720 1850 9341 3307 5792 2302 3943 9347 2031 7978 5921
29 7148 9440 1437 2858 7161 309 3537 7866 7748 8974 9420 6648 1436 6182 9959 8942 7700 9717 4056 8800 8212 3338 6986 6103 3015 6573 4940 2215 1648
29 7674 9194 4170 7309 3410 375 6262 9184 4880 4588 5222 6707 9309 7740 2560 3674 633 3113 1656 342 1284 8863 9680 8542 2626 2779 7729 946 4659
29 2600 2847 9037 61 3844 1985 2439 6057 3905 2176 8917 1168 7596 7549 1458 9666 4129 1195 6853 1101 7226 8881 4485 4150 7154 6012 2789 6142 5255
29 5959 5160 9868 3560 9095 9937 3443 402 8235 1132 59 1799 4002 5306 3983 1457 2130 9596 5246 4405 6095 139 9789 7972 8845 7090 5372 764 1363
29 3042 8561 5324 4937 8613 7603 5693 3151 1836 2960 3336 1825 9372 4511 1963 9673 9264 1645 4389 763 28 2356 9623 8648 4381 9535 9573 2957 3143
29 691 6227 3361 3005 4529 7383 1677 9745 4145 4500 7257 6183 4147 5817 4779 4421 8599 5573 8156 5853 2750 1859 5243 8770 7281 9041 3030 6898 1911
29 5604 2830 528 2 5207 1016 7327 4621 8377 6740 1233 7935 1618 9792 1838 5214 3639 4893 2988 3466 5620 2471 9608 4222 7289 796 6442 2901 694
29 7427 7382 2241 6970 2048 9980 7406 2771 5911 789 1011 6252 7443 6192 6375 3888 6078 5810 4868 463 3787 1699 2655 9572 5527 9778 7837 8887 2254
29 7643 6257 4754 6493 7151 6876 5126 5596 1882 6630 5578 7122 6510 6024 6591 8362 2889 8519 8563 5103 2277 2102 1497 6631 7477 2828 4643 6038 7207
29 5046 8698 9460 6871 9416 2236 6731 8897 2322 111 7955 9029 8855 1321 5220 318 6924 354 5980 9432 4225 6080 4848 5101 1626 12 8037 4771 4188
29 6613 1599 5889 7638 1325 678 1373 1245 1354 5071 332 4021 5828 2463 4723 7172 449 3109 2118 7956 5866 6116 6355 983 4877 3041 7631 3913 2288
29 3190 625 281 1037 9397 304 4307 4350 4017 9436 6989 5327 5661 1483 3220 3525 7626 3231 5733 4987 2733 3053 8451 3426 3661 4695 8640 518 2436
29 7833 5260 457 5127 434 7715 9242 7751 2194 6872 569 7466 322 8345 2730 3853 514 6466 5043 2580 2081 2764 11 3135 3930 3601 6161 8268 7162
29 6190 3265 1040 9891 7742 4175 2058 7054 4385 6523 8325 384 5290 3695 32 669 7750 9587 9626 9783 5623 9225 3627 9686 5173 3355 1255 8819 9418
29 7245 7229 5846 9304 6275 7177 2391 5759 1730 4785 4898 8808 564 6941 1892 5519 635 3184 7428 976 3843 3561 4613 1454 6833 2572 8105 2386 582
29 570 1187 8227 9522 7442 4156 7016 9622 2289 1610 3813 2040 4696 6471 7146 2508 9323 1 7635 2639 151 9048 9602 3438 8567 7804 7801 2296 4964
29 4119 9594 7397 5997 6983 1659 4948 3528 4044 3320 4684 6191 8734 189 5072 8990 6170 4310 2625 7710 5893 1072 4409 2285 4459 5032 5970 8167 9932
29 3883 1387 1956 5881 2860 7723 8381 3103 4117 8211 7614 1045 1988 4423 2546 4902 9507 1351 7027 4301 6219 7469 9061 8818 2844 8165 7861 3080 7456
29 6130 7047 3701 5815 9073 9719 2468 9235 6186 1555 4040 9862 3839 9736 7099 9681 9040 8321 1903 1733 9271 1041 8852 4038 9962 1263 6633 3857 4275
29 3440 3827 5973 9755 1197 3266 1055 3997 3882 4055 1256 6862 8665 1870 1885 2225 2753 4596 6417 9516 1332 3691 783 113 892 9774 8270 1946 3952
29 5798 8404 5195 598 9190 3347 5912 939 5887 5502 5366 5279 8231 412 1146 6438 4623 7353 6120 7398 7255 8357 2729 6248 2264 9320 3719 9782 7010
29 3516 8383 9584 5237 1422 8615 9329 5218 9986 9870 9835 1002 4667 8509 9902 3495 8087 9776 3056 8703 5283 8209 2784 4733 4367 9064 8978 8265 1635
29 526 2766 3681 3781 3620 6005 9494 5587 1767 2788 7472 7334 4428 710 4776 917 4656 471 7133 5335 1945 3523 614 6076 5936 6637 3697 4605 4916
29 3660 2446 4757 3921 9621 4005 1229 6686 2027 4110 5601 3146 8591 6601 4829 9823 9047 9551 5498 6469 6019 3223 5316 6335 7730 8682 6821 265 6441
29 4611 8896 2785 3903 8234 721 5201 5742 4348 3086 7950 8222 5497 6735 7363 7893 8497 9981 3852 46 9493 2621 8326 7602 9759 3607 2059 283 7577
29 8980 1942 552 2599 5298 6657 4076 5424 2489 5343 4201 1557 8145 3730 3942 95 1272 5331 7510 3976 5858 4772 6548 2177 4196 2088 9767 845 1289
29 9392 5147 9336 7922 4386 6123 5224 8454 2470 7703 2078 1564 2495 1147 8601 7013 379 6400 9706 5099 9663 4283 7658 5091 7923 9030 4257 9109 7690
29 4398 9960 4122 7636 3582 5313 7408 6359 3465 4527 7816 6651 3174 2984 2171 7053 8242 1789 3737 7095 8612 7034 6858 2751 7705 7223 2925 4594 531
29 9988 5673 9942 5942 3331 3757 6049 4566 8460 1370 7761 5309 6085 6486 1401 234 9630 5631 1710 5179 6934 5663 5019 2383 5391 9045 578 6179 2084
29 7080 9764 3833 144 9836 1264 8933 9795 6547 4306 4062 8296 334 7118 4448 1070 9297 2181 6759 3566 5745 765 1966 2884 7121 8830 5621 6390 6014
29 3423 1824 7015 3679 6410 158 343 4550 2142 5900 5547 7108 3134 5367 5152 5095 494 7932 2022 5444 9234 8738 880 5017 6784 5548 7852 6952 2980
29 6392 6330 2330 8003 1608 9761 2920 760 6473 230 718 4591 1371 2811 3894 2251 6726 1632 1265 19 7535 7293 4624 3352 4984 624 1027 4685 7234
29 2098 4469 8177 6032 2135 4355 2359 9439 8812 6567 1749 7275 3834 909 9002 4258 7737 985 3222 1901 2073 5328 8104 5521 4571 5678 3589 1665 2518
29 7136 724 5941 3951 8540 8439 147 8111 9660 3532 1837 8284 9906 8639 6338 8578 8764 302 8233 807 5626 7657 6771 3559 7508 4580 8070 6587 969
29 3387 7545 2442 1036 9967 5066 7361 174 3544 6584 7847 4101 5766 9464 6772 1783 1173 3376 1955 5034 8809 4816 7498 2360 4411 31 5432 2956 2894
29 1048 94 1339 8717 4186 9096 4903 4358 2525 597 8894 9704 4952 6951 8378 2741 6521 6963 3615 97 5203 1362 9569 1686 8110 4762 1607 9410 3708
29 8220 3210 7448 3099 8273 768 5706 8572 9267 1219 3364 7811 1405 6684 7276 4488 775 1346 8291 774 1476 7311 9950 948 2211 3057 5257 9296 2367
29 8097 7566 7235 3149 291 2144 1996 6752 7660 431 3791 2651 4823 4546 3944 6837 6802 8158 5655 9237 4203 317 8622 692 7521 1820 6371 6969 2659
29 9861 4260 3258 7219 4622 629 7719 9272 1725 4289 8224 3035 5332 5782 8338 758 6977 5422 8271 4806 201 7017 7490 5359 6490 6358 3161 5470 6207
29 3233 482 8927 7894 1024 1715 3091 3040 5878 7374 7536 9247 2276 4382 2882 8223 9560 6628 1058 2898 3969 723 4036 8955 8803 1634 8402 362 3767
29 6042 3720 5934 4870 1049 443 8417 7393 5748 8723 8215 6354 8659 3251 3054 9430 3499 5154 7285 9512 7599 6852 2905 5686 6201 3457 3970 2936 4347
29 3016 1030 6610 6655 6374 5724 6727 80 9954 619 9067 3515 1319 4180 9800 6439 3869 5287 307 9946 7571 3726 5217 9022 2422 3197 9731 5284 6614
29 7138 7175 2554 40 1776 7436 899 3858 530 4864 6210 2050 5689 7321 2204 367 8370 7881 7225 9294 2455 4537 5305 1017 20 940 5698 5991 9346
29 5465 9246 1196 9699 3295 1795 5351 2745 4444 9499 3330 7771 8721 6829 2666 2015 8498 3253 9162 4846 7971 7140 3498 7583 730 5849 7371 7399 5193
29 9543 3452 9635 6258 8699 8766 1203 7915 7111 9178 7503 1723 8604 3449 9763 6448 3576 6725 6083 8403 7819 118 9063 1108 4138 6667 1916 6806 8385
29 9049 6557 2890 3618 1600 9462 6826 8577 9848 7661 7037 3392 5281 7792 5230 1114 4838 226 923 5047 1343 3862 5558 6569 547 2904 8374 2528 6090
29 4904 4447 182 7191 7890 238 2154 6817 6470 110 3608 1402 7941 2724 9923 7184 4700 4493 9922 2490 5165 3294 9879 3706 8343 3274 2400 8816 9784
29 2849 4107 6265 3987 7543 919 5619 5157 252 5355 8055 8943 9249 7005 8109 369 7673 1073 4498 657 7874 8354 50 2294 6408 4619 6496 7718 8618
29 3636 4805 5771 6928 780 7992 3847 4356 8322 1971 6531 7824 2262 3771 639 6998 3418 8702 1565 9801 6458 622 1447 9342 5536 2848 8585 3444 6148
29 4523 9740 3772 4909 8053 3716 8924 3854 3341 5523 9771 7400 1935 9845 4199 2372 9387 1781 3880 4429 7170 5250 1086 8685 79 2737 1875 5204 3232
29 295 9688 2152 8503 4050 1217 7087 4394 6562 6708 4124 9793 2685 198 8761 8908 2245 5493 6827 829 6608 4024 3577 4108 1800 427 7997 9873 8311
29 1434 9038 256 1614 2145 2401 1854 996 3780 1427 1852 9127 1034 7025 8675 3137 4378 8333 5060 1075 1090 4744 5184 6317 8146 2385 3349 1397 973
29 9145 8019 5492 2472 5826 4001 6816 3170 8389 1242 5906 822 1698 8371 512 6048 6146 7217 1190 3600 2958 6047 8169 9221 8736 7156 1323 8631 1921
29 6603 1492 4543 8120 8282 9708 6221 4089 4025 8483 7484 54 7838 8020 2615 2237 8975 5399 9480 7550 4211 5339 9364 1930 2938 8895 7934 1653 4087
29 5500 8653 910 5112 8193 2137 489 2136 7317 2689 9760 7213 3975 5600 9256 5565 183 6494 9266 1116 6034 9210 9167 8363 2478 9613 1327 7270 3595
29 6885 2517 5209 3919 7985 4250 2295 3619 8076 4432 6185 7009 9750 6665 7344 6166 1828 5614 3162 3967 6372 1381 4265 2405 8247 3779 5489 503 9741
29 8141 688 1330 108 3268 3536 8368 2337 4341 7401 8617 4383 5018 8384 2800 8713 1050 4738 8259 2449 3736 9472 1328 4105 3649 8244 9094 7165 4576
29 5455 1143 9568 7458 4219 4165 2375 6309 3100 925 6138 2760 7056 7682 5606 5827 8667 8847 9779 6035 5722 2159 7987 7717 7807 7166 8771 126 8694
29 6424 9445 2954 8052 9384 7430 5368 0 4190 1883 2513 9502 9628 6298 5581 9290 2216 588 8367 1164 7945 9402 9101 3045 5275 5526 953 3285 5517
29 7851 3782 1768 667 9899 4636 1093 4116 3195 6515 7473 2122 116 2743 5346 7018 2695 884 6964 4853 5788 7954 8922 5337 8695 453 3279 9431 7326
29 660 8607 8740 9459 4926 5783 8006 9892 8517 5100 991 4127 6763 3893 7114 9325 6714 7365 3754 913 2628 1107 6694 7601 1981 2105 9018 9860 3748
29 5371 3179 9695 3260 1053 5945 971 2774 2917 3340 5530 1460 1948 4343 57 1054 9169 9426 9345 6571 3564 757 4296 7523 2248 7968 8062 5851 6575
29 9714 3832 7402 2715 2353 9590 3783 3871 200 5403 1226 1023 7007 430 1968 7069 8200 398 7961 9965 8729 5141 8388 1375 3354 8658 5845 9607 6588
29 8858 8440 4994 3044 9123 5797 1750 93 9619 7038 4431 4168 2520 9414 6414 2060 5642 595 7168 6875 1234 3538 2117 8802 2862 8750 7764 6279 6065
29 3875 9589 9591 6475 2578 8884 8798 1322 9415 8493 3742 7267 4658 1929 7130 3672 8707 5567 7732 3485 8664 4849 5381 4681 1305 9023 3474 2267 9478
29 4960 7606 4259 4327 1124 8663 8865 8488 6944 3069 7091 1867 5834 6137 9996 8732 8139 4103 4475 9532 2180 9369 2987 6499 7463 7741 5513 5240 3116
29 9180 2297 328 2228 2239 4628 132 9753 7392 2892 1189 9664 115 3321 8148 7238 1613 5651 524 3445 2816 423 876 88 5985 990 1697 5681 4171
29 7937 8394 8399 6463 9454 6767 6779 150 8154 8025 4856 5480 7429 7288 8341 3920 9276 9653 5841 438 1078 3087 1183 4705 4936 9244 7470 3570 519
29 9141 5388 8903 8778 3396 5416 792 9943 1777 4641 8318 4988 8035 6721 965 6545 2593 3293 5463 8 8600 6903 2824 1337 652 4841 5789 3870 9577
29 5482 6791 8166 9352 4710 7980 8970 9183 9044 2183 1986 7188 9651 4603 3446 2872 9066 8034 7433 8098 2605 9550 7967 5158 5813 5729 2380 2804 5723
29 9321 3496 3937 4239 9702 7249 9909 9078 841 7455 4140 3553 6025 2235 6873 2283 4033 17 8016 6270 725 242 1506 7228 3014 3583 6776 7655 6491
29 4114 1539 416 9408 9129 504 4093 5850 1549 9308 391 7068 3635 1091 4633 5971 4970 3085 7208 6064 6700 206 898 9953 7604 8731 9152 5988 63
29 586 994 5653 1860 6102 8697 6551 8328 5496 8206 3110 353 2066 4601 9299 6453 2224 6946 490 272 658 8998 2865 7595 3988 8880 2850 6061 647
29 1764 1595 1285 3324 9382 4192 9467 2410 2562 7765 7522 1709 7237 7612 914 611 8867 5419 4763 1729 155 1208 6579 809 1947 9423 788 1367 5107
29 5588 7781 3579 7335 1597 8575 2346 2744 2983 3176 525 8815 2998 2576 8254 7615 2312 6760 599 3751 2035 9331 9539 2065 7616 4895 6947 4875 4131
29 6340 5326 4773 2459 3696 2339 1689 117 6750 2071 9375 4028 1934 1406 6670 6611 8028 4321 1246 6193 7547 1843 8772 9032 8994 8776 5736 2007 2103
29 9351 9443 8434 8875 653 6844 6622 6295 5439 9737 4489 686 3147 7809 3175 6362 3740 3596 7943 7241 9834 8521 2566 5560 8241 617 7174 4635 6172
29 3592 3209 7251 5895 60 1293 1300 2748 8641 576 1668 3407 4835 4294 2342 5652 2364 8155 424 8525 1569 3725 3154 6887 581 5430 9580 3188 3082
29 8849 5535 9202 5153 4200 9629 3667 6409 1098 4900 7336 636 2076 9160 1530 4340 9119 6050 6792 8208 4154 2934 316 2896 2866 2501 4268 1738 6051
29 4967 4922 8977 8118 5612 2701 4703 1904 4758 9126 5322 6460 92 5848 305 2949 4750 5464 6695 4991 7749 6066 9813 3752 1266 1015 9829 2719 960
29 3363 3704 1805 1148 3907 3610 466 1440 4630 7671 995 2808 3314 4074 866 6220 6306 1973 1286 9644 410 8411 8739 2376 4688 378 9786 5562 1445
29 8595 6488 9257 1862 5263 7180 236 6286 9240 2280 1643 1589 4376 7712 3723 6743 3837 180 3433 6247 9639 7250 1731 9978 7770 852 6883 6843 2451
29 3873 2090 8870 1410 8936 4739 1412 9485 3711 8588 4822 9908 8605 8185 4128 6380 2484 3884 8495 9005 6107 6342 7197 6769 9805 6673 9444 1315 6479
29 8044 8835 9913 659 9076 7721 2429 8264 8541 6084 21 3273 5411 9389 5972 7757 2798 1240 9726 9521 8301 29 6583 1716 8708 3311 5374 3808 2423
29 8057 6668 5528 9930 3811 8549 2840 975 8876 7580 8258 6552 2923 9279 3441 4230 6384 5003 8537 672 1984 1687 5765 6534 3940 5787 5002 2134 2507
29 6781 5325 8952 7244 5910 2126 7375 7296 6793 5045 9842 2178 3356 5993 6418 4477 4492 7585 8444 3788 4932 7092 942 8174 8100 4913 5591 5007 9600
29 2851 474 5555 7253 5151 1923 7910 6446 2064 5277 2629 6927 1695 1661 9796 4845 5539 6712 370 3732 4245 6370 2284 1374 9112 3451 4353 9838 7649
29 2586 5097 9747 3659 6351 2873 6519 2331 8687 5976 360 2153 1128 9694 1145 9876 5394 9405 7684 7366 1008 9399 6560 4366 3859 9828 4512 3159 9604
29 9106 5130 5475 3322 7579 3292 9504 3513 5312 7097 5904 1206 4379 3065 9935 1664 2290 762 1471 2871 8064 6477 2437 714 5882 3092 1473 4419 592
29 1109 2607 3630 8464 6237 4408 2298 6902 6550 8123 7243 8505 7459 8446 9024 2278 3047 8900 244 2696 8570 5814 459 5408 8846 7856 1678 9827 1766
29 1472 8961 7475 7060 2930 2801 8569 2232 8036 3784 2260 8189 1044 1467 895 4335 3650 6724 9530 7826 7786 8382 4155 9886 9208 3120 1136 1954 4901
29 5919 4397 2069 3476 9150 4286 930 4472 266 3865 5592 7355 1085 9118 4598 4424 9513 5628 608 1400 6662 9313 9433 640 7970 65 371 1212 722
29 3491 4349 3051 4650 3954 8250 8727 5396 9457 5763 1526 9780 2842 406 7586 3657 9893 5899 3718 7403 401 6158 2545 2491 6828 390 7004 9404 6627
29 8424 773 3899 5472 3150 9258 1131 250 1253 2552 1516 4720 2080 2675 2704 7681 7898 5001 7495 6043 8059 4173 821 8112 3547 6798 4674 6173 1199
29 8709 5801 7439 7969 7575 9549 5166 6393 3724 4363 1104 8159 4547 5073 3747 4109 5880 5884 8304 5111 7 9744 9657 1347 2203 4981 2349 6133 6091
29 1999 2381 8934 6003 9520 4718 6658 3587 4194 3481 8391 1182 3686 603 7035 5409 6376 3325 705 4441 4198 3526 7501 4993 3196 6068 9388 8964 5885
29 3187 1846 8971 350 9268 7621 2609 6994 9084 4483 1899 7939 8337 6063 1452 5775 3567 9070 326 3012 1065 9603 8243 2115 7788 9586 8187 8096 4329
29 1572 377 5903 7982 4715 2775 6411 3486 2207 2009 5311 7928 7404 2404 1094 5268 1511 4645 5931 5697 4220 4755 372 4255 4666 4384 120 9163 6422
29 175 9718 9441 2876 5400 8937 941 3556 5168 2919 4857 5124 8956 6878 585 3897 4051 4541 6734 246 8091 5172 5300 4850 6745 8195 1672 8470 4361
29 8786 7639 4507 3694 6177 4181 3114 3203 4079 3683 5192 3058 4295 3778 3026 8031 3799 4453 9017 5087 3933 708 2374 3841 1396 2907 7965 511 7527
29 4804 2713 2000 7384 7116 605 4730 7896 794 734 8628 7531 7949 3390 1771 9668 1047 4054 3473 1970 1432 7263 5180 7342 8002 7951 4422 4111 7414
29 4071 839 6765 2971 3707 4677 9989 7675 9491 3254 7305 2120 2720 2682 7058 254 3574 1224 2420 2742 6605 1455 6917 4608 7192 5256 8298 4097 9895
29 4115 8364 8143 8130 5244 5726 2258 1998 689 7330 3797 1292 6018 3317 9091 2185 7514 4010 1684 9944 668 3861 5776 8606 6920 7731 8784 7315 7264
29 1141 4949 7695 69 8204 9963 2710 2334 5862 5028 8131 1908 5890 7242 1719 8355 7155 3602 8973 5194 3093 1982 1031 8788 251 3668 6157 7555 3227
29 1788 8121 8134 5115 2767 9322 2838 4478 8914 8912 7409 9728 3124 8038 2970 3458 7221 247 3539 3428 9319 770 2336 1538 8117 4947 6320 8805 2107
28 1408 3181 6754 4957 779 5949 9121 6205 9059 2061 7727 4375 5905 8094 5006 6841 4693 7570 9920 3029 3189 9610 9004 455 486 396 6626 7471
28 7653 4662 3575 9042 9627 7667 4858 2450 7869 4559 9720 2986 7990 8007 5800 982 9734 2174 5799 348 4216 2575 8965 8203 7411 574 1211 4418
28 5057 8545 8026 16 1737 3186 8176 7227 5406 1307 5350 8857 9228 7884 8489 7385 6861 1033 8107 8795 6923 4075 1311 3727 2731 4274 282 2623
28 8946 5837 1807 7864 7295 5360 3272 2531 8005 5012 9690 6590 4179 8963 1856 3344 8614 4836 2602 8692 6165 8163 4267 737 6415 8596 6404 6537
28 3216 9887 8170 3598 2815 6520 5682 9380 6535 6606 3228 8294 5417 6908 3889 1122 9209 9671 4742 3761 2880 8229 8716 9291 9642 6074 6722 7747
28 3249 3104 7173 8624 3291 9241 2642 9936 9851 5293 2030 9993 5441 4713 3096 2125 2708 7181 8300 9088 4007 1155 1500 3510 5261 7553 2099 7899
28 152 2191 5213 1275 5181 4393 1198 2242 9853 8477 2097 2656 9216 5840 9060 4139 5040 7823 7350 9566 8181 542 9948 9082 6818 1967 7966 6625
28 4852 596 7380 1822 5585 2166 6566 8478 2477 2955 9526 2325 8666 1352 8124 96 7546 613 8199 5362 5321 885 6926 1714 6356 4735 1638 9768
28 7313 4494 9743 5669 5148 3118 8834 3651 383 135 2735 7387 3795 777 8762 9196 4843 2792 9701 7067 4939 2377 6661 5009 2311 4561 1739 2952
28 4759 7179 4944 5632 1465 3851 3917 4692 9451 9270 2028 5963 7370 1223 1706 5978 830 5252 8113 5641 6641 8719 1669 4287 616 1601 4516 655
28 934 2698 9361 4279 2186 397 8201 7369 4545 51 4665 2502 4992 7509 5716 3470 2697 5692 4133 8161 6880 8474 186 2638 516 5650 7772 6647
28 42 7720 2365 1675 1429 589 8754 5457 2403 6256 7407 4515 6882 6915 8630 4072 5541 6965 9641 9230 1463 9649 6909 9074 8712 4872 9161 447
28 78 1512 446 9219 7867 1604 7691 3281 8458 4158 2867 997 609 4602 7692 2581 101 2910 7964 5754 1324 284 312 5342 9285 1010 2481 2157
28 9189 4796 1531 6509 8820 9721 5683 6361 6559 6824 83 7423 832 4986 557 5646 1673 2070 5708 1379 8405 9379 2796 5819 7518 575 3366 6732
28 577 7205 3972 9559 3702 6280 9955 8873 5159 6276 886 9952 5913 4090 8135 4815 2740 1231 1480 1940 6081 2438 9819 5677 3936 677 1533 1690
28 681 2351 4951 5129 5968 5654 8410 9762 2161 2320 2011 7525 4410 6114 5191 1052 4438 2806 9597 4649 945 4620 3542 3687 5196 4224 6094 2587
28 4322 4433 6200 6363 6790 706 675 311 4575 871 2725 6999 3121 3502 8871 1382 2043 5640 9867 3550 1478 2190 8323 818 2537 2716 1991 6055
28 7320 3288 656 9632 5999 4867 8634 6652 7916 7024 5413 2887 228 1847 1358 815 7206 325 5572 9711 9843 8508 4362 6086 9143 7214 2814 7996
28 9014 8669 1556 2169 9120 6379 2301 2908 8274 1083 8358 6224 5611 3199 3028 2527 1169 4704 7003 5164 579 9722 8308 4959 2505 2902 4714 5410
28 7277 2765 5966 1590 2141 4983 1487 4734 2846 9203 6705 872 3284 7104 7431 7556 3535 6288 3263 1335 2932 3673 5873 2964 7542 8792 9645 8715
28 9168 7297 1842 2469 82 1681 704 8463 739 6795 8147 2643 4430 6508 475 2324 6180 9647 2402 8457 1775 3591 9198 2063 7746 5491 8353 1099
28 4473 2086 9075 4535 4249 4933 8564 1368 194 1671 8668 9703 7072 3010 8329 6644 7081 3790 4653 9269 4029 2579 6899 6077 8018 3979 8151 5044
28 1769 6982 554 1772 906 220 7412 9648 22 7304 5412 5404 5869 6129 1171 4676 2341 4752 6967 279 6118 9305 6702 9766 8782 491 1313 1791
28 138 5383 4807 3855 1558 15 606 2313 8840 4736 8499 7645 55 5664 2010 7763 5187 6387 8054 8822 6067 7818 7461 3141 9788 7726 9866 3554
28 602 8472 8073 2384 6563 171 8050 9107 926 6268 3863 9332 1933 6272 2549 3437 5487 5098 3621 7959 9357 8342 5575 6797 717 9748 4586 4063
28 5262 9692 8710 2012 3405 3411 5857 2021 4193 9153 168 3817 403 1621 2845 6282 3927 8041 646 6132 6297 7665 8632 6324 7544 1486 936 5561
28 7584 1125 3656 5516 5456 1588 5022 7489 3715 4638 1683 2826 5200 6291 6228 8610 5199 3824 7832 6333 3509 8635 9945 5996 7164 5918 8548 711
28 671 1130 6640 1100 2253 6322 9356 6369 5301 2722 203 1444 5162 4218 1353 7126 3814 5393 3569 260 9333 3626 2025 7647 6709 9474 8619 8683
28 4935 1925 68 7744 6516 6753 2622 8718 3802 3989 8573 8413 865 6176 4368 9122 3971 3193 2723 6381 6070 8359 6501 7505 2627 8416 2985 2565
28 2209 7511 9951 1520 1178 3733 1547 8673 9327 8040 6357 642 2852 673 2220 6629 6621 2492 8827 3690 6514 7594 6273 4320 8081 9927 4897 3529
28 962 9031 7871 4896 229 7728 2096 1194 1759 4396 1349 7873 5259 9455 3477 3677 8960 6343 1806 5923 6126 5710 5140 5294 8979 2008 1150 5227
28 1204 3025 8678 5675 7528 4314 1521 8920 5253 9548 4032 6773 3241 9501 5426 5746 5295 2299 4842 2827 2347 3990 7252 7052 1762 5734 8589 8753
28 8551 3492 8027 7552 8530 5542 3225 3420 1895 1248 3280 2255 8536 6337 2837 6075 2727 6326 6232 8312 1755 142 1811 374 3938 5054 3218 202
28 2378 1191 5886 5553 6815 5307 3479 5303 87 1118 7209 359 2408 1188 1142 3662 4800 6039 9730 1757 7444 8014 2553 37 8637 321 9971 6546
28 3902 2854 7183 3867 9754 1430 6007 9975 6163 7664 8677 258 9618 805 6433 9598 4525 7231 2164 1296 867 3070 8929 6260 7617 8582 6332 5473
28 4077 4501 9756 5377 1421 3755 7061 6215 8642 4520 753 9871 781 2944 4157 7307 9295 2087 5468 742 1534 1953 5709 4593 1333 2067 2969 2661
28 2652 8183 6151 7449 1380 289 5348 4387 1603 3648 7328 5550 239 3807 2424 214 2111 1640 7357 9171 3115 6592 6139 3351 5110 8305 5021 98
28 5233 280 7031 4717 5333 7144 43 6389 9338 6847 4497 3982 9739 5808 210 2326 1117 4534 4911 6987 1157 5753 6751 8555 7413 7089 3633 9192
28 6423 159 7329 6092 9612 2992 4722 6747 6162 9442 532 8967 916 8142 9552 9616 7630 2488 6900 6285 1077 4971 3224 4407 6327 3421 2431 9354
28 7883 5557 6461 9933 9139 8108 1592 1302 1609 9883 5951 5083 3095 4098 8348 9424 3928 303 2112 4159 7193 1153 3947 6713 77 6184 2829 9882
28 9111 1691 9131 429 4123 791 7065 4395 3018 8238 4782 5701 5830 1418 3063 4146 4232 6124 6195 1180 1902 8126 7073 4369 509 9991 3062 5392
28 1587 352 5865 8733 3367 5 4795 4273 4938 1317 1435 8813 2900 1744 1552 3400 6204 4648 8868 1649 1513 9259 4336 6022 4615 3207 3468 4014
28 3153 5336 8415 874 4476 2101 4514 4809 5401 3388 9035 6098 1489 9844 6741 4373 52 5816 4604 4778 6913 366 8179 2427 8935 6311 3868 6942
28 8039 9662 8850 9797 4976 53 6634 9172 8441 1676 8067 2647 6367 680 559 8982 2292 3327 3822 9897 2222 9605 1974 6907 4271 6303 6960 977
28 9284 6980 4088 4217 432 8266 7299 2687 5969 9317 9482 8350 237 9 6156 8373 8401 4706 3776 776 2486 4427 7619 1685 6932 6823 950 7775
28 2648 4474 4568 3201 5226 9773 5167 8022 5802 2511 2547 6954 1244 877 7882 7200 2564 5236 7333 3077 5762 6733 9661 3848 7991 1385 7362 7886
28 3831 9248 6857 5247 7109 6242 8913 9583 4004 8593 1493 1389 2033 1642 2939 4434 7912 4085 4618 4711 4675 4810 4012 8032 9576 9071 6542 5836
28 6096 1573 2649 2305 9640 4639 1344 499 7483 1792 2891 584 9655 3269 6483 9570 9140 1780 8230 9614 921 4569 607 3998 7396 4954 7926 7908
28 6950 6543 49 1700 2747 515 703 9133 9149 6037 8213 4290 6206 8066 153 7888 3409 6249 5986 6525 3617 506 1443 6293 9934 8060 7424 6656
28 3922 1038 1021 1976 2841 7679 3300 380 7405 1039 2590 7282 7877 339 7012 6698 5248 2133 2271 3000 6071 1274 6981 9557 5459 2911 7839 6135
28 8099 9136 5721 6474 5598 4587 1865 435 2281 3508 6033 4344 9833 8015 3152 2187 7803 2113 9085 9807 1722 7169 5225 8527 6059 103 1184 1778
28 9211 5467 8080 8625 7416 9678 8012 4642 356 3487 6856 6997 9311 6484 3461 3287 7622 2333 6527 4770 3032 8428 8836 9069 9900 1446 4502 3071
28 9581 9213 2813 7481 2051 5051 216 2738 1121 3908 6225 6814 6178 3974 1667 7196 4496 2447 1563 9125 6401 5452 8706 6431 1227 8953 4962 3021
28 7914 2550 4765 1051 2343 2218 8093 2674 3037 2595 9500 2370 1126 1046 1504 9283 4106 1950 9749 9199 3658 4729 7139 1786 415 5092 7474 2217
28 7633 3169 6294 6889 2323 9489 4673 5639 7680 7450 6263 300 8538 2657 6502 1496 2432 5389 6054 454 7057 2317 349 5660 7100 1071 7322 1235
28 9888 3247 6819 2244 4910 2912 5125 1944 425 6097 4460 2913 331 3585 4276 9617 4149 5957 7479 5676 797 5518 5234 6838 6533 166 2075 3555
28 8544 436 8565 9052 7232 1969 9803 4524 7993 1020 7036 3631 510 5761 7167 958 7676 7210 772 7646 7565 146 5589 894 573 7900 4354 6480
28 9872 23 4751 3914 3764 9915 3033 8001 5861 1693 8260 3453 8752 143 2981 6539 193 2690 7314 4899 1605 9013 4319 7618 4973 2959 4866 1773
28 4466 405 5476 3746 6556 9777 6710 9395 8680 5879 5597 9964 8722 3568 1137 9400 9659 7813 3244 9009 329 8065 9905 7524 1958 4590 3826 6088
28 2996 8504 7011 5349 5005 1913 3804 7960 9994 6690 9917 2355 1303 2967 2540 7795 6953 440 5750 7372 7548 3739 8302 197 1543 7246 9650 5644
28 1574 4303 3460 8745 1267 785 4221 5784 1620 1692 5329 6976 2316 9448 4365 7779 5447 4404 4187 1510 7420 4242 7101 3800 1393 3148 2670 5674
28 929 9850 3027 6234 404 9097 8375 4454 8398 400 5533 8755 3246 6945 3801 3102 1225 507 9758 853 7497 6840 8838 1594 9148 9765 8290 3436
28 666 3632 5197 7698 879 6481 6427 4048 8262 4095 6609 5292 6612 3759 5767 6134 9525 4305 3142 8825 6831 9146 8188 2667 7791 3652 3956 6730
28 4801 6897 7496 6756 9428 8954 6616 8741 6300 6344 6171 6145 2314 1761 1413 8926 618 1910 7373 7098 8785 1658 7512 7868 6506 4380 5178 6121
28 957 275 1704 2037 9273 8966 91 6738 3158 6329 3379 1630 9250 7623 4851 8288 6768 1845 6789 2127 8030 9849 2597 4008 8068 3308 6737 4821
28 7901 1425 2524 8833 9772 6016 319 2238 7755 9818 4941 2188 9303 2632 4551 6968 7437 3046 9144 4513 136 9972 1297 2250 9705 3168 2781 3876
28 1808 3076 8286 4442 4126 2279 8494 9350 7693 7651 1092 1069 6581 58 3271 8129 5958 2899 6863 6949 3874 2089 9508 121 7386 9398 4556 7774
28 7576 3505 9506 460 462 9391 5435 7278 980 1980 3925 2116 6719 6044 2671 2193 6807 6526 8674 7640 959 8456 1318 4884 2275 501 6235 212
28 4830 5944 1067 5310 3323 408 9961 7356 943 8150 715 6454 3360 6406 6398 6594 8029 8313 4372 5267 7434 3002 3688 9124 5549 1655 2786 6017
28 4078 1312 7694 9224 3177 6822 851 9182 720 4792 161 6238 3819 863 3514 2287 9683 5989 4595 4663 315 8408 9335 4297 5725 8959 696 9556
28 7426 9997 4238 3698 8471 2221 6267 1433 9990 6015 8760 6582 7312 2413 838 5695 2110 6689 7783 7325 4234 6467 9450 2927 5805 3328 7903 7260
28 3590 7343 5077 7230 7790 7773 3949 4452 5570 1089 1688 301 5198 7290 6450 733 6758 8116 535 9026 5961 6316 7480 7074 8409 4600 7123 1596
28 1415 811 128 8885 2966 3238 456 1735 2961 7709 4504 1585 5438 8925 1392 3616 6396 7808 3031 8380 4073 3572 2612 3219 2567 4197 4881 9802
28 1717 3235 6992 6459 5940 7865 6676 8620 3234 7876 4178 2935 6352 8334 2348 274 8720 4847 8331 165 5902 1646 7998 8777 7280 4680 2594 8479
28 7324 6671 5136 8547 1080 5867 7239 800 7046 1259 9173 644 4402 2500 5067 8283 9427 4191 3414 1992 6144 9468 8160 1728 192 5161 7921 4690
28 2805 9727 8492 2252 3139 5144 4486 1174 3770 893 8369 9677 6368 4161 7491 4112 4470 1584 2592 8856 1949 6679 1718 754 1404 7938 1522 2783
28 746 9538 498 2003 1758 1441 7359 674 6230 3212 4728 8347 3456 3393 1517 1713 4740 1581 5927 8767 5743 3221 5155 8535 7152 3653 4956 5273
28 3611 7487 8513 1926 2395 6794 3573 1258 2233 7462 3494 1880 8435 989 6696 981 6104 2660 9083 3792 4022 7892 5341 2926 2709 9422 870 4364
28 7735 8730 8781 9019 7367 7957 7800 9939 9781 2243 2522 4582 4092 5427 4761 9214 5590 7292 4861 4142 7530 137 9977 2812 4228 6988 2532 2155
28 1377 7708 5206 2042 2013 8046 6341 3480 7931 7670 1309 911 1650 7043 1662 4280 8972 241 9611 3395 9265 9449 1900 5402 1474 1288 2556 4625
28 4189 2202 336 2399 5258 9027 9665 3647 3500 5133 6069 310 7247 5330 1726 2757 645 4070 1291 7507 3793 7905 9903 978 6447 8918 3957 7063
28 5835 7539 4660 1756 4697 2024 164 3439 685 9889 8089 76 8352 5909 4637 6451 1918 8804 9016 3217 4920 5735 7897 3729 9579 4237 9188 2406
28 4974 766 5740 9286 3671 1257 1238 2794 8469 5407 546 2184 6646 7663 3941 1488 2309 7143 2460 5288 4308 8202 9348 1790 6503 9687 4775 2582
28 2823 7918 6778 1442 1554 4817 184 3243 8848 4334 3743 8907 4215 9261 7493 4756 6334 5272 2344 864 9715 1570 3483 4746 1765 8272 5481 277
28 3815 626 2418 968 6073 1283 8756 7840 5769 1301 9545 7830 1490 1829 2114 9050 8226 1502 9473 495 5264 1202 1857 3369 4702 2516 7593 4871
28 4760 6796 1066 8949 5117 167 1243 9461 3777 9274 5509 5998 9370 2645 7656 1221 5484 8023 483 1394 129 2669 3586 8823 4820 8893 5050 7820
28 3860 2496 6888 2140 627 73 8958 9310 8528 8603 7032 1214 1972 5122 1409 492 2692 7425 631 9396 3624 1529 7220 2046 9517 5280 5029 5065
28 1386 4066 5511 4311 421 5229 8746 2499 5090 6385 7131 6813 3488 2973 4669 3370 2419 9998 8947 6870 6645 7452 3374 3842 4412 448 8514 7187
28 9890 5613 9236 3278 2906 7668 7605 5390 1326 4652 9815 9821 6115 3034 8560 4027 6617 2229 3773 5929 458 2421 8690 8672 5344 2487 9100 9969
28 4980 9447 7529 850 6000 6868 3205 484 437 6697 3277 3563 954 4045 533 7124 9674 6110 9676 5338 1384 5437 5981 3237 621 2999 3381 8351
28 2672 9243 1746 9785 4144 1787 1542 6419 7202 6860 2100 6674 1280 7973 8796 8688 211 3594 1803 104 4041 2074 464 7683 641 9452 6189 6246
28 2414 846 8017 2195 5574 6464 8968 8249 6236 4929 3892 9051 8512 2903 3786 4727 6353 3432 992 9746 9938 9176 3838 8747 2718 4699 8412 8114
28 5062 9288 2005 2396 1390 1612 33 5177 9006 323 5096 7983 7340 6757 5104 9312 4164 5357 7262 176 9638 9318 195 3112 439 2616 4791 3375
28 2265 3628 1779 130 2914 6255 7349 888 550 3774 4293 8335 5854 9411 4167 6432 4610 4261 1591 4972 4558 8079 3910 8520 9134 9080 3769 9837
28 7256 523 271 6961 2147 8651 2129 6744 5757 6666 4945 7059 2416 9010 5752 5505 386 1732 2131 6558 707 293 4326 4042 9947 4698 8945 7049
28 13 9498 1186 3932 338 3049 8791 8423 4003 5490 1419 67 5108 1879 9177 5758 6884 2929 7093 1230 3966 2503 5286 9667 4479 5926 4540 1990
28 3123 8152 6046 4480 4834 8681 8320 6979 4831 2646 4921 4914 7701 6996 920 5737 56 9567 8379 5630 3924 5221 5039 9524 2510 3758 6524 5987
28 4661 2583 736 1835 1241 3267 2673 1420 3156 5687 3484 741 5847 3806 245 7515 5013 5131 3973 7825 6031 3521 7666 9065 6660 2189 6974 496
28 4574 3775 5917 3866 6283 8072 590 209 1081 1360 3546 1915 600 8255 7953 4819 5242 812 7447 8086 2773 7567 7799 6943 2094 2881 3202 9914
28 8948 7337 1113 2769 9033 4309 5188 2433 2039 6472 6893 4869 2121 6060 604 8190 7834 3088 7762 9028 4528 5992 2978 7457 6136 1464 7885 7540
28 5645 1271 810 8890 9751 4104 1009 901 2542 7415 2928 8892 7846 3377 9326 7558 9103 536 8056 3900 7302 3309 6799 9020 2093 9916 4256 4747
28 4052 4246 6623 4917 6869 8421 2770 2613 3185 4542 5304 1172 71 6749 2739 9830 7999 4654 3248 1273 162 2875 8742 5946 2054 3226 7537 4978
28 9371 27 5069 7516 8237 8462 3741 2158 7142 4272 4130 2020 2017 9824 2982 938 3004 1213 8671 9386 1814 7562 7754 6339 6867 8225 9841 7348
28 395 7186 5914 9606 6313 7381 7891 3520 8874 6711 8889 7432 1459 8842 7725 8175 2972 4609 1823 7716 364 8075 2434 5615 253 8024 119 8898
28 1965 3929 8592 7026 1890 738 6990 1525 9554 7135 70 5169 3879 8886 1636 1456 1376 5672 9239 3915 5414 9859 1841 1254 9679 7843 7697 9558
28 8267 6770 9492 4046 8445 4053 7538 3830 4247 7784 1708 7076 4132 4578 5732 4207 5081 2321 8997 4606 8069 6254 6541 4450 638 587 6650 6596
28 2636 7216 915 9811 6504 3332 9394 5296 9798 7268 6820 8144 9490 5450 9595 8295 335 7189 72 1844 7904 1827 661 3157 426 3522 7654 1993
28 4764 1247 8297 6936 9790 610 4828 8649 848 9093 3402 7958 5579 1103 8621 388 9999 8119 2726 4464 727 1018 5380 9170 6360 8487 1928 8670
28 7006 7030 2604 5128 5460 555 3090 6971 2179 9254 8253 4212 7989 729 3108 3978 1088 8684 9511 6549 6834 8287 823 1470 6921 1022 5897 9343
28 862 6347 89 5461 1210 2519 5637 4134 2601 9376 4844 5694 8989 2817 9359 5662 5239 905 268 5469 1475 5872 4908 1951 6169 2544 6269 8314
28 7609 5595 9251 2526 9484 3318 6299 3934 9231 1680 452 8552 3435 861 4471 3067 505 8269 9875 8524 4536 217 8393 5702 2514 9723 8774 3006
28 5030 5583 502 5751 2168 949 3541 4672 6328 8122 4243 4892 7589 9381 5727 6786 4570 9709 2941 2515 469 1501 8902 2721 9710 2357 836 4712
28 8407 6683 6093 6925 3442 7607 173 5875 4229 4888 1724 2610 2019 1314 3463 5546 955 538 8459 3789 1703 2476 1633 9277 1798 6762 3038 9510
28 2182 476 7358 5116 5182 9165 4069 7541 7629 3565 1158 5291 7620 1294 9547 802 2445 1450 2362 7051 1528 6801 2483 3450 6002 5471 5953 1868
28 5777 612 1924 8049 4716 221 3019 1932 1839 363 2924 4266 3849 1721 99 86 3043 3408 6307 4269 4709 8531 1277 4531 6013 4518 4832 7368
28 9446 3482 5564 8841 3164 4082 7028 106 2303 313 5964 8106 5894 5839 5804 2034 1848 1336 9518 6023 9541 8888 3424 4664 7810 4352 5365 7134
28 3256 5241 9940 8906 3009 4030 2608 4950 4413 4958 8245 4284 9280 9185 2032 8051 3013 744 2045 5891 3750 7895 828 1576 843 7789 2493 7021
28 9340 9992 4481 3762 931 5990 9565 4315 6553 7812 3506 5000 6082 1936 6692 5378 5741 2700 7632 3397 9684 6636 2883 9025 2170 9164 3901 9941
28 6845 553 2855 1499 4195 7158 7464 3489 9531 3398 1647 9072 4599 9367 9729 7378 3204 8626 8198 5271 8361 3133 7440 5538 1119 2041 6240 1185
28 2417 4338 4996 3350 5829 6580 1160 2409 4885 257 9970 2382 4825 6253 7844 7909 2945 8396 8839 7797 1200 3676 1005 1812 731 6881 8539 7559
28 102 1035 8969 9130 2535 4304 4313 3430 9425 4647 4435 2946 5080 7962 5477 1887 1161 1578 6528 9226 1355 8157 3447 5515 2523 8916 4585 7534
28 3581 4392 6959 9884 3992 1740 7598 7927 5278 5508 5175 3310 2465 4925 2006 5479 8210 5415 5139 122 1388 1989 752 5764 7050 9113 8583 7341
28 9328 3665 8851 9592 9974 8526 6866 6274 902 4691 4732 140 2390 4748 6426 4113 6518 5340 8303 5602 9206 8344 7734 7644 1509 4552 5635 8009
28 1641 9791 928 7020 2752 5714 1593 243 6296 3545 9593 6585 7157 2893 7310 9757 2485 444 4719 8473 4102 8951 4468 8779 8218 8941 1559 697
28 9215 8590 6595 2940 7625 8991 1770 2679 6331 615 7776 3434 9043 2534 7088 4839 7500 5150 3714 4876 1987 8449 6241 1237 9563 1079 4345 6301
28 2711 8983 6664 1278 1562 6485 2918 7240 4457 1545 8153 5818 5024 782 1063 5982 263 8420 4023 8048 6259 4484 5657 9034 6153 6397 6498 2494
28 8372 6597 5938 9804 663 5318 956 9437 5074 2558 9368 3721 858 2056 2869 4080 5037 6045 4451 3475 2002 9486 8510 4927 2819 9505 8132 6405
28 3075 5008 1491 2736 5713 6985 5670 7561 5369 1207 6574 1163 5974 6892 4120 4934 904 7064 2650 2023 1438 8252 7486 235 6181 2345 7850 1177
28 1833 6154 34 3264 6278 8992 8285 5315 409 5070 7925 8769 3368 5015 270 1819 1537 8480 9693 8705 433 6517 3257 889 7106 1369 8387 7364
28 9413 2864 665 8438 5680 5478 5863 107 9314 1074 8878 5770 2818 6457 8475 8759 4780 4865 5078 7780 4626 7659 7287 4584 5870 1615 6842 7911
28 7855 6687 4214 961 3845 7637 6859 9880 3912 2802 4064 39 2606 9008 7924 6119 3895 8587 4894 1356 7198 4462 10 859 6783 9987 9968 1793
28 3171 9826 3501 1417 3 7974 5916 2950 3654 8013 5440 2948 567 3700 4317 7778 64 2839 7963 8662 1251 2199 932 7551 1939 3962 6149 9982
28 2198 8432 2836 7351 3391 9874 7777 6764 3167 5382 9090 9116 683 2082 9453 8168 9419 6739 2662 4208 890 5824 6593 1995 8516 6028 5361 6216
28 90 1424 3471 9128 873 5883 5228 8506 3215 5121 3315 6449 1796 918 6624 8860 3890 912 1619 3738 6108 8485 6619 6325 5569 8891 9697 7756
28 2452 6001 191 8872 9752 6027 4137 1888 204 7419 4818 8832 709 7696 7102 1536 2568 3276 4499 4508 9114 3613 5232 4490 3663 6513 2634 9527
28 4616 7222 2263 7724 1961 1994 9223 5163 4446 8944 6914 5282 428 8137 1461 9852 4522 3125 4439 3178 9062 4342 2953 2328 6159 5618 1350 233
28 6229 8447 854 4824 9816 81 6105 5376 2843 5059 8862 8976 6993 9672 6904 6226 6403 2886 1252 4731 7303 2363 8985 2559 3993 7319 9403 7936
28 6956 286 544 9079 8765 5610 5925 8263 7105 4241 5064 3846 2877 6345 9931 4955 297 755 6775 5625 9245 4000 8556 8522 196 9438 7194 3386
28 8246 6720 8481 5534 6922 2677 630 1299 6572 7815 4533 223 6010 2165 5202 2475 4482 4035 9337 748 8173 9377 1978 3493 749 9003 1484 5690
28 4141 4989 5185 3172 3898 7176 9864 4083 4889 3850 1228 8939 6386 4160 751 6565 7591 5554 6127 6529 5363 6089 5120 2618 1361 556 561 7887
28 2563 6785 4318 1809 2201 4567 771 177 7045 6715 5647 3490 9365 3382 7831 9564 6079 9487 3945 6349 4013 3023 1527 8058 9001 8228 3580 1651
28 9858 8128 7611 9039 979 208 6167 8828 5146 9363 5420 123 6187 4617 5718 3343 8310 7079 6505 4725 346 3823 9301 1957 7738 4998 966 9770
28 6891 6425 7331 896 1644 9856 8679 4205 4640 3078 9976 5699 4930 231 48 3886 8843 1623 8608 9142 9298 9691 6289 2990 4995 6266 3305 7502
28 4768 2795 5794 9378 3050 6966 308 9393 4174 5603 4519 2548 3926 4288 623 5622 7994 5495 3089 6346 5143 7600 4979 1580 2571 3840 1001 8465
28 6669 3551 7014 3126 5436 7185 8609 6615 1797 8794 3286 2857 9769 5093 9716 3250 9021 6678 6839 2458 7269 5025 8045 2261 8559 7817 3106 537
28 6808 1364 563 4436 6718 62 5079 6212 8728 6412 7000 7766 799 5027 6706 5594 8773 2702 4016 4330 4859 7204 2340 4961 3959 3345 8092 7215
28 1359 4632 4067 3373 2085 1165 5433 5512 8700 4163 881 798 3011 125 4855 5026 6905 4299 875 5563 6122 9108 7977 6251 3717 8484 1345 7722
28 654 8468 2557 4006 8063 7203 385 7768 4799 5397 3986 1524 9068 3003 8787 6323 649 248 5778 7504 9275 5358 695 9924 9542 8501 824 3048
28 4634 5939 1407 3682 8074 4553 964 2247 5434 7190 972 8931 249 1029 3963 7159 9469 1216 7127 6383 786 9306 9637 1281 6704 5507 1851 1508
28 1660 4701 417 8324 5658 1042 7878 4953 670 1290 6287 7377 2878 7739 3753 1832 381 7975 4399 7506 3230 7687 2392 856 891 7261 6639 1298
28 7794 8406 4803 6150 2212 1236 1340 9495 4325 3105 7284 5488 2092 5265 693 1736 6512 7410 2272 5494 3206 5922 2109 7125 2712 4683 6564 1627
28 8085 5041 1014 5696 1448 6554 2868 4251 8486 8309 7767 3955 8248 7346 2464 1571 4406 8571 7573 3357 9574 9652 5445 7453 480 5948 9349 9255
