29 6975 7995 4392 6664 4607 1562 1760 9407 420 7597 472 7925 9051 3464 3700 693 5479 5825 6938 9337 7797 3413 9205 1633 1815 8516 6397 7697 411
29 1566 6808 1364 563 5128 2168 9874 7028 8249 2274 6800 2763 2705 6010 1249 9877 6323 7248 9156 6127 4233 7085 9374 2392 1181 1361 4827 8768 6835
29 6428 4581 4236 2777 2506 7625 7086 6643 3821 8904 8794 3506 6449 7846 2165 7199 4727 2568 9174 5636 6894 3206 9306 195 4531 3717 7817 5042 7215
29 8450 2758 3856 6935 5483 3992 3836 1770 141 5146 5384 7352 8691 8426 1308 6692 2631 4118 5357 6528 3052 3358 1232 8647 7644 9698 2915 5897 3531
29 9475 3160 1893 3316 9735 1644 4694 7872 2574 987 7415 9012 9497 709 1853 1451 4113 4522 1213 4086 4781 7920 963 4505 856 5711 4998 3530 7348
29 835 2452 5532 7331 422 4834 5883 690 2433 3912 5189 2426 5699 683 4617 4312 6223 8843 1623 4686 122 5684 6774 2991 1281 4995 6266 561 7887
29 8103 4661 7946 6890 2963 684 4030 6437 2247 3785 9260 1000 6585 3415 1873 6624 4614 5081 8420 9316 6896 9684 9652 7754 7713 5231 3840 1001 2678
29 5266 9159 6720 7581 7699 9515 6554 883 8828 4521 3229 5064 5405 3094 3061 7831 7378 1403 7410 9518 6529 5363 5190 7220 6761 5559 7002 9847 7460
29 6198 7822 523 2836 8324 7769 3242 7117 7981 565 1872 6586 140 3685 1029 7102 3129 8837 2029 7283 4206 1703 1129 4783 2257 6532 6762 3106 9204
29 5832 993 612 417 2570 1631 4252 9223 2853 2937 4163 4153 2548 986 4943 9716 7564 4555 3885 2598 1356 7686 7301 2079 9924 9542 8891 3580 4977
29 156 3384 5041 4808 9385 1025 1612 7988 4874 1028 3835 4818 9855 4081 7702 5718 9098 8757 8571 2997 4554 3230 6101 732 8749 2749 5507 3038 7907
29 5876 7760 8432 8481 6150 5448 6304 5580 243 6572 7815 972 5770 3136 5379 8550 1736 4406 2453 4359 6870 9132 9631 2109 5386 1629 4890 2668 5666
29 7849 445 5939 1014 5387 8277 2677 320 3558 7045 8466 4844 4873 8661 2056 3401 3886 6512 6487 3252 2641 346 3823 3084 1209 6153 5667 6810 4789
29 4467 7590 7704 3640 3950 6922 795 745 4185 3215 2835 2474 8976 9769 4160 5114 7758 8310 7848 875 3965 728 520 7287 3208 3173 5928 4254 5208
29 6430 2234 8366 5914 540 7845 62 5228 4724 2843 4292 6918 4136 3798 8901 5786 3641 3319 2128 4357 7821 2196 3023 8985 2559 1316 6755 6264 8670
29 6261 7794 8406 4099 1809 357 4553 4597 2950 1310 7291 7753 2539 109 7077 5947 2315 1156 481 2272 7716 767 9691 2454 6011 5276 3074 8879 1177
29 5254 9282 6931 5965 3682 1855 2167 8679 190 9531 5023 4374 1960 6728 8807 3684 9852 3820 285 7573 8735 8275 4324 9181 3909 2712 7029 2493 7936
29 2734 8232 7984 6699 3735 3557 1165 7467 2027 9314 6715 9857 8844 2092 8137 5540 6106 4059 478 8138 8473 6196 712 5120 8219 3710 467 7066 2504
29 3155 4065 8568 6093 896 294 6985 3297 177 4325 3078 7767 39 1962 7112 9609 2951 4946 3378 6691 8048 2240 6723 2340 8043 127 9293 8240 75
29 1711 4616 8657 6168 5171 1448 8992 4298 2266 4446 5059 5647 4565 5451 643 998 5627 222 9465 1201 9000 6642 5932 5016 4061 6929 3404 2620 7917
29 389 3511 9166 450 2736 5308 3346 8365 3429 5568 5508 881 7377 2859 6345 1830 2888 7236 3419 6087 7940 6855 4651 18 9582 8164 6435 7533 5453
29 9670 5354 4701 191 1745 5658 2569 8239 8256 7390 9562 3548 4689 3705 5820 2369 7212 7500 8082 7624 6373 6805 1110 6782 2261 5907 937 2810 9527
29 45 6956 4989 5462 8327 3455 2106 1160 5772 5822 7062 6287 3955 2977 522 2151 3073 756 1652 6394 7211 8557 1782 7360 3527 5466 3083 9349 5690
29 9058 90 8543 8851 1152 8910 4942 6522 7338 8042 5397 3431 6310 3923 5833 7044 8529 4509 9528 6589 3365 3270 5358 1874 2721 2942 3931 6955 2388
29 6599 1785 6319 9787 273 837 473 6703 1802 5510 5142 8859 9222 1701 8436 66 4737 8217 2839 1426 3296 786 8010 1112 3459 7810 4698 6561 6216
29 9053 1959 1348 6416 9806 8074 7870 5323 7880 1032 8655 9281 8437 924 6716 623 1536 9077 2521 6736 4333 160 2443 4468 4337 3959 4793 5551 1864
29 701 1753 5245 4803 1560 979 908 7513 1485 358 8944 4019 778 1144 4918 9421 5648 5688 9534 976 827 5089 1628 6209 9253 4682 1270 2456 6804
29 3039 8299 4878 702 3763 4629 35 4975 1821 219 1849 7000 7554 1097 947 278 4240 3891 1743 2639 3597 6194 9536 6593 4631 2571 145 1106 7641
29 1813 5370 6062 6402 7084 9752 2439 7878 106 2303 3637 4435 1742 6187 125 9931 3213 2407 8643 4886 9142 1355 3469 8576 3098 731 2119 966 7911
29 1179 1111 551 8797 3417 4573 970 9055 3984 5838 5068 9529 3290 9081 5962 3753 2387 6009 4162 6020 3282 2461 4463 6053 1449 8981 8011 9555 9212
29 4182 9155 7494 7120 3462 2358 740 3079 3299 5935 1082 9812 5442 9287 3003 2464 1571 1763 3408 2208 8397 7182 897 9637 6916 5950 6029 869 5320
29 9738 5679 9957 4068 4151 9263 8991 3669 1167 1679 6233 5036 933 5118 8140 4213 3605 1654 5186 1087 1561 9574 3712 6602 3111 882 5948 3540 9799
29 207 3236 188 5031 6407 2036 7974 2591 7316 1871 4679 3298 8616 6386 3828 7233 4814 3960 2307 1084 8704 1528 3165 1877 4020 480 2273 9403 3107
29 2822 8339 4057 7752 3762 2352 5671 1340 5223 2989 4262 4223 5768 9068 376 7075 7499 4094 6678 1884 4668 1922 4210 2302 1287 6654 2306 3059 2497
29 3353 8579 2803 8586 1398 5860 4323 8532 9362 7468 8988 6574 5347 7620 6006 7859 9197 7438 1931 5616 4982 5364 1372 6141 7094 9347 3138 6680 1154
29 2922 9360 1896 3383 1863 952 232 3001 6764 8627 9093 3194 907 8115 3609 5577 3512 834 8921 2259 4731 9298 7933 5624 8810 7858 340 7806 6413
29 7782 3877 1734 1192 3306 6912 813 7201 8000 4562 878 199 8611 8826 8279 7265 6930 5205 8171 5458 1334 5933 9193 632 2398 4695 2143 3472 1637
29 2717 6891 4797 3302 9636 8162 4627 9546 9725 5074 3313 84 4100 6809 7258 6147 1977 8196 7079 2596 2172 3497 6420 5445 3614 9476 5609 3872 5823
29 1134 5703 6214 6482 3064 1575 7637 5353 6538 3678 9363 7345 2897 3303 4011 5956 5485 4043 1625 1101 6383 8071 298 9881 4646 3906 9438 4135 697
29 2870 750 4794 5134 4777 7485 6618 513 1707 8182 5119 521 8931 1176 8864 6895 1927 3571 100 8419 6131 6536 1481 8433 1834 860 1801 6952 419
29 2150 4172 3911 8919 8083 7519 7572 8831 8793 1897 7942 4281 6693 6993 4420 5443 131 6940 1702 7582 7504 5145 1586 2732 8554 1881 2441 2249 2681
29 6933 6257 9417 4802 2614 2049 9540 9238 5084 111 7190 4519 9466 6701 4371 9707 9292 5174 3728 2473 3017 8676 7224 7977 7332 5398 8928 2213 8009
29 6440 2163 5149 5794 5566 7482 1138 8790 2435 3887 1218 3603 5828 3011 5048 8882 8221 2047 7476 2650 6004 5656 6848 8084 1682 7804 4552 8216 5638
29 820 2993 4166 487 9966 2746 4278 6099 2194 7835 833 9654 8939 259 9334 8095 6653 3805 1941 8496 3999 8748 3977 6911 9633 1115 8574 4707 2611
29 3060 2156 3765 3501 2756 3623 1677 541 7592 2960 373 9983 5249 5691 6208 8942 7159 887 9706 2974 4854 988 3022 2282 8567 8376 4592 1399 7722
29 2603 4506 548 5545 434 1515 7286 3335 5739 8486 2083 7906 1003 3622 5720 1866 5924 1611 8429 9195 2831 4445 6281 7714 787 4291 6271 1268 4539
29 7678 6638 3128 5815 1964 6995 5052 6112 8581 9854 8652 4440 4316 2577 1135 4332 1840 2425 6476 6682 7160 9206 5319 3478 4360 6573 1875 2530 4275
29 8346 9925 687 5113 4560 3036 5744 5010 4465 9658 1749 9979 292 2014 6544 8597 2219 9262 6739 6788 9102 7293 267 9201 105 240 8317 6217 7492
29 8172 5552 1468 7394 676 1462 5499 4282 1127 2132 7610 9839 9300 9233 1482 5943 418 461 1624 591 6937 8102 4449 826 399 9710 1550 5915 900
29 9822 1666 7787 9646 6030 8615 4788 2637 6978 8783 1694 4990 9809 858 9207 5373 14 414 8186 8800 8452 3338 4426 6 2976 7930 3522 845 7796
29 8033 5454 5941 4214 2965 3680 3881 5506 9986 5425 9921 7039 5811 9458 2534 7587 4955 3552 5123 9901 8580 9373 6455 3135 2962 7107 4058 8360 5707
29 9151 8315 8654 9227 7323 6681 7185 3326 1306 4306 7743 4657 7443 133 2560 1598 6530 6905 801 6199 8021 9086 5649 8940 3214 1943 637 4037 819
29 3709 3968 2793 3519 9984 9115 8711 4231 1411 2707 1431 7802 529 6429 5265 30 8276 2231 3056 3638 5421 7113 7055 4741 6832 891 4461 4526 7502
29 187 7132 8205 5156 4 5868 7408 2644 6854 1120 5856 4564 9309 6082 2759 3211 2466 3231 4860 347 1159 6825 9503 3996 651 806 3072 6830 4678
29 9435 8724 7569 4169 3953 6113 2057 6128 8251 5975 59 7672 5106 1261 7948 361 6607 3068 7578 148 1696 5715 8427 4039 2626 4437 3645 1665 1627
29 7318 6227 9117 5345 8829 6444 4495 572 3182 8993 2909 5584 5289 6780 831 5356 2658 1858 2026 967 9519 6290 7902 8811 3661 4517 1891 7178 6164
29 2635 2921 9200 7689 4415 9937 9831 6244 3745 4031 413 3606 8824 7001 1498 2077 4538 1906 5038 9985 5094 7017 8763 808 2885 5809 1727 9015 124
29 8078 6021 6497 1140 170 2555 1095 3644 3192 4370 2055 7195 1920 2686 8650 9390 9794 8519 5212 9693 2073 8101 4121 4222 7289 497 5317 7422 4184
29 6507 3145 3533 26 9175 8714 8178 7110 4145 6872 3794 8214 9057 8248 5994 7853 3301 2411 2319 3372 4491 8136 2160 4038 6577 5747 769 4767 6787
29 1826 4049 4170 7648 7707 4227 7952 9898 74 4388 8511 9575 527 3629 7298 264 9810 8319 1523 4837 3935 1699 5088 4790 4905 5937 9615 3422 8909
29 5634 804 5503 2482 6910 8693 7022 6395 5556 3304 5749 9689 3131 4425 2761 6846 6111 6850 2118 3245 5893 7454 6465 5629 9353 8077 1540 825 9700
29 2772 3756 2785 477 6620 1907 5224 9745 4745 1007 5429 3670 6434 2004 1905 8780 2226 5573 2227 508 3749 7913 7389 7857 2269 2308 1295 3334 2480
29 9601 1466 9104 1670 5855 3380 6049 9184 4017 974 3608 3507 2148 3981 8883 5270 8996 1495 7879 6140 1357 5576 296 8818 5864 6203 1105 7841 7652
29 8995 9594 726 3643 5109 4009 9147 4015 1541 2832 2230 2943 8558 8686 1963 6742 903 9046 355 7956 5866 2210 3627 149 2104 5285 5844 8932 6906
29 1579 2091 4757 3333 7161 9625 6766 4566 5911 2415 4726 6318 1919 6192 664 5299 2256 7733 8491 9401 9341 4968 8127 3163 4798 47 8037 8887 9138
29 2368 9054 9868 8431 3518 4391 1639 5742 3904 5183 620 5501 4456 8775 5132 1894 6991 6962 6058 6555 2688 5449 4176 3995 218 4811 5216 7153 4644
29 8725 9157 3693 6250 1250 1239 7488 7379 4205 465 7955 6252 4612 7300 1914 9588 112 6315 7023 9911 6019 269 4912 8088 344 2448 5960 6142 3952
29 3766 9742 1365 8566 9095 6677 9537 1222 7748 4264 2799 4047 2397 3584 4813 3896 2714 9471 5498 5920 562 2102 8633 9620 2214 6012 8743 2968 849
29 7674 5955 8386 8356 3612 7147 9825 9456 6919 4931 594 8623 2389 387 1892 6321 9409 1013 7040 5061 154 8280 9036 4999 7119 4840 4643 224 3818
29 3425 8404 534 1818 5826 4248 5796 8442 2310 7745 6989 7122 3416 2589 178 9712 2821 8133 2246 6777 8930 8923 5243 5571 2095 9863 3101 9643 9770
29 3883 8644 256 3339 6748 9907 7259 7944 36 1602 5314 38 8821 1952 4829 1535 1876 6400 759 847 2787 9479 9514 6478 4984 4026 368 3918 470
29 6056 2146 3878 5537 7279 4784 5525 6036 2680 1193 6188 8222 6213 8938 6399 1439 1391 6877 5617 761 9663 1019 1912 2383 3943 9894 3030 6663 7272
29 6570 6152 2332 1205 1175 571 784 185 6436 4785 5474 9087 6849 1544 9217 9673 9264 8425 7428 8817 2543 1979 8789 9686 2498 2703 451 9330 2288
29 7833 2863 7574 2693 7798 4655 1674 1004 1657 2947 2509 6707 9007 8278 6836 6100 1383 7129 4202 4826 3964 3980 9680 6040 8533 8061 5774 9724 5269
29 327 3117 7793 2512 2573 2768 1229 4487 4589 8289 332 8191 9179 6811 1146 6438 5531 6963 3615 5977 8729 8430 543 4907 9713 3734 5780 7608 8696
29 719 7759 2874 747 9817 7436 2018 1898 2797 8316 5578 4882 5137 1056 1885 3674 1567 8758 3371 2665 9578 139 9879 7128 8515 7478 2291 4339 1363
29 1577 8546 5608 1139 6973 375 6262 5596 2728 2538 6210 7466 6510 7388 157 3389 8599 7889 1338 6604 2861 317 351 4510 1378 6377 2807 8180 6576
29 3183 2139 7395 6493 5298 2394 1282 2771 1149 6567 2068 3825 8448 7308 1774 318 407 2327 1741 4670 7255 7736 9789 1997 517 6008 9358 8307 5033
29 2995 8184 9037 7979 6382 5251 3722 4377 8292 6630 3262 868 4428 1321 844 7171 494 5806 3329 6314 8656 1072 1331 6569 5173 6637 3697 2561 3517
29 5959 601 528 4769 8613 721 5201 3997 3803 2624 5659 3146 5395 8390 5075 8490 8999 299 9928 5335 3342 118 8451 3948 8845 2105 2467 2215 9958
29 2038 1938 1040 6635 9416 1260 4307 6057 3905 6675 5297 7108 3134 4919 1170 713 6170 2379 7285 1582 6568 6243 7445 1869 6717 6052 3664 2957 3143
29 5014 9561 3361 479 9956 9980 2053 4969 5302 5821 9973 6648 8801 345 382 4177 9047 2200 840 3337 2361 1663 5011 1686 566 3601 2895 4923 6511
29 493 625 6245 3005 6983 8701 393 2762 2489 3320 3813 6183 5852 6024 7557 3525 2108 7829 9509 3394 2366 3223 2729 8542 6366 8682 5375 1503 2149
29 2440 1817 7115 7309 2293 2144 3731 5587 5760 9339 5055 9110 7596 9135 922 4148 7750 2663 2684 4405 8212 3593 6489 2285 892 205 4548 5930 7207
29 2584 8502 7096 3560 4034 2633 4183 8737 2322 7078 7816 7009 5791 5817 337 6365 1057 4893 9929 1850 6468 2621 699 5599 262 2779 2789 2585 4915
29 8854 2847 5492 276 5612 7177 8381 5446 8645 4588 1011 2760 1988 6388 628 6540 6492 803 4787 7070 4225 6080 3994 6631 7477 2706 7631 9544 5738
29 8598 7642 4390 6155 2304 6123 9229 9477 9186 1610 5238 1564 8455 6941 2730 3853 9011 9776 1710 5853 6984 7451 1966 1583 44 7223 9869 6598 2084
29 9832 333 5324 3312 2640 678 1373 662 1730 2318 7847 2052 2825 4511 8341 8422 6924 4310 842 3549 2750 5250 9496 2694 9759 8987 7008 2016 5211
29 6812 7382 2241 9755 3524 4156 682 9585 1354 5343 2373 1754 8899 189 4226 9823 8534 8461 7141 4806 9105 7140 2529 8192 6222 5215 2925 8268 1911
29 6190 7613 2442 1037 8261 5066 7361 5170 927 5704 3362 7082 3454 3695 2546 6448 2753 1645 4389 3916 4928 1514 8905 3352 5795 6901 5859 9109 694
29 6197 3562 5846 9304 8282 1123 9329 9235 9848 290 9056 3035 1320 2790 7276 1416 449 7932 4868 6685 9137 7266 3578 2072 6408 3355 3985 1946 7577
29 9488 8453 5984 6864 8234 9462 8281 9272 5496 9436 7875 7863 9187 7150 1553 2251 2484 1073 8156 9783 6219 5995 1506 8770 5527 9099 8744 5877 969
29 9191 5954 1339 61 6275 3122 163 1151 1012 8723 8602 560 8591 4583 4743 669 6521 5001 9162 4853 8809 7862 6858 7354 8197 12 578 6865 9418
29 2600 9814 4060 6258 3410 919 6452 9406 4341 4055 1096 4687 4002 5306 2882 4902 4700 5631 7433 2192 28 1859 9167 9572 79 6041 7861 2879 9154
29 7662 1187 5195 598 2430 7383 6500 365 2541 5843 3166 7706 564 6143 9902 5214 7626 255 6336 1748 2277 765 8326 3713 9962 1263 3467 6038 531
29 1434 8090 3701 2933 3582 7603 5126 4350 9267 1427 2931 9412 6456 9792 1507 984 5076 3113 2754 9429 6934 3053 6548 9523 2393 3796 5712 6969 85
29 691 3210 7397 5997 8273 8418 2138 3151 4117 789 5781 1329 4696 7549 4723 9344 1886 9587 9626 4301 5623 3689 9608 857 3588 8895 4940 4708 6202
29 2223 7566 281 2 1422 3347 7016 7441 4385 2001 3742 7275 8855 2354 5230 2225 514 6466 4924 1164 5807 7391 8853 3081 3015 9535 2371 2809 5193
29 7245 1568 8523 5881 2479 309 3703 134 1836 9870 5530 4021 4667 3543 9959 7033 633 324 3007 6270 7627 3561 4613 1454 1518 2834 8986 4235 8636
29 4611 3452 3534 2228 2135 6421 1076 8572 1767 6523 4204 1548 8734 7740 8601 9232 8497 9981 2988 438 201 622 2655 1017 8306 7677 8105 2296 6632
29 7080 8653 552 6970 2048 304 3537 8577 4880 9220 7336 1402 1436 6486 1838 1068 5790 9553 4056 5103 944 4563 6986 5091 4367 4532 6496 4605 9932
29 4753 5524 3119 7929 1505 5945 343 8454 4953 1555 569 9029 4906 8639 2683 2508 1469 3109 5655 8703 5283 8881 4403 7972 9865 5586 9383 2901 1289
29 3448 7047 330 7894 9190 5705 1055 9571 8377 4289 4833 1889 5766 6735 1494 4421 4656 4244 8984 19 6803 5663 2162 1546 3239 3760 7729 3857 1648
29 3516 1831 5973 5127 3295 6348 2359 8111 4444 8974 8325 4401 3174 7682 6338 7893 7836 5810 307 463 9926 9331 8622 4105 7521 6495 6442 5284 4300
29 7148 9440 8125 2205 4386 3283 5522 760 8349 3532 4684 8808 7785 9414 8915 7053 8370 1351 7027 1043 4253 8738 3699 1878 2533 796 9152 4594 9784
29 3190 4671 3681 3781 4455 593 4903 6359 2289 1519 392 1045 7560 7118 4448 4277 1173 9551 1366 179 1332 6116 9623 8648 4877 3041 2059 6898 2367
29 3440 3240 9820 9732 1059 1016 7327 3625 200 3675 8617 4383 9218 5600 7146 9666 9507 583 1565 5034 1026 4772 7465 4150 5936 4762 2123 3829 3634
29 4119 8698 2554 6871 2350 8766 4096 2337 9324 1304 5514 7400 2699 4382 5072 8990 7673 7273 5980 9432 9271 6047 7490 814 7711 7090 953 9995 6441
29 6613 9688 6729 3099 4529 4084 6816 6686 3882 9733 3144 3273 5411 4423 7919 6462 8498 8414 6853 7095 8612 8357 9539 2778 8736 172 8236 1653 2436
29 2098 3265 3833 4091 8950 6005 8293 9315 6750 1532 5547 8284 4147 8371 7344 367 1050 471 5733 8869 5620 7274 614 692 181 6667 9018 6390 2659
29 3387 7545 5952 9685 6374 2401 1996 7347 7660 3086 4489 9704 4952 710 6591 9325 3639 5755 3737 9846 2733 1162 4209 3426 634 9041 5372 5470 7690
29 5604 9960 6879 3385 4966 3275 5901 4116 6312 2175 9067 8296 5661 4546 9002 917 2889 3253 3754 6469 7170 1041 4848 2884 7923 6972 5621 4771 4188
29 3636 1942 9366 7638 5207 7980 7406 5218 1064 4263 9420 7935 2124 412 3220 6439 7700 4557 6083 97 7226 9048 9602 3045 8110 1820 1027 7978 5921
29 8980 7229 457 2459 9073 6876 792 7751 8518 9178 4040 9862 3839 6471 5606 4883 1828 3359 6417 5431 7535 9225 9950 948 2691 9320 8270 8167 7010
29 5371 5388 4754 3618 1197 3610 2058 1245 1777 5502 8894 1799 7007 6174 6772 7172 2130 9596 9266 9512 5745 3691 2856 5101 8146 9778 7837 764 7234
29 9861 8440 8177 2599 7151 5020 9467 4621 6547 4500 7257 7811 8145 1483 2617 9681 8087 3184 1265 6035 5979 4816 4624 5686 6833 7166 8070 1551 4331
29 5046 5160 7015 5472 2860 1985 4948 5759 4044 7703 2078 1395 5352 8345 3054 7681 3576 3376 1656 342 3809 5544 5085 3559 2211 3057 3589 3913 1635
29 7643 8561 5756 9522 8540 5724 4076 2745 6186 1219 4201 9127 1618 909 1458 1457 999 226 6958 272 6095 7657 6771 442 5275 9030 5698 265 7417
29 526 1387 1437 108 6284 4005 8368 3528 2525 230 1423 6191 5281 6951 8675 8223 4378 1346 6695 807 3736 6066 1497 5017 6784 4346 1255 8819 4347
29 7136 5260 3258 3951 3844 9761 6727 1904 5105 8483 718 8047 5290 3449 7363 3692 4129 5422 1058 2449 658 7145 2987 8363 7730 427 9580 4965 4659
29 6130 2830 9942 4458 8193 238 2154 6817 5274 6740 6138 2651 1034 8509 2342 4258 8200 4596 7635 9946 9234 3523 5792 5521 7154 9064 5002 9873 582
29 5798 6330 1330 9891 4622 629 8933 1784 7111 9885 8318 8562 5834 4749 2171 8362 9630 5399 500 7550 5626 2471 2784 7583 547 3607 3349 2386 6014
29 1048 5535 4122 7636 1049 9719 4302 5424 5176 619 5793 5279 5332 6601 5152 1054 6802 5287 7225 7634 1284 8863 1328 4721 2264 7741 5513 8816 3399
29 3875 7606 7235 2858 9702 1217 7719 3858 2470 2788 6185 3191 9372 2463 539 8908 7737 9717 7628 7710 8600 2356 9569 3438 4411 3457 8640 518 5255
29 9543 1595 9635 7922 60 7992 2391 4394 9660 2176 4062 8943 9249 7532 9800 169 635 8034 7495 9294 3787 4537 4036 7306 1626 5593 3279 2956 3708
29 2849 2446 1196 3149 7442 7723 3847 2410 6473 110 5035 4168 322 1147 8109 2741 6146 8158 7943 9801 7874 7034 8922 2197 4936 6673 7801 4685 7162
29 4891 1030 314 8120 3268 9708 5912 3103 841 5235 4124 9793 8659 2743 5220 1114 3418 7881 5043 9516 7971 6109 2824 6076 4571 2828 5970 7399 3767
29 570 1599 9584 5237 4050 3716 3443 5138 8235 3176 525 5327 7237 430 32 3495 6078 6649 8563 763 4245 3200 9061 2896 6490 2737 6371 9860 2980
29 5455 9194 2890 3921 9129 6657 2920 3619 6218 1370 5601 6672 1319 198 3983 4340 2216 8333 1720 5179 7599 7311 5305 2751 7281 8776 7997 3285 8618
29 6392 7179 6610 4870 291 7715 7910 3170 4348 431 1233 9247 5689 7860 4417 6362 5643 6628 1955 3600 401 5328 2905 7602 4381 617 1916 8265 519
29 4960 94 182 7191 4926 4355 8594 3040 5862 2689 1837 4591 5441 9736 512 6837 7898 398 8271 4991 151 3862 8772 2360 5813 624 3008 9782 2338
29 9988 3827 9695 7458 4219 4018 9242 7054 8322 7374 3364 1557 334 3771 2204 1783 6851 5567 7133 3751 1945 1617 9101 2177 3930 453 8585 9410 4916
29 7427 3782 1285 6475 7985 1795 899 939 3465 5071 5366 7213 4823 3730 5504 3888 9323 7365 923 9532 7749 7250 7498 5665 4688 5678 5257 9296 3748
29 3042 482 4766 1983 7890 158 971 2774 9415 4864 8224 6460 9750 6665 9763 758 4125 985 3222 7398 2932 5172 8104 983 7616 7968 6161 1397 973
29 5465 9246 4259 8717 7742 4175 3667 8328 7163 3865 8215 7267 7056 6182 4199 7069 6714 8321 4498 7366 2222 3307 4485 6335 5391 9045 1697 5240 4576
29 9392 3832 5771 3260 780 5783 9494 679 8076 2071 1256 6862 8665 1870 6670 9252 1272 1195 6939 6247 4211 4849 6694 5359 5536 3197 9388 946 1921
29 3660 9997 1712 6463 3396 5360 8257 402 1253 6515 1668 2040 8721 5367 9996 9290 9276 354 3261 1733 1775 4024 7658 7523 2248 852 5432 283 4964
29 9049 4260 5889 8503 2145 5086 5693 174 793 3069 4898 3553 2685 6721 965 5519 8242 5331 7510 5444 6608 2377 3498 6103 7770 7156 8978 3159 2254
29 3016 5147 9336 8003 9454 2236 4858 7896 3544 5277 9835 1825 9651 9464 3944 6048 8139 5614 6964 6875 7945 8354 4409 2294 8343 4580 3474 6806 8385
29 6603 4469 8934 1036 4400 2126 3091 7866 8812 9308 4822 9089 1405 7712 9256 9668 2312 3085 8291 6571 7786 4173 6926 7717 7705 8165 7852 362 6207
29 5500 2766 1956 8778 1325 5797 6826 2136 7317 7330 7503 7939 5018 4343 1968 6743 6726 2181 8259 1075 6458 8209 942 7595 7121 8830 7470 3080 7456
29 3873 8383 8927 3919 9397 5102 2429 3854 8460 4527 7761 1168 8035 2235 8148 1070 2593 3293 3473 5047 7819 7469 5184 113 2422 6358 9767 8470 9741
29 660 4107 7448 4239 7986 2339 1689 4356 9240 9499 3791 2050 2276 3812 9923 7238 1616 1632 8304 549 2958 2159 783 809 1800 940 8374 5991 9478
29 4398 724 9460 3987 9967 8250 6221 4358 5312 8211 391 6590 3975 7884 3723 7615 5642 1 3880 4987 7814 6852 9063 1375 7788 2088 3161 2528 6479
29 3423 4662 6754 6032 3811 1659 2295 6393 5878 6584 9760 822 7941 2811 8338 3137 2245 5493 2022 3666 7446 242 5316 6887 7508 5032 3719 126 8694
29 3363 4805 5934 7060 8699 9590 3783 3587 9808 5900 8055 6552 3147 2984 7114 5971 8975 4493 1903 3788 3933 6391 11 1930 2844 4384 120 3870 9346
29 4904 8364 1768 5942 1124 9629 7087 80 5439 4110 7472 7334 3834 2724 2800 7757 1613 3884 2625 46 4932 3864 5785 2115 6201 3120 2099 7718 2894
29 9145 8019 7439 4937 6410 4636 941 2748 6793 7661 83 6651 7429 7288 4779 4424 4623 1789 6120 774 7547 9550 8388 9022 4196 8244 9094 341 5107
29 4114 7781 910 2715 9899 5313 1093 2232 8036 6708 7305 2120 1128 4074 3646 3672 9560 7353 1190 5099 3969 723 7987 4733 1279 2572 4257 2936 9577
29 7937 8394 8026 7219 3620 1264 8417 7393 2161 2892 1189 8189 92 5848 6375 234 1511 2174 244 3445 2081 4744 5217 9342 730 6074 6633 1212 6148
29 5482 6791 9568 6928 653 4628 1203 1998 689 5045 5322 636 1698 7242 8378 5095 379 302 5246 8208 5203 423 880 8685 8247 3274 2380 6061 6065
29 9351 3181 8143 2169 9120 768 5706 9183 7392 4432 360 6927 7838 2404 2666 6220 9893 8702 6759 9711 1078 3726 898 5408 8708 5526 5789 7270 6090
29 295 2381 5555 7244 2930 443 2375 2242 8517 5403 3336 1002 1935 6829 1401 2237 2462 4321 4475 3466 2816 1362 2117 6317 1396 5548 7764 6279 2518
29 9141 7175 8971 5632 7543 7180 147 4472 1725 1132 1516 1589 2262 3321 4776 7018 3574 6724 9480 9644 725 1381 7967 5158 2478 9613 1327 8096 5517
29 7851 688 4994 4909 9836 8697 2468 0 4190 576 2260 9664 2520 4090 8135 6545 8764 5154 8233 1901 2628 2764 9364 4108 652 4274 2031 5851 6614
29 4523 5673 5334 5153 1024 8884 8798 9753 794 5100 5222 7824 1371 3251 9024 5565 9387 884 3852 9944 7669 885 1447 8955 4459 8658 8771 503 5723
29 6885 2517 8027 6003 6445 3266 9909 9622 7869 2280 1643 6354 6763 7809 7130 7013 3499 8847 3162 1940 1478 5141 8852 1538 251 1634 7966 9163 9600
29 7138 5325 9913 3679 5263 4677 8924 7915 3780 4641 5906 3515 2998 7321 3446 2060 8707 6050 5060 3029 9639 8474 8169 4255 8803 5787 8402 4635 6172
29 6042 3704 416 40 1776 215 6731 8897 8876 9737 7950 1460 1085 3893 3028 8578 2708 6494 608 8403 1065 6342 4155 3706 4138 7856 9573 7655 3232
29 8858 8835 8166 144 9076 504 5619 5157 4025 3340 2513 5309 609 9389 8329 2278 4970 17 5841 3976 9319 6477 9813 3752 7604 31 6821 7471 722
29 9321 3179 3899 1148 3907 1715 6519 3871 1549 7038 1986 7387 7370 7005 914 4488 4750 5651 524 1400 4939 2934 9433 1337 1981 9023 7371 7165 3595
29 9714 9445 2954 9699 8053 6844 132 9439 3711 5700 8358 7068 3356 1091 639 6998 2224 9624 599 246 3189 8998 2566 9953 20 4619 2850 3444 63
29 8097 2607 8952 7335 3331 1293 4093 1322 1882 4900 7614 7771 2076 5782 3894 2015 7081 5899 7732 9237 4203 542 4265 1108 6828 9774 9786 6179 2103
29 586 2713 5209 9797 2239 4250 6566 4550 2142 5523 4431 4101 8604 603 6433 5827 7155 5464 7208 2580 5858 757 2025 8174 8100 3311 5736 7315 2507
29 1141 9589 9591 2012 2323 3536 8957 93 9619 597 1104 4375 8536 4601 6873 2324 1047 4054 8973 8 1432 7827 5180 7601 1947 9244 4268 5988 6588
29 9180 4447 3772 1976 906 4001 6551 6409 6470 7455 7473 1292 2842 7792 3942 95 775 4704 5463 8098 6372 7954 5765 5337 5985 990 9731 9838 6491
29 3233 8961 5966 3903 6102 9096 489 6286 8154 4483 8258 4720 4547 4603 3889 3657 3650 595 7168 1116 7571 5339 9004 6248 9208 5729 2400 2719 7326
29 6340 6488 446 1614 7295 5416 8834 9795 5887 925 7727 7531 3314 6137 8254 3920 9119 6725 2420 7241 6067 4075 4296 5342 6356 9423 4512 6587 7649
29 8595 9764 4543 8624 3696 2775 6411 6752 9457 8588 7037 9502 2923 9694 5581 2949 4838 5252 8827 3690 7 9402 2865 5560 9112 378 6947 2804 4171
29 8709 8896 7251 8130 7867 8439 8006 9892 3195 7580 3330 5963 5428 6063 8761 9430 4693 180 4133 8161 1234 1107 821 1714 9642 7553 6722 3570 6051
29 5919 839 8227 6655 1597 4718 2298 3281 6562 1971 7409 2153 1948 4180 9060 2372 9040 5419 646 657 2605 1843 8632 640 8994 4841 7004 9431 6627
29 3592 1824 328 9352 4710 4408 6779 975 8389 4736 8917 7355 6085 6684 2615 6611 7221 2087 8495 1729 9493 3294 3154 1716 2938 5430 5374 5007 960
29 8044 4922 2330 1860 9382 8663 1854 3203 266 135 2735 2986 8956 6908 9299 5775 5880 5884 8367 3732 6107 366 6583 8788 8846 1967 1323 8631 1199
29 5588 3209 4773 350 9150 8937 8176 6295 9954 5763 7091 4127 2066 8384 4633 6380 9297 1231 3433 7826 8301 4283 5019 4681 2862 3779 6157 5204 2451
29 3249 9740 3656 4896 1600 8549 930 6902 8005 7097 7536 1023 115 8038 7099 9122 9066 325 4763 6193 1343 3538 8308 737 3649 8880 5489 6133 4087
29 4071 1925 9257 1051 1558 5949 6622 3486 4194 3683 21 1723 1934 9845 3441 4230 3837 9653 6792 9521 2035 6903 1183 88 8695 9828 788 1367 2423
29 8220 3288 8977 7253 1608 9241 2609 1440 2403 9153 1852 9908 9628 6298 9796 9616 9169 6965 5931 9965 3843 206 2545 9978 6920 2904 5845 4097 6422
29 8424 773 7402 5112 1737 7621 8727 996 9084 8206 7243 54 7459 7025 7586 3470 7514 1240 8113 2696 4154 1455 1086 2405 7463 3583 6776 7996 3082
29 577 5130 1805 3324 4186 3292 2840 2331 5406 3784 991 2325 4658 2675 7692 369 4051 588 9779 9005 4675 9472 459 714 7970 65 7934 1738 3116
29 1764 1143 9756 5377 4200 7728 1300 9395 8541 7765 8628 4988 4992 5073 1771 2872 6861 1033 9345 4441 5722 4755 50 6769 2311 4981 3970 2952 9604
29 4115 474 7380 1822 4249 7249 1547 117 3802 2919 9771 8505 1695 1661 6414 9196 4492 6760 2723 3550 2455 2579 8965 4366 7192 6798 6883 3188 4131
29 8141 1130 3630 8052 9384 4165 236 1302 2207 7671 7522 8857 116 8446 5800 1052 9513 5003 6195 260 6662 9313 3947 6534 7544 2385 1607 1954 8311
29 1408 1691 6265 1700 1053 2873 8410 9485 2562 6606 4032 686 9228 9160 3175 9876 5394 7570 9922 4649 945 9379 2796 6499 3859 8750 5591 2623 6575
29 7277 1492 8740 5129 7575 1923 8634 6309 3100 3481 1683 384 3635 6114 5346 7184 7546 7217 424 8525 1569 9369 6355 8802 1305 5491 4674 2134 647
29 3187 7639 8903 4650 8936 4181 2258 150 2064 7401 4497 2656 7949 3317 9935 3437 3535 4010 1684 1296 2180 3725 6917 8112 2505 5849 2481 9354 1445
29 138 5801 3972 9219 8204 2701 6658 9078 8687 8477 9842 353 4430 8020 3026 8713 4033 4453 7350 3761 8664 8359 5558 6293 5196 3668 9829 7555 9895
29 9106 2191 1842 2469 2578 3757 5166 7369 8641 8238 168 3407 7072 1352 8124 4139 3047 8900 9726 2490 5165 1982 876 2376 7542 4735 8784 2007 4361
29 8786 9443 5475 9930 1429 6767 675 5850 7916 6084 4856 3392 228 8185 1452 6453 9734 7585 6967 5111 668 3861 3577 9221 5261 390 1991 511 592
29 152 7205 7475 7384 432 4393 4703 3513 194 2009 995 9952 4376 1621 305 1664 3409 4103 7961 5087 155 9399 6560 9291 581 4947 6404 7899 6091
29 2586 5097 8434 667 1465 2137 1412 9943 6550 4158 5904 1867 916 4713 9091 5652 8028 5628 1471 2827 5788 770 9948 4287 9576 2848 1473 4419 4901
29 1788 8607 1556 5669 9627 9777 7065 2334 9044 1883 9035 7423 4410 6878 1719 8732 2364 4648 3718 2898 797 8342 316 4705 8002 2501 7362 5681 1766
29 4967 3720 5528 9459 9612 3851 8865 8488 5159 3254 9720 8159 2495 5840 6228 6166 6376 1640 9597 742 9333 7092 9819 6022 3940 2907 7965 3808 4329
29 1572 377 5903 3044 3954 4192 8754 8920 5253 8025 7407 6954 5497 3390 1142 2581 2290 2806 9530 4159 1902 7263 3542 3687 6415 8596 1678 2267 7527
29 8057 2297 2365 1520 5910 706 5351 7296 4758 9126 2097 8413 4179 3778 6418 4477 5539 4752 4653 6043 4216 8382 9657 37 8637 6303 7174 3529 3227
29 4804 1539 1807 4327 6516 4933 5683 6446 926 9883 1899 2502 5869 1929 5716 4815 8667 2910 8016 829 6641 9744 8716 6077 8241 6068 1533 2565 7414
29 1109 6982 554 8118 3702 7667 5368 250 9059 4638 4140 3058 8605 1406 4598 958 6977 7823 8444 8795 1476 8521 1669 8032 3988 3092 6320 8805 5885
29 6424 6557 7329 3322 2767 605 4730 8264 5401 1317 3228 8967 6882 9279 7058 6629 3814 3602 7003 4846 1090 1153 8243 6907 7807 5256 2431 6173 7264
29 5262 9038 1531 1756 2353 4983 2301 9762 3341 5355 7131 7188 7404 5993 5006 2283 3799 4645 1286 3566 1463 9603 5575 4993 2203 8195 282 8964 2107
28 4759 8121 68 5516 2141 7679 3300 2450 252 1676 9690 997 832 4602 2704 8031 3927 5098 5986 1970 9834 6467 6909 9032 1266 9991 371 8715
28 934 2698 2000 3855 3367 5726 1750 9133 9149 2552 8260 9871 4835 1467 8871 1382 3567 5692 1806 5194 7434 29 4012 8606 3547 396 8298 5410
28 175 8669 6200 3694 5181 8575 1198 6652 2917 5293 3110 1206 6025 6129 1530 5978 2798 6288 5799 6949 8091 8229 5300 4850 6745 8731 4962 6625
28 681 2351 5653 9042 6237 9258 9504 2531 3037 1020 8499 8294 5417 1046 57 8610 9295 303 5708 9171 3564 284 1731 8203 8782 4895 3366 6732
28 7653 596 9202 69 5151 785 4221 4089 530 6097 5412 8815 5611 3065 2549 3344 8614 2299 4842 1180 410 8163 372 374 4666 7214 9444 8683
28 3216 5837 8870 2876 9268 1604 2710 5396 1121 734 161 2122 403 4986 8762 254 1169 6946 4742 9566 8405 6370 9945 3351 516 3451 8062 1315
28 6781 4349 7031 1772 3150 4739 9955 4387 4545 5012 7484 7525 1244 9118 585 8355 9525 4541 9920 1379 6880 9649 5776 2638 2866 574 4353 9607
28 1999 4474 4944 2472 9520 7144 8569 9939 9781 8593 5592 4515 5905 4294 7035 9570 3869 2070 6827 3967 1157 2575 6501 7505 3014 1015 4556 6055
28 5233 4494 8170 9632 1758 7430 5682 7675 6559 7304 2867 9332 6178 6337 8489 4845 9659 4738 3539 9269 6071 8719 4267 9074 4271 8792 936 9404
28 4077 4501 4507 4535 1080 220 1131 1368 6163 1083 6531 1182 8231 4218 9552 3662 618 6387 8054 5362 7548 3070 8929 7228 3354 1601 9161 7747
28 4935 8730 2069 3476 9640 4639 3114 6994 1098 9317 3797 9780 2080 6915 895 4335 3740 2660 5572 9230 1984 3087 6702 3727 5882 9765 1672 9768
28 602 8472 8399 1275 6351 8966 3225 2021 2477 2955 5192 2808 1933 9 559 7385 3928 3790 8537 776 1324 1155 1031 9124 7100 3979 4516 655
28 9168 9718 6857 8464 9754 9549 6634 7489 2983 5976 5311 6976 3686 8094 475 815 8867 2492 7964 5754 6514 8508 4362 1347 3196 5734 2814 2157
28 42 994 7871 4957 9621 2912 3272 8873 6944 9270 9375 2178 6018 7509 1171 7556 2292 5816 2112 3000 9843 142 8160 455 8081 7731 9645 98
28 9189 2202 6765 1410 6815 2801 2096 3651 5748 8123 2725 1709 781 1223 2970 9283 2697 3193 3822 2871 6923 6158 6661 2065 8018 4913 7772 4418
28 2851 405 2152 2971 3707 5654 9989 2313 8840 2722 8391 4028 5200 406 1358 3287 6306 1781 370 7067 9357 3673 1311 4320 6818 1010 6094 9827
28 6950 2765 8710 2384 7116 9322 7375 2687 8458 7651 2891 67 9906 8963 2010 982 4843 8313 4604 4770 6297 5814 2374 3841 2731 1486 4881 447
28 8849 9662 8073 8833 5244 5307 9356 4454 7680 4559 8089 6238 6367 2576 4669 2185 4800 8155 490 8692 1605 708 7139 9082 486 575 4502 5561
28 3491 9727 6461 3598 663 7721 2346 4734 4079 2061 2011 5124 4379 7104 3747 4109 5187 5640 4911 5641 8059 9722 3224 3510 1333 9586 8187 4063
28 1415 1312 3579 6363 6790 1430 7349 8673 8642 3508 7036 5701 5830 9455 1856 6134 6953 6712 7684 7325 3115 9210 5225 6086 9285 8416 9971 6843
28 78 3104 7173 1862 6177 7773 3949 5303 7931 5028 1226 5480 3121 1188 8560 1122 6396 5393 9867 6132 1008 3526 7501 4608 717 7726 7839 1099
28 7883 1512 9361 7449 1421 171 7691 674 5861 2320 4857 1444 5259 6291 5426 5746 5295 1224 9017 7403 579 2190 8323 7342 9805 677 6542 3555
28 2652 8183 8678 874 7109 9721 1592 4478 4630 3989 6069 5292 3795 777 1145 3458 2043 9070 326 3485 8570 5710 5140 6324 77 5054 6626 8479
28 671 3025 1704 7552 5585 8108 5125 9583 739 2183 9526 359 7990 7612 3152 6841 7206 9647 1246 7959 3509 7818 7197 1374 4615 2902 1136 4690
28 7313 7297 3051 7982 779 4286 4486 7227 9994 1307 5350 9993 5890 3807 153 9598 4525 9405 7314 9088 6913 5735 6899 2491 1762 4561 5021 3021
28 9111 3505 5213 6474 5456 2101 7605 8478 8914 6276 886 7282 8337 1642 533 274 193 4836 705 4429 3793 5753 6751 5819 3936 8582 1739 202
28 8946 1846 3937 4279 6563 791 6710 3556 7405 9203 5413 2370 3284 2682 1094 5268 6384 9426 3244 9009 921 3626 5155 5660 616 2959 2349 4111
28 5057 8545 7695 4311 6556 2992 5022 6369 3724 7709 9482 872 8666 680 5972 214 2111 3325 3569 4663 8030 1274 3483 5677 2537 9474 5178 6546
28 1472 5326 8565 3659 9790 9963 1521 9172 8441 8040 6225 258 1044 805 4157 3400 4438 7210 3263 5923 867 9610 6579 3998 8117 3421 9866 1791
28 7584 3169 8415 5675 9772 6379 3479 6361 6535 7024 7328 6582 2033 9844 866 8926 6204 6039 9144 9807 1513 3591 7461 1685 6932 3207 2985 1690
28 7324 4949 4568 429 4976 589 5348 8022 2846 8912 2590 2255 8752 1847 7431 3897 8960 6343 8868 3012 6034 6592 1500 7524 6709 5650 8548 711
28 6423 280 9131 5247 4123 5542 43 8423 1609 7664 6609 6224 9739 3199 7882 611 183 440 3621 8457 2880 8408 2284 2964 7518 4872 3868 2587
28 8544 5383 2649 8733 7528 397 8201 800 9853 9818 1526 1908 9216 4161 1504 2125 9209 2447 8199 348 1755 7594 6273 9766 9788 2067 7322 6942
28 8551 9031 9747 5115 1554 5867 8970 9936 4004 3212 4941 6999 3124 3269 1706 9424 2695 762 9749 8822 1722 4569 5381 7052 5459 2716 9188 5227
28 4974 27 3460 6509 5400 3186 704 8463 383 893 4782 7645 2852 1744 2845 492 7912 1910 3142 8380 6126 1208 8739 2063 7411 4954 6960 977
28 7320 9213 8492 5895 5333 4587 9121 6205 9491 6824 8668 9728 1459 3010 4128 5646 1673 3596 8300 4513 4029 3990 8302 1786 9143 6311 1150 5562
28 962 4433 5865 659 7232 4817 2642 4524 4003 6256 3863 300 865 8015 557 8373 7622 3327 1591 8856 8064 2438 8838 5294 7164 103 3062 9192
28 1377 6543 656 9933 7579 6822 91 5457 3715 4334 2629 8347 7877 6272 210 2757 5487 2488 9701 8312 6605 9468 5981 4407 1474 6988 4422 3554
28 6096 7511 9441 3698 1178 4867 4795 4273 4938 3388 8573 6773 2720 5808 1392 9214 830 1973 9611 913 3093 293 2437 3219 8712 4680 8353 2217
28 2209 2086 9743 16 1890 1969 8050 5784 3234 9548 1435 2887 9303 1761 1413 96 7834 7231 3031 9897 8181 5452 2336 3800 7396 8305 1211 6480
28 7576 4397 2524 9408 9123 6520 606 8620 1603 2511 5533 5404 6115 8007 1137 6644 2341 6326 4595 5676 6165 8411 5709 5996 415 7951 9650 4875
28 3922 1038 4807 6756 229 3118 4514 2238 5168 1693 3280 7873 3241 9501 8348 5409 2445 7425 483 3428 4198 146 1297 2250 8935 4197 3633 5392
28 3831 9692 6640 3746 3405 3411 6007 9107 22 4542 6263 301 9311 2944 3801 2527 4149 9998 8947 5697 4220 8287 9335 121 9934 8060 7424 5044
28 8039 9136 4660 7969 7367 7957 8791 380 6230 7450 4243 3982 3095 673 3786 7779 5447 1581 5468 495 6081 8428 186 4959 7413 166 1638 4364
28 4852 5557 2813 1675 5968 9097 6616 1944 425 8493 4665 6145 2408 9448 1667 7196 4232 613 6734 6333 7057 2317 1318 6260 1543 9452 7123 1596
28 9211 6668 498 1442 1380 1441 7359 3647 9327 51 8760 9703 4295 3759 4368 7126 5541 7808 5750 279 6118 1687 1974 754 3938 8225 1184 7908
28 3153 5336 3575 2305 6000 8266 7061 6215 4193 6795 8131 642 5162 2645 7656 2287 5040 5236 7333 3077 5961 6733 6981 818 8068 6184 4897 7775
28 2378 4303 1067 4442 4476 2166 4722 2908 2281 3487 8067 2647 6719 3974 4851 7200 2110 4085 7357 2127 315 9972 9450 8527 1958 7246 4586 1773
28 4322 3492 8850 3867 627 5144 703 8001 8274 4396 8677 8813 2900 8142 2939 7307 5199 6124 6527 6064 6700 3221 7897 3141 8979 2008 6332 6135
28 4760 3496 4751 1590 2253 6322 5857 7840 7993 4363 8213 8907 5198 7623 6483 2326 5013 4706 8107 4778 7444 8014 2553 2427 6059 7089 7903 7886
28 7633 1125 7183 8875 8471 6753 456 1433 3018 1118 532 8350 237 6508 3096 6451 2564 3594 1480 454 4308 5518 6139 6797 8218 7938 9841 6537
28 4574 811 6151 8049 3291 2218 7412 2744 9451 3648 6705 5998 3456 58 1552 4207 7630 8041 6900 9614 3624 4620 4319 9886 7746 3148 3468 5473
28 3815 6770 49 7230 4126 5 2622 8718 1759 6344 2030 7983 1303 2413 2114 3102 3971 1780 8230 5164 4007 4971 9905 978 2627 2911 3218 1235
28 8267 7539 7496 3201 5940 9489 1009 9380 437 6037 5175 6454 55 6176 4761 8982 4106 8023 4451 4899 1949 6679 1718 6431 5110 1385 3826 6088
28 1587 352 5886 3278 8820 15 5167 4809 8398 400 9500 2355 5913 2632 4551 5695 8972 5389 1619 1335 3924 9259 7252 3848 2054 4224 7926 6656
28 3902 2854 8080 6092 1267 1588 5435 4395 8848 7462 5951 6997 3435 2967 3063 4146 52 2899 7479 1649 6031 9849 4336 4369 6506 321 8290 3436
28 1769 6980 8134 5553 4715 4314 6267 3420 2233 7876 2028 1069 4402 877 3461 1496 2432 6249 7783 6381 6070 9305 5234 6838 641 6823 950 6647
28 9581 9248 89 8890 5005 9678 8375 888 6162 1242 546 3631 7312 6044 6741 4373 6768 4305 9085 6285 129 6840 2597 4593 192 8959 5050 3071
28 7735 766 3027 6889 2841 3733 3573 6389 7046 1792 9917 6814 1490 9411 5191 6539 6180 1502 6863 9199 1384 3739 7073 8823 1404 3308 8151 1778
28 4473 1191 9075 968 6073 555 466 4642 9851 871 3925 2116 5438 5664 8630 4072 5248 6689 9016 176 162 8635 5873 2926 9517 5280 4866 6246
28 1717 1573 5721 5349 5148 5051 1243 311 3500 6690 2547 8552 6581 8334 4276 3677 4610 1845 1563 864 2347 4484 312 2046 2709 9422 7921 3375
28 395 7186 6778 8625 2395 4104 2838 499 4575 1248 753 3453 9250 6484 2424 6698 6518 8804 2362 5288 7420 5437 464 5009 9900 8893 1928 4871
28 4189 9992 7011 7481 2186 6481 9803 3480 3777 4520 3892 2826 9833 2657 5067 4112 8401 2133 9758 2742 364 5221 9661 8555 2275 7900 4354 4625
28 2182 2090 4765 7698 2747 1283 1487 4692 1326 1671 9173 4290 2878 3568 2220 7124 9674 5957 535 5602 2486 4242 349 9170 8409 9748 1313 277
28 4078 436 8286 2195 5598 8651 3917 5639 5969 9442 7209 1880 855 7290 7310 7888 2727 4191 6232 9396 7497 9318 607 894 2567 9927 119 4014
28 9371 3632 5197 7864 5226 9773 216 5163 4174 6015 715 2184 6646 3502 7012 2193 6807 2333 4187 8767 329 3002 3688 9069 509 8953 3769 5644
28 1204 6897 1021 4717 5117 6280 6990 6747 943 5133 5597 9964 8722 6060 9177 5758 8720 9671 2402 1510 5762 9013 9508 7647 5725 1288 2670 2783
28 929 5613 5476 1100 8237 8462 1865 9648 7483 1692 6033 2020 6206 8066 6398 7795 2692 3046 2344 5891 4022 8485 8179 2812 5805 1655 4775 7774
28 1386 7918 5077 9811 1390 6016 173 1735 720 5879 6357 5550 9618 3585 5732 8175 5590 7813 7832 9125 9265 4810 1841 3729 9579 3653 5029 6730
28 7914 2550 4088 4217 3139 6242 33 5177 9006 1089 203 8335 5854 143 2981 1488 7437 7292 4894 1394 8785 7665 661 1594 9148 9723 6189 2661
28 2648 3076 2005 2252 1241 610 590 9461 5301 6847 2928 5169 510 9824 838 6968 9140 5272 7447 104 1534 1953 8188 1254 7386 4352 4540 1185
28 2823 4796 6888 130 3177 8954 8564 7960 6300 4095 8147 7928 2390 213 5477 4280 9683 2792 2592 6987 3658 1018 5657 197 7617 1446 3956 7820
28 5030 6796 1779 9286 3671 1257 851 2794 356 7670 9368 2913 239 5427 8796 1713 335 1950 7262 7098 6401 6636 2883 6713 6169 4600 6524 4821
28 9014 5467 1924 3932 3764 2024 164 209 4831 4652 1688 1630 8435 1418 3477 6786 101 4534 6307 3217 959 5872 1811 3112 7106 2544 8619 9882
28 1808 5944 6294 2399 7790 2279 8746 5296 5769 1301 9545 6098 1280 3034 8621 388 7676 9567 5927 7506 9715 9449 7512 7868 4228 4590 6235 8351
28 5835 626 1113 2526 8530 6464 2868 3439 685 2595 8878 2948 567 5330 2540 5982 5958 6526 4372 672 5414 8065 7619 2927 7280 9398 870 5836
28 9888 9887 810 3914 7416 9915 8913 435 6236 6329 1419 2643 6368 3377 604 8283 4496 507 7762 6525 5321 4427 7998 7618 2718 2487 4714 5273
28 957 7343 1066 7724 3442 8072 9961 4315 87 4272 6856 1389 2316 1829 7491 7763 6758 7181 2662 8825 9638 7905 3257 5515 9705 3168 6737 2582
28 2711 476 4951 6234 4144 4309 1344 3489 1081 6268 6914 7830 1489 9261 7167 6282 6334 2929 1291 4711 4920 1570 8690 4490 6002 5918 7593 9802
28 9872 3247 5206 5116 6504 408 7239 9182 2039 4647 4504 584 9655 5761 5767 8129 1225 2113 9641 1757 6831 7687 5380 4927 4820 5092 8387 7540
28 3860 3235 8017 9039 2535 515 8958 901 9990 3908 7032 9677 3246 339 3514 4676 6104 8626 3248 7372 3617 4000 2612 3842 1227 556 9100 496
28 8099 2583 9506 8547 3164 289 7538 1194 1895 1039 3379 4914 3819 6945 3941 6432 8029 1450 4016 3789 3966 137 8706 9878 9947 2999 7474 8753
28 1574 5241 9940 2396 2051 6485 5637 1174 9338 7268 4460 2935 2121 5909 6696 938 2309 247 3773 4972 7530 9859 9903 5402 4973 5926 9968 7534
28 13 7708 6819 2244 4910 6580 3090 743 7693 1980 6171 2946 2314 3393 1517 8688 5741 2690 2271 165 6144 2074 5039 2667 7991 2189 2556 3876
28 4801 8504 1186 2042 2013 949 6676 9310 2961 4792 1228 6813 954 8925 2869 4819 8210 5131 1803 853 6645 7169 752 7074 5549 3328 2969 7187
28 4764 6671 5136 4917 2343 1681 3804 4048 3158 8603 1349 9821 3360 7663 2671 9617 64 5415 5139 9026 3874 9146 1857 8672 253 9687 2075 5674
28 6845 2864 336 9019 9273 7381 7891 9975 8262 2646 8889 7059 9370 5450 2837 733 1117 4654 7373 1844 7904 9486 4908 9557 2094 4380 8774 5987
28 9284 8152 6046 7744 462 9391 3033 2738 5570 7419 1092 4344 7589 9381 6156 5662 4470 1584 2602 1992 7193 8079 1900 4746 1765 6028 8589 4978
28 8407 159 2418 9224 338 3049 8756 3243 4889 1259 4178 5694 5108 1879 1353 6075 2419 7143 2460 3792 4709 8126 7480 5702 9134 3652 5481 9556
28 3171 9498 9251 2940 879 3332 8012 107 3770 313 5304 8144 7701 6996 2739 4839 1918 8480 9083 3900 5902 506 1443 1470 3663 9071 836 3006
28 8948 3482 5564 9559 8445 3755 7299 9350 7142 4929 8862 8755 8512 4045 5804 8860 5037 4035 8198 2515 4073 9605 7799 3157 1119 8941 4832 3048
28 9340 3665 128 1926 9033 8046 6341 484 8528 1680 6820 9072 5894 1314 2348 2187 4740 5672 6789 7646 458 2476 6241 7683 41 2041 5635 8898
28 9413 3775 4996 2140 9484 7865 3019 1420 3156 6412 3494 4284 71 3806 7953 1221 2740 2321 992 4142 4041 8456 9198 9667 6867 2444 824 7364
28 9890 6687 736 460 931 6794 8320 2674 2601 615 4130 8106 4599 863 6502 7558 9427 8116 3973 7640 2773 5824 6619 6325 6447 5471 7194 9914
28 2805 1425 5908 1835 2664 6966 184 2499 980 5121 3546 1915 600 5122 1461 8295 3043 536 7127 3395 727 8888 3838 3493 749 491 2781 9558
28 2417 7720 4238 9606 6283 8526 319 4950 8874 7135 70 2188 249 8842 1662 9830 6884 1336 2164 9746 1077 8344 3374 3237 6327 2616 2532 6017
28 3590 275 1746 9592 9428 7668 7800 7278 5757 6666 9090 1214 1972 8886 245 3616 6621 4609 9676 5338 433 8202 5341 1790 6503 5161 7537 7063
28 8246 7337 5740 9785 2212 167 6427 9437 9798 9254 1309 911 5847 1103 9355 6119 2972 912 6054 5267 9938 9176 8836 6339 426 7319 2634 2406
28 666 3628 9492 5310 5713 5478 8494 2409 7755 9376 1493 3563 3488 2973 2032 4434 56 4261 3776 4606 8069 6254 9301 9524 7791 1071 2786 1993
28 4768 4632 6595 7026 82 6255 1542 6419 1797 9274 3743 76 8352 8255 1726 7515 3204 4404 2941 6549 4234 2089 7666 9065 7152 8272 4585 7368
28 9446 1271 9951 8885 5999 5610 2129 8741 3654 6697 4064 2382 7247 7588 4365 5737 9103 7189 2726 3397 136 2875 9348 4008 3993 587 2594 4747
28 746 4246 6623 1417 3 7607 4313 3430 4229 8122 3277 3490 9043 4098 6450 3067 4780 6045 8379 5630 7565 6801 8045 8777 6136 1464 5361 5065
28 1641 9791 928 5751 3845 4304 2673 6738 5434 5490 1647 1172 6352 7962 9729 7909 5242 3276 4861 5563 1475 1529 2483 2618 1393 4518 5418 9837
28 2414 846 2263 5696 421 5229 4069 5875 2179 9889 8253 3310 1126 4578 3963 8288 5484 8119 2131 6558 1388 3572 1527 3450 4412 3345 7885 2155
28 9328 4066 1491 7516 5258 1913 5670 6274 848 5407 2522 4582 8538 9010 7493 4080 1376 538 9730 3915 4528 2421 25 9025 2170 9080 6269 212
28 4830 2496 854 4006 4716 2519 4673 6744 3167 8150 4533 8892 7157 9185 270 4756 6353 7103 8674 7825 5743 3309 1005 1812 2523 8916 2829 6596
28 2198 8590 5069 8745 3898 4530 8968 3830 8469 6860 2100 2610 2019 2500 1063 6594 7803 8396 8608 3178 9062 4729 7101 4042 6921 1022 696 9255
28 4466 23 1816 8949 4152 3267 3541 7356 6328 4241 8369 5291 9490 9672 6706 1456 211 755 3089 4269 4013 8075 5232 5538 2819 8024 8412 8114
28 7609 5595 4318 3350 6313 9027 2608 2613 7202 2286 9593 7958 4825 6406 3108 5505 8226 3088 5778 3475 7269 8531 8902 8058 9001 8228 8945 1298
28 3075 9850 3471 3866 3412 2221 9864 1525 5090 6385 4921 2857 5974 782 1409 981 1161 6110 6839 1230 1814 7562 3447 889 6704 9113 8583 8314
28 3611 7487 8781 1499 9751 53 6167 5390 468 5382 4945 8769 5579 231 5104 9312 386 8684 631 4285 4536 9377 2434 8535 4702 8918 3202 6121
28 7426 6425 7421 8906 5574 7176 385 1258 9949 1360 8153 3721 394 861 4167 802 9021 905 4439 8086 4102 1202 2978 2990 573 448 8514 9941
28 2672 9447 7529 8841 9974 3318 5188 9533 2542 9919 2062 4212 1650 7043 7844 8168 645 5989 8303 9028 4626 1827 7019 4297 5569 9164 1522 2494
28 3256 9243 7358 6961 2147 4082 1238 9675 3185 257 5964 4892 9278 989 7725 5378 6079 8269 7093 2458 1438 8449 5589 5946 1509 4237 3381 1868
28 2636 6578 9236 9378 4697 8421 9665 4672 6553 3774 4732 2780 1262 6026 920 5546 381 7064 5078 5625 1251 7659 8556 7551 1939 2345 3901 8465
28 7006 9288 5917 9052 3744 5058 7777 9880 5278 5687 2924 4266 3849 1721 4471 3978 649 4812 772 3768 469 5025 7440 8747 7738 2881 6240 2791
28 5777 3991 6992 9128 873 3238 6859 2158 4885 2457 452 6674 4132 918 2006 1887 1088 3824 4023 8524 3032 8962 1479 1237 5344 3758 7850 4712
28 3123 5967 7014 1278 8584 5318 4137 3520 550 363 4293 1163 7340 9367 9595 4934 7591 2886 3414 8705 9541 8157 3586 8520 843 5618 4956 9343
28 9858 6785 665 7351 3391 6868 630 3604 8680 3545 4728 1747 3879 4288 9326 5622 5239 2700 268 4464 9275 1658 6799 4961 9679 8487 5365 7134
28 4052 9538 271 3126 4195 7158 2770 6615 3130 1207 9976 3817 225 5839 99 8051 505 9487 9473 7507 8361 3613 3424 4664 7050 3226 4256 7559
28 3581 3551 7694 6925 1961 1994 8093 7240 902 9634 5509 5083 5219 7739 3271 8759 7994 1578 8671 4863 707 114 1277 235 6181 1615 7654 9982
28 2996 6001 8297 9130 2815 8681 5925 8263 9425 8877 5329 1585 5080 2903 48 2475 4164 4847 3945 2023 7198 2669 6541 4584 6660 2357 9697 9510
28 7901 7222 4481 850 9816 738 7464 5053 4799 2243 3402 741 2818 729 6426 8190 955 5385 9896 4208 890 7567 9977 9020 638 2268 8132 6405
28 9215 8447 8592 2769 5680 1740 7598 7541 7629 6711 1166 123 9158 7973 7088 9564 3895 1216 9511 5469 6834 7892 3066 7457 196 9505 8539 8395
28 6669 8128 7611 3264 8063 4053 964 4083 8476 6472 5096 8832 9365 2817 6072 4027 6617 2229 8459 3738 5264 7452 932 8522 1705 9916 6149 9481
28 4634 6683 915 8872 6869 8726 6299 6971 8728 4888 6893 5000 2606 9008 5727 86 2945 812 2045 7685 6122 8951 4979 5812 2329 6513 1559 9969
28 654 8207 6231 961 2914 1794 956 6979 5802 5070 3315 4869 7989 3382 4637 4549 3013 3432 7632 1273 7302 5992 695 1995 4479 8484 7805 537
28 7256 3929 2855 4436 6718 5990 6866 1299 7105 7812 5420 5488 6612 7346 2982 3343 9999 4143 4786 935 6108 6316 8393 485 6360 501 5779 1793
28 8085 1247 8969 5534 5436 1787 6105 8553 1810 4691 9815 7076 2877 1294 5202 5594 6403 8587 4499 5271 1200 4342 2953 5764 2776 24 3305 8799
28 2563 5008 6959 3259 3050 5210 9394 2679 6331 3565 648 223 331 6457 9453 2034 904 7975 4618 2676 8173 6089 823 5582 5685 7789 5717 9307
28 5645 6347 5938 6459 2752 73 3205 3427 8004 8689 1215 5282 2416 6757 7271 1819 1537 4865 9239 3357 8467 2588 1978 4884 6783 2516 7294 8194
28 102 9826 2916 3373 3009 9165 8285 8911 1620 4579 4544 3020 3926 6892 700 2979 4482 5554 9875 7051 7303 2363 8742 9277 5870 9904 7854 7260
28 862 1062 4067 2037 1220 1133 1342 6212 6277 8013 5440 9092 2017 2551 1636 6350 1848 5150 6957 6346 4558 5922 4326 5615 2093 3962 4963 8392
28 8372 6597 7042 4480 6278 5714 1593 9393 4457 1545 4443 3127 4215 2082 4317 3370 9469 4070 1006 5929 1987 3133 828 1576 1798 8501 9918 2630
28 306 8468 1407 9884 9139 6027 2918 1932 1839 323 3484 5818 5024 1936 9547 6565 650 2702 6775 9226 5607 1989 5286 8779 6533 6881 6564 3386
28 4980 5049 9470 4046 8751 6746 308 2536 1477 3850 8245 9116 2465 4925 3463 1832 8773 5340 8997 3140 9775 217 6659 9034 439 287 8092 3504
28 1359 2795 8513 6936 404 4887 5863 8646 4247 6364 9910 6948 799 568 2300 9050 6302 7563 4399 9386 2002 3676 6239 3946 3406 4699 4791 5486
28 6229 7216 5529 2003 2906 7842 4828 8506 204 7784 1708 3846 4092 7696 9359 5731 1341 5495 7963 8662 5888 8252 4270 4416 1975 1079 4345 7049
28 9696 5583 2604 8438 5829 7149 3741 8649 9289 1290 1158 2412 4930 6749 5752 3599 3890 4299 5605 488 9840 3655 8510 7125 6159 1369 6842 7341
28 7418 286 502 2755 6211 9302 1414 5315 6160 5603 1724 798 3368 5015 8787 9757 2975 241 8839 4508 9114 4462 7486 4450 9563 7435 1345 7688
28 1660 4338 1909 9804 5082 1236 9565 6874 4413 4958 8008 310 5063 3132 4120 6226 4570 1732 72 8340 7137 1501 7734 7517 1937 9987 5953 7021
28 1752 3503 288 9669 5896 6125 1917 4251 4577 3105 7284 545 2833 5135 7924 9400 263 444 8331 6349 3750 7895 7048 1951 2510 7843 3957 1508
28 1965 2335 4503 7020 5460 8500 3348 9495 670 1269 3055 8507 428 2428 4351 3939 716 6443 8056 6023 6259 7339 735 1728 5633 951 1851 1990
28 7855 1060 544 7976 8765 1276 5433 4134 4640 2802 9970 644 8332 4748 5842 4328 3004 2270 4879 4876 5004 7204 7520 3369 6308 5543 6650 3642
28 7828 1035 5185 3172 3323 1042 5079 5376 9554 2558 5983 5803 5874 580 6175 3961 7999 3125 3255 748 7254 9108 10 859 6305 3958 6498 1651
28 5062 1424 1751 9079 5182 208 5916 7927 8638 790 7071 8861 9280 4862 1453 2206 2485 744 3714 4330 4859 6517 1061 1957 2514 7261 6639 3810
28 4141 7030 2557 4824 2966 221 771 1888 6296 3398 3986 1524 8989 6253 751 5026 9419 2173 1252 9656 5143 2199 7376 1580 8559 4683 6974 2994
28 1833 6154 34 5668 5423 81 7526 4452 5369 2654 7776 3434 9434 8814 3180 3250 297 248 1823 5494 9245 1646 5719 6688 8660 9003 1484 8629
28 816 553 5898 5461 1210 6292 2782 5512 8700 8309 1622 7766 8482 5027 6904 1606 8336 9709 6505 4725 5892 7600 6289 6251 6013 3816 8443 6301
28 558 6600 8400 817 5520 4567 9599 7768 261 4997 4774 2044 4985 2893 4855 5730 2653 8866 7041 7780 6886 2619 5728 6943 9912 9463 1350 233
28 2265 698 5511 7650 2085 9856 1804 3934 9231 8330 1861 6378 1102 8149 8475 9483 5056 4572 4719 3097 9682 2503 3910 7453 1428 3024 7568 7756
28 3198 8983 227 6117 2201 7203 8609 7561 409 1074 3286 7432 1796 5093 4414 7778 7218 5773 7083 5871 8806 3521 441 2328 621 3289 3403 7947
