29 1566 4065 2803 1751 8083 5308 3346 2637 5772 5822 7062 6287 8931 249 5265 30 5026 6905 4299 9896 6383 786 3823 7977 7453 891 7261 6639 2678
29 156 2758 7704 9787 5566 4152 6966 308 3558 5510 6715 7753 2539 109 1873 9355 7159 6009 478 6528 3365 5004 4324 4783 5582 1629 7435 2456 9799
29 6428 2156 3991 4808 3735 3557 6292 4975 9495 3130 2835 4818 798 3011 7346 3753 5731 650 7410 2272 3357 9574 9652 1061 1815 5950 9293 9847 1864
29 6975 7995 7574 1816 5387 3412 4942 6437 4251 8486 8309 7767 7377 2878 7739 2464 1571 4406 8571 7573 6896 7137 9205 9620 7713 5231 3083 9349 9255
29 9475 3160 1062 4503 2570 952 7086 1340 8553 987 7291 9012 5803 9233 5833 3684 6607 6512 8866 3255 6346 3206 9306 9637 1281 5559 1801 2585 2791
29 6198 7822 5049 8400 817 5082 1236 6643 7768 8004 1290 648 8616 225 8149 7044 2387 222 2270 2598 4668 6886 520 735 8749 6654 5948 7841 5033
29 8103 3756 5967 5545 1745 5658 8726 1917 3984 6160 6412 7000 3955 8248 376 5443 1840 7218 2029 5636 3999 5888 9503 8088 9878 3406 9463 7178 3531
29 5876 7760 6578 6935 7323 7482 4887 8831 5053 2937 2909 7352 3127 1262 6026 3963 3939 5056 4572 7041 9656 9775 1232 8940 1449 8981 2441 7294 5453
29 835 993 1896 7042 1398 357 1760 7117 8251 2832 8988 5584 545 2859 4862 4213 7564 6850 3419 7624 8704 9132 1129 1978 856 480 2268 1106 7641
29 6430 2234 8207 6231 3763 1220 3836 3669 1167 261 4997 1215 6948 3303 2551 9877 2206 7248 6487 6957 6894 6805 6420 3084 1209 1937 9904 5418 419
29 7849 3877 2335 6635 9385 5896 9302 1414 3604 1810 8877 2426 5488 8426 1308 700 2979 4118 6938 1201 7685 7085 5932 6239 3946 127 3816 8443 6804
29 2734 8232 6931 7581 9669 294 1133 6395 3745 3887 5142 1622 9092 9434 580 7265 2888 2653 5186 1087 3097 8275 6281 4270 4416 6929 3404 2620 9204
29 8450 9282 1060 8919 1863 9263 795 745 1127 358 3078 9812 2412 4985 7112 3401 6223 3552 5773 7083 2641 1922 3022 7019 4061 2329 2143 5042 8696
29 4467 7590 6319 3640 9735 684 1794 1342 8911 8182 1849 1861 5852 7300 4420 7075 6350 7994 7563 9195 1561 269 114 2732 8554 5633 5543 5551 7947
29 3353 7418 3503 5908 2963 8584 740 7988 141 4521 4292 7284 5442 5451 157 7587 4549 8336 840 2997 2172 5892 5190 7376 3098 3710 3958 2213 3504
29 5832 8315 698 702 273 2664 6125 541 8646 565 9634 6918 5106 6780 9207 6072 3961 756 481 7283 4206 5656 3165 6659 8219 2776 24 9918 9958
29 5254 2993 1893 1909 5483 8162 4627 2782 420 7597 1269 3194 4873 924 5135 2151 14 414 8171 2259 5421 8676 1331 6209 2976 9698 3138 3540 6413
29 9670 445 4236 2777 3950 9515 7259 8737 3182 9949 790 9110 9855 387 3828 4312 3641 4059 9465 4786 935 9682 963 8433 485 5276 4890 6264 3048
29 3155 1753 3911 6402 9984 1025 5210 8790 4724 468 373 4153 9497 2833 1853 1830 5648 9077 9156 4837 4781 9086 3469 826 344 2942 3074 4254 8395
29 45 8299 5245 4099 6117 7485 970 9055 7316 8993 4579 3548 4565 2790 1249 1453 6106 6302 6443 1006 488 767 2619 2340 7119 4291 2119 7806 5486
29 5266 306 9166 227 5171 5520 8500 3348 74 8638 413 3606 4689 6728 8807 713 8529 8837 9174 3252 5871 2461 8010 5719 6688 8660 8928 2249 8629
29 2870 1959 7984 288 7699 3455 2106 7513 9533 1028 2509 5501 9057 3685 2761 5842 4328 1341 3378 9911 5094 9373 6848 7360 6761 6532 4827 8768 6835
29 7782 558 6600 1818 7976 7845 5744 7872 2266 4577 8602 4374 1960 133 5048 5114 5730 7236 5385 5605 3749 6196 7055 7520 8810 806 1105 2968 3642
29 9738 5679 8568 5529 3259 5423 5052 2591 5739 6277 1694 199 2044 855 664 5943 1876 1403 1702 8138 154 6536 7902 7714 787 7858 340 3472 3107
29 2717 7828 4057 5965 7279 3623 6746 7110 743 5425 5068 9529 4100 3094 522 6175 3073 1906 2173 9401 3140 8748 4210 3163 9253 5907 7029 8240 7907
29 1179 1111 3693 5113 9806 837 3242 9407 2574 1519 2286 9910 6213 1144 3061 1451 1606 3960 3885 5977 1159 5145 6489 4790 3208 2749 6755 8216 4184
29 6261 2163 5532 9470 2506 6211 7952 7441 9675 3678 620 4443 2705 9158 8279 6895 3213 4555 285 9316 3768 7145 296 25 5864 1881 8011 1399 9481
29 1813 601 1734 1192 9175 7519 2569 7467 7338 8476 9260 6586 8861 9081 6716 7853 3599 8310 4812 6199 6131 7391 1110 8576 7094 41 3645 6680 124
29 6440 816 687 26 4607 6677 4694 6244 6538 7468 5023 3603 907 394 5379 6100 131 3805 2128 3638 3052 7920 2160 3996 1834 860 5667 6810 7917
29 389 9159 9417 6168 9956 3744 682 690 2536 1477 472 4990 3131 5219 2683 7271 7212 803 4162 6020 9000 6642 7224 632 6916 497 287 3059 2497
29 2603 4506 3856 6699 2755 5705 7149 883 3821 9339 2083 1548 1742 3923 178 8882 2466 887 6476 2473 4285 3358 897 4505 1181 172 3289 3403 2681
29 8995 9155 9957 5462 3462 2358 2167 5580 1149 8627 5119 4281 4136 8482 568 5577 2315 3571 8643 591 2861 3413 4176 8811 2257 5711 3931 9555 8392
29 701 3968 7946 6890 2640 1631 6304 4377 2853 1032 8689 9281 5289 3415 1905 998 5627 2425 100 8419 1334 7736 9631 2991 4337 47 4058 7533 9212
29 820 3236 551 6864 5668 3680 4530 513 1802 8042 3794 4223 5395 8661 4011 2300 3512 716 9534 6589 7160 7254 9036 3478 3527 6305 769 3872 5320
29 8033 5454 8543 7689 7798 6113 7842 2644 8000 4562 2457 9979 6693 8938 5132 5540 2108 3068 3728 6314 4491 8071 3023 1546 7517 8061 7002 7568 7460
29 1711 3511 6062 747 7650 1575 5499 320 8256 7390 8655 4774 4906 1176 8436 9609 1977 1495 2319 4686 7821 1162 7933 2079 9582 1428 2915 6955 9307
29 9053 8644 1468 3302 422 2036 163 572 1541 219 8466 2474 8437 1701 2428 6147 9409 1858 1941 4357 2787 8467 2588 4510 6011 4026 5609 8879 7688
29 3039 1752 6214 5031 5109 3380 1095 3297 2680 1310 5749 560 3290 3705 8883 9344 9483 6962 5038 6087 4982 5364 7301 18 2962 7107 637 2668 9138
29 9058 9360 6497 1140 2573 7769 4278 3326 3427 974 1872 3055 8507 6388 5962 5947 6653 4509 5617 9429 2676 8557 5088 732 105 8376 4592 5717 7796
29 207 5354 6245 7120 5855 4784 7572 7201 5223 5838 4262 8859 4612 259 7702 4332 2631 299 9928 3372 4233 5995 712 9201 3909 7478 6029 869 8909
29 6056 8579 4166 2512 540 2049 9540 4282 4185 9289 8511 7672 778 1962 8901 5786 1057 1013 1931 761 4333 8806 8763 5624 3459 9476 2273 6830 2994
29 2635 2921 7494 6416 3612 9115 2057 4298 4465 8289 4679 868 529 6429 8864 8550 2658 3820 2307 6685 3965 6243 4912 441 2885 9912 467 7422 3818
29 6599 1785 3533 2916 1964 6995 9831 9599 5176 2274 3637 9575 6849 8686 1135 9390 5790 1763 8186 2208 4854 160 298 9881 4646 3906 2306 8360 5208
29 8172 5552 5149 9646 1560 1462 9147 8239 3299 4931 5189 2062 9007 3464 337 1894 7499 3891 1743 4879 2361 5607 3655 6053 5386 5685 6435 1268 5666
29 6933 1831 2793 276 3306 8693 2053 3644 1306 2132 3362 7082 4456 3543 2759 9421 903 1654 2246 6777 8340 3980 8962 4721 399 5809 8743 4963 2388
29 4182 1938 1348 7421 6620 6912 5671 4015 7592 5568 3262 3431 6310 1097 7077 7859 9794 8758 1652 6394 7211 8430 8427 1869 651 1316 8574 4707 900
29 2772 9814 7793 479 1152 4018 908 6703 5084 1897 7942 521 5347 5063 643 3389 1927 2975 3329 1426 6568 3270 6723 8192 3614 9863 2123 3530 2630
29 2922 804 5608 3383 6407 4573 6618 1898 2435 1871 6800 2763 5428 4425 1914 2077 418 7129 2026 6682 3017 3497 1372 4741 3111 5398 5928 825 9154
29 1134 5703 1365 5898 8327 1515 4495 3079 2797 2001 5055 4019 8899 6811 6208 984 3605 5688 8491 1884 827 5089 3578 4907 2095 3173 2467 4767 8799
29 9435 5370 8366 3333 4560 2555 8711 7944 1485 3304 5297 8047 4316 986 5720 9712 2219 1156 7023 9901 2543 1979 6455 2282 2398 1975 937 7854 2504
29 9151 3145 4797 5345 8829 4629 35 1004 1821 7078 3229 4564 8455 1056 8650 6846 9292 5174 7578 3549 3282 7827 7339 3081 2214 2703 3024 2810 5823
29 8078 4049 8523 3316 4777 8701 784 9456 8581 5843 392 9857 8691 6701 4813 3896 5076 5755 801 4359 9105 8280 4449 4039 218 6203 1891 7066 4300
29 187 2146 4390 7752 3524 2352 4788 8365 8793 1007 2654 3670 9809 1102 8814 7233 9197 2200 2453 5458 7446 7913 1782 6911 4020 8164 1270 4135 6576
29 9822 1666 8657 4802 2756 5020 1138 9571 3192 9854 8652 8623 7554 2014 5994 8597 6930 5806 8429 3245 6373 3689 5319 4999 4905 5937 3664 4708 3517
29 6507 9742 7569 2693 6973 1855 473 8442 190 7745 7610 3191 5137 6143 1482 7033 4538 8425 7879 9985 6468 5684 6774 6040 8533 240 8317 2530 1154
29 9488 5524 8654 5537 6382 6681 4252 9546 1411 5183 2055 9689 5352 2577 4918 5373 9011 4557 842 6691 8656 8923 4651 6602 9633 1115 2807 5915 4789
29 1826 8546 3765 8431 3953 1907 9229 9477 4874 1602 7743 5983 1920 3798 844 264 8999 9046 2521 2192 4928 5933 2529 9523 4360 882 5859 4923 1637
29 3060 9696 4878 3312 3518 9907 232 1222 6978 8783 878 4047 5811 1952 4371 9707 112 6877 8921 2974 8397 7182 1912 1112 6577 5466 5960 4526 6787
29 7318 4581 726 3643 1059 5448 6452 6112 8292 5975 594 4687 2397 3584 5504 1866 6492 2407 7848 5061 3809 2240 7465 1997 1682 6495 145 6217 7492
29 7678 6638 188 5156 170 5860 4323 5170 927 6675 1082 38 2825 2589 6006 2369 5485 8217 759 2596 9137 6391 4403 6 262 3734 5774 224 849
29 2995 7642 3878 9227 9966 4009 4183 5353 3803 1679 5238 3825 8448 2977 7557 1068 3301 6940 9528 1084 8735 4968 1586 5629 2269 4840 6271 4339 2611
29 9601 8724 7787 7394 3064 8910 8281 4969 6919 3675 3313 8562 6434 5874 3609 8095 1391 6315 3371 148 7814 7274 543 5016 8197 4811 4548 5930 3810
29 2822 8339 2332 4169 9636 2746 3731 2762 8518 2175 5781 1329 2148 8826 382 7199 4814 2379 2684 967 2688 5576 5649 5571 634 2308 5375 5877 411
29 3766 9561 8205 450 6284 4391 7286 3335 6854 2707 5474 9087 527 9135 1498 7171 6991 8757 1523 5920 9926 7266 8633 1583 6222 2448 5317 2016 7272
29 1579 1568 9820 1670 676 6421 5525 4231 3904 2989 9921 9983 8558 4081 8140 8422 6111 2411 6058 6555 9519 5715 8853 9181 2104 8077 1550 3334 6164
29 2150 4172 5952 2482 7986 7147 2138 9238 9725 9658 5514 7039 933 5118 1494 4148 5643 9553 6939 847 9578 8136 9193 6478 8043 4517 3985 3829 7652
29 2368 9054 9104 1139 7084 1123 813 8532 4745 2624 8330 1799 8824 7001 2617 5299 4125 8133 355 4670 2831 4445 3977 2694 9713 9894 4793 2561 5269
29 2584 8502 3119 4068 8261 5251 6500 6036 8645 8904 5856 7706 2389 8278 6836 9588 1616 4946 5212 508 1696 6290 7389 7857 1518 2834 5780 6561 819
29 8854 7132 8386 4091 8950 571 5522 6099 2194 7835 5314 8214 292 3629 8915 8490 7758 8196 1625 7070 3935 1663 4209 6782 181 7930 9615 3422 75
29 6197 3384 9117 6482 2304 3036 2018 9184 4880 3785 2068 4657 9222 2354 6544 278 3639 7829 1338 6140 3342 6194 9536 7128 6832 1943 3072 6598 5638
29 6570 3198 3534 8586 1250 5868 8594 6522 9324 1193 5429 4882 8801 3622 7919 4177 1469 9471 1366 5616 3597 6109 5785 1874 517 8987 368 3918 6906
29 3709 1817 3128 2933 4415 8277 6766 7347 2728 2538 9056 84 1320 8775 6399 8780 2226 8414 5123 4826 3964 8101 1481 3995 2393 4682 3467 1503 4678
29 7662 750 6729 487 4151 1260 1677 1784 2541 5235 2230 2052 2897 2686 1170 5270 4737 4043 1741 7956 6937 8102 3699 8084 2498 6377 5712 7608 7417
29 8346 9925 7395 6250 2430 8714 1639 1804 7880 1532 59 1395 9179 7740 1553 9252 1383 7889 9509 9846 8021 3864 3712 7354 3943 6972 9383 9544 5738
29 719 3117 4060 3385 9817 1239 7488 7379 1657 9885 5659 6318 3416 7860 628 9232 5531 2047 9929 2665 1357 9840 267 814 4798 5586 2291 9015 85
29 3183 2139 534 3339 6748 2633 3703 185 6436 2318 1423 7195 6456 7150 5820 3692 2821 2327 7628 6788 9102 5449 9514 2778 1378 6041 1540 8180 3143
29 1577 8090 9200 7979 2614 3283 3881 5323 6312 4388 9973 8008 1003 3981 9217 4277 9810 5205 4202 1850 9341 7454 6465 857 7332 6901 3101 9643 4539
29 3425 7613 9366 1205 1505 4655 1674 9315 9186 5700 6188 5036 5249 2004 3646 1439 2889 255 6336 6604 6803 2196 351 5728 2691 4437 451 9330 5707
29 2223 1466 7115 5134 2479 593 5796 365 3905 5821 3144 1000 9300 4749 1774 5956 6530 2663 7040 347 7627 7113 4426 5599 44 4532 8986 4235 2338
29 5634 6152 548 477 4400 4084 7870 9898 8349 5704 4833 7906 9187 1544 4943 5356 407 1611 4860 1582 6984 988 8905 808 9865 7677 8236 2809 6511
29 9832 333 5756 7929 2965 4248 4302 6128 36 4264 6233 1754 9466 345 1507 3211 8221 2231 500 3337 7940 4563 2162 1877 566 6052 1295 8307 4331
29 2038 6021 7096 8566 4034 6348 8293 9585 4589 2415 4726 9089 7785 8115 7298 6742 7836 9262 7141 3916 2750 7451 9496 3713 6366 4346 7008 4037 3399
29 327 7759 2874 4769 8613 5102 393 5010 9808 4031 3835 9839 8844 6182 9959 8942 4240 3359 4787 549 4554 1019 699 3948 8515 2706 8744 1551 4915
29 8598 2863 5503 2205 6910 4227 3443 679 5274 8316 1431 7345 7560 7388 4226 361 2256 7733 7476 1101 8580 1514 7445 2454 6717 5747 2895 341 3634
29 493 4671 8125 7648 7707 3122 5901 3001 793 4588 4204 1168 8611 6174 947 1535 1567 461 6958 8496 5979 9479 4463 149 5795 6008 1727 7153 4644
29 8725 9157 6879 6155 3417 2394 7022 4487 3429 2947 2373 4401 8821 7308 8601 9666 8276 7273 3261 7582 5807 5544 8789 6141 9353 5285 5844 8932 470
29 2440 3265 4170 8797 1175 6444 1282 1151 7981 8974 9420 6648 3454 9458 4743 169 9098 4596 5980 1748 8212 3593 8127 2302 5173 3355 5372 764 9700
29 5014 3562 4766 8356 4966 8418 1076 9406 6218 4370 1096 3298 4147 8390 831 1598 8534 8461 1720 5853 1026 8881 5792 4150 1279 3760 9358 6865 5211
29 9191 5954 1712 9732 4455 9625 9537 5138 1012 6740 7875 4440 1919 3136 7258 6321 7700 324 2227 8817 2366 3200 2856 1878 3588 5593 4461 2879 2288
29 4891 8453 5984 4458 6445 678 8178 3625 2310 9733 1011 6252 7443 7532 922 66 5924 354 4056 8800 6095 6825 5011 5665 3214 9347 2031 4965 6632
29 3448 3240 5334 3519 2350 2768 4096 9235 7163 1120 2931 9412 2124 1261 7948 1416 2462 3113 2754 3666 6004 2356 4121 2197 3239 5215 9869 9724 9932
29 6812 2091 314 9685 2293 3275 8957 134 5105 9220 5222 1889 4428 1321 9334 4883 999 9717 6853 7634 8930 3338 6986 2072 8567 4695 2371 7978 2149
29 4753 8184 330 1983 4 215 9825 5506 5760 4500 7257 8191 5768 7549 1458 6540 8996 3109 2118 6469 5620 2471 9608 7306 7711 3601 9573 2957 5255
29 7148 9440 1437 2858 7161 309 3537 7866 5302 1304 9562 6651 1436 3812 5075 9673 9264 1645 3007 8869 4253 1617 9680 442 8306 205 7729 946 5921
29 7674 9194 5324 7309 3410 375 6262 5596 1836 290 8917 7863 5791 6809 5220 318 4129 1195 5246 1043 5623 6080 3994 6631 8845 2779 2789 6142 694
29 2600 2847 9037 61 3844 1985 2439 6057 2322 111 5035 6672 4002 5306 3983 6365 1886 8319 8984 7710 28 1859 9623 6103 2533 9099 7631 3913 1635
29 5959 5160 9868 3560 9095 9937 8257 402 8235 1132 332 2943 9218 5817 1963 5214 7626 5573 8156 3466 7255 9048 1497 983 2626 7090 3030 6663 8636
29 3042 8561 5941 2 5207 1016 7327 4621 7748 5071 7472 5279 9309 1483 2560 3674 2714 583 9626 342 1284 8863 5085 8542 3930 2088 8105 9995 1363
29 691 6227 4794 4937 434 7715 5693 662 8377 465 2799 6183 5497 4511 6591 6462 633 4893 4924 179 4225 2210 4848 8648 3015 6573 4940 2215 1648
29 7427 7382 2241 6970 2048 9980 7406 3151 1882 4263 3166 9029 2699 4919 4417 1457 2130 9596 2625 763 5893 2102 4613 1454 7289 796 6442 2901 2254
29 5604 2830 528 1037 9397 304 3722 8454 3882 4785 1233 7935 1618 9792 539 8362 6078 5810 4389 5103 562 1072 4409 3135 9962 7804 8640 518 7207
29 7643 6257 4754 6493 4529 7383 4307 4350 1064 6630 5578 7122 6510 6024 4779 4421 8599 8519 4868 3394 7226 2764 4485 3426 5527 6012 8037 8887 2436
29 5046 8698 9460 3005 5298 2236 6731 8897 4385 6523 8325 7466 322 8345 2730 3853 514 6466 5733 4987 2733 6116 5243 8770 7281 9041 1255 8819 6202
29 6613 1599 5889 7638 6030 5086 9242 5446 1707 2960 3336 1825 9372 6735 7146 2508 9323 6649 1656 9783 6219 7469 9061 8818 2844 3796 5216 8268 1911
29 3190 625 281 9304 6275 7177 2391 7751 4145 6872 569 384 5290 3695 6375 3888 6851 8158 7428 463 944 9225 3627 9686 7705 9064 8978 8265 2480
29 7833 5260 457 5127 1325 4175 5126 6359 1730 789 7614 6191 5661 189 1838 3525 7750 4244 2988 5444 2081 8357 2729 4222 7477 9778 7837 4771 4188
29 6190 1387 1956 9522 7442 4156 7016 9622 2289 1610 3813 4021 5828 6192 4723 7172 6924 4310 8291 2580 2073 4283 9789 7972 7923 9030 5970 8167 4916
29 7245 7229 3361 6871 9416 6657 2058 2771 5911 8211 718 8296 564 2463 2546 4902 9507 1351 7027 4405 2277 5663 7658 5101 1626 12 5621 4605 7456
29 570 1187 8227 7636 1422 7603 1373 1245 1354 9436 6989 5327 4696 6471 7363 917 449 9587 1265 4301 1945 139 5019 4038 6833 2572 6821 265 4275
29 4119 9594 7397 5997 7151 6876 9329 3103 4044 3320 4684 6707 8231 412 1146 5519 635 3231 5043 9516 9271 1041 8852 113 7154 9535 6161 6179 4659
29 3883 5955 4757 9755 9073 7723 8381 7054 2470 3086 4898 9654 6085 8509 9902 669 6521 6963 5498 8703 5283 8209 2784 4733 4459 5032 4643 6898 7162
29 6130 7047 3701 9891 7742 6005 9494 5587 6186 1555 4040 9862 8734 3730 4829 2225 2753 588 3222 9432 1332 3307 11 5091 4367 2828 8270 3857 582
29 3440 3827 5846 3781 3620 1264 2468 5424 2027 4110 5793 7334 3834 1870 1885 8990 6170 9981 1903 1733 6019 3053 8451 3438 3661 1263 6633 1946 3952
29 5798 8404 5195 5815 1197 3266 1055 9745 8460 4527 5601 8808 1988 4583 9002 3495 9040 3184 6759 5335 8809 7862 783 2383 5391 6637 3697 2386 6014
29 3516 8383 5973 3921 9621 4005 1229 6686 2489 5343 4201 1557 3839 9736 7099 9681 8087 8321 7133 46 3843 1699 2655 9572 4984 3041 2059 6038 4964
29 526 2766 3681 2599 6983 1659 4948 5759 5887 5502 5366 7108 3134 6941 1892 6438 4623 7353 6417 5431 3787 3561 6548 2177 892 9774 7861 3080 9418
29 3660 2446 552 3679 6410 721 5201 5742 4017 9499 7950 3146 8665 909 6772 1783 4656 471 3852 1164 7669 7657 6771 6248 4877 3607 9767 845 1289
29 4611 8896 2785 3903 8234 158 343 4550 3465 2788 7816 7275 8855 4423 1401 7053 1272 5331 7510 3976 5858 2621 8326 7602 2264 9320 3719 9782 7010
29 8980 1942 2442 6032 2135 4355 7408 3528 4117 9870 7955 2040 8145 4546 2171 234 9630 5631 9706 5099 9663 5328 9602 1686 8110 8682 1607 9410 7234
29 9392 5147 9336 7922 4386 6123 5912 939 1777 1370 7761 6862 8591 6601 3942 95 494 9551 1624 7095 8612 7034 6858 2751 7730 5548 4257 9109 7690
29 4398 9960 4122 3149 3582 8615 4076 760 4348 7703 2078 1564 4667 1147 3220 1070 9047 3376 1955 5179 6934 3691 4036 2360 4411 7223 2925 2296 7577
29 9988 5673 9942 598 2860 9719 4903 4566 4341 6584 1837 4591 7596 2984 9800 6439 7737 1789 6120 7398 7599 4772 880 5017 6784 4762 5432 6587 969
29 7080 9764 1040 5237 3331 3757 6049 9439 8812 6567 1749 9704 4952 710 4776 4258 3576 7932 2022 6035 7535 7293 5316 6335 7508 8165 8070 2956 2894
29 3423 1824 7015 3951 9836 5066 5224 3997 3544 4055 1256 5309 2495 2811 5152 7013 379 6400 1710 2898 9234 3523 614 6076 5936 940 578 7718 3708
29 6392 6330 2330 8003 1608 9761 2920 9272 9986 7661 9067 8284 9906 7118 4448 6837 6802 1632 8271 1901 5745 3223 1966 2884 7121 8830 7371 6952 6441
29 2098 4469 8177 1036 9190 3347 6826 3040 5878 7374 3364 8222 1935 5367 3894 2251 8497 1346 6083 976 151 5250 9879 948 2211 31 3349 4594 531
29 7136 724 3833 144 8540 8439 8933 9795 6547 4306 4062 3035 5332 6951 8378 5095 3499 2181 3737 2639 5866 4024 5558 2285 4196 3779 7852 2936 4347
29 3387 7545 8927 7894 9967 9096 489 8577 1767 230 7847 4101 5766 6486 32 7893 2216 1 7635 4806 201 7017 7490 5359 6490 3057 3589 1665 2980
29 1048 94 1339 8717 4186 5945 3091 996 2142 5900 5547 3515 334 8639 6338 8578 8764 302 8233 807 9493 7140 8104 5521 4571 5678 5257 6390 2367
29 8220 3210 7448 3099 8273 768 5706 5218 9660 2176 8224 6354 3174 7005 7276 2741 9560 6628 1058 4846 4203 8738 5217 9022 7604 6358 3161 4685 2659
29 8097 7566 7235 5942 291 2144 1996 6752 2525 597 8894 1402 2276 6684 9923 7184 4700 4493 307 97 5203 1362 6355 2294 4138 6667 3008 6969 8385
29 9861 4260 3258 7219 4622 629 7719 3858 530 4864 6210 2050 5689 9464 3944 2372 9297 5422 5655 9237 2958 3862 1506 1017 7521 1820 6371 9296 2518
29 3233 482 9584 6928 6374 5724 6727 8572 9267 1219 1189 9793 8659 4382 5072 367 8242 985 9922 774 1476 7311 9950 3706 8343 4580 5698 5470 6207
29 6042 3720 5934 4870 1049 1715 899 6817 5748 8723 8215 7009 1034 3251 3054 9430 775 9624 3615 9946 3969 4816 4624 3352 1800 427 9731 362 3767
29 3016 1030 6610 5881 1776 5313 2295 2136 9848 2689 7484 1045 4823 3449 9763 9823 6726 5287 8563 3566 7971 8354 3498 7583 730 624 1027 2528 2084
29 7138 7175 2554 40 3696 919 5619 2745 1725 4289 7536 9247 7941 2724 5230 4488 8370 7881 7225 9294 5626 317 7498 692 3649 3274 8374 5991 9346
29 5465 9246 1196 9699 3295 1795 5351 93 252 619 4124 6460 9750 7792 2800 8713 4838 5154 7285 5034 3564 4744 2905 5686 8803 1634 8402 5284 6614
29 9543 3452 9635 6258 8699 8766 1203 7915 7111 9178 3791 2651 3975 198 2882 758 6977 9776 3056 5047 7571 723 9063 1108 4381 3457 7801 5204 3232
29 9049 6557 2890 3618 1024 8884 3847 4356 8322 1971 7037 1002 1128 5782 8338 6448 3869 3253 9162 1075 7874 2159 50 8685 6408 4619 6496 5240 4576
29 4904 4447 182 7191 7890 7436 971 6309 4025 3532 3608 4383 5018 6665 639 6998 8498 5493 4498 8403 7819 118 5305 8363 2478 8895 7934 1653 9784
29 2849 4107 6265 3987 1600 9462 7361 174 9954 5355 8055 8943 9249 7321 2204 1114 1050 8702 1565 9512 6458 3294 2117 6317 8146 3197 9580 9860 8618
29 3636 4805 5771 3260 8282 2401 8924 3854 3341 5523 9771 7771 1405 3771 512 6048 4378 8333 5060 2449 3736 9472 9364 9221 9759 5849 9094 7399 5193
29 4523 9740 3772 4909 8053 7992 6221 8111 4444 6515 9835 7824 1371 2743 5606 3137 2245 6494 3880 2490 5165 622 8622 3559 7807 7166 8585 3444 6090
29 295 9688 2152 6655 4926 4001 6816 3170 6473 431 7503 7811 8721 6829 2666 2015 1828 5399 9480 829 6608 765 1086 6569 547 2904 2400 8816 4087
29 1434 9038 256 1614 4050 3716 1854 3619 6470 110 2513 3392 5281 4180 8109 369 7673 1073 4133 3600 1343 1381 5184 4108 79 2848 953 9873 8311
29 9145 8019 5492 2472 5826 1217 7087 5157 3100 1427 1852 9127 7838 8371 7344 5565 9387 1781 4475 9532 8729 5141 4265 1375 3354 8244 7997 1397 973
29 6603 1492 4543 8120 780 443 8417 7393 8076 4432 6185 4988 2685 1091 7130 6166 3418 6725 5841 438 7945 6047 8169 1930 5536 2737 1875 3285 9741
29 5500 8653 910 5112 8193 238 2154 80 4190 7401 8617 7267 7056 7682 9256 8223 6146 7217 1190 9801 6372 7954 8922 8955 2422 2385 1327 7270 1921
29 6885 2517 5209 3919 7543 8697 2359 4089 8154 5100 991 822 1319 6137 8675 6545 1173 5614 3162 3967 7170 6903 9167 2065 2862 8750 5845 503 5517
29 8141 688 1330 108 3268 9708 3783 3871 200 5403 7473 2122 8604 9414 6414 1054 6714 7365 3754 913 2628 1107 1447 9342 2938 7741 1916 6806 6575
29 5455 1143 9568 7458 4219 2137 5368 0 3195 2892 3330 7400 1948 8384 2615 2237 8975 4738 9266 1116 6034 3726 7987 7717 2248 5526 8771 126 8694
29 6424 9445 2954 8503 2145 8549 147 4358 7660 7038 4431 1723 2262 6298 5581 8908 9169 226 923 6193 7547 5339 1328 4105 6201 990 5489 5851 3595
29 7851 3782 1768 8052 9384 7430 9909 4116 5439 7765 3742 7188 7429 9845 4199 7069 8200 398 8367 19 5722 9402 9569 3045 20 9045 3279 283 6148
29 660 8607 8740 9459 3396 3536 8368 4394 6562 6708 995 54 1698 4294 7114 9325 3740 8847 9779 1729 4211 1843 9101 5337 8736 7156 1323 8631 7326
29 5371 3179 9695 4327 9123 5797 1750 9892 8517 2071 1226 4127 6763 3893 3441 9290 9276 595 6827 7550 658 8998 2865 5158 8247 453 7764 6279 6065
29 9714 3832 7402 2715 7985 4250 1093 1440 3780 925 6138 2760 2520 8020 2342 6611 5642 9653 6695 6571 1234 757 3577 809 1981 2105 9018 5988 6588
29 8858 8440 4994 3044 1124 4636 2346 8488 8389 1242 5906 7213 7007 430 8761 6362 9066 884 6964 4853 5788 3538 8772 1337 7463 9613 788 1367 9478
29 3875 9589 9591 6475 9899 8663 8798 2337 689 5045 7091 9502 9628 7712 5346 7018 183 1240 5463 8 8600 7092 2987 7601 652 4841 5789 3570 519
29 4960 7606 4259 9930 9454 5783 2375 9078 841 4641 6531 3553 6025 5600 8148 7238 1613 5651 524 3445 2816 423 8388 4705 1305 9023 3474 7165 3116
29 9180 2297 328 2228 1053 9590 8727 975 2917 8483 9760 1709 5834 4601 8341 3920 9119 3293 7433 8098 2605 6852 876 2405 1947 7968 3970 9607 63
29 7937 8394 8399 6463 1597 8575 2429 2774 9415 1883 5530 1460 5411 4343 57 3672 8707 5567 7168 6875 8301 9331 4296 7523 5813 5729 2380 5681 4171
29 9141 5388 8903 8778 4710 7980 132 1322 1549 9308 391 7068 8035 6721 965 4845 2224 8034 7495 2696 9834 4537 316 88 5985 8731 1697 2804 5723
29 5482 6791 8166 9352 653 6767 6779 150 9240 8025 4856 1023 3147 7809 3446 2872 2312 3085 7208 4429 1090 242 9539 6499 251 4895 7470 9431 2103
29 9321 3496 3937 4239 2353 2339 8970 9183 9044 2183 1986 9664 4658 1929 9996 8732 8139 4103 7961 9965 2180 9369 1183 6887 581 8658 6776 7655 9577
29 4114 1539 416 9408 9129 4628 4093 5850 3711 3069 5322 1589 2998 2576 4633 5971 4970 17 8016 6270 725 9399 3154 7595 5275 852 6883 3188 4131
29 586 994 5653 1860 2578 3610 466 2410 6944 3340 4140 4028 116 7025 8254 7615 7898 3884 599 3751 1078 9210 2824 6534 8994 8776 9152 6061 3748
29 1764 1595 1285 3324 6102 4192 9467 8264 4758 576 1668 8815 7237 7612 914 2060 8028 4321 8259 3485 8664 4849 6694 7342 8241 617 7174 4635 647
29 5588 7781 3579 7335 3811 5416 792 9943 6750 9737 4489 686 9651 4603 6873 2283 4033 8155 490 272 155 206 898 9953 1266 3583 5591 3870 2451
29 6340 5326 4773 2459 3150 4739 1412 1904 7317 7330 8258 6552 2076 2235 3723 2949 2364 6712 424 8525 1569 3087 6579 4681 7616 9244 2850 1738 6172
29 9351 9443 8434 8875 5151 7249 941 8328 5496 8206 3110 1867 4835 1467 895 4230 2593 6760 6792 6064 6700 1208 8739 2896 2866 5430 5736 2007 5107
29 3592 3209 7251 5895 60 6844 1689 117 8876 2280 1643 636 115 3321 9299 6453 8867 5419 4763 9005 4154 2934 7967 8174 3988 8880 4268 6843 6491
29 8849 5535 9202 5153 4200 9629 1300 6295 7392 7580 5592 353 3635 9160 3175 9876 5394 9405 1246 8208 7786 8382 7197 2376 8695 6673 9444 1315 6479
29 4967 4922 8977 8118 5612 504 6622 2748 8641 8493 7522 5480 1934 7288 1530 4340 2484 5464 8495 3012 4198 3526 459 9978 7770 3311 5374 3808 6051
29 3363 3704 1805 1148 9702 1293 3667 6409 1098 4900 7336 8189 92 5848 1968 6743 3837 180 3433 6247 7749 6066 9813 3752 4936 9423 4353 9838 7649
29 8595 6488 9257 1862 5263 7180 236 6286 2983 3176 525 3407 3314 4074 305 6220 6306 1973 7943 7241 6107 6342 5765 640 9805 2501 9829 2719 960
29 3873 2090 8870 1410 8936 1923 8006 7296 6793 5277 9375 2808 4376 6063 5972 7757 2798 5628 9345 4991 2455 542 372 8802 6828 378 9786 5562 3082
29 8044 8835 9913 659 9076 2701 8865 250 2064 3784 2629 3273 1085 9118 6670 5652 4750 5001 1684 246 4932 29 6583 1716 8708 5787 5513 2134 1445
29 8057 6668 5528 3322 9382 2873 6519 2331 8687 5976 21 4168 2923 9279 9024 5827 8667 9426 8537 672 1984 3725 2284 6769 3940 65 5002 4875 2423
29 6781 5325 8952 7244 2239 605 4703 3513 5312 7097 9842 2178 3356 5993 6418 4477 4492 6050 6967 6043 8059 4173 821 8112 4688 3451 8062 6133 9604
29 2851 474 5555 7253 3954 4286 2840 3587 8036 9126 5904 1206 4379 3065 9935 1664 2290 762 1471 2871 8064 6477 2437 4366 3859 9828 4512 2267 4361
29 2586 5097 9747 3659 6351 8250 3114 6393 3724 4363 1516 4720 2080 9694 1145 6380 9513 5003 608 657 1008 5814 942 455 9208 3120 1136 1954 592
29 9106 5130 5475 7864 4715 2775 7910 6446 1253 7455 2260 7531 7404 2675 4128 4335 3650 6724 244 7366 4245 7250 1731 5408 8846 7856 1678 3159 6091
29 1109 2607 3630 8464 6237 4408 2298 6902 6550 8123 8318 8159 4547 1406 3747 4424 7514 5884 8304 1400 6662 9313 9433 9032 5882 3092 1473 4419 2507
29 1472 8961 7475 7060 2930 2126 7375 2744 4630 7671 8628 4375 1044 603 7035 5409 5539 3596 1286 9644 410 8521 2566 5560 9112 4981 2349 4111 1766
29 5919 4397 2069 3476 7579 3292 9504 9485 2562 6084 360 6927 8605 8185 9796 611 6376 6946 370 3788 1065 9550 4155 9886 3547 1015 9388 9827 5885
29 3491 4349 3051 4650 7295 4165 930 9753 794 734 4822 9908 1695 9389 866 3897 4051 4541 7732 7403 401 6158 2545 714 7970 9586 7004 9404 9600
29 8424 773 3899 5472 3707 4677 2609 6994 9084 4483 1899 7939 8337 7242 4598 4109 5880 7585 8444 3732 8570 1982 5300 4850 3014 4947 4674 6173 6627
29 8709 5801 7439 7969 7575 9258 6551 7227 5406 1307 8391 2153 3686 8094 585 8355 3047 8900 3473 5087 9639 6370 6917 4993 2203 390 7772 4097 6422
29 1999 2381 8934 6003 3907 9549 1131 4478 9619 3865 3797 9780 2842 1661 7692 9668 9893 5899 3718 5697 4220 9744 9657 1347 3196 6068 8298 1212 722
29 3187 1846 8971 350 9150 8937 1198 7896 2161 2552 1104 2986 8956 6878 7586 2278 7155 3602 9530 7826 7 770 2336 3841 1396 2907 1672 8470 4901
29 1572 377 5903 7982 779 5949 8569 2232 2207 2009 5311 7928 7949 8446 7058 7681 3567 9070 326 1970 1432 5172 1031 1374 7544 7731 4422 8096 4329
29 175 9718 9441 2876 9268 4718 6658 5396 9457 8588 7243 8505 7459 3390 1771 6841 3799 4645 705 9521 2035 2575 6560 2491 8002 7951 6320 8805 9895
29 8786 7639 4507 3694 6177 2801 9121 3203 266 3481 168 2120 2720 5073 2970 5268 6384 7823 9726 4441 8091 4075 8965 8203 6920 6074 371 2952 1199
29 4804 2713 2000 667 1465 7667 5166 7369 4194 2919 4857 1182 609 406 3026 8031 3574 1224 2420 2742 6605 9603 8243 2115 7788 4735 8784 7315 7527
29 4071 839 6765 7384 7116 4181 2258 1998 9853 5763 1526 1292 2066 2404 1094 5978 8614 7570 9920 3029 3933 708 2374 4255 4666 6798 1638 7471 3227
29 4115 8364 8143 8130 5244 5726 4730 2450 9491 3683 5192 3058 4295 3778 1719 982 4693 3325 7684 5194 3093 4755 4267 8606 7192 4384 120 9163 7414
29 1141 4949 7695 69 8204 7721 8176 9380 8914 3254 7305 997 7990 8007 5006 254 2695 1033 3539 5111 668 3861 7501 1714 6356 4913 6947 7555 2107
29 1788 8121 8134 5115 2767 9322 9989 7675 9059 8912 7409 1908 5890 777 5800 3344 2697 4054 8973 3428 9319 8229 8716 8788 9642 7553 6626 9768 7264
28 1408 3181 6754 4957 6516 4933 2710 2334 5862 5028 8131 9728 3124 8038 3889 3657 6180 4836 2602 9944 1324 1155 1500 9291 516 4274 282 8964
28 7653 4662 3575 9042 9627 7621 8201 6205 6535 6606 3228 8294 6018 3317 9091 5775 1047 5640 4742 3761 2880 8719 9948 9082 486 5256 2481 2157
28 5057 8545 8026 16 9520 3186 4858 2242 9851 5293 2030 7355 3795 1621 1452 2185 830 5252 5799 348 4216 9722 5180 7228 6415 3668 6157 711
28 8946 5837 1807 1590 5910 5654 2838 4692 9451 9270 9690 6590 5905 5664 1856 4139 5040 2910 9017 9088 6165 8411 9004 3727 2731 8195 9161 7747
28 3216 9887 8170 3598 5400 9721 3272 2531 8005 5012 5350 8857 9228 7884 8489 7385 7221 247 2402 7067 3189 9610 3542 2638 8117 396 6722 6625
28 3249 3104 7173 2971 3291 9241 2642 9936 22 2061 7727 2656 5441 4713 3096 2125 9209 4453 7350 9566 8181 284 5381 1538 8712 1967 2099 6537
28 152 2191 5213 1275 1737 15 5682 4472 4079 6824 83 7387 7370 1352 8124 96 1511 2174 8113 5641 6641 8508 6661 5009 6745 5650 8187 3554
28 4852 596 7380 1822 5585 2166 6566 8478 2477 2955 9526 9993 9216 5840 2704 9196 9734 613 5931 8161 6880 1455 6909 9074 9285 1010 1533 6732
28 7313 4494 9743 5669 5148 6520 9955 8873 8541 2320 2011 5124 5417 6908 5716 1122 7081 3790 4653 5754 2347 2438 9819 3510 5261 4561 1739 8715
28 4759 7179 4944 5632 8820 1681 8754 5457 2403 6256 9720 7423 832 4602 8329 3470 3535 4010 9597 5362 5321 8163 1669 737 8100 8596 1211 4418
28 934 2698 9361 4279 2186 3118 8834 3651 383 135 2735 7645 4430 6915 9060 1052 4438 2806 3621 8457 1463 2377 4362 5677 3936 574 6404 2565
28 42 7720 2365 1675 1429 9963 7691 3281 8458 8477 2097 6999 3121 2682 8762 2324 6861 4704 7003 1379 8405 8474 186 4287 616 1601 4516 5007
28 78 1512 446 9219 7867 5360 5683 6361 7869 4559 4665 2502 4992 7509 1171 4072 2708 9671 8300 7959 6923 7263 6702 9766 7542 8792 7965 511
28 9189 4796 1531 6509 2815 397 1592 9648 4575 4158 2867 6224 4179 8963 475 8610 2043 5692 5708 9171 9843 142 2796 5819 7518 575 3366 1690
28 577 7205 3972 9559 5181 4393 3917 1368 7916 6276 886 2325 8666 1223 1706 7126 7546 2087 3263 3550 6081 2579 1311 6324 2311 2716 1991 2623
28 681 2351 4951 8624 9120 589 8634 6652 5168 871 7407 4515 6882 4986 8630 3458 5199 7181 8107 8795 4007 4971 5776 3687 5196 4224 6094 655
28 4322 4433 6200 6363 6790 706 8410 9762 8840 4736 5413 2887 228 1847 1358 815 4843 2792 6734 6333 9357 7818 9198 5342 2537 1486 9645 2587
28 7320 3288 656 9632 5999 4867 4795 4734 5159 1083 2725 9871 1933 6114 5191 7556 2292 6387 8054 8822 6067 3673 5873 2964 2505 2902 7966 447
28 9014 8669 1556 2169 4249 6379 2301 311 926 1671 8668 872 5913 4090 8135 2581 101 6965 9641 8692 1077 5710 5140 4320 6818 7214 2814 7996
28 7277 2765 5966 6092 5968 4983 6411 3486 2846 7024 7328 2643 5869 6129 2837 5646 1673 2070 1480 9230 1775 3591 7461 6086 9143 5734 8353 1099
28 9168 7297 1842 2469 3702 3851 675 2021 739 6795 8358 5404 55 6272 7431 4676 1169 325 5572 1940 4939 4620 1974 6260 8018 3979 8151 5044
28 4473 2086 9075 4535 906 220 1487 8718 3715 6268 3863 9332 5611 3199 3028 2527 5541 9647 7832 6285 7444 3626 6926 4608 717 7726 9866 6647
28 1769 6982 554 1772 229 7728 7412 9583 4193 9153 1683 3817 403 6508 4368 6282 2341 4752 2723 1335 2932 2190 8323 818 7411 677 8619 5410
28 138 5383 4807 3855 2141 9678 8564 2674 6163 4638 8573 8413 3284 3502 557 6075 3927 5098 7964 9269 4029 3990 8308 4959 7746 5491 9971 6546
28 602 8472 8073 2384 6563 171 8050 2908 8274 9203 6705 7525 4410 9455 8871 1382 9295 303 2112 4159 1478 8342 5575 6797 6932 5054 3218 4063
28 5262 9692 8710 2012 3405 3411 5857 9107 4004 9548 4032 6773 5162 4218 1353 214 2111 2299 4842 260 945 9379 3947 7647 6709 9474 6542 9354
28 7584 1125 3656 5516 1558 6322 9356 7489 6559 7304 5412 2826 5200 6291 6228 6629 7206 2492 8827 3690 6297 7665 8632 3141 9788 491 1313 1791
28 671 1130 6640 1100 2253 7144 3225 3556 5401 51 4497 258 7072 7104 210 3677 8960 6343 646 279 6118 1687 8929 9557 7413 5918 8548 5473
28 4935 1925 68 7744 6815 6753 704 8463 9327 8040 6357 9703 865 6176 2010 3437 5487 1640 5468 6381 6070 885 312 374 2627 8416 2985 6135
28 2209 7511 9951 1520 5456 1588 606 2313 5253 8593 5951 9952 8536 6337 9552 3662 4800 6288 5986 5164 579 5753 6751 5996 7164 2067 2969 3529
28 962 9031 7871 4896 2323 1604 1547 8673 5301 2722 2028 5963 6367 3010 2845 9122 3971 3193 2164 1296 9333 7594 6273 4407 6327 4872 5021 6055
28 1204 3025 8678 5129 9612 289 5022 6369 720 1676 1349 7873 5259 3974 6483 7307 1225 1231 4604 4778 1755 8635 9945 7505 3938 6184 2829 8683
28 8551 3492 8027 7552 8530 5542 43 1194 3802 3989 9035 3982 9618 805 3477 2326 1117 4534 3569 2827 3115 9305 6139 4593 8081 9927 4586 202
28 2378 1191 5886 5553 5333 4587 2096 5303 87 1118 7209 1444 2852 673 2220 5746 3814 5393 9867 6132 1513 3070 5709 7052 1762 8060 8589 8753
28 3902 2854 7183 3867 9754 1430 6007 9975 194 9883 8499 5701 5830 1418 5426 2187 5295 2488 8199 4649 6126 8359 6899 2063 8782 321 3468 4014
28 4077 4501 9756 5377 1421 3755 7061 6215 8642 4520 3280 2255 916 2944 4157 4434 2740 6326 9701 8312 6913 9649 7252 6293 9576 3207 7424 7908
28 2652 8183 6151 7449 1380 2992 4722 3420 1895 4396 203 1069 781 680 559 4815 2727 4648 1806 5923 3509 6733 9661 6907 5110 8582 936 5561
28 5233 280 7031 4717 5226 3733 7299 4273 4938 1317 1435 8967 1489 3807 6433 6644 4232 3824 2271 3000 2486 6592 8706 6431 4271 6303 3062 5392
28 6423 159 7329 3201 7232 5307 3479 4395 9338 3648 753 8813 239 9501 1137 9598 6621 5236 9730 1757 797 5518 3224 6713 77 9071 7362 5227
28 7883 5557 6461 9933 9139 4314 1521 8920 3018 8238 4782 2647 2408 1188 1142 9616 7630 7231 6195 1180 867 9259 4336 6022 509 9991 4714 9882
28 9111 1691 9131 429 1178 2101 4514 4809 7405 6847 532 6954 1244 8142 2549 7779 5187 5816 7373 776 6514 8014 2025 6077 5459 6311 1150 7899
28 1587 352 5865 8733 3367 5 6634 9172 1759 7664 8147 5550 9739 5808 4669 8926 6204 6124 3822 9897 1157 1274 6981 8555 8979 2008 6332 5644
28 3153 5336 8415 5675 7528 8108 5125 1302 1603 9442 2590 7282 7877 9 1552 3400 2564 2660 8868 1649 2222 9605 5234 3848 4615 6823 4897 7775
28 8039 9662 8850 874 4476 7679 7065 4454 3037 9317 9482 8350 237 339 2424 8373 8401 4706 3776 9711 921 4569 8179 2427 8935 2911 7926 6656
28 9284 6980 4088 9797 4123 791 3300 6389 356 3508 6033 4344 3095 4098 8348 9424 4525 4085 7357 9807 4675 4810 6501 3351 8637 9748 950 2661
28 2648 4474 4568 8625 432 8266 216 2687 4545 3388 6856 642 3241 8015 3063 7763 3928 5957 6900 9614 3032 8428 1811 4369 6059 7089 3633 9192
28 3831 9248 6857 5247 4976 53 5348 4387 1609 3908 8677 6098 6178 3568 3786 3102 5447 8041 1563 4770 1722 1153 8160 5294 7617 1446 4502 98
28 6096 1573 2649 2305 9640 6280 2622 7960 425 6097 2547 2370 1126 8066 153 8982 3409 6249 6054 4711 3658 366 607 3998 7396 8305 2781 6480
28 6950 6543 49 1700 7109 6242 8913 5639 5969 2511 9500 2188 9303 1046 1504 9283 4106 1780 6232 9125 3617 506 7619 1685 1393 1385 2431 2217
28 3922 1038 1021 1976 2841 9773 5167 8022 5802 1039 8067 6814 6206 1642 2939 3616 8029 2447 9085 2127 1534 1953 7073 894 1333 1071 7322 6942
28 8099 9136 5721 6474 2747 515 703 9133 9149 6037 8213 5083 1459 1744 6741 4146 52 2133 4911 6987 7565 5452 8836 37 1227 3421 7839 5836
28 9211 5467 8080 3914 7416 9915 8093 1944 7680 7450 6263 4290 9311 6484 3152 7200 6953 6039 7333 3077 7193 146 2553 9069 9900 4954 6960 977
28 9581 9213 2813 7481 2051 5051 3804 499 7483 1792 1493 359 2033 9844 6156 9570 9140 1950 9749 9199 7497 9013 1443 5660 9934 6988 2075 3555
28 7914 2550 4765 1051 2343 2218 8494 435 6162 1248 8260 2913 2900 877 7882 7888 7912 2690 7314 6525 6401 7169 4012 8032 7100 3652 4354 3876
28 7633 3169 6294 6889 6556 9777 6710 6747 5570 5879 6225 6454 8722 6044 3271 6539 193 2333 6527 454 1902 8126 5225 8527 4973 2959 4866 1778
28 9888 3247 6819 2244 82 8966 91 4642 9990 1693 1309 6997 8752 143 2981 4373 4496 440 4618 7098 7548 4729 7139 1786 415 5092 7474 6088
28 8544 436 8565 9052 1267 1969 9803 2738 8441 2595 4460 2355 1303 2967 3461 6698 5248 7210 772 7646 3624 3572 4319 7618 1958 4590 4962 3071
28 9872 23 4751 8745 9273 1913 456 9395 8680 9818 2891 584 9655 3269 1667 7196 2432 5389 7783 742 8030 8065 9905 7524 7280 8953 3826 8479
28 4466 405 5476 3746 3671 7865 6427 4048 9994 6690 9917 3631 510 3585 4276 3287 7622 3327 1291 6949 7057 2317 349 3800 8068 3308 3868 3021
28 2996 8504 7011 5349 5005 6481 319 2238 5861 400 5533 300 8538 2657 6502 1496 9525 4305 3142 5676 1605 9849 8838 1594 1543 7246 9650 7886
28 1574 4303 3460 1756 9428 2912 1344 4524 7993 1020 7036 3453 6581 6945 2540 7795 618 1910 8674 1510 7420 4242 8302 197 2275 7900 9188 3436
28 929 9850 3027 6234 404 9097 4673 9350 8398 4095 6609 5292 6612 3759 7012 958 7676 2899 7479 4899 6831 9146 8188 2667 7991 166 2786 1773
28 666 3632 5197 7698 879 408 9961 8001 7755 1692 5329 6976 2316 9448 4365 2287 6768 1845 8230 853 959 8456 7512 6838 6533 103 1184 1235
28 4801 6897 7496 4217 3764 6822 851 8741 2281 3487 3379 1630 9250 7623 1413 5695 9683 507 3244 9009 6071 6840 5589 9124 6506 4380 5178 5674
28 957 275 1704 2037 5940 4639 3949 380 7693 7651 1092 2020 5198 7290 3801 6968 7437 7813 4595 8825 1949 3739 7101 2926 2709 9422 7921 6017
28 7901 1425 2524 8833 5598 5144 3033 7356 943 8150 5597 9964 3246 58 2671 2193 5958 6689 5927 4513 329 9972 1297 2250 9705 9765 8290 7260
28 1808 3076 8286 4442 4126 785 4221 5784 1620 1980 6171 6145 2314 1761 9177 9400 7803 2113 6789 7640 4920 6679 1718 4008 9517 4600 7123 7774
28 7576 3505 9506 460 462 2279 7239 9182 980 4792 161 8755 6719 5330 5067 8283 9427 4191 6863 7325 4234 4427 2597 7868 5725 8959 696 9556
28 4830 5944 1067 5310 3323 8954 8375 7278 8528 6329 6069 644 4402 2500 5767 6134 5590 5989 3414 5267 8785 1658 1318 4884 9148 3168 4881 1596
28 4078 1312 7694 9224 3177 3238 5435 9939 3770 6344 3925 2116 5438 2632 4551 4756 6104 4404 4187 8767 5743 2089 9508 121 7386 9398 4556 4821
28 7426 9997 4238 3698 9772 6016 2129 6744 2961 7709 4941 2935 6352 863 7167 9617 4149 7143 9758 4663 5762 8408 3688 4746 8409 1022 870 6121
28 3590 7343 5077 7230 8471 2221 6267 1433 7046 1259 8760 6582 7312 2413 838 1713 9659 3046 9144 864 136 7892 5341 1790 6503 1288 2670 2406
28 1415 811 128 8885 2966 9027 4486 1735 2233 7876 715 2184 3456 8925 1392 9214 2110 6526 4372 7507 7434 3002 9335 4297 5805 1655 6737 6730
28 1717 3235 6992 6459 5117 7957 1865 6738 1121 6015 8089 6238 3819 8334 2348 274 8720 8313 9083 165 3874 3221 5155 754 5549 501 6235 212
28 7324 6671 5136 8547 1080 5867 7800 4452 6300 893 8369 9677 6368 4161 7491 8129 6758 8116 535 9026 5961 6316 7480 7074 1404 7938 1522 2783
28 2805 9727 8492 2252 3139 8651 164 3439 3158 8603 1688 301 4215 5427 6398 8288 56 7808 5750 7372 9265 9449 1900 3219 573 4197 7903 9914
28 746 9538 498 2003 1758 1441 7359 674 6230 3212 4504 1585 3360 5761 6450 733 4164 4847 8331 1992 6144 9468 5981 2927 4228 9452 9100 4625
28 3611 7487 8513 1926 2395 6794 3573 1258 3500 5133 5509 4582 4092 9261 3514 4112 4470 1584 2592 8856 315 9318 7897 5402 1474 9687 4775 9802
28 7735 8730 8781 9019 7367 9489 8012 800 7931 7670 1708 1880 8435 989 6696 981 6396 1581 483 1394 129 137 2612 1728 192 5161 3769 4364
28 1377 7708 5206 2042 2013 8046 6341 3480 8848 7462 3494 8347 6646 6406 1662 4280 8972 241 9611 3395 3793 7905 9450 978 6447 8918 3957 7063
28 4189 2202 336 6756 4697 2024 6616 2794 9781 2243 4178 6674 1280 3034 8560 6594 4740 1502 4861 4142 5902 1646 7998 8777 9134 9080 4540 4690
28 5835 7539 4660 8949 4144 6868 8746 3647 2039 6472 7032 1214 9833 3393 1517 1221 6334 5272 3031 8380 4073 1529 3483 3729 9579 4237 3956 4871
28 4974 766 5740 2399 7790 7773 184 3243 8469 5407 9173 310 7247 6060 604 1488 2309 7425 631 9396 4022 8202 9348 4450 5344 3653 2594 277
28 2823 7918 6778 1442 1554 4817 5188 888 8262 4652 2522 1389 8352 5909 1726 2757 645 7292 9473 5288 4308 2503 5286 8823 4820 8893 5050 2582
28 3815 626 2418 968 6073 1283 8756 1174 3777 9274 4293 9821 6115 7663 4637 6451 1918 8804 9016 3217 458 6467 3910 2812 1765 8272 5481 5273
28 4760 6796 1066 2140 627 73 9665 5296 4831 2646 3892 9051 3488 2973 4761 388 2692 9998 8947 6870 6645 1202 1857 3369 7791 2516 7593 6246
28 3860 2496 6888 8890 4910 9391 1243 8620 3234 4334 3743 76 5108 1879 4851 7124 9674 6110 9676 5338 1384 5735 195 3112 2567 4699 8412 2155
28 1386 4066 5511 4311 421 5229 1542 7840 5769 9889 7131 7830 1490 1829 2114 9050 8226 8023 8379 6558 707 8079 3586 9667 4479 3148 2556 7820
28 9890 5613 9236 3278 2906 7668 1238 6979 9006 1089 5096 5998 9370 2645 7656 3370 5484 3594 1803 104 5264 8287 5380 8520 2718 3328 4956 3375
28 4980 9447 7529 850 6000 1257 8968 8249 685 1301 9545 6813 8512 4045 533 492 6617 2229 2344 5630 3966 3521 7666 3842 4412 4680 5029 5065
28 2672 9243 1746 9286 4716 6255 7605 5390 1326 6697 3277 3563 954 2903 920 9312 4610 4261 3773 5929 3924 5221 464 8535 7152 2487 8774 5987
28 2414 846 8017 2195 5574 6464 7349 8423 4003 5490 546 8892 7846 5122 3941 6432 335 9567 7093 1230 6031 2669 661 3237 621 448 2532 7187
28 5062 9288 2005 2396 5258 8681 6676 9461 7202 6385 4921 8907 2416 9010 5752 5505 386 4070 1591 176 9638 2875 8742 9065 4702 2189 6974 8114
28 2265 3628 1779 130 1390 1612 8958 9310 437 1360 9815 7983 7340 6757 5104 3978 2419 1578 2131 9746 9938 2421 8690 8672 641 8024 4791 4747
28 13 9498 1186 3932 2914 8421 2770 2499 5090 6860 2100 8335 5854 7973 7493 8688 211 4654 3248 495 4041 5437 7220 2046 9947 2999 3381 9969
28 7256 523 271 6961 2147 167 6990 5177 7142 4929 2928 1172 5847 9411 4167 5737 9103 3088 2460 3792 6834 9859 9903 9524 2510 3758 6189 7540
28 3123 8152 6046 4480 4834 7381 2673 1420 6236 1680 6820 5169 3879 8255 245 7515 5013 5131 3973 7825 9715 1570 3838 7683 2093 5926 1928 1993
28 4661 2583 736 9785 8445 3049 8791 2433 3156 5687 3484 741 1650 7043 3108 5546 7834 905 992 7716 4528 9176 9977 9020 638 587 7885 8670
28 4574 3775 5917 3866 338 7158 7464 484 5757 6666 4945 911 2121 861 5732 8175 2972 536 8056 3900 7530 6254 6541 8747 6660 4518 4832 7368
28 8948 7337 1113 1835 1241 3267 7891 209 1081 4542 5304 8144 9490 9824 2982 7558 4570 1732 7447 8086 2773 7567 7799 6943 2094 2881 3202 9837
28 5645 1271 810 7516 8237 4104 1009 901 2542 7415 5175 8106 5894 8842 1409 938 6884 2929 72 1844 4558 293 4326 4042 6002 5471 7537 4978
28 4052 4246 6623 4917 6869 2519 5637 1525 9554 6711 8889 7432 331 5450 9595 9830 6807 7064 9239 3915 5414 1501 4908 1951 6136 1464 6650 496
28 9371 27 5069 3350 6313 3332 9394 4315 6553 3774 1419 67 8989 729 8796 8295 5242 812 8671 9028 162 5025 3374 3157 426 3522 7697 9558
28 395 7186 5914 9606 9033 1787 3205 2613 3185 323 3546 1915 600 3377 9326 6786 1376 4609 7762 9386 1814 7562 7754 5946 2054 5280 5361 7364
28 1965 3929 8592 2769 5829 6580 3090 2158 550 7135 70 7958 7701 6996 4471 3067 7999 5357 7262 4464 364 8075 2434 5615 253 2041 8514 8351
28 8267 6770 9492 4046 9790 738 7538 3830 4247 7784 8253 4212 71 3806 1461 4727 6353 3432 268 6549 1703 2074 5039 1254 9679 7843 119 7348
28 2636 7216 915 9811 6504 6485 8320 9437 9798 7268 1158 7076 4132 4578 8621 4027 5741 7189 9875 8524 4536 1827 2978 7457 6169 3226 8945 7049
28 4764 1247 8297 6936 2752 949 3541 6419 4889 4691 2924 8552 2017 2817 9359 5662 3004 1213 2045 5891 1475 5872 8510 9277 1798 9916 4256 6596
28 7006 7030 2604 5128 5460 555 590 3520 8874 363 3402 4869 1972 8886 1636 1456 9999 2321 8997 4606 8069 6517 6799 6339 6867 8225 6524 7534
28 862 6347 89 5461 1210 9165 33 4134 2179 4272 6893 5694 5579 6749 2739 8190 1088 8684 9511 5469 3750 2476 1633 9170 6360 8487 5365 9343
28 7609 5595 9251 7026 1890 8462 3741 6971 2601 9254 8245 4266 7989 1314 3463 8759 505 8269 4451 122 727 1018 823 1470 6921 2544 5897 1990
28 5030 5583 502 5751 2168 4309 4137 5875 4229 8122 4130 9072 4599 1721 99 4207 5081 8119 2726 1273 7302 3309 1005 1812 731 9723 9841 9527
28 8407 6683 6093 6925 3442 8072 7028 8649 848 9093 1647 3310 3435 9185 2032 8051 1848 538 8459 3789 2002 217 8393 5702 2514 2357 836 3006
28 2182 476 7358 5116 6283 7607 173 7541 7629 3565 9368 4284 7620 1294 9547 802 2445 1450 2362 7051 1528 5992 1841 6325 2170 7789 6269 8314
28 5777 612 1924 8049 9751 610 4828 106 9231 1218 6914 4892 7589 9381 5727 86 3043 5672 8198 2515 469 8531 8902 2721 9710 4352 9968 4712
28 9446 3482 5564 8841 3164 3318 6299 3934 1839 313 4243 5282 9043 1103 5804 2034 3013 744 3714 7797 9541 8888 1277 4531 6013 6762 3038 9510
28 3256 5241 9940 8906 3009 4030 4069 6274 902 4647 4844 2610 2019 231 2869 4113 6518 5340 8303 9226 1355 8157 3447 5515 7810 2616 5635 8009
28 9340 9992 4481 3762 931 4053 3019 1932 6328 5508 3506 5291 9280 7962 9729 7378 3204 3408 1823 2023 4102 7452 2483 3450 439 4698 4585 7341
28 6845 553 2855 1499 9484 8526 4313 3430 4413 4958 8878 4914 5080 9367 623 1536 64 5415 5139 5602 9684 6636 2883 9025 1119 8941 8583 9941
28 2417 4338 4996 2736 5713 6985 5670 7927 5278 833 4732 140 2390 4748 6692 5378 7500 1336 9518 6023 8361 3133 828 1576 843 1079 6240 1185
28 102 1035 8969 9130 2535 5990 9565 3489 9531 3398 8153 5000 6082 1936 6426 7909 2945 8396 8839 3397 9206 6801 7734 4664 7050 9113 2493 7134
28 3581 4392 6959 2526 4195 4304 2918 7240 4885 4888 1724 5818 5024 782 7725 3343 5037 6045 6127 5271 1200 3676 752 5538 2819 9505 8539 7559
28 9328 3665 8851 9592 9974 4082 7777 243 9425 5382 4435 7059 567 3700 7844 4819 8210 2700 2941 4508 4709 2363 8985 9034 6153 6397 7654 697
28 1641 9791 928 7020 8751 1276 6859 9880 6331 3545 452 3721 858 2056 270 1887 1161 2886 7632 4876 1987 8951 4468 8779 8218 2444 1559 6405
28 9215 8590 6595 9884 3992 1740 7598 4672 670 1207 6574 1163 5974 6892 7953 5479 2485 444 4719 8473 1438 8449 6241 1237 9563 9164 3901 7936
28 2711 8983 6664 1278 1562 5883 2608 4950 6572 7812 1228 223 2818 6253 7310 5758 5239 8626 2650 8705 1388 1989 7486 4927 2523 8916 8387 1793
28 8372 6597 5938 9804 663 5318 6866 7561 5369 1545 4533 8939 1796 2082 7088 4839 9419 6739 4023 4269 8173 9486 5232 5764 5569 2345 7850 1177
28 3075 5008 1491 7724 7625 5714 1593 6764 2303 7419 4728 6585 7157 4925 2006 1819 1537 8480 9693 6349 4013 5824 5657 2559 3993 4552 6498 2494
28 1833 6154 34 3264 6278 221 1770 2679 3912 2802 5964 6378 2465 2893 1063 5982 263 8420 2662 7780 6259 4484 6593 889 7106 1369 6149 9982
28 9413 2864 665 8438 5680 5478 9223 2409 3215 9376 9593 2780 428 2534 4317 4080 3895 8587 4894 4972 7904 2199 7440 1995 8516 6028 1350 233
28 7855 6687 4214 961 5182 208 5916 2950 409 5070 7925 2946 6187 9672 6624 4934 904 7975 6775 3475 7269 9108 3257 4490 6181 1615 6842 6301
28 3171 9826 3501 1417 3 7974 8285 5315 3654 257 9970 2382 4825 5839 8475 5622 4780 4865 5078 5625 9062 7895 1527 7551 1939 3962 1484 5690
28 2198 8432 2836 2940 1961 1994 5863 107 9314 615 7776 3434 5691 6457 9453 8168 3890 912 1619 8048 433 7204 8556 8522 196 7319 2634 8898
28 90 1424 3471 9128 873 6027 956 5556 4640 8944 5420 39 2606 9008 7924 6119 6079 9709 6307 8662 4626 7659 7287 235 3663 6513 561 7887
28 2452 6001 191 8872 9752 1042 5079 5376 2843 5059 8862 2948 683 4617 7831 7778 955 755 3089 1356 7198 8252 10 859 6783 9987 5953 1868
28 4616 7222 2263 896 2201 4567 5925 8263 6296 4163 881 8832 709 5015 4120 8860 4094 2839 7963 748 9114 4462 9301 2618 1361 6881 4345 8465
28 6229 8447 854 4824 9816 81 6105 6212 204 2558 9090 9116 6993 4160 9931 4955 297 3276 4499 6529 5363 6089 5120 1957 7738 8891 9697 7756
28 6956 286 544 9079 8765 5610 9864 4083 7045 5121 3315 6449 3849 918 6904 6226 6403 4035 9337 8452 890 2443 695 2328 6159 5618 8132 7911
28 8246 6720 8481 5534 6922 8991 771 1888 7105 8013 5440 5770 3926 7696 7102 3129 3319 5150 4086 4731 7303 8485 6619 8058 749 9003 966 9770
28 4141 4989 5185 7351 3845 7637 6167 8828 5146 9363 3286 2857 9365 3382 5718 3886 8843 3125 4439 3178 6108 3613 3424 7644 1509 9438 7194 3386
28 2563 6785 4318 1809 1644 9856 8679 5163 4446 7815 9976 8976 4930 5027 48 2475 4482 5554 7127 4208 346 8344 932 1287 1705 7817 3106 1651
28 9858 8128 7611 9039 979 8992 5228 8506 4457 5384 5647 3490 9769 5093 5477 9852 4522 9487 1252 7506 3230 4000 8045 3493 4995 6266 3305 7502
28 6891 6425 7331 3172 3898 7176 964 5512 8700 6364 4544 3020 9287 4288 9716 3250 2568 4143 6736 4725 1251 9377 2953 1580 5870 3840 1001 1298
28 4768 2795 5794 9378 3050 5058 2868 177 4325 3105 4064 123 3368 6345 5202 6323 9021 6678 3945 5563 6122 9374 2392 2261 8559 4998 5779 8194
28 6669 3551 7014 3126 5436 9874 1160 6874 8728 4241 5064 3846 2877 2165 751 6565 7591 2702 4016 3738 6855 7687 8647 4584 2571 8484 3580 537
28 6808 1364 563 4436 6718 62 630 1299 5074 1074 1166 5699 8332 213 4414 1736 649 7079 6505 4330 4859 1628 4979 9924 9542 8501 824 6216
28 1359 4632 4067 3373 2085 1165 8609 4205 3167 3850 7071 1524 9068 125 4855 9564 7438 7103 4886 4863 7686 4342 1479 4631 6308 951 1345 7722
28 654 8468 2557 4006 8063 7203 385 9393 4174 5603 4519 2548 9278 7588 4351 9757 834 8082 6839 2458 728 6101 5445 6251 3717 8228 7805 4977
28 4634 5939 1407 3682 3391 2677 7526 9362 1797 8794 7802 1747 2092 8137 693 4614 5825 1623 8608 9142 9298 9691 6289 2990 6704 5507 1851 1508
28 1660 4701 417 8324 8074 4553 5433 2247 5434 7190 972 8769 6010 3003 8787 5594 8773 5495 4399 3296 9245 5922 2109 4961 3959 3345 8092 7215
28 7794 8406 4803 6150 2212 7185 4597 6615 4799 5397 3986 5405 6386 1029 6706 2951 9469 1216 875 5494 5143 7600 7048 5812 9001 556 9403 7021
28 8085 5041 1014 5696 1448 6554 7878 4953 5935 9919 3507 7766 799 3132 3180 1832 381 248 5778 7504 9275 5358 3066 7125 2712 4683 6564 1627
