29 8995 5213 5149 3914 3551 8890 6876 9183 2477 7142 194 8455 8296 9228 7557 4723 9911 3067 9893 7425 6880 6592 2667 262 7972 3959 3653 5473 3030
29 9488 5383 7704 736 8697 4175 8756 6727 8700 7111 4566 6773 7025 3685 6462 4855 3301 9290 1052 4886 5625 2277 349 1372 2478 3957 6776 2809 7021
29 6056 1959 8579 6871 2141 5941 906 3170 4446 670 5012 2276 8943 5420 5198 1223 5827 6953 9676 9659 307 5576 9348 6467 5624 6179 1396 7165 936
29 156 2758 3921 8438 6313 8445 5748 4983 5514 5975 2233 5253 4544 7247 3974 7273 5230 1645 5733 7081 1201 7451 823 3000 7951 6907 4940 7063 7652
29 4891 2234 5310 3383 3306 6475 5082 6304 3997 219 3069 3777 9332 7400 3609 2872 3088 2113 8866 4558 9137 8229 9523 4973 3274 5582 1181 120 1289
29 3353 1466 1192 1130 6421 1076 6444 74 2912 413 1302 9051 9116 4883 922 1137 9389 4819 7681 7241 1640 7469 1031 2405 1375 4590 9829 6014 7649
29 6424 3160 9445 4768 9967 6790 5235 1760 8289 9675 4988 8253 1861 3981 3290 5479 7079 3927 3549 1649 6158 5893 4894 2079 5819 6881 8311 950 3767
29 8849 191 3076 1842 7203 8884 7016 530 9406 3299 6585 4374 7863 8734 292 4277 4943 3567 5393 7624 3294 7819 3727 3447 818 3404 8151 4954 4644
29 2870 8121 2069 4697 8778 6374 1123 7393 5302 1304 3281 2502 3865 5972 7983 9299 4738 5295 3012 4499 9867 4211 7325 4445 9950 1017 9995 2213 5361
29 8220 8232 846 1614 6888 2992 2126 164 7065 9599 2536 2161 9664 2970 9278 5565 3129 1453 5758 6724 4283 4626 7714 542 8376 9613 6867 2530 6172
29 1472 7633 8952 4773 1037 6764 434 1080 565 9126 6287 5584 6976 1726 7431 7882 6714 1291 6326 4299 1582 4781 1501 6713 366 390 966 6680 3868
29 3042 9111 5595 7186 4824 6258 1620 8766 4394 7776 2262 8899 8145 9769 7355 9707 1063 9480 1528 7283 3910 2471 6934 8112 6858 3946 749 7796 3345
29 2996 3592 6190 4834 8657 7439 466 8381 8873 6472 8931 3925 1683 4064 844 7171 1392 1142 6054 4023 6370 8136 6047 1432 1136 7616 4600 7804 7533
29 9014 2693 4922 6620 4474 7667 6516 9302 4140 9815 1074 2935 4720 1507 4633 6009 1567 2432 2653 2455 6848 4790 8520 6209 2926 6587 8585 3444 6955
29 7782 2351 596 3333 7723 1276 3126 6686 5580 4844 2790 116 1920 865 3389 6617 8373 5640 7961 7064 3789 9977 242 2962 4664 2969 2291 1651 6969
29 7427 9054 773 3322 4910 6995 9229 7541 8958 4545 1971 8808 8721 4420 3094 9091 7623 5924 6387 2344 7160 2437 8354 4013 3111 808 8360 9768 977
29 2265 6154 2815 9522 1267 6474 1822 9338 6711 4289 907 5121 8821 8509 6063 2372 3805 9570 8336 4729 8785 3966 6071 4959 2093 9607 4331 7593 9307
29 3233 3922 7689 6890 5598 4050 1854 5670 1349 4028 6559 55 6434 2076 6841 1761 9177 4737 6448 8086 3658 944 8856 9945 2848 3135 7246 8105 4576
29 7662 6229 6970 4662 170 4996 1160 9892 597 9084 8423 2050 709 6238 2845 270 9513 6759 7573 506 4142 5190 891 4381 3995 8062 448 3116 3403
29 5062 5679 9351 5237 227 6482 7878 2331 4486 5035 8532 2656 911 3317 5963 8142 318 7310 5651 9534 8748 4225 9639 6089 948 516 2894 3148 6217
29 8644 3265 8407 8653 1285 627 3741 6221 5201 8517 7743 7958 1589 4471 5840 2462 8331 8396 5422 8822 6297 4920 9379 2953 7601 3840 5375 2956 2217
29 4661 5454 3060 4960 598 4278 2591 1004 5739 5159 1309 2511 2408 3035 2464 5040 2684 5971 9846 5362 1979 3900 7250 4850 1237 7841 212 4923 953
29 9284 9460 7576 1925 7116 8934 5436 7327 3908 2132 3078 9289 989 9959 198 247 5299 6726 8276 8757 8656 3577 5892 2751 3483 5092 5667 5681 7917
29 2851 2921 654 3951 2876 4660 9489 1917 91 173 199 6862 5412 7340 3639 4522 6539 4310 7141 3761 6579 826 3413 442 7228 769 4767 1891 6835
29 7901 8019 4764 6928 5313 8586 3164 3420 6485 2194 1096 9728 2724 2589 1544 1829 5214 8056 4203 1569 4427 608 5571 8247 1947 9987 2067 8385 7315
29 8097 8432 2550 9117 4944 4716 2775 5079 620 4874 4562 4040 6412 3631 3127 8489 500 4429 4693 7350 7563 6248 1605 9331 8024 2203 624 6898 6404
29 2223 3209 9328 9752 5529 8026 1969 3182 2061 4888 1680 4483 4941 3065 1457 8882 1225 492 1338 6468 9758 3578 543 2862 7480 5398 5728 224 1199
29 4616 2836 6234 5528 8797 2293 2129 5976 4530 290 3364 9149 258 4045 8115 5648 3776 8082 7027 6965 6571 1859 2393 7711 6339 5812 9642 8180 1793
29 6197 6096 1641 8730 5846 81 3411 4718 3847 3430 8511 9949 3646 178 2842 5577 6837 3004 7632 440 8612 8706 218 7666 3936 3015 6537 5747 5240
29 2717 436 9175 138 682 4205 2024 402 1708 7135 800 4212 6368 125 379 8109 5199 8168 5572 3569 3864 9364 3996 4008 5559 8962 7747 8043 7966
29 8033 4506 7539 4802 6889 6073 3541 1218 3398 3711 1692 5343 4128 6763 4623 7803 386 6220 9726 6020 9402 4301 160 2588 491 4791 5907 9431 4635
29 2635 8786 5557 1024 3005 3260 7028 4642 9898 5096 5296 9279 8604 4425 5259 3137 354 9483 650 7095 9503 8930 8535 1328 4416 1071 7521 2901 5418
29 4466 3051 9136 6416 9907 2940 1961 785 8206 4387 1724 7846 6707 6701 2387 5539 5357 8847 6315 6302 5381 3725 2515 5586 1874 8045 882 1690 1508
29 2995 4989 3324 7031 9688 429 3439 7988 4069 7925 190 1436 8855 3147 2671 1719 8550 4839 7733 4982 6896 7786 316 88 1930 2467 9505 5644 824
29 3491 7297 5130 5031 5522 5462 9961 7296 7993 8398 4370 9919 2984 1936 95 3695 9796 5958 3638 7963 5589 7826 9171 7269 5140 8792 1474 1295 7417
29 2772 8372 3579 4543 2524 5912 9494 871 2176 9327 39 468 2683 1000 7009 1963 1903 274 5098 2486 6839 2458 5300 501 1798 2616 3758 8774 3227
29 6042 9211 7343 3150 9258 4636 7383 9583 1158 8581 6705 339 161 1695 4343 1244 7143 8571 3880 2023 728 7452 8554 6533 7687 2349 1333 6269 277
29 8315 6347 474 2182 1442 8865 9241 6519 2435 5278 2014 8760 1020 3819 6399 7172 2219 2324 9518 9373 6536 9176 581 4039 1318 1607 5734 3468 592
29 5326 8504 7448 5109 2469 3907 9803 1055 5224 8562 9317 257 4243 9222 4417 7237 1968 3109 1757 2592 8817 9715 4631 6273 9894 6358 8819 4097 2149
29 6440 5511 5984 6796 9200 1175 6554 9461 4325 7091 7076 1121 636 2412 92 2185 3319 6350 1156 7420 5019 7550 6899 634 5809 6532 5711 6542 7471
29 6781 586 5209 8678 8093 2744 4478 4607 5360 5683 6037 7300 2811 9010 3415 1736 6540 4541 4198 5444 5431 579 9082 1699 6619 8058 6960 6588 4364
29 9738 2652 5020 3875 2747 2767 150 8912 6860 6171 7243 1880 7766 9455 1498 5067 8758 9810 9587 7834 2461 1500 7445 7376 5538 8363 7926 7470 694
29 4852 3247 5919 3410 9385 5901 679 4527 456 590 7670 3105 5791 2165 3978 2237 2739 2114 2022 4750 7003 5665 2063 6077 7604 77 2819 1119 8805
29 6891 6980 7781 9696 8266 9816 541 6847 919 1081 8848 9737 4334 5018 3740 1894 6946 985 348 3594 3550 1912 1110 2516 4257 7998 451 3531 3642
29 8141 9168 5354 7279 3856 5815 6657 1525 6436 991 9921 2548 9497 8222 169 4862 5248 2839 1780 6081 8795 6103 1669 5599 7125 426 1001 6301 7947
29 6198 377 7395 7566 879 5713 5520 6084 4396 1836 9260 1301 4021 3199 2540 512 8702 9626 1502 6118 7103 2443 8853 172 9301 9244 7502 8548 7322
29 3756 1143 6445 3987 2221 7158 2352 7117 7679 2266 2748 3407 8358 1003 1221 3514 7129 2757 2696 8054 5288 9221 9608 5629 6059 9788 4087 7936 7820
29 4980 724 3772 2384 3462 9612 7607 6618 1767 2624 6160 6085 6684 7118 394 5373 2225 398 8860 524 4786 9521 2529 5560 2123 8823 7477 4605 8629
29 5876 6340 6669 1377 9899 2145 422 2106 8645 2538 6674 2590 3020 8446 4992 1744 7298 471 8196 1047 8635 8800 4296 9819 7192 5459 6173 960 9188
29 4398 3187 8781 8324 667 5744 6738 2664 2542 203 2281 8911 3303 546 5718 7558 9448 2753 9105 9749 7977 9132 1900 4173 9934 4571 7289 4866 6055
29 5057 275 9646 4217 5973 6826 5726 4190 8211 8147 6082 7407 7039 7853 986 1070 4106 5447 4207 8825 2162 7198 8508 5234 5243 3308 7544 2268 4594
29 7138 3425 2765 1595 8970 2622 3326 6036 4691 5183 6230 4612 6298 9547 9876 222 1013 1823 3418 3749 6788 7594 344 4255 6709 1958 6865 7764 2582
29 2734 4078 2191 8530 3623 216 1042 7777 8454 7038 9087 2867 2017 5847 7500 8762 2475 1054 1073 725 5630 1006 9775 9468 1281 253 1350 9556 5208
29 4473 479 4071 3350 5475 450 5969 7728 1725 4163 1206 7935 4316 1406 8650 9217 4800 9922 992 4778 8684 8557 8433 1481 8981 2968 5261 1445 9860
29 3448 1247 850 3266 7752 4053 252 930 7745 8076 6697 9964 2424 6024 9694 153 6492 7133 494 4620 8280 1041 2491 7303 1682 4224 3589 7861 9841
29 8946 2793 7545 5345 1644 8765 1700 7661 6634 2009 1329 8248 8345 1166 1706 263 9717 8133 1173 1162 4704 5715 129 5305 6447 6325 647 6842 1637
29 7720 4807 3991 5400 15 6520 4144 1174 3297 1689 7880 8476 8877 9280 5817 7999 6365 505 8900 1710 4208 6317 6019 5657 9285 2448 3214 2254 4827
29 570 8919 1021 1985 2633 8872 9874 6262 2689 4229 2547 3812 5752 5175 7104 48 3073 4837 6853 7051 8163 5004 6943 6335 8556 321 2518 3072 1875
29 5524 4611 4769 9594 6770 4249 8833 8910 3949 8939 3340 5568 9118 585 2015 8999 1046 9276 7226 5636 8662 10 2073 5089 7551 9748 2911 8574 5470
29 1204 8044 8699 3238 6857 7698 3347 1532 6990 9407 5490 3429 1419 2967 2370 9381 2697 4731 829 4187 8312 5710 4613 4913 5719 2567 2749 6157 9015
29 1965 1111 3291 73 1531 6211 3625 4514 1411 4665 1904 9233 1796 8347 6337 6060 2278 407 2259 4234 7913 1518 9710 9253 5649 8770 937 447 5635
29 1179 2330 5077 7494 3992 4567 8249 5353 8047 5763 3018 6277 9072 2657 6941 3824 5978 3007 1403 1523 2362 423 6254 3066 714 9064 4890 7756 9418
29 3423 9282 6151 9139 1704 5632 1283 8277 1433 1526 4204 331 7816 2780 6044 1452 5775 9653 8138 1984 5286 3788 9637 3438 940 2275 7930 4131 3555
29 6430 553 8927 4581 9755 1465 3811 7693 7408 4444 5439 8106 4822 4925 7013 1621 8295 8291 5194 9316 6107 8021 8531 9813 6041 677 2345 6524 98
29 2584 7590 330 1141 780 8257 2001 5022 1133 5742 7105 1056 1170 9303 9453 6611 2945 3976 6700 7565 8259 4451 6534 7644 1209 2456 4235 6169 819
29 1938 2512 9984 6092 5680 4867 703 4672 3803 9240 6612 5163 8558 7378 8639 6147 9066 5187 9237 6831 4209 876 8985 5922 7730 5527 825 8216 7805
29 8854 9053 6791 2649 6102 2785 8486 35 6854 4856 3280 6352 1688 5974 6129 1490 8614 9981 7813 5271 2438 767 6289 4746 4012 1686 1106 617 6405
29 2993 7883 2769 5855 9227 9322 4550 8292 2687 3336 9412 3431 3568 781 6026 2364 2602 1246 9262 6489 9541 8427 1384 6583 1815 5729 5698 6088 4188
29 7642 2766 1942 7516 5675 4788 435 3079 1009 3784 4472 1630 6508 4497 3692 9209 1451 7155 3884 1625 8998 5217 3624 5549 7152 7019 4735 9958 1921
29 7426 1666 2607 1066 8701 5654 5472 4730 5303 9499 5852 777 3742 3134 1774 7007 2287 9103 9226 3714 1827 5319 2072 1153 1479 4615 5196 6189 7534
29 1831 7382 2417 6294 4259 5171 4896 956 6535 1602 5314 6206 1444 3251 6772 9070 633 5331 5164 9230 9532 8456 7119 7617 6636 1672 1990 5269 2668
29 9670 9692 9166 3505 5966 1238 7176 7061 9055 902 4047 3166 3839 1097 6384 3382 3344 5485 6525 4409 4912 8905 3397 8763 1018 6784 2544 4184 4901
29 2603 6497 9058 3177 1062 1756 1674 6622 5760 5106 3427 7830 6609 799 609 9256 2333 9647 1286 6420 5145 8836 1775 6360 3940 4998 9882 3595 5320
29 8099 4172 563 405 5387 1131 9378 8840 5793 943 5404 5862 5964 580 8348 8254 5154 2029 1043 8379 912 455 1266 2579 9900 7166 5466 3913 7066
29 9038 5886 7787 3764 6961 3373 7109 9329 3513 2835 3825 2647 4637 2082 1358 1439 7912 2309 2361 3915 3357 4993 9805 9667 4353 2046 9113 5317 2783
29 601 7609 6284 698 6242 4152 3267 4395 5058 9184 4882 8638 2033 5200 1122 8886 6968 6678 8452 8199 8313 3077 2655 9201 7396 1115 5285 8909 5638
29 1769 1573 7579 7042 8207 4777 9772 184 5222 690 111 3234 3494 6989 4776 1391 5962 613 6900 2299 7591 1583 2773 2392 6774 4105 6159 7435 6627
29 7148 5903 3323 5153 6003 462 393 5900 7784 7024 4344 9821 6552 861 9367 6180 6939 2181 2941 3969 4206 9396 2109 9524 4666 7852 2661 4916 4678
29 3660 9997 9506 3172 3954 837 5318 1592 2646 5352 54 9703 2465 710 9185 6809 1413 7893 5899 5931 5676 9663 5864 2812 1841 946 3580 1404 3082
29 45 8399 1030 476 7412 60 106 4630 1012 9308 8005 2686 9809 7554 5169 5727 3401 7093 342 4220 7220 8157 1251 6717 9398 3816 1678 41 9741
29 7643 702 5934 2711 6452 8913 9909 3871 5126 5784 5856 1668 3813 5854 1409 4838 5394 7570 7879 6528 9036 6307 9682 1718 9863 3800 8032 7886 4963
29 666 6603 2430 1751 3703 309 8714 4880 6411 322 3545 1797 4914 7701 67 6653 3458 72 3566 5620 9776 8173 7389 3154 5918 1762 587 8092 537
29 6668 2446 7969 5206 3099 3460 7227 2728 2179 9420 5010 8337 7873 5417 6721 3944 9673 5982 5047 9920 6984 7287 6825 8449 4699 3328 8060 3386 126
29 4322 5266 6765 6731 8053 8906 3851 3675 1368 5384 4869 8889 872 4601 14 4033 52 6861 5810 1989 5469 2875 983 2964 8690 20 3661 5065 578
29 1999 2863 6819 6363 9606 9504 1051 5177 1259 1777 7815 5434 6510 8278 8242 7712 4470 1763 5463 1084 7874 9061 197 7048 6926 5725 3970 3106 7492
29 4830 445 16 5532 3680 5116 5857 7144 9885 5119 8541 6213 8153 4284 8826 7212 1632 6134 2447 9525 3754 6875 8169 885 6602 4228 3041 7631 6142
29 612 4057 558 1590 6600 8418 5706 2301 2629 4858 9548 4647 2316 2020 7884 9763 9008 5957 5708 6394 1273 1065 3354 4369 8935 661 6356 5618 1648
29 7849 7613 9236 3694 7230 6983 7406 147 6274 9753 1360 3785 4583 8512 984 6486 9683 7507 1941 9098 8510 1463 6465 6076 3527 9383 166 9615 2634
29 5046 6879 5370 740 5368 1907 2433 7842 4079 4313 3330 3563 2720 5766 7725 2004 8329 122 6120 2453 1324 7497 5328 3948 796 7371 8484 6090 4347
29 2648 5835 8468 3380 6155 130 5714 771 2846 9526 239 5818 7949 1176 9390 830 9424 3287 2347 5688 9605 7224 2476 1834 9291 3062 5621 2444 4539
29 5673 7006 5553 7946 2085 854 3783 3905 8250 3507 200 2682 6692 3807 4955 8621 2060 6777 3419 3617 7685 3029 2065 3588 3196 942 9025 9161 7774
29 4753 4238 7639 7397 9632 1737 2519 2144 9880 2188 7824 1908 9818 2763 4125 8843 2551 7634 6682 6372 4653 9062 9449 5437 9731 8018 8583 1177 5107
29 6428 9360 7416 3844 7299 9980 3205 8687 995 3489 1618 863 8350 3629 832 9140 3325 5267 2081 1733 3822 1811 9657 9953 4532 8953 8270 3366 4881
29 7256 271 9743 7543 2482 3917 5916 177 7671 6049 5327 4873 4986 2928 5848 9297 1195 8537 7762 1850 723 1514 8716 4000 696 5372 6828 7885 119
29 2156 8299 8835 9251 446 1344 2768 5315 9442 9006 3683 3286 1319 8332 1838 559 1224 6336 1252 708 7314 8202 2676 8902 1786 2094 4271 5453 3529
29 3720 1734 3598 3027 6255 7060 1898 2298 6795 3037 2771 452 5367 4598 2632 2034 3400 7069 6469 4202 9013 1987 3141 9948 5391 1316 2481 4685 5844
29 5604 5334 5721 1745 27 2395 9954 9585 33 8815 7432 9287 4136 2857 7130 8780 7231 3963 193 3521 783 6608 2885 486 4877 754 3207 2985 7903
29 8078 4754 7337 3640 2147 5144 7944 3610 1229 1804 7876 334 4132 5281 1879 8148 5730 4645 6034 7428 5316 4102 6031 4407 5948 25 6216 3474 9600
29 9392 4949 8472 6382 6177 319 5228 1420 8812 2794 689 2960 5530 7459 7114 5114 3213 7889 1265 6967 5212 4968 857 8323 5872 9579 3958 4384 7854
29 3240 1746 6599 7833 2396 9315 8754 4575 9771 7660 1998 9917 2355 7159 3269 189 2882 3576 6466 9566 9028 7501 9557 9978 3717 3601 8100 3663 5227
29 1846 5914 4715 3681 8492 6395 2569 663 4745 7950 1872 8538 778 1701 4120 8355 3852 4162 8419 6400 29 9638 3002 1902 1939 641 2041 2681 4978
29 1566 8090 3630 5388 6016 9702 8251 5448 3335 7473 4835 1792 3271 6429 3461 3684 5531 756 3253 6963 5986 260 8102 9143 7991 8559 5736 849 8387
29 1813 7982 816 1250 8439 3582 7867 6215 7872 789 9057 2802 9370 7282 3869 9024 2226 6064 4191 3973 7825 8014 3053 1594 2095 5660 7938 869 8395
29 523 8961 4481 515 9273 9665 8937 8123 3480 431 9575 8963 1870 5611 9040 5909 211 9325 4043 5672 4860 8065 4531 1957 7900 340 8782 9164 531
29 9435 3044 8949 4170 1659 784 2218 1373 7316 5068 5890 5547 3229 2019 1552 834 6334 1584 4656 1400 4024 9649 8811 9881 4646 9403 9782 8443 8096
29 8103 7175 8183 5829 9520 9454 7379 5218 51 9203 741 2071 3747 9430 9617 5505 444 4719 6940 4372 7057 1279 5684 9679 8302 1943 3421 4419 2565
29 5798 280 4046 9096 5967 2049 8741 185 5757 1545 1754 3543 8260 5080 9935 7859 1461 8926 5631 9722 3823 3990 4108 1981 4702 7029 7997 6614 3530
29 9814 7132 5233 551 3181 2358 7177 6616 2289 584 8055 8258 7345 2416 4813 812 414 2898 5573 5977 279 646 6478 2222 5849 8880 6442 8314 1911
29 5645 9141 6935 3288 5564 9394 1242 4722 9762 5329 8325 3508 2705 8842 7509 5874 5786 6127 2445 5037 9620 6004 3977 8994 1538 9080 9422 6207 4329
29 5147 1325 7222 9037 6868 9636 5783 8262 6566 4221 3277 5277 4774 6375 9464 9427 6006 9929 9295 5754 3475 3964 5602 6324 5859 2357 3826 2054 3159
29 7313 2849 4994 5351 2168 4096 9356 8917 4263 1193 4401 387 1960 8864 3220 7018 4847 56 6526 461 3980 3561 9108 6917 6366 2211 5591 2431 1363
29 4523 9951 2557 2263 3283 9678 7992 7045 6574 3203 8755 6143 3095 3370 7265 6111 8908 2700 1476 4711 2420 668 2612 4346 6251 9563 6371 8636 4585
29 4447 5777 9446 2777 229 4917 8282 813 9777 9870 5289 7195 4657 3705 3441 4335 9334 595 2988 1426 8382 5932 8647 9041 4484 6506 5044 2155 4775
29 9191 5954 5939 5371 4757 2506 3984 2613 7202 7401 7334 7071 2474 301 6665 2690 490 2419 4868 1362 9574 8069 5141 4995 2999 7856 1967 6303 9982
29 1125 9215 544 9079 6275 9966 970 2401 7110 6354 4958 1986 8279 376 981 4761 1667 8200 853 6558 7686 2117 6642 6 9508 8402 3517 6202 9837
29 5889 681 9159 9925 4009 4015 606 6359 8627 2122 2707 8642 8437 639 4157 7515 8529 6487 3204 3056 3022 6852 137 4366 3450 9003 3829 5789 722
29 3155 9408 7606 2000 3186 6744 4048 5863 2322 8231 2178 9247 7099 3490 7072 2798 5628 5622 9674 97 4863 2127 7342 1378 6239 378 8228 1851 2367
29 6130 6664 3815 4318 4794 432 132 8584 7361 1299 1557 1182 4241 3284 5790 8155 6877 4555 657 7333 591 2694 1305 3583 2829 8736 1263 8218 6441
29 9475 5500 726 4099 851 9761 238 1839 7369 9658 6690 3982 3553 7035 5943 7181 5540 7437 4814 9843 1970 2856 7657 6040 3219 8916 3472 5491 3697
29 159 34 4279 552 817 5457 4969 134 7405 2409 7767 1585 2457 6471 4602 4614 8016 9077 8098 7067 5143 3070 2976 9789 735 9001 4964 4680 1154
29 6557 9246 4392 281 6748 2012 6312 5348 4519 4158 4292 7284 9562 7443 7549 680 8158 6734 7646 2605 1663 864 2363 2545 341 1655 9330 6264 4871
29 9887 934 3361 1863 2005 738 3537 5826 6966 9436 2887 6185 3453 611 8334 1382 3641 3728 7716 1687 8496 1696 9766 4537 1937 697 7261 4512 2994
29 1824 659 460 6410 2399 9477 908 1888 425 8000 974 8191 6138 8435 1416 7692 9196 3043 6775 7169 9926 2197 8344 3673 2031 8830 717 8392 973
29 5254 9787 8080 896 2756 9150 8274 2909 1759 2320 1730 3546 109 8956 6591 475 2111 3971 631 4971 165 3597 3426 9318 9572 5926 6932 2556 8465
29 3611 5740 5245 188 7151 9811 7751 5478 6703 2313 7005 2230 7032 4383 3674 3152 5627 672 1284 3967 8767 9102 8810 5946 3168 6136 5836 5988 9109
29 2297 502 9699 5460 7481 3560 5423 734 3392 9272 2947 8616 5290 8824 1535 1866 1598 3853 7783 4491 9479 6840 2978 622 5824 7788 7921 7527 6561
29 90 602 7235 2202 4442 5619 4809 1735 6099 6015 2100 1516 4667 2900 877 8667 4609 5858 4654 3217 6035 1843 4159 7677 6068 4961 8640 7272 4789
29 4967 5136 1670 416 979 9033 3520 4363 3573 4137 7097 3011 5024 9651 1029 4404 3432 7023 2806 9578 6126 1183 1982 1337 517 3645 3540 6730 9577
29 9872 4951 3075 1562 7482 7464 375 7163 3619 4004 7620 2389 2761 403 7102 733 938 7622 2047 1617 2270 488 1311 5172 692 2594 4965 6787 411
29 3496 2517 9361 1339 7865 8234 4082 6766 7190 4500 1069 6318 1647 4727 2577 5804 3414 2402 5013 1628 7262 7486 9101 5575 752 990 6783 1928 5717
29 23 3039 9257 8992 2468 1412 1245 9936 3882 2955 7875 1405 1163 6590 6483 4288 6802 6685 1077 46 3248 2553 6222 6560 4580 1877 4339 7555 8694
29 3902 2854 8286 3781 9817 4 4413 5570 4385 7703 2522 6927 6272 6145 8507 758 4103 2546 3263 3718 244 814 284 7940 6650 5970 8070 4832 7194
29 4467 1134 128 2166 968 9190 8072 1603 3904 5406 8655 1126 3273 4756 6895 4373 2792 17 8707 7732 7956 6116 4649 9633 2571 7770 4526 6806 2107
29 2152 1660 625 1809 5247 7087 4282 3887 2499 9437 3379 115 7989 2818 5541 9414 6725 8942 5179 6243 28 1728 3793 963 3451 5215 2850 2737 7577
29 1568 7569 1100 163 8566 4377 6681 9708 4432 6344 1889 6567 1494 9344 6716 9405 6512 6743 2180 6349 4826 1157 7254 1586 9193 2371 1470 9018 6564
29 8546 94 5537 8246 5005 1095 8488 7201 7513 1555 4889 2654 7466 5330 234 6078 4090 4094 9206 7673 201 1108 9065 4698 2214 892 2895 9544 1212
29 820 1818 8969 3782 9940 8281 7650 2096 9990 3821 8391 1354 664 4368 9923 7778 4538 4261 2929 7736 2199 8951 5452 7967 9947 1255 6575 9765 2507
29 9151 7822 9785 9727 9428 5181 3318 117 619 4524 5861 2534 2610 4533 4226 361 7410 7271 5205 6070 3593 8580 4848 9840 4608 371 2505 8696 4690
29 9820 5467 7115 2304 2053 1417 9537 8993 6331 868 3500 4564 8352 3449 4167 9002 3920 1376 9125 4606 458 6949 3738 7386 9004 4222 4956 6496 2504
29 6720 13 9371 5030 8046 5525 3479 8727 8506 6329 9812 8938 7709 2062 245 5732 3552 2026 2173 4464 7444 5337 146 3223 5702 9170 5276 5928 8887
29 9832 333 1711 6231 8356 3275 9797 1639 4110 8783 9500 2699 8335 4985 7385 7795 7556 2256 4389 9465 1450 3178 469 6053 638 7731 2311 6074 8194
29 1599 9956 6001 7253 5241 1560 4006 6389 1098 6666 4945 6586 3488 557 6954 9999 3343 8310 7208 6529 2002 8524 1277 7505 2828 1543 7348 9932 1868
29 3590 5794 9858 3171 9073 7668 7957 1322 9363 5480 5879 576 1353 30 7587 6398 9264 8720 4987 217 3244 9496 6499 5402 9879 2561 7978 3857 9700
29 9538 5959 7418 8162 1113 5170 2832 8176 7706 8022 1643 6820 4504 5488 1662 112 8759 4085 100 6288 9896 9313 8197 859 9148 5609 2620 2306 3748
29 9888 5703 2578 3384 7845 4703 7367 2247 2595 5687 8728 8159 8915 2066 8288 4496 1732 3571 6333 4725 4595 329 6290 731 2454 6011 6008 8240 4037
29 994 7937 5148 3763 8681 6407 8025 9790 3262 7291 3532 168 4032 8844 7763 7586 3650 248 3945 8664 195 8735 7354 439 809 1022 6576 5738 4275
29 746 6992 3612 9115 3932 4436 5671 8798 3647 5059 3654 1427 623 5767 1840 4382 5695 9551 5807 8705 1231 9886 7457 797 3943 3909 711 655 6952
29 7574 2098 6543 2860 593 678 9937 380 384 1248 8213 1622 8238 2760 5356 3034 1950 8107 4475 5605 748 1475 5961 4320 8165 7772 3634 7004 1596
29 3119 7759 9459 5182 5898 5333 7561 484 760 5446 1044 4579 9593 6728 3102 1771 5642 7189 7640 3276 5626 9319 4462 8789 8542 9474 3901 9838 9255
29 5160 3256 7442 6985 8751 4560 6007 3243 2774 2782 1852 8573 6378 3298 32 96 887 9616 5788 7959 3787 113 1232 5866 8589 1112 5551 3101 6051
29 6613 9213 1186 1448 8464 2801 3268 3 1609 5911 472 391 2837 4072 8732 4448 5617 8370 3409 7398 9614 6733 6153 6818 31 9134 6002 5178 519
29 9988 5583 2353 8267 4248 8936 6658 4025 2274 4921 1483 465 6225 6607 6836 3136 1366 2714 8429 9162 6834 8252 4999 5521 2385 9463 4345 8037 3504
29 8607 8083 3636 4574 6767 4250 9540 6817 1897 8004 4293 7727 6367 1616 4148 3662 3047 2369 1537 5111 5034 7137 7705 9631 8846 192 7641 4502 9784
29 7320 9861 2205 273 291 9831 6779 5301 3254 5601 3955 3434 4130 7321 3446 7702 4070 8041 2216 7504 9234 742 1529 3374 7174 1601 9154 2157 9895
29 2803 2139 5895 6150 5251 2674 9076 5390 7037 685 7377 1460 223 2852 5808 3786 7836 9355 3327 7210 8973 607 7434 2938 7453 8305 5690 4063 3021
29 4904 9543 4107 4632 7724 7603 6944 7295 5045 7768 8294 7328 6945 1856 7493 6905 418 9473 8367 8570 5363 5663 4336 3859 7858 3985 7049 4747 2084
29 1574 8545 9340 2343 779 89 5724 1300 5596 8131 2124 7869 3893 71 903 4371 8688 1606 3395 2628 6957 1086 2240 6723 6633 4688 7837 3708 5486
29 8502 660 4166 6113 7441 397 5188 8649 7484 6672 532 70 6460 5220 8597 1673 4740 2231 2871 5558 3965 9652 6679 5110 4811 1634 8708 6038 7540
29 8057 389 9397 3867 6922 365 9625 6057 4652 4929 3176 9970 1215 4489 3753 4829 7344 9195 1931 2975 8179 4686 8342 118 8749 196 9576 8941 6246
29 295 7216 5324 8346 9735 8737 8049 4247 4857 4736 3989 9029 84 382 5104 7088 7546 6768 923 4842 1230 3768 2210 4619 114 3237 9112 9204 2659
29 3145 6261 2573 3149 8293 5682 9629 6710 8458 9993 7522 5405 715 3879 1102 4139 2428 8461 3928 9487 4563 1570 2721 5017 5686 3607 2075 900 3375
29 4390 2922 7430 9224 6563 9851 2983 9554 2745 209 3487 4376 228 4547 3108 4109 2164 4549 1741 3115 1443 1374 9711 2866 1881 4592 1540 282 4625
29 8453 1717 9913 3883 1260 4183 5424 9172 8793 356 420 9081 5443 3894 999 131 1656 9174 154 8034 1357 3509 186 2927 7107 6782 4771 503 6061
29 6507 8544 534 1612 8547 605 4628 2680 4298 9848 7068 7651 3212 7184 2727 4161 213 8217 5131 3200 8626 5120 9069 6501 7301 8409 8660 7123 3952
29 8561 4935 1178 4239 4200 5940 4134 6128 555 5064 1709 8066 2121 4488 5152 8028 1169 2473 9345 9156 5623 3736 4859 3083 2119 3796 9100 556 496
29 187 1512 5456 69 294 6205 5610 8790 36 6098 1371 4127 3390 9359 7596 1495 5731 8444 9746 5364 5445 9623 5341 8731 4337 9962 1184 7839 8479
29 7914 3575 2305 9868 338 443 9339 6874 2183 230 1723 5000 1292 5761 4578 2206 1886 5399 5816 1356 7127 7495 8075 1454 7923 3652 4586 1773 1665
29 1539 1788 7324 5244 1784 304 4156 1996 4831 3606 8309 642 6100 2759 635 1973 8599 255 5421 6131 2660 4073 5009 1478 8160 3947 4695 2670 7460
29 4049 8740 2350 4192 3845 8564 6000 3412 3830 5603 7374 7860 713 1280 3806 840 2342 1563 8692 5785 8304 5449 9661 2510 9377 3570 3289 3188 1653
29 4671 1425 1752 3128 6754 9571 6859 2323 1414 6256 5395 8466 1402 1135 5581 2125 2560 9530 6628 5722 7465 3751 4324 4714 1857 5515 124 6546 9558
29 175 3659 328 9027 8120 311 7691 7614 1306 5238 8042 9793 6914 8426 3463 214 3211 6146 8868 5743 4403 7582 2991 1446 37 6637 6161 5685 8351
29 6885 8184 6778 5069 2442 8679 927 8726 3242 8036 3388 2260 8215 9252 8255 2151 7750 6443 707 1331 2816 139 495 2261 1801 2990 1820 1975 5666
29 4801 9960 7995 3665 5086 1025 7489 9097 1233 7062 8013 5782 2998 1458 5834 6545 6175 5880 7193 3732 8357 7602 4651 6066 8077 2896 8682 5021 6479
29 1826 3236 9413 53 498 2058 5896 8462 8389 9220 4055 7847 6166 7696 6178 4074 2292 4240 4453 4572 8091 7821 2377 4155 5937 7050 7850 8114 845
29 8172 993 9685 9695 5134 3341 9955 2375 2509 2562 7672 4272 4002 7075 8867 1146 1456 5493 8 1658 206 2376 4675 651 3729 8978 4683 4274 8898
29 3190 2933 4634 3755 2752 1165 5167 8966 3348 4456 360 1011 4423 673 9996 5202 6706 1026 3372 5103 6894 8738 806 2572 3352 1254 951 4962 7688
29 835 2604 5938 5997 2239 9754 1923 1423 9467 6033 8122 4174 4748 4599 8378 9421 6760 4610 3193 880 8209 7933 1782 9680 149 5712 3381 4915 969
29 8523 6936 8654 1407 5908 8549 1441 610 848 6615 6187 7352 8007 1459 1873 2466 2319 9734 9472 7040 9897 3282 6122 1105 8146 9687 2915 202 9354
29 804 9321 2140 6168 1422 7347 7180 9107 1677 1214 2403 4215 6800 4713 1057 6544 8401 1346 7391 3231 3689 1814 7530 1527 5795 4490 9347 8879 9481
29 2086 5482 3696 4169 4314 8193 2644 4828 888 718 1679 6233 3146 8008 567 2108 4424 5554 8333 7898 136 7204 5250 5735 6901 2115 7260 1991 1298
29 2146 7080 3707 1040 3064 2930 1127 5407 9133 8328 310 4147 7308 8038 1321 9409 1213 5773 6039 5814 9271 770 7987 4426 7595 5204 8753 5851 2791
29 862 8698 7828 9492 4034 3836 1217 2207 1007 7916 6999 7268 8137 7242 6621 6739 831 5099 7814 5655 3089 4041 8555 652 4505 1714 9847 1150 6065
29 2378 3104 7674 9219 2201 9565 1895 8377 3780 3515 3131 3313 5027 3677 3771 7200 4112 5468 9085 5498 5358 8079 4308 4297 9438 2618 5374 5050 2288
29 1492 5837 2698 5156 874 8273 9120 2552 3156 5323 8892 6386 3721 7033 5006 7888 9709 326 6527 9198 5745 3848 9275 6751 2884 2706 2016 8895 8816
29 2805 7183 1410 5965 4123 6278 2950 2843 1871 6547 1082 9690 8689 6646 1314 8051 6072 759 8303 9684 2723 3189 181 4584 2383 9686 4821 6639 5707
29 6956 7986 9732 8733 7719 7084 5802 2679 9864 6918 2078 9490 9179 8907 9169 4421 5026 7373 6417 8676 6555 6986 3084 2427 4561 4981 1627 6732 8470
29 9601 1675 8434 1487 7251 7707 1194 93 6437 3486 2415 3416 2080 9400 2010 1830 9292 7218 8457 6140 8947 9032 7252 3239 8308 2881 467 2059 5193
29 1587 3832 7047 5955 2920 3656 5176 6550 3715 7942 5440 8605 6210 6996 8031 8871 7124 7357 325 2087 6903 6247 632 1800 240 5430 9349 7608 7899
29 1109 2037 6655 3899 7375 2770 8237 7338 7078 7761 1867 8318 9368 345 8591 5956 2663 1828 9083 847 4016 2074 1274 1449 2729 6830 6305 1268 3048
29 3693 336 1608 8503 4030 5051 4655 2158 4588 1821 110 5496 7036 6741 5438 6338 8534 7510 324 8923 9305 3862 3930 4036 737 4367 3202 4977 75
29 8598 7760 6488 7485 4966 3455 5867 43 833 3110 594 5504 9833 2220 2326 9232 2650 8116 2861 1748 9333 4449 6769 5882 575 8167 7214 5517 2480
29 2600 327 8415 3518 1036 4953 980 3332 1493 9235 3228 5578 428 954 5095 1789 2568 3184 4752 5458 7754 7255 7281 5032 3092 5870 5471 9968 3810
29 4805 1140 8870 1909 1795 5396 6112 4597 3667 2868 9395 4782 1905 8390 7126 5268 7909 9596 1471 2742 7101 3497 935 8729 2796 8516 7738 7887 1185
29 691 8481 2418 9836 3746 2701 2018 4093 9546 1290 9862 8677 6174 4603 8752 2658 700 4706 7635 9245 1379 7266 5025 480 2514 4354 2936 4682 8799
29 4065 286 3249 4710 4622 795 1390 7359 5084 3001 7580 7612 6345 7589 8482 8578 7953 8491 3125 9516 4022 2160 459 8929 4552 6293 5275 6663 2630
29 78 2736 5917 2813 6500 256 4356 8914 720 2808 9855 1104 539 7167 4011 8536 5606 7669 3814 7818 3133 8608 6771 105 2498 6843 1473 9388 7264
28 526 8261 1364 9930 676 7985 3731 2470 7536 6522 4728 5265 7525 8413 1171 7077 6226 6403 6530 5979 7366 3699 8695 8576 856 9423 8195 5915
28 9742 9155 7742 9352 68 3114 1198 6268 4044 886 4262 2651 7955 337 2645 2006 5340 9564 6736 786 9611 4536 8747 6909 7520 6883 6012 6722
28 9248 9123 5325 1148 7191 540 3417 8974 8874 3481 5770 2255 1919 1094 7058 533 6991 5697 8869 4399 6517 1940 4939 2328 9450 6141 205 6148
28 6245 4717 9942 8575 7449 899 7381 6824 8876 794 4818 1467 412 3321 6873 2878 4851 180 1918 9946 4508 3994 5011 9433 8485 1629 8768 7996
28 3123 8424 4739 1913 4408 7161 6844 3090 7468 3565 2097 2426 4179 6075 183 9671 5662 3621 2045 6083 9998 5753 4285 3424 9582 2709 637 7010
28 8903 3937 5999 3733 2013 108 6186 5925 6267 4251 8603 1698 83 3010 7438 9609 9552 6792 5094 9144 5087 9225 9972 7810 3614 9767 9878 9163
28 3183 626 3620 5613 684 931 4933 1994 6212 792 3670 2924 7213 2946 2704 7564 2229 9429 370 2880 2669 3469 2932 5158 8743 5481 9759 2980
28 9440 5653 1014 2858 9131 8027 8264 4348 6643 5428 3802 3835 2184 7877 6624 8190 1858 507 1901 801 2974 3626 5888 9074 5877 8818 1916 4659
28 2452 5113 5115 7219 3482 3050 1340 5376 6163 8239 7931 5304 8807 3393 3026 5270 875 8839 7070 1729 8480 5871 1287 1005 2585 12 8893 6906
28 9075 5634 5476 5658 528 8235 704 6572 1485 1549 4638 5689 3368 4434 914 4815 3028 7797 2910 2543 4972 4593 7311 4840 1812 1486 3161 6573
28 4397 1768 2914 7147 9915 8624 1258 6538 8673 3086 743 997 9090 3585 58 3495 5186 1623 6396 4305 827 4510 7052 4979 1638 1010 8567 6625
28 5756 9621 9662 3009 5129 2840 4227 6446 1547 7000 3986 1524 3686 2675 6998 8420 1832 4861 2070 7627 807 867 4932 1361 978 8009 8776 3818
28 2163 482 1060 1964 2637 9640 5298 4323 9267 107 2892 1189 510 1914 6846 9553 4492 2307 4876 6695 151 8827 7508 5985 4237 4798 5054 9918
28 2672 6931 7929 4091 8494 3702 5416 8615 2513 6236 4223 7531 1929 6582 5652 297 4836 4893 3437 1216 9744 6101 614 6762 6503 7970 5813 5562
28 3501 9441 5262 1776 236 706 7866 6385 5647 5821 2825 59 8149 9792 3180 2631 2979 4328 9386 5853 1513 8648 7619 6086 2501 4256 7456 5921
28 6570 6610 5049 7380 6504 9456 6551 4252 883 6523 5124 8448 8330 57 3616 8029 2246 2488 9509 9528 5264 2159 4513 8928 5225 7726 5386 5029
28 3766 4189 8440 3339 7421 1758 9462 6218 9044 5401 4726 406 8925 1747 5411 6106 6048 4378 7365 7994 7476 7600 7518 44 3208 9535 7162 7965
28 1577 811 5503 8364 4165 8006 2175 9451 6816 7046 521 353 2044 1308 5441 3512 6223 5419 7932 2598 508 5101 5184 7583 5173 9827 1635 9799
28 5545 6319 7011 952 9286 1421 4817 3558 2064 9986 2574 3975 5132 7157 2283 3250 8960 5165 179 9597 6803 7454 765 4020 2104 3008 5774 24
28 3827 8950 9584 477 9470 7952 3669 5369 7526 3794 5442 1120 6252 7491 2077 5842 6758 2192 842 4054 4721 5335 8606 898 6022 1705 4437 3436
28 2090 3632 4765 8128 8991 9515 2755 4358 4903 4465 1707 5691 895 3849 210 762 4406 2593 1335 7447 9706 1497 9277 5091 1297 5678 1559 2952
28 3968 915 2954 2570 6425 2459 1149 7960 2238 6357 9973 4266 9983 2948 4365 6851 4280 9693 1955 1341 3572 7170 7182 1580 5180 4820 1428 4171
28 6392 8166 2051 3471 3950 2762 2101 8933 3191 4640 893 8976 9976 9365 7288 2133 2271 5272 2131 3252 2227 7567 7954 7017 127 2308 7319 5007
28 5952 4338 2555 7519 3292 4495 5355 1243 901 6515 6793 7001 805 3356 4546 4146 4177 3433 8473 2726 2174 347 3706 6631 6694 2712 547 7153
28 8227 2847 9104 810 2677 208 5945 6676 4520 5192 8020 3121 6253 2171 6208 7700 3261 9122 8703 3792 9114 372 9550 7799 9030 6569 3467 7364
28 2209 7323 8152 2137 3278 1520 9943 5838 3362 4938 4577 6813 8878 3175 3896 2341 5820 1702 4086 1945 6923 8161 9656 9774 3842 65 5536 3024
28 3562 8850 5258 3618 8366 9989 5700 6675 1039 8791 7450 4003 1034 5994 9560 3799 8087 7599 9779 9512 3270 4326 4816 6577 7413 9094 2789 9138
28 9145 1785 2381 6461 9627 8651 5274 8988 4315 8224 4062 4098 359 6948 5346 4312 3961 3485 6058 1624 945 658 5615 3779 9208 2523 8631 4461
28 9447 4114 457 928 8663 2673 5612 5210 4559 5311 6872 9135 3942 8686 916 4551 1480 2580 3162 9985 8010 1388 3649 7140 7934 1315 6667 2810
28 1833 3025 5197 9992 1380 629 6123 2410 204 3484 21 6097 135 9050 5076 1088 955 335 6689 4359 8301 7306 5677 4319 7121 6311 4197 5991
28 3216 3704 8052 9019 1816 7800 4931 9491 4185 4785 1092 9704 9739 2817 4164 6115 5806 9469 5389 9026 6108 8405 6260 7713 7843 7474 1864 9991
28 1896 4077 9417 9304 2874 9622 8609 662 7240 7317 4290 683 4511 5036 6306 2193 3470 4924 9701 9834 1565 3052 8955 2597 9542 5408 5280 8132
28 4052 7475 3735 7922 8971 5377 2169 2167 8256 5502 9012 3241 3096 4617 3464 4351 3939 1050 8156 3031 5518 1296 4624 3522 7791 8670 3956 1993
28 4349 3762 395 873 7384 3036 5138 6866 9089 4900 8904 9634 6757 5894 1571 7962 3657 4670 381 5415 3206 1107 1447 4362 6626 3457 4674 2134
28 9581 9559 4784 1264 1239 5499 4587 4758 7928 1825 9067 6010 909 8436 5450 4902 2251 8048 967 269 1155 3163 8393 8467 4026 8272 1509 4300
28 4119 6152 8710 7637 5881 5052 9350 6419 3506 560 4431 5597 9908 5643 8611 5063 8674 6314 7302 5385 2503 3140 267 616 3112 8918 7655 265
28 42 8745 1348 5669 1197 6493 6752 1151 8263 2028 4153 7973 3778 7059 3435 7626 6353 2460 3599 6964 2750 4210 4267 8451 8298 9293 9802 5392
28 9957 5944 5336 7528 3118 3698 8442 1118 5055 7802 3603 2280 545 4168 2951 6228 9046 8271 3428 7571 4441 6342 8388 4291 6408 4762 3872 7907
28 6093 7678 6638 8404 7699 8711 5860 8828 6978 140 8668 9372 2325 2923 9595 4438 8221 8996 4604 1008 6196 6913 3713 7074 7094 1615 5885 6133
28 957 1983 8085 4018 961 6322 9856 6971 4792 4388 5350 5983 1145 7131 8422 6432 9928 7199 6987 7665 6641 828 1626 5607 6184 8011 6755 6390
28 3016 8885 7015 4480 1462 5 1429 2937 6393 9056 2913 3846 1933 6951 9666 5646 3329 2321 2110 9965 4269 1974 7360 3998 730 9099 2776 7368
28 3179 8595 9568 3201 3346 8954 7278 8528 4990 7209 7753 6182 9931 8035 6323 1261 772 4534 3820 3255 1101 1180 6241 3098 2025 1323 3554 9510
28 7851 3679 2966 4650 8421 6005 8417 8178 7765 5053 6606 525 7122 522 9824 645 965 1720 8181 50 1200 7862 6661 8030 7490 8353 1954 3173
28 962 5008 1038 9130 7715 939 250 1944 6562 2826 5309 8967 4779 2390 1085 2527 5003 4482 5929 8852 8863 6455 2282 9205 6415 6921 7106 6942
28 8383 3387 2236 1275 9263 7927 7149 7621 3195 1028 686 3454 1952 5427 1781 6104 7196 7585 3365 6518 2641 1844 9903 9586 9476 2781 9358 5723
28 9714 8431 3302 5151 6753 5883 8285 7755 3648 8245 7981 9906 8659 8552 2897 8901 9239 7248 7372 3526 1922 8104 4245 8622 3668 4984 2814 1766
28 3775 2890 3757 8170 996 3295 5125 9231 630 8111 2799 4180 3477 9654 4410 2379 3666 6433 7780 2596 9000 4242 9569 8287 5950 9124 7801 2406
28 7584 1408 6699 6925 1067 7249 5556 8572 4457 2989 7610 9839 6454 5828 4743 583 7829 5884 8064 1510 5078 2827 7506 4412 732 5507 7341 9941
28 8896 1187 8977 9804 6348 1241 243 9238 3817 5906 4019 3892 2116 7831 802 9426 8175 6050 8671 5920 9009 2732 520 3734 6798 3664 7002 9697
28 2038 6021 6869 3198 6747 489 1976 1593 2242 9533 2027 5282 2943 933 6114 514 9419 6023 8300 4357 7945 9022 1129 2844 6761 3993 5674 5284
28 1365 3492 5461 8590 2963 1865 1440 2142 2439 2068 3791 8859 5108 5519 4317 568 4846 1336 6109 4946 5902 6886 1997 1685 3627 3311 3769 9643
28 9189 3860 4797 1415 7721 6481 9039 9853 5293 5501 38 6693 4696 6719 7146 7628 8498 649 9511 454 8275 3498 6838 1716 6598 6920 6513 511
28 8513 6402 7638 5226 2057 2614 3215 392 9457 7910 1477 7811 4443 7387 143 1469 8837 599 2492 3296 176 7055 5548 9905 453 6647 3232 7294
28 7030 5801 8820 3258 9669 3396 9531 5433 2318 4295 5070 7838 6882 4845 9902 264 1488 6199 535 8113 9269 2434 7154 6654 6911 9444 6235 6271
28 4494 4060 3833 3919 5516 1575 343 4724 320 5403 1802 4201 9127 2348 815 299 7499 6439 9142 3726 4405 2639 7659 8527 5805 2007 6029 9152
28 3534 7529 3503 8625 2965 4355 550 6740 400 7390 9281 4823 6878 3886 5219 1262 8135 905 7145 8411 3309 7548 509 399 7697 9912 7422 4643
28 7793 9591 8447 7026 3264 1293 4393 6286 6746 1899 8623 4092 6282 5833 3174 5487 4669 6079 6805 346 4468 2294 433 2638 9181 9517 5787 2623
28 7653 2855 6845 3511 3671 4976 793 499 4641 8441 8214 2354 5347 5332 6321 588 669 5841 8704 8739 7285 8243 1061 1576 4422 5633 5543 9971
28 8551 144 4870 1681 3804 1152 8680 2608 4687 4864 926 6749 3926 5306 7779 8560 278 3245 6343 3307 6259 4450 2865 6981 2703 2786 870 2215
28 1753 3581 1196 4067 3443 4386 8493 1167 9110 385 9068 9857 8189 9043 803 7053 5378 549 1090 6401 5616 6593 4342 464 8515 2338 5930 2497
28 1764 656 3169 5574 2048 7769 5510 6822 5425 753 8813 8862 6069 5249 9458 8814 6789 2272 958 4035 8212 562 6797 2566 2537 5231 7537 2380
28 2368 4214 5207 6351 7890 3528 1855 3678 5297 2919 4031 7423 3246 9311 5072 5716 5061 478 4051 1116 2317 9357 8203 4849 9865 7100 6094 8964
28 1579 2186 2244 2042 9719 4795 3745 925 8920 2373 5550 6176 527 8185 982 2485 4843 1351 5567 3676 6801 5891 8806 2088 5650 4708 1484 9650
28 493 7694 417 8594 9391 572 1222 3100 4521 8322 8067 7919 1972 5015 8362 8283 1613 5477 9337 3999 3691 6139 699 6887 9916 3876 6498 7234
28 1956 8592 8073 1779 2873 5307 6292 6296 2853 4341 2725 878 2382 3897 8338 604 7236 6124 8210 9801 1202 5563 8380 18 1765 1739 7722 6673
28 8134 6459 4808 571 4627 9439 9721 87 5822 7748 9482 8617 8761 225 305 9060 4934 6119 410 1334 3017 4233 8712 3224 3406 788 7326 9555
28 9243 2823 9635 6578 6117 3259 3272 7629 1168 1089 5659 6997 8666 7312 2413 9877 3960 7292 155 2089 1546 8428 9374 1995 2250 7178 9296 1397
28 3153 8948 554 9042 3091 9648 2154 8634 5951 7835 9939 2891 9035 4113 9312 1885 7630 9875 9493 7041 1619 976 9335 5232 2716 4518 852 6810
28 719 5260 9884 62 4302 5796 5759 4273 8316 1694 5133 4689 1564 5720 1482 4557 1 5980 2490 7274 4911 3014 3542 932 9536 9353 8637 6279
28 1035 5455 5127 8565 4195 2710 2918 675 2310 4017 9781 7462 1847 8015 3054 7276 6870 7758 6045 3342 2356 2374 7512 6431 3931 2189 419 9786
28 7855 2640 182 306 2036 7356 1430 80 9393 4083 2495 9677 9249 6414 8610 7656 3376 5287 3885 8198 5339 272 2269 6659 7090 1367 7654 5987
28 8858 4458 2554 3866 9380 2738 5166 3465 5637 4194 2232 1435 729 3759 5755 3596 1240 9214 8319 1806 4330 8940 573 7868 9573 8187 4135 1727
28 9822 4088 4760 61 1049 5668 4621 4734 8620 9274 3604 300 3055 1128 4918 1848 6170 536 8186 7083 7225 7749 821 7478 3719 8374 1464 8268
28 4804 4759 3701 8717 6427 4311 6125 3185 4435 9425 9218 5661 9250 7809 86 3408 3068 705 9199 2665 4176 1878 5414 2779 8922 3080 7741 9604
28 6812 7020 1860 1210 2916 2642 232 8410 1657 2040 5429 1317 9750 5191 7353 6565 1977 3891 2787 6938 3369 9341 8965 2824 3906 3197 9580 1738
28 1817 4507 6973 6785 9795 7572 7022 3854 1342 6856 6630 7267 6291 3063 5426 4618 2224 8233 64 7848 6514 6219 7905 9539 47 5960 7908 836
28 4766 4182 6214 8829 8540 9808 5117 4694 4833 2337 1172 9845 5189 1636 2939 9729 3371 9567 6568 8881 9399 4216 2559 3760 6052 9527 6332 9452
28 8851 8725 215 5535 7552 7915 2303 9182 5904 4906 4124 8499 5579 4332 2800 3605 1383 9630 6855 2208 6691 5380 5593 8002 4411 7008 6121 9723
28 2830 8669 7277 5585 408 7790 6464 3300 6652 4101 3863 5905 9207 2187 2032 1906 2508 3790 1208 8059 1953 757 3338 6833 441 2170 283 1697
28 6864 4186 6227 8983 4126 171 8320 6979 5509 9994 5382 8857 3584 2404 2949 1496 7238 5043 463 1058 8719 7034 142 7789 9023 1399 79 7424
28 6635 9157 665 1499 3122 7894 4487 409 9270 1489 9689 1650 4160 9844 1713 3672 1033 7710 1703 8519 4879 3739 8241 317 3938 3138 8317 8618
28 7511 2563 5041 2599 6677 8968 4304 2797 1370 1083 7785 8094 1147 1876 693 3941 8975 4865 8804 7975 9807 9514 695 2883 9866 9698 6988 3349
28 7318 3903 6982 40 1750 1220 6369 975 7605 7597 9628 8894 1935 8284 1504 302 1654 5174 7098 9369 19 7073 2784 8772 9034 6704 9724 4793
28 3440 1437 839 768 9384 1257 1519 5850 358 7812 8723 8989 2973 5998 1783 2889 947 5927 6193 5873 5778 7 3510 8779 396 5365 7542 2099
28 9288 9826 1835 8957 4068 2450 1093 964 987 1883 7560 8801 6502 7012 8861 6204 3222 3574 9088 2521 2284 5792 3924 5155 3351 3399 4418 7134
28 2586 4066 3331 9773 8613 158 6912 5512 2525 4116 4892 332 5699 1988 6594 8675 913 3809 5321 9432 9783 4265 7411 293 5897 5780 7223 2436
28 2414 7402 8017 3452 2135 2394 8349 4677 6651 5704 7304 6025 6811 9466 3622 2888 3837 9017 716 9259 4439 9849 3221 566 5256 9770 4352 9212
28 7245 7864 7984 6595 6283 3536 1604 4095 3158 1207 6456 9501 7305 9326 8713 5600 9823 5614 6095 2421 9048 9063 1869 4042 2398 2879 2249 5273
28 5608 8125 1505 4084 1016 3442 7436 6470 7773 5474 3548 2286 2500 4430 2741 5135 4493 1511 618 6316 8921 988 6067 8219 9071 7968 3334 6947
28 9443 5128 5751 2150 6718 8518 5949 8641 1256 3124 8483 4732 2463 4676 6418 6629 5246 1087 6165 1561 897 8071 5764 7280 4872 368 1345 2105
28 9718 7358 3210 6032 7458 4089 1541 5639 6295 7896 1320 3635 2903 2606 3061 4059 1578 4118 4010 1845 4907 4138 9020 6203 7089 2422 9645 3870
28 6729 9498 3643 1715 1770 7232 2609 5935 9495 2039 6388 1389 1948 7056 838 9830 5081 1161 8563 1343 3935 7943 2691 2441 7339 121 7718 5823
28 7695 1271 289 1924 5483 1515 8746 174 7188 8588 5142 3730 2877 7044 775 9730 4321 4787 8230 5995 3523 2831 9602 8619 2987 2386 1327 145
28 9366 152 8177 6794 2346 2228 1236 7891 6409 7455 4684 8505 564 1068 5768 7682 6884 7832 8139 1394 1755 3538 3478 7857 8306 8744 4540 2423
28 4803 1712 404 7244 3367 1740 9484 745 2788 881 1002 5533 7112 1294 6426 6192 4080 3890 8459 9610 6645 1438 8408 4270 2493 8771 6422 7187
28 8724 1059 82 5102 2279 6756 2334 2136 9798 5312 8384 9655 2685 369 918 8095 9197 2200 774 5139 1234 9944 7647 8672 2302 6435 4516 5561
28 2440 49 8543 4503 4553 6994 1554 473 5769 4117 4749 9502 6310 7108 6977 2743 2581 481 226 6383 3097 1455 3752 8474 1551 8945 6632 5211
28 3533 4957 7798 1205 7309 5105 4231 6105 1226 5366 3834 798 5803 7939 7739 917 3525 2300 4133 8430 1884 1072 5765 8117 2257 2907 5432 5216
28 701 4501 4974 5910 7329 653 9362 3722 4454 9415 7740 3502 9261 3828 2666 4232 4970 268 6505 355 8809 7895 9306 9924 2626 4548 362 1946
28 9180 1053 4701 4455 487 9314 5887 3019 7082 2030 6449 8628 8722 5379 6850 7346 4244 285 6604 3394 2190 8600 2905 2196 5016 8164 2329 8225
28 8039 6623 4878 5705 8841 8924 4181 9324 1310 2643 1219 3310 4930 1401 5839 2327 6670 2972 7964 5088 1949 7535 712 889 3355 2718 8514 2103
28 671 687 1893 7259 4629 3644 3858 7592 9733 1837 5279 2576 8769 5869 6908 367 7206 6458 5252 4899 2733 7904 5996 2619 3157 3710 6737 3143
28 4260 352 2241 1600 1597 721 8569 1932 1693 7257 3315 5162 1228 4213 99 7588 2043 3032 1190 9016 4810 7211 9859 3257 6201 3493 9869 6091
28 8980 3911 4236 7179 4219 9310 8718 5523 8944 4100 4294 5137 7990 8691 9158 2564 6786 2692 303 9294 5923 9519 1019 7618 4841 8582 8487 7362
28 314 1862 5349 9268 5868 9590 3651 7483 841 7664 3402 237 1091 1721 4402 430 1819 9047 4668 9146 959 6144 8359 1506 2143 6308 4875 2494
28 1808 6640 7173 7648 3405 2917 9129 4104 261 8553 644 76 9736 9716 6904 1664 5989 8773 1159 296 11 4333 2483 6013 574 2273 3808 2611
28 1191 3385 7120 7611 8201 8050 4309 4193 5083 6191 1676 6183 6453 628 6698 9507 4509 3293 1075 3539 1633 1381 6477 5039 6916 485 2902 470
28 9850 9561 5942 6257 6379 3391 6902 141 5587 2931 4306 8144 3923 4218 2245 2730 7676 8171 3564 8023 1910 7498 2360 5344 4360 1288 2532 3279
28 5552 8450 4400 1588 3898 4887 1282 6531 9186 3850 313 2120 8883 6892 1536 1249 4258 5239 3602 2035 2575 162 4895 2285 8632 1503 2959 9914
28 3877 6950 1330 9791 421 2295 3040 941 4281 674 1418 7404 1303 4276 5746 5484 2549 3046 2172 5283 6195 8397 2340 3712 9778 8539 3057 7690
28 9740 4115 2713 9891 3557 3033 5157 5146 5749 4679 1849 4375 123 2740 5075 7233 5947 6110 6863 1652 4812 3690 4709 3226 2400 8416 7215 8683
28 9589 9052 4303 4568 1787 7054 1138 2243 8834 3797 4582 1742 7043 6457 1517 3359 2425 904 1684 4854 6281 4459 2621 7293 497 8501 2807 8290
28 929 5097 5771 3682 5693 9165 7870 5090 6300 9854 2314 2056 8630 5048 2695 998 6438 8525 4528 3737 6080 4853 6548 9713 1385 7164 3422 7559
28 1572 7744 2583 4001 4005 2526 6299 4307 8794 3587 7330 2986 6829 1188 5118 3889 5464 6285 2997 8208 2449 1731 8750 4905 6974 4947 2487 8715
28 6423 4469 1312 6280 4692 8108 220 5875 2601 4589 9187 1934 1553 4428 8990 6712 7757 8497 9086 4742 5762 1347 5085 5294 860 8412 4058 8932
28 9764 9031 1691 2715 2838 5435 791 513 9725 972 2397 5993 5694 3983 4199 2315 5242 761 6605 6549 8192 2662 640 621 2731 8959 3071 6413
28 7487 7096 6975 6062 5492 2535 3724 9889 6276 8652 9760 8665 8832 2235 3798 9598 884 3085 4928 9901 104 315 2177 4196 4936 251 561 5513
28 5014 1386 3363 7625 9121 4948 949 323 2083 8477 7503 9153 2520 4477 7307 855 3535 9401 9298 5544 9691 4744 8061 9167 2904 4927 7553 6164
28 3831 3117 8074 2971 9963 8063 5843 9093 6715 7771 9780 4379 6484 9800 241 1892 6476 9021 8126 2958 438 7807 6702 6495 9320 4111 6017 5779
28 6683 688 2479 9806 3316 8478 3881 7980 2021 8646 5497 1915 6018 4129 5546 3801 3895 8403 9210 6087 312 4150 8888 8522 8084 5257 7806 6511
28 6265 8297 8118 1556 4673 9592 7598 3225 8040 2052 7409 2148 5701 254 9672 8223 9668 5799 7479 7085 1722 5933 8127 8533 3962 8081 582 9192
28 9106 7205 5555 9382 7351 8831 1882 1794 5592 3167 7792 7419 2092 5073 1114 2869 6924 5692 3445 1992 6662 3358 2102 6972 8788 8596 6240 9478
28 9747 7708 4476 5263 6341 6815 1671 3192 9059 4460 6814 6915 5451 643 3499 6376 6649 8587 5741 3473 1591 298 7734 6660 5342 7270 7399 3006
28 5832 8394 7979 5968 4391 7675 1132 7467 4145 266 133 615 3700 8775 1853 5737 8997 4700 5641 3337 3023 7746 8343 1015 8986 5953 6480 4361
28 6597 3765 7185 6463 1124 7239 5772 9485 5223 1269 6188 5811 8661 1962 6644 1927 9624 5236 5338 7971 4705 6270 7897 7524 1313 6266 1235 4556
28 1048 7229 766 5229 8897 3855 2908 3151 6473 3130 9178 9883 9910 1352 7363 9119 6930 3378 4253 1803 7920 8101 8340 8174 8845 415 9904 3107
28 3312 9336 3476 6250 9095 4076 5066 8469 6167 2489 569 6137 5409 1642 2204 5825 2411 9283 3142 3600 9644 7128 3688 5489 7523 427 6656 287
28 4796 5566 8875 1807 8327 8012 971 5397 1548 9376 4264 6263 1749 2981 3888 8787 8341 2112 1646 6373 6132 3861 364 5221 4517 3687 4254 5410
28 9202 2365 4909 7335 357 6027 2258 7488 4799 7392 1431 4542 2893 8601 2977 4596 6362 6807 6391 5123 483 8777 1790 2264 6397 7517 3305 3918
28 5588 4433 7496 7394 7575 9128 5071 8365 2722 4997 5913 924 9092 9434 7370 1887 5038 763 9005 5203 3586 4554 1978 5359 1079 5569 6688 7568
28 3516 2003 8003 3953 5534 6361 5797 5508 1980 5023 9720 9007 3360 751 9387 8226 5056 1611 6589 148 2118 4783 4772 8891 8658 3038 6028 2296
28 6808 3878 3524 2906 9549 6030 1203 8500 8150 4885 2539 4515 3608 231 5122 9794 6451 4763 2764 3773 2934 8633 4479 7440 6377 5255 4897 5042
28 1424 3235 4246 9933 548 4639 3934 2429 1395 2011 1326 8593 9300 9011 4230 8764 8796 5495 7403 4648 2688 1951 3547 2533 6832 4268 3120 2388
28 4141 747 3873 6046 4942 1631 8182 6162 9254 4591 6849 2617 603 6735 4027 2290 8321 6381 5656 1581 921 4770 4075 3988 7729 9828 9410 2719
28 9890 6959 6509 6237 9756 3049 4975 373 7538 1032 3743 4440 920 6450 1103 8425 7823 2312 8269 7092 4485 6194 1393 6821 5845 7332 4707 1099
28 2636 8406 8400 8130 4926 9078 2339 8368 6893 363 6750 2735 3132 9712 4081 8982 5590 6232 2899 3874 3165 8742 7461 9045 8244 3218 2267 2957
28 3929 7735 2198 2252 3139 9975 7415 6919 739 9375 9529 9871 9173 3456 8140 9323 3466 66 7827 9938 890 6346 2627 1966 1211 9346 1791 4712
28 6933 7014 5308 7871 2195 5696 8460 6580 1307 7680 790 6406 3003 4825 7663 7217 3113 4149 2702 5001 1078 3841 894 8979 2008 843 1027 9873
28 8386 1139 3628 2841 1772 9974 5168 2961 2359 5028 858 4565 6364 7290 2130 3013 2754 2128 5750 4498 4884 8685 3613 4287 6823 4038 3059 2925
28 7136 6330 1398 1805 5990 9147 22 6553 8154 1799 2153 157 9952 1661 6696 5594 7881 6249 3230 246 7658 727 5776 6929 7817 5033 1550 3285
28 1387 2091 4327 1491 167 1890 3716 3544 7840 8369 3637 7532 259 5830 7737 5800 8984 7684 2407 7433 7547 4733 787 8838 2248 3074 8784 2451
28 6671 8709 350 5865 2391 8471 3770 7472 9619 9842 9216 5291 6156 2615 7844 9588 449 8972 9471 1743 7562 6327 2834 374 6745 764 3633 6804
28 9049 3709 2 7581 6556 9416 504 3556 7349 7645 437 7275 9309 9 8490 8414 4340 2886 6355 5992 8521 1332 351 6181 4463 9404 7911 63
28 9194 750 7918 589 9242 7086 8375 383 5506 6224 9618 822 4952 3314 6962 744 8119 6521 4029 8088 8361 4755 7463 8236 235 1522 2528 6149
28 5465 8568 1926 2138 1278 1064 3744 5878 6708 2558 6648 7906 6601 8371 4414 9411 388 3843 4007 9266 3081 9265 8326 9486 4061 3979 6320 2804
28 1468 8205 8339 3519 8204 4573 2541 3912 1253 3795 6780 1144 1530 1272 782 4570 2708 7578 4143 7168 7263 7113 3933 4908 8803 7156 1778 7414
28 4937 6897 3972 5195 1558 3103 2531 8463 5413 6328 3320 7941 4919 8475 9681 9641 4525 8495 7808 4154 7902 6541 8802 4121 1369 2942 1533 6135
28 102 2795 2253 6687 4452 2212 8526 1521 8577 1810 4658 2859 7150 7388 866 6494 538 4056 3087 5494 2778 1164 1227 8188 5526 9969 518 7207
28 2496 1359 7331 8143 6309 7976 7286 4350 6584 2055 1045 9545 2944 101 6380 7514 7615 7221 2484 4780 3591 4569 7683 9342 5981 2587 7775 85
28 207 4122 7636 4415 288 4151 8602 0 9745 4898 4178 5322 600 249 8129 8124 6742 6043 1355 776 2366 9603 3838 8987 5161 8265 233 9343
28 2332 26 2335 4529 8693 9223 1542 9660 8001 1610 6993 1023 9160 2833 1117 2821 2625 5150 755 7892 4681 6799 5709 9927 7139 6490 4014 6491
28 910 5112 577 2864 9751 5542 5074 3304 3144 5781 529 8089 7336 2982 3377 3723 6827 7446 3093 7197 2336 401 4741 3655 3559 4380 103 5002
28 7794 2472 5185 4286 221 6910 2746 308 5100 9835 5664 7429 648 9852 5093 7258 6958 424 3916 3615 4806 4663 6937 3459 5936 8068 8307 6596
28 276 6200 4751 7974 4535 6244 9825 3774 4950 3194 9979 3058 6581 5292 7924 7948 9757 5060 8643 1534 3750 4991 9705 7717 3045 8110 1270 2678
