29 8995 9718 3991 9200 7430 1152 8072 4093 141 3774 4306 4344 2928 3705 3828 9448 514 4103 4752 8626 4879 1827 7895 3712 6577 253 8060 3334 6596
29 156 2758 5740 9699 3656 7715 8006 8634 9324 3037 3110 6674 3454 8661 4598 475 8028 2425 4837 7599 1561 3189 765 7342 8994 7332 3207 2985 9015
29 6056 1959 2693 8657 8530 9719 5682 1004 8791 356 384 5309 4489 9736 9367 4414 3525 8996 7813 2592 9472 4554 1811 6769 9924 5725 6883 711 4712
29 9488 7609 1768 3258 2236 4152 2323 7117 3465 3908 8131 2286 9068 412 5048 3152 6180 1654 5899 8199 1884 658 1086 4484 2627 497 2493 7004 2436
29 3353 5835 336 6655 5247 7974 7572 2096 4137 1081 1526 8931 6780 909 7035 9617 7353 4700 6110 4499 9298 4159 6986 3713 5016 3355 5780 5033 7527
29 2870 2234 5914 5566 5881 2221 6912 6710 5074 3427 7876 8238 6388 9303 8334 9008 1469 2593 4453 8703 7571 3523 7501 9486 2938 6136 7008 5021 2388
29 4891 1111 7395 5553 89 6677 8584 8264 1519 9093 9815 7419 3310 4930 5720 1892 2475 4378 1720 6525 4405 9062 1902 5629 1237 2094 9347 282 470
29 7782 9764 2711 8949 6961 4896 3267 7488 8025 943 6893 4374 6352 5611 643 981 4424 7143 4787 1058 5087 6080 7269 6943 44 2422 8744 5044 3107
29 6424 3160 6982 7380 5244 5351 2218 7777 9853 3398 4687 8318 1564 71 877 6998 6009 56 3193 6333 4558 5004 4210 5677 7617 2501 9422 2431 5470
29 8220 8232 8125 27 3460 2526 1923 43 9880 8316 8476 7068 1166 1988 5874 1221 3129 6760 8233 7624 4142 9638 3002 3447 3459 7900 7772 362 126
29 3042 7511 9951 2305 5462 8266 4887 4809 4758 6795 5096 615 7122 4423 7288 7385 938 7437 8319 1335 4854 29 4816 3655 2844 9134 1820 6524 3143
29 8849 8424 9591 9251 215 6995 6844 8368 9407 8036 6690 6820 5282 67 57 8621 9140 5056 5816 5212 7627 9711 8531 5599 6339 4228 2594 2213 3285
29 2717 1387 1437 3899 5400 15 5796 5201 9745 4341 2055 7076 7525 3879 4471 2730 6968 3971 6127 3809 5494 3509 2222 1951 4905 426 3758 3399 7471
29 7427 9243 5653 1059 968 6016 3917 8488 5739 1259 2558 8889 1292 3290 6026 8031 2821 1 8107 5123 1379 921 9977 3066 37 453 7841 4643 9604
29 7662 4390 7183 1410 9606 2614 1238 4530 2207 2489 4844 1867 5661 3584 6166 7276 3073 5880 6302 4372 6307 7749 1478 442 566 1543 7938 283 6413
29 1472 5455 4507 5967 4529 4391 7957 5105 6550 5278 3320 8573 7005 5451 3609 2283 2508 4244 285 6604 5722 3052 6254 1018 3111 8024 4791 2809 9343
29 8033 5454 8152 6890 854 8833 8910 956 5587 9395 5490 5584 4376 259 1879 9011 263 1950 5252 6394 1273 7535 2553 9069 5538 3959 6169 7123 9307
29 2635 2921 479 4870 9385 3259 5318 4307 2868 5425 7082 1002 133 403 6114 7948 3470 3437 2886 6964 8827 4663 8075 5864 661 6490 5375 7839 4775
29 6198 4114 1377 7331 5129 3186 9790 1917 6409 2232 4281 7432 9372 4428 3175 5962 9794 4847 6039 9144 5630 9048 8836 7048 4608 641 2041 1990 9860
29 9738 5679 7566 7979 3953 9816 9795 7988 3480 219 468 2260 9910 157 3269 5577 6742 4493 5495 8113 8662 495 10 2824 2866 3092 7223 8631 2678
29 6440 3060 6635 7042 1036 7985 899 6036 6274 5822 7869 6648 4565 2900 3983 2387 3799 9103 4846 5165 19 9519 1019 6499 3219 6532 5960 6271 2804
29 2223 7590 7475 3383 9139 5333 2519 8249 5355 3254 7761 9818 9906 3390 2004 4277 9427 2419 4924 9316 6109 206 7954 6751 6833 9320 5667 3059 2582
29 5876 8523 9594 5895 7384 432 3318 2433 6393 2788 4679 7709 8189 7340 6908 2741 6438 8860 3378 7646 5656 8069 9514 8622 4416 251 8402 4793 2980
29 2772 1896 7222 6461 4442 5696 1344 4048 690 7046 9178 6585 7300 1147 2171 2551 5695 9047 5567 6589 6070 767 1546 9167 5549 1470 2544 6680 4594
29 6197 9282 8440 3333 7191 2395 4933 555 6295 7880 1360 9690 3975 4986 628 7126 9507 9630 5037 3428 4441 5576 797 8485 616 192 8195 8225 7690
29 3233 4935 8205 9459 874 2930 319 5157 2142 5975 1074 5279 2355 3284 9547 8871 3963 8720 2407 853 6896 6316 2621 9557 25 3668 5877 287 5517
29 2995 1191 6001 5115 7481 1239 663 3242 9184 7317 2931 5124 9116 9769 557 6398 7999 2411 2070 4498 4972 5339 5792 8929 9705 3168 7214 4707 7907
29 2734 5777 2698 5031 4739 3126 9394 7408 2782 4194 9056 4100 8801 2463 5808 48 3641 2792 6734 9125 6373 3572 284 2079 4664 6377 8682 2556 3159
29 6430 9194 8267 5127 8586 2169 3114 435 9133 4691 5023 1069 7766 5974 4368 1272 6433 756 9471 5605 8656 2199 6477 8203 5985 7970 2345 224 277
29 8097 9054 2512 5241 9752 1016 3 6752 9451 4589 7776 168 4823 6811 6809 6147 6962 5003 2929 3031 4208 4216 137 8554 8533 9023 8484 145 4300
29 1179 445 4122 1100 4415 6242 9665 3858 1839 4641 3545 135 2763 3981 1856 8882 7124 1645 8866 774 1343 7198 8192 4039 4973 6920 9444 1991 1793
29 9014 13 5939 4186 5460 8693 8277 9943 8262 1370 1548 1045 6206 7150 9800 8490 2889 1511 5043 3916 9373 1987 826 6909 7551 9001 9094 7399 6804
29 2996 9215 34 3482 2396 9797 4393 7489 5570 5293 5781 1104 3453 6508 3695 5652 3343 3376 8271 2490 2880 6903 7303 640 8084 5526 5747 7885 6561
29 9670 8544 306 5195 7309 6868 4587 3520 2499 8322 9289 3546 2325 2923 7557 4943 9823 1376 5841 9266 3115 9305 7287 8535 486 8559 3074 8092 5240
29 6428 9360 9336 1860 9806 8594 2101 5126 8641 2183 3989 525 4914 5080 2220 5732 1456 8497 6724 7669 7943 668 372 8772 5110 8658 7741 5178 6135
29 1566 3265 7787 2769 5829 4408 9147 6738 5302 6860 8483 9057 1000 6719 844 3888 1673 4609 326 3615 4806 8635 9550 3510 9713 1316 371 3106 2494
29 45 8299 702 9621 3306 7203 7176 1133 5071 2646 1168 4869 5137 954 58 9852 3301 6768 6963 7433 8059 7892 146 5657 6022 4699 2054 9388 6164
29 2851 4506 6992 1751 3757 3295 2746 7359 1411 1549 8224 4906 2610 292 7491 7763 1781 3574 3621 8457 165 3738 8030 3948 808 7477 451 7655 7559
29 6042 3209 9441 9123 8547 4151 996 2429 6470 7765 4958 7328 7740 4919 8255 7171 5731 7079 7578 7447 9897 3750 3338 9539 4479 1115 8978 4923 9109
29 7849 1717 502 8052 3746 7721 489 7866 6854 7784 3078 5289 1698 3685 8601 8675 6492 4070 4056 2270 9269 7920 4445 3374 3045 4561 3057 5255 7010
29 2603 7030 3169 5942 5151 9754 8564 941 7661 2562 6697 310 3020 8035 2878 8124 4258 5464 599 6458 9137 2356 5452 4362 1281 1943 8228 3554 2217
29 2584 9288 3384 6284 7449 6753 5066 1194 1132 4938 3388 4290 9127 5854 6741 6228 834 3432 5389 3473 1230 1157 1274 2721 7523 4714 8374 8216 8096
29 9284 1408 3575 8003 6482 5868 7180 7201 8645 190 5496 2656 8020 4425 1094 5230 3657 4310 7141 3973 438 9715 6679 7647 5882 2999 2968 6842 7021
29 2265 1660 6864 9175 3462 8765 4948 4828 9599 8004 8511 8499 9007 5869 189 3102 2979 3043 5060 9226 5469 9013 4772 9950 5702 6821 2291 2894 5211
29 8103 7132 2198 4046 6351 7259 1042 9808 9491 2624 5434 4782 9072 1929 7853 4129 8759 6649 1563 5444 5283 4102 8104 2566 3450 2709 4548 518 7820
29 8854 4077 6640 8170 4834 4005 1441 5224 8673 5397 5906 3286 2148 6728 1401 9060 7238 3109 4719 6020 7685 9744 7445 9065 7019 9517 3062 1727 9914
29 3448 9850 5984 6600 1776 357 5448 3300 7045 4117 3487 8877 2062 7312 4883 5114 222 8276 7994 6987 8767 5602 5089 9193 1017 7289 587 8180 6511
29 3491 3256 4581 2813 3932 3396 4076 1243 8493 1039 1837 8894 9081 5504 922 1894 8029 4555 3433 3737 6894 867 2102 7807 6818 8236 8771 4331 4364
29 9475 2823 8339 6416 4455 4386 5714 1440 3100 400 8652 8677 9490 2589 2645 8990 2341 3113 1338 7446 1208 9132 2476 5872 3559 3661 2329 2530 4171
29 5062 8019 8653 5345 450 4165 4082 6902 4315 7392 6651 3431 4749 3356 1262 9707 4496 1732 5688 4860 6391 6848 4790 6501 1209 3214 6435 8307 2611
29 4398 3775 915 6871 8027 4006 5867 3225 9660 9270 9089 8808 8538 6272 8650 2949 8175 7881 303 3445 2764 2471 8344 3438 3729 6921 3008 8753 3555
29 8141 9957 1364 5069 5387 9416 4817 1258 6436 9006 8638 8892 1163 2416 6399 4761 6714 6521 3327 6193 9644 4073 607 4121 172 2448 41 7718 6564
29 7901 724 4662 2140 4824 7976 1604 675 7755 3648 5192 2153 3035 1847 4578 1783 9290 471 8804 2871 4206 880 1110 9881 4995 6798 788 9410 5823
29 570 8121 7402 4802 9115 9640 2401 3847 4745 5508 7257 3955 8248 1176 1029 5804 4112 500 3419 4203 2958 8397 9972 1966 4196 9563 9113 1928 7207
29 6781 5756 5049 4318 2343 3702 3412 6686 5843 2595 7815 9780 9497 2019 6414 5716 7273 2684 6518 307 9009 329 2363 7457 3135 5398 1323 4502 6091
29 1813 7822 1038 4909 3278 8049 9229 3984 2238 4229 886 332 9908 8435 2413 7859 9323 9624 2492 1075 7825 6219 3081 2405 978 8409 6598 7049 6835
29 4661 9997 2604 460 5263 6255 5949 1229 2242 1602 6606 9970 1126 8332 1223 8288 2219 1033 6343 8452 8800 2934 9331 3706 7125 8110 4890 1954 7234
29 7138 7382 9787 6425 5516 7865 1430 9183 5506 290 4638 7284 8605 2818 1314 1114 8843 1240 5468 7372 6401 7451 2778 7052 5593 575 7261 3345 8805
29 3155 4115 6664 3471 8162 1758 908 3090 888 7916 893 2050 7838 1701 6115 4551 9999 6939 1941 7640 4301 8173 7486 3224 1682 9642 5054 6722 7774
29 3423 152 49 1556 817 6910 9989 1064 9554 5312 9260 7377 6434 799 3806 982 1832 4321 2173 9199 7160 8719 142 6040 8750 4841 4354 4962 4644
29 4852 9351 4392 5237 7458 6211 3716 8410 7316 4652 1676 5550 4294 3778 4633 4955 8529 6403 6045 4399 4863 1155 3498 1506 7386 5256 8218 2670 85
29 5254 3693 2365 1407 7528 9378 6309 250 2435 1730 7925 8617 4383 7056 1838 7298 4438 8321 461 7241 9834 6913 7389 4631 5342 8244 8893 7502 3642
29 8078 4189 8850 5846 5585 3292 9721 7278 8528 5401 9835 6862 6025 6945 1774 3786 8688 9709 7879 4742 748 8557 7498 5560 3527 396 2456 2901 7534
29 4467 8709 330 9785 3380 4175 9494 8741 3904 2132 5366 741 8335 989 5767 4230 8764 1213 3880 7098 7550 9357 8633 2392 6360 2123 5481 3517 7652
29 4466 7487 5245 2263 5910 1907 7016 771 901 5439 7743 8813 7400 4430 9359 6006 9119 2692 7373 3539 4269 2575 1232 5009 2250 7521 5787 6898 2783
29 7148 1035 8447 9984 9286 682 8766 2917 5369 620 7209 8628 1056 2056 2615 2428 2581 7218 6777 2081 3357 8136 9108 2597 3351 1634 852 8311 9478
29 7643 5952 5794 7636 2756 1976 8924 106 5976 7472 5311 5597 9233 1459 143 7779 1054 398 9473 1084 7971 1332 2655 5824 8770 3993 3958 9346 1508
29 9435 3929 3312 810 7724 8046 2569 6676 8620 5514 4921 5770 7131 8426 2348 2326 6362 9981 6685 154 1008 6934 1583 4138 2264 574 4197 1150 5723
29 3660 5954 4166 8118 6258 4976 6395 5353 8577 902 6277 4241 4316 6829 1873 533 5627 2229 6853 7168 7827 7548 6465 6076 2533 9778 1739 7165 7917
29 4616 6597 1060 3640 7552 1421 4181 3651 8506 9733 2028 3892 8558 8509 1498 1070 4280 8310 1341 7095 5743 8739 2374 9905 8788 7164 5257 7965 3529
29 5057 5703 7448 6445 6113 309 7464 3079 3544 266 8122 1618 4533 3629 5063 2372 7615 2312 7027 7716 9210 3823 1699 9201 4895 7166 8585 2528 2103
29 4753 7793 1130 2 5226 5522 5797 3170 2021 2039 5568 5852 9287 1280 6453 8713 4340 4814 7357 2726 176 2162 4705 4531 1815 6184 7474 7641 6952
29 5046 7613 5336 6928 5182 9033 4718 7773 3830 4559 7304 7935 8821 4599 4417 3684 6204 7889 4010 3395 4686 5715 543 3752 6251 3601 8353 5690 1212
29 820 2351 4303 8143 9735 422 220 7561 2843 6276 8013 5304 2184 6646 9824 213 9668 9893 5733 9746 8608 2190 9063 1527 1686 4552 8187 1851 7947
29 8946 7760 726 2777 1600 8663 2642 9585 6162 8441 6357 2262 359 3065 6716 5373 7196 9469 4861 8259 2449 4968 4075 8555 2834 4872 6776 2380 8618
29 5604 6950 1818 5865 6475 6379 2339 7393 1012 4289 1395 70 237 4985 5191 9312 1567 649 5131 1806 5923 5873 3221 5155 3208 5948 4256 3030 6405
29 4473 7297 8952 8565 9268 8957 2295 3040 3803 1555 5329 2924 3241 6878 4813 815 7757 4094 913 1426 5203 5019 8853 8197 3112 7089 7319 4832 1289
29 9151 2766 2855 9522 3560 9963 2710 5748 3887 685 1872 1622 8145 7877 855 1968 2290 884 8429 1910 1162 9399 9840 6774 4105 2716 5698 8443 1665
29 835 993 8592 1807 780 6278 4795 185 5900 8783 4898 9855 8665 603 7167 7088 5730 1173 2022 1733 6243 8600 4462 5243 9679 196 3120 5050 3767
29 9191 7759 9696 1053 4535 8418 8897 2608 5446 9415 1096 4295 3121 8278 6282 379 633 494 4763 9005 6984 8852 8359 4459 8002 9244 4268 3349 2565
29 9392 7674 9925 2430 9382 6030 7406 2531 6572 9939 6033 7071 1920 6601 9344 8610 2226 1763 3466 3773 827 5518 1974 218 2095 5650 3289 6264 694
29 1204 2496 4088 5973 873 837 504 2908 6212 6531 8309 6586 3812 6429 3063 3941 4232 2181 2460 7041 2035 1859 7073 4319 856 1385 1551 4418 8629
29 8644 1143 1595 4568 1562 5940 5671 6866 1767 743 7330 907 9809 3314 4776 9796 9264 4541 705 4198 3788 4810 6103 6335 439 1396 5471 9152 8887
29 5798 5383 3503 4259 2141 434 2144 2334 8920 5100 9375 3124 3635 1091 6591 9681 1488 8217 8495 9088 4508 1475 2694 5649 3988 2119 2781 1791 1637
29 4980 1424 7529 4099 5815 906 8679 6128 5878 6708 9921 3229 5791 8925 5450 3889 5477 5340 3125 4876 9807 9503 542 6 3842 6356 7804 2518 1766
29 8315 1365 8481 2244 1448 8681 5610 8251 1306 9363 4292 1435 8008 3568 7075 3616 9355 5640 6400 5458 3087 2676 5025 6981 6366 9916 2959 7348 5208
29 6891 6980 8927 1805 6237 8884 1674 6359 9231 1304 5064 2457 5701 9311 2845 1840 6376 8133 1931 3252 2641 2317 1731 6858 9582 4224 937 3808 4037
29 6130 5608 1140 2186 5658 4314 970 7065 3882 6584 4204 7352 6378 5894 7663 2151 3961 9653 2975 2361 346 401 2529 4959 1812 7050 4940 9154 2423
29 9832 1666 2583 9492 9669 1487 2770 4486 9753 1028 1899 2502 387 6024 4276 1439 7909 4610 9195 7083 6132 8405 5120 88 1112 7100 9403 3279 63
29 1999 2863 2713 4757 7699 9549 7381 7891 5760 5222 3785 4564 8855 92 2981 2237 3213 7410 6965 3843 8676 4513 7905 6260 7453 415 4683 3444 2149
29 1769 9155 3782 8699 5968 2138 8737 5925 8993 2233 5343 2891 7941 805 7712 3723 2564 958 7634 1284 8785 1814 1782 2393 4877 4820 6587 6947 7417
29 187 7175 3772 3476 1985 9515 9856 7361 1725 2722 472 9728 9952 5830 9326 6380 5487 3571 6689 9105 3965 1041 4265 7119 1877 2904 7002 2956 5320
29 6507 3236 1312 4794 289 9915 9477 6634 87 5183 8603 6318 778 7118 7130 8560 3939 7221 4868 7476 9926 7469 9608 6053 6782 5196 3663 7260 1653
29 4523 2563 839 6231 961 2873 791 4134 8793 7703 2030 7816 3011 7589 4074 4125 7271 1578 7808 1850 9521 8380 814 114 4222 2031 1464 4605 4576
29 8172 9246 5209 1909 3264 2279 949 1127 5838 1693 753 5322 4379 8507 9716 7172 6220 1366 7684 3255 9245 50 4681 6797 2478 9613 467 5674 5638
29 1965 8504 5955 4327 7060 6452 5706 2950 7629 6236 6856 3131 4136 9365 6772 14 5662 2231 5799 5362 7826 7 5665 7799 8749 9064 5280 9971 537
29 8099 4172 3361 3987 9967 3118 5170 9892 3675 4640 9842 8862 2116 3646 5409 5800 6226 6079 9509 5977 1534 2669 9221 344 7604 9438 946 1697 5227
29 4322 3581 4574 1779 7116 3455 4377 9350 4387 4520 6567 3407 8721 5259 7739 4623 6104 4618 424 8822 4154 423 8408 9377 4646 8708 3589 2267 4978
29 3756 8184 3511 8366 6748 9391 4983 5218 7840 7680 3507 4582 3298 6471 1706 6698 5971 5617 7832 7403 5364 8521 6139 8747 2510 9878 6830 8240 6172
29 7426 333 6200 1924 8841 3275 9380 4597 8812 9308 8325 644 8222 609 1761 3639 418 4656 7425 7226 7582 4536 349 1005 480 6358 2786 4821 2451
29 1826 8090 6623 7871 3950 9039 1854 1521 4527 6559 5314 5442 1960 2842 4488 8242 5394 3418 3885 5929 7736 162 4613 3424 6907 8792 617 5216 9837
29 666 4766 7358 5965 3064 7667 8050 6057 7483 9994 5856 8191 3721 8390 9414 1713 5378 1903 3594 5641 9938 3561 4173 8810 1947 6704 1522 6121 4678
29 6613 6683 3044 5475 6275 3050 9565 8718 9272 7190 7928 7195 5162 3849 6836 2740 1088 255 9017 9386 28 9036 6317 4979 731 8081 8151 869 6491
29 2648 1386 4937 5349 9073 7650 6747 5433 5784 420 8562 4822 545 9160 7012 5202 7750 6530 9693 5094 8612 1514 828 9277 3614 5859 8270 9786 9741
29 9601 8961 3288 1614 7519 7232 2673 402 2477 8040 8655 6263 4215 2617 1621 6611 8942 595 2988 5421 786 2073 8243 6838 4337 4237 1540 5029 819
29 9988 3247 2069 5966 7485 3703 3610 91 8239 689 4174 3795 7429 8137 30 1866 6802 8773 2112 46 3874 1388 5380 8802 2214 5215 5365 6480 845
29 4830 3533 5113 3612 3954 1241 4452 8958 8328 9658 6918 1489 1934 3317 7431 3801 7514 4149 2702 4359 9684 9198 4537 1287 6761 6637 6179 4097 4361
29 7313 4071 1691 6168 676 9322 6464 3420 871 5793 2011 3742 2705 729 3220 4312 6223 9730 7961 3754 104 4041 7659 9953 7280 5870 3218 9968 4871
29 4967 2517 8246 350 1772 2535 4304 1593 4247 3167 5133 2124 6386 8446 3136 604 2369 2216 9726 9867 4330 9639 6593 5615 8818 8619 4352 9802 4188
29 5524 3636 7694 4169 1267 931 8012 3019 5323 9436 3364 3813 2686 2390 8142 7656 9513 7823 5927 2420 201 6019 4296 7301 8363 8068 2902 2099 1648
29 3190 6671 5934 8875 1422 653 6125 8790 36 9499 7450 9051 6143 7157 3446 5746 9325 8461 2899 5139 6875 8229 4324 581 9041 4257 9607 3634 7649
29 8598 2139 6402 1531 3260 2358 3783 6746 1804 7597 1082 8330 6454 2761 6486 2185 7893 3890 3976 8473 9000 3497 8888 1337 4346 6828 3970 7775 7492
29 2993 377 8404 3951 7147 9980 9315 7296 8111 4140 2511 5533 8437 2606 7033 9609 9066 335 2299 9016 4620 4912 622 2885 235 1136 5591 6216 9418
29 4904 5919 3579 6857 2963 2049 4015 252 8001 9126 7875 2825 9655 3251 7114 831 9757 8016 8839 7398 6107 6592 3977 5996 9034 5092 4384 5513 6061
29 3183 2446 766 2815 8053 5990 9540 9238 6296 1980 868 9247 3839 8279 4011 9334 5199 5186 6120 6034 1617 3725 6467 2751 7730 1071 6988 124 8395
29 5326 9075 8654 5997 7151 8063 2018 513 7993 2538 3606 8358 6510 4992 7831 802 4538 7570 1265 5338 7874 4285 6248 894 7192 1801 9829 4685 592
29 1938 6154 6214 9884 9899 2053 4692 4903 4079 7038 3797 4732 223 6253 6450 1830 9292 5989 440 1649 6880 5316 1153 464 7094 1079 7553 7908 9982
29 7642 9960 6765 6888 3009 1025 393 964 4446 7390 2960 9562 2408 1406 5152 2006 645 2246 2473 4653 151 1953 4651 2883 3943 5489 5774 9431 8465
29 6570 4796 1348 928 291 4250 7149 745 7240 789 7243 6800 8989 8861 1636 8780 1848 9077 4429 6140 1357 7904 3223 18 7810 5261 2895 9544 1199
29 7256 1956 3628 3291 3266 9761 4309 6312 4385 6328 7188 6449 3543 7596 1744 9877 388 2972 9875 3761 2662 7263 9306 3257 7923 9748 8412 7341 4690
29 295 8698 7115 1285 2195 8282 9708 243 5084 3018 5083 9857 4667 2973 1261 361 7069 5239 100 6700 5335 7137 2197 9020 8979 2008 8487 3913 8816
29 3766 8903 5324 5461 1210 4030 9909 6369 1532 5763 9737 2426 7792 225 4226 4351 3650 6807 4780 2227 5626 1605 9859 8112 3936 5633 951 4827 1596
29 1831 7576 5030 6509 952 4636 3537 1677 4193 9425 3817 1880 8938 710 9935 903 1886 3891 7064 8198 3787 8010 2579 2729 5391 5386 8640 9768 3375
29 2600 7735 3171 3781 6102 6516 3731 2331 9235 9870 4003 9545 9135 9261 4382 2882 2324 904 6054 9985 9234 935 6899 2976 3800 8164 6960 6017 8479
29 691 436 4797 1835 7351 2755 9537 3871 409 4792 313 9029 2682 8686 611 7307 6991 8707 8269 4357 708 3309 5607 3014 8823 9071 103 4087 1921
29 1577 8227 405 6595 5598 8471 9571 9467 5742 8541 2071 1683 8384 6345 9923 264 5484 4693 5463 2861 3097 3591 520 8576 7677 1705 5621 4875 3082
29 601 1573 8297 5153 5632 4867 7728 1322 7415 2281 8369 2913 8604 3449 6060 5956 6905 985 4946 1803 5623 5381 1129 6713 6660 677 6442 1235 3021
29 6885 1711 4994 2578 9817 3811 1865 6566 6652 200 6354 5395 7404 9043 1103 6323 297 4482 4389 1748 9333 1202 885 6926 6059 3962 6029 3071 7414
29 3902 2854 1893 5751 1278 7790 785 5176 6675 194 4483 2735 3631 664 5122 9040 6786 4645 6232 3365 3658 5663 8467 4850 5586 9912 2915 4964 2994
29 526 4764 7235 5156 6313 408 7800 5274 385 833 5070 5530 5905 5834 3061 8129 5642 3776 3231 97 6297 3133 4848 9879 9934 2523 4954 2925 1911
29 8057 94 4246 2384 5574 678 8526 1149 2322 8848 7000 1371 1650 7043 5839 1057 5026 8972 2192 4778 8923 6886 3613 7705 3940 4271 1975 447 1363
29 5645 6021 5503 3322 2906 5654 9803 134 9495 7981 3330 8089 2382 8591 9381 8329 1906 8847 1286 7814 3900 6144 4342 5232 6654 2718 7837 5681 4789
29 9872 275 3198 4944 2841 1890 2129 456 2313 3262 3484 6814 1319 2897 5346 7018 6451 9551 6870 2596 3017 139 4993 8838 6141 8516 2487 6656 4625
29 2156 2847 3630 2573 2965 4942 2744 2439 4566 2509 4028 2935 5694 832 6483 635 9570 193 4054 7780 9271 3022 113 4255 6709 7843 8945 3857 8470
29 3611 6347 7984 4067 4034 443 365 9583 383 431 4460 5983 2720 3199 3441 5842 2485 9928 2272 847 8126 9265 8940 9978 2896 321 5685 5002 6441
29 9822 1785 9104 3735 4910 5368 9456 6816 9393 2574 5382 5412 123 6484 9672 9421 1495 2319 755 9706 260 6116 8648 6222 5660 390 4682 6663 4901
29 701 9692 534 3339 4200 6815 6658 5556 6522 2027 790 6138 5699 6291 6208 86 274 1346 1741 244 1362 727 9468 4407 2257 9731 3148 647 4347
29 5832 8432 7982 1704 1197 4627 7239 4642 3185 2009 8055 2647 7860 1170 918 2872 1225 5331 2898 1476 7274 8738 9374 4012 8117 2308 1678 6576 411
29 175 1468 5388 9397 6117 8991 6779 9314 6978 3500 972 9703 683 8611 2671 2869 241 490 6417 9230 1646 3000 2434 1318 8515 8100 6371 6639 3227
29 7320 280 659 528 229 8421 5435 9954 6847 9254 4262 8689 5691 9278 6873 5565 7199 5399 6199 5103 269 4209 1031 6077 6569 749 7926 1778 4539
29 2368 2417 5041 548 8890 1515 7144 9461 3001 3130 6672 6927 5664 249 2540 9729 4934 6476 4143 1400 2639 315 4326 4270 9686 1369 637 1864 9255
29 2038 654 4214 3149 4192 2468 8754 7467 4454 1193 5142 4835 4092 8775 4918 1392 9070 3599 8156 5853 3029 5449 5172 2559 517 1629 5736 7063 496
29 1579 3832 4701 7579 6474 3417 6764 6990 2846 230 8391 1908 2044 2683 1358 5270 4470 9021 3245 3822 347 7562 5101 5521 2115 5729 8317 1627 9354
29 9888 1512 1925 7611 5483 9974 8615 6215 8263 4500 594 7785 8832 6757 3377 3740 8226 9295 5572 3967 2750 7506 455 1790 4840 8880 6755 1690 9700
29 7318 8948 8543 2442 2012 3164 7022 117 1657 1349 465 9964 6010 3807 1482 9232 5531 8336 5708 9901 9722 6801 5300 7857 9865 2170 7997 8879 531
29 4119 8545 6151 7742 429 3268 466 1009 8532 1233 8245 6773 9179 3456 5519 2342 3853 9674 2087 7003 7085 6517 9101 7281 2046 4762 2737 9918 2504
29 6392 6669 8730 2524 2147 2992 606 6411 3486 1307 5277 8859 2033 4160 782 5790 5248 1161 9534 2598 3200 7197 1108 5017 3946 547 6513 6038 7540
29 7720 8407 9417 9304 7625 3442 1236 4395 3678 8005 1643 9793 5290 1962 9389 8578 4059 4893 8519 2180 1687 1438 316 6659 5795 6823 4708 953 1154
29 719 5260 457 8492 9095 167 3033 1151 2289 2629 560 1172 5803 5198 32 8355 4080 613 268 9516 3751 2503 9348 7339 4412 7544 2561 9650 3504
29 3590 3104 8431 4217 7698 1575 3541 6105 2337 1032 4726 1460 2316 4128 8348 5076 3067 1611 6900 9142 1940 5589 1669 5039 1361 8567 3467 7362 2367
29 493 9366 328 1491 2747 5082 8968 3949 2937 4388 9973 6210 9279 3321 9996 2560 2300 5957 549 8704 5745 897 5437 1454 4666 8830 8070 836 6246
29 746 1641 2933 7442 9520 2677 6292 662 2961 7401 1120 9218 8769 5027 8378 6594 492 17 842 5920 4729 6852 5011 932 2498 4353 9358 7424 8194
29 1109 9328 1415 5148 9096 6520 572 1541 8912 9220 3379 1630 1919 4825 1829 5479 7499 9641 4475 4812 1324 783 6799 4366 9285 9698 6573 2810 4275
29 90 1187 7186 1398 2940 1787 232 8365 4950 2989 1427 4243 7387 8915 751 5546 6134 3409 8868 2665 7945 3862 1900 3483 2104 8743 3038 8132 1868
29 3240 8579 4236 2353 6177 2801 132 1174 1485 7037 7522 6364 7612 3003 3461 4421 8599 1656 8034 8825 6803 7454 1311 7508 3583 1333 2850 419 6627
29 9145 3117 9942 3914 73 1220 343 3934 5146 7835 2547 5189 8413 4601 8140 101 386 5493 2580 9758 7818 5358 8742 7746 8146 2712 5953 7608 8898
29 9814 5467 7015 7219 4622 7867 6304 9362 4185 4885 6705 1182 6182 8038 7146 7558 6743 3852 6058 8086 506 5710 118 5140 4913 8782 9904 9697 5107
29 1574 3704 9584 6046 5005 304 2762 1547 8469 5821 2122 161 4002 5306 2982 999 6170 9911 9676 7314 5995 1843 6541 6327 5032 3796 1503 503 2507
29 7914 7833 9408 3694 6493 8970 1138 793 4363 4158 7802 5890 777 7388 9252 8867 2757 3329 9429 8921 8430 7862 7017 4908 621 990 8167 6575 9558
29 6812 5837 4878 4503 5680 6500 703 4069 8389 5055 7610 9704 6238 2944 4743 1571 1383 5174 6288 5986 2458 7465 9657 4746 5812 5536 5543 1268 8351
29 3016 482 6959 2350 571 2057 8756 3667 209 3604 1852 7560 8347 9434 4213 1536 6334 7248 1955 3032 7444 7594 7140 9536 7121 7856 6028 4014 2791
29 5673 3501 9743 5492 9428 9678 9302 1525 2853 6523 1849 4892 5347 345 5581 5820 2697 650 8563 2208 9396 9656 3369 2964 5344 5161 2481 936 7577
29 2378 4949 9257 6092 108 5298 2106 5177 7405 9203 1309 2397 9092 7072 1552 2951 8155 2113 8367 7285 8809 8071 6066 3627 3157 4590 2789 4419 7460
29 6933 3534 2335 477 4966 3443 5457 93 5090 6715 9067 4127 7282 1494 9430 2739 4800 2602 4299 2362 6126 4403 3163 8188 5173 6688 1916 6806 5486
29 2440 553 8434 446 768 7769 610 4358 1759 3086 4062 8159 7108 4748 5093 3137 2379 9647 6064 1528 2816 3910 1374 9301 5408 1022 1399 7722 9600
29 78 1247 1021 7253 7894 9120 5188 3854 8256 9854 257 9187 527 1905 8475 4335 3013 8331 1087 8304 3077 8456 7987 5624 9900 6881 8539 1635 9577
29 4801 4989 5721 1926 4917 7109 5857 7541 6535 2320 3280 8260 8284 8149 7044 998 9405 3261 7635 9566 2366 9649 1878 4369 4360 378 4058 7215 519
29 7851 9561 7918 9219 6563 3091 1198 5580 1098 7484 5501 6609 2760 9455 2743 6644 66 6958 7573 7067 976 3023 8716 6631 8935 5231 7921 7456 973
29 207 2332 3833 4091 130 9772 3272 6817 6084 995 5121 1688 6310 5768 680 7233 4106 9596 9345 3394 3521 6579 614 6324 5582 2706 7178 9556 1298
29 6668 750 7014 7581 8906 7719 6551 5969 4044 5502 881 9821 6368 3174 7184 8787 1977 2200 7507 3244 4894 8179 2784 7583 8846 12 5491 5915 4329
29 3440 2091 6796 3696 9273 8293 9961 927 8123 4900 4684 6456 7949 4603 1853 6384 9553 8119 7208 1565 3178 3070 2376 7440 754 5275 2879 233 2084
29 1587 9157 5077 3620 3238 2212 7347 8572 9267 9771 2078 7958 8963 9792 4332 4109 8221 180 4604 2172 6949 1072 5922 5158 2516 9759 6161 5473 969
29 9714 6152 3452 61 8327 4053 7980 1620 9186 1802 1431 9839 6367 7321 5600 9177 8425 3814 7591 5111 8301 7266 8169 7505 7478 6397 3161 5644 722
29 7245 8134 1192 5529 7185 6005 9356 6286 3203 6230 1799 6849 339 3094 5909 3495 52 2839 8186 6839 2127 9225 3673 7683 4291 7817 1550 7162 5707
29 3720 1425 3505 1148 3992 7158 1760 6186 5935 3784 1724 239 9654 8807 8886 96 7912 4085 923 148 742 9775 2196 181 3196 1474 3173 7966 8694
29 1568 3815 747 4239 515 3346 7691 8274 3912 7024 3515 715 8352 5132 9902 1063 588 1351 9401 6087 8212 7977 2294 9004 730 2819 4674 8290 2659
29 5147 7229 8781 8438 7890 7603 1282 74 6740 3362 360 3563 2080 6951 9453 947 4596 2445 9487 4668 6247 469 4510 1266 2572 9112 6074 4556 9784
29 5266 9371 6819 6363 1264 3391 7286 4350 8458 7135 5480 8899 5036 3700 5006 7344 5825 3371 9518 1077 4781 9313 5337 7480 8306 3308 5432 1875 3748
29 5014 9213 9506 1590 4018 4553 9097 2410 425 1707 8815 83 2780 7112 3026 3401 299 3184 672 3732 3935 9176 7306 9667 6832 717 3570 6088 7688
29 2805 6093 9727 5669 9627 3036 9622 3573 8974 5297 3637 7531 2998 2500 3054 9560 8498 5287 9085 9512 4971 3990 9569 9524 2626 9423 8895 7796 2288
29 3216 2793 3659 3618 3373 629 7028 975 2310 4785 2280 2651 6590 2893 914 758 8614 4118 7632 4595 8161 6071 2732 4463 6181 6932 7801 1651 9481
29 4447 3249 1196 2874 53 397 6244 3745 9675 4889 2799 1419 4696 5411 7363 4139 4570 2653 1523 6568 8881 1775 823 1305 6013 6308 8360 3232 6479
29 8858 5233 9913 1113 8575 5520 2154 9936 6553 8944 9993 529 228 539 5075 917 6439 6678 5267 4711 728 2159 5184 5091 1714 3931 3826 6404 7899
29 1764 4469 8177 3707 5534 81 9223 33 1609 5403 584 2548 9249 3271 7058 8095 8534 8139 9083 2023 5814 129 8449 3930 6408 6633 3580 5988 5666
29 862 5354 9635 8971 2459 5436 3741 6389 1671 5704 3105 1044 1796 7242 8338 3869 7181 8396 6314 2118 2461 1384 4884 2812 8845 3840 5204 7294 3952
29 9053 5801 3701 227 2239 605 8462 1735 3780 3481 3277 7906 7001 5441 7682 1413 7836 2164 1471 8973 3307 988 9032 9805 6203 5813 2814 3868 9895
29 2209 558 9361 7922 5116 8549 7621 6446 2064 8150 5429 7955 1034 2424 4161 8135 8401 538 5672 9946 3726 1107 267 5764 8731 2505 1106 5844 6065
29 42 6729 2954 1608 779 9076 5125 5772 8700 2403 3508 4941 2020 2833 1171 7053 3287 2700 992 2723 8091 4176 4849 3354 9208 3607 2268 7886 6051
29 8980 1359 4632 9930 8624 4573 5396 4672 4325 6015 1825 5818 3490 2903 3677 775 2111 8041 8403 9432 5893 4932 6771 2691 3760 5430 5374 7911 5193
29 6261 5583 3679 7251 740 1631 1160 2983 3304 2955 6287 8153 4284 4637 4157 1382 2327 9098 5099 4464 6641 770 4000 8556 4619 8305 1473 655 3810
29 1846 8669 8080 7516 5102 1276 3644 9406 2542 4864 9500 2539 8659 6735 4167 3028 1819 5614 9701 1729 7057 5892 7602 8962 4061 7934 966 9838 1185
29 9038 1734 9568 7648 4001 4144 7878 9172 8876 7931 3228 6612 2685 2967 9712 5541 4492 6050 761 5271 9541 8340 4783 2427 6201 6867 1350 5851 2107
29 1824 6265 182 2599 5705 7299 9955 8349 4524 1810 199 353 7989 8883 3389 9588 3047 7585 7210 5807 5544 9691 5085 7490 9774 8953 1891 3188 75
29 3496 3025 6257 5564 6421 221 5478 174 9990 6515 2040 6082 1467 3415 5072 4027 583 8082 3162 3915 272 5961 186 1594 2093 2616 1315 265 2630
29 8546 6497 1983 8503 2168 8093 6205 3297 6562 5861 569 997 3686 2657 6192 1736 1789 1584 2941 8064 458 1251 712 8302 2398 9080 8583 9555 3048
29 3123 688 6778 1505 2166 5612 2450 2541 9044 5749 21 6225 9300 7099 2010 733 2945 3204 8643 5754 1234 7452 8388 1626 1798 5926 9827 2157 8799
29 7653 5262 8977 2005 1380 1961 7915 3182 2794 4562 4431 7032 7009 8752 2464 4373 7546 8571 370 7262 8748 3624 4624 4008 6916 5569 7270 6632 2480
29 6557 7324 4458 69 8540 7412 3881 2136 8289 5163 4647 3982 6145 5438 4862 2727 3824 5038 7762 2787 2733 5190 9022 8308 7396 3816 1327 6730 7264
28 2672 9858 9117 3350 1644 5144 7870 1420 8022 8794 8213 1585 3488 125 7725 6621 4557 3928 4133 9965 1989 3165 317 6694 6447 65 9869 9163
28 9189 8386 8870 7798 4084 2352 7327 308 3430 7105 3791 6183 9222 6178 4845 214 6350 1156 2453 2742 6923 8065 459 8922 6325 3710 4274 7153
28 2297 5370 2037 4715 2228 2920 4677 380 9725 6472 5659 7811 1418 9010 2800 5299 8926 2110 4670 454 2688 4939 6089 6619 3734 843 2807 6810
28 8502 3632 144 3323 8613 721 6262 5315 6163 7536 4124 1320 2121 4045 210 7515 1973 507 9779 7959 8524 3358 7714 2285 6293 9576 1001 5284
28 962 7695 26 5941 4777 4788 7842 80 565 6793 2826 4873 924 3747 1409 6545 8168 1918 4035 1159 1979 7113 699 2796 8987 2311 4956 5779
28 3039 314 1139 1205 879 4607 813 9107 720 6160 6098 1647 1935 8842 2704 3662 4839 8196 4731 3337 945 195 4150 787 4411 9535 825 7555
28 3516 9446 7179 6754 2048 4302 6744 1895 925 4888 2052 642 9845 4420 4288 5606 5924 4261 6527 1090 1296 2443 1372 8690 6415 7174 4680 9643
28 7584 4057 5535 2479 3623 706 6618 177 4116 9781 2097 7267 301 4779 5104 183 3805 5013 5001 9801 7169 8157 4336 891 7152 4981 2444 7568
28 9581 9202 698 7416 1417 851 1093 5235 3715 8042 4945 4440 2354 1544 1068 8550 4819 5419 9846 7193 8930 6342 2612 9074 8058 7726 8265 3531
28 4804 4338 3385 6250 979 6444 8831 2359 2266 8911 576 9628 4132 9207 7102 5505 4740 1047 3263 9493 6270 9620 3542 4320 9170 2143 9765 7756
28 1599 8513 8286 3524 8872 1123 6727 3151 2179 2083 1301 4032 510 986 5718 3672 9483 4706 7710 4928 864 6281 7252 1841 5559 3457 2386 5991
28 6956 7277 1330 2858 9907 7367 9439 2613 4145 6329 4293 8857 1144 2675 1662 2034 9616 4043 3638 7127 136 2875 6289 6887 5728 9003 4586 4063
28 9180 910 1675 9352 1756 7375 8966 6944 2525 926 3825 2495 3095 8185 4723 4902 1169 5246 1190 2347 6536 7902 5735 3995 501 8986 2105 5065
28 3145 5944 9236 6973 1049 1293 311 6267 5223 1256 1792 4544 9309 394 369 5268 8087 6396 122 9611 1078 3413 9318 5359 6929 5711 6303 6625
28 1048 9747 2554 4400 9811 158 971 5390 4874 413 2802 5964 3134 1553 4072 2125 302 4051 4305 1201 4225 9682 8127 5402 5936 9987 6673 5361
28 2586 3075 7689 3867 1715 4567 8381 5850 2771 974 9919 8215 2576 8115 245 9169 2224 2029 8138 6468 3526 5286 2865 2927 8803 3652 1367 6149
28 8453 6330 9559 7752 6922 1390 541 980 841 1708 532 3834 2859 3942 4199 5214 5982 2625 1252 3089 5264 5933 6548 1716 3237 9099 1295 9958
28 804 3492 2202 6032 2137 5051 704 3243 734 4736 9087 2255 2857 861 2204 1667 2690 6315 8525 4606 9944 8202 7619 6086 2779 7968 4767 6301
28 8551 816 1186 9131 2135 2394 8417 9055 1299 1545 3194 8106 2412 916 430 2527 247 1403 1216 1116 217 3793 9602 7972 5515 9573 3381 578
28 957 9031 8364 9891 1520 3536 9329 8834 7202 3802 7503 2276 7355 1085 305 965 354 5272 3549 4253 9574 6194 1277 7154 7991 1601 6843 6390
28 4671 9460 2241 40 3680 7668 3528 484 5757 6666 2188 7863 9750 567 4365 1461 9683 5884 8303 5788 7686 4308 8763 752 8981 2942 9580 582
28 2452 395 4769 4650 4436 3347 2609 7960 1218 1248 7651 1861 7532 1936 3382 5648 9122 9480 3945 8208 6834 8014 8433 2025 6495 79 9995 2215
28 7136 7418 4481 3519 338 7249 2674 2728 1118 6750 9575 2790 564 4713 4434 6365 4404 8116 9156 9896 3864 7434 2905 6239 3938 1638 2007 7936
28 5160 3873 563 498 4123 5744 5167 4298 2748 2513 6191 8505 4168 5330 4120 1451 6930 3790 3276 6095 7819 6733 9661 7644 4038 8589 8105 7322
28 2146 7216 5532 6620 2013 236 9825 9864 4083 4833 6188 3608 1948 1353 6418 6670 9197 3293 631 6957 9610 2773 7293 6602 4490 3311 3080 7326
28 4049 9445 9688 8717 2633 6000 1203 8460 6824 8588 2808 3434 5782 8371 7159 3499 9426 4750 7783 3217 2002 7658 3996 9450 1254 882 764 6546
28 8561 3883 7744 6463 1597 5693 3479 3997 2194 1883 4101 9502 8734 2235 9400 6540 4737 1073 6043 4911 5143 1455 9637 9508 2248 8916 3956 1773
28 5465 9159 4957 5207 8751 2346 5916 4394 4831 6344 2522 6707 2534 2082 7587 2130 762 5422 9465 7225 488 1570 9523 1297 6745 9474 9164 5007
28 3153 1942 3903 8733 4219 1257 5360 7110 3195 111 7767 1436 3246 4925 3463 5540 7630 2488 535 3600 5145 6840 2978 8695 3779 5466 1184 5418
28 612 5371 476 7394 6374 8237 1994 6703 3281 6256 1329 6997 2017 5761 6462 5646 3319 9262 1625 155 9369 757 8647 5180 6784 6002 9100 2155
28 9049 9340 8073 1037 3755 8714 1639 4190 6473 7455 5350 8296 709 2404 2666 7500 3596 3222 763 6558 1164 5753 4267 8160 9947 1655 2075 6732
28 4065 773 4765 3331 7723 6876 6007 1882 9457 2835 4040 7830 7554 4410 1963 6653 8414 2271 6682 6195 1513 7530 1728 262 2088 3328 4345 8314
28 389 8394 128 7244 2293 2391 3205 499 8581 1158 2100 7305 1003 3132 7493 6977 8960 4534 8419 6165 8411 8088 5341 5225 3909 7731 9615 6279
28 4052 7828 6970 5999 3733 7383 35 9485 1904 1610 8067 8967 8907 8482 4756 9387 5622 5692 6736 5431 4991 4859 2109 2987 6041 3404 9645 9841
28 994 596 5555 3005 2085 1429 9078 5887 9437 1226 4591 7039 4952 2837 7265 4146 1013 4162 4648 7051 7913 6937 1447 634 9124 769 2620 6014
28 2163 286 551 5456 7482 9129 5210 6971 3489 5028 9760 822 6582 7370 3034 367 414 248 8300 707 8280 6031 8985 8712 4936 8043 1270 2952
28 327 2150 8415 8324 5171 4355 939 4273 6331 3654 4988 6914 7443 3010 3370 2695 812 2026 9776 8947 7092 7034 5765 1479 6011 5678 5618 3386
28 9887 4922 2472 9227 4009 5 2591 7605 3299 4370 9812 9035 8844 673 984 2193 2133 2754 4202 8181 5363 1912 3848 3998 1939 427 3901 5042
28 3425 9413 188 1178 2752 5901 1055 8454 8154 2161 4728 4212 8552 3435 7702 1664 3359 6124 2131 608 9259 7101 4733 2962 4571 6159 1027 5885
28 1833 1030 6935 5020 9384 9937 2258 7872 7745 4857 8668 3058 863 2165 6075 1496 8758 6940 8048 6788 6514 4675 5571 9253 4702 696 9991 511
28 1572 811 3665 68 3671 238 679 9898 8874 1083 2725 2474 3303 5817 9595 6837 2753 772 2045 1591 5902 4245 9886 5719 2537 2749 8574 3697
28 5588 5097 9646 3919 2506 8494 3332 2158 674 1971 7409 7336 5108 1661 169 4669 1613 2047 7797 6349 4022 8101 1481 2269 4961 6650 6647 2681
28 9106 626 7494 8820 3698 8651 3625 6419 7896 5253 7645 8943 6763 7809 6624 7953 2292 7189 6775 8496 944 8102 6661 948 6972 7729 4235 8909
28 671 577 4717 3172 3845 5307 5228 3724 5407 6574 3863 1749 2984 2577 254 8999 6758 6487 5385 7504 6420 5684 7128 7717 8376 1010 3072 3870
28 1539 352 2418 9224 4926 4278 5166 1944 4472 5035 5106 5000 2465 7007 4727 131 9671 7081 2696 4826 1658 1443 1328 4297 5805 5907 7435 1177
28 8039 6845 5310 2785 1175 9242 7054 4734 848 3429 4047 116 9833 1102 1504 2462 1195 9659 8230 3564 3294 2284 8685 8343 3015 4422 6235 1946
28 1134 4433 8969 1275 9263 4096 6822 1888 8000 5603 4272 4130 7990 580 3108 700 2043 6387 3485 5620 6004 160 351 2638 1937 4998 3829 849
28 523 474 8710 2715 5377 738 3326 8292 5523 2919 3865 7275 6018 3585 9299 7212 6924 8291 6938 3248 6370 2074 857 1874 9586 2400 8819 9188
28 9742 5213 554 9042 4195 6427 919 3556 1836 9274 5440 4774 3368 198 866 7778 6712 1336 1640 1582 4853 8510 6702 8174 20 2907 6332 8268
28 1125 2607 3921 7335 1124 1076 4205 0 3821 4929 7771 6069 9370 9959 2187 5539 7129 5810 9528 9294 2277 3739 8474 735 3687 5276 9404 202
28 23 6931 7946 1809 8701 2126 6221 8486 2409 8728 7672 9976 4179 9844 3753 6629 3552 2321 6381 246 7547 4242 8811 7463 7616 2881 3202 2134
28 6423 4501 7011 9079 5313 8954 4104 8649 8211 5384 9720 8455 3502 5752 6895 6432 7681 5651 9337 6571 9102 7250 2588 6153 5809 7029 6094 2623
28 2922 8399 5917 7439 1558 6322 3103 6874 9885 3069 1214 1023 9739 1145 95 7200 8975 1537 524 410 1755 2932 963 1834 1446 3719 9782 5635
28 3592 8851 5938 9756 1260 171 6994 3905 2176 5687 7268 4504 5488 8826 3692 8283 211 7673 1684 1510 6662 3578 7512 6431 121 3645 5317 3116
28 2414 4760 8745 9019 9027 9590 7379 7526 2552 4163 9412 1389 6948 4343 838 4614 4843 3414 1043 6555 8021 7220 8393 4505 5937 3197 9847 2296
28 159 3051 5613 7279 6985 3804 8726 3770 3587 2947 8939 9216 5024 895 7378 8373 6448 875 3372 3749 959 3053 5305 7074 9863 1486 9330 7996
28 9440 5334 2557 9755 3405 1165 2912 5637 4251 3144 3166 300 2946 1507 4477 7795 449 7733 3142 9026 6108 3626 6478 1685 9894 2829 3472 4184
28 4805 4634 5112 7329 6504 5117 1373 5376 6385 8477 4818 2389 4098 4218 8597 6175 9214 618 2259 9532 3597 1381 1347 8632 5527 9687 4516 824
28 3831 7205 544 1745 1560 1750 7944 2001 3156 1493 3986 9677 5766 6941 9217 1391 6512 3085 7964 4786 6355 4485 7461 9342 2211 9463 8784 5269
28 8607 3235 4474 9940 421 784 9648 9182 107 1477 4401 3846 1933 6721 5426 9552 3567 5393 7428 8817 4283 6642 8287 3649 9148 7930 2306 8932
28 3968 7569 5771 8797 7845 2838 6859 8828 5010 5012 6097 4375 2520 3393 5943 3458 6946 5773 2521 7302 6645 4744 6723 7518 4698 2357 3769 8385
28 6603 7545 9992 8934 1612 1095 4969 6049 2689 4519 4579 3494 8722 6996 1457 8908 6884 5236 8023 1619 4211 5445 3841 5946 2571 2189 6865 4747
28 7855 3875 5476 2482 2767 8201 6519 530 6615 5862 4882 5405 8066 3477 1046 5786 6119 2484 1710 483 4563 9603 3727 4584 7791 8298 7764 3918
28 1808 6897 8590 5855 593 6681 8569 22 9059 7664 1754 1524 7973 6692 7962 6306 9717 5098 4572 4725 1844 3933 2991 1957 2731 6311 6737 6955
28 4611 4974 2736 8778 9636 2701 2918 6099 7768 5951 7824 9173 4180 376 2939 318 9810 9587 6863 3792 6489 11 2072 7711 2990 8918 7978 6133
28 929 5008 7173 5898 3367 1554 8478 6538 8602 2707 1092 7423 6749 8639 1535 8190 4970 381 3056 7956 8998 3538 4593 1857 4026 5609 7631 5392
28 3562 138 7397 5109 1462 5542 6766 3335 8553 3336 7753 2986 5579 1352 3674 5978 3837 7898 5697 5321 1949 5888 1586 4287 796 5285 6320 7533
28 4182 1271 5197 3201 1913 6481 8320 6437 4457 7291 3925 2120 109 5073 512 9673 8200 3884 1581 4016 4024 3577 9631 8527 892 624 7850 6422
28 9543 7995 7864 2971 9966 5423 1340 4413 8627 5119 2643 8878 7939 1321 5356 2546 3576 8984 8671 4899 9663 7254 9813 1930 516 1607 4965 8114
28 8450 9498 6578 3410 8697 2768 4089 5639 4444 5592 7334 6989 2948 623 9390 6111 6494 9174 4704 9578 9479 6047 6534 7868 1765 7738 4526 6787
28 9321 4066 8128 896 7575 9625 4694 7338 8076 5904 1206 7345 8666 8761 4148 8341 5485 6336 3566 3093 3768 7567 5709 6717 2618 6626 3101 1397
28 3827 7781 281 9470 6556 9121 8609 630 5769 9420 2867 4021 5265 3759 8254 5737 7217 64 5415 2455 2089 8079 8965 8247 3717 6783 1533 9204
28 4397 3363 552 3866 294 3836 3669 2679 1253 7091 9012 4657 9118 8015 8109 8223 1224 8210 9162 6691 3689 8354 2483 7520 2848 7542 1559 8964
28 5500 5130 1862 6155 3283 5826 2167 3558 8517 8642 6224 9618 7025 178 3897 3250 6739 5573 7563 2974 9402 8905 8326 651 9045 340 4111 2957
28 1753 5545 6936 6150 3855 5896 4550 4858 5911 1290 9862 4658 8824 9694 7882 4815 2708 3728 9749 6605 7325 5328 3838 2261 8736 7156 2587 6090
28 586 4960 8983 598 4248 8108 6361 2832 7111 991 4153 9368 5367 7237 9050 6565 4240 7292 7479 2543 1663 6067 9205 2328 7107 9828 2532 3403
28 8786 8085 9956 2876 9773 5525 8250 8840 2274 8047 54 76 3819 3096 2015 8796 6726 9626 8054 4491 2421 3924 632 1375 7788 8637 697 6588
28 9058 6610 4543 2051 5251 4156 4730 5510 3158 5238 9482 334 5963 1244 1452 3512 5242 1780 8313 4982 1200 7754 293 3547 6503 8062 9349 4881
28 6340 3076 8083 8566 589 208 5022 6643 6268 437 3835 7036 5828 8864 4317 7438 9283 5554 7350 591 3593 3861 5776 692 3493 8596 3633 7805
28 8383 2550 8678 5258 60 8281 2738 9546 9798 3340 1317 1215 6174 2817 1416 5040 4549 536 5750 5078 2827 6122 3426 859 7413 1615 6498 4131
28 2090 5557 8017 9933 3907 5726 4323 5168 9084 7580 7462 2014 1747 7549 3180 2631 7206 324 657 6035 1696 6290 9903 4381 2514 4947 8514 5738
28 9111 5595 9037 8625 4050 5912 4282 1932 1871 1089 2654 8976 6882 6665 7588 7888 407 9567 9511 6529 7665 8427 983 9710 1881 5845 556 5453
28 3179 625 2003 2966 8992 2775 8746 3513 6300 5068 2230 9332 3730 6063 6607 2549 1052 1480 829 4007 4920 9379 9082 8241 2203 2349 3540 1993
28 2086 9136 6459 3763 1681 375 1898 4724 5053 3777 5327 3553 3360 9464 6696 8051 3325 7023 342 8705 6259 8428 7734 374 6901 8416 8941 2254
28 7633 6879 4170 5908 1659 9241 150 8377 9619 1679 1557 4443 2092 1188 7013 9424 4328 716 1450 4029 9146 5319 3084 2862 638 1672 7654 8715
28 9890 1434 8261 273 2145 795 7675 6979 5159 7062 4019 4497 9280 4402 8422 112 6353 6759 4987 6131 8735 312 4999 7411 3274 1509 4339 1738
28 9211 7639 3762 1816 6280 5883 930 3348 1821 5059 8466 9593 5417 9 568 2245 9564 5205 6967 1394 579 5141 2491 3588 4927 3041 6173 960
28 2652 6319 3128 1067 6794 4655 1996 7513 739 8904 3743 1405 8345 3464 6841 7564 5154 6326 7070 6372 4409 5414 1718 4042 8077 5372 2016 3595
28 9538 846 1842 1024 6407 8257 2298 1414 4545 9149 8593 5497 2811 5427 1719 6539 6861 1291 801 9206 6196 9275 2340 7524 4532 7852 7861 8392
28 3187 7047 3972 7421 9751 6826 7679 2247 3711 9317 9883 9664 5292 5848 7924 4851 5958 759 3569 5034 1180 7940 5221 8542 77 6008 870 9873
28 5889 4807 4751 4476 4311 6657 4252 883 1897 7942 9153 3416 2370 2970 7346 5775 5758 8056 6505 4439 1628 242 821 1580 1015 9383 7537 4916
28 6599 2822 7969 2914 6790 7441 1794 5683 8423 4990 1889 4515 3147 5972 6544 2225 5081 1502 5194 1569 6608 2210 2667 7139 127 8582 4897 6202
28 2636 2330 5537 6382 6731 1412 147 5802 1777 5413 140 3273 8691 382 6426 9297 887 8333 3012 5778 3980 3469 9948 149 940 6305 5551 900
28 3922 1141 6699 8356 9258 8937 6580 4880 9889 3683 5547 4720 600 7884 8489 5827 955 1246 6285 4528 3140 5866 9335 5981 3226 4518 120 2634
28 7574 2836 1670 3844 1588 2622 7061 7163 4263 1326 3548 6693 406 1642 9091 9830 3960 5631 5498 3296 3206 433 8955 1378 9542 9866 3876 6969
28 8044 1752 3324 1863 3557 5860 3341 6167 597 3506 5352 1228 3893 6502 9876 9209 1632 1623 6023 1984 1922 8951 6273 5294 6762 9293 4540 8636
28 1492 4238 3681 8130 8204 7177 8375 4931 2909 3532 4223 6187 5998 3798 9256 6706 7231 2806 1845 508 3676 9364 8789 1227 4811 7106 8768 7272
28 5959 4803 4773 1250 2201 9484 7751 173 4465 7097 8258 1589 7059 3974 9763 7737 2568 8537 5858 7391 8163 5932 6241 7601 3083 3985 9723 6942
28 8595 9826 1325 6925 6983 4639 8727 2470 9533 7950 4456 9983 5018 1530 3896 4177 3535 6466 2174 7495 8856 1633 2063 2454 3522 8272 1484 119
28 6096 4754 8885 82 4 3411 2644 7349 7468 3565 5578 5913 8094 7696 3886 4164 6877 478 4086 5616 5871 7204 5234 732 3406 1211 8548 5562
28 2849 6791 1014 8026 4249 4673 8176 1689 4110 5647 3313 7620 2724 5840 2077 6078 8370 7133 4187 8795 1065 6825 8323 8672 7858 4437 3468 6217
28 3877 5886 417 2570 8445 8865 4478 7538 1998 3794 521 55 6176 5219 8901 2114 9276 905 348 3969 723 8252 4450 714 7517 2467 6240 8683
28 8724 191 4808 2555 3898 8711 7356 4025 7660 4435 4178 9871 2076 5118 8148 3344 4738 6628 8098 1703 890 7600 9819 573 8165 7371 7470 5561
28 9168 7708 9791 4480 9702 4183 6485 9338 8988 1121 8231 1444 1972 9458 3944 1887 8420 5150 2344 7565 5563 1432 1978 1995 5950 1255 3872 2668
28 3709 2191 9052 4996 4126 1969 4953 3619 9327 4577 8294 6552 9250 6375 4676 2466 2714 3253 6469 1992 5762 7224 9789 806 4798 1404 8009 5273
28 4141 5903 5528 5134 9190 5724 6622 8680 5296 2415 1668 6976 5169 7290 8762 6072 6146 6789 8459 3550 8275 4755 1997 1449 485 2371 950 9941
28 102 2765 7323 404 1700 3851 8798 5875 4588 1207 3402 9090 7247 522 7077 2798 1606 5061 7040 5676 4233 9652 366 7618 9476 4592 6157 7903
28 6808 8183 6785 6003 4560 4495 8285 792 9848 7670 4542 7466 1303 1308 693 2658 3927 325 9998 2486 4427 2240 3141 942 240 5970 3474 6207
28 2830 6227 3551 2304 6756 9831 164 5596 1423 3176 322 5291 3923 8630 6846 8667 4406 3007 8869 8312 9319 6101 9680 105 8032 205 8670 4915
28 2098 4768 2864 2252 3582 6341 1542 3215 619 1692 5428 546 5332 1135 9411 2206 5447 7365 7975 4451 6158 9061 1869 6911 1181 8660 7747 9192
28 5552 8740 3302 3518 7637 3744 7598 320 1007 4997 9634 4689 6684 3771 4090 3920 8702 3820 8 9783 3964 9849 4108 1981 1105 8011 2661 2719
28 7678 7539 7496 7026 8234 9504 2301 2680 392 4665 3315 1915 8956 639 9002 830 5295 8171 9237 776 7821 9496 1518 8779 9788 3979 7422 9799
28 5634 8346 6770 3150 5229 1855 1592 4575 4095 1354 1189 4612 7983 337 2032 1142 2333 3666 1231 1356 5891 5250 9945 5819 7770 4380 5928 8696
28 6190 6638 7986 9130 1465 6123 6299 2774 204 4031 9917 6213 5993 2759 4371 2315 9046 9922 8684 6383 4626 3586 2282 1393 8018 5507 8037 1445
28 4349 7704 1339 6869 4286 1131 6112 760 7614 9376 9979 798 4547 8436 1146 1598 7676 8444 5047 1334 4770 7182 7354 7595 9962 1263 24 7887
28 8372 7343 665 1499 5472 1080 473 9531 1302 3234 686 1483 6298 7104 99 4838 1858 2128 6083 1101 8580 2856 695 9572 7951 1313 6496 3436
28 9141 8835 3598 3099 1822 1784 5348 550 9240 4264 9281 5689 3926 6129 5135 5947 9419 6792 1757 6549 7786 4709 2953 9633 4688 2776 6542 9932
28 1788 8406 16 9804 627 9462 6966 6218 7078 363 2590 4266 9228 5443 1137 9598 4525 7510 7333 725 3270 8508 4036 9181 7789 8501 3305 5987
28 2152 4060 9868 2253 3139 9629 8178 2797 2061 7812 8253 6813 6406 4617 8814 6617 7155 8757 5931 5625 9605 5217 7967 3947 8928 5734 6537 7187
28 8896 5325 736 6889 2036 7436 8235 2303 323 8147 38 3146 5847 6156 4829 2108 744 2402 5636 7366 1722 2336 3154 1576 5459 8959 1345 3818
28 1817 4107 850 2042 9128 7992 9851 1167 4004 9548 3670 7873 7919 5833 1517 2888 840 4191 1652 3342 9114 4569 7897 9291 9025 1288 4866 7368
28 7794 2795 7020 4784 7084 9489 4487 8873 7142 5509 1011 6252 3127 5220 4448 2287 6953 5741 1624 6855 8361 1500 197 7713 31 2969 2936 5410
28 3387 2182 3181 8829 163 2024 8500 590 9986 7473 1020 636 6137 713 1876 7803 5628 2910 7963 3999 3691 876 2545 6533 4580 1428 9452 7364
28 4078 687 7031 4660 6718 1740 5058 5512 2601 6171 8623 872 428 9158 4113 5755 1828 3046 6695 7420 5558 7933 4426 1786 4984 7246 2249 9510
28 6245 2381 8400 7543 9454 4227 4356 7592 4017 2892 1986 8616 4511 4546 153 2278 8837 7093 5179 8664 5785 364 2065 1538 491 7697 7593 6906
28 7937 8468 7120 667 62 9165 8933 4221 987 7706 8760 3055 7701 8536 1122 4033 2432 6827 4023 6081 7255 8806 8451 8522 1958 6012 3422 1099
28 660 6488 2000 2916 1795 7952 3722 1342 51 4856 3603 2314 5281 1721 6904 7310 3004 7834 7848 9843 3966 2437 2619 737 4615 1119 4771 4963
28 7883 3765 6687 1964 462 1770 1245 8463 8917 6630 6412 6085 5200 6337 6338 6048 3088 6249 8379 8570 1463 7055 4741 818 5918 3421 4135 4659
28 7006 8568 1040 3682 540 2058 4514 7910 4799 6037 7407 84 2852 7509 5643 3605 3068 9929 4842 1945 2515 8729 9766 441 47 2585 9882 8387
28 9861 7606 8950 8120 8439 7086 6616 8914 7671 3392 2178 2699 9501 1294 234 803 7758 6443 912 3230 1331 7657 8902 8061 1762 6974 4461 9138
28 6229 7337 3856 1442 6348 8913 4722 1433 8206 718 1709 911 2066 6044 559 8982 5590 8900 1743 6805 9341 2377 4155 889 9030 6266 561 7854
28 7080 276 9732 4068 4716 7295 9310 4630 8646 1797 5404 648 1097 6100 9024 9409 2256 2650 2660 279 6346 9449 7360 2926 3906 3664 7806 4635
28 934 3911 6062 2469 9150 6027 184 9339 4396 203 6185 6460 4583 3622 7623 278 2309 2307 355 9086 4649 298 7376 3098 2828 341 5789 6142
28 4759 6543 8207 2860 1737 2664 4621 2745 373 5601 391 5811 7308 6457 9666 6850 8158 481 967 6118 8863 6455 1061 7998 5849 2067 4512 2497
28 8725 5511 1062 170 6283 7607 5138 4313 4432 9949 878 8337 1870 5015 1249 669 3408 8674 6528 2605 4333 4449 7666 2302 9579 3653 9161 6055
28 3119 1746 5128 3316 6767 4628 7227 8687 7748 5474 2887 8350 6701 585 5067 6851 7236 1823 2997 4220 8357 4907 7687 7228 6506 4735 9527 7066
28 4260 7096 9685 5675 684 2637 5670 4348 2243 4055 6233 115 6954 1726 5095 3211 4207 9530 7283 5288 7211 2160 3688 8219 2703 3138 212 5921
28 9443 271 7929 3764 5713 216 5424 5301 4521 9110 1516 1402 1695 4602 1616 1117 444 7932 463 807 3736 1529 2177 509 2441 6667 9018 2406
28 9589 8166 416 4697 9592 5783 2375 5303 261 7374 6999 7846 1952 3894 7844 7556 2663 5980 5655 1970 3282 3994 898 8045 9927 1967 8774 9212
28 4494 5136 6234 256 7707 3049 9975 2687 5045 110 39 1742 8512 1490 7692 2060 505 1702 3714 646 5088 9623 6583 9143 4367 2911 9770 7134
28 6720 3937 2649 9632 5668 5052 4231 5700 9442 5879 8214 858 2877 2632 5727 9196 5187 6526 8480 3789 9171 8342 5575 3352 2567 9767 5836 4977
28 9820 3210 3643 6410 1051 5619 4975 9762 2536 1694 8755 5420 933 920 8362 4522 5357 4654 4886 9614 3690 1497 8520 3239 6068 5897 5930 7194
28 9248 4951 2205 487 3122 6554 9777 1603 1310 3850 59 8144 1128 5379 8732 2364 7829 9525 5164 6831 8209 4468 6636 4020 8891 5712 3366 6614
28 6975 9166 6294 3177 8193 5416 7927 1368 8398 9526 9689 5175 8007 9931 4855 1927 4836 8997 7103 7145 2438 7311 8606 652 3451 2273 9724 7315
28 9447 9662 5206 7230 8273 4703 8442 3647 670 1680 452 8448 6915 5994 1771 3400 3895 4865 1901 3617 7497 1501 2360 1800 2275 3957 9296 3708
28 1466 5149 9695 288 6073 5499 5079 7693 6547 6872 4201 2943 865 6892 3514 1453 7622 3602 1026 2628 7170 4013 8777 809 7090 8776 9969 4585
28 3860 3878 5185 8074 4629 5945 8518 1242 6711 8723 4334 4064 5249 9185 7586 6106 6725 72 9920 1006 562 2117 6917 5686 2385 368 6269 6148
28 2803 2890 4279 8464 7161 1217 3439 2175 5406 2068 7727 258 7459 1914 3978 2251 5806 9239 179 4234 5992 1183 3478 2884 9353 4695 4254 977
28 681 8919 3027 2399 5086 2840 1222 6919 794 3191 9529 7213 6581 2977 7258 5594 4509 2447 7732 9028 2831 3699 1279 2383 4517 4600 6189 3006
28 9740 1712 7638 9836 9612 9874 1300 8182 358 1219 3212 4147 781 231 270 8295 1050 8491 8692 1355 296 1982 9433 5548 6052 9505 2338 3530
28 5482 656 1066 4710 5181 7087 5759 3192 800 2373 1723 331 9466 1458 1885 7626 9734 8587 3718 3475 8382 8706 6560 3859 860 448 2059 5717
28 602 8472 2640 5308 8936 1283 5863 7369 2318 1269 7847 6993 9651 4081 6321 7700 7628 226 9597 5979 3397 4721 6209 399 9398 166 3024 98
